Clock: clk
Sources: clk 
Generated: no
Virtual: yes
Propagated: no
Period: 25.000000

===========================================================================
report_clock_properties
============================================================================
Clock                   Period          Waveform
----------------------------------------------------
clk                  25.000000    0.000000 12.500000

===========================================================================
report_clock_latency
============================================================================
Clock clk
rise -> rise
    min     max
0.000000 0.000000 source latency
0.329968         network latency _621_/CLK
        0.339605 network latency _625_/CLK
---------------
0.329968 0.339605 latency
        0.009637 skew

fall -> fall
    min     max
0.000000 0.000000 source latency
0.281379         network latency _621_/CLK
        0.288940 network latency _625_/CLK
---------------
0.281379 0.288940 latency
        0.007560 skew



===========================================================================
report_clock_min_period
============================================================================
clk period_min = 1.05 fmax = 953.18
