Reading timing models for corner nom_tt_025C_1v80…
Reading cell library for the 'nom_tt_025C_1v80' corner at '/home/githi/.volare/volare/sky130/versions/0fe599b2afb6708d281543108caf8310912f54af/sky130A/libs.ref/sky130_fd_sc_hd/lib/sky130_fd_sc_hd__tt_025C_1v80.lib'…
Reading top-level netlist at '/home/githi/openlane2/my_designs/Control_unit/runs/RUN_2025-11-16_16-53-36/51-openroad-fillinsertion/Control_unit.nl.v'…
Linking design 'Control_unit' from netlist…
Warning: /home/githi/openlane2/my_designs/Control_unit/runs/RUN_2025-11-16_16-53-36/51-openroad-fillinsertion/Control_unit.nl.v line 158, module sky130_fd_sc_hd__tapvpwrvgnd_1 not found. Creating black box for TAP_TAPCELL_ROW_0_16.
Warning: /home/githi/openlane2/my_designs/Control_unit/runs/RUN_2025-11-16_16-53-36/51-openroad-fillinsertion/Control_unit.nl.v line 210, module sky130_fd_sc_hd__fill_1 not found. Creating black box for FILLER_0_13.
Warning: /home/githi/openlane2/my_designs/Control_unit/runs/RUN_2025-11-16_16-53-36/51-openroad-fillinsertion/Control_unit.nl.v line 212, module sky130_fd_sc_hd__fill_2 not found. Creating black box for FILLER_0_35.
Warning: /home/githi/openlane2/my_designs/Control_unit/runs/RUN_2025-11-16_16-53-36/51-openroad-fillinsertion/Control_unit.nl.v line 216, module sky130_ef_sc_hd__decap_12 not found. Creating black box for FILLER_2_7.
Reading design constraints file at '/nix/store/hp4xwjqw4rax5g0gz3fivr2n1hy2sig4-python3-3.11.9-env/lib/python3.11/site-packages/openlane/scripts/base.sdc'…
Warning: base.sdc line 15, port 'clk' not found.
[INFO] Using clock clk…
[INFO] Setting output delay to: 5
[INFO] Setting input delay to: 5
Warning: base.sdc line 32, port 'clk' not found.
[INFO] Setting load to: 0.033442
[INFO] Setting clock uncertainty to: 0.25
[INFO] Setting clock transition to: 0.1499999999999999944488848768742172978818416595458984375
Warning: base.sdc line 69, transition time can not be specified for virtual clocks.
[INFO] Setting timing derate to: 5%
Warning: base.sdc line 79, virtual clock clk can not be propagated.
Reading top-level design parasitics for the 'nom_tt_025C_1v80' corner at '/home/githi/openlane2/my_designs/Control_unit/runs/RUN_2025-11-16_16-53-36/53-openroad-rcx/nom/Control_unit.nom.spef'…
%OL_CREATE_REPORT min.rpt

===========================================================================
report_checks -path_delay min (Hold)
============================================================================
======================= nom_tt_025C_1v80 Corner ===================================

Startpoint: opcode[0] (input port clocked by clk)
Endpoint: RegWrite (output port clocked by clk)
Path Group: clk
Path Type: min

Fanout         Cap        Slew       Delay        Time   Description
---------------------------------------------------------------------------------------------
                      0.000000    0.000000    0.000000   clock clk (rise edge)
                                  0.000000    0.000000   clock network delay (ideal)
                                  5.000000    5.000000 ^ input external delay
     1    0.002765    0.019583    0.010198    5.010198 ^ opcode[0] (in)
                                                         opcode[0] (net)
                      0.019583    0.000000    5.010198 ^ input5/A (sky130_fd_sc_hd__buf_1)
     3    0.011080    0.136901    0.137337    5.147534 ^ input5/X (sky130_fd_sc_hd__buf_1)
                                                         net5 (net)
                      0.136902    0.000311    5.147845 ^ _17_/A2 (sky130_fd_sc_hd__o21ai_1)
     1    0.001988    0.035540    0.067091    5.214936 v _17_/Y (sky130_fd_sc_hd__o21ai_1)
                                                         net18 (net)
                      0.035540    0.000056    5.214992 v output18/A (sky130_fd_sc_hd__buf_2)
     1    0.034449    0.089961    0.176386    5.391377 v output18/X (sky130_fd_sc_hd__buf_2)
                                                         RegWrite (net)
                      0.089964    0.000631    5.392008 v RegWrite (out)
                                              5.392008   data arrival time

                      0.000000    0.000000    0.000000   clock clk (rise edge)
                                  0.000000    0.000000   clock network delay (ideal)
                                  0.250000    0.250000   clock uncertainty
                                  0.000000    0.250000   clock reconvergence pessimism
                                 -5.000000   -4.750000   output external delay
                                             -4.750000   data required time
---------------------------------------------------------------------------------------------
                                             -4.750000   data required time
                                             -5.392008   data arrival time
---------------------------------------------------------------------------------------------
                                             10.142009   slack (MET)


Startpoint: func[3] (input port clocked by clk)
Endpoint: ALUControl[3] (output port clocked by clk)
Path Group: clk
Path Type: min

Fanout         Cap        Slew       Delay        Time   Description
---------------------------------------------------------------------------------------------
                      0.000000    0.000000    0.000000   clock clk (rise edge)
                                  0.000000    0.000000   clock network delay (ideal)
                                  5.000000    5.000000 v input external delay
     1    0.003641    0.010584    0.005858    5.005858 v func[3] (in)
                                                         func[3] (net)
                      0.010584    0.000000    5.005858 v input4/A (sky130_fd_sc_hd__clkbuf_1)
     3    0.006984    0.048638    0.092431    5.098289 v input4/X (sky130_fd_sc_hd__clkbuf_1)
                                                         net4 (net)
                      0.048638    0.000191    5.098480 v _27_/A (sky130_fd_sc_hd__and2_1)
     1    0.002063    0.030372    0.128987    5.227467 v _27_/X (sky130_fd_sc_hd__and2_1)
                                                         net12 (net)
                      0.030372    0.000057    5.227524 v output12/A (sky130_fd_sc_hd__buf_2)
     1    0.034191    0.089472    0.173622    5.401146 v output12/X (sky130_fd_sc_hd__buf_2)
                                                         ALUControl[3] (net)
                      0.089477    0.000695    5.401842 v ALUControl[3] (out)
                                              5.401842   data arrival time

                      0.000000    0.000000    0.000000   clock clk (rise edge)
                                  0.000000    0.000000   clock network delay (ideal)
                                  0.250000    0.250000   clock uncertainty
                                  0.000000    0.250000   clock reconvergence pessimism
                                 -5.000000   -4.750000   output external delay
                                             -4.750000   data required time
---------------------------------------------------------------------------------------------
                                             -4.750000   data required time
                                             -5.401842   data arrival time
---------------------------------------------------------------------------------------------
                                             10.151842   slack (MET)


Startpoint: func[2] (input port clocked by clk)
Endpoint: ALUControl[2] (output port clocked by clk)
Path Group: clk
Path Type: min

Fanout         Cap        Slew       Delay        Time   Description
---------------------------------------------------------------------------------------------
                      0.000000    0.000000    0.000000   clock clk (rise edge)
                                  0.000000    0.000000   clock network delay (ideal)
                                  5.000000    5.000000 ^ input external delay
     1    0.002674    0.019192    0.009873    5.009873 ^ func[2] (in)
                                                         func[2] (net)
                      0.019192    0.000000    5.009873 ^ input3/A (sky130_fd_sc_hd__buf_1)
     3    0.009431    0.118190    0.124285    5.134158 ^ input3/X (sky130_fd_sc_hd__buf_1)
                                                         net3 (net)
                      0.118191    0.000192    5.134350 ^ _26_/B2 (sky130_fd_sc_hd__a32o_1)
     1    0.002239    0.044404    0.130483    5.264833 ^ _26_/X (sky130_fd_sc_hd__a32o_1)
                                                         net11 (net)
                      0.044404    0.000063    5.264896 ^ output11/A (sky130_fd_sc_hd__buf_2)
     1    0.034569    0.171577    0.198640    5.463536 ^ output11/X (sky130_fd_sc_hd__buf_2)
                                                         ALUControl[2] (net)
                      0.171630    0.000804    5.464340 ^ ALUControl[2] (out)
                                              5.464340   data arrival time

                      0.000000    0.000000    0.000000   clock clk (rise edge)
                                  0.000000    0.000000   clock network delay (ideal)
                                  0.250000    0.250000   clock uncertainty
                                  0.000000    0.250000   clock reconvergence pessimism
                                 -5.000000   -4.750000   output external delay
                                             -4.750000   data required time
---------------------------------------------------------------------------------------------
                                             -4.750000   data required time
                                             -5.464340   data arrival time
---------------------------------------------------------------------------------------------
                                             10.214340   slack (MET)


Startpoint: opcode[1] (input port clocked by clk)
Endpoint: MemWrite (output port clocked by clk)
Path Group: clk
Path Type: min

Fanout         Cap        Slew       Delay        Time   Description
---------------------------------------------------------------------------------------------
                      0.000000    0.000000    0.000000   clock clk (rise edge)
                                  0.000000    0.000000   clock network delay (ideal)
                                  5.000000    5.000000 v input external delay
     1    0.002958    0.008990    0.004706    5.004706 v opcode[1] (in)
                                                         opcode[1] (net)
                      0.008990    0.000000    5.004706 v input6/A (sky130_fd_sc_hd__buf_1)
     5    0.014043    0.086891    0.121984    5.126690 v input6/X (sky130_fd_sc_hd__buf_1)
                                                         net6 (net)
                      0.086891    0.000307    5.126997 v _14_/C (sky130_fd_sc_hd__and3b_1)
     1    0.002283    0.030991    0.187452    5.314449 v _14_/X (sky130_fd_sc_hd__and3b_1)
                                                         net16 (net)
                      0.030991    0.000065    5.314514 v output16/A (sky130_fd_sc_hd__buf_2)
     1    0.034536    0.090240    0.174475    5.488989 v output16/X (sky130_fd_sc_hd__buf_2)
                                                         MemWrite (net)
                      0.090246    0.000771    5.489760 v MemWrite (out)
                                              5.489760   data arrival time

                      0.000000    0.000000    0.000000   clock clk (rise edge)
                                  0.000000    0.000000   clock network delay (ideal)
                                  0.250000    0.250000   clock uncertainty
                                  0.000000    0.250000   clock reconvergence pessimism
                                 -5.000000   -4.750000   output external delay
                                             -4.750000   data required time
---------------------------------------------------------------------------------------------
                                             -4.750000   data required time
                                             -5.489760   data arrival time
---------------------------------------------------------------------------------------------
                                             10.239760   slack (MET)


Startpoint: func[1] (input port clocked by clk)
Endpoint: ALUControl[1] (output port clocked by clk)
Path Group: clk
Path Type: min

Fanout         Cap        Slew       Delay        Time   Description
---------------------------------------------------------------------------------------------
                      0.000000    0.000000    0.000000   clock clk (rise edge)
                                  0.000000    0.000000   clock network delay (ideal)
                                  5.000000    5.000000 v input external delay
     1    0.004129    0.011698    0.006695    5.006695 v func[1] (in)
                                                         func[1] (net)
                      0.011699    0.000000    5.006695 v input2/A (sky130_fd_sc_hd__buf_1)
     4    0.011412    0.072276    0.111950    5.118645 v input2/X (sky130_fd_sc_hd__buf_1)
                                                         net2 (net)
                      0.072277    0.000335    5.118979 v _25_/A1 (sky130_fd_sc_hd__a22o_1)
     1    0.002108    0.034971    0.206356    5.325336 v _25_/X (sky130_fd_sc_hd__a22o_1)
                                                         net10 (net)
                      0.034971    0.000060    5.325396 v output10/A (sky130_fd_sc_hd__buf_2)
     1    0.034113    0.089247    0.175506    5.500901 v output10/X (sky130_fd_sc_hd__buf_2)
                                                         ALUControl[1] (net)
                      0.089251    0.000636    5.501538 v ALUControl[1] (out)
                                              5.501538   data arrival time

                      0.000000    0.000000    0.000000   clock clk (rise edge)
                                  0.000000    0.000000   clock network delay (ideal)
                                  0.250000    0.250000   clock uncertainty
                                  0.000000    0.250000   clock reconvergence pessimism
                                 -5.000000   -4.750000   output external delay
                                             -4.750000   data required time
---------------------------------------------------------------------------------------------
                                             -4.750000   data required time
                                             -5.501538   data arrival time
---------------------------------------------------------------------------------------------
                                             10.251537   slack (MET)


Startpoint: opcode[1] (input port clocked by clk)
Endpoint: ResultSrc (output port clocked by clk)
Path Group: clk
Path Type: min

Fanout         Cap        Slew       Delay        Time   Description
---------------------------------------------------------------------------------------------
                      0.000000    0.000000    0.000000   clock clk (rise edge)
                                  0.000000    0.000000   clock network delay (ideal)
                                  5.000000    5.000000 v input external delay
     1    0.002958    0.008990    0.004706    5.004706 v opcode[1] (in)
                                                         opcode[1] (net)
                      0.008990    0.000000    5.004706 v input6/A (sky130_fd_sc_hd__buf_1)
     5    0.014043    0.086891    0.121984    5.126690 v input6/X (sky130_fd_sc_hd__buf_1)
                                                         net6 (net)
                      0.086891    0.000325    5.127015 v _11_/A (sky130_fd_sc_hd__inv_2)
     4    0.011280    0.061482    0.085703    5.212718 ^ _11_/Y (sky130_fd_sc_hd__inv_2)
                                                         _00_ (net)
                      0.061482    0.000154    5.212872 ^ _12_/B (sky130_fd_sc_hd__or2_1)
     2    0.005351    0.061299    0.110391    5.323263 ^ _12_/X (sky130_fd_sc_hd__or2_1)
                                                         _01_ (net)
                      0.061299    0.000133    5.323396 ^ _13_/B (sky130_fd_sc_hd__nor2_1)
     1    0.002172    0.021995    0.037618    5.361013 v _13_/Y (sky130_fd_sc_hd__nor2_1)
                                                         net19 (net)
                      0.021995    0.000044    5.361057 v output19/A (sky130_fd_sc_hd__buf_2)
     1    0.034139    0.089398    0.169952    5.531009 v output19/X (sky130_fd_sc_hd__buf_2)
                                                         ResultSrc (net)
                      0.089402    0.000686    5.531695 v ResultSrc (out)
                                              5.531695   data arrival time

                      0.000000    0.000000    0.000000   clock clk (rise edge)
                                  0.000000    0.000000   clock network delay (ideal)
                                  0.250000    0.250000   clock uncertainty
                                  0.000000    0.250000   clock reconvergence pessimism
                                 -5.000000   -4.750000   output external delay
                                             -4.750000   data required time
---------------------------------------------------------------------------------------------
                                             -4.750000   data required time
                                             -5.531695   data arrival time
---------------------------------------------------------------------------------------------
                                             10.281695   slack (MET)


Startpoint: opcode[1] (input port clocked by clk)
Endpoint: ALUSrc (output port clocked by clk)
Path Group: clk
Path Type: min

Fanout         Cap        Slew       Delay        Time   Description
---------------------------------------------------------------------------------------------
                      0.000000    0.000000    0.000000   clock clk (rise edge)
                                  0.000000    0.000000   clock network delay (ideal)
                                  5.000000    5.000000 v input external delay
     1    0.002958    0.008990    0.004706    5.004706 v opcode[1] (in)
                                                         opcode[1] (net)
                      0.008990    0.000000    5.004706 v input6/A (sky130_fd_sc_hd__buf_1)
     5    0.014043    0.086891    0.121984    5.126690 v input6/X (sky130_fd_sc_hd__buf_1)
                                                         net6 (net)
                      0.086891    0.000325    5.127015 v _11_/A (sky130_fd_sc_hd__inv_2)
     4    0.011280    0.061482    0.085703    5.212718 ^ _11_/Y (sky130_fd_sc_hd__inv_2)
                                                         _00_ (net)
                      0.061482    0.000154    5.212872 ^ _12_/B (sky130_fd_sc_hd__or2_1)
     2    0.005351    0.061299    0.110391    5.323263 ^ _12_/X (sky130_fd_sc_hd__or2_1)
                                                         _01_ (net)
                      0.061299    0.000129    5.323391 ^ _16_/A (sky130_fd_sc_hd__nand2_1)
     1    0.002653    0.032149    0.047876    5.371268 v _16_/Y (sky130_fd_sc_hd__nand2_1)
                                                         net13 (net)
                      0.032149    0.000079    5.371346 v output13/A (sky130_fd_sc_hd__buf_2)
     1    0.034262    0.089625    0.174496    5.545842 v output13/X (sky130_fd_sc_hd__buf_2)
                                                         ALUSrc (net)
                      0.089630    0.000727    5.546569 v ALUSrc (out)
                                              5.546569   data arrival time

                      0.000000    0.000000    0.000000   clock clk (rise edge)
                                  0.000000    0.000000   clock network delay (ideal)
                                  0.250000    0.250000   clock uncertainty
                                  0.000000    0.250000   clock reconvergence pessimism
                                 -5.000000   -4.750000   output external delay
                                             -4.750000   data required time
---------------------------------------------------------------------------------------------
                                             -4.750000   data required time
                                             -5.546569   data arrival time
---------------------------------------------------------------------------------------------
                                             10.296569   slack (MET)


Startpoint: func[0] (input port clocked by clk)
Endpoint: ALUControl[0] (output port clocked by clk)
Path Group: clk
Path Type: min

Fanout         Cap        Slew       Delay        Time   Description
---------------------------------------------------------------------------------------------
                      0.000000    0.000000    0.000000   clock clk (rise edge)
                                  0.000000    0.000000   clock network delay (ideal)
                                  5.000000    5.000000 ^ input external delay
     1    0.003026    0.020707    0.011115    5.011115 ^ func[0] (in)
                                                         func[0] (net)
                      0.020707    0.000000    5.011115 ^ input1/A (sky130_fd_sc_hd__buf_1)
     5    0.016161    0.194618    0.177625    5.188739 ^ input1/X (sky130_fd_sc_hd__buf_1)
                                                         net1 (net)
                      0.194619    0.000326    5.189066 ^ _22_/B2 (sky130_fd_sc_hd__a221o_1)
     1    0.002361    0.038054    0.163515    5.352581 ^ _22_/X (sky130_fd_sc_hd__a221o_1)
                                                         net9 (net)
                      0.038054    0.000067    5.352648 ^ output9/A (sky130_fd_sc_hd__buf_2)
     1    0.034416    0.170867    0.195756    5.548404 ^ output9/X (sky130_fd_sc_hd__buf_2)
                                                         ALUControl[0] (net)
                      0.170918    0.000721    5.549125 ^ ALUControl[0] (out)
                                              5.549125   data arrival time

                      0.000000    0.000000    0.000000   clock clk (rise edge)
                                  0.000000    0.000000   clock network delay (ideal)
                                  0.250000    0.250000   clock uncertainty
                                  0.000000    0.250000   clock reconvergence pessimism
                                 -5.000000   -4.750000   output external delay
                                             -4.750000   data required time
---------------------------------------------------------------------------------------------
                                             -4.750000   data required time
                                             -5.549125   data arrival time
---------------------------------------------------------------------------------------------
                                             10.299126   slack (MET)


Startpoint: opcode[1] (input port clocked by clk)
Endpoint: ImmSrc[1] (output port clocked by clk)
Path Group: clk
Path Type: min

Fanout         Cap        Slew       Delay        Time   Description
---------------------------------------------------------------------------------------------
                      0.000000    0.000000    0.000000   clock clk (rise edge)
                                  0.000000    0.000000   clock network delay (ideal)
                                  5.000000    5.000000 ^ input external delay
     1    0.003134    0.021175    0.011493    5.011493 ^ opcode[1] (in)
                                                         opcode[1] (net)
                      0.021175    0.000000    5.011493 ^ input6/A (sky130_fd_sc_hd__buf_1)
     5    0.015081    0.182353    0.169264    5.180757 ^ input6/X (sky130_fd_sc_hd__buf_1)
                                                         net6 (net)
                      0.182354    0.000307    5.181064 ^ _28_/A_N (sky130_fd_sc_hd__and3b_1)
     2    0.004362    0.040118    0.206660    5.387724 v _28_/X (sky130_fd_sc_hd__and3b_1)
                                                         net15 (net)
                      0.040118    0.000060    5.387784 v output15/A (sky130_fd_sc_hd__buf_2)
     1    0.034168    0.089357    0.177770    5.565554 v output15/X (sky130_fd_sc_hd__buf_2)
                                                         ImmSrc[1] (net)
                      0.089362    0.000706    5.566260 v ImmSrc[1] (out)
                                              5.566260   data arrival time

                      0.000000    0.000000    0.000000   clock clk (rise edge)
                                  0.000000    0.000000   clock network delay (ideal)
                                  0.250000    0.250000   clock uncertainty
                                  0.000000    0.250000   clock reconvergence pessimism
                                 -5.000000   -4.750000   output external delay
                                             -4.750000   data required time
---------------------------------------------------------------------------------------------
                                             -4.750000   data required time
                                             -5.566260   data arrival time
---------------------------------------------------------------------------------------------
                                             10.316260   slack (MET)


Startpoint: opcode[1] (input port clocked by clk)
Endpoint: ImmSrc[0] (output port clocked by clk)
Path Group: clk
Path Type: min

Fanout         Cap        Slew       Delay        Time   Description
---------------------------------------------------------------------------------------------
                      0.000000    0.000000    0.000000   clock clk (rise edge)
                                  0.000000    0.000000   clock network delay (ideal)
                                  5.000000    5.000000 v input external delay
     1    0.002958    0.008990    0.004706    5.004706 v opcode[1] (in)
                                                         opcode[1] (net)
                      0.008990    0.000000    5.004706 v input6/A (sky130_fd_sc_hd__buf_1)
     5    0.014043    0.086891    0.121984    5.126690 v input6/X (sky130_fd_sc_hd__buf_1)
                                                         net6 (net)
                      0.086891    0.000325    5.127015 v _11_/A (sky130_fd_sc_hd__inv_2)
     4    0.011280    0.061482    0.085703    5.212718 ^ _11_/Y (sky130_fd_sc_hd__inv_2)
                                                         _00_ (net)
                      0.061483    0.000260    5.212978 ^ _20_/B (sky130_fd_sc_hd__and3b_1)
     2    0.006340    0.079991    0.174883    5.387861 ^ _20_/X (sky130_fd_sc_hd__and3b_1)
                                                         net14 (net)
                      0.079991    0.000145    5.388006 ^ output14/A (sky130_fd_sc_hd__buf_2)
     1    0.034079    0.169481    0.210319    5.598326 ^ output14/X (sky130_fd_sc_hd__buf_2)
                                                         ImmSrc[0] (net)
                      0.169481    0.000706    5.599031 ^ ImmSrc[0] (out)
                                              5.599031   data arrival time

                      0.000000    0.000000    0.000000   clock clk (rise edge)
                                  0.000000    0.000000   clock network delay (ideal)
                                  0.250000    0.250000   clock uncertainty
                                  0.000000    0.250000   clock reconvergence pessimism
                                 -5.000000   -4.750000   output external delay
                                             -4.750000   data required time
---------------------------------------------------------------------------------------------
                                             -4.750000   data required time
                                             -5.599031   data arrival time
---------------------------------------------------------------------------------------------
                                             10.349031   slack (MET)


Startpoint: func[3] (input port clocked by clk)
Endpoint: PCSrc (output port clocked by clk)
Path Group: clk
Path Type: min

Fanout         Cap        Slew       Delay        Time   Description
---------------------------------------------------------------------------------------------
                      0.000000    0.000000    0.000000   clock clk (rise edge)
                                  0.000000    0.000000   clock network delay (ideal)
                                  5.000000    5.000000 ^ input external delay
     1    0.003817    0.024145    0.013885    5.013885 ^ func[3] (in)
                                                         func[3] (net)
                      0.024153    0.000000    5.013885 ^ input4/A (sky130_fd_sc_hd__clkbuf_1)
     3    0.007388    0.095182    0.109849    5.123734 ^ input4/X (sky130_fd_sc_hd__clkbuf_1)
                                                         net4 (net)
                      0.095213    0.000185    5.123919 ^ _29_/C (sky130_fd_sc_hd__and4_1)
     1    0.002780    0.054362    0.187796    5.311714 ^ _29_/X (sky130_fd_sc_hd__and4_1)
                                                         _08_ (net)
                      0.054362    0.000079    5.311793 ^ _32_/A2 (sky130_fd_sc_hd__a21o_1)
     1    0.002736    0.034319    0.105252    5.417045 ^ _32_/X (sky130_fd_sc_hd__a21o_1)
                                                         net17 (net)
                      0.034319    0.000076    5.417121 ^ output17/A (sky130_fd_sc_hd__buf_2)
     1    0.034221    0.169973    0.193674    5.610795 ^ output17/X (sky130_fd_sc_hd__buf_2)
                                                         PCSrc (net)
                      0.170025    0.000728    5.611523 ^ PCSrc (out)
                                              5.611523   data arrival time

                      0.000000    0.000000    0.000000   clock clk (rise edge)
                                  0.000000    0.000000   clock network delay (ideal)
                                  0.250000    0.250000   clock uncertainty
                                  0.000000    0.250000   clock reconvergence pessimism
                                 -5.000000   -4.750000   output external delay
                                             -4.750000   data required time
---------------------------------------------------------------------------------------------
                                             -4.750000   data required time
                                             -5.611523   data arrival time
---------------------------------------------------------------------------------------------
                                             10.361523   slack (MET)



%OL_END_REPORT
%OL_CREATE_REPORT max.rpt

===========================================================================
report_checks -path_delay max (Setup)
============================================================================
======================= nom_tt_025C_1v80 Corner ===================================

Startpoint: opcode[0] (input port clocked by clk)
Endpoint: ALUControl[0] (output port clocked by clk)
Path Group: clk
Path Type: max

Fanout         Cap        Slew       Delay        Time   Description
---------------------------------------------------------------------------------------------
                      0.000000    0.000000    0.000000   clock clk (rise edge)
                                  0.000000    0.000000   clock network delay (ideal)
                                  5.000000    5.000000 ^ input external delay
     1    0.002765    0.019583    0.010198    5.010198 ^ opcode[0] (in)
                                                         opcode[0] (net)
                      0.019583    0.000000    5.010198 ^ input5/A (sky130_fd_sc_hd__buf_1)
     3    0.011080    0.136901    0.137337    5.147534 ^ input5/X (sky130_fd_sc_hd__buf_1)
                                                         net5 (net)
                      0.136901    0.000173    5.147707 ^ fanout23/A (sky130_fd_sc_hd__buf_1)
     6    0.015804    0.191368    0.207540    5.355247 ^ fanout23/X (sky130_fd_sc_hd__buf_1)
                                                         net23 (net)
                      0.191369    0.000404    5.355652 ^ _15_/B (sky130_fd_sc_hd__nand2b_1)
     3    0.008656    0.085602    0.120083    5.475735 v _15_/Y (sky130_fd_sc_hd__nand2b_1)
                                                         _02_ (net)
                      0.085602    0.000205    5.475939 v _18_/D (sky130_fd_sc_hd__nor4_1)
     2    0.006877    0.356807    0.287169    5.763108 ^ _18_/Y (sky130_fd_sc_hd__nor4_1)
                                                         _03_ (net)
                      0.356807    0.000157    5.763265 ^ max_cap20/A (sky130_fd_sc_hd__clkbuf_1)
     2    0.005635    0.077536    0.152359    5.915625 ^ max_cap20/X (sky130_fd_sc_hd__clkbuf_1)
                                                         net20 (net)
                      0.077536    0.000143    5.915767 ^ _22_/A1 (sky130_fd_sc_hd__a221o_1)
     1    0.002361    0.044096    0.136652    6.052419 ^ _22_/X (sky130_fd_sc_hd__a221o_1)
                                                         net9 (net)
                      0.044096    0.000067    6.052486 ^ output9/A (sky130_fd_sc_hd__buf_2)
     1    0.034416    0.170854    0.198072    6.250558 ^ output9/X (sky130_fd_sc_hd__buf_2)
                                                         ALUControl[0] (net)
                      0.170855    0.000721    6.251279 ^ ALUControl[0] (out)
                                              6.251279   data arrival time

                      0.000000   25.000000   25.000000   clock clk (rise edge)
                                  0.000000   25.000000   clock network delay (ideal)
                                 -0.250000   24.750000   clock uncertainty
                                  0.000000   24.750000   clock reconvergence pessimism
                                 -5.000000   19.750000   output external delay
                                             19.750000   data required time
---------------------------------------------------------------------------------------------
                                             19.750000   data required time
                                             -6.251279   data arrival time
---------------------------------------------------------------------------------------------
                                             13.498721   slack (MET)


Startpoint: opcode[0] (input port clocked by clk)
Endpoint: ALUControl[1] (output port clocked by clk)
Path Group: clk
Path Type: max

Fanout         Cap        Slew       Delay        Time   Description
---------------------------------------------------------------------------------------------
                      0.000000    0.000000    0.000000   clock clk (rise edge)
                                  0.000000    0.000000   clock network delay (ideal)
                                  5.000000    5.000000 ^ input external delay
     1    0.002765    0.019583    0.010198    5.010198 ^ opcode[0] (in)
                                                         opcode[0] (net)
                      0.019583    0.000000    5.010198 ^ input5/A (sky130_fd_sc_hd__buf_1)
     3    0.011080    0.136901    0.137337    5.147534 ^ input5/X (sky130_fd_sc_hd__buf_1)
                                                         net5 (net)
                      0.136901    0.000173    5.147707 ^ fanout23/A (sky130_fd_sc_hd__buf_1)
     6    0.015804    0.191368    0.207540    5.355247 ^ fanout23/X (sky130_fd_sc_hd__buf_1)
                                                         net23 (net)
                      0.191369    0.000404    5.355652 ^ _15_/B (sky130_fd_sc_hd__nand2b_1)
     3    0.008656    0.085602    0.120083    5.475735 v _15_/Y (sky130_fd_sc_hd__nand2b_1)
                                                         _02_ (net)
                      0.085602    0.000205    5.475939 v _18_/D (sky130_fd_sc_hd__nor4_1)
     2    0.006877    0.356807    0.287169    5.763108 ^ _18_/Y (sky130_fd_sc_hd__nor4_1)
                                                         _03_ (net)
                      0.356807    0.000157    5.763265 ^ max_cap20/A (sky130_fd_sc_hd__clkbuf_1)
     2    0.005635    0.077536    0.152359    5.915625 ^ max_cap20/X (sky130_fd_sc_hd__clkbuf_1)
                                                         net20 (net)
                      0.077536    0.000134    5.915759 ^ _25_/B2 (sky130_fd_sc_hd__a22o_1)
     1    0.002268    0.041624    0.119754    6.035513 ^ _25_/X (sky130_fd_sc_hd__a22o_1)
                                                         net10 (net)
                      0.041624    0.000064    6.035578 ^ output10/A (sky130_fd_sc_hd__buf_2)
     1    0.034113    0.169439    0.196179    6.231756 ^ output10/X (sky130_fd_sc_hd__buf_2)
                                                         ALUControl[1] (net)
                      0.169439    0.000636    6.232393 ^ ALUControl[1] (out)
                                              6.232393   data arrival time

                      0.000000   25.000000   25.000000   clock clk (rise edge)
                                  0.000000   25.000000   clock network delay (ideal)
                                 -0.250000   24.750000   clock uncertainty
                                  0.000000   24.750000   clock reconvergence pessimism
                                 -5.000000   19.750000   output external delay
                                             19.750000   data required time
---------------------------------------------------------------------------------------------
                                             19.750000   data required time
                                             -6.232393   data arrival time
---------------------------------------------------------------------------------------------
                                             13.517607   slack (MET)


Startpoint: opcode[0] (input port clocked by clk)
Endpoint: ALUControl[2] (output port clocked by clk)
Path Group: clk
Path Type: max

Fanout         Cap        Slew       Delay        Time   Description
---------------------------------------------------------------------------------------------
                      0.000000    0.000000    0.000000   clock clk (rise edge)
                                  0.000000    0.000000   clock network delay (ideal)
                                  5.000000    5.000000 ^ input external delay
     1    0.002765    0.019583    0.010198    5.010198 ^ opcode[0] (in)
                                                         opcode[0] (net)
                      0.019583    0.000000    5.010198 ^ input5/A (sky130_fd_sc_hd__buf_1)
     3    0.011080    0.136901    0.137337    5.147534 ^ input5/X (sky130_fd_sc_hd__buf_1)
                                                         net5 (net)
                      0.136901    0.000173    5.147707 ^ fanout23/A (sky130_fd_sc_hd__buf_1)
     6    0.015804    0.191368    0.207540    5.355247 ^ fanout23/X (sky130_fd_sc_hd__buf_1)
                                                         net23 (net)
                      0.191369    0.000404    5.355652 ^ _15_/B (sky130_fd_sc_hd__nand2b_1)
     3    0.008656    0.085602    0.120083    5.475735 v _15_/Y (sky130_fd_sc_hd__nand2b_1)
                                                         _02_ (net)
                      0.085602    0.000205    5.475939 v _18_/D (sky130_fd_sc_hd__nor4_1)
     2    0.006877    0.356807    0.287169    5.763108 ^ _18_/Y (sky130_fd_sc_hd__nor4_1)
                                                         _03_ (net)
                      0.356807    0.000188    5.763296 ^ _26_/A3 (sky130_fd_sc_hd__a32o_1)
     1    0.002239    0.050206    0.209965    5.973261 ^ _26_/X (sky130_fd_sc_hd__a32o_1)
                                                         net11 (net)
                      0.050206    0.000063    5.973324 ^ output11/A (sky130_fd_sc_hd__buf_2)
     1    0.034569    0.171566    0.200865    6.174189 ^ output11/X (sky130_fd_sc_hd__buf_2)
                                                         ALUControl[2] (net)
                      0.171567    0.000804    6.174993 ^ ALUControl[2] (out)
                                              6.174993   data arrival time

                      0.000000   25.000000   25.000000   clock clk (rise edge)
                                  0.000000   25.000000   clock network delay (ideal)
                                 -0.250000   24.750000   clock uncertainty
                                  0.000000   24.750000   clock reconvergence pessimism
                                 -5.000000   19.750000   output external delay
                                             19.750000   data required time
---------------------------------------------------------------------------------------------
                                             19.750000   data required time
                                             -6.174993   data arrival time
---------------------------------------------------------------------------------------------
                                             13.575006   slack (MET)


Startpoint: opcode[2] (input port clocked by clk)
Endpoint: PCSrc (output port clocked by clk)
Path Group: clk
Path Type: max

Fanout         Cap        Slew       Delay        Time   Description
---------------------------------------------------------------------------------------------
                      0.000000    0.000000    0.000000   clock clk (rise edge)
                                  0.000000    0.000000   clock network delay (ideal)
                                  5.000000    5.000000 v input external delay
     1    0.002535    0.008013    0.003986    5.003986 v opcode[2] (in)
                                                         opcode[2] (net)
                      0.008013    0.000000    5.003986 v input7/A (sky130_fd_sc_hd__buf_1)
     3    0.009999    0.064467    0.104593    5.108580 v input7/X (sky130_fd_sc_hd__buf_1)
                                                         net7 (net)
                      0.064467    0.000205    5.108784 v fanout22/A (sky130_fd_sc_hd__buf_1)
     6    0.014887    0.091348    0.149319    5.258103 v fanout22/X (sky130_fd_sc_hd__buf_1)
                                                         net22 (net)
                      0.091348    0.000271    5.258374 v _28_/C (sky130_fd_sc_hd__and3b_1)
     2    0.004362    0.043681    0.201584    5.459958 v _28_/X (sky130_fd_sc_hd__and3b_1)
                                                         net15 (net)
                      0.043681    0.000090    5.460047 v _31_/B1 (sky130_fd_sc_hd__a31o_1)
     1    0.002685    0.036117    0.177207    5.637254 v _31_/X (sky130_fd_sc_hd__a31o_1)
                                                         _10_ (net)
                      0.036117    0.000077    5.637331 v _32_/B1 (sky130_fd_sc_hd__a21o_1)
     1    0.002576    0.031939    0.143250    5.780581 v _32_/X (sky130_fd_sc_hd__a21o_1)
                                                         net17 (net)
                      0.031939    0.000071    5.780652 v output17/A (sky130_fd_sc_hd__buf_2)
     1    0.034221    0.089539    0.174329    5.954981 v output17/X (sky130_fd_sc_hd__buf_2)
                                                         PCSrc (net)
                      0.089545    0.000727    5.955709 v PCSrc (out)
                                              5.955709   data arrival time

                      0.000000   25.000000   25.000000   clock clk (rise edge)
                                  0.000000   25.000000   clock network delay (ideal)
                                 -0.250000   24.750000   clock uncertainty
                                  0.000000   24.750000   clock reconvergence pessimism
                                 -5.000000   19.750000   output external delay
                                             19.750000   data required time
---------------------------------------------------------------------------------------------
                                             19.750000   data required time
                                             -5.955709   data arrival time
---------------------------------------------------------------------------------------------
                                             13.794291   slack (MET)


Startpoint: opcode[2] (input port clocked by clk)
Endpoint: ALUControl[3] (output port clocked by clk)
Path Group: clk
Path Type: max

Fanout         Cap        Slew       Delay        Time   Description
---------------------------------------------------------------------------------------------
                      0.000000    0.000000    0.000000   clock clk (rise edge)
                                  0.000000    0.000000   clock network delay (ideal)
                                  5.000000    5.000000 v input external delay
     1    0.002535    0.008013    0.003986    5.003986 v opcode[2] (in)
                                                         opcode[2] (net)
                      0.008013    0.000000    5.003986 v input7/A (sky130_fd_sc_hd__buf_1)
     3    0.009999    0.064467    0.104593    5.108580 v input7/X (sky130_fd_sc_hd__buf_1)
                                                         net7 (net)
                      0.064467    0.000254    5.108833 v _21_/A (sky130_fd_sc_hd__nor3_1)
     1    0.003353    0.159393    0.193054    5.301887 ^ _21_/Y (sky130_fd_sc_hd__nor3_1)
                                                         _05_ (net)
                      0.159393    0.000103    5.301989 ^ wire21/A (sky130_fd_sc_hd__buf_1)
     4    0.011758    0.145079    0.178582    5.480571 ^ wire21/X (sky130_fd_sc_hd__buf_1)
                                                         net21 (net)
                      0.145079    0.000214    5.480785 ^ _27_/B (sky130_fd_sc_hd__and2_1)
     1    0.002223    0.042259    0.136994    5.617778 ^ _27_/X (sky130_fd_sc_hd__and2_1)
                                                         net12 (net)
                      0.042259    0.000062    5.617841 ^ output12/A (sky130_fd_sc_hd__buf_2)
     1    0.034191    0.169807    0.196638    5.814479 ^ output12/X (sky130_fd_sc_hd__buf_2)
                                                         ALUControl[3] (net)
                      0.169808    0.000696    5.815175 ^ ALUControl[3] (out)
                                              5.815175   data arrival time

                      0.000000   25.000000   25.000000   clock clk (rise edge)
                                  0.000000   25.000000   clock network delay (ideal)
                                 -0.250000   24.750000   clock uncertainty
                                  0.000000   24.750000   clock reconvergence pessimism
                                 -5.000000   19.750000   output external delay
                                             19.750000   data required time
---------------------------------------------------------------------------------------------
                                             19.750000   data required time
                                             -5.815175   data arrival time
---------------------------------------------------------------------------------------------
                                             13.934825   slack (MET)


Startpoint: opcode[2] (input port clocked by clk)
Endpoint: ResultSrc (output port clocked by clk)
Path Group: clk
Path Type: max

Fanout         Cap        Slew       Delay        Time   Description
---------------------------------------------------------------------------------------------
                      0.000000    0.000000    0.000000   clock clk (rise edge)
                                  0.000000    0.000000   clock network delay (ideal)
                                  5.000000    5.000000 v input external delay
     1    0.002535    0.008013    0.003986    5.003986 v opcode[2] (in)
                                                         opcode[2] (net)
                      0.008013    0.000000    5.003986 v input7/A (sky130_fd_sc_hd__buf_1)
     3    0.009999    0.064467    0.104593    5.108580 v input7/X (sky130_fd_sc_hd__buf_1)
                                                         net7 (net)
                      0.064467    0.000205    5.108784 v fanout22/A (sky130_fd_sc_hd__buf_1)
     6    0.014887    0.091348    0.149319    5.258103 v fanout22/X (sky130_fd_sc_hd__buf_1)
                                                         net22 (net)
                      0.091349    0.000421    5.258524 v _12_/A (sky130_fd_sc_hd__or2_1)
     2    0.004935    0.057812    0.250784    5.509309 v _12_/X (sky130_fd_sc_hd__or2_1)
                                                         _01_ (net)
                      0.057812    0.000121    5.509430 v _13_/B (sky130_fd_sc_hd__nor2_1)
     1    0.002332    0.070342    0.080066    5.589496 ^ _13_/Y (sky130_fd_sc_hd__nor2_1)
                                                         net19 (net)
                      0.070342    0.000047    5.589543 ^ output19/A (sky130_fd_sc_hd__buf_2)
     1    0.034139    0.169699    0.206975    5.796518 ^ output19/X (sky130_fd_sc_hd__buf_2)
                                                         ResultSrc (net)
                      0.169700    0.000686    5.797204 ^ ResultSrc (out)
                                              5.797204   data arrival time

                      0.000000   25.000000   25.000000   clock clk (rise edge)
                                  0.000000   25.000000   clock network delay (ideal)
                                 -0.250000   24.750000   clock uncertainty
                                  0.000000   24.750000   clock reconvergence pessimism
                                 -5.000000   19.750000   output external delay
                                             19.750000   data required time
---------------------------------------------------------------------------------------------
                                             19.750000   data required time
                                             -5.797204   data arrival time
---------------------------------------------------------------------------------------------
                                             13.952795   slack (MET)


Startpoint: opcode[0] (input port clocked by clk)
Endpoint: RegWrite (output port clocked by clk)
Path Group: clk
Path Type: max

Fanout         Cap        Slew       Delay        Time   Description
---------------------------------------------------------------------------------------------
                      0.000000    0.000000    0.000000   clock clk (rise edge)
                                  0.000000    0.000000   clock network delay (ideal)
                                  5.000000    5.000000 ^ input external delay
     1    0.002765    0.019583    0.010198    5.010198 ^ opcode[0] (in)
                                                         opcode[0] (net)
                      0.019583    0.000000    5.010198 ^ input5/A (sky130_fd_sc_hd__buf_1)
     3    0.011080    0.136901    0.137337    5.147534 ^ input5/X (sky130_fd_sc_hd__buf_1)
                                                         net5 (net)
                      0.136901    0.000173    5.147707 ^ fanout23/A (sky130_fd_sc_hd__buf_1)
     6    0.015804    0.191368    0.207540    5.355247 ^ fanout23/X (sky130_fd_sc_hd__buf_1)
                                                         net23 (net)
                      0.191369    0.000404    5.355652 ^ _15_/B (sky130_fd_sc_hd__nand2b_1)
     3    0.008656    0.085602    0.120083    5.475735 v _15_/Y (sky130_fd_sc_hd__nand2b_1)
                                                         _02_ (net)
                      0.085602    0.000121    5.475855 v _17_/B1 (sky130_fd_sc_hd__o21ai_1)
     1    0.002148    0.087875    0.080021    5.555877 ^ _17_/Y (sky130_fd_sc_hd__o21ai_1)
                                                         net18 (net)
                      0.087875    0.000060    5.555937 ^ output18/A (sky130_fd_sc_hd__buf_2)
     1    0.034449    0.171239    0.214508    5.770446 ^ output18/X (sky130_fd_sc_hd__buf_2)
                                                         RegWrite (net)
                      0.171239    0.000631    5.771077 ^ RegWrite (out)
                                              5.771077   data arrival time

                      0.000000   25.000000   25.000000   clock clk (rise edge)
                                  0.000000   25.000000   clock network delay (ideal)
                                 -0.250000   24.750000   clock uncertainty
                                  0.000000   24.750000   clock reconvergence pessimism
                                 -5.000000   19.750000   output external delay
                                             19.750000   data required time
---------------------------------------------------------------------------------------------
                                             19.750000   data required time
                                             -5.771077   data arrival time
---------------------------------------------------------------------------------------------
                                             13.978923   slack (MET)


Startpoint: opcode[2] (input port clocked by clk)
Endpoint: ImmSrc[0] (output port clocked by clk)
Path Group: clk
Path Type: max

Fanout         Cap        Slew       Delay        Time   Description
---------------------------------------------------------------------------------------------
                      0.000000    0.000000    0.000000   clock clk (rise edge)
                                  0.000000    0.000000   clock network delay (ideal)
                                  5.000000    5.000000 ^ input external delay
     1    0.002711    0.019351    0.010004    5.010005 ^ opcode[2] (in)
                                                         opcode[2] (net)
                      0.019351    0.000000    5.010005 ^ input7/A (sky130_fd_sc_hd__buf_1)
     3    0.010584    0.131274    0.133364    5.143369 ^ input7/X (sky130_fd_sc_hd__buf_1)
                                                         net7 (net)
                      0.131274    0.000218    5.143587 ^ fanout22/A (sky130_fd_sc_hd__buf_1)
     6    0.015756    0.190850    0.206341    5.349928 ^ fanout22/X (sky130_fd_sc_hd__buf_1)
                                                         net22 (net)
                      0.190851    0.000316    5.350244 ^ _20_/C (sky130_fd_sc_hd__and3b_1)
     2    0.006340    0.080847    0.207720    5.557963 ^ _20_/X (sky130_fd_sc_hd__and3b_1)
                                                         net14 (net)
                      0.080847    0.000145    5.558109 ^ output14/A (sky130_fd_sc_hd__buf_2)
     1    0.034079    0.169486    0.210635    5.768744 ^ output14/X (sky130_fd_sc_hd__buf_2)
                                                         ImmSrc[0] (net)
                      0.169486    0.000706    5.769449 ^ ImmSrc[0] (out)
                                              5.769449   data arrival time

                      0.000000   25.000000   25.000000   clock clk (rise edge)
                                  0.000000   25.000000   clock network delay (ideal)
                                 -0.250000   24.750000   clock uncertainty
                                  0.000000   24.750000   clock reconvergence pessimism
                                 -5.000000   19.750000   output external delay
                                             19.750000   data required time
---------------------------------------------------------------------------------------------
                                             19.750000   data required time
                                             -5.769449   data arrival time
---------------------------------------------------------------------------------------------
                                             13.980551   slack (MET)


Startpoint: opcode[2] (input port clocked by clk)
Endpoint: ALUSrc (output port clocked by clk)
Path Group: clk
Path Type: max

Fanout         Cap        Slew       Delay        Time   Description
---------------------------------------------------------------------------------------------
                      0.000000    0.000000    0.000000   clock clk (rise edge)
                                  0.000000    0.000000   clock network delay (ideal)
                                  5.000000    5.000000 v input external delay
     1    0.002535    0.008013    0.003986    5.003986 v opcode[2] (in)
                                                         opcode[2] (net)
                      0.008013    0.000000    5.003986 v input7/A (sky130_fd_sc_hd__buf_1)
     3    0.009999    0.064467    0.104593    5.108580 v input7/X (sky130_fd_sc_hd__buf_1)
                                                         net7 (net)
                      0.064467    0.000205    5.108784 v fanout22/A (sky130_fd_sc_hd__buf_1)
     6    0.014887    0.091348    0.149319    5.258103 v fanout22/X (sky130_fd_sc_hd__buf_1)
                                                         net22 (net)
                      0.091349    0.000421    5.258524 v _12_/A (sky130_fd_sc_hd__or2_1)
     2    0.004935    0.057812    0.250784    5.509309 v _12_/X (sky130_fd_sc_hd__or2_1)
                                                         _01_ (net)
                      0.057812    0.000119    5.509428 v _16_/A (sky130_fd_sc_hd__nand2_1)
     1    0.002813    0.048234    0.059014    5.568442 ^ _16_/Y (sky130_fd_sc_hd__nand2_1)
                                                         net13 (net)
                      0.048234    0.000084    5.568526 ^ output13/A (sky130_fd_sc_hd__buf_2)
     1    0.034262    0.170129    0.199141    5.767667 ^ output13/X (sky130_fd_sc_hd__buf_2)
                                                         ALUSrc (net)
                      0.170129    0.000728    5.768395 ^ ALUSrc (out)
                                              5.768395   data arrival time

                      0.000000   25.000000   25.000000   clock clk (rise edge)
                                  0.000000   25.000000   clock network delay (ideal)
                                 -0.250000   24.750000   clock uncertainty
                                  0.000000   24.750000   clock reconvergence pessimism
                                 -5.000000   19.750000   output external delay
                                             19.750000   data required time
---------------------------------------------------------------------------------------------
                                             19.750000   data required time
                                             -5.768395   data arrival time
---------------------------------------------------------------------------------------------
                                             13.981605   slack (MET)


Startpoint: opcode[0] (input port clocked by clk)
Endpoint: ImmSrc[1] (output port clocked by clk)
Path Group: clk
Path Type: max

Fanout         Cap        Slew       Delay        Time   Description
---------------------------------------------------------------------------------------------
                      0.000000    0.000000    0.000000   clock clk (rise edge)
                                  0.000000    0.000000   clock network delay (ideal)
                                  5.000000    5.000000 ^ input external delay
     1    0.002765    0.019583    0.010198    5.010198 ^ opcode[0] (in)
                                                         opcode[0] (net)
                      0.019583    0.000000    5.010198 ^ input5/A (sky130_fd_sc_hd__buf_1)
     3    0.011080    0.136901    0.137337    5.147534 ^ input5/X (sky130_fd_sc_hd__buf_1)
                                                         net5 (net)
                      0.136901    0.000173    5.147707 ^ fanout23/A (sky130_fd_sc_hd__buf_1)
     6    0.015804    0.191368    0.207540    5.355247 ^ fanout23/X (sky130_fd_sc_hd__buf_1)
                                                         net23 (net)
                      0.191369    0.000307    5.355555 ^ _28_/B (sky130_fd_sc_hd__and3b_1)
     2    0.004860    0.068122    0.197057    5.552612 ^ _28_/X (sky130_fd_sc_hd__and3b_1)
                                                         net15 (net)
                      0.068122    0.000067    5.552680 ^ output15/A (sky130_fd_sc_hd__buf_2)
     1    0.034168    0.169826    0.206239    5.758918 ^ output15/X (sky130_fd_sc_hd__buf_2)
                                                         ImmSrc[1] (net)
                      0.169826    0.000707    5.759625 ^ ImmSrc[1] (out)
                                              5.759625   data arrival time

                      0.000000   25.000000   25.000000   clock clk (rise edge)
                                  0.000000   25.000000   clock network delay (ideal)
                                 -0.250000   24.750000   clock uncertainty
                                  0.000000   24.750000   clock reconvergence pessimism
                                 -5.000000   19.750000   output external delay
                                             19.750000   data required time
---------------------------------------------------------------------------------------------
                                             19.750000   data required time
                                             -5.759625   data arrival time
---------------------------------------------------------------------------------------------
                                             13.990375   slack (MET)


Startpoint: opcode[0] (input port clocked by clk)
Endpoint: MemWrite (output port clocked by clk)
Path Group: clk
Path Type: max

Fanout         Cap        Slew       Delay        Time   Description
---------------------------------------------------------------------------------------------
                      0.000000    0.000000    0.000000   clock clk (rise edge)
                                  0.000000    0.000000   clock network delay (ideal)
                                  5.000000    5.000000 ^ input external delay
     1    0.002765    0.019583    0.010198    5.010198 ^ opcode[0] (in)
                                                         opcode[0] (net)
                      0.019583    0.000000    5.010198 ^ input5/A (sky130_fd_sc_hd__buf_1)
     3    0.011080    0.136901    0.137337    5.147534 ^ input5/X (sky130_fd_sc_hd__buf_1)
                                                         net5 (net)
                      0.136901    0.000173    5.147707 ^ fanout23/A (sky130_fd_sc_hd__buf_1)
     6    0.015804    0.191368    0.207540    5.355247 ^ fanout23/X (sky130_fd_sc_hd__buf_1)
                                                         net23 (net)
                      0.191369    0.000257    5.355505 ^ _14_/B (sky130_fd_sc_hd__and3b_1)
     1    0.002443    0.047812    0.177435    5.532939 ^ _14_/X (sky130_fd_sc_hd__and3b_1)
                                                         net16 (net)
                      0.047812    0.000070    5.533009 ^ output16/A (sky130_fd_sc_hd__buf_2)
     1    0.034536    0.171412    0.199859    5.732868 ^ output16/X (sky130_fd_sc_hd__buf_2)
                                                         MemWrite (net)
                      0.171413    0.000771    5.733640 ^ MemWrite (out)
                                              5.733640   data arrival time

                      0.000000   25.000000   25.000000   clock clk (rise edge)
                                  0.000000   25.000000   clock network delay (ideal)
                                 -0.250000   24.750000   clock uncertainty
                                  0.000000   24.750000   clock reconvergence pessimism
                                 -5.000000   19.750000   output external delay
                                             19.750000   data required time
---------------------------------------------------------------------------------------------
                                             19.750000   data required time
                                             -5.733640   data arrival time
---------------------------------------------------------------------------------------------
                                             14.016360   slack (MET)



%OL_END_REPORT
%OL_CREATE_REPORT checks.rpt

===========================================================================
report_checks -unconstrained
===========================================================================
======================= nom_tt_025C_1v80 Corner ===================================

Startpoint: opcode[0] (input port clocked by clk)
Endpoint: ALUControl[0] (output port clocked by clk)
Path Group: clk
Path Type: max

Fanout         Cap        Slew       Delay        Time   Description
---------------------------------------------------------------------------------------------
                      0.000000    0.000000    0.000000   clock clk (rise edge)
                                  0.000000    0.000000   clock network delay (ideal)
                                  5.000000    5.000000 ^ input external delay
     1    0.002765    0.019583    0.010198    5.010198 ^ opcode[0] (in)
                                                         opcode[0] (net)
                      0.019583    0.000000    5.010198 ^ input5/A (sky130_fd_sc_hd__buf_1)
     3    0.011080    0.136901    0.137337    5.147534 ^ input5/X (sky130_fd_sc_hd__buf_1)
                                                         net5 (net)
                      0.136901    0.000173    5.147707 ^ fanout23/A (sky130_fd_sc_hd__buf_1)
     6    0.015804    0.191368    0.207540    5.355247 ^ fanout23/X (sky130_fd_sc_hd__buf_1)
                                                         net23 (net)
                      0.191369    0.000404    5.355652 ^ _15_/B (sky130_fd_sc_hd__nand2b_1)
     3    0.008656    0.085602    0.120083    5.475735 v _15_/Y (sky130_fd_sc_hd__nand2b_1)
                                                         _02_ (net)
                      0.085602    0.000205    5.475939 v _18_/D (sky130_fd_sc_hd__nor4_1)
     2    0.006877    0.356807    0.287169    5.763108 ^ _18_/Y (sky130_fd_sc_hd__nor4_1)
                                                         _03_ (net)
                      0.356807    0.000157    5.763265 ^ max_cap20/A (sky130_fd_sc_hd__clkbuf_1)
     2    0.005635    0.077536    0.152359    5.915625 ^ max_cap20/X (sky130_fd_sc_hd__clkbuf_1)
                                                         net20 (net)
                      0.077536    0.000143    5.915767 ^ _22_/A1 (sky130_fd_sc_hd__a221o_1)
     1    0.002361    0.044096    0.136652    6.052419 ^ _22_/X (sky130_fd_sc_hd__a221o_1)
                                                         net9 (net)
                      0.044096    0.000067    6.052486 ^ output9/A (sky130_fd_sc_hd__buf_2)
     1    0.034416    0.170854    0.198072    6.250558 ^ output9/X (sky130_fd_sc_hd__buf_2)
                                                         ALUControl[0] (net)
                      0.170855    0.000721    6.251279 ^ ALUControl[0] (out)
                                              6.251279   data arrival time

                      0.000000   25.000000   25.000000   clock clk (rise edge)
                                  0.000000   25.000000   clock network delay (ideal)
                                 -0.250000   24.750000   clock uncertainty
                                  0.000000   24.750000   clock reconvergence pessimism
                                 -5.000000   19.750000   output external delay
                                             19.750000   data required time
---------------------------------------------------------------------------------------------
                                             19.750000   data required time
                                             -6.251279   data arrival time
---------------------------------------------------------------------------------------------
                                             13.498721   slack (MET)




===========================================================================
report_checks --slack_max -0.01
============================================================================
======================= nom_tt_025C_1v80 Corner ===================================

No paths found.


===========================================================================
 report_check_types -max_slew -max_cap -max_fanout -violators
============================================================================
======================= nom_tt_025C_1v80 Corner ===================================



===========================================================================
report_parasitic_annotation -report_unannotated
============================================================================
Found 0 unannotated drivers.
Found 0 partially unannotated drivers.

===========================================================================
max slew violation count 0
%OL_METRIC_I design__max_slew_violation__count__corner:nom_tt_025C_1v80 0
max fanout violation count 0
%OL_METRIC_I design__max_fanout_violation__count__corner:nom_tt_025C_1v80 0
max cap violation count 0
%OL_METRIC_I design__max_cap_violation__count__corner:nom_tt_025C_1v80 0
============================================================================

===========================================================================
check_setup -verbose -unconstrained_endpoints -multiple_clock -no_clock -no_input_delay -loops -generated_clocks
===========================================================================
%OL_END_REPORT
%OL_CREATE_REPORT power.rpt

===========================================================================
 report_power
============================================================================
======================= nom_tt_025C_1v80 Corner ===================================

Group                    Internal    Switching      Leakage        Total
                            Power        Power        Power        Power (Watts)
------------------------------------------------------------------------
Sequential           0.000000e+00 0.000000e+00 0.000000e+00 0.000000e+00   0.0%
Combinational        1.893621e-06 3.787347e-06 1.531018e-10 5.681121e-06 100.0%
Clock                0.000000e+00 0.000000e+00 1.036814e-10 1.036814e-10   0.0%
Macro                0.000000e+00 0.000000e+00 0.000000e+00 0.000000e+00   0.0%
Pad                  0.000000e+00 0.000000e+00 0.000000e+00 0.000000e+00   0.0%
------------------------------------------------------------------------
Total                1.893621e-06 3.787347e-06 2.567832e-10 5.681225e-06 100.0%
                            33.3%        66.7%         0.0%
%OL_METRIC_F power__internal__total 1.8936214019049658e-6
%OL_METRIC_F power__switching__total 3.787346713579609e-6
%OL_METRIC_F power__leakage__total 2.567831780542207e-10
%OL_METRIC_F power__total 5.681225047737826e-6

%OL_END_REPORT
%OL_CREATE_REPORT skew.min.rpt

===========================================================================
Clock Skew (Hold)
============================================================================
%OL_METRIC_F clock__skew__worst_hold__corner:nom_tt_025C_1v80 0.0
======================= nom_tt_025C_1v80 Corner ===================================

Clock clk
No launch/capture paths found.

%OL_END_REPORT
%OL_CREATE_REPORT skew.max.rpt

===========================================================================
Clock Skew (Setup)
============================================================================
%OL_METRIC_F clock__skew__worst_setup__corner:nom_tt_025C_1v80 0.0
======================= nom_tt_025C_1v80 Corner ===================================

Clock clk
No launch/capture paths found.

%OL_END_REPORT
%OL_CREATE_REPORT ws.min.rpt

===========================================================================
Worst Slack (Hold)
============================================================================
%OL_METRIC_F timing__hold__ws__corner:nom_tt_025C_1v80 10.14200840905147
nom_tt_025C_1v80: 10.14200840905147
%OL_END_REPORT
%OL_CREATE_REPORT ws.max.rpt

===========================================================================
Worst Slack (Setup)
============================================================================
%OL_METRIC_F timing__setup__ws__corner:nom_tt_025C_1v80 13.498720745483697
nom_tt_025C_1v80: 13.498720745483697
%OL_END_REPORT
%OL_CREATE_REPORT tns.min.rpt

===========================================================================
Total Negative Slack (Hold)
============================================================================
%OL_METRIC_F timing__hold__tns__corner:nom_tt_025C_1v80 0.0
nom_tt_025C_1v80: 0.0
%OL_END_REPORT
%OL_CREATE_REPORT tns.max.rpt

===========================================================================
Total Negative Slack (Setup)
============================================================================
%OL_METRIC_F timing__setup__tns__corner:nom_tt_025C_1v80 0.0
nom_tt_025C_1v80: 0.0
%OL_END_REPORT
%OL_CREATE_REPORT wns.min.rpt

===========================================================================
Worst Negative Slack (Hold)
============================================================================
%OL_METRIC_F timing__hold__wns__corner:nom_tt_025C_1v80 0
nom_tt_025C_1v80: 0
%OL_END_REPORT
%OL_CREATE_REPORT wns.max.rpt

===========================================================================
Worst Negative Slack (Setup)
============================================================================
%OL_METRIC_F timing__setup__wns__corner:nom_tt_025C_1v80 0.0
nom_tt_025C_1v80: 0.0
%OL_END_REPORT
%OL_CREATE_REPORT violator_list.rpt

===========================================================================
Violator List
============================================================================
%OL_METRIC_I timing__hold_vio__count__corner:nom_tt_025C_1v80 0
%OL_METRIC_F timing__hold_r2r__ws__corner:nom_tt_025C_1v80 inf
%OL_METRIC_I timing__hold_r2r_vio__count__corner:nom_tt_025C_1v80 0
%OL_METRIC_I timing__setup_vio__count__corner:nom_tt_025C_1v80 0
%OL_METRIC_F timing__setup_r2r__ws__corner:nom_tt_025C_1v80 inf
%OL_METRIC_I timing__setup_r2r_vio__count__corner:nom_tt_025C_1v80 0
%OL_END_REPORT
%OL_CREATE_REPORT unpropagated.rpt
clk
%OL_END_REPORT
%OL_CREATE_REPORT clock.rpt
Clock: clk
Sources: 
Generated: no
Virtual: yes
Propagated: no
Period: 25.000000

===========================================================================
report_clock_properties
============================================================================
Clock                   Period          Waveform
----------------------------------------------------
clk                  25.000000    0.000000 12.500000

===========================================================================
report_clock_latency
============================================================================
Clock clk


===========================================================================
report_clock_min_period
============================================================================
clk period_min = 0.00 fmax = inf
%OL_END_REPORT
Writing SDF files for all corners…
Removing Clock latencies before writing libs…
Writing timing models for all corners…
Writing timing models for the nom_tt_025C_1v80 corner to /home/githi/openlane2/my_designs/Control_unit/runs/RUN_2025-11-16_16-53-36/54-openroad-stapostpnr/nom_tt_025C_1v80/Control_unit__nom_tt_025C_1v80.lib…
