Reading OpenROAD database at '/home/giovani/my_designs/data_memory/src/runs/RUN_2025-11-17_14-31-38/20-openroad-generatepdn/Data_Memory.odb'…
Reading library file at '/home/giovani/.volare/volare/sky130/versions/0fe599b2afb6708d281543108caf8310912f54af/sky130A/libs.ref/sky130_fd_sc_hd/lib/sky130_fd_sc_hd__tt_025C_1v80.lib'…
Reading design constraints file at '/nix/store/ss2cw3sxbrwwx9jl0rrppbw4kgcmgi2n-python3-3.11.9-env/lib/python3.11/site-packages/openlane/scripts/base.sdc'…
[INFO] Using clock clk…
[INFO] Setting output delay to: 5
[INFO] Setting input delay to: 5
[INFO] Setting load to: 0.033442
[INFO] Setting clock uncertainty to: 0.25
[INFO] Setting clock transition to: 0.1499999999999999944488848768742172978818416595458984375
[INFO] Setting timing derate to: 5%
+ global_placement -density 0.623366 -skip_io -pad_right 0 -pad_left 0 -init_wirelength_coef 0.25
[INFO GPL-0002] DBU: 1000
[INFO GPL-0003] SiteSize: (  0.460  2.720 ) um
[INFO GPL-0004] CoreBBox: (  5.520 10.880 ) ( 111.780 116.960 ) um
[INFO GPL-0006] NumInstances:               653
[INFO GPL-0007] NumPlaceInstances:          411
[INFO GPL-0008] NumFixedInstances:          242
[INFO GPL-0009] NumDummyInstances:            0
[INFO GPL-0010] NumNets:                    446
[INFO GPL-0011] NumPins:                   1530
[INFO GPL-0012] DieBBox:  (  0.000  0.000 ) ( 117.755 128.475 ) um
[INFO GPL-0013] CoreBBox: (  5.520 10.880 ) ( 111.780 116.960 ) um
[INFO GPL-0016] CoreArea:             11272.061 um^2
[INFO GPL-0017] NonPlaceInstsArea:      497.978 um^2
[INFO GPL-0018] PlaceInstsArea:        5694.211 um^2
[INFO GPL-0019] Util:                    52.851 %
[INFO GPL-0020] StdInstsArea:          5694.211 um^2
[INFO GPL-0021] MacroInstsArea:           0.000 um^2
[INFO GPL-0031] FillerInit:NumGCells:       485
[INFO GPL-0032] FillerInit:NumGNets:        446
[INFO GPL-0033] FillerInit:NumGPins:       1530
[INFO GPL-0023] TargetDensity:            0.623
[INFO GPL-0024] AvrgPlaceInstArea:       13.855 um^2
[INFO GPL-0025] IdealBinArea:            22.225 um^2
[INFO GPL-0026] IdealBinCnt:                507
[INFO GPL-0027] TotalBinArea:         11272.061 um^2
[INFO GPL-0028] BinCnt:        16     16
[INFO GPL-0029] BinSize: (  6.642  6.630 )
[INFO GPL-0030] NumBins: 256
[NesterovSolve] Iter:    1 overflow: 0.981 HPWL: 981368
[NesterovSolve] Iter:   10 overflow: 0.980 HPWL: 709059
[NesterovSolve] Iter:   20 overflow: 0.981 HPWL: 706415
[NesterovSolve] Iter:   30 overflow: 0.981 HPWL: 706122
[NesterovSolve] Iter:   40 overflow: 0.981 HPWL: 706226
[NesterovSolve] Iter:   50 overflow: 0.981 HPWL: 706440
[NesterovSolve] Iter:   60 overflow: 0.980 HPWL: 706931
[NesterovSolve] Iter:   70 overflow: 0.980 HPWL: 708522
[NesterovSolve] Iter:   80 overflow: 0.980 HPWL: 711203
[NesterovSolve] Iter:   90 overflow: 0.980 HPWL: 715897
[NesterovSolve] Iter:  100 overflow: 0.980 HPWL: 722414
[NesterovSolve] Iter:  110 overflow: 0.980 HPWL: 730127
[NesterovSolve] Iter:  120 overflow: 0.979 HPWL: 732188
[NesterovSolve] Iter:  130 overflow: 0.978 HPWL: 733014
[NesterovSolve] Iter:  140 overflow: 0.975 HPWL: 750467
[NesterovSolve] Iter:  150 overflow: 0.953 HPWL: 1018007
[NesterovSolve] Iter:  160 overflow: 0.908 HPWL: 1558194
[NesterovSolve] Iter:  170 overflow: 0.881 HPWL: 1875584
[NesterovSolve] Iter:  180 overflow: 0.848 HPWL: 1990987
[NesterovSolve] Iter:  190 overflow: 0.816 HPWL: 2191470
[NesterovSolve] Iter:  200 overflow: 0.791 HPWL: 2294316
[NesterovSolve] Iter:  210 overflow: 0.743 HPWL: 2539966
[NesterovSolve] Iter:  220 overflow: 0.693 HPWL: 2783982
[NesterovSolve] Iter:  230 overflow: 0.640 HPWL: 2939253
[NesterovSolve] Iter:  240 overflow: 0.598 HPWL: 3194620
[NesterovSolve] Iter:  250 overflow: 0.542 HPWL: 3384114
[NesterovSolve] Iter:  260 overflow: 0.483 HPWL: 3474975
[NesterovSolve] Iter:  270 overflow: 0.439 HPWL: 3754370
[NesterovSolve] Iter:  280 overflow: 0.389 HPWL: 3832839
[NesterovSolve] Iter:  290 overflow: 0.339 HPWL: 3859956
[NesterovSolve] Iter:  300 overflow: 0.290 HPWL: 3892440
[NesterovSolve] Iter:  310 overflow: 0.254 HPWL: 3960833
[NesterovSolve] Iter:  320 overflow: 0.222 HPWL: 4037410
[NesterovSolve] Iter:  330 overflow: 0.197 HPWL: 4118192
[NesterovSolve] Iter:  340 overflow: 0.170 HPWL: 4197514
[NesterovSolve] Iter:  350 overflow: 0.140 HPWL: 4231270
[NesterovSolve] Iter:  360 overflow: 0.118 HPWL: 4252233
[NesterovSolve] Finished with Overflow: 0.099403
[INFO] Setting RC values…
Setting global connections for newly added cells…
[INFO] Setting global connections...
Updating metrics…
Cell type report:                       Count       Area
  Fill cell                                78     292.78
  Tap cell                                164     205.20
  Inverter                                  1       3.75
  Sequential cell                         128    2722.61
  Multi-Input combinational cell          282    2967.85
  Total                                   653    6192.19
Writing OpenROAD database to '/home/giovani/my_designs/data_memory/src/runs/RUN_2025-11-17_14-31-38/23-openroad-globalplacementskipio/Data_Memory.odb'…
Writing netlist to '/home/giovani/my_designs/data_memory/src/runs/RUN_2025-11-17_14-31-38/23-openroad-globalplacementskipio/Data_Memory.nl.v'…
Writing powered netlist to '/home/giovani/my_designs/data_memory/src/runs/RUN_2025-11-17_14-31-38/23-openroad-globalplacementskipio/Data_Memory.pnl.v'…
Writing layout to '/home/giovani/my_designs/data_memory/src/runs/RUN_2025-11-17_14-31-38/23-openroad-globalplacementskipio/Data_Memory.def'…
Writing timing constraints to '/home/giovani/my_designs/data_memory/src/runs/RUN_2025-11-17_14-31-38/23-openroad-globalplacementskipio/Data_Memory.sdc'…
