
===========================================================================
report_checks -unconstrained
===========================================================================
======================= min_ff_n40C_1v95 Corner ===================================

Startpoint: pc[1] (input port clocked by clk)
Endpoint: _125_ (rising edge-triggered flip-flop clocked by clk)
Path Group: clk
Path Type: max

Fanout         Cap        Slew       Delay        Time   Description
---------------------------------------------------------------------------------------------
                                  0.000000    0.000000   clock clk (rise edge)
                                  0.000000    0.000000   clock network delay (propagated)
                                  2.000000    2.000000 v input external delay
     1    0.002303    0.004005    0.001823    2.001822 v pc[1] (in)
                                                         pc[1] (net)
                      0.004005    0.000000    2.001822 v input7/A (sky130_fd_sc_hd__dlymetal6s2s_1)
     5    0.019791    0.076044    0.120690    2.122513 v input7/X (sky130_fd_sc_hd__dlymetal6s2s_1)
                                                         net7 (net)
                      0.076044    0.000303    2.122816 v fanout35/A (sky130_fd_sc_hd__clkbuf_4)
    10    0.047163    0.072532    0.155368    2.278184 v fanout35/X (sky130_fd_sc_hd__clkbuf_4)
                                                         net35 (net)
                      0.072545    0.000981    2.279165 v _083_/A (sky130_fd_sc_hd__and2_1)
     6    0.022079    0.080793    0.152095    2.431260 v _083_/X (sky130_fd_sc_hd__and2_1)
                                                         _037_ (net)
                      0.080798    0.000692    2.431952 v _106_/B (sky130_fd_sc_hd__or4_1)
     1    0.003646    0.057349    0.299341    2.731293 v _106_/X (sky130_fd_sc_hd__or4_1)
                                                         _053_ (net)
                      0.057349    0.000046    2.731339 v _107_/A2 (sky130_fd_sc_hd__a21oi_1)
     1    0.003242    0.082239    0.107399    2.838738 ^ _107_/Y (sky130_fd_sc_hd__a21oi_1)
                                                         _009_ (net)
                      0.082239    0.000045    2.838783 ^ _125_/D (sky130_fd_sc_hd__dfxtp_1)
                                              2.838783   data arrival time

                                 10.000000   10.000000   clock clk (rise edge)
                                  0.000000   10.000000   clock source latency
     1    0.015422    0.056525    0.038256   10.038256 ^ clk (in)
                                                         clk (net)
                      0.056528    0.000000   10.038256 ^ clkbuf_0_clk/A (sky130_fd_sc_hd__clkbuf_16)
     2    0.018612    0.030383    0.090876   10.129131 ^ clkbuf_0_clk/X (sky130_fd_sc_hd__clkbuf_16)
                                                         clknet_0_clk (net)
                      0.030383    0.000089   10.129220 ^ clkbuf_1_1__f_clk/A (sky130_fd_sc_hd__clkbuf_16)
     8    0.024616    0.034252    0.087477   10.216697 ^ clkbuf_1_1__f_clk/X (sky130_fd_sc_hd__clkbuf_16)
                                                         clknet_1_1__leaf_clk (net)
                      0.034253    0.000266   10.216964 ^ _125_/CLK (sky130_fd_sc_hd__dfxtp_1)
                                 -0.250000    9.966964   clock uncertainty
                                  0.000000    9.966964   clock reconvergence pessimism
                                 -0.033446    9.933518   library setup time
                                              9.933518   data required time
---------------------------------------------------------------------------------------------
                                              9.933518   data required time
                                             -2.838783   data arrival time
---------------------------------------------------------------------------------------------
                                              7.094735   slack (MET)




===========================================================================
report_checks --slack_max -0.01
============================================================================
======================= min_ff_n40C_1v95 Corner ===================================

No paths found.


===========================================================================
 report_check_types -max_slew -max_cap -max_fanout -violators
============================================================================
======================= min_ff_n40C_1v95 Corner ===================================



===========================================================================
report_parasitic_annotation -report_unannotated
============================================================================
Found 2 unannotated drivers.
 pc[0]
 clkload0/X
Found 0 partially unannotated drivers.

===========================================================================
max slew violation count 0
max fanout violation count 0
max cap violation count 0
============================================================================

===========================================================================
check_setup -verbose -unconstrained_endpoints -multiple_clock -no_clock -no_input_delay -loops -generated_clocks
===========================================================================
