
===========================================================================
report_checks -path_delay max (Setup)
============================================================================
======================= min_ff_n40C_1v95 Corner ===================================

Startpoint: pc[1] (input port clocked by clk)
Endpoint: _125_ (rising edge-triggered flip-flop clocked by clk)
Path Group: clk
Path Type: max

Fanout         Cap        Slew       Delay        Time   Description
---------------------------------------------------------------------------------------------
                                  0.000000    0.000000   clock clk (rise edge)
                                  0.000000    0.000000   clock network delay (propagated)
                                  2.000000    2.000000 v input external delay
     1    0.002303    0.004005    0.001823    2.001822 v pc[1] (in)
                                                         pc[1] (net)
                      0.004005    0.000000    2.001822 v input7/A (sky130_fd_sc_hd__dlymetal6s2s_1)
     5    0.019791    0.076044    0.120690    2.122513 v input7/X (sky130_fd_sc_hd__dlymetal6s2s_1)
                                                         net7 (net)
                      0.076044    0.000303    2.122816 v fanout35/A (sky130_fd_sc_hd__clkbuf_4)
    10    0.047163    0.072532    0.155368    2.278184 v fanout35/X (sky130_fd_sc_hd__clkbuf_4)
                                                         net35 (net)
                      0.072545    0.000981    2.279165 v _083_/A (sky130_fd_sc_hd__and2_1)
     6    0.022079    0.080793    0.152095    2.431260 v _083_/X (sky130_fd_sc_hd__and2_1)
                                                         _037_ (net)
                      0.080798    0.000692    2.431952 v _106_/B (sky130_fd_sc_hd__or4_1)
     1    0.003646    0.057349    0.299341    2.731293 v _106_/X (sky130_fd_sc_hd__or4_1)
                                                         _053_ (net)
                      0.057349    0.000046    2.731339 v _107_/A2 (sky130_fd_sc_hd__a21oi_1)
     1    0.003242    0.082239    0.107399    2.838738 ^ _107_/Y (sky130_fd_sc_hd__a21oi_1)
                                                         _009_ (net)
                      0.082239    0.000045    2.838783 ^ _125_/D (sky130_fd_sc_hd__dfxtp_1)
                                              2.838783   data arrival time

                                 10.000000   10.000000   clock clk (rise edge)
                                  0.000000   10.000000   clock source latency
     1    0.015422    0.056525    0.038256   10.038256 ^ clk (in)
                                                         clk (net)
                      0.056528    0.000000   10.038256 ^ clkbuf_0_clk/A (sky130_fd_sc_hd__clkbuf_16)
     2    0.018612    0.030383    0.090876   10.129131 ^ clkbuf_0_clk/X (sky130_fd_sc_hd__clkbuf_16)
                                                         clknet_0_clk (net)
                      0.030383    0.000089   10.129220 ^ clkbuf_1_1__f_clk/A (sky130_fd_sc_hd__clkbuf_16)
     8    0.024616    0.034252    0.087477   10.216697 ^ clkbuf_1_1__f_clk/X (sky130_fd_sc_hd__clkbuf_16)
                                                         clknet_1_1__leaf_clk (net)
                      0.034253    0.000266   10.216964 ^ _125_/CLK (sky130_fd_sc_hd__dfxtp_1)
                                 -0.250000    9.966964   clock uncertainty
                                  0.000000    9.966964   clock reconvergence pessimism
                                 -0.033446    9.933518   library setup time
                                              9.933518   data required time
---------------------------------------------------------------------------------------------
                                              9.933518   data required time
                                             -2.838783   data arrival time
---------------------------------------------------------------------------------------------
                                              7.094735   slack (MET)


Startpoint: _122_ (rising edge-triggered flip-flop clocked by clk)
Endpoint: instruction[7] (output port clocked by clk)
Path Group: clk
Path Type: max

Fanout         Cap        Slew       Delay        Time   Description
---------------------------------------------------------------------------------------------
                                  0.000000    0.000000   clock clk (rise edge)
                                  0.000000    0.000000   clock source latency
     1    0.015422    0.056525    0.038255    0.038255 ^ clk (in)
                                                         clk (net)
                      0.056528    0.000000    0.038255 ^ clkbuf_0_clk/A (sky130_fd_sc_hd__clkbuf_16)
     2    0.018612    0.030383    0.090876    0.129131 ^ clkbuf_0_clk/X (sky130_fd_sc_hd__clkbuf_16)
                                                         clknet_0_clk (net)
                      0.030383    0.000123    0.129254 ^ clkbuf_1_0__f_clk/A (sky130_fd_sc_hd__clkbuf_16)
     7    0.029145    0.037445    0.090566    0.219820 ^ clkbuf_1_0__f_clk/X (sky130_fd_sc_hd__clkbuf_16)
                                                         clknet_1_0__leaf_clk (net)
                      0.037447    0.000332    0.220152 ^ _122_/CLK (sky130_fd_sc_hd__dfxtp_1)
     2    0.008037    0.063719    0.211605    0.431757 ^ _122_/Q (sky130_fd_sc_hd__dfxtp_1)
                                                         net22 (net)
                      0.063719    0.000166    0.431923 ^ _131_/A (sky130_fd_sc_hd__clkbuf_1)
     1    0.003367    0.036991    0.060248    0.492171 ^ _131_/X (sky130_fd_sc_hd__clkbuf_1)
                                                         net29 (net)
                      0.036991    0.000052    0.492223 ^ output29/A (sky130_fd_sc_hd__buf_2)
     1    0.034596    0.129371    0.140008    0.632231 ^ output29/X (sky130_fd_sc_hd__buf_2)
                                                         instruction[7] (net)
                      0.129373    0.000422    0.632653 ^ instruction[7] (out)
                                              0.632653   data arrival time

                                 10.000000   10.000000   clock clk (rise edge)
                                  0.000000   10.000000   clock network delay (propagated)
                                 -0.250000    9.750000   clock uncertainty
                                  0.000000    9.750000   clock reconvergence pessimism
                                 -2.000000    7.750000   output external delay
                                              7.750000   data required time
---------------------------------------------------------------------------------------------
                                              7.750000   data required time
                                             -0.632653   data arrival time
---------------------------------------------------------------------------------------------
                                              7.117347   slack (MET)


Startpoint: _124_ (rising edge-triggered flip-flop clocked by clk)
Endpoint: instruction[5] (output port clocked by clk)
Path Group: clk
Path Type: max

Fanout         Cap        Slew       Delay        Time   Description
---------------------------------------------------------------------------------------------
                                  0.000000    0.000000   clock clk (rise edge)
                                  0.000000    0.000000   clock source latency
     1    0.015422    0.056525    0.038255    0.038255 ^ clk (in)
                                                         clk (net)
                      0.056528    0.000000    0.038255 ^ clkbuf_0_clk/A (sky130_fd_sc_hd__clkbuf_16)
     2    0.018612    0.030383    0.090876    0.129131 ^ clkbuf_0_clk/X (sky130_fd_sc_hd__clkbuf_16)
                                                         clknet_0_clk (net)
                      0.030383    0.000089    0.129220 ^ clkbuf_1_1__f_clk/A (sky130_fd_sc_hd__clkbuf_16)
     8    0.024616    0.034252    0.087477    0.216697 ^ clkbuf_1_1__f_clk/X (sky130_fd_sc_hd__clkbuf_16)
                                                         clknet_1_1__leaf_clk (net)
                      0.034256    0.000348    0.217045 ^ _124_/CLK (sky130_fd_sc_hd__dfxtp_1)
     2    0.008643    0.067774    0.213564    0.430609 ^ _124_/Q (sky130_fd_sc_hd__dfxtp_1)
                                                         net31 (net)
                      0.067774    0.000195    0.430804 ^ _130_/A (sky130_fd_sc_hd__clkbuf_1)
     1    0.003346    0.036868    0.060395    0.491199 ^ _130_/X (sky130_fd_sc_hd__clkbuf_1)
                                                         net27 (net)
                      0.036868    0.000052    0.491250 ^ output27/A (sky130_fd_sc_hd__buf_2)
     1    0.034336    0.128441    0.139352    0.630602 ^ output27/X (sky130_fd_sc_hd__buf_2)
                                                         instruction[5] (net)
                      0.128443    0.000391    0.630993 ^ instruction[5] (out)
                                              0.630993   data arrival time

                                 10.000000   10.000000   clock clk (rise edge)
                                  0.000000   10.000000   clock network delay (propagated)
                                 -0.250000    9.750000   clock uncertainty
                                  0.000000    9.750000   clock reconvergence pessimism
                                 -2.000000    7.750000   output external delay
                                              7.750000   data required time
---------------------------------------------------------------------------------------------
                                              7.750000   data required time
                                             -0.630993   data arrival time
---------------------------------------------------------------------------------------------
                                              7.119007   slack (MET)


Startpoint: pc[13] (input port clocked by clk)
Endpoint: _116_ (rising edge-triggered flip-flop clocked by clk)
Path Group: clk
Path Type: max

Fanout         Cap        Slew       Delay        Time   Description
---------------------------------------------------------------------------------------------
                                  0.000000    0.000000   clock clk (rise edge)
                                  0.000000    0.000000   clock network delay (propagated)
                                  2.000000    2.000000 v input external delay
     1    0.002652    0.004514    0.002130    2.002130 v pc[13] (in)
                                                         pc[13] (net)
                      0.004514    0.000000    2.002130 v input4/A (sky130_fd_sc_hd__clkbuf_1)
     1    0.002739    0.018114    0.046213    2.048343 v input4/X (sky130_fd_sc_hd__clkbuf_1)
                                                         net4 (net)
                      0.018114    0.000026    2.048369 v _062_/A (sky130_fd_sc_hd__or4_1)
     2    0.007505    0.073629    0.316910    2.365278 v _062_/X (sky130_fd_sc_hd__or4_1)
                                                         _018_ (net)
                      0.073629    0.000113    2.365391 v _065_/C (sky130_fd_sc_hd__or4_4)
    10    0.034580    0.091857    0.345439    2.710831 v _065_/X (sky130_fd_sc_hd__or4_4)
                                                         _021_ (net)
                      0.091905    0.001898    2.712729 v _073_/B1 (sky130_fd_sc_hd__a21oi_1)
     1    0.004234    0.095393    0.084523    2.797252 ^ _073_/Y (sky130_fd_sc_hd__a21oi_1)
                                                         _000_ (net)
                      0.095393    0.000079    2.797330 ^ _116_/D (sky130_fd_sc_hd__dfxtp_1)
                                              2.797330   data arrival time

                                 10.000000   10.000000   clock clk (rise edge)
                                  0.000000   10.000000   clock source latency
     1    0.015422    0.056525    0.038256   10.038256 ^ clk (in)
                                                         clk (net)
                      0.056528    0.000000   10.038256 ^ clkbuf_0_clk/A (sky130_fd_sc_hd__clkbuf_16)
     2    0.018612    0.030383    0.090876   10.129131 ^ clkbuf_0_clk/X (sky130_fd_sc_hd__clkbuf_16)
                                                         clknet_0_clk (net)
                      0.030383    0.000089   10.129220 ^ clkbuf_1_1__f_clk/A (sky130_fd_sc_hd__clkbuf_16)
     8    0.024616    0.034252    0.087477   10.216697 ^ clkbuf_1_1__f_clk/X (sky130_fd_sc_hd__clkbuf_16)
                                                         clknet_1_1__leaf_clk (net)
                      0.034255    0.000325   10.217022 ^ _116_/CLK (sky130_fd_sc_hd__dfxtp_1)
                                 -0.250000    9.967022   clock uncertainty
                                  0.000000    9.967022   clock reconvergence pessimism
                                 -0.034630    9.932392   library setup time
                                              9.932392   data required time
---------------------------------------------------------------------------------------------
                                              9.932392   data required time
                                             -2.797330   data arrival time
---------------------------------------------------------------------------------------------
                                              7.135062   slack (MET)


Startpoint: pc[13] (input port clocked by clk)
Endpoint: _123_ (rising edge-triggered flip-flop clocked by clk)
Path Group: clk
Path Type: max

Fanout         Cap        Slew       Delay        Time   Description
---------------------------------------------------------------------------------------------
                                  0.000000    0.000000   clock clk (rise edge)
                                  0.000000    0.000000   clock network delay (propagated)
                                  2.000000    2.000000 v input external delay
     1    0.002652    0.004514    0.002130    2.002130 v pc[13] (in)
                                                         pc[13] (net)
                      0.004514    0.000000    2.002130 v input4/A (sky130_fd_sc_hd__clkbuf_1)
     1    0.002739    0.018114    0.046213    2.048343 v input4/X (sky130_fd_sc_hd__clkbuf_1)
                                                         net4 (net)
                      0.018114    0.000026    2.048369 v _062_/A (sky130_fd_sc_hd__or4_1)
     2    0.007505    0.073629    0.316910    2.365278 v _062_/X (sky130_fd_sc_hd__or4_1)
                                                         _018_ (net)
                      0.073629    0.000113    2.365391 v _065_/C (sky130_fd_sc_hd__or4_4)
    10    0.034580    0.091857    0.345439    2.710831 v _065_/X (sky130_fd_sc_hd__or4_4)
                                                         _021_ (net)
                      0.091900    0.001803    2.712634 v _103_/B1 (sky130_fd_sc_hd__a21oi_1)
     1    0.004052    0.092775    0.083134    2.795767 ^ _103_/Y (sky130_fd_sc_hd__a21oi_1)
                                                         _007_ (net)
                      0.092775    0.000063    2.795830 ^ _123_/D (sky130_fd_sc_hd__dfxtp_1)
                                              2.795830   data arrival time

                                 10.000000   10.000000   clock clk (rise edge)
                                  0.000000   10.000000   clock source latency
     1    0.015422    0.056525    0.038256   10.038256 ^ clk (in)
                                                         clk (net)
                      0.056528    0.000000   10.038256 ^ clkbuf_0_clk/A (sky130_fd_sc_hd__clkbuf_16)
     2    0.018612    0.030383    0.090876   10.129131 ^ clkbuf_0_clk/X (sky130_fd_sc_hd__clkbuf_16)
                                                         clknet_0_clk (net)
                      0.030383    0.000089   10.129220 ^ clkbuf_1_1__f_clk/A (sky130_fd_sc_hd__clkbuf_16)
     8    0.024616    0.034252    0.087477   10.216697 ^ clkbuf_1_1__f_clk/X (sky130_fd_sc_hd__clkbuf_16)
                                                         clknet_1_1__leaf_clk (net)
                      0.034255    0.000337   10.217033 ^ _123_/CLK (sky130_fd_sc_hd__dfxtp_1)
                                 -0.250000    9.967033   clock uncertainty
                                  0.000000    9.967033   clock reconvergence pessimism
                                 -0.034394    9.932640   library setup time
                                              9.932640   data required time
---------------------------------------------------------------------------------------------
                                              9.932640   data required time
                                             -2.795830   data arrival time
---------------------------------------------------------------------------------------------
                                              7.136809   slack (MET)


Startpoint: pc[13] (input port clocked by clk)
Endpoint: _129_ (rising edge-triggered flip-flop clocked by clk)
Path Group: clk
Path Type: max

Fanout         Cap        Slew       Delay        Time   Description
---------------------------------------------------------------------------------------------
                                  0.000000    0.000000   clock clk (rise edge)
                                  0.000000    0.000000   clock network delay (propagated)
                                  2.000000    2.000000 v input external delay
     1    0.002652    0.004514    0.002130    2.002130 v pc[13] (in)
                                                         pc[13] (net)
                      0.004514    0.000000    2.002130 v input4/A (sky130_fd_sc_hd__clkbuf_1)
     1    0.002739    0.018114    0.046213    2.048343 v input4/X (sky130_fd_sc_hd__clkbuf_1)
                                                         net4 (net)
                      0.018114    0.000026    2.048369 v _062_/A (sky130_fd_sc_hd__or4_1)
     2    0.007505    0.073629    0.316910    2.365278 v _062_/X (sky130_fd_sc_hd__or4_1)
                                                         _018_ (net)
                      0.073629    0.000113    2.365391 v _065_/C (sky130_fd_sc_hd__or4_4)
    10    0.034580    0.091857    0.345439    2.710831 v _065_/X (sky130_fd_sc_hd__or4_4)
                                                         _021_ (net)
                      0.091921    0.002135    2.712966 v _115_/B1 (sky130_fd_sc_hd__a21oi_1)
     1    0.003932    0.091195    0.082218    2.795184 ^ _115_/Y (sky130_fd_sc_hd__a21oi_1)
                                                         _013_ (net)
                      0.091195    0.000069    2.795253 ^ _129_/D (sky130_fd_sc_hd__dfxtp_1)
                                              2.795253   data arrival time

                                 10.000000   10.000000   clock clk (rise edge)
                                  0.000000   10.000000   clock source latency
     1    0.015422    0.056525    0.038256   10.038256 ^ clk (in)
                                                         clk (net)
                      0.056528    0.000000   10.038256 ^ clkbuf_0_clk/A (sky130_fd_sc_hd__clkbuf_16)
     2    0.018612    0.030383    0.090876   10.129131 ^ clkbuf_0_clk/X (sky130_fd_sc_hd__clkbuf_16)
                                                         clknet_0_clk (net)
                      0.030383    0.000089   10.129220 ^ clkbuf_1_1__f_clk/A (sky130_fd_sc_hd__clkbuf_16)
     8    0.024616    0.034252    0.087477   10.216697 ^ clkbuf_1_1__f_clk/X (sky130_fd_sc_hd__clkbuf_16)
                                                         clknet_1_1__leaf_clk (net)
                      0.034254    0.000267   10.216965 ^ _129_/CLK (sky130_fd_sc_hd__dfxtp_1)
                                 -0.250000    9.966965   clock uncertainty
                                  0.000000    9.966965   clock reconvergence pessimism
                                 -0.034252    9.932713   library setup time
                                              9.932713   data required time
---------------------------------------------------------------------------------------------
                                              9.932713   data required time
                                             -2.795253   data arrival time
---------------------------------------------------------------------------------------------
                                              7.137460   slack (MET)


Startpoint: pc[13] (input port clocked by clk)
Endpoint: _121_ (rising edge-triggered flip-flop clocked by clk)
Path Group: clk
Path Type: max

Fanout         Cap        Slew       Delay        Time   Description
---------------------------------------------------------------------------------------------
                                  0.000000    0.000000   clock clk (rise edge)
                                  0.000000    0.000000   clock network delay (propagated)
                                  2.000000    2.000000 v input external delay
     1    0.002652    0.004514    0.002130    2.002130 v pc[13] (in)
                                                         pc[13] (net)
                      0.004514    0.000000    2.002130 v input4/A (sky130_fd_sc_hd__clkbuf_1)
     1    0.002739    0.018114    0.046213    2.048343 v input4/X (sky130_fd_sc_hd__clkbuf_1)
                                                         net4 (net)
                      0.018114    0.000026    2.048369 v _062_/A (sky130_fd_sc_hd__or4_1)
     2    0.007505    0.073629    0.316910    2.365278 v _062_/X (sky130_fd_sc_hd__or4_1)
                                                         _018_ (net)
                      0.073629    0.000113    2.365391 v _065_/C (sky130_fd_sc_hd__or4_4)
    10    0.034580    0.091857    0.345439    2.710831 v _065_/X (sky130_fd_sc_hd__or4_4)
                                                         _021_ (net)
                      0.091921    0.002131    2.712962 v _100_/B1 (sky130_fd_sc_hd__a21oi_1)
     1    0.003658    0.087566    0.080118    2.793079 ^ _100_/Y (sky130_fd_sc_hd__a21oi_1)
                                                         _005_ (net)
                      0.087566    0.000051    2.793130 ^ _121_/D (sky130_fd_sc_hd__dfxtp_1)
                                              2.793130   data arrival time

                                 10.000000   10.000000   clock clk (rise edge)
                                  0.000000   10.000000   clock source latency
     1    0.015422    0.056525    0.038256   10.038256 ^ clk (in)
                                                         clk (net)
                      0.056528    0.000000   10.038256 ^ clkbuf_0_clk/A (sky130_fd_sc_hd__clkbuf_16)
     2    0.018612    0.030383    0.090876   10.129131 ^ clkbuf_0_clk/X (sky130_fd_sc_hd__clkbuf_16)
                                                         clknet_0_clk (net)
                      0.030383    0.000089   10.129220 ^ clkbuf_1_1__f_clk/A (sky130_fd_sc_hd__clkbuf_16)
     8    0.024616    0.034252    0.087477   10.216697 ^ clkbuf_1_1__f_clk/X (sky130_fd_sc_hd__clkbuf_16)
                                                         clknet_1_1__leaf_clk (net)
                      0.034254    0.000282   10.216980 ^ _121_/CLK (sky130_fd_sc_hd__dfxtp_1)
                                 -0.250000    9.966980   clock uncertainty
                                  0.000000    9.966980   clock reconvergence pessimism
                                 -0.033925    9.933055   library setup time
                                              9.933055   data required time
---------------------------------------------------------------------------------------------
                                              9.933055   data required time
                                             -2.793130   data arrival time
---------------------------------------------------------------------------------------------
                                              7.139925   slack (MET)


Startpoint: pc[13] (input port clocked by clk)
Endpoint: _127_ (rising edge-triggered flip-flop clocked by clk)
Path Group: clk
Path Type: max

Fanout         Cap        Slew       Delay        Time   Description
---------------------------------------------------------------------------------------------
                                  0.000000    0.000000   clock clk (rise edge)
                                  0.000000    0.000000   clock network delay (propagated)
                                  2.000000    2.000000 v input external delay
     1    0.002652    0.004514    0.002130    2.002130 v pc[13] (in)
                                                         pc[13] (net)
                      0.004514    0.000000    2.002130 v input4/A (sky130_fd_sc_hd__clkbuf_1)
     1    0.002739    0.018114    0.046213    2.048343 v input4/X (sky130_fd_sc_hd__clkbuf_1)
                                                         net4 (net)
                      0.018114    0.000026    2.048369 v _062_/A (sky130_fd_sc_hd__or4_1)
     2    0.007505    0.073629    0.316910    2.365278 v _062_/X (sky130_fd_sc_hd__or4_1)
                                                         _018_ (net)
                      0.073629    0.000113    2.365391 v _065_/C (sky130_fd_sc_hd__or4_4)
    10    0.034580    0.091857    0.345439    2.710831 v _065_/X (sky130_fd_sc_hd__or4_4)
                                                         _021_ (net)
                      0.091908    0.001939    2.712770 v _110_/B1 (sky130_fd_sc_hd__a21oi_1)
     1    0.002886    0.077359    0.074128    2.786898 ^ _110_/Y (sky130_fd_sc_hd__a21oi_1)
                                                         _011_ (net)
                      0.077359    0.000036    2.786934 ^ _127_/D (sky130_fd_sc_hd__dfxtp_1)
                                              2.786934   data arrival time

                                 10.000000   10.000000   clock clk (rise edge)
                                  0.000000   10.000000   clock source latency
     1    0.015422    0.056525    0.038256   10.038256 ^ clk (in)
                                                         clk (net)
                      0.056528    0.000000   10.038256 ^ clkbuf_0_clk/A (sky130_fd_sc_hd__clkbuf_16)
     2    0.018612    0.030383    0.090876   10.129131 ^ clkbuf_0_clk/X (sky130_fd_sc_hd__clkbuf_16)
                                                         clknet_0_clk (net)
                      0.030383    0.000089   10.129220 ^ clkbuf_1_1__f_clk/A (sky130_fd_sc_hd__clkbuf_16)
     8    0.024616    0.034252    0.087477   10.216697 ^ clkbuf_1_1__f_clk/X (sky130_fd_sc_hd__clkbuf_16)
                                                         clknet_1_1__leaf_clk (net)
                      0.034254    0.000293   10.216990 ^ _127_/CLK (sky130_fd_sc_hd__dfxtp_1)
                                 -0.250000    9.966990   clock uncertainty
                                  0.000000    9.966990   clock reconvergence pessimism
                                 -0.033006    9.933985   library setup time
                                              9.933985   data required time
---------------------------------------------------------------------------------------------
                                              9.933985   data required time
                                             -2.786934   data arrival time
---------------------------------------------------------------------------------------------
                                              7.147051   slack (MET)


Startpoint: pc[13] (input port clocked by clk)
Endpoint: _120_ (rising edge-triggered flip-flop clocked by clk)
Path Group: clk
Path Type: max

Fanout         Cap        Slew       Delay        Time   Description
---------------------------------------------------------------------------------------------
                                  0.000000    0.000000   clock clk (rise edge)
                                  0.000000    0.000000   clock network delay (propagated)
                                  2.000000    2.000000 v input external delay
     1    0.002652    0.004514    0.002130    2.002130 v pc[13] (in)
                                                         pc[13] (net)
                      0.004514    0.000000    2.002130 v input4/A (sky130_fd_sc_hd__clkbuf_1)
     1    0.002739    0.018114    0.046213    2.048343 v input4/X (sky130_fd_sc_hd__clkbuf_1)
                                                         net4 (net)
                      0.018114    0.000026    2.048369 v _062_/A (sky130_fd_sc_hd__or4_1)
     2    0.007505    0.073629    0.316910    2.365278 v _062_/X (sky130_fd_sc_hd__or4_1)
                                                         _018_ (net)
                      0.073629    0.000113    2.365391 v _065_/C (sky130_fd_sc_hd__or4_4)
    10    0.034580    0.091857    0.345439    2.710831 v _065_/X (sky130_fd_sc_hd__or4_4)
                                                         _021_ (net)
                      0.091912    0.002001    2.712831 v _097_/B1 (sky130_fd_sc_hd__a21oi_1)
     1    0.002788    0.076117    0.073255    2.786087 ^ _097_/Y (sky130_fd_sc_hd__a21oi_1)
                                                         _004_ (net)
                      0.076117    0.000024    2.786111 ^ _120_/D (sky130_fd_sc_hd__dfxtp_1)
                                              2.786111   data arrival time

                                 10.000000   10.000000   clock clk (rise edge)
                                  0.000000   10.000000   clock source latency
     1    0.015422    0.056525    0.038256   10.038256 ^ clk (in)
                                                         clk (net)
                      0.056528    0.000000   10.038256 ^ clkbuf_0_clk/A (sky130_fd_sc_hd__clkbuf_16)
     2    0.018612    0.030383    0.090876   10.129131 ^ clkbuf_0_clk/X (sky130_fd_sc_hd__clkbuf_16)
                                                         clknet_0_clk (net)
                      0.030383    0.000089   10.129220 ^ clkbuf_1_1__f_clk/A (sky130_fd_sc_hd__clkbuf_16)
     8    0.024616    0.034252    0.087477   10.216697 ^ clkbuf_1_1__f_clk/X (sky130_fd_sc_hd__clkbuf_16)
                                                         clknet_1_1__leaf_clk (net)
                      0.034253    0.000264   10.216961 ^ _120_/CLK (sky130_fd_sc_hd__dfxtp_1)
                                 -0.250000    9.966961   clock uncertainty
                                  0.000000    9.966961   clock reconvergence pessimism
                                 -0.032894    9.934066   library setup time
                                              9.934066   data required time
---------------------------------------------------------------------------------------------
                                              9.934066   data required time
                                             -2.786111   data arrival time
---------------------------------------------------------------------------------------------
                                              7.147955   slack (MET)


Startpoint: pc[13] (input port clocked by clk)
Endpoint: _118_ (rising edge-triggered flip-flop clocked by clk)
Path Group: clk
Path Type: max

Fanout         Cap        Slew       Delay        Time   Description
---------------------------------------------------------------------------------------------
                                  0.000000    0.000000   clock clk (rise edge)
                                  0.000000    0.000000   clock network delay (propagated)
                                  2.000000    2.000000 v input external delay
     1    0.002652    0.004514    0.002130    2.002130 v pc[13] (in)
                                                         pc[13] (net)
                      0.004514    0.000000    2.002130 v input4/A (sky130_fd_sc_hd__clkbuf_1)
     1    0.002739    0.018114    0.046213    2.048343 v input4/X (sky130_fd_sc_hd__clkbuf_1)
                                                         net4 (net)
                      0.018114    0.000026    2.048369 v _062_/A (sky130_fd_sc_hd__or4_1)
     2    0.007505    0.073629    0.316910    2.365278 v _062_/X (sky130_fd_sc_hd__or4_1)
                                                         _018_ (net)
                      0.073629    0.000113    2.365391 v _065_/C (sky130_fd_sc_hd__or4_4)
    10    0.034580    0.091857    0.345439    2.710831 v _065_/X (sky130_fd_sc_hd__or4_4)
                                                         _021_ (net)
                      0.091889    0.001612    2.712443 v _088_/B1 (sky130_fd_sc_hd__a21oi_1)
     1    0.003024    0.079222    0.075244    2.787688 ^ _088_/Y (sky130_fd_sc_hd__a21oi_1)
                                                         _002_ (net)
                      0.079222    0.000039    2.787727 ^ _118_/D (sky130_fd_sc_hd__dfxtp_1)
                                              2.787727   data arrival time

                                 10.000000   10.000000   clock clk (rise edge)
                                  0.000000   10.000000   clock source latency
     1    0.015422    0.056525    0.038256   10.038256 ^ clk (in)
                                                         clk (net)
                      0.056528    0.000000   10.038256 ^ clkbuf_0_clk/A (sky130_fd_sc_hd__clkbuf_16)
     2    0.018612    0.030383    0.090876   10.129131 ^ clkbuf_0_clk/X (sky130_fd_sc_hd__clkbuf_16)
                                                         clknet_0_clk (net)
                      0.030383    0.000123   10.129254 ^ clkbuf_1_0__f_clk/A (sky130_fd_sc_hd__clkbuf_16)
     7    0.029145    0.037445    0.090567   10.219821 ^ clkbuf_1_0__f_clk/X (sky130_fd_sc_hd__clkbuf_16)
                                                         clknet_1_0__leaf_clk (net)
                      0.037452    0.000496   10.220317 ^ _118_/CLK (sky130_fd_sc_hd__dfxtp_1)
                                 -0.250000    9.970317   clock uncertainty
                                  0.000000    9.970317   clock reconvergence pessimism
                                 -0.033074    9.937243   library setup time
                                              9.937243   data required time
---------------------------------------------------------------------------------------------
                                              9.937243   data required time
                                             -2.787727   data arrival time
---------------------------------------------------------------------------------------------
                                              7.149517   slack (MET)


Startpoint: pc[13] (input port clocked by clk)
Endpoint: _117_ (rising edge-triggered flip-flop clocked by clk)
Path Group: clk
Path Type: max

Fanout         Cap        Slew       Delay        Time   Description
---------------------------------------------------------------------------------------------
                                  0.000000    0.000000   clock clk (rise edge)
                                  0.000000    0.000000   clock network delay (propagated)
                                  2.000000    2.000000 v input external delay
     1    0.002652    0.004514    0.002130    2.002130 v pc[13] (in)
                                                         pc[13] (net)
                      0.004514    0.000000    2.002130 v input4/A (sky130_fd_sc_hd__clkbuf_1)
     1    0.002739    0.018114    0.046213    2.048343 v input4/X (sky130_fd_sc_hd__clkbuf_1)
                                                         net4 (net)
                      0.018114    0.000026    2.048369 v _062_/A (sky130_fd_sc_hd__or4_1)
     2    0.007505    0.073629    0.316910    2.365278 v _062_/X (sky130_fd_sc_hd__or4_1)
                                                         _018_ (net)
                      0.073629    0.000113    2.365391 v _065_/C (sky130_fd_sc_hd__or4_4)
    10    0.034580    0.091857    0.345439    2.710831 v _065_/X (sky130_fd_sc_hd__or4_4)
                                                         _021_ (net)
                      0.091871    0.001207    2.712038 v _079_/B1 (sky130_fd_sc_hd__a21oi_1)
     1    0.003055    0.079595    0.075477    2.787515 ^ _079_/Y (sky130_fd_sc_hd__a21oi_1)
                                                         _001_ (net)
                      0.079595    0.000041    2.787556 ^ _117_/D (sky130_fd_sc_hd__dfxtp_1)
                                              2.787556   data arrival time

                                 10.000000   10.000000   clock clk (rise edge)
                                  0.000000   10.000000   clock source latency
     1    0.015422    0.056525    0.038256   10.038256 ^ clk (in)
                                                         clk (net)
                      0.056528    0.000000   10.038256 ^ clkbuf_0_clk/A (sky130_fd_sc_hd__clkbuf_16)
     2    0.018612    0.030383    0.090876   10.129131 ^ clkbuf_0_clk/X (sky130_fd_sc_hd__clkbuf_16)
                                                         clknet_0_clk (net)
                      0.030383    0.000123   10.129254 ^ clkbuf_1_0__f_clk/A (sky130_fd_sc_hd__clkbuf_16)
     7    0.029145    0.037445    0.090567   10.219821 ^ clkbuf_1_0__f_clk/X (sky130_fd_sc_hd__clkbuf_16)
                                                         clknet_1_0__leaf_clk (net)
                      0.037450    0.000439   10.220260 ^ _117_/CLK (sky130_fd_sc_hd__dfxtp_1)
                                 -0.250000    9.970260   clock uncertainty
                                  0.000000    9.970260   clock reconvergence pessimism
                                 -0.033108    9.937152   library setup time
                                              9.937152   data required time
---------------------------------------------------------------------------------------------
                                              9.937152   data required time
                                             -2.787556   data arrival time
---------------------------------------------------------------------------------------------
                                              7.149596   slack (MET)


Startpoint: pc[13] (input port clocked by clk)
Endpoint: _126_ (rising edge-triggered flip-flop clocked by clk)
Path Group: clk
Path Type: max

Fanout         Cap        Slew       Delay        Time   Description
---------------------------------------------------------------------------------------------
                                  0.000000    0.000000   clock clk (rise edge)
                                  0.000000    0.000000   clock network delay (propagated)
                                  2.000000    2.000000 v input external delay
     1    0.002652    0.004514    0.002130    2.002130 v pc[13] (in)
                                                         pc[13] (net)
                      0.004514    0.000000    2.002130 v input4/A (sky130_fd_sc_hd__clkbuf_1)
     1    0.002739    0.018114    0.046213    2.048343 v input4/X (sky130_fd_sc_hd__clkbuf_1)
                                                         net4 (net)
                      0.018114    0.000026    2.048369 v _062_/A (sky130_fd_sc_hd__or4_1)
     2    0.007505    0.073629    0.316910    2.365278 v _062_/X (sky130_fd_sc_hd__or4_1)
                                                         _018_ (net)
                      0.073629    0.000079    2.365357 v _064_/C (sky130_fd_sc_hd__nor4_1)
     2    0.007050    0.247678    0.234643    2.600000 ^ _064_/Y (sky130_fd_sc_hd__nor4_1)
                                                         _020_ (net)
                      0.247678    0.000099    2.600099 ^ max_cap32/A (sky130_fd_sc_hd__buf_1)
     3    0.010606    0.098081    0.105721    2.705820 ^ max_cap32/X (sky130_fd_sc_hd__buf_1)
                                                         net32 (net)
                      0.098081    0.000171    2.705991 ^ _108_/C1 (sky130_fd_sc_hd__o221a_1)
     1    0.003334    0.039855    0.084344    2.790335 ^ _108_/X (sky130_fd_sc_hd__o221a_1)
                                                         _010_ (net)
                      0.039855    0.000050    2.790385 ^ _126_/D (sky130_fd_sc_hd__dfxtp_1)
                                              2.790385   data arrival time

                                 10.000000   10.000000   clock clk (rise edge)
                                  0.000000   10.000000   clock source latency
     1    0.015422    0.056525    0.038256   10.038256 ^ clk (in)
                                                         clk (net)
                      0.056528    0.000000   10.038256 ^ clkbuf_0_clk/A (sky130_fd_sc_hd__clkbuf_16)
     2    0.018612    0.030383    0.090876   10.129131 ^ clkbuf_0_clk/X (sky130_fd_sc_hd__clkbuf_16)
                                                         clknet_0_clk (net)
                      0.030383    0.000123   10.129254 ^ clkbuf_1_0__f_clk/A (sky130_fd_sc_hd__clkbuf_16)
     7    0.029145    0.037445    0.090567   10.219821 ^ clkbuf_1_0__f_clk/X (sky130_fd_sc_hd__clkbuf_16)
                                                         clknet_1_0__leaf_clk (net)
                      0.037448    0.000355   10.220176 ^ _126_/CLK (sky130_fd_sc_hd__dfxtp_1)
                                 -0.250000    9.970176   clock uncertainty
                                  0.000000    9.970176   clock reconvergence pessimism
                                 -0.029534    9.940642   library setup time
                                              9.940642   data required time
---------------------------------------------------------------------------------------------
                                              9.940642   data required time
                                             -2.790385   data arrival time
---------------------------------------------------------------------------------------------
                                              7.150258   slack (MET)


Startpoint: pc[13] (input port clocked by clk)
Endpoint: _124_ (rising edge-triggered flip-flop clocked by clk)
Path Group: clk
Path Type: max

Fanout         Cap        Slew       Delay        Time   Description
---------------------------------------------------------------------------------------------
                                  0.000000    0.000000   clock clk (rise edge)
                                  0.000000    0.000000   clock network delay (propagated)
                                  2.000000    2.000000 v input external delay
     1    0.002652    0.004514    0.002130    2.002130 v pc[13] (in)
                                                         pc[13] (net)
                      0.004514    0.000000    2.002130 v input4/A (sky130_fd_sc_hd__clkbuf_1)
     1    0.002739    0.018114    0.046213    2.048343 v input4/X (sky130_fd_sc_hd__clkbuf_1)
                                                         net4 (net)
                      0.018114    0.000026    2.048369 v _062_/A (sky130_fd_sc_hd__or4_1)
     2    0.007505    0.073629    0.316910    2.365278 v _062_/X (sky130_fd_sc_hd__or4_1)
                                                         _018_ (net)
                      0.073629    0.000079    2.365357 v _064_/C (sky130_fd_sc_hd__nor4_1)
     2    0.007050    0.247678    0.234643    2.600000 ^ _064_/Y (sky130_fd_sc_hd__nor4_1)
                                                         _020_ (net)
                      0.247678    0.000099    2.600099 ^ max_cap32/A (sky130_fd_sc_hd__buf_1)
     3    0.010606    0.098081    0.105721    2.705820 ^ max_cap32/X (sky130_fd_sc_hd__buf_1)
                                                         net32 (net)
                      0.098081    0.000183    2.706002 ^ _105_/C1 (sky130_fd_sc_hd__o211a_1)
     1    0.003916    0.035415    0.078946    2.784949 ^ _105_/X (sky130_fd_sc_hd__o211a_1)
                                                         _008_ (net)
                      0.035415    0.000068    2.785016 ^ _124_/D (sky130_fd_sc_hd__dfxtp_1)
                                              2.785016   data arrival time

                                 10.000000   10.000000   clock clk (rise edge)
                                  0.000000   10.000000   clock source latency
     1    0.015422    0.056525    0.038256   10.038256 ^ clk (in)
                                                         clk (net)
                      0.056528    0.000000   10.038256 ^ clkbuf_0_clk/A (sky130_fd_sc_hd__clkbuf_16)
     2    0.018612    0.030383    0.090876   10.129131 ^ clkbuf_0_clk/X (sky130_fd_sc_hd__clkbuf_16)
                                                         clknet_0_clk (net)
                      0.030383    0.000089   10.129220 ^ clkbuf_1_1__f_clk/A (sky130_fd_sc_hd__clkbuf_16)
     8    0.024616    0.034252    0.087477   10.216697 ^ clkbuf_1_1__f_clk/X (sky130_fd_sc_hd__clkbuf_16)
                                                         clknet_1_1__leaf_clk (net)
                      0.034256    0.000348   10.217045 ^ _124_/CLK (sky130_fd_sc_hd__dfxtp_1)
                                 -0.250000    9.967045   clock uncertainty
                                  0.000000    9.967045   clock reconvergence pessimism
                                 -0.029229    9.937817   library setup time
                                              9.937817   data required time
---------------------------------------------------------------------------------------------
                                              9.937817   data required time
                                             -2.785016   data arrival time
---------------------------------------------------------------------------------------------
                                              7.152800   slack (MET)


Startpoint: pc[13] (input port clocked by clk)
Endpoint: _128_ (rising edge-triggered flip-flop clocked by clk)
Path Group: clk
Path Type: max

Fanout         Cap        Slew       Delay        Time   Description
---------------------------------------------------------------------------------------------
                                  0.000000    0.000000   clock clk (rise edge)
                                  0.000000    0.000000   clock network delay (propagated)
                                  2.000000    2.000000 v input external delay
     1    0.002652    0.004514    0.002130    2.002130 v pc[13] (in)
                                                         pc[13] (net)
                      0.004514    0.000000    2.002130 v input4/A (sky130_fd_sc_hd__clkbuf_1)
     1    0.002739    0.018114    0.046213    2.048343 v input4/X (sky130_fd_sc_hd__clkbuf_1)
                                                         net4 (net)
                      0.018114    0.000026    2.048369 v _062_/A (sky130_fd_sc_hd__or4_1)
     2    0.007505    0.073629    0.316910    2.365278 v _062_/X (sky130_fd_sc_hd__or4_1)
                                                         _018_ (net)
                      0.073629    0.000113    2.365391 v _065_/C (sky130_fd_sc_hd__or4_4)
    10    0.034580    0.091857    0.345439    2.710831 v _065_/X (sky130_fd_sc_hd__or4_4)
                                                         _021_ (net)
                      0.091861    0.000837    2.711668 v _113_/B1 (sky130_fd_sc_hd__a21oi_1)
     1    0.002703    0.074951    0.072478    2.784146 ^ _113_/Y (sky130_fd_sc_hd__a21oi_1)
                                                         _012_ (net)
                      0.074951    0.000032    2.784178 ^ _128_/D (sky130_fd_sc_hd__dfxtp_1)
                                              2.784178   data arrival time

                                 10.000000   10.000000   clock clk (rise edge)
                                  0.000000   10.000000   clock source latency
     1    0.015422    0.056525    0.038256   10.038256 ^ clk (in)
                                                         clk (net)
                      0.056528    0.000000   10.038256 ^ clkbuf_0_clk/A (sky130_fd_sc_hd__clkbuf_16)
     2    0.018612    0.030383    0.090876   10.129131 ^ clkbuf_0_clk/X (sky130_fd_sc_hd__clkbuf_16)
                                                         clknet_0_clk (net)
                      0.030383    0.000123   10.129254 ^ clkbuf_1_0__f_clk/A (sky130_fd_sc_hd__clkbuf_16)
     7    0.029145    0.037445    0.090567   10.219821 ^ clkbuf_1_0__f_clk/X (sky130_fd_sc_hd__clkbuf_16)
                                                         clknet_1_0__leaf_clk (net)
                      0.037450    0.000435   10.220256 ^ _128_/CLK (sky130_fd_sc_hd__dfxtp_1)
                                 -0.250000    9.970256   clock uncertainty
                                  0.000000    9.970256   clock reconvergence pessimism
                                 -0.032690    9.937566   library setup time
                                              9.937566   data required time
---------------------------------------------------------------------------------------------
                                              9.937566   data required time
                                             -2.784178   data arrival time
---------------------------------------------------------------------------------------------
                                              7.153388   slack (MET)


Startpoint: _125_ (rising edge-triggered flip-flop clocked by clk)
Endpoint: instruction[10] (output port clocked by clk)
Path Group: clk
Path Type: max

Fanout         Cap        Slew       Delay        Time   Description
---------------------------------------------------------------------------------------------
                                  0.000000    0.000000   clock clk (rise edge)
                                  0.000000    0.000000   clock source latency
     1    0.015422    0.056525    0.038255    0.038255 ^ clk (in)
                                                         clk (net)
                      0.056528    0.000000    0.038255 ^ clkbuf_0_clk/A (sky130_fd_sc_hd__clkbuf_16)
     2    0.018612    0.030383    0.090876    0.129131 ^ clkbuf_0_clk/X (sky130_fd_sc_hd__clkbuf_16)
                                                         clknet_0_clk (net)
                      0.030383    0.000089    0.129220 ^ clkbuf_1_1__f_clk/A (sky130_fd_sc_hd__clkbuf_16)
     8    0.024616    0.034252    0.087477    0.216697 ^ clkbuf_1_1__f_clk/X (sky130_fd_sc_hd__clkbuf_16)
                                                         clknet_1_1__leaf_clk (net)
                      0.034253    0.000266    0.216963 ^ _125_/CLK (sky130_fd_sc_hd__dfxtp_1)
     1    0.009241    0.071777    0.216447    0.433410 ^ _125_/Q (sky130_fd_sc_hd__dfxtp_1)
                                                         net17 (net)
                      0.071777    0.000280    0.433690 ^ output17/A (sky130_fd_sc_hd__buf_2)
     1    0.034052    0.127318    0.147982    0.581671 ^ output17/X (sky130_fd_sc_hd__buf_2)
                                                         instruction[10] (net)
                      0.127318    0.000209    0.581880 ^ instruction[10] (out)
                                              0.581880   data arrival time

                                 10.000000   10.000000   clock clk (rise edge)
                                  0.000000   10.000000   clock network delay (propagated)
                                 -0.250000    9.750000   clock uncertainty
                                  0.000000    9.750000   clock reconvergence pessimism
                                 -2.000000    7.750000   output external delay
                                              7.750000   data required time
---------------------------------------------------------------------------------------------
                                              7.750000   data required time
                                             -0.581880   data arrival time
---------------------------------------------------------------------------------------------
                                              7.168119   slack (MET)


Startpoint: _129_ (rising edge-triggered flip-flop clocked by clk)
Endpoint: instruction[14] (output port clocked by clk)
Path Group: clk
Path Type: max

Fanout         Cap        Slew       Delay        Time   Description
---------------------------------------------------------------------------------------------
                                  0.000000    0.000000   clock clk (rise edge)
                                  0.000000    0.000000   clock source latency
     1    0.015422    0.056525    0.038255    0.038255 ^ clk (in)
                                                         clk (net)
                      0.056528    0.000000    0.038255 ^ clkbuf_0_clk/A (sky130_fd_sc_hd__clkbuf_16)
     2    0.018612    0.030383    0.090876    0.129131 ^ clkbuf_0_clk/X (sky130_fd_sc_hd__clkbuf_16)
                                                         clknet_0_clk (net)
                      0.030383    0.000089    0.129220 ^ clkbuf_1_1__f_clk/A (sky130_fd_sc_hd__clkbuf_16)
     8    0.024616    0.034252    0.087477    0.216697 ^ clkbuf_1_1__f_clk/X (sky130_fd_sc_hd__clkbuf_16)
                                                         clknet_1_1__leaf_clk (net)
                      0.034254    0.000268    0.216964 ^ _129_/CLK (sky130_fd_sc_hd__dfxtp_1)
     1    0.008902    0.069504    0.214820    0.431784 ^ _129_/Q (sky130_fd_sc_hd__dfxtp_1)
                                                         net21 (net)
                      0.069504    0.000257    0.432041 ^ output21/A (sky130_fd_sc_hd__buf_2)
     1    0.033975    0.127027    0.147291    0.579332 ^ output21/X (sky130_fd_sc_hd__buf_2)
                                                         instruction[14] (net)
                      0.127027    0.000183    0.579515 ^ instruction[14] (out)
                                              0.579515   data arrival time

                                 10.000000   10.000000   clock clk (rise edge)
                                  0.000000   10.000000   clock network delay (propagated)
                                 -0.250000    9.750000   clock uncertainty
                                  0.000000    9.750000   clock reconvergence pessimism
                                 -2.000000    7.750000   output external delay
                                              7.750000   data required time
---------------------------------------------------------------------------------------------
                                              7.750000   data required time
                                             -0.579515   data arrival time
---------------------------------------------------------------------------------------------
                                              7.170485   slack (MET)


Startpoint: _127_ (rising edge-triggered flip-flop clocked by clk)
Endpoint: instruction[12] (output port clocked by clk)
Path Group: clk
Path Type: max

Fanout         Cap        Slew       Delay        Time   Description
---------------------------------------------------------------------------------------------
                                  0.000000    0.000000   clock clk (rise edge)
                                  0.000000    0.000000   clock source latency
     1    0.015422    0.056525    0.038255    0.038255 ^ clk (in)
                                                         clk (net)
                      0.056528    0.000000    0.038255 ^ clkbuf_0_clk/A (sky130_fd_sc_hd__clkbuf_16)
     2    0.018612    0.030383    0.090876    0.129131 ^ clkbuf_0_clk/X (sky130_fd_sc_hd__clkbuf_16)
                                                         clknet_0_clk (net)
                      0.030383    0.000089    0.129220 ^ clkbuf_1_1__f_clk/A (sky130_fd_sc_hd__clkbuf_16)
     8    0.024616    0.034252    0.087477    0.216697 ^ clkbuf_1_1__f_clk/X (sky130_fd_sc_hd__clkbuf_16)
                                                         clknet_1_1__leaf_clk (net)
                      0.034254    0.000293    0.216990 ^ _127_/CLK (sky130_fd_sc_hd__dfxtp_1)
     1    0.008828    0.069004    0.214465    0.431455 ^ _127_/Q (sky130_fd_sc_hd__dfxtp_1)
                                                         net19 (net)
                      0.069004    0.000246    0.431701 ^ output19/A (sky130_fd_sc_hd__buf_2)
     1    0.034021    0.127191    0.147278    0.578979 ^ output19/X (sky130_fd_sc_hd__buf_2)
                                                         instruction[12] (net)
                      0.127191    0.000200    0.579179 ^ instruction[12] (out)
                                              0.579179   data arrival time

                                 10.000000   10.000000   clock clk (rise edge)
                                  0.000000   10.000000   clock network delay (propagated)
                                 -0.250000    9.750000   clock uncertainty
                                  0.000000    9.750000   clock reconvergence pessimism
                                 -2.000000    7.750000   output external delay
                                              7.750000   data required time
---------------------------------------------------------------------------------------------
                                              7.750000   data required time
                                             -0.579179   data arrival time
---------------------------------------------------------------------------------------------
                                              7.170821   slack (MET)


Startpoint: _122_ (rising edge-triggered flip-flop clocked by clk)
Endpoint: instruction[15] (output port clocked by clk)
Path Group: clk
Path Type: max

Fanout         Cap        Slew       Delay        Time   Description
---------------------------------------------------------------------------------------------
                                  0.000000    0.000000   clock clk (rise edge)
                                  0.000000    0.000000   clock source latency
     1    0.015422    0.056525    0.038255    0.038255 ^ clk (in)
                                                         clk (net)
                      0.056528    0.000000    0.038255 ^ clkbuf_0_clk/A (sky130_fd_sc_hd__clkbuf_16)
     2    0.018612    0.030383    0.090876    0.129131 ^ clkbuf_0_clk/X (sky130_fd_sc_hd__clkbuf_16)
                                                         clknet_0_clk (net)
                      0.030383    0.000123    0.129254 ^ clkbuf_1_0__f_clk/A (sky130_fd_sc_hd__clkbuf_16)
     7    0.029145    0.037445    0.090566    0.219820 ^ clkbuf_1_0__f_clk/X (sky130_fd_sc_hd__clkbuf_16)
                                                         clknet_1_0__leaf_clk (net)
                      0.037447    0.000332    0.220152 ^ _122_/CLK (sky130_fd_sc_hd__dfxtp_1)
     2    0.008037    0.063719    0.211605    0.431757 ^ _122_/Q (sky130_fd_sc_hd__dfxtp_1)
                                                         net22 (net)
                      0.063719    0.000190    0.431948 ^ output22/A (sky130_fd_sc_hd__buf_2)
     1    0.034375    0.128469    0.146806    0.578753 ^ output22/X (sky130_fd_sc_hd__buf_2)
                                                         instruction[15] (net)
                      0.128507    0.000393    0.579146 ^ instruction[15] (out)
                                              0.579146   data arrival time

                                 10.000000   10.000000   clock clk (rise edge)
                                  0.000000   10.000000   clock network delay (propagated)
                                 -0.250000    9.750000   clock uncertainty
                                  0.000000    9.750000   clock reconvergence pessimism
                                 -2.000000    7.750000   output external delay
                                              7.750000   data required time
---------------------------------------------------------------------------------------------
                                              7.750000   data required time
                                             -0.579146   data arrival time
---------------------------------------------------------------------------------------------
                                              7.170854   slack (MET)


Startpoint: _124_ (rising edge-triggered flip-flop clocked by clk)
Endpoint: instruction[9] (output port clocked by clk)
Path Group: clk
Path Type: max

Fanout         Cap        Slew       Delay        Time   Description
---------------------------------------------------------------------------------------------
                                  0.000000    0.000000   clock clk (rise edge)
                                  0.000000    0.000000   clock source latency
     1    0.015422    0.056525    0.038255    0.038255 ^ clk (in)
                                                         clk (net)
                      0.056528    0.000000    0.038255 ^ clkbuf_0_clk/A (sky130_fd_sc_hd__clkbuf_16)
     2    0.018612    0.030383    0.090876    0.129131 ^ clkbuf_0_clk/X (sky130_fd_sc_hd__clkbuf_16)
                                                         clknet_0_clk (net)
                      0.030383    0.000089    0.129220 ^ clkbuf_1_1__f_clk/A (sky130_fd_sc_hd__clkbuf_16)
     8    0.024616    0.034252    0.087477    0.216697 ^ clkbuf_1_1__f_clk/X (sky130_fd_sc_hd__clkbuf_16)
                                                         clknet_1_1__leaf_clk (net)
                      0.034256    0.000348    0.217045 ^ _124_/CLK (sky130_fd_sc_hd__dfxtp_1)
     2    0.008643    0.067774    0.213564    0.430609 ^ _124_/Q (sky130_fd_sc_hd__dfxtp_1)
                                                         net31 (net)
                      0.067774    0.000220    0.430829 ^ output31/A (sky130_fd_sc_hd__buf_2)
     1    0.034336    0.128325    0.147642    0.578470 ^ output31/X (sky130_fd_sc_hd__buf_2)
                                                         instruction[9] (net)
                      0.128325    0.000391    0.578861 ^ instruction[9] (out)
                                              0.578861   data arrival time

                                 10.000000   10.000000   clock clk (rise edge)
                                  0.000000   10.000000   clock network delay (propagated)
                                 -0.250000    9.750000   clock uncertainty
                                  0.000000    9.750000   clock reconvergence pessimism
                                 -2.000000    7.750000   output external delay
                                              7.750000   data required time
---------------------------------------------------------------------------------------------
                                              7.750000   data required time
                                             -0.578861   data arrival time
---------------------------------------------------------------------------------------------
                                              7.171139   slack (MET)


Startpoint: _123_ (rising edge-triggered flip-flop clocked by clk)
Endpoint: instruction[8] (output port clocked by clk)
Path Group: clk
Path Type: max

Fanout         Cap        Slew       Delay        Time   Description
---------------------------------------------------------------------------------------------
                                  0.000000    0.000000   clock clk (rise edge)
                                  0.000000    0.000000   clock source latency
     1    0.015422    0.056525    0.038255    0.038255 ^ clk (in)
                                                         clk (net)
                      0.056528    0.000000    0.038255 ^ clkbuf_0_clk/A (sky130_fd_sc_hd__clkbuf_16)
     2    0.018612    0.030383    0.090876    0.129131 ^ clkbuf_0_clk/X (sky130_fd_sc_hd__clkbuf_16)
                                                         clknet_0_clk (net)
                      0.030383    0.000089    0.129220 ^ clkbuf_1_1__f_clk/A (sky130_fd_sc_hd__clkbuf_16)
     8    0.024616    0.034252    0.087477    0.216697 ^ clkbuf_1_1__f_clk/X (sky130_fd_sc_hd__clkbuf_16)
                                                         clknet_1_1__leaf_clk (net)
                      0.034255    0.000336    0.217033 ^ _123_/CLK (sky130_fd_sc_hd__dfxtp_1)
     1    0.008767    0.068601    0.214148    0.431182 ^ _123_/Q (sky130_fd_sc_hd__dfxtp_1)
                                                         net30 (net)
                      0.068601    0.000266    0.431448 ^ output30/A (sky130_fd_sc_hd__buf_2)
     1    0.034027    0.127210    0.147199    0.578647 ^ output30/X (sky130_fd_sc_hd__buf_2)
                                                         instruction[8] (net)
                      0.127210    0.000200    0.578847 ^ instruction[8] (out)
                                              0.578847   data arrival time

                                 10.000000   10.000000   clock clk (rise edge)
                                  0.000000   10.000000   clock network delay (propagated)
                                 -0.250000    9.750000   clock uncertainty
                                  0.000000    9.750000   clock reconvergence pessimism
                                 -2.000000    7.750000   output external delay
                                              7.750000   data required time
---------------------------------------------------------------------------------------------
                                              7.750000   data required time
                                             -0.578847   data arrival time
---------------------------------------------------------------------------------------------
                                              7.171153   slack (MET)


Startpoint: _121_ (rising edge-triggered flip-flop clocked by clk)
Endpoint: instruction[6] (output port clocked by clk)
Path Group: clk
Path Type: max

Fanout         Cap        Slew       Delay        Time   Description
---------------------------------------------------------------------------------------------
                                  0.000000    0.000000   clock clk (rise edge)
                                  0.000000    0.000000   clock source latency
     1    0.015422    0.056525    0.038255    0.038255 ^ clk (in)
                                                         clk (net)
                      0.056528    0.000000    0.038255 ^ clkbuf_0_clk/A (sky130_fd_sc_hd__clkbuf_16)
     2    0.018612    0.030383    0.090876    0.129131 ^ clkbuf_0_clk/X (sky130_fd_sc_hd__clkbuf_16)
                                                         clknet_0_clk (net)
                      0.030383    0.000089    0.129220 ^ clkbuf_1_1__f_clk/A (sky130_fd_sc_hd__clkbuf_16)
     8    0.024616    0.034252    0.087477    0.216697 ^ clkbuf_1_1__f_clk/X (sky130_fd_sc_hd__clkbuf_16)
                                                         clknet_1_1__leaf_clk (net)
                      0.034254    0.000283    0.216979 ^ _121_/CLK (sky130_fd_sc_hd__dfxtp_1)
     1    0.008773    0.068641    0.214200    0.431179 ^ _121_/Q (sky130_fd_sc_hd__dfxtp_1)
                                                         net28 (net)
                      0.068641    0.000253    0.431432 ^ output28/A (sky130_fd_sc_hd__buf_2)
     1    0.034025    0.127205    0.147204    0.578636 ^ output28/X (sky130_fd_sc_hd__buf_2)
                                                         instruction[6] (net)
                      0.127205    0.000200    0.578837 ^ instruction[6] (out)
                                              0.578837   data arrival time

                                 10.000000   10.000000   clock clk (rise edge)
                                  0.000000   10.000000   clock network delay (propagated)
                                 -0.250000    9.750000   clock uncertainty
                                  0.000000    9.750000   clock reconvergence pessimism
                                 -2.000000    7.750000   output external delay
                                              7.750000   data required time
---------------------------------------------------------------------------------------------
                                              7.750000   data required time
                                             -0.578837   data arrival time
---------------------------------------------------------------------------------------------
                                              7.171164   slack (MET)


Startpoint: pc[13] (input port clocked by clk)
Endpoint: _122_ (rising edge-triggered flip-flop clocked by clk)
Path Group: clk
Path Type: max

Fanout         Cap        Slew       Delay        Time   Description
---------------------------------------------------------------------------------------------
                                  0.000000    0.000000   clock clk (rise edge)
                                  0.000000    0.000000   clock network delay (propagated)
                                  2.000000    2.000000 v input external delay
     1    0.002652    0.004514    0.002130    2.002130 v pc[13] (in)
                                                         pc[13] (net)
                      0.004514    0.000000    2.002130 v input4/A (sky130_fd_sc_hd__clkbuf_1)
     1    0.002739    0.018114    0.046213    2.048343 v input4/X (sky130_fd_sc_hd__clkbuf_1)
                                                         net4 (net)
                      0.018114    0.000026    2.048369 v _062_/A (sky130_fd_sc_hd__or4_1)
     2    0.007505    0.073629    0.316910    2.365278 v _062_/X (sky130_fd_sc_hd__or4_1)
                                                         _018_ (net)
                      0.073629    0.000079    2.365357 v _064_/C (sky130_fd_sc_hd__nor4_1)
     2    0.007050    0.247678    0.234643    2.600000 ^ _064_/Y (sky130_fd_sc_hd__nor4_1)
                                                         _020_ (net)
                      0.247678    0.000099    2.600099 ^ max_cap32/A (sky130_fd_sc_hd__buf_1)
     3    0.010606    0.098081    0.105721    2.705820 ^ max_cap32/X (sky130_fd_sc_hd__buf_1)
                                                         net32 (net)
                      0.098081    0.000113    2.705933 ^ _102_/B1 (sky130_fd_sc_hd__o21a_1)
     1    0.003031    0.031790    0.063389    2.769322 ^ _102_/X (sky130_fd_sc_hd__o21a_1)
                                                         _006_ (net)
                      0.031790    0.000041    2.769363 ^ _122_/D (sky130_fd_sc_hd__dfxtp_1)
                                              2.769363   data arrival time

                                 10.000000   10.000000   clock clk (rise edge)
                                  0.000000   10.000000   clock source latency
     1    0.015422    0.056525    0.038256   10.038256 ^ clk (in)
                                                         clk (net)
                      0.056528    0.000000   10.038256 ^ clkbuf_0_clk/A (sky130_fd_sc_hd__clkbuf_16)
     2    0.018612    0.030383    0.090876   10.129131 ^ clkbuf_0_clk/X (sky130_fd_sc_hd__clkbuf_16)
                                                         clknet_0_clk (net)
                      0.030383    0.000123   10.129254 ^ clkbuf_1_0__f_clk/A (sky130_fd_sc_hd__clkbuf_16)
     7    0.029145    0.037445    0.090567   10.219821 ^ clkbuf_1_0__f_clk/X (sky130_fd_sc_hd__clkbuf_16)
                                                         clknet_1_0__leaf_clk (net)
                      0.037447    0.000331   10.220152 ^ _122_/CLK (sky130_fd_sc_hd__dfxtp_1)
                                 -0.250000    9.970152   clock uncertainty
                                  0.000000    9.970152   clock reconvergence pessimism
                                 -0.028809    9.941343   library setup time
                                              9.941343   data required time
---------------------------------------------------------------------------------------------
                                              9.941343   data required time
                                             -2.769363   data arrival time
---------------------------------------------------------------------------------------------
                                              7.171980   slack (MET)


Startpoint: _117_ (rising edge-triggered flip-flop clocked by clk)
Endpoint: instruction[1] (output port clocked by clk)
Path Group: clk
Path Type: max

Fanout         Cap        Slew       Delay        Time   Description
---------------------------------------------------------------------------------------------
                                  0.000000    0.000000   clock clk (rise edge)
                                  0.000000    0.000000   clock source latency
     1    0.015422    0.056525    0.038255    0.038255 ^ clk (in)
                                                         clk (net)
                      0.056528    0.000000    0.038255 ^ clkbuf_0_clk/A (sky130_fd_sc_hd__clkbuf_16)
     2    0.018612    0.030383    0.090876    0.129131 ^ clkbuf_0_clk/X (sky130_fd_sc_hd__clkbuf_16)
                                                         clknet_0_clk (net)
                      0.030383    0.000123    0.129254 ^ clkbuf_1_0__f_clk/A (sky130_fd_sc_hd__clkbuf_16)
     7    0.029145    0.037445    0.090566    0.219820 ^ clkbuf_1_0__f_clk/X (sky130_fd_sc_hd__clkbuf_16)
                                                         clknet_1_0__leaf_clk (net)
                      0.037450    0.000439    0.220259 ^ _117_/CLK (sky130_fd_sc_hd__dfxtp_1)
     1    0.006783    0.055343    0.205566    0.425825 ^ _117_/Q (sky130_fd_sc_hd__dfxtp_1)
                                                         net23 (net)
                      0.055343    0.000195    0.426020 ^ output23/A (sky130_fd_sc_hd__buf_2)
     1    0.034319    0.128268    0.144770    0.570790 ^ output23/X (sky130_fd_sc_hd__buf_2)
                                                         instruction[1] (net)
                      0.128306    0.000357    0.571147 ^ instruction[1] (out)
                                              0.571147   data arrival time

                                 10.000000   10.000000   clock clk (rise edge)
                                  0.000000   10.000000   clock network delay (propagated)
                                 -0.250000    9.750000   clock uncertainty
                                  0.000000    9.750000   clock reconvergence pessimism
                                 -2.000000    7.750000   output external delay
                                              7.750000   data required time
---------------------------------------------------------------------------------------------
                                              7.750000   data required time
                                             -0.571147   data arrival time
---------------------------------------------------------------------------------------------
                                              7.178853   slack (MET)


Startpoint: _118_ (rising edge-triggered flip-flop clocked by clk)
Endpoint: instruction[2] (output port clocked by clk)
Path Group: clk
Path Type: max

Fanout         Cap        Slew       Delay        Time   Description
---------------------------------------------------------------------------------------------
                                  0.000000    0.000000   clock clk (rise edge)
                                  0.000000    0.000000   clock source latency
     1    0.015422    0.056525    0.038255    0.038255 ^ clk (in)
                                                         clk (net)
                      0.056528    0.000000    0.038255 ^ clkbuf_0_clk/A (sky130_fd_sc_hd__clkbuf_16)
     2    0.018612    0.030383    0.090876    0.129131 ^ clkbuf_0_clk/X (sky130_fd_sc_hd__clkbuf_16)
                                                         clknet_0_clk (net)
                      0.030383    0.000123    0.129254 ^ clkbuf_1_0__f_clk/A (sky130_fd_sc_hd__clkbuf_16)
     7    0.029145    0.037445    0.090566    0.219820 ^ clkbuf_1_0__f_clk/X (sky130_fd_sc_hd__clkbuf_16)
                                                         clknet_1_0__leaf_clk (net)
                      0.037452    0.000497    0.220317 ^ _118_/CLK (sky130_fd_sc_hd__dfxtp_1)
     1    0.006334    0.052355    0.203415    0.423732 ^ _118_/Q (sky130_fd_sc_hd__dfxtp_1)
                                                         net24 (net)
                      0.052355    0.000170    0.423901 ^ output24/A (sky130_fd_sc_hd__buf_2)
     1    0.034319    0.128268    0.144028    0.567929 ^ output24/X (sky130_fd_sc_hd__buf_2)
                                                         instruction[2] (net)
                      0.128305    0.000357    0.568286 ^ instruction[2] (out)
                                              0.568286   data arrival time

                                 10.000000   10.000000   clock clk (rise edge)
                                  0.000000   10.000000   clock network delay (propagated)
                                 -0.250000    9.750000   clock uncertainty
                                  0.000000    9.750000   clock reconvergence pessimism
                                 -2.000000    7.750000   output external delay
                                              7.750000   data required time
---------------------------------------------------------------------------------------------
                                              7.750000   data required time
                                             -0.568286   data arrival time
---------------------------------------------------------------------------------------------
                                              7.181714   slack (MET)


Startpoint: _126_ (rising edge-triggered flip-flop clocked by clk)
Endpoint: instruction[11] (output port clocked by clk)
Path Group: clk
Path Type: max

Fanout         Cap        Slew       Delay        Time   Description
---------------------------------------------------------------------------------------------
                                  0.000000    0.000000   clock clk (rise edge)
                                  0.000000    0.000000   clock source latency
     1    0.015422    0.056525    0.038255    0.038255 ^ clk (in)
                                                         clk (net)
                      0.056528    0.000000    0.038255 ^ clkbuf_0_clk/A (sky130_fd_sc_hd__clkbuf_16)
     2    0.018612    0.030383    0.090876    0.129131 ^ clkbuf_0_clk/X (sky130_fd_sc_hd__clkbuf_16)
                                                         clknet_0_clk (net)
                      0.030383    0.000123    0.129254 ^ clkbuf_1_0__f_clk/A (sky130_fd_sc_hd__clkbuf_16)
     7    0.029145    0.037445    0.090566    0.219820 ^ clkbuf_1_0__f_clk/X (sky130_fd_sc_hd__clkbuf_16)
                                                         clknet_1_0__leaf_clk (net)
                      0.037448    0.000355    0.220176 ^ _126_/CLK (sky130_fd_sc_hd__dfxtp_1)
     1    0.006248    0.051784    0.202995    0.423171 ^ _126_/Q (sky130_fd_sc_hd__dfxtp_1)
                                                         net18 (net)
                      0.051784    0.000164    0.423335 ^ output18/A (sky130_fd_sc_hd__buf_2)
     1    0.034336    0.128334    0.143874    0.567209 ^ output18/X (sky130_fd_sc_hd__buf_2)
                                                         instruction[11] (net)
                      0.128372    0.000391    0.567600 ^ instruction[11] (out)
                                              0.567600   data arrival time

                                 10.000000   10.000000   clock clk (rise edge)
                                  0.000000   10.000000   clock network delay (propagated)
                                 -0.250000    9.750000   clock uncertainty
                                  0.000000    9.750000   clock reconvergence pessimism
                                 -2.000000    7.750000   output external delay
                                              7.750000   data required time
---------------------------------------------------------------------------------------------
                                              7.750000   data required time
                                             -0.567600   data arrival time
---------------------------------------------------------------------------------------------
                                              7.182400   slack (MET)


Startpoint: _120_ (rising edge-triggered flip-flop clocked by clk)
Endpoint: instruction[4] (output port clocked by clk)
Path Group: clk
Path Type: max

Fanout         Cap        Slew       Delay        Time   Description
---------------------------------------------------------------------------------------------
                                  0.000000    0.000000   clock clk (rise edge)
                                  0.000000    0.000000   clock source latency
     1    0.015422    0.056525    0.038255    0.038255 ^ clk (in)
                                                         clk (net)
                      0.056528    0.000000    0.038255 ^ clkbuf_0_clk/A (sky130_fd_sc_hd__clkbuf_16)
     2    0.018612    0.030383    0.090876    0.129131 ^ clkbuf_0_clk/X (sky130_fd_sc_hd__clkbuf_16)
                                                         clknet_0_clk (net)
                      0.030383    0.000089    0.129220 ^ clkbuf_1_1__f_clk/A (sky130_fd_sc_hd__clkbuf_16)
     8    0.024616    0.034252    0.087477    0.216697 ^ clkbuf_1_1__f_clk/X (sky130_fd_sc_hd__clkbuf_16)
                                                         clknet_1_1__leaf_clk (net)
                      0.034253    0.000264    0.216961 ^ _120_/CLK (sky130_fd_sc_hd__dfxtp_1)
     1    0.006807    0.055504    0.204743    0.421704 ^ _120_/Q (sky130_fd_sc_hd__dfxtp_1)
                                                         net26 (net)
                      0.055504    0.000173    0.421877 ^ output26/A (sky130_fd_sc_hd__buf_2)
     1    0.034021    0.127196    0.144180    0.566057 ^ output26/X (sky130_fd_sc_hd__buf_2)
                                                         instruction[4] (net)
                      0.127196    0.000200    0.566257 ^ instruction[4] (out)
                                              0.566257   data arrival time

                                 10.000000   10.000000   clock clk (rise edge)
                                  0.000000   10.000000   clock network delay (propagated)
                                 -0.250000    9.750000   clock uncertainty
                                  0.000000    9.750000   clock reconvergence pessimism
                                 -2.000000    7.750000   output external delay
                                              7.750000   data required time
---------------------------------------------------------------------------------------------
                                              7.750000   data required time
                                             -0.566257   data arrival time
---------------------------------------------------------------------------------------------
                                              7.183743   slack (MET)


Startpoint: _116_ (rising edge-triggered flip-flop clocked by clk)
Endpoint: instruction[0] (output port clocked by clk)
Path Group: clk
Path Type: max

Fanout         Cap        Slew       Delay        Time   Description
---------------------------------------------------------------------------------------------
                                  0.000000    0.000000   clock clk (rise edge)
                                  0.000000    0.000000   clock source latency
     1    0.015422    0.056525    0.038255    0.038255 ^ clk (in)
                                                         clk (net)
                      0.056528    0.000000    0.038255 ^ clkbuf_0_clk/A (sky130_fd_sc_hd__clkbuf_16)
     2    0.018612    0.030383    0.090876    0.129131 ^ clkbuf_0_clk/X (sky130_fd_sc_hd__clkbuf_16)
                                                         clknet_0_clk (net)
                      0.030383    0.000089    0.129220 ^ clkbuf_1_1__f_clk/A (sky130_fd_sc_hd__clkbuf_16)
     8    0.024616    0.034252    0.087477    0.216697 ^ clkbuf_1_1__f_clk/X (sky130_fd_sc_hd__clkbuf_16)
                                                         clknet_1_1__leaf_clk (net)
                      0.034255    0.000325    0.217022 ^ _116_/CLK (sky130_fd_sc_hd__dfxtp_1)
     1    0.006743    0.055083    0.204403    0.421425 ^ _116_/Q (sky130_fd_sc_hd__dfxtp_1)
                                                         net16 (net)
                      0.055083    0.000217    0.421642 ^ output16/A (sky130_fd_sc_hd__buf_2)
     1    0.033978    0.127041    0.143988    0.565630 ^ output16/X (sky130_fd_sc_hd__buf_2)
                                                         instruction[0] (net)
                      0.127041    0.000183    0.565813 ^ instruction[0] (out)
                                              0.565813   data arrival time

                                 10.000000   10.000000   clock clk (rise edge)
                                  0.000000   10.000000   clock network delay (propagated)
                                 -0.250000    9.750000   clock uncertainty
                                  0.000000    9.750000   clock reconvergence pessimism
                                 -2.000000    7.750000   output external delay
                                              7.750000   data required time
---------------------------------------------------------------------------------------------
                                              7.750000   data required time
                                             -0.565813   data arrival time
---------------------------------------------------------------------------------------------
                                              7.184187   slack (MET)


Startpoint: pc[1] (input port clocked by clk)
Endpoint: _119_ (rising edge-triggered flip-flop clocked by clk)
Path Group: clk
Path Type: max

Fanout         Cap        Slew       Delay        Time   Description
---------------------------------------------------------------------------------------------
                                  0.000000    0.000000   clock clk (rise edge)
                                  0.000000    0.000000   clock network delay (propagated)
                                  2.000000    2.000000 v input external delay
     1    0.002303    0.004005    0.001823    2.001822 v pc[1] (in)
                                                         pc[1] (net)
                      0.004005    0.000000    2.001822 v input7/A (sky130_fd_sc_hd__dlymetal6s2s_1)
     5    0.019791    0.076044    0.120690    2.122513 v input7/X (sky130_fd_sc_hd__dlymetal6s2s_1)
                                                         net7 (net)
                      0.076044    0.000303    2.122816 v fanout35/A (sky130_fd_sc_hd__clkbuf_4)
    10    0.047163    0.072532    0.155368    2.278184 v fanout35/X (sky130_fd_sc_hd__clkbuf_4)
                                                         net35 (net)
                      0.072532    0.000345    2.278529 v _069_/A (sky130_fd_sc_hd__xnor2_4)
     7    0.027564    0.190783    0.198936    2.477464 ^ _069_/Y (sky130_fd_sc_hd__xnor2_4)
                                                         _025_ (net)
                      0.190783    0.000183    2.477648 ^ _092_/A2 (sky130_fd_sc_hd__a21oi_1)
     1    0.003771    0.051596    0.055993    2.533640 v _092_/Y (sky130_fd_sc_hd__a21oi_1)
                                                         _045_ (net)
                      0.051596    0.000052    2.533692 v _094_/A2 (sky130_fd_sc_hd__o31a_1)
     1    0.003686    0.037806    0.175632    2.709325 v _094_/X (sky130_fd_sc_hd__o31a_1)
                                                         _003_ (net)
                      0.037806    0.000058    2.709383 v _119_/D (sky130_fd_sc_hd__dfxtp_1)
                                              2.709383   data arrival time

                                 10.000000   10.000000   clock clk (rise edge)
                                  0.000000   10.000000   clock source latency
     1    0.015422    0.056525    0.038256   10.038256 ^ clk (in)
                                                         clk (net)
                      0.056528    0.000000   10.038256 ^ clkbuf_0_clk/A (sky130_fd_sc_hd__clkbuf_16)
     2    0.018612    0.030383    0.090876   10.129131 ^ clkbuf_0_clk/X (sky130_fd_sc_hd__clkbuf_16)
                                                         clknet_0_clk (net)
                      0.030383    0.000123   10.129254 ^ clkbuf_1_0__f_clk/A (sky130_fd_sc_hd__clkbuf_16)
     7    0.029145    0.037445    0.090567   10.219821 ^ clkbuf_1_0__f_clk/X (sky130_fd_sc_hd__clkbuf_16)
                                                         clknet_1_0__leaf_clk (net)
                      0.037447    0.000332   10.220153 ^ _119_/CLK (sky130_fd_sc_hd__dfxtp_1)
                                 -0.250000    9.970153   clock uncertainty
                                  0.000000    9.970153   clock reconvergence pessimism
                                 -0.071552    9.898601   library setup time
                                              9.898601   data required time
---------------------------------------------------------------------------------------------
                                              9.898601   data required time
                                             -2.709383   data arrival time
---------------------------------------------------------------------------------------------
                                              7.189218   slack (MET)


Startpoint: _119_ (rising edge-triggered flip-flop clocked by clk)
Endpoint: instruction[3] (output port clocked by clk)
Path Group: clk
Path Type: max

Fanout         Cap        Slew       Delay        Time   Description
---------------------------------------------------------------------------------------------
                                  0.000000    0.000000   clock clk (rise edge)
                                  0.000000    0.000000   clock source latency
     1    0.015422    0.056525    0.038255    0.038255 ^ clk (in)
                                                         clk (net)
                      0.056528    0.000000    0.038255 ^ clkbuf_0_clk/A (sky130_fd_sc_hd__clkbuf_16)
     2    0.018612    0.030383    0.090876    0.129131 ^ clkbuf_0_clk/X (sky130_fd_sc_hd__clkbuf_16)
                                                         clknet_0_clk (net)
                      0.030383    0.000123    0.129254 ^ clkbuf_1_0__f_clk/A (sky130_fd_sc_hd__clkbuf_16)
     7    0.029145    0.037445    0.090566    0.219820 ^ clkbuf_1_0__f_clk/X (sky130_fd_sc_hd__clkbuf_16)
                                                         clknet_1_0__leaf_clk (net)
                      0.037447    0.000332    0.220153 ^ _119_/CLK (sky130_fd_sc_hd__dfxtp_1)
     1    0.003221    0.032176    0.188281    0.408434 ^ _119_/Q (sky130_fd_sc_hd__dfxtp_1)
                                                         net25 (net)
                      0.032176    0.000044    0.408478 ^ output25/A (sky130_fd_sc_hd__buf_2)
     1    0.034143    0.127742    0.137550    0.546028 ^ output25/X (sky130_fd_sc_hd__buf_2)
                                                         instruction[3] (net)
                      0.127743    0.000251    0.546279 ^ instruction[3] (out)
                                              0.546279   data arrival time

                                 10.000000   10.000000   clock clk (rise edge)
                                  0.000000   10.000000   clock network delay (propagated)
                                 -0.250000    9.750000   clock uncertainty
                                  0.000000    9.750000   clock reconvergence pessimism
                                 -2.000000    7.750000   output external delay
                                              7.750000   data required time
---------------------------------------------------------------------------------------------
                                              7.750000   data required time
                                             -0.546279   data arrival time
---------------------------------------------------------------------------------------------
                                              7.203721   slack (MET)


Startpoint: _128_ (rising edge-triggered flip-flop clocked by clk)
Endpoint: instruction[13] (output port clocked by clk)
Path Group: clk
Path Type: max

Fanout         Cap        Slew       Delay        Time   Description
---------------------------------------------------------------------------------------------
                                  0.000000    0.000000   clock clk (rise edge)
                                  0.000000    0.000000   clock source latency
     1    0.015422    0.056525    0.038255    0.038255 ^ clk (in)
                                                         clk (net)
                      0.056528    0.000000    0.038255 ^ clkbuf_0_clk/A (sky130_fd_sc_hd__clkbuf_16)
     2    0.018612    0.030383    0.090876    0.129131 ^ clkbuf_0_clk/X (sky130_fd_sc_hd__clkbuf_16)
                                                         clknet_0_clk (net)
                      0.030383    0.000123    0.129254 ^ clkbuf_1_0__f_clk/A (sky130_fd_sc_hd__clkbuf_16)
     7    0.029145    0.037445    0.090566    0.219820 ^ clkbuf_1_0__f_clk/X (sky130_fd_sc_hd__clkbuf_16)
                                                         clknet_1_0__leaf_clk (net)
                      0.037450    0.000436    0.220256 ^ _128_/CLK (sky130_fd_sc_hd__dfxtp_1)
     1    0.002467    0.027760    0.184438    0.404695 ^ _128_/Q (sky130_fd_sc_hd__dfxtp_1)
                                                         net20 (net)
                      0.027760    0.000023    0.404718 ^ output20/A (sky130_fd_sc_hd__buf_2)
     1    0.034093    0.127575    0.136096    0.540814 ^ output20/X (sky130_fd_sc_hd__buf_2)
                                                         instruction[13] (net)
                      0.127576    0.000243    0.541057 ^ instruction[13] (out)
                                              0.541057   data arrival time

                                 10.000000   10.000000   clock clk (rise edge)
                                  0.000000   10.000000   clock network delay (propagated)
                                 -0.250000    9.750000   clock uncertainty
                                  0.000000    9.750000   clock reconvergence pessimism
                                 -2.000000    7.750000   output external delay
                                              7.750000   data required time
---------------------------------------------------------------------------------------------
                                              7.750000   data required time
                                             -0.541057   data arrival time
---------------------------------------------------------------------------------------------
                                              7.208943   slack (MET)



