
===========================================================================
report_checks -unconstrained
===========================================================================
======================= min_ff_n40C_1v95 Corner ===================================

Startpoint: ALU_control[0] (input port clocked by __VIRTUAL_CLK__)
Endpoint: zero (output port clocked by __VIRTUAL_CLK__)
Path Group: __VIRTUAL_CLK__
Path Type: max

Fanout         Cap        Slew       Delay        Time   Description
---------------------------------------------------------------------------------------------
                      0.000000    0.000000    0.000000   clock __VIRTUAL_CLK__ (rise edge)
                                  0.000000    0.000000   clock network delay (ideal)
                                  5.000000    5.000000 ^ input external delay
     1    0.003070    0.014878    0.007931    5.007932 ^ ALU_control[0] (in)
                                                         ALU_control[0] (net)
                      0.014878    0.000000    5.007932 ^ input1/A (sky130_fd_sc_hd__clkbuf_1)
     1    0.003727    0.039732    0.053503    5.061435 ^ input1/X (sky130_fd_sc_hd__clkbuf_1)
                                                         net1 (net)
                      0.039732    0.000053    5.061487 ^ fanout106/A (sky130_fd_sc_hd__buf_2)
    10    0.049524    0.182567    0.177214    5.238701 ^ fanout106/X (sky130_fd_sc_hd__buf_2)
                                                         net106 (net)
                      0.182568    0.000235    5.238936 ^ fanout104/A (sky130_fd_sc_hd__buf_2)
    10    0.036797    0.137247    0.172363    5.411299 ^ fanout104/X (sky130_fd_sc_hd__buf_2)
                                                         net104 (net)
                      0.137247    0.000337    5.411636 ^ _418_/D_N (sky130_fd_sc_hd__or4b_1)
     1    0.006533    0.068980    0.264864    5.676500 v _418_/X (sky130_fd_sc_hd__or4b_1)
                                                         _372_ (net)
                      0.068980    0.000143    5.676643 v fanout57/A (sky130_fd_sc_hd__buf_2)
     8    0.044284    0.075804    0.145722    5.822364 v fanout57/X (sky130_fd_sc_hd__buf_2)
                                                         net57 (net)
                      0.075824    0.001203    5.823568 v fanout56/A (sky130_fd_sc_hd__buf_2)
    10    0.038615    0.069535    0.140705    5.964273 v fanout56/X (sky130_fd_sc_hd__buf_2)
                                                         net56 (net)
                      0.069535    0.000275    5.964548 v _554_/B1 (sky130_fd_sc_hd__o31a_1)
     1    0.005501    0.042660    0.083777    6.048326 v _554_/X (sky130_fd_sc_hd__o31a_1)
                                                         _127_ (net)
                      0.042660    0.000066    6.048392 v _555_/B (sky130_fd_sc_hd__xnor2_1)
     3    0.012368    0.215415    0.189821    6.238212 ^ _555_/Y (sky130_fd_sc_hd__xnor2_1)
                                                         _128_ (net)
                      0.215415    0.000148    6.238361 ^ _557_/B (sky130_fd_sc_hd__xnor2_1)
     3    0.008716    0.070844    0.077947    6.316308 v _557_/Y (sky130_fd_sc_hd__xnor2_1)
                                                         _130_ (net)
                      0.070844    0.000116    6.316423 v _598_/A (sky130_fd_sc_hd__or2_1)
     2    0.005733    0.041915    0.155698    6.472122 v _598_/X (sky130_fd_sc_hd__or2_1)
                                                         _169_ (net)
                      0.041915    0.000036    6.472158 v _600_/C (sky130_fd_sc_hd__or4_2)
     4    0.018155    0.100918    0.392641    6.864799 v _600_/X (sky130_fd_sc_hd__or4_2)
                                                         _171_ (net)
                      0.100918    0.000634    6.865433 v _610_/A1 (sky130_fd_sc_hd__a21o_1)
     3    0.007513    0.037802    0.135921    7.001354 v _610_/X (sky130_fd_sc_hd__a21o_1)
                                                         _181_ (net)
                      0.037802    0.000050    7.001404 v _623_/A1 (sky130_fd_sc_hd__a211o_1)
     2    0.006059    0.044276    0.168755    7.170159 v _623_/X (sky130_fd_sc_hd__a211o_1)
                                                         net51 (net)
                      0.044276    0.000085    7.170245 v _765_/C (sky130_fd_sc_hd__or4b_1)
     1    0.009858    0.083575    0.301360    7.471605 v _765_/X (sky130_fd_sc_hd__or4b_1)
                                                         _328_ (net)
                      0.083575    0.000186    7.471790 v _767_/C (sky130_fd_sc_hd__nor4b_1)
     1    0.006394    0.252689    0.241604    7.713395 ^ _767_/Y (sky130_fd_sc_hd__nor4b_1)
                                                         _330_ (net)
                      0.252689    0.000191    7.713585 ^ _768_/D (sky130_fd_sc_hd__and4b_1)
     1    0.002352    0.037300    0.125950    7.839535 ^ _768_/X (sky130_fd_sc_hd__and4b_1)
                                                         net53 (net)
                      0.037300    0.000021    7.839557 ^ output53/A (sky130_fd_sc_hd__buf_2)
     1    0.034507    0.129053    0.139893    7.979449 ^ output53/X (sky130_fd_sc_hd__buf_2)
                                                         zero (net)
                      0.129055    0.000409    7.979859 ^ zero (out)
                                              7.979859   data arrival time

                      0.000000   25.000000   25.000000   clock __VIRTUAL_CLK__ (rise edge)
                                  0.000000   25.000000   clock network delay (ideal)
                                 -0.250000   24.750000   clock uncertainty
                                  0.000000   24.750000   clock reconvergence pessimism
                                 -5.000000   19.750000   output external delay
                                             19.750000   data required time
---------------------------------------------------------------------------------------------
                                             19.750000   data required time
                                             -7.979859   data arrival time
---------------------------------------------------------------------------------------------
                                             11.770141   slack (MET)




===========================================================================
report_checks --slack_max -0.01
============================================================================
======================= min_ff_n40C_1v95 Corner ===================================

No paths found.


===========================================================================
 report_check_types -max_slew -max_cap -max_fanout -violators
============================================================================
======================= min_ff_n40C_1v95 Corner ===================================



===========================================================================
report_parasitic_annotation -report_unannotated
============================================================================
Found 0 unannotated drivers.
Found 0 partially unannotated drivers.

===========================================================================
max slew violation count 0
max fanout violation count 0
max cap violation count 0
============================================================================

===========================================================================
check_setup -verbose -unconstrained_endpoints -multiple_clock -no_clock -no_input_delay -loops -generated_clocks
===========================================================================
