Reading timing models for corner nom_tt_025C_1v80…
Reading timing library for the 'nom_tt_025C_1v80' corner at '/Users/talhaibrahim/.volare/volare/sky130/versions/0fe599b2afb6708d281543108caf8310912f54af/sky130A/libs.ref/sky130_fd_sc_hd/lib/sky130_fd_sc_hd__tt_025C_1v80.lib'…
Reading timing models for corner nom_ff_n40C_1v95…
Reading timing library for the 'nom_ff_n40C_1v95' corner at '/Users/talhaibrahim/.volare/volare/sky130/versions/0fe599b2afb6708d281543108caf8310912f54af/sky130A/libs.ref/sky130_fd_sc_hd/lib/sky130_fd_sc_hd__ff_n40C_1v95.lib'…
Reading timing models for corner nom_ss_100C_1v60…
Reading timing library for the 'nom_ss_100C_1v60' corner at '/Users/talhaibrahim/.volare/volare/sky130/versions/0fe599b2afb6708d281543108caf8310912f54af/sky130A/libs.ref/sky130_fd_sc_hd/lib/sky130_fd_sc_hd__ss_100C_1v60.lib'…
Reading OpenROAD database at '/Users/talhaibrahim/my_designs/SignExtender/runs/RUN_2025-11-13_18-01-06/33-openroad-detailedplacement/Sign_Extender.odb'…
Reading design constraints file at '/nix/store/b5k0h8cjlpypdp7lb98p9n8qqanyralc-python3-3.11.9-env/lib/python3.11/site-packages/openlane/scripts/base.sdc'…
[WARNING STA-0366] port '__VIRTUAL_CLK__' not found.
[INFO] Using clock __VIRTUAL_CLK__…
[INFO] Setting output delay to: 5
[INFO] Setting input delay to: 5
[WARNING STA-0366] port '__VIRTUAL_CLK__' not found.
[INFO] Setting load to: 0.033442
[INFO] Setting clock uncertainty to: 0.25
[INFO] Setting clock transition to: 0.1499999999999999944488848768742172978818416595458984375
[WARNING STA-0419] transition time can not be specified for virtual clocks.
[INFO] Setting timing derate to: 5%
[WARNING STA-0450] virtual clock __VIRTUAL_CLK__ can not be propagated.
[WARNING STA-0450] virtual clock __VIRTUAL_CLK__ can not be propagated.
[INFO] Setting RC values…
[INFO RSZ-0098] No setup violations found
[INFO RSZ-0033] No hold violations found.
Placement Analysis
---------------------------------
total displacement          0.0 u
average displacement        0.0 u
max displacement            0.0 u
original HPWL             829.0 u
legalized HPWL            852.1 u
delta HPWL                    3 %

[INFO DPL-0020] Mirrored 13 instances
[INFO DPL-0021] HPWL before             852.1 u
[INFO DPL-0022] HPWL after              829.0 u
[INFO DPL-0023] HPWL delta               -2.7 %
[INFO] Setting RC values…
Setting global connections for newly added cells…
[INFO] Setting global connections...
Updating metrics…
Cell type report:                       Count       Area
  Fill cell                                34     127.62
  Tap cell                                 28      35.03
  Buffer                                    1       3.75
  Timing Repair Buffer                     31     140.13
  Multi-Input combinational cell           21     200.19
  Total                                   115     506.74
Writing OpenROAD database to '/Users/talhaibrahim/my_designs/SignExtender/runs/RUN_2025-11-13_18-01-06/36-openroad-resizertimingpostcts/Sign_Extender.odb'…
Writing netlist to '/Users/talhaibrahim/my_designs/SignExtender/runs/RUN_2025-11-13_18-01-06/36-openroad-resizertimingpostcts/Sign_Extender.nl.v'…
Writing powered netlist to '/Users/talhaibrahim/my_designs/SignExtender/runs/RUN_2025-11-13_18-01-06/36-openroad-resizertimingpostcts/Sign_Extender.pnl.v'…
Writing layout to '/Users/talhaibrahim/my_designs/SignExtender/runs/RUN_2025-11-13_18-01-06/36-openroad-resizertimingpostcts/Sign_Extender.def'…
Writing timing constraints to '/Users/talhaibrahim/my_designs/SignExtender/runs/RUN_2025-11-13_18-01-06/36-openroad-resizertimingpostcts/Sign_Extender.sdc'…
