Reading timing models for corner nom_tt_025C_1v80…
Reading timing library for the 'nom_tt_025C_1v80' corner at '/home/giovani/.volare/volare/sky130/versions/0fe599b2afb6708d281543108caf8310912f54af/sky130A/libs.ref/sky130_fd_sc_hd/lib/sky130_fd_sc_hd__tt_025C_1v80.lib'…
Reading timing models for corner nom_ff_n40C_1v95…
Reading timing library for the 'nom_ff_n40C_1v95' corner at '/home/giovani/.volare/volare/sky130/versions/0fe599b2afb6708d281543108caf8310912f54af/sky130A/libs.ref/sky130_fd_sc_hd/lib/sky130_fd_sc_hd__ff_n40C_1v95.lib'…
Reading timing models for corner nom_ss_100C_1v60…
Reading timing library for the 'nom_ss_100C_1v60' corner at '/home/giovani/.volare/volare/sky130/versions/0fe599b2afb6708d281543108caf8310912f54af/sky130A/libs.ref/sky130_fd_sc_hd/lib/sky130_fd_sc_hd__ss_100C_1v60.lib'…
Reading OpenROAD database at '/home/giovani/my_designs/data_memory/src/runs/RUN_2025-11-17_14-31-38/33-openroad-detailedplacement/Data_Memory.odb'…
Reading design constraints file at '/nix/store/ss2cw3sxbrwwx9jl0rrppbw4kgcmgi2n-python3-3.11.9-env/lib/python3.11/site-packages/openlane/scripts/base.sdc'…
[INFO] Using clock clk…
[INFO] Setting output delay to: 5
[INFO] Setting input delay to: 5
[INFO] Setting load to: 0.033442
[INFO] Setting clock uncertainty to: 0.25
[INFO] Setting clock transition to: 0.1499999999999999944488848768742172978818416595458984375
[INFO] Setting timing derate to: 5%
[INFO] Setting RC values…
[INFO] Configuring cts characterization…
[INFO] Performing clock tree synthesis…
[INFO] Looking for the following net(s): clk
[INFO] Running Clock Tree Synthesis…
[INFO CTS-0050] Root buffer is sky130_fd_sc_hd__clkbuf_16.
[INFO CTS-0051] Sink buffer is sky130_fd_sc_hd__clkbuf_8.
[INFO CTS-0052] The following clock buffers will be used for CTS:
                    sky130_fd_sc_hd__clkbuf_2
                    sky130_fd_sc_hd__clkbuf_4
                    sky130_fd_sc_hd__clkbuf_8
[INFO CTS-0049] Characterization buffer is sky130_fd_sc_hd__clkbuf_8.
[INFO CTS-0007] Net "clk" found for clock "clk".
[INFO CTS-0010]  Clock net "clk" has 128 sinks.
[INFO CTS-0008] TritonCTS found 1 clock nets.
[INFO CTS-0097] Characterization used 3 buffer(s) types.
[INFO CTS-0200] 0 placement blockages have been identified.
[INFO CTS-0201] 0 placed hard macros will be treated like blockages.
[INFO CTS-0027] Generating H-Tree topology for net clk.
[INFO CTS-0028]  Total number of sinks: 128.
[INFO CTS-0029]  Sinks will be clustered in groups of up to 25 and with maximum cluster diameter of 50.0 um.
[INFO CTS-0030]  Number of static layers: 0.
[INFO CTS-0020]  Wire segment unit: 13600  dbu (13 um).
[INFO CTS-0023]  Original sink region: [(7165, 15020), (103235, 104660)].
[INFO CTS-0024]  Normalized sink region: [(0.526838, 1.10441), (7.59081, 7.69559)].
[INFO CTS-0025]     Width:  7.0640.
[INFO CTS-0026]     Height: 6.5912.
 Level 1
    Direction: Horizontal
    Sinks per sub-region: 64
    Sub-region size: 3.5320 X 6.5912
[INFO CTS-0034]     Segment length (rounded): 2.
 Level 2
    Direction: Vertical
    Sinks per sub-region: 32
    Sub-region size: 3.5320 X 3.2956
[INFO CTS-0034]     Segment length (rounded): 1.
 Level 3
    Direction: Horizontal
    Sinks per sub-region: 16
    Sub-region size: 1.7660 X 3.2956
[INFO CTS-0034]     Segment length (rounded): 1.
 Level 4
    Direction: Vertical
    Sinks per sub-region: 8
    Sub-region size: 1.7660 X 1.6478
[INFO CTS-0034]     Segment length (rounded): 1.
[INFO CTS-0032]  Stop criterion found. Max number of sinks is 15.
[INFO CTS-0035]  Number of sinks covered: 128.
[INFO CTS-0018]     Created 17 clock buffers.
[INFO CTS-0012]     Minimum number of buffers in the clock path: 2.
[INFO CTS-0013]     Maximum number of buffers in the clock path: 2.
[INFO CTS-0015]     Created 17 clock nets.
[INFO CTS-0016]     Fanout distribution for the current clock = 6:2, 7:4, 8:5, 9:2, 10:3..
[INFO CTS-0017]     Max level of the clock tree: 4.
[INFO CTS-0098] Clock net "clk"
[INFO CTS-0099]  Sinks 141
[INFO CTS-0100]  Leaf buffers 0
[INFO CTS-0101]  Average sink wire length 164.18 um
[INFO CTS-0102]  Path depth 2 - 2
[INFO CTS-0207]  Leaf load cells 13
[INFO] Repairing long wires on clock nets…
[INFO RSZ-0058] Using max wire length 6335um.
Setting global connections for newly added cells…
[INFO] Setting global connections...
Updating metrics…
Cell type report:                       Count       Area
  Fill cell                                78     292.78
  Tap cell                                164     205.20
  Clock buffer                             24     329.07
  Timing Repair Buffer                     78     431.66
  Inverter                                  1       3.75
  Clock inverter                            6      80.08
  Sequential cell                         128    2562.46
  Multi-Input combinational cell          282    2858.99
  Total                                   761    6763.99
Writing OpenROAD database to '/home/giovani/my_designs/data_memory/src/runs/RUN_2025-11-17_14-31-38/34-openroad-cts/Data_Memory.odb'…
Writing netlist to '/home/giovani/my_designs/data_memory/src/runs/RUN_2025-11-17_14-31-38/34-openroad-cts/Data_Memory.nl.v'…
Writing powered netlist to '/home/giovani/my_designs/data_memory/src/runs/RUN_2025-11-17_14-31-38/34-openroad-cts/Data_Memory.pnl.v'…
Writing layout to '/home/giovani/my_designs/data_memory/src/runs/RUN_2025-11-17_14-31-38/34-openroad-cts/Data_Memory.def'…
Writing timing constraints to '/home/giovani/my_designs/data_memory/src/runs/RUN_2025-11-17_14-31-38/34-openroad-cts/Data_Memory.sdc'…
[INFO] Legalizing…
Placement Analysis
---------------------------------
total displacement        264.7 u
average displacement        0.3 u
max displacement           10.5 u
original HPWL           10170.3 u
legalized HPWL          10595.7 u
delta HPWL                    4 %

[INFO DPL-0020] Mirrored 124 instances
[INFO DPL-0021] HPWL before           10595.7 u
[INFO DPL-0022] HPWL after            10374.2 u
[INFO DPL-0023] HPWL delta               -2.1 %
Setting global connections for newly added cells…
[INFO] Setting global connections...
Updating metrics…
Cell type report:                       Count       Area
  Fill cell                                78     292.78
  Tap cell                                164     205.20
  Clock buffer                             24     329.07
  Timing Repair Buffer                     78     431.66
  Inverter                                  1       3.75
  Clock inverter                            6      80.08
  Sequential cell                         128    2562.46
  Multi-Input combinational cell          282    2858.99
  Total                                   761    6763.99
Writing OpenROAD database to '/home/giovani/my_designs/data_memory/src/runs/RUN_2025-11-17_14-31-38/34-openroad-cts/Data_Memory.odb'…
Writing netlist to '/home/giovani/my_designs/data_memory/src/runs/RUN_2025-11-17_14-31-38/34-openroad-cts/Data_Memory.nl.v'…
Writing powered netlist to '/home/giovani/my_designs/data_memory/src/runs/RUN_2025-11-17_14-31-38/34-openroad-cts/Data_Memory.pnl.v'…
Writing layout to '/home/giovani/my_designs/data_memory/src/runs/RUN_2025-11-17_14-31-38/34-openroad-cts/Data_Memory.def'…
Writing timing constraints to '/home/giovani/my_designs/data_memory/src/runs/RUN_2025-11-17_14-31-38/34-openroad-cts/Data_Memory.sdc'…
%OL_CREATE_REPORT cts.rpt
[INFO CTS-0003] Total number of Clock Roots: 1.
[INFO CTS-0004] Total number of Buffers Inserted: 17.
[INFO CTS-0005] Total number of Clock Subnets: 17.
[INFO CTS-0006] Total number of Sinks: 128.
%OL_END_REPORT
