
===========================================================================
report_checks -path_delay max (Setup)
============================================================================
======================= nom_tt_025C_1v80 Corner ===================================

Startpoint: pc[13] (input port clocked by clk)
Endpoint: _116_ (rising edge-triggered flip-flop clocked by clk)
Path Group: clk
Path Type: max

Fanout         Cap        Slew       Delay        Time   Description
---------------------------------------------------------------------------------------------
                                  0.000000    0.000000   clock clk (rise edge)
                                  0.000000    0.000000   clock network delay (propagated)
                                  2.000000    2.000000 v input external delay
     1    0.002571    0.008103    0.004026    2.004026 v pc[13] (in)
                                                         pc[13] (net)
                      0.008103    0.000000    2.004026 v input4/A (sky130_fd_sc_hd__clkbuf_1)
     1    0.002113    0.023807    0.068225    2.072252 v input4/X (sky130_fd_sc_hd__clkbuf_1)
                                                         net4 (net)
                      0.023807    0.000006    2.072257 v _062_/A (sky130_fd_sc_hd__or4_1)
     2    0.005804    0.105578    0.536516    2.608773 v _062_/X (sky130_fd_sc_hd__or4_1)
                                                         _018_ (net)
                      0.105578    0.000024    2.608798 v _065_/C (sky130_fd_sc_hd__or4_4)
    10    0.032239    0.129358    0.571460    3.180258 v _065_/X (sky130_fd_sc_hd__or4_4)
                                                         _021_ (net)
                      0.129358    0.000461    3.180718 v _073_/B1 (sky130_fd_sc_hd__a21oi_1)
     1    0.003496    0.121421    0.151541    3.332259 ^ _073_/Y (sky130_fd_sc_hd__a21oi_1)
                                                         _000_ (net)
                      0.121421    0.000022    3.332282 ^ _116_/D (sky130_fd_sc_hd__dfxtp_1)
                                              3.332282   data arrival time

                                 10.000000   10.000000   clock clk (rise edge)
                                  0.000000   10.000000   clock source latency
     1    0.013548    0.066956    0.045497   10.045497 ^ clk (in)
                                                         clk (net)
                      0.066958    0.000000   10.045497 ^ clkbuf_0_clk/A (sky130_fd_sc_hd__clkbuf_16)
     2    0.017315    0.039575    0.130956   10.176453 ^ clkbuf_0_clk/X (sky130_fd_sc_hd__clkbuf_16)
                                                         clknet_0_clk (net)
                      0.039575    0.000025   10.176477 ^ clkbuf_1_1__f_clk/A (sky130_fd_sc_hd__clkbuf_16)
     8    0.021949    0.043526    0.125373   10.301850 ^ clkbuf_1_1__f_clk/X (sky130_fd_sc_hd__clkbuf_16)
                                                         clknet_1_1__leaf_clk (net)
                      0.043526    0.000123   10.301973 ^ _116_/CLK (sky130_fd_sc_hd__dfxtp_1)
                                 -0.250000   10.051973   clock uncertainty
                                  0.000000   10.051973   clock reconvergence pessimism
                                 -0.071871    9.980103   library setup time
                                              9.980103   data required time
---------------------------------------------------------------------------------------------
                                              9.980103   data required time
                                             -3.332282   data arrival time
---------------------------------------------------------------------------------------------
                                              6.647820   slack (MET)


Startpoint: pc[13] (input port clocked by clk)
Endpoint: _123_ (rising edge-triggered flip-flop clocked by clk)
Path Group: clk
Path Type: max

Fanout         Cap        Slew       Delay        Time   Description
---------------------------------------------------------------------------------------------
                                  0.000000    0.000000   clock clk (rise edge)
                                  0.000000    0.000000   clock network delay (propagated)
                                  2.000000    2.000000 v input external delay
     1    0.002571    0.008103    0.004026    2.004026 v pc[13] (in)
                                                         pc[13] (net)
                      0.008103    0.000000    2.004026 v input4/A (sky130_fd_sc_hd__clkbuf_1)
     1    0.002113    0.023807    0.068225    2.072252 v input4/X (sky130_fd_sc_hd__clkbuf_1)
                                                         net4 (net)
                      0.023807    0.000006    2.072257 v _062_/A (sky130_fd_sc_hd__or4_1)
     2    0.005804    0.105578    0.536516    2.608773 v _062_/X (sky130_fd_sc_hd__or4_1)
                                                         _018_ (net)
                      0.105578    0.000024    2.608798 v _065_/C (sky130_fd_sc_hd__or4_4)
    10    0.032239    0.129358    0.571460    3.180258 v _065_/X (sky130_fd_sc_hd__or4_4)
                                                         _021_ (net)
                      0.129358    0.000452    3.180710 v _103_/B1 (sky130_fd_sc_hd__a21oi_1)
     1    0.003296    0.117640    0.148718    3.329427 ^ _103_/Y (sky130_fd_sc_hd__a21oi_1)
                                                         _007_ (net)
                      0.117640    0.000020    3.329447 ^ _123_/D (sky130_fd_sc_hd__dfxtp_1)
                                              3.329447   data arrival time

                                 10.000000   10.000000   clock clk (rise edge)
                                  0.000000   10.000000   clock source latency
     1    0.013548    0.066956    0.045497   10.045497 ^ clk (in)
                                                         clk (net)
                      0.066958    0.000000   10.045497 ^ clkbuf_0_clk/A (sky130_fd_sc_hd__clkbuf_16)
     2    0.017315    0.039575    0.130956   10.176453 ^ clkbuf_0_clk/X (sky130_fd_sc_hd__clkbuf_16)
                                                         clknet_0_clk (net)
                      0.039575    0.000025   10.176477 ^ clkbuf_1_1__f_clk/A (sky130_fd_sc_hd__clkbuf_16)
     8    0.021949    0.043526    0.125373   10.301850 ^ clkbuf_1_1__f_clk/X (sky130_fd_sc_hd__clkbuf_16)
                                                         clknet_1_1__leaf_clk (net)
                      0.043526    0.000126   10.301976 ^ _123_/CLK (sky130_fd_sc_hd__dfxtp_1)
                                 -0.250000   10.051976   clock uncertainty
                                  0.000000   10.051976   clock reconvergence pessimism
                                 -0.070997    9.980980   library setup time
                                              9.980980   data required time
---------------------------------------------------------------------------------------------
                                              9.980980   data required time
                                             -3.329447   data arrival time
---------------------------------------------------------------------------------------------
                                              6.651533   slack (MET)


Startpoint: pc[13] (input port clocked by clk)
Endpoint: _129_ (rising edge-triggered flip-flop clocked by clk)
Path Group: clk
Path Type: max

Fanout         Cap        Slew       Delay        Time   Description
---------------------------------------------------------------------------------------------
                                  0.000000    0.000000   clock clk (rise edge)
                                  0.000000    0.000000   clock network delay (propagated)
                                  2.000000    2.000000 v input external delay
     1    0.002571    0.008103    0.004026    2.004026 v pc[13] (in)
                                                         pc[13] (net)
                      0.008103    0.000000    2.004026 v input4/A (sky130_fd_sc_hd__clkbuf_1)
     1    0.002113    0.023807    0.068225    2.072252 v input4/X (sky130_fd_sc_hd__clkbuf_1)
                                                         net4 (net)
                      0.023807    0.000006    2.072257 v _062_/A (sky130_fd_sc_hd__or4_1)
     2    0.005804    0.105578    0.536516    2.608773 v _062_/X (sky130_fd_sc_hd__or4_1)
                                                         _018_ (net)
                      0.105578    0.000024    2.608798 v _065_/C (sky130_fd_sc_hd__or4_4)
    10    0.032239    0.129358    0.571460    3.180258 v _065_/X (sky130_fd_sc_hd__or4_4)
                                                         _021_ (net)
                      0.129358    0.000135    3.180392 v _115_/B1 (sky130_fd_sc_hd__a21oi_1)
     1    0.003177    0.115392    0.147040    3.327432 ^ _115_/Y (sky130_fd_sc_hd__a21oi_1)
                                                         _013_ (net)
                      0.115392    0.000018    3.327450 ^ _129_/D (sky130_fd_sc_hd__dfxtp_1)
                                              3.327450   data arrival time

                                 10.000000   10.000000   clock clk (rise edge)
                                  0.000000   10.000000   clock source latency
     1    0.013548    0.066956    0.045497   10.045497 ^ clk (in)
                                                         clk (net)
                      0.066958    0.000000   10.045497 ^ clkbuf_0_clk/A (sky130_fd_sc_hd__clkbuf_16)
     2    0.017315    0.039575    0.130956   10.176453 ^ clkbuf_0_clk/X (sky130_fd_sc_hd__clkbuf_16)
                                                         clknet_0_clk (net)
                      0.039575    0.000025   10.176477 ^ clkbuf_1_1__f_clk/A (sky130_fd_sc_hd__clkbuf_16)
     8    0.021949    0.043526    0.125373   10.301850 ^ clkbuf_1_1__f_clk/X (sky130_fd_sc_hd__clkbuf_16)
                                                         clknet_1_1__leaf_clk (net)
                      0.043526    0.000076   10.301927 ^ _129_/CLK (sky130_fd_sc_hd__dfxtp_1)
                                 -0.250000   10.051927   clock uncertainty
                                  0.000000   10.051927   clock reconvergence pessimism
                                 -0.070477    9.981450   library setup time
                                              9.981450   data required time
---------------------------------------------------------------------------------------------
                                              9.981450   data required time
                                             -3.327450   data arrival time
---------------------------------------------------------------------------------------------
                                              6.654000   slack (MET)


Startpoint: pc[13] (input port clocked by clk)
Endpoint: _121_ (rising edge-triggered flip-flop clocked by clk)
Path Group: clk
Path Type: max

Fanout         Cap        Slew       Delay        Time   Description
---------------------------------------------------------------------------------------------
                                  0.000000    0.000000   clock clk (rise edge)
                                  0.000000    0.000000   clock network delay (propagated)
                                  2.000000    2.000000 v input external delay
     1    0.002571    0.008103    0.004026    2.004026 v pc[13] (in)
                                                         pc[13] (net)
                      0.008103    0.000000    2.004026 v input4/A (sky130_fd_sc_hd__clkbuf_1)
     1    0.002113    0.023807    0.068225    2.072252 v input4/X (sky130_fd_sc_hd__clkbuf_1)
                                                         net4 (net)
                      0.023807    0.000006    2.072257 v _062_/A (sky130_fd_sc_hd__or4_1)
     2    0.005804    0.105578    0.536516    2.608773 v _062_/X (sky130_fd_sc_hd__or4_1)
                                                         _018_ (net)
                      0.105578    0.000024    2.608798 v _065_/C (sky130_fd_sc_hd__or4_4)
    10    0.032239    0.129358    0.571460    3.180258 v _065_/X (sky130_fd_sc_hd__or4_4)
                                                         _021_ (net)
                      0.129358    0.000138    3.180395 v _100_/B1 (sky130_fd_sc_hd__a21oi_1)
     1    0.002875    0.109681    0.142776    3.323171 ^ _100_/Y (sky130_fd_sc_hd__a21oi_1)
                                                         _005_ (net)
                      0.109681    0.000013    3.323184 ^ _121_/D (sky130_fd_sc_hd__dfxtp_1)
                                              3.323184   data arrival time

                                 10.000000   10.000000   clock clk (rise edge)
                                  0.000000   10.000000   clock source latency
     1    0.013548    0.066956    0.045497   10.045497 ^ clk (in)
                                                         clk (net)
                      0.066958    0.000000   10.045497 ^ clkbuf_0_clk/A (sky130_fd_sc_hd__clkbuf_16)
     2    0.017315    0.039575    0.130956   10.176453 ^ clkbuf_0_clk/X (sky130_fd_sc_hd__clkbuf_16)
                                                         clknet_0_clk (net)
                      0.039575    0.000025   10.176477 ^ clkbuf_1_1__f_clk/A (sky130_fd_sc_hd__clkbuf_16)
     8    0.021949    0.043526    0.125373   10.301850 ^ clkbuf_1_1__f_clk/X (sky130_fd_sc_hd__clkbuf_16)
                                                         clknet_1_1__leaf_clk (net)
                      0.043526    0.000071   10.301922 ^ _121_/CLK (sky130_fd_sc_hd__dfxtp_1)
                                 -0.250000   10.051921   clock uncertainty
                                  0.000000   10.051921   clock reconvergence pessimism
                                 -0.069157    9.982764   library setup time
                                              9.982764   data required time
---------------------------------------------------------------------------------------------
                                              9.982764   data required time
                                             -3.323184   data arrival time
---------------------------------------------------------------------------------------------
                                              6.659581   slack (MET)


Startpoint: pc[13] (input port clocked by clk)
Endpoint: _125_ (rising edge-triggered flip-flop clocked by clk)
Path Group: clk
Path Type: max

Fanout         Cap        Slew       Delay        Time   Description
---------------------------------------------------------------------------------------------
                                  0.000000    0.000000   clock clk (rise edge)
                                  0.000000    0.000000   clock network delay (propagated)
                                  2.000000    2.000000 v input external delay
     1    0.002571    0.008103    0.004026    2.004026 v pc[13] (in)
                                                         pc[13] (net)
                      0.008103    0.000000    2.004026 v input4/A (sky130_fd_sc_hd__clkbuf_1)
     1    0.002113    0.023807    0.068225    2.072252 v input4/X (sky130_fd_sc_hd__clkbuf_1)
                                                         net4 (net)
                      0.023807    0.000006    2.072257 v _062_/A (sky130_fd_sc_hd__or4_1)
     2    0.005804    0.105578    0.536516    2.608773 v _062_/X (sky130_fd_sc_hd__or4_1)
                                                         _018_ (net)
                      0.105578    0.000024    2.608798 v _065_/C (sky130_fd_sc_hd__or4_4)
    10    0.032239    0.129358    0.571460    3.180258 v _065_/X (sky130_fd_sc_hd__or4_4)
                                                         _021_ (net)
                      0.129358    0.000143    3.180401 v _107_/B1 (sky130_fd_sc_hd__a21oi_1)
     1    0.002624    0.104961    0.139225    3.319626 ^ _107_/Y (sky130_fd_sc_hd__a21oi_1)
                                                         _009_ (net)
                      0.104961    0.000011    3.319637 ^ _125_/D (sky130_fd_sc_hd__dfxtp_1)
                                              3.319637   data arrival time

                                 10.000000   10.000000   clock clk (rise edge)
                                  0.000000   10.000000   clock source latency
     1    0.013548    0.066956    0.045497   10.045497 ^ clk (in)
                                                         clk (net)
                      0.066958    0.000000   10.045497 ^ clkbuf_0_clk/A (sky130_fd_sc_hd__clkbuf_16)
     2    0.017315    0.039575    0.130956   10.176453 ^ clkbuf_0_clk/X (sky130_fd_sc_hd__clkbuf_16)
                                                         clknet_0_clk (net)
                      0.039575    0.000025   10.176477 ^ clkbuf_1_1__f_clk/A (sky130_fd_sc_hd__clkbuf_16)
     8    0.021949    0.043526    0.125373   10.301850 ^ clkbuf_1_1__f_clk/X (sky130_fd_sc_hd__clkbuf_16)
                                                         clknet_1_1__leaf_clk (net)
                      0.043526    0.000082   10.301932 ^ _125_/CLK (sky130_fd_sc_hd__dfxtp_1)
                                 -0.250000   10.051932   clock uncertainty
                                  0.000000   10.051932   clock reconvergence pessimism
                                 -0.068065    9.983867   library setup time
                                              9.983867   data required time
---------------------------------------------------------------------------------------------
                                              9.983867   data required time
                                             -3.319637   data arrival time
---------------------------------------------------------------------------------------------
                                              6.664229   slack (MET)


Startpoint: pc[13] (input port clocked by clk)
Endpoint: _118_ (rising edge-triggered flip-flop clocked by clk)
Path Group: clk
Path Type: max

Fanout         Cap        Slew       Delay        Time   Description
---------------------------------------------------------------------------------------------
                                  0.000000    0.000000   clock clk (rise edge)
                                  0.000000    0.000000   clock network delay (propagated)
                                  2.000000    2.000000 v input external delay
     1    0.002571    0.008103    0.004026    2.004026 v pc[13] (in)
                                                         pc[13] (net)
                      0.008103    0.000000    2.004026 v input4/A (sky130_fd_sc_hd__clkbuf_1)
     1    0.002113    0.023807    0.068225    2.072252 v input4/X (sky130_fd_sc_hd__clkbuf_1)
                                                         net4 (net)
                      0.023807    0.000006    2.072257 v _062_/A (sky130_fd_sc_hd__or4_1)
     2    0.005804    0.105578    0.536516    2.608773 v _062_/X (sky130_fd_sc_hd__or4_1)
                                                         _018_ (net)
                      0.105578    0.000024    2.608798 v _065_/C (sky130_fd_sc_hd__or4_4)
    10    0.032239    0.129358    0.571460    3.180258 v _065_/X (sky130_fd_sc_hd__or4_4)
                                                         _021_ (net)
                      0.129358    0.000408    3.180665 v _088_/B1 (sky130_fd_sc_hd__a21oi_1)
     1    0.002699    0.106356    0.140293    3.320958 ^ _088_/Y (sky130_fd_sc_hd__a21oi_1)
                                                         _002_ (net)
                      0.106356    0.000013    3.320971 ^ _118_/D (sky130_fd_sc_hd__dfxtp_1)
                                              3.320971   data arrival time

                                 10.000000   10.000000   clock clk (rise edge)
                                  0.000000   10.000000   clock source latency
     1    0.013548    0.066956    0.045497   10.045497 ^ clk (in)
                                                         clk (net)
                      0.066958    0.000000   10.045497 ^ clkbuf_0_clk/A (sky130_fd_sc_hd__clkbuf_16)
     2    0.017315    0.039575    0.130956   10.176453 ^ clkbuf_0_clk/X (sky130_fd_sc_hd__clkbuf_16)
                                                         clknet_0_clk (net)
                      0.039575    0.000032   10.176485 ^ clkbuf_1_0__f_clk/A (sky130_fd_sc_hd__clkbuf_16)
     7    0.025643    0.046863    0.128907   10.305391 ^ clkbuf_1_0__f_clk/X (sky130_fd_sc_hd__clkbuf_16)
                                                         clknet_1_0__leaf_clk (net)
                      0.046863    0.000182   10.305573 ^ _118_/CLK (sky130_fd_sc_hd__dfxtp_1)
                                 -0.250000   10.055573   clock uncertainty
                                  0.000000   10.055573   clock reconvergence pessimism
                                 -0.067902    9.987672   library setup time
                                              9.987672   data required time
---------------------------------------------------------------------------------------------
                                              9.987672   data required time
                                             -3.320971   data arrival time
---------------------------------------------------------------------------------------------
                                              6.666700   slack (MET)


Startpoint: pc[13] (input port clocked by clk)
Endpoint: _127_ (rising edge-triggered flip-flop clocked by clk)
Path Group: clk
Path Type: max

Fanout         Cap        Slew       Delay        Time   Description
---------------------------------------------------------------------------------------------
                                  0.000000    0.000000   clock clk (rise edge)
                                  0.000000    0.000000   clock network delay (propagated)
                                  2.000000    2.000000 v input external delay
     1    0.002571    0.008103    0.004026    2.004026 v pc[13] (in)
                                                         pc[13] (net)
                      0.008103    0.000000    2.004026 v input4/A (sky130_fd_sc_hd__clkbuf_1)
     1    0.002113    0.023807    0.068225    2.072252 v input4/X (sky130_fd_sc_hd__clkbuf_1)
                                                         net4 (net)
                      0.023807    0.000006    2.072257 v _062_/A (sky130_fd_sc_hd__or4_1)
     2    0.005804    0.105578    0.536516    2.608773 v _062_/X (sky130_fd_sc_hd__or4_1)
                                                         _018_ (net)
                      0.105578    0.000024    2.608798 v _065_/C (sky130_fd_sc_hd__or4_4)
    10    0.032239    0.129358    0.571460    3.180258 v _065_/X (sky130_fd_sc_hd__or4_4)
                                                         _021_ (net)
                      0.129358    0.000466    3.180724 v _110_/B1 (sky130_fd_sc_hd__a21oi_1)
     1    0.002468    0.102175    0.136966    3.317689 ^ _110_/Y (sky130_fd_sc_hd__a21oi_1)
                                                         _011_ (net)
                      0.102175    0.000008    3.317697 ^ _127_/D (sky130_fd_sc_hd__dfxtp_1)
                                              3.317697   data arrival time

                                 10.000000   10.000000   clock clk (rise edge)
                                  0.000000   10.000000   clock source latency
     1    0.013548    0.066956    0.045497   10.045497 ^ clk (in)
                                                         clk (net)
                      0.066958    0.000000   10.045497 ^ clkbuf_0_clk/A (sky130_fd_sc_hd__clkbuf_16)
     2    0.017315    0.039575    0.130956   10.176453 ^ clkbuf_0_clk/X (sky130_fd_sc_hd__clkbuf_16)
                                                         clknet_0_clk (net)
                      0.039575    0.000025   10.176477 ^ clkbuf_1_1__f_clk/A (sky130_fd_sc_hd__clkbuf_16)
     8    0.021949    0.043526    0.125373   10.301850 ^ clkbuf_1_1__f_clk/X (sky130_fd_sc_hd__clkbuf_16)
                                                         clknet_1_1__leaf_clk (net)
                      0.043526    0.000115   10.301966 ^ _127_/CLK (sky130_fd_sc_hd__dfxtp_1)
                                 -0.250000   10.051966   clock uncertainty
                                  0.000000   10.051966   clock reconvergence pessimism
                                 -0.067421    9.984544   library setup time
                                              9.984544   data required time
---------------------------------------------------------------------------------------------
                                              9.984544   data required time
                                             -3.317697   data arrival time
---------------------------------------------------------------------------------------------
                                              6.666847   slack (MET)


Startpoint: pc[13] (input port clocked by clk)
Endpoint: _117_ (rising edge-triggered flip-flop clocked by clk)
Path Group: clk
Path Type: max

Fanout         Cap        Slew       Delay        Time   Description
---------------------------------------------------------------------------------------------
                                  0.000000    0.000000   clock clk (rise edge)
                                  0.000000    0.000000   clock network delay (propagated)
                                  2.000000    2.000000 v input external delay
     1    0.002571    0.008103    0.004026    2.004026 v pc[13] (in)
                                                         pc[13] (net)
                      0.008103    0.000000    2.004026 v input4/A (sky130_fd_sc_hd__clkbuf_1)
     1    0.002113    0.023807    0.068225    2.072252 v input4/X (sky130_fd_sc_hd__clkbuf_1)
                                                         net4 (net)
                      0.023807    0.000006    2.072257 v _062_/A (sky130_fd_sc_hd__or4_1)
     2    0.005804    0.105578    0.536516    2.608773 v _062_/X (sky130_fd_sc_hd__or4_1)
                                                         _018_ (net)
                      0.105578    0.000024    2.608798 v _065_/C (sky130_fd_sc_hd__or4_4)
    10    0.032239    0.129358    0.571460    3.180258 v _065_/X (sky130_fd_sc_hd__or4_4)
                                                         _021_ (net)
                      0.129358    0.000302    3.180560 v _079_/B1 (sky130_fd_sc_hd__a21oi_1)
     1    0.002689    0.106158    0.140145    3.320704 ^ _079_/Y (sky130_fd_sc_hd__a21oi_1)
                                                         _001_ (net)
                      0.106158    0.000013    3.320717 ^ _117_/D (sky130_fd_sc_hd__dfxtp_1)
                                              3.320717   data arrival time

                                 10.000000   10.000000   clock clk (rise edge)
                                  0.000000   10.000000   clock source latency
     1    0.013548    0.066956    0.045497   10.045497 ^ clk (in)
                                                         clk (net)
                      0.066958    0.000000   10.045497 ^ clkbuf_0_clk/A (sky130_fd_sc_hd__clkbuf_16)
     2    0.017315    0.039575    0.130956   10.176453 ^ clkbuf_0_clk/X (sky130_fd_sc_hd__clkbuf_16)
                                                         clknet_0_clk (net)
                      0.039575    0.000032   10.176485 ^ clkbuf_1_0__f_clk/A (sky130_fd_sc_hd__clkbuf_16)
     7    0.025643    0.046863    0.128907   10.305391 ^ clkbuf_1_0__f_clk/X (sky130_fd_sc_hd__clkbuf_16)
                                                         clknet_1_0__leaf_clk (net)
                      0.046863    0.000161   10.305552 ^ _117_/CLK (sky130_fd_sc_hd__dfxtp_1)
                                 -0.250000   10.055552   clock uncertainty
                                  0.000000   10.055552   clock reconvergence pessimism
                                 -0.067856    9.987697   library setup time
                                              9.987697   data required time
---------------------------------------------------------------------------------------------
                                              9.987697   data required time
                                             -3.320717   data arrival time
---------------------------------------------------------------------------------------------
                                              6.666979   slack (MET)


Startpoint: pc[13] (input port clocked by clk)
Endpoint: _120_ (rising edge-triggered flip-flop clocked by clk)
Path Group: clk
Path Type: max

Fanout         Cap        Slew       Delay        Time   Description
---------------------------------------------------------------------------------------------
                                  0.000000    0.000000   clock clk (rise edge)
                                  0.000000    0.000000   clock network delay (propagated)
                                  2.000000    2.000000 v input external delay
     1    0.002571    0.008103    0.004026    2.004026 v pc[13] (in)
                                                         pc[13] (net)
                      0.008103    0.000000    2.004026 v input4/A (sky130_fd_sc_hd__clkbuf_1)
     1    0.002113    0.023807    0.068225    2.072252 v input4/X (sky130_fd_sc_hd__clkbuf_1)
                                                         net4 (net)
                      0.023807    0.000006    2.072257 v _062_/A (sky130_fd_sc_hd__or4_1)
     2    0.005804    0.105578    0.536516    2.608773 v _062_/X (sky130_fd_sc_hd__or4_1)
                                                         _018_ (net)
                      0.105578    0.000024    2.608798 v _065_/C (sky130_fd_sc_hd__or4_4)
    10    0.032239    0.129358    0.571460    3.180258 v _065_/X (sky130_fd_sc_hd__or4_4)
                                                         _021_ (net)
                      0.129358    0.000470    3.180728 v _097_/B1 (sky130_fd_sc_hd__a21oi_1)
     1    0.002404    0.101029    0.136036    3.316764 ^ _097_/Y (sky130_fd_sc_hd__a21oi_1)
                                                         _004_ (net)
                      0.101029    0.000006    3.316770 ^ _120_/D (sky130_fd_sc_hd__dfxtp_1)
                                              3.316770   data arrival time

                                 10.000000   10.000000   clock clk (rise edge)
                                  0.000000   10.000000   clock source latency
     1    0.013548    0.066956    0.045497   10.045497 ^ clk (in)
                                                         clk (net)
                      0.066958    0.000000   10.045497 ^ clkbuf_0_clk/A (sky130_fd_sc_hd__clkbuf_16)
     2    0.017315    0.039575    0.130956   10.176453 ^ clkbuf_0_clk/X (sky130_fd_sc_hd__clkbuf_16)
                                                         clknet_0_clk (net)
                      0.039575    0.000025   10.176477 ^ clkbuf_1_1__f_clk/A (sky130_fd_sc_hd__clkbuf_16)
     8    0.021949    0.043526    0.125373   10.301850 ^ clkbuf_1_1__f_clk/X (sky130_fd_sc_hd__clkbuf_16)
                                                         clknet_1_1__leaf_clk (net)
                      0.043526    0.000095   10.301946 ^ _120_/CLK (sky130_fd_sc_hd__dfxtp_1)
                                 -0.250000   10.051946   clock uncertainty
                                  0.000000   10.051946   clock reconvergence pessimism
                                 -0.067156    9.984789   library setup time
                                              9.984789   data required time
---------------------------------------------------------------------------------------------
                                              9.984789   data required time
                                             -3.316770   data arrival time
---------------------------------------------------------------------------------------------
                                              6.668019   slack (MET)


Startpoint: pc[13] (input port clocked by clk)
Endpoint: _128_ (rising edge-triggered flip-flop clocked by clk)
Path Group: clk
Path Type: max

Fanout         Cap        Slew       Delay        Time   Description
---------------------------------------------------------------------------------------------
                                  0.000000    0.000000   clock clk (rise edge)
                                  0.000000    0.000000   clock network delay (propagated)
                                  2.000000    2.000000 v input external delay
     1    0.002571    0.008103    0.004026    2.004026 v pc[13] (in)
                                                         pc[13] (net)
                      0.008103    0.000000    2.004026 v input4/A (sky130_fd_sc_hd__clkbuf_1)
     1    0.002113    0.023807    0.068225    2.072252 v input4/X (sky130_fd_sc_hd__clkbuf_1)
                                                         net4 (net)
                      0.023807    0.000006    2.072257 v _062_/A (sky130_fd_sc_hd__or4_1)
     2    0.005804    0.105578    0.536516    2.608773 v _062_/X (sky130_fd_sc_hd__or4_1)
                                                         _018_ (net)
                      0.105578    0.000024    2.608798 v _065_/C (sky130_fd_sc_hd__or4_4)
    10    0.032239    0.129358    0.571460    3.180258 v _065_/X (sky130_fd_sc_hd__or4_4)
                                                         _021_ (net)
                      0.129358    0.000242    3.180500 v _113_/B1 (sky130_fd_sc_hd__a21oi_1)
     1    0.002387    0.100720    0.135785    3.316285 ^ _113_/Y (sky130_fd_sc_hd__a21oi_1)
                                                         _012_ (net)
                      0.100720    0.000008    3.316293 ^ _128_/D (sky130_fd_sc_hd__dfxtp_1)
                                              3.316293   data arrival time

                                 10.000000   10.000000   clock clk (rise edge)
                                  0.000000   10.000000   clock source latency
     1    0.013548    0.066956    0.045497   10.045497 ^ clk (in)
                                                         clk (net)
                      0.066958    0.000000   10.045497 ^ clkbuf_0_clk/A (sky130_fd_sc_hd__clkbuf_16)
     2    0.017315    0.039575    0.130956   10.176453 ^ clkbuf_0_clk/X (sky130_fd_sc_hd__clkbuf_16)
                                                         clknet_0_clk (net)
                      0.039575    0.000032   10.176485 ^ clkbuf_1_0__f_clk/A (sky130_fd_sc_hd__clkbuf_16)
     7    0.025643    0.046863    0.128907   10.305391 ^ clkbuf_1_0__f_clk/X (sky130_fd_sc_hd__clkbuf_16)
                                                         clknet_1_0__leaf_clk (net)
                      0.046863    0.000157   10.305549 ^ _128_/CLK (sky130_fd_sc_hd__dfxtp_1)
                                 -0.250000   10.055549   clock uncertainty
                                  0.000000   10.055549   clock reconvergence pessimism
                                 -0.066600    9.988949   library setup time
                                              9.988949   data required time
---------------------------------------------------------------------------------------------
                                              9.988949   data required time
                                             -3.316293   data arrival time
---------------------------------------------------------------------------------------------
                                              6.672655   slack (MET)


Startpoint: pc[13] (input port clocked by clk)
Endpoint: _126_ (rising edge-triggered flip-flop clocked by clk)
Path Group: clk
Path Type: max

Fanout         Cap        Slew       Delay        Time   Description
---------------------------------------------------------------------------------------------
                                  0.000000    0.000000   clock clk (rise edge)
                                  0.000000    0.000000   clock network delay (propagated)
                                  2.000000    2.000000 v input external delay
     1    0.002571    0.008103    0.004026    2.004026 v pc[13] (in)
                                                         pc[13] (net)
                      0.008103    0.000000    2.004026 v input4/A (sky130_fd_sc_hd__clkbuf_1)
     1    0.002113    0.023807    0.068225    2.072252 v input4/X (sky130_fd_sc_hd__clkbuf_1)
                                                         net4 (net)
                      0.023807    0.000006    2.072257 v _062_/A (sky130_fd_sc_hd__or4_1)
     2    0.005804    0.105578    0.536516    2.608773 v _062_/X (sky130_fd_sc_hd__or4_1)
                                                         _018_ (net)
                      0.105578    0.000018    2.608791 v _064_/C (sky130_fd_sc_hd__nor4_1)
     2    0.005916    0.335083    0.324381    2.933172 ^ _064_/Y (sky130_fd_sc_hd__nor4_1)
                                                         _020_ (net)
                      0.335083    0.000027    2.933199 ^ max_cap32/A (sky130_fd_sc_hd__buf_1)
     3    0.009329    0.117997    0.180737    3.113936 ^ max_cap32/X (sky130_fd_sc_hd__buf_1)
                                                         net32 (net)
                      0.117997    0.000057    3.113992 ^ _108_/C1 (sky130_fd_sc_hd__o221a_1)
     1    0.002971    0.054910    0.180189    3.294182 ^ _108_/X (sky130_fd_sc_hd__o221a_1)
                                                         _010_ (net)
                      0.054910    0.000019    3.294201 ^ _126_/D (sky130_fd_sc_hd__dfxtp_1)
                                              3.294201   data arrival time

                                 10.000000   10.000000   clock clk (rise edge)
                                  0.000000   10.000000   clock source latency
     1    0.013548    0.066956    0.045497   10.045497 ^ clk (in)
                                                         clk (net)
                      0.066958    0.000000   10.045497 ^ clkbuf_0_clk/A (sky130_fd_sc_hd__clkbuf_16)
     2    0.017315    0.039575    0.130956   10.176453 ^ clkbuf_0_clk/X (sky130_fd_sc_hd__clkbuf_16)
                                                         clknet_0_clk (net)
                      0.039575    0.000032   10.176485 ^ clkbuf_1_0__f_clk/A (sky130_fd_sc_hd__clkbuf_16)
     7    0.025643    0.046863    0.128907   10.305391 ^ clkbuf_1_0__f_clk/X (sky130_fd_sc_hd__clkbuf_16)
                                                         clknet_1_0__leaf_clk (net)
                      0.046863    0.000127   10.305518 ^ _126_/CLK (sky130_fd_sc_hd__dfxtp_1)
                                 -0.250000   10.055518   clock uncertainty
                                  0.000000   10.055518   clock reconvergence pessimism
                                 -0.056016    9.999502   library setup time
                                              9.999502   data required time
---------------------------------------------------------------------------------------------
                                              9.999502   data required time
                                             -3.294201   data arrival time
---------------------------------------------------------------------------------------------
                                              6.705301   slack (MET)


Startpoint: pc[13] (input port clocked by clk)
Endpoint: _124_ (rising edge-triggered flip-flop clocked by clk)
Path Group: clk
Path Type: max

Fanout         Cap        Slew       Delay        Time   Description
---------------------------------------------------------------------------------------------
                                  0.000000    0.000000   clock clk (rise edge)
                                  0.000000    0.000000   clock network delay (propagated)
                                  2.000000    2.000000 v input external delay
     1    0.002571    0.008103    0.004026    2.004026 v pc[13] (in)
                                                         pc[13] (net)
                      0.008103    0.000000    2.004026 v input4/A (sky130_fd_sc_hd__clkbuf_1)
     1    0.002113    0.023807    0.068225    2.072252 v input4/X (sky130_fd_sc_hd__clkbuf_1)
                                                         net4 (net)
                      0.023807    0.000006    2.072257 v _062_/A (sky130_fd_sc_hd__or4_1)
     2    0.005804    0.105578    0.536516    2.608773 v _062_/X (sky130_fd_sc_hd__or4_1)
                                                         _018_ (net)
                      0.105578    0.000018    2.608791 v _064_/C (sky130_fd_sc_hd__nor4_1)
     2    0.005916    0.335083    0.324381    2.933172 ^ _064_/Y (sky130_fd_sc_hd__nor4_1)
                                                         _020_ (net)
                      0.335083    0.000027    2.933199 ^ max_cap32/A (sky130_fd_sc_hd__buf_1)
     3    0.009329    0.117997    0.180737    3.113936 ^ max_cap32/X (sky130_fd_sc_hd__buf_1)
                                                         net32 (net)
                      0.117997    0.000060    3.113996 ^ _105_/C1 (sky130_fd_sc_hd__o211a_1)
     1    0.003406    0.046885    0.155157    3.269153 ^ _105_/X (sky130_fd_sc_hd__o211a_1)
                                                         _008_ (net)
                      0.046885    0.000026    3.269179 ^ _124_/D (sky130_fd_sc_hd__dfxtp_1)
                                              3.269179   data arrival time

                                 10.000000   10.000000   clock clk (rise edge)
                                  0.000000   10.000000   clock source latency
     1    0.013548    0.066956    0.045497   10.045497 ^ clk (in)
                                                         clk (net)
                      0.066958    0.000000   10.045497 ^ clkbuf_0_clk/A (sky130_fd_sc_hd__clkbuf_16)
     2    0.017315    0.039575    0.130956   10.176453 ^ clkbuf_0_clk/X (sky130_fd_sc_hd__clkbuf_16)
                                                         clknet_0_clk (net)
                      0.039575    0.000025   10.176477 ^ clkbuf_1_1__f_clk/A (sky130_fd_sc_hd__clkbuf_16)
     8    0.021949    0.043526    0.125373   10.301850 ^ clkbuf_1_1__f_clk/X (sky130_fd_sc_hd__clkbuf_16)
                                                         clknet_1_1__leaf_clk (net)
                      0.043526    0.000080   10.301930 ^ _124_/CLK (sky130_fd_sc_hd__dfxtp_1)
                                 -0.250000   10.051930   clock uncertainty
                                  0.000000   10.051930   clock reconvergence pessimism
                                 -0.054638    9.997293   library setup time
                                              9.997293   data required time
---------------------------------------------------------------------------------------------
                                              9.997293   data required time
                                             -3.269179   data arrival time
---------------------------------------------------------------------------------------------
                                              6.728113   slack (MET)


Startpoint: pc[13] (input port clocked by clk)
Endpoint: _122_ (rising edge-triggered flip-flop clocked by clk)
Path Group: clk
Path Type: max

Fanout         Cap        Slew       Delay        Time   Description
---------------------------------------------------------------------------------------------
                                  0.000000    0.000000   clock clk (rise edge)
                                  0.000000    0.000000   clock network delay (propagated)
                                  2.000000    2.000000 v input external delay
     1    0.002571    0.008103    0.004026    2.004026 v pc[13] (in)
                                                         pc[13] (net)
                      0.008103    0.000000    2.004026 v input4/A (sky130_fd_sc_hd__clkbuf_1)
     1    0.002113    0.023807    0.068225    2.072252 v input4/X (sky130_fd_sc_hd__clkbuf_1)
                                                         net4 (net)
                      0.023807    0.000006    2.072257 v _062_/A (sky130_fd_sc_hd__or4_1)
     2    0.005804    0.105578    0.536516    2.608773 v _062_/X (sky130_fd_sc_hd__or4_1)
                                                         _018_ (net)
                      0.105578    0.000018    2.608791 v _064_/C (sky130_fd_sc_hd__nor4_1)
     2    0.005916    0.335083    0.324381    2.933172 ^ _064_/Y (sky130_fd_sc_hd__nor4_1)
                                                         _020_ (net)
                      0.335083    0.000027    2.933199 ^ max_cap32/A (sky130_fd_sc_hd__buf_1)
     3    0.009329    0.117997    0.180737    3.113936 ^ max_cap32/X (sky130_fd_sc_hd__buf_1)
                                                         net32 (net)
                      0.117997    0.000036    3.113972 ^ _102_/B1 (sky130_fd_sc_hd__o21a_1)
     1    0.002662    0.041061    0.129496    3.243468 ^ _102_/X (sky130_fd_sc_hd__o21a_1)
                                                         _006_ (net)
                      0.041061    0.000014    3.243481 ^ _122_/D (sky130_fd_sc_hd__dfxtp_1)
                                              3.243481   data arrival time

                                 10.000000   10.000000   clock clk (rise edge)
                                  0.000000   10.000000   clock source latency
     1    0.013548    0.066956    0.045497   10.045497 ^ clk (in)
                                                         clk (net)
                      0.066958    0.000000   10.045497 ^ clkbuf_0_clk/A (sky130_fd_sc_hd__clkbuf_16)
     2    0.017315    0.039575    0.130956   10.176453 ^ clkbuf_0_clk/X (sky130_fd_sc_hd__clkbuf_16)
                                                         clknet_0_clk (net)
                      0.039575    0.000032   10.176485 ^ clkbuf_1_0__f_clk/A (sky130_fd_sc_hd__clkbuf_16)
     7    0.025643    0.046863    0.128907   10.305391 ^ clkbuf_1_0__f_clk/X (sky130_fd_sc_hd__clkbuf_16)
                                                         clknet_1_0__leaf_clk (net)
                      0.046863    0.000119   10.305511 ^ _122_/CLK (sky130_fd_sc_hd__dfxtp_1)
                                 -0.250000   10.055511   clock uncertainty
                                  0.000000   10.055511   clock reconvergence pessimism
                                 -0.052816   10.002694   library setup time
                                             10.002694   data required time
---------------------------------------------------------------------------------------------
                                             10.002694   data required time
                                             -3.243481   data arrival time
---------------------------------------------------------------------------------------------
                                              6.759213   slack (MET)


Startpoint: _122_ (rising edge-triggered flip-flop clocked by clk)
Endpoint: instruction[7] (output port clocked by clk)
Path Group: clk
Path Type: max

Fanout         Cap        Slew       Delay        Time   Description
---------------------------------------------------------------------------------------------
                                  0.000000    0.000000   clock clk (rise edge)
                                  0.000000    0.000000   clock source latency
     1    0.013548    0.066956    0.045497    0.045497 ^ clk (in)
                                                         clk (net)
                      0.066958    0.000000    0.045497 ^ clkbuf_0_clk/A (sky130_fd_sc_hd__clkbuf_16)
     2    0.017315    0.039575    0.130956    0.176453 ^ clkbuf_0_clk/X (sky130_fd_sc_hd__clkbuf_16)
                                                         clknet_0_clk (net)
                      0.039575    0.000032    0.176485 ^ clkbuf_1_0__f_clk/A (sky130_fd_sc_hd__clkbuf_16)
     7    0.025643    0.046863    0.128906    0.305391 ^ clkbuf_1_0__f_clk/X (sky130_fd_sc_hd__clkbuf_16)
                                                         clknet_1_0__leaf_clk (net)
                      0.046863    0.000119    0.305510 ^ _122_/CLK (sky130_fd_sc_hd__dfxtp_1)
     2    0.006944    0.076066    0.327844    0.633354 ^ _122_/Q (sky130_fd_sc_hd__dfxtp_1)
                                                         net22 (net)
                      0.076066    0.000077    0.633432 ^ _131_/A (sky130_fd_sc_hd__clkbuf_1)
     1    0.002886    0.045227    0.090109    0.723541 ^ _131_/X (sky130_fd_sc_hd__clkbuf_1)
                                                         net29 (net)
                      0.045227    0.000016    0.723557 ^ output29/A (sky130_fd_sc_hd__buf_2)
     1    0.034424    0.170846    0.198883    0.922440 ^ output29/X (sky130_fd_sc_hd__buf_2)
                                                         instruction[7] (net)
                      0.170846    0.000216    0.922656 ^ instruction[7] (out)
                                              0.922656   data arrival time

                                 10.000000   10.000000   clock clk (rise edge)
                                  0.000000   10.000000   clock network delay (propagated)
                                 -0.250000    9.750000   clock uncertainty
                                  0.000000    9.750000   clock reconvergence pessimism
                                 -2.000000    7.750000   output external delay
                                              7.750000   data required time
---------------------------------------------------------------------------------------------
                                              7.750000   data required time
                                             -0.922656   data arrival time
---------------------------------------------------------------------------------------------
                                              6.827344   slack (MET)


Startpoint: _124_ (rising edge-triggered flip-flop clocked by clk)
Endpoint: instruction[5] (output port clocked by clk)
Path Group: clk
Path Type: max

Fanout         Cap        Slew       Delay        Time   Description
---------------------------------------------------------------------------------------------
                                  0.000000    0.000000   clock clk (rise edge)
                                  0.000000    0.000000   clock source latency
     1    0.013548    0.066956    0.045497    0.045497 ^ clk (in)
                                                         clk (net)
                      0.066958    0.000000    0.045497 ^ clkbuf_0_clk/A (sky130_fd_sc_hd__clkbuf_16)
     2    0.017315    0.039575    0.130956    0.176453 ^ clkbuf_0_clk/X (sky130_fd_sc_hd__clkbuf_16)
                                                         clknet_0_clk (net)
                      0.039575    0.000025    0.176478 ^ clkbuf_1_1__f_clk/A (sky130_fd_sc_hd__clkbuf_16)
     8    0.021949    0.043526    0.125373    0.301850 ^ clkbuf_1_1__f_clk/X (sky130_fd_sc_hd__clkbuf_16)
                                                         clknet_1_1__leaf_clk (net)
                      0.043526    0.000080    0.301930 ^ _124_/CLK (sky130_fd_sc_hd__dfxtp_1)
     2    0.007300    0.079189    0.328961    0.630891 ^ _124_/Q (sky130_fd_sc_hd__dfxtp_1)
                                                         net31 (net)
                      0.079189    0.000088    0.630979 ^ _130_/A (sky130_fd_sc_hd__clkbuf_1)
     1    0.002925    0.045684    0.091260    0.722239 ^ _130_/X (sky130_fd_sc_hd__clkbuf_1)
                                                         net27 (net)
                      0.045684    0.000016    0.722255 ^ output27/A (sky130_fd_sc_hd__buf_2)
     1    0.034424    0.170845    0.199058    0.921313 ^ output27/X (sky130_fd_sc_hd__buf_2)
                                                         instruction[5] (net)
                      0.170845    0.000216    0.921529 ^ instruction[5] (out)
                                              0.921529   data arrival time

                                 10.000000   10.000000   clock clk (rise edge)
                                  0.000000   10.000000   clock network delay (propagated)
                                 -0.250000    9.750000   clock uncertainty
                                  0.000000    9.750000   clock reconvergence pessimism
                                 -2.000000    7.750000   output external delay
                                              7.750000   data required time
---------------------------------------------------------------------------------------------
                                              7.750000   data required time
                                             -0.921529   data arrival time
---------------------------------------------------------------------------------------------
                                              6.828471   slack (MET)


Startpoint: pc[13] (input port clocked by clk)
Endpoint: _119_ (rising edge-triggered flip-flop clocked by clk)
Path Group: clk
Path Type: max

Fanout         Cap        Slew       Delay        Time   Description
---------------------------------------------------------------------------------------------
                                  0.000000    0.000000   clock clk (rise edge)
                                  0.000000    0.000000   clock network delay (propagated)
                                  2.000000    2.000000 v input external delay
     1    0.002571    0.008103    0.004026    2.004026 v pc[13] (in)
                                                         pc[13] (net)
                      0.008103    0.000000    2.004026 v input4/A (sky130_fd_sc_hd__clkbuf_1)
     1    0.002113    0.023807    0.068225    2.072252 v input4/X (sky130_fd_sc_hd__clkbuf_1)
                                                         net4 (net)
                      0.023807    0.000006    2.072257 v _062_/A (sky130_fd_sc_hd__or4_1)
     2    0.005804    0.105578    0.536516    2.608773 v _062_/X (sky130_fd_sc_hd__or4_1)
                                                         _018_ (net)
                      0.105578    0.000018    2.608791 v _064_/C (sky130_fd_sc_hd__nor4_1)
     2    0.005916    0.335083    0.324381    2.933172 ^ _064_/Y (sky130_fd_sc_hd__nor4_1)
                                                         _020_ (net)
                      0.335083    0.000023    2.933195 ^ _094_/B1 (sky130_fd_sc_hd__o31a_1)
     1    0.003089    0.051860    0.194676    3.127871 ^ _094_/X (sky130_fd_sc_hd__o31a_1)
                                                         _003_ (net)
                      0.051860    0.000019    3.127890 ^ _119_/D (sky130_fd_sc_hd__dfxtp_1)
                                              3.127890   data arrival time

                                 10.000000   10.000000   clock clk (rise edge)
                                  0.000000   10.000000   clock source latency
     1    0.013548    0.066956    0.045497   10.045497 ^ clk (in)
                                                         clk (net)
                      0.066958    0.000000   10.045497 ^ clkbuf_0_clk/A (sky130_fd_sc_hd__clkbuf_16)
     2    0.017315    0.039575    0.130956   10.176453 ^ clkbuf_0_clk/X (sky130_fd_sc_hd__clkbuf_16)
                                                         clknet_0_clk (net)
                      0.039575    0.000032   10.176485 ^ clkbuf_1_0__f_clk/A (sky130_fd_sc_hd__clkbuf_16)
     7    0.025643    0.046863    0.128907   10.305391 ^ clkbuf_1_0__f_clk/X (sky130_fd_sc_hd__clkbuf_16)
                                                         clknet_1_0__leaf_clk (net)
                      0.046863    0.000126   10.305517 ^ _119_/CLK (sky130_fd_sc_hd__dfxtp_1)
                                 -0.250000   10.055517   clock uncertainty
                                  0.000000   10.055517   clock reconvergence pessimism
                                 -0.055311   10.000206   library setup time
                                             10.000206   data required time
---------------------------------------------------------------------------------------------
                                             10.000206   data required time
                                             -3.127890   data arrival time
---------------------------------------------------------------------------------------------
                                              6.872316   slack (MET)


Startpoint: _122_ (rising edge-triggered flip-flop clocked by clk)
Endpoint: instruction[15] (output port clocked by clk)
Path Group: clk
Path Type: max

Fanout         Cap        Slew       Delay        Time   Description
---------------------------------------------------------------------------------------------
                                  0.000000    0.000000   clock clk (rise edge)
                                  0.000000    0.000000   clock source latency
     1    0.013548    0.066956    0.045497    0.045497 ^ clk (in)
                                                         clk (net)
                      0.066958    0.000000    0.045497 ^ clkbuf_0_clk/A (sky130_fd_sc_hd__clkbuf_16)
     2    0.017315    0.039575    0.130956    0.176453 ^ clkbuf_0_clk/X (sky130_fd_sc_hd__clkbuf_16)
                                                         clknet_0_clk (net)
                      0.039575    0.000032    0.176485 ^ clkbuf_1_0__f_clk/A (sky130_fd_sc_hd__clkbuf_16)
     7    0.025643    0.046863    0.128906    0.305391 ^ clkbuf_1_0__f_clk/X (sky130_fd_sc_hd__clkbuf_16)
                                                         clknet_1_0__leaf_clk (net)
                      0.046863    0.000119    0.305510 ^ _122_/CLK (sky130_fd_sc_hd__dfxtp_1)
     2    0.006944    0.076066    0.327844    0.633354 ^ _122_/Q (sky130_fd_sc_hd__dfxtp_1)
                                                         net22 (net)
                      0.076066    0.000090    0.633445 ^ output22/A (sky130_fd_sc_hd__buf_2)
     1    0.034424    0.170963    0.210364    0.843809 ^ output22/X (sky130_fd_sc_hd__buf_2)
                                                         instruction[15] (net)
                      0.170963    0.000216    0.844025 ^ instruction[15] (out)
                                              0.844025   data arrival time

                                 10.000000   10.000000   clock clk (rise edge)
                                  0.000000   10.000000   clock network delay (propagated)
                                 -0.250000    9.750000   clock uncertainty
                                  0.000000    9.750000   clock reconvergence pessimism
                                 -2.000000    7.750000   output external delay
                                              7.750000   data required time
---------------------------------------------------------------------------------------------
                                              7.750000   data required time
                                             -0.844025   data arrival time
---------------------------------------------------------------------------------------------
                                              6.905975   slack (MET)


Startpoint: _124_ (rising edge-triggered flip-flop clocked by clk)
Endpoint: instruction[9] (output port clocked by clk)
Path Group: clk
Path Type: max

Fanout         Cap        Slew       Delay        Time   Description
---------------------------------------------------------------------------------------------
                                  0.000000    0.000000   clock clk (rise edge)
                                  0.000000    0.000000   clock source latency
     1    0.013548    0.066956    0.045497    0.045497 ^ clk (in)
                                                         clk (net)
                      0.066958    0.000000    0.045497 ^ clkbuf_0_clk/A (sky130_fd_sc_hd__clkbuf_16)
     2    0.017315    0.039575    0.130956    0.176453 ^ clkbuf_0_clk/X (sky130_fd_sc_hd__clkbuf_16)
                                                         clknet_0_clk (net)
                      0.039575    0.000025    0.176478 ^ clkbuf_1_1__f_clk/A (sky130_fd_sc_hd__clkbuf_16)
     8    0.021949    0.043526    0.125373    0.301850 ^ clkbuf_1_1__f_clk/X (sky130_fd_sc_hd__clkbuf_16)
                                                         clknet_1_1__leaf_clk (net)
                      0.043526    0.000080    0.301930 ^ _124_/CLK (sky130_fd_sc_hd__dfxtp_1)
     2    0.007300    0.079189    0.328961    0.630891 ^ _124_/Q (sky130_fd_sc_hd__dfxtp_1)
                                                         net31 (net)
                      0.079189    0.000102    0.630993 ^ output31/A (sky130_fd_sc_hd__buf_2)
     1    0.034424    0.170982    0.211515    0.842507 ^ output31/X (sky130_fd_sc_hd__buf_2)
                                                         instruction[9] (net)
                      0.170982    0.000216    0.842724 ^ instruction[9] (out)
                                              0.842724   data arrival time

                                 10.000000   10.000000   clock clk (rise edge)
                                  0.000000   10.000000   clock network delay (propagated)
                                 -0.250000    9.750000   clock uncertainty
                                  0.000000    9.750000   clock reconvergence pessimism
                                 -2.000000    7.750000   output external delay
                                              7.750000   data required time
---------------------------------------------------------------------------------------------
                                              7.750000   data required time
                                             -0.842724   data arrival time
---------------------------------------------------------------------------------------------
                                              6.907276   slack (MET)


Startpoint: _125_ (rising edge-triggered flip-flop clocked by clk)
Endpoint: instruction[10] (output port clocked by clk)
Path Group: clk
Path Type: max

Fanout         Cap        Slew       Delay        Time   Description
---------------------------------------------------------------------------------------------
                                  0.000000    0.000000   clock clk (rise edge)
                                  0.000000    0.000000   clock source latency
     1    0.013548    0.066956    0.045497    0.045497 ^ clk (in)
                                                         clk (net)
                      0.066958    0.000000    0.045497 ^ clkbuf_0_clk/A (sky130_fd_sc_hd__clkbuf_16)
     2    0.017315    0.039575    0.130956    0.176453 ^ clkbuf_0_clk/X (sky130_fd_sc_hd__clkbuf_16)
                                                         clknet_0_clk (net)
                      0.039575    0.000025    0.176478 ^ clkbuf_1_1__f_clk/A (sky130_fd_sc_hd__clkbuf_16)
     8    0.021949    0.043526    0.125373    0.301850 ^ clkbuf_1_1__f_clk/X (sky130_fd_sc_hd__clkbuf_16)
                                                         clknet_1_1__leaf_clk (net)
                      0.043526    0.000082    0.301932 ^ _125_/CLK (sky130_fd_sc_hd__dfxtp_1)
     1    0.006547    0.072594    0.324007    0.625939 ^ _125_/Q (sky130_fd_sc_hd__dfxtp_1)
                                                         net17 (net)
                      0.072594    0.000087    0.626025 ^ output17/A (sky130_fd_sc_hd__buf_2)
     1    0.034016    0.169012    0.207820    0.833846 ^ output17/X (sky130_fd_sc_hd__buf_2)
                                                         instruction[10] (net)
                      0.169012    0.000088    0.833933 ^ instruction[10] (out)
                                              0.833933   data arrival time

                                 10.000000   10.000000   clock clk (rise edge)
                                  0.000000   10.000000   clock network delay (propagated)
                                 -0.250000    9.750000   clock uncertainty
                                  0.000000    9.750000   clock reconvergence pessimism
                                 -2.000000    7.750000   output external delay
                                              7.750000   data required time
---------------------------------------------------------------------------------------------
                                              7.750000   data required time
                                             -0.833933   data arrival time
---------------------------------------------------------------------------------------------
                                              6.916067   slack (MET)


Startpoint: _127_ (rising edge-triggered flip-flop clocked by clk)
Endpoint: instruction[12] (output port clocked by clk)
Path Group: clk
Path Type: max

Fanout         Cap        Slew       Delay        Time   Description
---------------------------------------------------------------------------------------------
                                  0.000000    0.000000   clock clk (rise edge)
                                  0.000000    0.000000   clock source latency
     1    0.013548    0.066956    0.045497    0.045497 ^ clk (in)
                                                         clk (net)
                      0.066958    0.000000    0.045497 ^ clkbuf_0_clk/A (sky130_fd_sc_hd__clkbuf_16)
     2    0.017315    0.039575    0.130956    0.176453 ^ clkbuf_0_clk/X (sky130_fd_sc_hd__clkbuf_16)
                                                         clknet_0_clk (net)
                      0.039575    0.000025    0.176478 ^ clkbuf_1_1__f_clk/A (sky130_fd_sc_hd__clkbuf_16)
     8    0.021949    0.043526    0.125373    0.301850 ^ clkbuf_1_1__f_clk/X (sky130_fd_sc_hd__clkbuf_16)
                                                         clknet_1_1__leaf_clk (net)
                      0.043526    0.000115    0.301965 ^ _127_/CLK (sky130_fd_sc_hd__dfxtp_1)
     1    0.006285    0.070309    0.322283    0.624249 ^ _127_/Q (sky130_fd_sc_hd__dfxtp_1)
                                                         net19 (net)
                      0.070309    0.000077    0.624326 ^ output19/A (sky130_fd_sc_hd__buf_2)
     1    0.033999    0.168919    0.206925    0.831251 ^ output19/X (sky130_fd_sc_hd__buf_2)
                                                         instruction[12] (net)
                      0.168919    0.000084    0.831335 ^ instruction[12] (out)
                                              0.831335   data arrival time

                                 10.000000   10.000000   clock clk (rise edge)
                                  0.000000   10.000000   clock network delay (propagated)
                                 -0.250000    9.750000   clock uncertainty
                                  0.000000    9.750000   clock reconvergence pessimism
                                 -2.000000    7.750000   output external delay
                                              7.750000   data required time
---------------------------------------------------------------------------------------------
                                              7.750000   data required time
                                             -0.831335   data arrival time
---------------------------------------------------------------------------------------------
                                              6.918665   slack (MET)


Startpoint: _129_ (rising edge-triggered flip-flop clocked by clk)
Endpoint: instruction[14] (output port clocked by clk)
Path Group: clk
Path Type: max

Fanout         Cap        Slew       Delay        Time   Description
---------------------------------------------------------------------------------------------
                                  0.000000    0.000000   clock clk (rise edge)
                                  0.000000    0.000000   clock source latency
     1    0.013548    0.066956    0.045497    0.045497 ^ clk (in)
                                                         clk (net)
                      0.066958    0.000000    0.045497 ^ clkbuf_0_clk/A (sky130_fd_sc_hd__clkbuf_16)
     2    0.017315    0.039575    0.130956    0.176453 ^ clkbuf_0_clk/X (sky130_fd_sc_hd__clkbuf_16)
                                                         clknet_0_clk (net)
                      0.039575    0.000025    0.176478 ^ clkbuf_1_1__f_clk/A (sky130_fd_sc_hd__clkbuf_16)
     8    0.021949    0.043526    0.125373    0.301850 ^ clkbuf_1_1__f_clk/X (sky130_fd_sc_hd__clkbuf_16)
                                                         clknet_1_1__leaf_clk (net)
                      0.043526    0.000076    0.301926 ^ _129_/CLK (sky130_fd_sc_hd__dfxtp_1)
     1    0.006267    0.070152    0.322164    0.624090 ^ _129_/Q (sky130_fd_sc_hd__dfxtp_1)
                                                         net21 (net)
                      0.070152    0.000079    0.624169 ^ output21/A (sky130_fd_sc_hd__buf_2)
     1    0.034051    0.169165    0.207032    0.831201 ^ output21/X (sky130_fd_sc_hd__buf_2)
                                                         instruction[14] (net)
                      0.169165    0.000096    0.831297 ^ instruction[14] (out)
                                              0.831297   data arrival time

                                 10.000000   10.000000   clock clk (rise edge)
                                  0.000000   10.000000   clock network delay (propagated)
                                 -0.250000    9.750000   clock uncertainty
                                  0.000000    9.750000   clock reconvergence pessimism
                                 -2.000000    7.750000   output external delay
                                              7.750000   data required time
---------------------------------------------------------------------------------------------
                                              7.750000   data required time
                                             -0.831297   data arrival time
---------------------------------------------------------------------------------------------
                                              6.918703   slack (MET)


Startpoint: _121_ (rising edge-triggered flip-flop clocked by clk)
Endpoint: instruction[6] (output port clocked by clk)
Path Group: clk
Path Type: max

Fanout         Cap        Slew       Delay        Time   Description
---------------------------------------------------------------------------------------------
                                  0.000000    0.000000   clock clk (rise edge)
                                  0.000000    0.000000   clock source latency
     1    0.013548    0.066956    0.045497    0.045497 ^ clk (in)
                                                         clk (net)
                      0.066958    0.000000    0.045497 ^ clkbuf_0_clk/A (sky130_fd_sc_hd__clkbuf_16)
     2    0.017315    0.039575    0.130956    0.176453 ^ clkbuf_0_clk/X (sky130_fd_sc_hd__clkbuf_16)
                                                         clknet_0_clk (net)
                      0.039575    0.000025    0.176478 ^ clkbuf_1_1__f_clk/A (sky130_fd_sc_hd__clkbuf_16)
     8    0.021949    0.043526    0.125373    0.301850 ^ clkbuf_1_1__f_clk/X (sky130_fd_sc_hd__clkbuf_16)
                                                         clknet_1_1__leaf_clk (net)
                      0.043526    0.000070    0.301921 ^ _121_/CLK (sky130_fd_sc_hd__dfxtp_1)
     1    0.006230    0.069829    0.321920    0.623841 ^ _121_/Q (sky130_fd_sc_hd__dfxtp_1)
                                                         net28 (net)
                      0.069829    0.000078    0.623919 ^ output28/A (sky130_fd_sc_hd__buf_2)
     1    0.034120    0.169489    0.207131    0.831050 ^ output28/X (sky130_fd_sc_hd__buf_2)
                                                         instruction[6] (net)
                      0.169489    0.000112    0.831162 ^ instruction[6] (out)
                                              0.831162   data arrival time

                                 10.000000   10.000000   clock clk (rise edge)
                                  0.000000   10.000000   clock network delay (propagated)
                                 -0.250000    9.750000   clock uncertainty
                                  0.000000    9.750000   clock reconvergence pessimism
                                 -2.000000    7.750000   output external delay
                                              7.750000   data required time
---------------------------------------------------------------------------------------------
                                              7.750000   data required time
                                             -0.831162   data arrival time
---------------------------------------------------------------------------------------------
                                              6.918838   slack (MET)


Startpoint: _117_ (rising edge-triggered flip-flop clocked by clk)
Endpoint: instruction[1] (output port clocked by clk)
Path Group: clk
Path Type: max

Fanout         Cap        Slew       Delay        Time   Description
---------------------------------------------------------------------------------------------
                                  0.000000    0.000000   clock clk (rise edge)
                                  0.000000    0.000000   clock source latency
     1    0.013548    0.066956    0.045497    0.045497 ^ clk (in)
                                                         clk (net)
                      0.066958    0.000000    0.045497 ^ clkbuf_0_clk/A (sky130_fd_sc_hd__clkbuf_16)
     2    0.017315    0.039575    0.130956    0.176453 ^ clkbuf_0_clk/X (sky130_fd_sc_hd__clkbuf_16)
                                                         clknet_0_clk (net)
                      0.039575    0.000032    0.176485 ^ clkbuf_1_0__f_clk/A (sky130_fd_sc_hd__clkbuf_16)
     7    0.025643    0.046863    0.128906    0.305391 ^ clkbuf_1_0__f_clk/X (sky130_fd_sc_hd__clkbuf_16)
                                                         clknet_1_0__leaf_clk (net)
                      0.046863    0.000161    0.305552 ^ _117_/CLK (sky130_fd_sc_hd__dfxtp_1)
     1    0.005572    0.064104    0.318802    0.624354 ^ _117_/Q (sky130_fd_sc_hd__dfxtp_1)
                                                         net23 (net)
                      0.064104    0.000086    0.624440 ^ output23/A (sky130_fd_sc_hd__buf_2)
     1    0.034344    0.170519    0.205705    0.830145 ^ output23/X (sky130_fd_sc_hd__buf_2)
                                                         instruction[1] (net)
                      0.170519    0.000197    0.830343 ^ instruction[1] (out)
                                              0.830343   data arrival time

                                 10.000000   10.000000   clock clk (rise edge)
                                  0.000000   10.000000   clock network delay (propagated)
                                 -0.250000    9.750000   clock uncertainty
                                  0.000000    9.750000   clock reconvergence pessimism
                                 -2.000000    7.750000   output external delay
                                              7.750000   data required time
---------------------------------------------------------------------------------------------
                                              7.750000   data required time
                                             -0.830343   data arrival time
---------------------------------------------------------------------------------------------
                                              6.919657   slack (MET)


Startpoint: _123_ (rising edge-triggered flip-flop clocked by clk)
Endpoint: instruction[8] (output port clocked by clk)
Path Group: clk
Path Type: max

Fanout         Cap        Slew       Delay        Time   Description
---------------------------------------------------------------------------------------------
                                  0.000000    0.000000   clock clk (rise edge)
                                  0.000000    0.000000   clock source latency
     1    0.013548    0.066956    0.045497    0.045497 ^ clk (in)
                                                         clk (net)
                      0.066958    0.000000    0.045497 ^ clkbuf_0_clk/A (sky130_fd_sc_hd__clkbuf_16)
     2    0.017315    0.039575    0.130956    0.176453 ^ clkbuf_0_clk/X (sky130_fd_sc_hd__clkbuf_16)
                                                         clknet_0_clk (net)
                      0.039575    0.000025    0.176478 ^ clkbuf_1_1__f_clk/A (sky130_fd_sc_hd__clkbuf_16)
     8    0.021949    0.043526    0.125373    0.301850 ^ clkbuf_1_1__f_clk/X (sky130_fd_sc_hd__clkbuf_16)
                                                         clknet_1_1__leaf_clk (net)
                      0.043526    0.000126    0.301976 ^ _123_/CLK (sky130_fd_sc_hd__dfxtp_1)
     1    0.006008    0.067894    0.320457    0.622433 ^ _123_/Q (sky130_fd_sc_hd__dfxtp_1)
                                                         net30 (net)
                      0.067894    0.000070    0.622504 ^ output30/A (sky130_fd_sc_hd__buf_2)
     1    0.034103    0.169398    0.206365    0.828868 ^ output30/X (sky130_fd_sc_hd__buf_2)
                                                         instruction[8] (net)
                      0.169398    0.000108    0.828977 ^ instruction[8] (out)
                                              0.828977   data arrival time

                                 10.000000   10.000000   clock clk (rise edge)
                                  0.000000   10.000000   clock network delay (propagated)
                                 -0.250000    9.750000   clock uncertainty
                                  0.000000    9.750000   clock reconvergence pessimism
                                 -2.000000    7.750000   output external delay
                                              7.750000   data required time
---------------------------------------------------------------------------------------------
                                              7.750000   data required time
                                             -0.828977   data arrival time
---------------------------------------------------------------------------------------------
                                              6.921023   slack (MET)


Startpoint: _118_ (rising edge-triggered flip-flop clocked by clk)
Endpoint: instruction[2] (output port clocked by clk)
Path Group: clk
Path Type: max

Fanout         Cap        Slew       Delay        Time   Description
---------------------------------------------------------------------------------------------
                                  0.000000    0.000000   clock clk (rise edge)
                                  0.000000    0.000000   clock source latency
     1    0.013548    0.066956    0.045497    0.045497 ^ clk (in)
                                                         clk (net)
                      0.066958    0.000000    0.045497 ^ clkbuf_0_clk/A (sky130_fd_sc_hd__clkbuf_16)
     2    0.017315    0.039575    0.130956    0.176453 ^ clkbuf_0_clk/X (sky130_fd_sc_hd__clkbuf_16)
                                                         clknet_0_clk (net)
                      0.039575    0.000032    0.176485 ^ clkbuf_1_0__f_clk/A (sky130_fd_sc_hd__clkbuf_16)
     7    0.025643    0.046863    0.128906    0.305391 ^ clkbuf_1_0__f_clk/X (sky130_fd_sc_hd__clkbuf_16)
                                                         clknet_1_0__leaf_clk (net)
                      0.046863    0.000182    0.305573 ^ _118_/CLK (sky130_fd_sc_hd__dfxtp_1)
     1    0.005413    0.062730    0.317758    0.623331 ^ _118_/Q (sky130_fd_sc_hd__dfxtp_1)
                                                         net24 (net)
                      0.062730    0.000082    0.623413 ^ output24/A (sky130_fd_sc_hd__buf_2)
     1    0.034344    0.170511    0.205199    0.828613 ^ output24/X (sky130_fd_sc_hd__buf_2)
                                                         instruction[2] (net)
                      0.170511    0.000197    0.828810 ^ instruction[2] (out)
                                              0.828810   data arrival time

                                 10.000000   10.000000   clock clk (rise edge)
                                  0.000000   10.000000   clock network delay (propagated)
                                 -0.250000    9.750000   clock uncertainty
                                  0.000000    9.750000   clock reconvergence pessimism
                                 -2.000000    7.750000   output external delay
                                              7.750000   data required time
---------------------------------------------------------------------------------------------
                                              7.750000   data required time
                                             -0.828810   data arrival time
---------------------------------------------------------------------------------------------
                                              6.921190   slack (MET)


Startpoint: _120_ (rising edge-triggered flip-flop clocked by clk)
Endpoint: instruction[4] (output port clocked by clk)
Path Group: clk
Path Type: max

Fanout         Cap        Slew       Delay        Time   Description
---------------------------------------------------------------------------------------------
                                  0.000000    0.000000   clock clk (rise edge)
                                  0.000000    0.000000   clock source latency
     1    0.013548    0.066956    0.045497    0.045497 ^ clk (in)
                                                         clk (net)
                      0.066958    0.000000    0.045497 ^ clkbuf_0_clk/A (sky130_fd_sc_hd__clkbuf_16)
     2    0.017315    0.039575    0.130956    0.176453 ^ clkbuf_0_clk/X (sky130_fd_sc_hd__clkbuf_16)
                                                         clknet_0_clk (net)
                      0.039575    0.000025    0.176478 ^ clkbuf_1_1__f_clk/A (sky130_fd_sc_hd__clkbuf_16)
     8    0.021949    0.043526    0.125373    0.301850 ^ clkbuf_1_1__f_clk/X (sky130_fd_sc_hd__clkbuf_16)
                                                         clknet_1_1__leaf_clk (net)
                      0.043526    0.000095    0.301945 ^ _120_/CLK (sky130_fd_sc_hd__dfxtp_1)
     1    0.005931    0.067220    0.319949    0.621894 ^ _120_/Q (sky130_fd_sc_hd__dfxtp_1)
                                                         net26 (net)
                      0.067220    0.000066    0.621960 ^ output26/A (sky130_fd_sc_hd__buf_2)
     1    0.034120    0.169474    0.206170    0.828130 ^ output26/X (sky130_fd_sc_hd__buf_2)
                                                         instruction[4] (net)
                      0.169474    0.000112    0.828242 ^ instruction[4] (out)
                                              0.828242   data arrival time

                                 10.000000   10.000000   clock clk (rise edge)
                                  0.000000   10.000000   clock network delay (propagated)
                                 -0.250000    9.750000   clock uncertainty
                                  0.000000    9.750000   clock reconvergence pessimism
                                 -2.000000    7.750000   output external delay
                                              7.750000   data required time
---------------------------------------------------------------------------------------------
                                              7.750000   data required time
                                             -0.828242   data arrival time
---------------------------------------------------------------------------------------------
                                              6.921758   slack (MET)


Startpoint: _116_ (rising edge-triggered flip-flop clocked by clk)
Endpoint: instruction[0] (output port clocked by clk)
Path Group: clk
Path Type: max

Fanout         Cap        Slew       Delay        Time   Description
---------------------------------------------------------------------------------------------
                                  0.000000    0.000000   clock clk (rise edge)
                                  0.000000    0.000000   clock source latency
     1    0.013548    0.066956    0.045497    0.045497 ^ clk (in)
                                                         clk (net)
                      0.066958    0.000000    0.045497 ^ clkbuf_0_clk/A (sky130_fd_sc_hd__clkbuf_16)
     2    0.017315    0.039575    0.130956    0.176453 ^ clkbuf_0_clk/X (sky130_fd_sc_hd__clkbuf_16)
                                                         clknet_0_clk (net)
                      0.039575    0.000025    0.176478 ^ clkbuf_1_1__f_clk/A (sky130_fd_sc_hd__clkbuf_16)
     8    0.021949    0.043526    0.125373    0.301850 ^ clkbuf_1_1__f_clk/X (sky130_fd_sc_hd__clkbuf_16)
                                                         clknet_1_1__leaf_clk (net)
                      0.043526    0.000124    0.301974 ^ _116_/CLK (sky130_fd_sc_hd__dfxtp_1)
     1    0.005873    0.066718    0.319567    0.621541 ^ _116_/Q (sky130_fd_sc_hd__dfxtp_1)
                                                         net16 (net)
                      0.066718    0.000066    0.621608 ^ output16/A (sky130_fd_sc_hd__buf_2)
     1    0.034068    0.169225    0.205820    0.827428 ^ output16/X (sky130_fd_sc_hd__buf_2)
                                                         instruction[0] (net)
                      0.169225    0.000100    0.827528 ^ instruction[0] (out)
                                              0.827528   data arrival time

                                 10.000000   10.000000   clock clk (rise edge)
                                  0.000000   10.000000   clock network delay (propagated)
                                 -0.250000    9.750000   clock uncertainty
                                  0.000000    9.750000   clock reconvergence pessimism
                                 -2.000000    7.750000   output external delay
                                              7.750000   data required time
---------------------------------------------------------------------------------------------
                                              7.750000   data required time
                                             -0.827528   data arrival time
---------------------------------------------------------------------------------------------
                                              6.922472   slack (MET)


Startpoint: _126_ (rising edge-triggered flip-flop clocked by clk)
Endpoint: instruction[11] (output port clocked by clk)
Path Group: clk
Path Type: max

Fanout         Cap        Slew       Delay        Time   Description
---------------------------------------------------------------------------------------------
                                  0.000000    0.000000   clock clk (rise edge)
                                  0.000000    0.000000   clock source latency
     1    0.013548    0.066956    0.045497    0.045497 ^ clk (in)
                                                         clk (net)
                      0.066958    0.000000    0.045497 ^ clkbuf_0_clk/A (sky130_fd_sc_hd__clkbuf_16)
     2    0.017315    0.039575    0.130956    0.176453 ^ clkbuf_0_clk/X (sky130_fd_sc_hd__clkbuf_16)
                                                         clknet_0_clk (net)
                      0.039575    0.000032    0.176485 ^ clkbuf_1_0__f_clk/A (sky130_fd_sc_hd__clkbuf_16)
     7    0.025643    0.046863    0.128906    0.305391 ^ clkbuf_1_0__f_clk/X (sky130_fd_sc_hd__clkbuf_16)
                                                         clknet_1_0__leaf_clk (net)
                      0.046863    0.000127    0.305518 ^ _126_/CLK (sky130_fd_sc_hd__dfxtp_1)
     1    0.005035    0.059457    0.315265    0.620783 ^ _126_/Q (sky130_fd_sc_hd__dfxtp_1)
                                                         net18 (net)
                      0.059457    0.000069    0.620852 ^ output18/A (sky130_fd_sc_hd__buf_2)
     1    0.034424    0.170867    0.204244    0.825097 ^ output18/X (sky130_fd_sc_hd__buf_2)
                                                         instruction[11] (net)
                      0.170867    0.000216    0.825313 ^ instruction[11] (out)
                                              0.825313   data arrival time

                                 10.000000   10.000000   clock clk (rise edge)
                                  0.000000   10.000000   clock network delay (propagated)
                                 -0.250000    9.750000   clock uncertainty
                                  0.000000    9.750000   clock reconvergence pessimism
                                 -2.000000    7.750000   output external delay
                                              7.750000   data required time
---------------------------------------------------------------------------------------------
                                              7.750000   data required time
                                             -0.825313   data arrival time
---------------------------------------------------------------------------------------------
                                              6.924687   slack (MET)


Startpoint: _119_ (rising edge-triggered flip-flop clocked by clk)
Endpoint: instruction[3] (output port clocked by clk)
Path Group: clk
Path Type: max

Fanout         Cap        Slew       Delay        Time   Description
---------------------------------------------------------------------------------------------
                                  0.000000    0.000000   clock clk (rise edge)
                                  0.000000    0.000000   clock source latency
     1    0.013548    0.066956    0.045497    0.045497 ^ clk (in)
                                                         clk (net)
                      0.066958    0.000000    0.045497 ^ clkbuf_0_clk/A (sky130_fd_sc_hd__clkbuf_16)
     2    0.017315    0.039575    0.130956    0.176453 ^ clkbuf_0_clk/X (sky130_fd_sc_hd__clkbuf_16)
                                                         clknet_0_clk (net)
                      0.039575    0.000032    0.176485 ^ clkbuf_1_0__f_clk/A (sky130_fd_sc_hd__clkbuf_16)
     7    0.025643    0.046863    0.128906    0.305391 ^ clkbuf_1_0__f_clk/X (sky130_fd_sc_hd__clkbuf_16)
                                                         clknet_1_0__leaf_clk (net)
                      0.046863    0.000126    0.305518 ^ _119_/CLK (sky130_fd_sc_hd__dfxtp_1)
     1    0.002884    0.041446    0.300753    0.606270 ^ _119_/Q (sky130_fd_sc_hd__dfxtp_1)
                                                         net25 (net)
                      0.041446    0.000016    0.606286 ^ output25/A (sky130_fd_sc_hd__buf_2)
     1    0.033989    0.168798    0.196085    0.802371 ^ output25/X (sky130_fd_sc_hd__buf_2)
                                                         instruction[3] (net)
                      0.168798    0.000083    0.802453 ^ instruction[3] (out)
                                              0.802453   data arrival time

                                 10.000000   10.000000   clock clk (rise edge)
                                  0.000000   10.000000   clock network delay (propagated)
                                 -0.250000    9.750000   clock uncertainty
                                  0.000000    9.750000   clock reconvergence pessimism
                                 -2.000000    7.750000   output external delay
                                              7.750000   data required time
---------------------------------------------------------------------------------------------
                                              7.750000   data required time
                                             -0.802453   data arrival time
---------------------------------------------------------------------------------------------
                                              6.947547   slack (MET)


Startpoint: _128_ (rising edge-triggered flip-flop clocked by clk)
Endpoint: instruction[13] (output port clocked by clk)
Path Group: clk
Path Type: max

Fanout         Cap        Slew       Delay        Time   Description
---------------------------------------------------------------------------------------------
                                  0.000000    0.000000   clock clk (rise edge)
                                  0.000000    0.000000   clock source latency
     1    0.013548    0.066956    0.045497    0.045497 ^ clk (in)
                                                         clk (net)
                      0.066958    0.000000    0.045497 ^ clkbuf_0_clk/A (sky130_fd_sc_hd__clkbuf_16)
     2    0.017315    0.039575    0.130956    0.176453 ^ clkbuf_0_clk/X (sky130_fd_sc_hd__clkbuf_16)
                                                         clknet_0_clk (net)
                      0.039575    0.000032    0.176485 ^ clkbuf_1_0__f_clk/A (sky130_fd_sc_hd__clkbuf_16)
     7    0.025643    0.046863    0.128906    0.305391 ^ clkbuf_1_0__f_clk/X (sky130_fd_sc_hd__clkbuf_16)
                                                         clknet_1_0__leaf_clk (net)
                      0.046863    0.000157    0.305548 ^ _128_/CLK (sky130_fd_sc_hd__dfxtp_1)
     1    0.002230    0.037532    0.296038    0.601586 ^ _128_/Q (sky130_fd_sc_hd__dfxtp_1)
                                                         net20 (net)
                      0.037532    0.000004    0.601591 ^ output20/A (sky130_fd_sc_hd__buf_2)
     1    0.034058    0.169122    0.194804    0.796395 ^ output20/X (sky130_fd_sc_hd__buf_2)
                                                         instruction[13] (net)
                      0.169122    0.000099    0.796494 ^ instruction[13] (out)
                                              0.796494   data arrival time

                                 10.000000   10.000000   clock clk (rise edge)
                                  0.000000   10.000000   clock network delay (propagated)
                                 -0.250000    9.750000   clock uncertainty
                                  0.000000    9.750000   clock reconvergence pessimism
                                 -2.000000    7.750000   output external delay
                                              7.750000   data required time
---------------------------------------------------------------------------------------------
                                              7.750000   data required time
                                             -0.796494   data arrival time
---------------------------------------------------------------------------------------------
                                              6.953506   slack (MET)



