
===========================================================================
report_checks -path_delay min (Hold)
============================================================================
======================= nom_tt_025C_1v80 Corner ===================================

Startpoint: pc[7] (input port clocked by clk)
Endpoint: _119_ (rising edge-triggered flip-flop clocked by clk)
Path Group: clk
Path Type: min

Fanout         Cap        Slew       Delay        Time   Description
---------------------------------------------------------------------------------------------
                                  0.000000    0.000000   clock clk (rise edge)
                                  0.000000    0.000000   clock network delay (propagated)
                                  2.000000    2.000000 ^ input external delay
     1    0.002672    0.019868    0.009845    2.009845 ^ pc[7] (in)
                                                         pc[7] (net)
                      0.019868    0.000000    2.009845 ^ input13/A (sky130_fd_sc_hd__clkbuf_1)
     2    0.006425    0.086885    0.100815    2.110661 ^ input13/X (sky130_fd_sc_hd__clkbuf_1)
                                                         net13 (net)
                      0.086885    0.000014    2.110675 ^ _064_/A (sky130_fd_sc_hd__nor4_1)
     2    0.005593    0.037818    0.070948    2.181623 v _064_/Y (sky130_fd_sc_hd__nor4_1)
                                                         _020_ (net)
                      0.037818    0.000021    2.181644 v _094_/B1 (sky130_fd_sc_hd__o31a_1)
     1    0.003096    0.029634    0.096264    2.277907 v _094_/X (sky130_fd_sc_hd__o31a_1)
                                                         _003_ (net)
                      0.029634    0.000019    2.277927 v _119_/D (sky130_fd_sc_hd__dfxtp_1)
                                              2.277927   data arrival time

                                  0.000000    0.000000   clock clk (rise edge)
                                  0.000000    0.000000   clock source latency
     1    0.013548    0.066956    0.045497    0.045497 ^ clk (in)
                                                         clk (net)
                      0.066958    0.000000    0.045497 ^ clkbuf_0_clk/A (sky130_fd_sc_hd__clkbuf_16)
     2    0.017315    0.039575    0.130956    0.176453 ^ clkbuf_0_clk/X (sky130_fd_sc_hd__clkbuf_16)
                                                         clknet_0_clk (net)
                      0.039575    0.000032    0.176485 ^ clkbuf_1_0__f_clk/A (sky130_fd_sc_hd__clkbuf_16)
     7    0.025643    0.046863    0.128906    0.305391 ^ clkbuf_1_0__f_clk/X (sky130_fd_sc_hd__clkbuf_16)
                                                         clknet_1_0__leaf_clk (net)
                      0.046863    0.000126    0.305518 ^ _119_/CLK (sky130_fd_sc_hd__dfxtp_1)
                                  0.250000    0.555518   clock uncertainty
                                  0.000000    0.555518   clock reconvergence pessimism
                                 -0.046711    0.508807   library hold time
                                              0.508807   data required time
---------------------------------------------------------------------------------------------
                                              0.508807   data required time
                                             -2.277927   data arrival time
---------------------------------------------------------------------------------------------
                                              1.769120   slack (MET)


Startpoint: pc[5] (input port clocked by clk)
Endpoint: _116_ (rising edge-triggered flip-flop clocked by clk)
Path Group: clk
Path Type: min

Fanout         Cap        Slew       Delay        Time   Description
---------------------------------------------------------------------------------------------
                                  0.000000    0.000000   clock clk (rise edge)
                                  0.000000    0.000000   clock network delay (propagated)
                                  2.000000    2.000000 v input external delay
     1    0.002103    0.007030    0.003238    2.003238 v pc[5] (in)
                                                         pc[5] (net)
                      0.007030    0.000000    2.003238 v input11/A (sky130_fd_sc_hd__buf_2)
    10    0.031898    0.084254    0.160052    2.163290 v input11/X (sky130_fd_sc_hd__buf_2)
                                                         net11 (net)
                      0.084255    0.000369    2.163659 v _066_/B (sky130_fd_sc_hd__nand2_1)
     1    0.003420    0.042073    0.082670    2.246329 ^ _066_/Y (sky130_fd_sc_hd__nand2_1)
                                                         _022_ (net)
                      0.042073    0.000016    2.246345 ^ _073_/A1 (sky130_fd_sc_hd__a21oi_1)
     1    0.003503    0.042919    0.056686    2.303031 v _073_/Y (sky130_fd_sc_hd__a21oi_1)
                                                         _000_ (net)
                      0.042919    0.000022    2.303053 v _116_/D (sky130_fd_sc_hd__dfxtp_1)
                                              2.303053   data arrival time

                                  0.000000    0.000000   clock clk (rise edge)
                                  0.000000    0.000000   clock source latency
     1    0.013548    0.066956    0.045497    0.045497 ^ clk (in)
                                                         clk (net)
                      0.066958    0.000000    0.045497 ^ clkbuf_0_clk/A (sky130_fd_sc_hd__clkbuf_16)
     2    0.017315    0.039575    0.130956    0.176453 ^ clkbuf_0_clk/X (sky130_fd_sc_hd__clkbuf_16)
                                                         clknet_0_clk (net)
                      0.039575    0.000025    0.176478 ^ clkbuf_1_1__f_clk/A (sky130_fd_sc_hd__clkbuf_16)
     8    0.021949    0.043526    0.125373    0.301850 ^ clkbuf_1_1__f_clk/X (sky130_fd_sc_hd__clkbuf_16)
                                                         clknet_1_1__leaf_clk (net)
                      0.043526    0.000124    0.301974 ^ _116_/CLK (sky130_fd_sc_hd__dfxtp_1)
                                  0.250000    0.551974   clock uncertainty
                                  0.000000    0.551974   clock reconvergence pessimism
                                 -0.053006    0.498968   library hold time
                                              0.498968   data required time
---------------------------------------------------------------------------------------------
                                              0.498968   data required time
                                             -2.303053   data arrival time
---------------------------------------------------------------------------------------------
                                              1.804085   slack (MET)


Startpoint: pc[4] (input port clocked by clk)
Endpoint: _124_ (rising edge-triggered flip-flop clocked by clk)
Path Group: clk
Path Type: min

Fanout         Cap        Slew       Delay        Time   Description
---------------------------------------------------------------------------------------------
                                  0.000000    0.000000   clock clk (rise edge)
                                  0.000000    0.000000   clock network delay (propagated)
                                  2.000000    2.000000 v input external delay
     1    0.002642    0.008267    0.004146    2.004146 v pc[4] (in)
                                                         pc[4] (net)
                      0.008267    0.000000    2.004146 v input10/A (sky130_fd_sc_hd__clkbuf_2)
     7    0.020115    0.082216    0.134003    2.138149 v input10/X (sky130_fd_sc_hd__clkbuf_2)
                                                         net10 (net)
                      0.082216    0.000268    2.138417 v _059_/A (sky130_fd_sc_hd__inv_2)
     1    0.003358    0.031640    0.055470    2.193887 ^ _059_/Y (sky130_fd_sc_hd__inv_2)
                                                         _015_ (net)
                      0.031640    0.000015    2.193901 ^ _105_/B1 (sky130_fd_sc_hd__o211a_1)
     1    0.003406    0.044793    0.136335    2.330236 ^ _105_/X (sky130_fd_sc_hd__o211a_1)
                                                         _008_ (net)
                      0.044793    0.000026    2.330262 ^ _124_/D (sky130_fd_sc_hd__dfxtp_1)
                                              2.330262   data arrival time

                                  0.000000    0.000000   clock clk (rise edge)
                                  0.000000    0.000000   clock source latency
     1    0.013548    0.066956    0.045497    0.045497 ^ clk (in)
                                                         clk (net)
                      0.066958    0.000000    0.045497 ^ clkbuf_0_clk/A (sky130_fd_sc_hd__clkbuf_16)
     2    0.017315    0.039575    0.130956    0.176453 ^ clkbuf_0_clk/X (sky130_fd_sc_hd__clkbuf_16)
                                                         clknet_0_clk (net)
                      0.039575    0.000025    0.176478 ^ clkbuf_1_1__f_clk/A (sky130_fd_sc_hd__clkbuf_16)
     8    0.021949    0.043526    0.125373    0.301850 ^ clkbuf_1_1__f_clk/X (sky130_fd_sc_hd__clkbuf_16)
                                                         clknet_1_1__leaf_clk (net)
                      0.043526    0.000080    0.301930 ^ _124_/CLK (sky130_fd_sc_hd__dfxtp_1)
                                  0.250000    0.551930   clock uncertainty
                                  0.000000    0.551930   clock reconvergence pessimism
                                 -0.031421    0.520509   library hold time
                                              0.520509   data required time
---------------------------------------------------------------------------------------------
                                              0.520509   data required time
                                             -2.330262   data arrival time
---------------------------------------------------------------------------------------------
                                              1.809753   slack (MET)


Startpoint: pc[7] (input port clocked by clk)
Endpoint: _128_ (rising edge-triggered flip-flop clocked by clk)
Path Group: clk
Path Type: min

Fanout         Cap        Slew       Delay        Time   Description
---------------------------------------------------------------------------------------------
                                  0.000000    0.000000   clock clk (rise edge)
                                  0.000000    0.000000   clock network delay (propagated)
                                  2.000000    2.000000 ^ input external delay
     1    0.002672    0.019868    0.009845    2.009845 ^ pc[7] (in)
                                                         pc[7] (net)
                      0.019868    0.000000    2.009845 ^ input13/A (sky130_fd_sc_hd__clkbuf_1)
     2    0.006425    0.086885    0.100815    2.110661 ^ input13/X (sky130_fd_sc_hd__clkbuf_1)
                                                         net13 (net)
                      0.086885    0.000024    2.110684 ^ _065_/A (sky130_fd_sc_hd__or4_4)
    10    0.035319    0.111066    0.195027    2.305712 ^ _065_/X (sky130_fd_sc_hd__or4_4)
                                                         _021_ (net)
                      0.111066    0.000268    2.305979 ^ _113_/B1 (sky130_fd_sc_hd__a21oi_1)
     1    0.002394    0.036762    0.049612    2.355591 v _113_/Y (sky130_fd_sc_hd__a21oi_1)
                                                         _012_ (net)
                      0.036762    0.000008    2.355600 v _128_/D (sky130_fd_sc_hd__dfxtp_1)
                                              2.355600   data arrival time

                                  0.000000    0.000000   clock clk (rise edge)
                                  0.000000    0.000000   clock source latency
     1    0.013548    0.066956    0.045497    0.045497 ^ clk (in)
                                                         clk (net)
                      0.066958    0.000000    0.045497 ^ clkbuf_0_clk/A (sky130_fd_sc_hd__clkbuf_16)
     2    0.017315    0.039575    0.130956    0.176453 ^ clkbuf_0_clk/X (sky130_fd_sc_hd__clkbuf_16)
                                                         clknet_0_clk (net)
                      0.039575    0.000032    0.176485 ^ clkbuf_1_0__f_clk/A (sky130_fd_sc_hd__clkbuf_16)
     7    0.025643    0.046863    0.128906    0.305391 ^ clkbuf_1_0__f_clk/X (sky130_fd_sc_hd__clkbuf_16)
                                                         clknet_1_0__leaf_clk (net)
                      0.046863    0.000157    0.305548 ^ _128_/CLK (sky130_fd_sc_hd__dfxtp_1)
                                  0.250000    0.555548   clock uncertainty
                                  0.000000    0.555548   clock reconvergence pessimism
                                 -0.049685    0.505864   library hold time
                                              0.505864   data required time
---------------------------------------------------------------------------------------------
                                              0.505864   data required time
                                             -2.355600   data arrival time
---------------------------------------------------------------------------------------------
                                              1.849736   slack (MET)


Startpoint: pc[7] (input port clocked by clk)
Endpoint: _117_ (rising edge-triggered flip-flop clocked by clk)
Path Group: clk
Path Type: min

Fanout         Cap        Slew       Delay        Time   Description
---------------------------------------------------------------------------------------------
                                  0.000000    0.000000   clock clk (rise edge)
                                  0.000000    0.000000   clock network delay (propagated)
                                  2.000000    2.000000 ^ input external delay
     1    0.002672    0.019868    0.009845    2.009845 ^ pc[7] (in)
                                                         pc[7] (net)
                      0.019868    0.000000    2.009845 ^ input13/A (sky130_fd_sc_hd__clkbuf_1)
     2    0.006425    0.086885    0.100815    2.110661 ^ input13/X (sky130_fd_sc_hd__clkbuf_1)
                                                         net13 (net)
                      0.086885    0.000024    2.110684 ^ _065_/A (sky130_fd_sc_hd__or4_4)
    10    0.035319    0.111066    0.195027    2.305712 ^ _065_/X (sky130_fd_sc_hd__or4_4)
                                                         _021_ (net)
                      0.111066    0.000334    2.306046 ^ _079_/B1 (sky130_fd_sc_hd__a21oi_1)
     1    0.002696    0.038636    0.051590    2.357636 v _079_/Y (sky130_fd_sc_hd__a21oi_1)
                                                         _001_ (net)
                      0.038636    0.000013    2.357649 v _117_/D (sky130_fd_sc_hd__dfxtp_1)
                                              2.357649   data arrival time

                                  0.000000    0.000000   clock clk (rise edge)
                                  0.000000    0.000000   clock source latency
     1    0.013548    0.066956    0.045497    0.045497 ^ clk (in)
                                                         clk (net)
                      0.066958    0.000000    0.045497 ^ clkbuf_0_clk/A (sky130_fd_sc_hd__clkbuf_16)
     2    0.017315    0.039575    0.130956    0.176453 ^ clkbuf_0_clk/X (sky130_fd_sc_hd__clkbuf_16)
                                                         clknet_0_clk (net)
                      0.039575    0.000032    0.176485 ^ clkbuf_1_0__f_clk/A (sky130_fd_sc_hd__clkbuf_16)
     7    0.025643    0.046863    0.128906    0.305391 ^ clkbuf_1_0__f_clk/X (sky130_fd_sc_hd__clkbuf_16)
                                                         clknet_1_0__leaf_clk (net)
                      0.046863    0.000161    0.305552 ^ _117_/CLK (sky130_fd_sc_hd__dfxtp_1)
                                  0.250000    0.555552   clock uncertainty
                                  0.000000    0.555552   clock reconvergence pessimism
                                 -0.050466    0.505086   library hold time
                                              0.505086   data required time
---------------------------------------------------------------------------------------------
                                              0.505086   data required time
                                             -2.357649   data arrival time
---------------------------------------------------------------------------------------------
                                              1.852563   slack (MET)


Startpoint: pc[7] (input port clocked by clk)
Endpoint: _118_ (rising edge-triggered flip-flop clocked by clk)
Path Group: clk
Path Type: min

Fanout         Cap        Slew       Delay        Time   Description
---------------------------------------------------------------------------------------------
                                  0.000000    0.000000   clock clk (rise edge)
                                  0.000000    0.000000   clock network delay (propagated)
                                  2.000000    2.000000 ^ input external delay
     1    0.002672    0.019868    0.009845    2.009845 ^ pc[7] (in)
                                                         pc[7] (net)
                      0.019868    0.000000    2.009845 ^ input13/A (sky130_fd_sc_hd__clkbuf_1)
     2    0.006425    0.086885    0.100815    2.110661 ^ input13/X (sky130_fd_sc_hd__clkbuf_1)
                                                         net13 (net)
                      0.086885    0.000024    2.110684 ^ _065_/A (sky130_fd_sc_hd__or4_4)
    10    0.035319    0.111066    0.195027    2.305712 ^ _065_/X (sky130_fd_sc_hd__or4_4)
                                                         _021_ (net)
                      0.111066    0.000451    2.306163 ^ _088_/B1 (sky130_fd_sc_hd__a21oi_1)
     1    0.002706    0.038760    0.051645    2.357808 v _088_/Y (sky130_fd_sc_hd__a21oi_1)
                                                         _002_ (net)
                      0.038760    0.000013    2.357821 v _118_/D (sky130_fd_sc_hd__dfxtp_1)
                                              2.357821   data arrival time

                                  0.000000    0.000000   clock clk (rise edge)
                                  0.000000    0.000000   clock source latency
     1    0.013548    0.066956    0.045497    0.045497 ^ clk (in)
                                                         clk (net)
                      0.066958    0.000000    0.045497 ^ clkbuf_0_clk/A (sky130_fd_sc_hd__clkbuf_16)
     2    0.017315    0.039575    0.130956    0.176453 ^ clkbuf_0_clk/X (sky130_fd_sc_hd__clkbuf_16)
                                                         clknet_0_clk (net)
                      0.039575    0.000032    0.176485 ^ clkbuf_1_0__f_clk/A (sky130_fd_sc_hd__clkbuf_16)
     7    0.025643    0.046863    0.128906    0.305391 ^ clkbuf_1_0__f_clk/X (sky130_fd_sc_hd__clkbuf_16)
                                                         clknet_1_0__leaf_clk (net)
                      0.046863    0.000182    0.305573 ^ _118_/CLK (sky130_fd_sc_hd__dfxtp_1)
                                  0.250000    0.555573   clock uncertainty
                                  0.000000    0.555573   clock reconvergence pessimism
                                 -0.050518    0.505055   library hold time
                                              0.505055   data required time
---------------------------------------------------------------------------------------------
                                              0.505055   data required time
                                             -2.357821   data arrival time
---------------------------------------------------------------------------------------------
                                              1.852766   slack (MET)


Startpoint: pc[7] (input port clocked by clk)
Endpoint: _120_ (rising edge-triggered flip-flop clocked by clk)
Path Group: clk
Path Type: min

Fanout         Cap        Slew       Delay        Time   Description
---------------------------------------------------------------------------------------------
                                  0.000000    0.000000   clock clk (rise edge)
                                  0.000000    0.000000   clock network delay (propagated)
                                  2.000000    2.000000 ^ input external delay
     1    0.002672    0.019868    0.009845    2.009845 ^ pc[7] (in)
                                                         pc[7] (net)
                      0.019868    0.000000    2.009845 ^ input13/A (sky130_fd_sc_hd__clkbuf_1)
     2    0.006425    0.086885    0.100815    2.110661 ^ input13/X (sky130_fd_sc_hd__clkbuf_1)
                                                         net13 (net)
                      0.086885    0.000024    2.110684 ^ _065_/A (sky130_fd_sc_hd__or4_4)
    10    0.035319    0.111066    0.195027    2.305712 ^ _065_/X (sky130_fd_sc_hd__or4_4)
                                                         _021_ (net)
                      0.111066    0.000521    2.306233 ^ _097_/B1 (sky130_fd_sc_hd__a21oi_1)
     1    0.002411    0.038927    0.049733    2.355965 v _097_/Y (sky130_fd_sc_hd__a21oi_1)
                                                         _004_ (net)
                      0.038927    0.000006    2.355972 v _120_/D (sky130_fd_sc_hd__dfxtp_1)
                                              2.355972   data arrival time

                                  0.000000    0.000000   clock clk (rise edge)
                                  0.000000    0.000000   clock source latency
     1    0.013548    0.066956    0.045497    0.045497 ^ clk (in)
                                                         clk (net)
                      0.066958    0.000000    0.045497 ^ clkbuf_0_clk/A (sky130_fd_sc_hd__clkbuf_16)
     2    0.017315    0.039575    0.130956    0.176453 ^ clkbuf_0_clk/X (sky130_fd_sc_hd__clkbuf_16)
                                                         clknet_0_clk (net)
                      0.039575    0.000025    0.176478 ^ clkbuf_1_1__f_clk/A (sky130_fd_sc_hd__clkbuf_16)
     8    0.021949    0.043526    0.125373    0.301850 ^ clkbuf_1_1__f_clk/X (sky130_fd_sc_hd__clkbuf_16)
                                                         clknet_1_1__leaf_clk (net)
                      0.043526    0.000095    0.301945 ^ _120_/CLK (sky130_fd_sc_hd__dfxtp_1)
                                  0.250000    0.551945   clock uncertainty
                                  0.000000    0.551945   clock reconvergence pessimism
                                 -0.051340    0.500605   library hold time
                                              0.500605   data required time
---------------------------------------------------------------------------------------------
                                              0.500605   data required time
                                             -2.355972   data arrival time
---------------------------------------------------------------------------------------------
                                              1.855366   slack (MET)


Startpoint: pc[7] (input port clocked by clk)
Endpoint: _127_ (rising edge-triggered flip-flop clocked by clk)
Path Group: clk
Path Type: min

Fanout         Cap        Slew       Delay        Time   Description
---------------------------------------------------------------------------------------------
                                  0.000000    0.000000   clock clk (rise edge)
                                  0.000000    0.000000   clock network delay (propagated)
                                  2.000000    2.000000 ^ input external delay
     1    0.002672    0.019868    0.009845    2.009845 ^ pc[7] (in)
                                                         pc[7] (net)
                      0.019868    0.000000    2.009845 ^ input13/A (sky130_fd_sc_hd__clkbuf_1)
     2    0.006425    0.086885    0.100815    2.110661 ^ input13/X (sky130_fd_sc_hd__clkbuf_1)
                                                         net13 (net)
                      0.086885    0.000024    2.110684 ^ _065_/A (sky130_fd_sc_hd__or4_4)
    10    0.035319    0.111066    0.195027    2.305712 ^ _065_/X (sky130_fd_sc_hd__or4_4)
                                                         _021_ (net)
                      0.111066    0.000517    2.306228 ^ _110_/B1 (sky130_fd_sc_hd__a21oi_1)
     1    0.002475    0.038082    0.050170    2.356398 v _110_/Y (sky130_fd_sc_hd__a21oi_1)
                                                         _011_ (net)
                      0.038082    0.000008    2.356405 v _127_/D (sky130_fd_sc_hd__dfxtp_1)
                                              2.356405   data arrival time

                                  0.000000    0.000000   clock clk (rise edge)
                                  0.000000    0.000000   clock source latency
     1    0.013548    0.066956    0.045497    0.045497 ^ clk (in)
                                                         clk (net)
                      0.066958    0.000000    0.045497 ^ clkbuf_0_clk/A (sky130_fd_sc_hd__clkbuf_16)
     2    0.017315    0.039575    0.130956    0.176453 ^ clkbuf_0_clk/X (sky130_fd_sc_hd__clkbuf_16)
                                                         clknet_0_clk (net)
                      0.039575    0.000025    0.176478 ^ clkbuf_1_1__f_clk/A (sky130_fd_sc_hd__clkbuf_16)
     8    0.021949    0.043526    0.125373    0.301850 ^ clkbuf_1_1__f_clk/X (sky130_fd_sc_hd__clkbuf_16)
                                                         clknet_1_1__leaf_clk (net)
                      0.043526    0.000115    0.301965 ^ _127_/CLK (sky130_fd_sc_hd__dfxtp_1)
                                  0.250000    0.551965   clock uncertainty
                                  0.000000    0.551965   clock reconvergence pessimism
                                 -0.050988    0.500978   library hold time
                                              0.500978   data required time
---------------------------------------------------------------------------------------------
                                              0.500978   data required time
                                             -2.356405   data arrival time
---------------------------------------------------------------------------------------------
                                              1.855428   slack (MET)


Startpoint: pc[7] (input port clocked by clk)
Endpoint: _125_ (rising edge-triggered flip-flop clocked by clk)
Path Group: clk
Path Type: min

Fanout         Cap        Slew       Delay        Time   Description
---------------------------------------------------------------------------------------------
                                  0.000000    0.000000   clock clk (rise edge)
                                  0.000000    0.000000   clock network delay (propagated)
                                  2.000000    2.000000 ^ input external delay
     1    0.002672    0.019868    0.009845    2.009845 ^ pc[7] (in)
                                                         pc[7] (net)
                      0.019868    0.000000    2.009845 ^ input13/A (sky130_fd_sc_hd__clkbuf_1)
     2    0.006425    0.086885    0.100815    2.110661 ^ input13/X (sky130_fd_sc_hd__clkbuf_1)
                                                         net13 (net)
                      0.086885    0.000024    2.110684 ^ _065_/A (sky130_fd_sc_hd__or4_4)
    10    0.035319    0.111066    0.195027    2.305712 ^ _065_/X (sky130_fd_sc_hd__or4_4)
                                                         _021_ (net)
                      0.111066    0.000159    2.305870 ^ _107_/B1 (sky130_fd_sc_hd__a21oi_1)
     1    0.002631    0.038246    0.051229    2.357099 v _107_/Y (sky130_fd_sc_hd__a21oi_1)
                                                         _009_ (net)
                      0.038246    0.000011    2.357110 v _125_/D (sky130_fd_sc_hd__dfxtp_1)
                                              2.357110   data arrival time

                                  0.000000    0.000000   clock clk (rise edge)
                                  0.000000    0.000000   clock source latency
     1    0.013548    0.066956    0.045497    0.045497 ^ clk (in)
                                                         clk (net)
                      0.066958    0.000000    0.045497 ^ clkbuf_0_clk/A (sky130_fd_sc_hd__clkbuf_16)
     2    0.017315    0.039575    0.130956    0.176453 ^ clkbuf_0_clk/X (sky130_fd_sc_hd__clkbuf_16)
                                                         clknet_0_clk (net)
                      0.039575    0.000025    0.176478 ^ clkbuf_1_1__f_clk/A (sky130_fd_sc_hd__clkbuf_16)
     8    0.021949    0.043526    0.125373    0.301850 ^ clkbuf_1_1__f_clk/X (sky130_fd_sc_hd__clkbuf_16)
                                                         clknet_1_1__leaf_clk (net)
                      0.043526    0.000082    0.301932 ^ _125_/CLK (sky130_fd_sc_hd__dfxtp_1)
                                  0.250000    0.551932   clock uncertainty
                                  0.000000    0.551932   clock reconvergence pessimism
                                 -0.051056    0.500876   library hold time
                                              0.500876   data required time
---------------------------------------------------------------------------------------------
                                              0.500876   data required time
                                             -2.357110   data arrival time
---------------------------------------------------------------------------------------------
                                              1.856234   slack (MET)


Startpoint: pc[7] (input port clocked by clk)
Endpoint: _121_ (rising edge-triggered flip-flop clocked by clk)
Path Group: clk
Path Type: min

Fanout         Cap        Slew       Delay        Time   Description
---------------------------------------------------------------------------------------------
                                  0.000000    0.000000   clock clk (rise edge)
                                  0.000000    0.000000   clock network delay (propagated)
                                  2.000000    2.000000 ^ input external delay
     1    0.002672    0.019868    0.009845    2.009845 ^ pc[7] (in)
                                                         pc[7] (net)
                      0.019868    0.000000    2.009845 ^ input13/A (sky130_fd_sc_hd__clkbuf_1)
     2    0.006425    0.086885    0.100815    2.110661 ^ input13/X (sky130_fd_sc_hd__clkbuf_1)
                                                         net13 (net)
                      0.086885    0.000024    2.110684 ^ _065_/A (sky130_fd_sc_hd__or4_4)
    10    0.035319    0.111066    0.195027    2.305712 ^ _065_/X (sky130_fd_sc_hd__or4_4)
                                                         _021_ (net)
                      0.111066    0.000153    2.305864 ^ _100_/B1 (sky130_fd_sc_hd__a21oi_1)
     1    0.002882    0.039812    0.052562    2.358426 v _100_/Y (sky130_fd_sc_hd__a21oi_1)
                                                         _005_ (net)
                      0.039812    0.000013    2.358439 v _121_/D (sky130_fd_sc_hd__dfxtp_1)
                                              2.358439   data arrival time

                                  0.000000    0.000000   clock clk (rise edge)
                                  0.000000    0.000000   clock source latency
     1    0.013548    0.066956    0.045497    0.045497 ^ clk (in)
                                                         clk (net)
                      0.066958    0.000000    0.045497 ^ clkbuf_0_clk/A (sky130_fd_sc_hd__clkbuf_16)
     2    0.017315    0.039575    0.130956    0.176453 ^ clkbuf_0_clk/X (sky130_fd_sc_hd__clkbuf_16)
                                                         clknet_0_clk (net)
                      0.039575    0.000025    0.176478 ^ clkbuf_1_1__f_clk/A (sky130_fd_sc_hd__clkbuf_16)
     8    0.021949    0.043526    0.125373    0.301850 ^ clkbuf_1_1__f_clk/X (sky130_fd_sc_hd__clkbuf_16)
                                                         clknet_1_1__leaf_clk (net)
                      0.043526    0.000070    0.301921 ^ _121_/CLK (sky130_fd_sc_hd__dfxtp_1)
                                  0.250000    0.551921   clock uncertainty
                                  0.000000    0.551921   clock reconvergence pessimism
                                 -0.051710    0.500211   library hold time
                                              0.500211   data required time
---------------------------------------------------------------------------------------------
                                              0.500211   data required time
                                             -2.358439   data arrival time
---------------------------------------------------------------------------------------------
                                              1.858228   slack (MET)


Startpoint: pc[7] (input port clocked by clk)
Endpoint: _129_ (rising edge-triggered flip-flop clocked by clk)
Path Group: clk
Path Type: min

Fanout         Cap        Slew       Delay        Time   Description
---------------------------------------------------------------------------------------------
                                  0.000000    0.000000   clock clk (rise edge)
                                  0.000000    0.000000   clock network delay (propagated)
                                  2.000000    2.000000 ^ input external delay
     1    0.002672    0.019868    0.009845    2.009845 ^ pc[7] (in)
                                                         pc[7] (net)
                      0.019868    0.000000    2.009845 ^ input13/A (sky130_fd_sc_hd__clkbuf_1)
     2    0.006425    0.086885    0.100815    2.110661 ^ input13/X (sky130_fd_sc_hd__clkbuf_1)
                                                         net13 (net)
                      0.086885    0.000024    2.110684 ^ _065_/A (sky130_fd_sc_hd__or4_4)
    10    0.035319    0.111066    0.195027    2.305712 ^ _065_/X (sky130_fd_sc_hd__or4_4)
                                                         _021_ (net)
                      0.111066    0.000149    2.305861 ^ _115_/B1 (sky130_fd_sc_hd__a21oi_1)
     1    0.003184    0.041687    0.054136    2.359997 v _115_/Y (sky130_fd_sc_hd__a21oi_1)
                                                         _013_ (net)
                      0.041687    0.000018    2.360015 v _129_/D (sky130_fd_sc_hd__dfxtp_1)
                                              2.360015   data arrival time

                                  0.000000    0.000000   clock clk (rise edge)
                                  0.000000    0.000000   clock source latency
     1    0.013548    0.066956    0.045497    0.045497 ^ clk (in)
                                                         clk (net)
                      0.066958    0.000000    0.045497 ^ clkbuf_0_clk/A (sky130_fd_sc_hd__clkbuf_16)
     2    0.017315    0.039575    0.130956    0.176453 ^ clkbuf_0_clk/X (sky130_fd_sc_hd__clkbuf_16)
                                                         clknet_0_clk (net)
                      0.039575    0.000025    0.176478 ^ clkbuf_1_1__f_clk/A (sky130_fd_sc_hd__clkbuf_16)
     8    0.021949    0.043526    0.125373    0.301850 ^ clkbuf_1_1__f_clk/X (sky130_fd_sc_hd__clkbuf_16)
                                                         clknet_1_1__leaf_clk (net)
                      0.043526    0.000076    0.301926 ^ _129_/CLK (sky130_fd_sc_hd__dfxtp_1)
                                  0.250000    0.551926   clock uncertainty
                                  0.000000    0.551926   clock reconvergence pessimism
                                 -0.052492    0.499435   library hold time
                                              0.499435   data required time
---------------------------------------------------------------------------------------------
                                              0.499435   data required time
                                             -2.360015   data arrival time
---------------------------------------------------------------------------------------------
                                              1.860580   slack (MET)


Startpoint: pc[7] (input port clocked by clk)
Endpoint: _123_ (rising edge-triggered flip-flop clocked by clk)
Path Group: clk
Path Type: min

Fanout         Cap        Slew       Delay        Time   Description
---------------------------------------------------------------------------------------------
                                  0.000000    0.000000   clock clk (rise edge)
                                  0.000000    0.000000   clock network delay (propagated)
                                  2.000000    2.000000 ^ input external delay
     1    0.002672    0.019868    0.009845    2.009845 ^ pc[7] (in)
                                                         pc[7] (net)
                      0.019868    0.000000    2.009845 ^ input13/A (sky130_fd_sc_hd__clkbuf_1)
     2    0.006425    0.086885    0.100815    2.110661 ^ input13/X (sky130_fd_sc_hd__clkbuf_1)
                                                         net13 (net)
                      0.086885    0.000024    2.110684 ^ _065_/A (sky130_fd_sc_hd__or4_4)
    10    0.035319    0.111066    0.195027    2.305712 ^ _065_/X (sky130_fd_sc_hd__or4_4)
                                                         _021_ (net)
                      0.111066    0.000501    2.306212 ^ _103_/B1 (sky130_fd_sc_hd__a21oi_1)
     1    0.003303    0.042376    0.054756    2.360968 v _103_/Y (sky130_fd_sc_hd__a21oi_1)
                                                         _007_ (net)
                      0.042376    0.000020    2.360988 v _123_/D (sky130_fd_sc_hd__dfxtp_1)
                                              2.360988   data arrival time

                                  0.000000    0.000000   clock clk (rise edge)
                                  0.000000    0.000000   clock source latency
     1    0.013548    0.066956    0.045497    0.045497 ^ clk (in)
                                                         clk (net)
                      0.066958    0.000000    0.045497 ^ clkbuf_0_clk/A (sky130_fd_sc_hd__clkbuf_16)
     2    0.017315    0.039575    0.130956    0.176453 ^ clkbuf_0_clk/X (sky130_fd_sc_hd__clkbuf_16)
                                                         clknet_0_clk (net)
                      0.039575    0.000025    0.176478 ^ clkbuf_1_1__f_clk/A (sky130_fd_sc_hd__clkbuf_16)
     8    0.021949    0.043526    0.125373    0.301850 ^ clkbuf_1_1__f_clk/X (sky130_fd_sc_hd__clkbuf_16)
                                                         clknet_1_1__leaf_clk (net)
                      0.043526    0.000126    0.301976 ^ _123_/CLK (sky130_fd_sc_hd__dfxtp_1)
                                  0.250000    0.551976   clock uncertainty
                                  0.000000    0.551976   clock reconvergence pessimism
                                 -0.052779    0.499197   library hold time
                                              0.499197   data required time
---------------------------------------------------------------------------------------------
                                              0.499197   data required time
                                             -2.360988   data arrival time
---------------------------------------------------------------------------------------------
                                              1.861791   slack (MET)


Startpoint: pc[7] (input port clocked by clk)
Endpoint: _122_ (rising edge-triggered flip-flop clocked by clk)
Path Group: clk
Path Type: min

Fanout         Cap        Slew       Delay        Time   Description
---------------------------------------------------------------------------------------------
                                  0.000000    0.000000   clock clk (rise edge)
                                  0.000000    0.000000   clock network delay (propagated)
                                  2.000000    2.000000 ^ input external delay
     1    0.002672    0.019868    0.009845    2.009845 ^ pc[7] (in)
                                                         pc[7] (net)
                      0.019868    0.000000    2.009845 ^ input13/A (sky130_fd_sc_hd__clkbuf_1)
     2    0.006425    0.086885    0.100815    2.110661 ^ input13/X (sky130_fd_sc_hd__clkbuf_1)
                                                         net13 (net)
                      0.086885    0.000014    2.110675 ^ _064_/A (sky130_fd_sc_hd__nor4_1)
     2    0.005593    0.037818    0.070948    2.181623 v _064_/Y (sky130_fd_sc_hd__nor4_1)
                                                         _020_ (net)
                      0.037818    0.000025    2.181648 v max_cap32/A (sky130_fd_sc_hd__buf_1)
     3    0.008940    0.058585    0.112660    2.294308 v max_cap32/X (sky130_fd_sc_hd__buf_1)
                                                         net32 (net)
                      0.058585    0.000034    2.294342 v _102_/B1 (sky130_fd_sc_hd__o21a_1)
     1    0.002669    0.028724    0.103169    2.397511 v _102_/X (sky130_fd_sc_hd__o21a_1)
                                                         _006_ (net)
                      0.028724    0.000014    2.397525 v _122_/D (sky130_fd_sc_hd__dfxtp_1)
                                              2.397525   data arrival time

                                  0.000000    0.000000   clock clk (rise edge)
                                  0.000000    0.000000   clock source latency
     1    0.013548    0.066956    0.045497    0.045497 ^ clk (in)
                                                         clk (net)
                      0.066958    0.000000    0.045497 ^ clkbuf_0_clk/A (sky130_fd_sc_hd__clkbuf_16)
     2    0.017315    0.039575    0.130956    0.176453 ^ clkbuf_0_clk/X (sky130_fd_sc_hd__clkbuf_16)
                                                         clknet_0_clk (net)
                      0.039575    0.000032    0.176485 ^ clkbuf_1_0__f_clk/A (sky130_fd_sc_hd__clkbuf_16)
     7    0.025643    0.046863    0.128906    0.305391 ^ clkbuf_1_0__f_clk/X (sky130_fd_sc_hd__clkbuf_16)
                                                         clknet_1_0__leaf_clk (net)
                      0.046863    0.000119    0.305510 ^ _122_/CLK (sky130_fd_sc_hd__dfxtp_1)
                                  0.250000    0.555510   clock uncertainty
                                  0.000000    0.555510   clock reconvergence pessimism
                                 -0.046331    0.509180   library hold time
                                              0.509180   data required time
---------------------------------------------------------------------------------------------
                                              0.509180   data required time
                                             -2.397525   data arrival time
---------------------------------------------------------------------------------------------
                                              1.888345   slack (MET)


Startpoint: pc[7] (input port clocked by clk)
Endpoint: _126_ (rising edge-triggered flip-flop clocked by clk)
Path Group: clk
Path Type: min

Fanout         Cap        Slew       Delay        Time   Description
---------------------------------------------------------------------------------------------
                                  0.000000    0.000000   clock clk (rise edge)
                                  0.000000    0.000000   clock network delay (propagated)
                                  2.000000    2.000000 ^ input external delay
     1    0.002672    0.019868    0.009845    2.009845 ^ pc[7] (in)
                                                         pc[7] (net)
                      0.019868    0.000000    2.009845 ^ input13/A (sky130_fd_sc_hd__clkbuf_1)
     2    0.006425    0.086885    0.100815    2.110661 ^ input13/X (sky130_fd_sc_hd__clkbuf_1)
                                                         net13 (net)
                      0.086885    0.000014    2.110675 ^ _064_/A (sky130_fd_sc_hd__nor4_1)
     2    0.005593    0.037818    0.070948    2.181623 v _064_/Y (sky130_fd_sc_hd__nor4_1)
                                                         _020_ (net)
                      0.037818    0.000025    2.181648 v max_cap32/A (sky130_fd_sc_hd__buf_1)
     3    0.008940    0.058585    0.112660    2.294308 v max_cap32/X (sky130_fd_sc_hd__buf_1)
                                                         net32 (net)
                      0.058585    0.000054    2.294362 v _108_/C1 (sky130_fd_sc_hd__o221a_1)
     1    0.002978    0.034689    0.118546    2.412908 v _108_/X (sky130_fd_sc_hd__o221a_1)
                                                         _010_ (net)
                      0.034689    0.000019    2.412927 v _126_/D (sky130_fd_sc_hd__dfxtp_1)
                                              2.412927   data arrival time

                                  0.000000    0.000000   clock clk (rise edge)
                                  0.000000    0.000000   clock source latency
     1    0.013548    0.066956    0.045497    0.045497 ^ clk (in)
                                                         clk (net)
                      0.066958    0.000000    0.045497 ^ clkbuf_0_clk/A (sky130_fd_sc_hd__clkbuf_16)
     2    0.017315    0.039575    0.130956    0.176453 ^ clkbuf_0_clk/X (sky130_fd_sc_hd__clkbuf_16)
                                                         clknet_0_clk (net)
                      0.039575    0.000032    0.176485 ^ clkbuf_1_0__f_clk/A (sky130_fd_sc_hd__clkbuf_16)
     7    0.025643    0.046863    0.128906    0.305391 ^ clkbuf_1_0__f_clk/X (sky130_fd_sc_hd__clkbuf_16)
                                                         clknet_1_0__leaf_clk (net)
                      0.046863    0.000127    0.305518 ^ _126_/CLK (sky130_fd_sc_hd__dfxtp_1)
                                  0.250000    0.555518   clock uncertainty
                                  0.000000    0.555518   clock reconvergence pessimism
                                 -0.048820    0.506699   library hold time
                                              0.506699   data required time
---------------------------------------------------------------------------------------------
                                              0.506699   data required time
                                             -2.412927   data arrival time
---------------------------------------------------------------------------------------------
                                              1.906229   slack (MET)


Startpoint: _128_ (rising edge-triggered flip-flop clocked by clk)
Endpoint: instruction[13] (output port clocked by clk)
Path Group: clk
Path Type: min

Fanout         Cap        Slew       Delay        Time   Description
---------------------------------------------------------------------------------------------
                                  0.000000    0.000000   clock clk (rise edge)
                                  0.000000    0.000000   clock source latency
     1    0.013548    0.066956    0.045497    0.045497 ^ clk (in)
                                                         clk (net)
                      0.066958    0.000000    0.045497 ^ clkbuf_0_clk/A (sky130_fd_sc_hd__clkbuf_16)
     2    0.017315    0.039575    0.130956    0.176453 ^ clkbuf_0_clk/X (sky130_fd_sc_hd__clkbuf_16)
                                                         clknet_0_clk (net)
                      0.039575    0.000032    0.176485 ^ clkbuf_1_0__f_clk/A (sky130_fd_sc_hd__clkbuf_16)
     7    0.025643    0.046863    0.128906    0.305391 ^ clkbuf_1_0__f_clk/X (sky130_fd_sc_hd__clkbuf_16)
                                                         clknet_1_0__leaf_clk (net)
                      0.046863    0.000157    0.305548 ^ _128_/CLK (sky130_fd_sc_hd__dfxtp_1)
     1    0.002070    0.024309    0.287803    0.593351 v _128_/Q (sky130_fd_sc_hd__dfxtp_1)
                                                         net20 (net)
                      0.024309    0.000004    0.593355 v output20/A (sky130_fd_sc_hd__buf_2)
     1    0.034058    0.088952    0.171243    0.764598 v output20/X (sky130_fd_sc_hd__buf_2)
                                                         instruction[13] (net)
                      0.088952    0.000099    0.764696 v instruction[13] (out)
                                              0.764696   data arrival time

                                  0.000000    0.000000   clock clk (rise edge)
                                  0.000000    0.000000   clock network delay (propagated)
                                  0.250000    0.250000   clock uncertainty
                                  0.000000    0.250000   clock reconvergence pessimism
                                 -2.000000   -1.750000   output external delay
                                             -1.750000   data required time
---------------------------------------------------------------------------------------------
                                             -1.750000   data required time
                                             -0.764696   data arrival time
---------------------------------------------------------------------------------------------
                                              2.514697   slack (MET)


Startpoint: _119_ (rising edge-triggered flip-flop clocked by clk)
Endpoint: instruction[3] (output port clocked by clk)
Path Group: clk
Path Type: min

Fanout         Cap        Slew       Delay        Time   Description
---------------------------------------------------------------------------------------------
                                  0.000000    0.000000   clock clk (rise edge)
                                  0.000000    0.000000   clock source latency
     1    0.013548    0.066956    0.045497    0.045497 ^ clk (in)
                                                         clk (net)
                      0.066958    0.000000    0.045497 ^ clkbuf_0_clk/A (sky130_fd_sc_hd__clkbuf_16)
     2    0.017315    0.039575    0.130956    0.176453 ^ clkbuf_0_clk/X (sky130_fd_sc_hd__clkbuf_16)
                                                         clknet_0_clk (net)
                      0.039575    0.000032    0.176485 ^ clkbuf_1_0__f_clk/A (sky130_fd_sc_hd__clkbuf_16)
     7    0.025643    0.046863    0.128906    0.305391 ^ clkbuf_1_0__f_clk/X (sky130_fd_sc_hd__clkbuf_16)
                                                         clknet_1_0__leaf_clk (net)
                      0.046863    0.000126    0.305518 ^ _119_/CLK (sky130_fd_sc_hd__dfxtp_1)
     1    0.002724    0.025943    0.291171    0.596689 v _119_/Q (sky130_fd_sc_hd__dfxtp_1)
                                                         net25 (net)
                      0.025943    0.000015    0.596704 v output25/A (sky130_fd_sc_hd__buf_2)
     1    0.033989    0.088784    0.171830    0.768534 v output25/X (sky130_fd_sc_hd__buf_2)
                                                         instruction[3] (net)
                      0.088784    0.000083    0.768616 v instruction[3] (out)
                                              0.768616   data arrival time

                                  0.000000    0.000000   clock clk (rise edge)
                                  0.000000    0.000000   clock network delay (propagated)
                                  0.250000    0.250000   clock uncertainty
                                  0.000000    0.250000   clock reconvergence pessimism
                                 -2.000000   -1.750000   output external delay
                                             -1.750000   data required time
---------------------------------------------------------------------------------------------
                                             -1.750000   data required time
                                             -0.768616   data arrival time
---------------------------------------------------------------------------------------------
                                              2.518616   slack (MET)


Startpoint: _116_ (rising edge-triggered flip-flop clocked by clk)
Endpoint: instruction[0] (output port clocked by clk)
Path Group: clk
Path Type: min

Fanout         Cap        Slew       Delay        Time   Description
---------------------------------------------------------------------------------------------
                                  0.000000    0.000000   clock clk (rise edge)
                                  0.000000    0.000000   clock source latency
     1    0.013548    0.066956    0.045497    0.045497 ^ clk (in)
                                                         clk (net)
                      0.066958    0.000000    0.045497 ^ clkbuf_0_clk/A (sky130_fd_sc_hd__clkbuf_16)
     2    0.017315    0.039575    0.130956    0.176453 ^ clkbuf_0_clk/X (sky130_fd_sc_hd__clkbuf_16)
                                                         clknet_0_clk (net)
                      0.039575    0.000025    0.176478 ^ clkbuf_1_1__f_clk/A (sky130_fd_sc_hd__clkbuf_16)
     8    0.021949    0.043526    0.125373    0.301850 ^ clkbuf_1_1__f_clk/X (sky130_fd_sc_hd__clkbuf_16)
                                                         clknet_1_1__leaf_clk (net)
                      0.043526    0.000124    0.301974 ^ _116_/CLK (sky130_fd_sc_hd__dfxtp_1)
     1    0.005713    0.038541    0.302864    0.604838 v _116_/Q (sky130_fd_sc_hd__dfxtp_1)
                                                         net16 (net)
                      0.038541    0.000064    0.604902 v output16/A (sky130_fd_sc_hd__buf_2)
     1    0.034068    0.088873    0.177392    0.782294 v output16/X (sky130_fd_sc_hd__buf_2)
                                                         instruction[0] (net)
                      0.088873    0.000100    0.782394 v instruction[0] (out)
                                              0.782394   data arrival time

                                  0.000000    0.000000   clock clk (rise edge)
                                  0.000000    0.000000   clock network delay (propagated)
                                  0.250000    0.250000   clock uncertainty
                                  0.000000    0.250000   clock reconvergence pessimism
                                 -2.000000   -1.750000   output external delay
                                             -1.750000   data required time
---------------------------------------------------------------------------------------------
                                             -1.750000   data required time
                                             -0.782394   data arrival time
---------------------------------------------------------------------------------------------
                                              2.532394   slack (MET)


Startpoint: _120_ (rising edge-triggered flip-flop clocked by clk)
Endpoint: instruction[4] (output port clocked by clk)
Path Group: clk
Path Type: min

Fanout         Cap        Slew       Delay        Time   Description
---------------------------------------------------------------------------------------------
                                  0.000000    0.000000   clock clk (rise edge)
                                  0.000000    0.000000   clock source latency
     1    0.013548    0.066956    0.045497    0.045497 ^ clk (in)
                                                         clk (net)
                      0.066958    0.000000    0.045497 ^ clkbuf_0_clk/A (sky130_fd_sc_hd__clkbuf_16)
     2    0.017315    0.039575    0.130956    0.176453 ^ clkbuf_0_clk/X (sky130_fd_sc_hd__clkbuf_16)
                                                         clknet_0_clk (net)
                      0.039575    0.000025    0.176478 ^ clkbuf_1_1__f_clk/A (sky130_fd_sc_hd__clkbuf_16)
     8    0.021949    0.043526    0.125373    0.301850 ^ clkbuf_1_1__f_clk/X (sky130_fd_sc_hd__clkbuf_16)
                                                         clknet_1_1__leaf_clk (net)
                      0.043526    0.000095    0.301945 ^ _120_/CLK (sky130_fd_sc_hd__dfxtp_1)
     1    0.005771    0.038784    0.303099    0.605045 v _120_/Q (sky130_fd_sc_hd__dfxtp_1)
                                                         net26 (net)
                      0.038784    0.000063    0.605108 v output26/A (sky130_fd_sc_hd__buf_2)
     1    0.034120    0.088989    0.177585    0.782693 v output26/X (sky130_fd_sc_hd__buf_2)
                                                         instruction[4] (net)
                      0.088989    0.000112    0.782805 v instruction[4] (out)
                                              0.782805   data arrival time

                                  0.000000    0.000000   clock clk (rise edge)
                                  0.000000    0.000000   clock network delay (propagated)
                                  0.250000    0.250000   clock uncertainty
                                  0.000000    0.250000   clock reconvergence pessimism
                                 -2.000000   -1.750000   output external delay
                                             -1.750000   data required time
---------------------------------------------------------------------------------------------
                                             -1.750000   data required time
                                             -0.782805   data arrival time
---------------------------------------------------------------------------------------------
                                              2.532805   slack (MET)


Startpoint: _126_ (rising edge-triggered flip-flop clocked by clk)
Endpoint: instruction[11] (output port clocked by clk)
Path Group: clk
Path Type: min

Fanout         Cap        Slew       Delay        Time   Description
---------------------------------------------------------------------------------------------
                                  0.000000    0.000000   clock clk (rise edge)
                                  0.000000    0.000000   clock source latency
     1    0.013548    0.066956    0.045497    0.045497 ^ clk (in)
                                                         clk (net)
                      0.066958    0.000000    0.045497 ^ clkbuf_0_clk/A (sky130_fd_sc_hd__clkbuf_16)
     2    0.017315    0.039575    0.130956    0.176453 ^ clkbuf_0_clk/X (sky130_fd_sc_hd__clkbuf_16)
                                                         clknet_0_clk (net)
                      0.039575    0.000032    0.176485 ^ clkbuf_1_0__f_clk/A (sky130_fd_sc_hd__clkbuf_16)
     7    0.025643    0.046863    0.128906    0.305391 ^ clkbuf_1_0__f_clk/X (sky130_fd_sc_hd__clkbuf_16)
                                                         clknet_1_0__leaf_clk (net)
                      0.046863    0.000127    0.305518 ^ _126_/CLK (sky130_fd_sc_hd__dfxtp_1)
     1    0.004875    0.035070    0.300682    0.606200 v _126_/Q (sky130_fd_sc_hd__dfxtp_1)
                                                         net18 (net)
                      0.035070    0.000066    0.606265 v output18/A (sky130_fd_sc_hd__buf_2)
     1    0.034424    0.089716    0.176469    0.782734 v output18/X (sky130_fd_sc_hd__buf_2)
                                                         instruction[11] (net)
                      0.089716    0.000216    0.782950 v instruction[11] (out)
                                              0.782950   data arrival time

                                  0.000000    0.000000   clock clk (rise edge)
                                  0.000000    0.000000   clock network delay (propagated)
                                  0.250000    0.250000   clock uncertainty
                                  0.000000    0.250000   clock reconvergence pessimism
                                 -2.000000   -1.750000   output external delay
                                             -1.750000   data required time
---------------------------------------------------------------------------------------------
                                             -1.750000   data required time
                                             -0.782950   data arrival time
---------------------------------------------------------------------------------------------
                                              2.532950   slack (MET)


Startpoint: _123_ (rising edge-triggered flip-flop clocked by clk)
Endpoint: instruction[8] (output port clocked by clk)
Path Group: clk
Path Type: min

Fanout         Cap        Slew       Delay        Time   Description
---------------------------------------------------------------------------------------------
                                  0.000000    0.000000   clock clk (rise edge)
                                  0.000000    0.000000   clock source latency
     1    0.013548    0.066956    0.045497    0.045497 ^ clk (in)
                                                         clk (net)
                      0.066958    0.000000    0.045497 ^ clkbuf_0_clk/A (sky130_fd_sc_hd__clkbuf_16)
     2    0.017315    0.039575    0.130956    0.176453 ^ clkbuf_0_clk/X (sky130_fd_sc_hd__clkbuf_16)
                                                         clknet_0_clk (net)
                      0.039575    0.000025    0.176478 ^ clkbuf_1_1__f_clk/A (sky130_fd_sc_hd__clkbuf_16)
     8    0.021949    0.043526    0.125373    0.301850 ^ clkbuf_1_1__f_clk/X (sky130_fd_sc_hd__clkbuf_16)
                                                         clknet_1_1__leaf_clk (net)
                      0.043526    0.000126    0.301976 ^ _123_/CLK (sky130_fd_sc_hd__dfxtp_1)
     1    0.005848    0.039110    0.303412    0.605388 v _123_/Q (sky130_fd_sc_hd__dfxtp_1)
                                                         net30 (net)
                      0.039110    0.000067    0.605456 v output30/A (sky130_fd_sc_hd__buf_2)
     1    0.034103    0.088948    0.177697    0.783153 v output30/X (sky130_fd_sc_hd__buf_2)
                                                         instruction[8] (net)
                      0.088948    0.000108    0.783261 v instruction[8] (out)
                                              0.783261   data arrival time

                                  0.000000    0.000000   clock clk (rise edge)
                                  0.000000    0.000000   clock network delay (propagated)
                                  0.250000    0.250000   clock uncertainty
                                  0.000000    0.250000   clock reconvergence pessimism
                                 -2.000000   -1.750000   output external delay
                                             -1.750000   data required time
---------------------------------------------------------------------------------------------
                                             -1.750000   data required time
                                             -0.783261   data arrival time
---------------------------------------------------------------------------------------------
                                              2.533261   slack (MET)


Startpoint: _121_ (rising edge-triggered flip-flop clocked by clk)
Endpoint: instruction[6] (output port clocked by clk)
Path Group: clk
Path Type: min

Fanout         Cap        Slew       Delay        Time   Description
---------------------------------------------------------------------------------------------
                                  0.000000    0.000000   clock clk (rise edge)
                                  0.000000    0.000000   clock source latency
     1    0.013548    0.066956    0.045497    0.045497 ^ clk (in)
                                                         clk (net)
                      0.066958    0.000000    0.045497 ^ clkbuf_0_clk/A (sky130_fd_sc_hd__clkbuf_16)
     2    0.017315    0.039575    0.130956    0.176453 ^ clkbuf_0_clk/X (sky130_fd_sc_hd__clkbuf_16)
                                                         clknet_0_clk (net)
                      0.039575    0.000025    0.176478 ^ clkbuf_1_1__f_clk/A (sky130_fd_sc_hd__clkbuf_16)
     8    0.021949    0.043526    0.125373    0.301850 ^ clkbuf_1_1__f_clk/X (sky130_fd_sc_hd__clkbuf_16)
                                                         clknet_1_1__leaf_clk (net)
                      0.043526    0.000070    0.301921 ^ _121_/CLK (sky130_fd_sc_hd__dfxtp_1)
     1    0.006070    0.040048    0.304313    0.606234 v _121_/Q (sky130_fd_sc_hd__dfxtp_1)
                                                         net28 (net)
                      0.040048    0.000075    0.606309 v output28/A (sky130_fd_sc_hd__buf_2)
     1    0.034120    0.088980    0.178130    0.784439 v output28/X (sky130_fd_sc_hd__buf_2)
                                                         instruction[6] (net)
                      0.088980    0.000112    0.784551 v instruction[6] (out)
                                              0.784551   data arrival time

                                  0.000000    0.000000   clock clk (rise edge)
                                  0.000000    0.000000   clock network delay (propagated)
                                  0.250000    0.250000   clock uncertainty
                                  0.000000    0.250000   clock reconvergence pessimism
                                 -2.000000   -1.750000   output external delay
                                             -1.750000   data required time
---------------------------------------------------------------------------------------------
                                             -1.750000   data required time
                                             -0.784551   data arrival time
---------------------------------------------------------------------------------------------
                                              2.534551   slack (MET)


Startpoint: _129_ (rising edge-triggered flip-flop clocked by clk)
Endpoint: instruction[14] (output port clocked by clk)
Path Group: clk
Path Type: min

Fanout         Cap        Slew       Delay        Time   Description
---------------------------------------------------------------------------------------------
                                  0.000000    0.000000   clock clk (rise edge)
                                  0.000000    0.000000   clock source latency
     1    0.013548    0.066956    0.045497    0.045497 ^ clk (in)
                                                         clk (net)
                      0.066958    0.000000    0.045497 ^ clkbuf_0_clk/A (sky130_fd_sc_hd__clkbuf_16)
     2    0.017315    0.039575    0.130956    0.176453 ^ clkbuf_0_clk/X (sky130_fd_sc_hd__clkbuf_16)
                                                         clknet_0_clk (net)
                      0.039575    0.000025    0.176478 ^ clkbuf_1_1__f_clk/A (sky130_fd_sc_hd__clkbuf_16)
     8    0.021949    0.043526    0.125373    0.301850 ^ clkbuf_1_1__f_clk/X (sky130_fd_sc_hd__clkbuf_16)
                                                         clknet_1_1__leaf_clk (net)
                      0.043526    0.000076    0.301926 ^ _129_/CLK (sky130_fd_sc_hd__dfxtp_1)
     1    0.006107    0.040205    0.304464    0.606390 v _129_/Q (sky130_fd_sc_hd__dfxtp_1)
                                                         net21 (net)
                      0.040205    0.000076    0.606466 v output21/A (sky130_fd_sc_hd__buf_2)
     1    0.034051    0.088823    0.178081    0.784547 v output21/X (sky130_fd_sc_hd__buf_2)
                                                         instruction[14] (net)
                      0.088823    0.000096    0.784643 v instruction[14] (out)
                                              0.784643   data arrival time

                                  0.000000    0.000000   clock clk (rise edge)
                                  0.000000    0.000000   clock network delay (propagated)
                                  0.250000    0.250000   clock uncertainty
                                  0.000000    0.250000   clock reconvergence pessimism
                                 -2.000000   -1.750000   output external delay
                                             -1.750000   data required time
---------------------------------------------------------------------------------------------
                                             -1.750000   data required time
                                             -0.784643   data arrival time
---------------------------------------------------------------------------------------------
                                              2.534643   slack (MET)


Startpoint: _127_ (rising edge-triggered flip-flop clocked by clk)
Endpoint: instruction[12] (output port clocked by clk)
Path Group: clk
Path Type: min

Fanout         Cap        Slew       Delay        Time   Description
---------------------------------------------------------------------------------------------
                                  0.000000    0.000000   clock clk (rise edge)
                                  0.000000    0.000000   clock source latency
     1    0.013548    0.066956    0.045497    0.045497 ^ clk (in)
                                                         clk (net)
                      0.066958    0.000000    0.045497 ^ clkbuf_0_clk/A (sky130_fd_sc_hd__clkbuf_16)
     2    0.017315    0.039575    0.130956    0.176453 ^ clkbuf_0_clk/X (sky130_fd_sc_hd__clkbuf_16)
                                                         clknet_0_clk (net)
                      0.039575    0.000025    0.176478 ^ clkbuf_1_1__f_clk/A (sky130_fd_sc_hd__clkbuf_16)
     8    0.021949    0.043526    0.125373    0.301850 ^ clkbuf_1_1__f_clk/X (sky130_fd_sc_hd__clkbuf_16)
                                                         clknet_1_1__leaf_clk (net)
                      0.043526    0.000115    0.301965 ^ _127_/CLK (sky130_fd_sc_hd__dfxtp_1)
     1    0.006125    0.040281    0.304538    0.606503 v _127_/Q (sky130_fd_sc_hd__dfxtp_1)
                                                         net19 (net)
                      0.040281    0.000074    0.606577 v output19/A (sky130_fd_sc_hd__buf_2)
     1    0.033999    0.088704    0.178026    0.784603 v output19/X (sky130_fd_sc_hd__buf_2)
                                                         instruction[12] (net)
                      0.088704    0.000084    0.784687 v instruction[12] (out)
                                              0.784687   data arrival time

                                  0.000000    0.000000   clock clk (rise edge)
                                  0.000000    0.000000   clock network delay (propagated)
                                  0.250000    0.250000   clock uncertainty
                                  0.000000    0.250000   clock reconvergence pessimism
                                 -2.000000   -1.750000   output external delay
                                             -1.750000   data required time
---------------------------------------------------------------------------------------------
                                             -1.750000   data required time
                                             -0.784687   data arrival time
---------------------------------------------------------------------------------------------
                                              2.534687   slack (MET)


Startpoint: _118_ (rising edge-triggered flip-flop clocked by clk)
Endpoint: instruction[2] (output port clocked by clk)
Path Group: clk
Path Type: min

Fanout         Cap        Slew       Delay        Time   Description
---------------------------------------------------------------------------------------------
                                  0.000000    0.000000   clock clk (rise edge)
                                  0.000000    0.000000   clock source latency
     1    0.013548    0.066956    0.045497    0.045497 ^ clk (in)
                                                         clk (net)
                      0.066958    0.000000    0.045497 ^ clkbuf_0_clk/A (sky130_fd_sc_hd__clkbuf_16)
     2    0.017315    0.039575    0.130956    0.176453 ^ clkbuf_0_clk/X (sky130_fd_sc_hd__clkbuf_16)
                                                         clknet_0_clk (net)
                      0.039575    0.000032    0.176485 ^ clkbuf_1_0__f_clk/A (sky130_fd_sc_hd__clkbuf_16)
     7    0.025643    0.046863    0.128906    0.305391 ^ clkbuf_1_0__f_clk/X (sky130_fd_sc_hd__clkbuf_16)
                                                         clknet_1_0__leaf_clk (net)
                      0.046863    0.000182    0.305573 ^ _118_/CLK (sky130_fd_sc_hd__dfxtp_1)
     1    0.005253    0.036626    0.302217    0.607790 v _118_/Q (sky130_fd_sc_hd__dfxtp_1)
                                                         net24 (net)
                      0.036626    0.000079    0.607869 v output24/A (sky130_fd_sc_hd__buf_2)
     1    0.034344    0.089526    0.177005    0.784874 v output24/X (sky130_fd_sc_hd__buf_2)
                                                         instruction[2] (net)
                      0.089526    0.000197    0.785071 v instruction[2] (out)
                                              0.785071   data arrival time

                                  0.000000    0.000000   clock clk (rise edge)
                                  0.000000    0.000000   clock network delay (propagated)
                                  0.250000    0.250000   clock uncertainty
                                  0.000000    0.250000   clock reconvergence pessimism
                                 -2.000000   -1.750000   output external delay
                                             -1.750000   data required time
---------------------------------------------------------------------------------------------
                                             -1.750000   data required time
                                             -0.785071   data arrival time
---------------------------------------------------------------------------------------------
                                              2.535071   slack (MET)


Startpoint: _117_ (rising edge-triggered flip-flop clocked by clk)
Endpoint: instruction[1] (output port clocked by clk)
Path Group: clk
Path Type: min

Fanout         Cap        Slew       Delay        Time   Description
---------------------------------------------------------------------------------------------
                                  0.000000    0.000000   clock clk (rise edge)
                                  0.000000    0.000000   clock source latency
     1    0.013548    0.066956    0.045497    0.045497 ^ clk (in)
                                                         clk (net)
                      0.066958    0.000000    0.045497 ^ clkbuf_0_clk/A (sky130_fd_sc_hd__clkbuf_16)
     2    0.017315    0.039575    0.130956    0.176453 ^ clkbuf_0_clk/X (sky130_fd_sc_hd__clkbuf_16)
                                                         clknet_0_clk (net)
                      0.039575    0.000032    0.176485 ^ clkbuf_1_0__f_clk/A (sky130_fd_sc_hd__clkbuf_16)
     7    0.025643    0.046863    0.128906    0.305391 ^ clkbuf_1_0__f_clk/X (sky130_fd_sc_hd__clkbuf_16)
                                                         clknet_1_0__leaf_clk (net)
                      0.046863    0.000161    0.305552 ^ _117_/CLK (sky130_fd_sc_hd__dfxtp_1)
     1    0.005412    0.037283    0.302860    0.608412 v _117_/Q (sky130_fd_sc_hd__dfxtp_1)
                                                         net23 (net)
                      0.037283    0.000083    0.608495 v output23/A (sky130_fd_sc_hd__buf_2)
     1    0.034344    0.089521    0.177288    0.785783 v output23/X (sky130_fd_sc_hd__buf_2)
                                                         instruction[1] (net)
                      0.089521    0.000197    0.785981 v instruction[1] (out)
                                              0.785981   data arrival time

                                  0.000000    0.000000   clock clk (rise edge)
                                  0.000000    0.000000   clock network delay (propagated)
                                  0.250000    0.250000   clock uncertainty
                                  0.000000    0.250000   clock reconvergence pessimism
                                 -2.000000   -1.750000   output external delay
                                             -1.750000   data required time
---------------------------------------------------------------------------------------------
                                             -1.750000   data required time
                                             -0.785981   data arrival time
---------------------------------------------------------------------------------------------
                                              2.535981   slack (MET)


Startpoint: _125_ (rising edge-triggered flip-flop clocked by clk)
Endpoint: instruction[10] (output port clocked by clk)
Path Group: clk
Path Type: min

Fanout         Cap        Slew       Delay        Time   Description
---------------------------------------------------------------------------------------------
                                  0.000000    0.000000   clock clk (rise edge)
                                  0.000000    0.000000   clock source latency
     1    0.013548    0.066956    0.045497    0.045497 ^ clk (in)
                                                         clk (net)
                      0.066958    0.000000    0.045497 ^ clkbuf_0_clk/A (sky130_fd_sc_hd__clkbuf_16)
     2    0.017315    0.039575    0.130956    0.176453 ^ clkbuf_0_clk/X (sky130_fd_sc_hd__clkbuf_16)
                                                         clknet_0_clk (net)
                      0.039575    0.000025    0.176478 ^ clkbuf_1_1__f_clk/A (sky130_fd_sc_hd__clkbuf_16)
     8    0.021949    0.043526    0.125373    0.301850 ^ clkbuf_1_1__f_clk/X (sky130_fd_sc_hd__clkbuf_16)
                                                         clknet_1_1__leaf_clk (net)
                      0.043526    0.000082    0.301932 ^ _125_/CLK (sky130_fd_sc_hd__dfxtp_1)
     1    0.006387    0.041395    0.305599    0.607531 v _125_/Q (sky130_fd_sc_hd__dfxtp_1)
                                                         net17 (net)
                      0.041395    0.000083    0.607614 v output17/A (sky130_fd_sc_hd__buf_2)
     1    0.034016    0.088735    0.178534    0.786148 v output17/X (sky130_fd_sc_hd__buf_2)
                                                         instruction[10] (net)
                      0.088735    0.000088    0.786236 v instruction[10] (out)
                                              0.786236   data arrival time

                                  0.000000    0.000000   clock clk (rise edge)
                                  0.000000    0.000000   clock network delay (propagated)
                                  0.250000    0.250000   clock uncertainty
                                  0.000000    0.250000   clock reconvergence pessimism
                                 -2.000000   -1.750000   output external delay
                                             -1.750000   data required time
---------------------------------------------------------------------------------------------
                                             -1.750000   data required time
                                             -0.786236   data arrival time
---------------------------------------------------------------------------------------------
                                              2.536236   slack (MET)


Startpoint: _124_ (rising edge-triggered flip-flop clocked by clk)
Endpoint: instruction[9] (output port clocked by clk)
Path Group: clk
Path Type: min

Fanout         Cap        Slew       Delay        Time   Description
---------------------------------------------------------------------------------------------
                                  0.000000    0.000000   clock clk (rise edge)
                                  0.000000    0.000000   clock source latency
     1    0.013548    0.066956    0.045497    0.045497 ^ clk (in)
                                                         clk (net)
                      0.066958    0.000000    0.045497 ^ clkbuf_0_clk/A (sky130_fd_sc_hd__clkbuf_16)
     2    0.017315    0.039575    0.130956    0.176453 ^ clkbuf_0_clk/X (sky130_fd_sc_hd__clkbuf_16)
                                                         clknet_0_clk (net)
                      0.039575    0.000025    0.176478 ^ clkbuf_1_1__f_clk/A (sky130_fd_sc_hd__clkbuf_16)
     8    0.021949    0.043526    0.125373    0.301850 ^ clkbuf_1_1__f_clk/X (sky130_fd_sc_hd__clkbuf_16)
                                                         clknet_1_1__leaf_clk (net)
                      0.043526    0.000080    0.301930 ^ _124_/CLK (sky130_fd_sc_hd__dfxtp_1)
     2    0.006964    0.043877    0.307933    0.609863 v _124_/Q (sky130_fd_sc_hd__dfxtp_1)
                                                         net31 (net)
                      0.043877    0.000096    0.609959 v output31/A (sky130_fd_sc_hd__buf_2)
     1    0.034424    0.089653    0.180263    0.790221 v output31/X (sky130_fd_sc_hd__buf_2)
                                                         instruction[9] (net)
                      0.089653    0.000216    0.790437 v instruction[9] (out)
                                              0.790437   data arrival time

                                  0.000000    0.000000   clock clk (rise edge)
                                  0.000000    0.000000   clock network delay (propagated)
                                  0.250000    0.250000   clock uncertainty
                                  0.000000    0.250000   clock reconvergence pessimism
                                 -2.000000   -1.750000   output external delay
                                             -1.750000   data required time
---------------------------------------------------------------------------------------------
                                             -1.750000   data required time
                                             -0.790437   data arrival time
---------------------------------------------------------------------------------------------
                                              2.540437   slack (MET)


Startpoint: _122_ (rising edge-triggered flip-flop clocked by clk)
Endpoint: instruction[15] (output port clocked by clk)
Path Group: clk
Path Type: min

Fanout         Cap        Slew       Delay        Time   Description
---------------------------------------------------------------------------------------------
                                  0.000000    0.000000   clock clk (rise edge)
                                  0.000000    0.000000   clock source latency
     1    0.013548    0.066956    0.045497    0.045497 ^ clk (in)
                                                         clk (net)
                      0.066958    0.000000    0.045497 ^ clkbuf_0_clk/A (sky130_fd_sc_hd__clkbuf_16)
     2    0.017315    0.039575    0.130956    0.176453 ^ clkbuf_0_clk/X (sky130_fd_sc_hd__clkbuf_16)
                                                         clknet_0_clk (net)
                      0.039575    0.000032    0.176485 ^ clkbuf_1_0__f_clk/A (sky130_fd_sc_hd__clkbuf_16)
     7    0.025643    0.046863    0.128906    0.305391 ^ clkbuf_1_0__f_clk/X (sky130_fd_sc_hd__clkbuf_16)
                                                         clknet_1_0__leaf_clk (net)
                      0.046863    0.000119    0.305510 ^ _122_/CLK (sky130_fd_sc_hd__dfxtp_1)
     2    0.006608    0.042335    0.307717    0.613228 v _122_/Q (sky130_fd_sc_hd__dfxtp_1)
                                                         net22 (net)
                      0.042335    0.000085    0.613313 v output22/A (sky130_fd_sc_hd__buf_2)
     1    0.034424    0.089664    0.179599    0.792911 v output22/X (sky130_fd_sc_hd__buf_2)
                                                         instruction[15] (net)
                      0.089664    0.000216    0.793128 v instruction[15] (out)
                                              0.793128   data arrival time

                                  0.000000    0.000000   clock clk (rise edge)
                                  0.000000    0.000000   clock network delay (propagated)
                                  0.250000    0.250000   clock uncertainty
                                  0.000000    0.250000   clock reconvergence pessimism
                                 -2.000000   -1.750000   output external delay
                                             -1.750000   data required time
---------------------------------------------------------------------------------------------
                                             -1.750000   data required time
                                             -0.793128   data arrival time
---------------------------------------------------------------------------------------------
                                              2.543128   slack (MET)


Startpoint: _124_ (rising edge-triggered flip-flop clocked by clk)
Endpoint: instruction[5] (output port clocked by clk)
Path Group: clk
Path Type: min

Fanout         Cap        Slew       Delay        Time   Description
---------------------------------------------------------------------------------------------
                                  0.000000    0.000000   clock clk (rise edge)
                                  0.000000    0.000000   clock source latency
     1    0.013548    0.066956    0.045497    0.045497 ^ clk (in)
                                                         clk (net)
                      0.066958    0.000000    0.045497 ^ clkbuf_0_clk/A (sky130_fd_sc_hd__clkbuf_16)
     2    0.017315    0.039575    0.130956    0.176453 ^ clkbuf_0_clk/X (sky130_fd_sc_hd__clkbuf_16)
                                                         clknet_0_clk (net)
                      0.039575    0.000025    0.176478 ^ clkbuf_1_1__f_clk/A (sky130_fd_sc_hd__clkbuf_16)
     8    0.021949    0.043526    0.125373    0.301850 ^ clkbuf_1_1__f_clk/X (sky130_fd_sc_hd__clkbuf_16)
                                                         clknet_1_1__leaf_clk (net)
                      0.043526    0.000080    0.301930 ^ _124_/CLK (sky130_fd_sc_hd__dfxtp_1)
     2    0.006964    0.043877    0.307933    0.609863 v _124_/Q (sky130_fd_sc_hd__dfxtp_1)
                                                         net31 (net)
                      0.043877    0.000083    0.609946 v _130_/A (sky130_fd_sc_hd__clkbuf_1)
     1    0.002765    0.026392    0.086693    0.696639 v _130_/X (sky130_fd_sc_hd__clkbuf_1)
                                                         net27 (net)
                      0.026392    0.000015    0.696654 v output27/A (sky130_fd_sc_hd__buf_2)
     1    0.034424    0.089778    0.172730    0.869384 v output27/X (sky130_fd_sc_hd__buf_2)
                                                         instruction[5] (net)
                      0.089778    0.000216    0.869600 v instruction[5] (out)
                                              0.869600   data arrival time

                                  0.000000    0.000000   clock clk (rise edge)
                                  0.000000    0.000000   clock network delay (propagated)
                                  0.250000    0.250000   clock uncertainty
                                  0.000000    0.250000   clock reconvergence pessimism
                                 -2.000000   -1.750000   output external delay
                                             -1.750000   data required time
---------------------------------------------------------------------------------------------
                                             -1.750000   data required time
                                             -0.869600   data arrival time
---------------------------------------------------------------------------------------------
                                              2.619600   slack (MET)


Startpoint: _122_ (rising edge-triggered flip-flop clocked by clk)
Endpoint: instruction[7] (output port clocked by clk)
Path Group: clk
Path Type: min

Fanout         Cap        Slew       Delay        Time   Description
---------------------------------------------------------------------------------------------
                                  0.000000    0.000000   clock clk (rise edge)
                                  0.000000    0.000000   clock source latency
     1    0.013548    0.066956    0.045497    0.045497 ^ clk (in)
                                                         clk (net)
                      0.066958    0.000000    0.045497 ^ clkbuf_0_clk/A (sky130_fd_sc_hd__clkbuf_16)
     2    0.017315    0.039575    0.130956    0.176453 ^ clkbuf_0_clk/X (sky130_fd_sc_hd__clkbuf_16)
                                                         clknet_0_clk (net)
                      0.039575    0.000032    0.176485 ^ clkbuf_1_0__f_clk/A (sky130_fd_sc_hd__clkbuf_16)
     7    0.025643    0.046863    0.128906    0.305391 ^ clkbuf_1_0__f_clk/X (sky130_fd_sc_hd__clkbuf_16)
                                                         clknet_1_0__leaf_clk (net)
                      0.046863    0.000119    0.305510 ^ _122_/CLK (sky130_fd_sc_hd__dfxtp_1)
     2    0.006608    0.042335    0.307717    0.613228 v _122_/Q (sky130_fd_sc_hd__dfxtp_1)
                                                         net22 (net)
                      0.042335    0.000073    0.613301 v _131_/A (sky130_fd_sc_hd__clkbuf_1)
     1    0.002726    0.026188    0.085791    0.699092 v _131_/X (sky130_fd_sc_hd__clkbuf_1)
                                                         net29 (net)
                      0.026188    0.000015    0.699106 v output29/A (sky130_fd_sc_hd__buf_2)
     1    0.034424    0.089780    0.172642    0.871749 v output29/X (sky130_fd_sc_hd__buf_2)
                                                         instruction[7] (net)
                      0.089780    0.000216    0.871965 v instruction[7] (out)
                                              0.871965   data arrival time

                                  0.000000    0.000000   clock clk (rise edge)
                                  0.000000    0.000000   clock network delay (propagated)
                                  0.250000    0.250000   clock uncertainty
                                  0.000000    0.250000   clock reconvergence pessimism
                                 -2.000000   -1.750000   output external delay
                                             -1.750000   data required time
---------------------------------------------------------------------------------------------
                                             -1.750000   data required time
                                             -0.871965   data arrival time
---------------------------------------------------------------------------------------------
                                              2.621965   slack (MET)



