Clock: clk
Sources: clk 
Generated: no
Virtual: yes
Propagated: no
Period: 25.000000

===========================================================================
report_clock_properties
============================================================================
Clock                   Period          Waveform
----------------------------------------------------
clk                  25.000000    0.000000 12.500000

===========================================================================
report_clock_latency
============================================================================
Clock clk
rise -> rise
    min     max
0.000000 0.000000 source latency
0.777321         network latency _541_/CLK
        0.786199 network latency _635_/CLK
---------------
0.777321 0.786199 latency
        0.008878 skew

fall -> fall
    min     max
0.000000 0.000000 source latency
0.711092         network latency _541_/CLK
        0.717713 network latency _635_/CLK
---------------
0.711092 0.717713 latency
        0.006621 skew



===========================================================================
report_clock_min_period
============================================================================
clk period_min = 2.99 fmax = 334.51
