Reading timing models for corner min_tt_025C_1v80…
Reading cell library for the 'min_tt_025C_1v80' corner at '/home/githi/.volare/volare/sky130/versions/0fe599b2afb6708d281543108caf8310912f54af/sky130A/libs.ref/sky130_fd_sc_hd/lib/sky130_fd_sc_hd__tt_025C_1v80.lib'…
Reading top-level netlist at '/home/githi/openlane2/my_designs/Control_unit/runs/RUN_2025-11-16_16-53-36/51-openroad-fillinsertion/Control_unit.nl.v'…
Linking design 'Control_unit' from netlist…
Warning: /home/githi/openlane2/my_designs/Control_unit/runs/RUN_2025-11-16_16-53-36/51-openroad-fillinsertion/Control_unit.nl.v line 158, module sky130_fd_sc_hd__tapvpwrvgnd_1 not found. Creating black box for TAP_TAPCELL_ROW_0_16.
Warning: /home/githi/openlane2/my_designs/Control_unit/runs/RUN_2025-11-16_16-53-36/51-openroad-fillinsertion/Control_unit.nl.v line 210, module sky130_fd_sc_hd__fill_1 not found. Creating black box for FILLER_0_13.
Warning: /home/githi/openlane2/my_designs/Control_unit/runs/RUN_2025-11-16_16-53-36/51-openroad-fillinsertion/Control_unit.nl.v line 212, module sky130_fd_sc_hd__fill_2 not found. Creating black box for FILLER_0_35.
Warning: /home/githi/openlane2/my_designs/Control_unit/runs/RUN_2025-11-16_16-53-36/51-openroad-fillinsertion/Control_unit.nl.v line 216, module sky130_ef_sc_hd__decap_12 not found. Creating black box for FILLER_2_7.
Reading design constraints file at '/nix/store/hp4xwjqw4rax5g0gz3fivr2n1hy2sig4-python3-3.11.9-env/lib/python3.11/site-packages/openlane/scripts/base.sdc'…
Warning: base.sdc line 15, port 'clk' not found.
[INFO] Using clock clk…
[INFO] Setting output delay to: 5
[INFO] Setting input delay to: 5
Warning: base.sdc line 32, port 'clk' not found.
[INFO] Setting load to: 0.033442
[INFO] Setting clock uncertainty to: 0.25
[INFO] Setting clock transition to: 0.1499999999999999944488848768742172978818416595458984375
Warning: base.sdc line 69, transition time can not be specified for virtual clocks.
[INFO] Setting timing derate to: 5%
Warning: base.sdc line 79, virtual clock clk can not be propagated.
Reading top-level design parasitics for the 'min_tt_025C_1v80' corner at '/home/githi/openlane2/my_designs/Control_unit/runs/RUN_2025-11-16_16-53-36/53-openroad-rcx/min/Control_unit.min.spef'…
%OL_CREATE_REPORT min.rpt

===========================================================================
report_checks -path_delay min (Hold)
============================================================================
======================= min_tt_025C_1v80 Corner ===================================

Startpoint: opcode[0] (input port clocked by clk)
Endpoint: RegWrite (output port clocked by clk)
Path Group: clk
Path Type: min

Fanout         Cap        Slew       Delay        Time   Description
---------------------------------------------------------------------------------------------
                      0.000000    0.000000    0.000000   clock clk (rise edge)
                                  0.000000    0.000000   clock network delay (ideal)
                                  5.000000    5.000000 ^ input external delay
     1    0.002724    0.019407    0.010032    5.010032 ^ opcode[0] (in)
                                                         opcode[0] (net)
                      0.019407    0.000000    5.010032 ^ input5/A (sky130_fd_sc_hd__buf_1)
     3    0.010731    0.132919    0.134623    5.144656 ^ input5/X (sky130_fd_sc_hd__buf_1)
                                                         net5 (net)
                      0.132920    0.000147    5.144803 ^ _17_/A2 (sky130_fd_sc_hd__o21ai_1)
     1    0.001952    0.034834    0.066360    5.211163 v _17_/Y (sky130_fd_sc_hd__o21ai_1)
                                                         net18 (net)
                      0.034834    0.000016    5.211179 v output18/A (sky130_fd_sc_hd__buf_2)
     1    0.034358    0.089559    0.176277    5.387456 v output18/X (sky130_fd_sc_hd__buf_2)
                                                         RegWrite (net)
                      0.089559    0.000176    5.387632 v RegWrite (out)
                                              5.387632   data arrival time

                      0.000000    0.000000    0.000000   clock clk (rise edge)
                                  0.000000    0.000000   clock network delay (ideal)
                                  0.250000    0.250000   clock uncertainty
                                  0.000000    0.250000   clock reconvergence pessimism
                                 -5.000000   -4.750000   output external delay
                                             -4.750000   data required time
---------------------------------------------------------------------------------------------
                                             -4.750000   data required time
                                             -5.387632   data arrival time
---------------------------------------------------------------------------------------------
                                             10.137632   slack (MET)


Startpoint: func[3] (input port clocked by clk)
Endpoint: ALUControl[3] (output port clocked by clk)
Path Group: clk
Path Type: min

Fanout         Cap        Slew       Delay        Time   Description
---------------------------------------------------------------------------------------------
                      0.000000    0.000000    0.000000   clock clk (rise edge)
                                  0.000000    0.000000   clock network delay (ideal)
                                  5.000000    5.000000 v input external delay
     1    0.003490    0.010235    0.005581    5.005581 v func[3] (in)
                                                         func[3] (net)
                      0.010235    0.000000    5.005581 v input4/A (sky130_fd_sc_hd__clkbuf_1)
     3    0.006803    0.047613    0.091537    5.097118 v input4/X (sky130_fd_sc_hd__clkbuf_1)
                                                         net4 (net)
                      0.047613    0.000072    5.097190 v _27_/A (sky130_fd_sc_hd__and2_1)
     1    0.002020    0.030202    0.128328    5.225519 v _27_/X (sky130_fd_sc_hd__and2_1)
                                                         net12 (net)
                      0.030202    0.000018    5.225537 v output12/A (sky130_fd_sc_hd__buf_2)
     1    0.034126    0.089121    0.173800    5.399336 v output12/X (sky130_fd_sc_hd__buf_2)
                                                         ALUControl[3] (net)
                      0.089121    0.000233    5.399570 v ALUControl[3] (out)
                                              5.399570   data arrival time

                      0.000000    0.000000    0.000000   clock clk (rise edge)
                                  0.000000    0.000000   clock network delay (ideal)
                                  0.250000    0.250000   clock uncertainty
                                  0.000000    0.250000   clock reconvergence pessimism
                                 -5.000000   -4.750000   output external delay
                                             -4.750000   data required time
---------------------------------------------------------------------------------------------
                                             -4.750000   data required time
                                             -5.399570   data arrival time
---------------------------------------------------------------------------------------------
                                             10.149570   slack (MET)


Startpoint: func[2] (input port clocked by clk)
Endpoint: ALUControl[2] (output port clocked by clk)
Path Group: clk
Path Type: min

Fanout         Cap        Slew       Delay        Time   Description
---------------------------------------------------------------------------------------------
                      0.000000    0.000000    0.000000   clock clk (rise edge)
                                  0.000000    0.000000   clock network delay (ideal)
                                  5.000000    5.000000 ^ input external delay
     1    0.002640    0.019049    0.009736    5.009736 ^ func[2] (in)
                                                         func[2] (net)
                      0.019049    0.000000    5.009736 ^ input3/A (sky130_fd_sc_hd__buf_1)
     3    0.009166    0.115172    0.122223    5.131959 ^ input3/X (sky130_fd_sc_hd__buf_1)
                                                         net3 (net)
                      0.115172    0.000075    5.132034 ^ _26_/B2 (sky130_fd_sc_hd__a32o_1)
     1    0.002188    0.043978    0.129182    5.261215 ^ _26_/X (sky130_fd_sc_hd__a32o_1)
                                                         net11 (net)
                      0.043978    0.000019    5.261234 ^ output11/A (sky130_fd_sc_hd__buf_2)
     1    0.034492    0.171172    0.198505    5.459739 ^ output11/X (sky130_fd_sc_hd__buf_2)
                                                         ALUControl[2] (net)
                      0.171172    0.000403    5.460142 ^ ALUControl[2] (out)
                                              5.460142   data arrival time

                      0.000000    0.000000    0.000000   clock clk (rise edge)
                                  0.000000    0.000000   clock network delay (ideal)
                                  0.250000    0.250000   clock uncertainty
                                  0.000000    0.250000   clock reconvergence pessimism
                                 -5.000000   -4.750000   output external delay
                                             -4.750000   data required time
---------------------------------------------------------------------------------------------
                                             -4.750000   data required time
                                             -5.460142   data arrival time
---------------------------------------------------------------------------------------------
                                             10.210142   slack (MET)


Startpoint: opcode[1] (input port clocked by clk)
Endpoint: MemWrite (output port clocked by clk)
Path Group: clk
Path Type: min

Fanout         Cap        Slew       Delay        Time   Description
---------------------------------------------------------------------------------------------
                      0.000000    0.000000    0.000000   clock clk (rise edge)
                                  0.000000    0.000000   clock network delay (ideal)
                                  5.000000    5.000000 v input external delay
     1    0.002891    0.008843    0.004575    5.004576 v opcode[1] (in)
                                                         opcode[1] (net)
                      0.008843    0.000000    5.004576 v input6/A (sky130_fd_sc_hd__buf_1)
     5    0.013679    0.084818    0.120531    5.125106 v input6/X (sky130_fd_sc_hd__buf_1)
                                                         net6 (net)
                      0.084818    0.000117    5.125223 v _14_/C (sky130_fd_sc_hd__and3b_1)
     1    0.002212    0.030685    0.186064    5.311286 v _14_/X (sky130_fd_sc_hd__and3b_1)
                                                         net16 (net)
                      0.030685    0.000020    5.311307 v output16/A (sky130_fd_sc_hd__buf_2)
     1    0.034446    0.089870    0.174492    5.485799 v output16/X (sky130_fd_sc_hd__buf_2)
                                                         MemWrite (net)
                      0.089871    0.000375    5.486174 v MemWrite (out)
                                              5.486174   data arrival time

                      0.000000    0.000000    0.000000   clock clk (rise edge)
                                  0.000000    0.000000   clock network delay (ideal)
                                  0.250000    0.250000   clock uncertainty
                                  0.000000    0.250000   clock reconvergence pessimism
                                 -5.000000   -4.750000   output external delay
                                             -4.750000   data required time
---------------------------------------------------------------------------------------------
                                             -4.750000   data required time
                                             -5.486174   data arrival time
---------------------------------------------------------------------------------------------
                                             10.236175   slack (MET)


Startpoint: func[1] (input port clocked by clk)
Endpoint: ALUControl[1] (output port clocked by clk)
Path Group: clk
Path Type: min

Fanout         Cap        Slew       Delay        Time   Description
---------------------------------------------------------------------------------------------
                      0.000000    0.000000    0.000000   clock clk (rise edge)
                                  0.000000    0.000000   clock network delay (ideal)
                                  5.000000    5.000000 v input external delay
     1    0.003936    0.011264    0.006345    5.006345 v func[1] (in)
                                                         func[1] (net)
                      0.011264    0.000000    5.006345 v input2/A (sky130_fd_sc_hd__buf_1)
     4    0.010983    0.069860    0.110091    5.116436 v input2/X (sky130_fd_sc_hd__buf_1)
                                                         net2 (net)
                      0.069860    0.000148    5.116585 v _25_/A1 (sky130_fd_sc_hd__a22o_1)
     1    0.002061    0.034746    0.205115    5.321699 v _25_/X (sky130_fd_sc_hd__a22o_1)
                                                         net10 (net)
                      0.034746    0.000019    5.321718 v output10/A (sky130_fd_sc_hd__buf_2)
     1    0.034058    0.088920    0.175671    5.497389 v output10/X (sky130_fd_sc_hd__buf_2)
                                                         ALUControl[1] (net)
                      0.088920    0.000183    5.497572 v ALUControl[1] (out)
                                              5.497572   data arrival time

                      0.000000    0.000000    0.000000   clock clk (rise edge)
                                  0.000000    0.000000   clock network delay (ideal)
                                  0.250000    0.250000   clock uncertainty
                                  0.000000    0.250000   clock reconvergence pessimism
                                 -5.000000   -4.750000   output external delay
                                             -4.750000   data required time
---------------------------------------------------------------------------------------------
                                             -4.750000   data required time
                                             -5.497572   data arrival time
---------------------------------------------------------------------------------------------
                                             10.247572   slack (MET)


Startpoint: opcode[1] (input port clocked by clk)
Endpoint: ResultSrc (output port clocked by clk)
Path Group: clk
Path Type: min

Fanout         Cap        Slew       Delay        Time   Description
---------------------------------------------------------------------------------------------
                      0.000000    0.000000    0.000000   clock clk (rise edge)
                                  0.000000    0.000000   clock network delay (ideal)
                                  5.000000    5.000000 v input external delay
     1    0.002891    0.008843    0.004575    5.004576 v opcode[1] (in)
                                                         opcode[1] (net)
                      0.008843    0.000000    5.004576 v input6/A (sky130_fd_sc_hd__buf_1)
     5    0.013679    0.084818    0.120531    5.125106 v input6/X (sky130_fd_sc_hd__buf_1)
                                                         net6 (net)
                      0.084818    0.000117    5.125223 v _11_/A (sky130_fd_sc_hd__inv_2)
     4    0.010831    0.059440    0.083335    5.208558 ^ _11_/Y (sky130_fd_sc_hd__inv_2)
                                                         _00_ (net)
                      0.059440    0.000040    5.208598 ^ _12_/B (sky130_fd_sc_hd__or2_1)
     2    0.005297    0.060806    0.109420    5.318018 ^ _12_/X (sky130_fd_sc_hd__or2_1)
                                                         _01_ (net)
                      0.060806    0.000044    5.318062 ^ _13_/B (sky130_fd_sc_hd__nor2_1)
     1    0.002118    0.021734    0.037274    5.355336 v _13_/Y (sky130_fd_sc_hd__nor2_1)
                                                         net19 (net)
                      0.021734    0.000012    5.355348 v output19/A (sky130_fd_sc_hd__buf_2)
     1    0.034077    0.089051    0.170101    5.525449 v output19/X (sky130_fd_sc_hd__buf_2)
                                                         ResultSrc (net)
                      0.089051    0.000226    5.525675 v ResultSrc (out)
                                              5.525675   data arrival time

                      0.000000    0.000000    0.000000   clock clk (rise edge)
                                  0.000000    0.000000   clock network delay (ideal)
                                  0.250000    0.250000   clock uncertainty
                                  0.000000    0.250000   clock reconvergence pessimism
                                 -5.000000   -4.750000   output external delay
                                             -4.750000   data required time
---------------------------------------------------------------------------------------------
                                             -4.750000   data required time
                                             -5.525675   data arrival time
---------------------------------------------------------------------------------------------
                                             10.275675   slack (MET)


Startpoint: opcode[1] (input port clocked by clk)
Endpoint: ALUSrc (output port clocked by clk)
Path Group: clk
Path Type: min

Fanout         Cap        Slew       Delay        Time   Description
---------------------------------------------------------------------------------------------
                      0.000000    0.000000    0.000000   clock clk (rise edge)
                                  0.000000    0.000000   clock network delay (ideal)
                                  5.000000    5.000000 v input external delay
     1    0.002891    0.008843    0.004575    5.004576 v opcode[1] (in)
                                                         opcode[1] (net)
                      0.008843    0.000000    5.004576 v input6/A (sky130_fd_sc_hd__buf_1)
     5    0.013679    0.084818    0.120531    5.125106 v input6/X (sky130_fd_sc_hd__buf_1)
                                                         net6 (net)
                      0.084818    0.000117    5.125223 v _11_/A (sky130_fd_sc_hd__inv_2)
     4    0.010831    0.059440    0.083335    5.208558 ^ _11_/Y (sky130_fd_sc_hd__inv_2)
                                                         _00_ (net)
                      0.059440    0.000040    5.208598 ^ _12_/B (sky130_fd_sc_hd__or2_1)
     2    0.005297    0.060806    0.109420    5.318018 ^ _12_/X (sky130_fd_sc_hd__or2_1)
                                                         _01_ (net)
                      0.060806    0.000042    5.318060 ^ _16_/A (sky130_fd_sc_hd__nand2_1)
     1    0.002547    0.031504    0.047147    5.365207 v _16_/Y (sky130_fd_sc_hd__nand2_1)
                                                         net13 (net)
                      0.031504    0.000028    5.365235 v output13/A (sky130_fd_sc_hd__buf_2)
     1    0.034190    0.089262    0.174459    5.539694 v output13/X (sky130_fd_sc_hd__buf_2)
                                                         ALUSrc (net)
                      0.089262    0.000260    5.539955 v ALUSrc (out)
                                              5.539955   data arrival time

                      0.000000    0.000000    0.000000   clock clk (rise edge)
                                  0.000000    0.000000   clock network delay (ideal)
                                  0.250000    0.250000   clock uncertainty
                                  0.000000    0.250000   clock reconvergence pessimism
                                 -5.000000   -4.750000   output external delay
                                             -4.750000   data required time
---------------------------------------------------------------------------------------------
                                             -4.750000   data required time
                                             -5.539955   data arrival time
---------------------------------------------------------------------------------------------
                                             10.289954   slack (MET)


Startpoint: func[0] (input port clocked by clk)
Endpoint: ALUControl[0] (output port clocked by clk)
Path Group: clk
Path Type: min

Fanout         Cap        Slew       Delay        Time   Description
---------------------------------------------------------------------------------------------
                      0.000000    0.000000    0.000000   clock clk (rise edge)
                                  0.000000    0.000000   clock network delay (ideal)
                                  5.000000    5.000000 ^ input external delay
     1    0.002967    0.020450    0.010885    5.010885 ^ func[0] (in)
                                                         func[0] (net)
                      0.020450    0.000000    5.010885 ^ input1/A (sky130_fd_sc_hd__buf_1)
     5    0.015816    0.190671    0.174957    5.185841 ^ input1/X (sky130_fd_sc_hd__buf_1)
                                                         net1 (net)
                      0.190671    0.000131    5.185973 ^ _22_/B2 (sky130_fd_sc_hd__a221o_1)
     1    0.002302    0.037560    0.162095    5.348068 ^ _22_/X (sky130_fd_sc_hd__a221o_1)
                                                         net9 (net)
                      0.037560    0.000021    5.348089 ^ output9/A (sky130_fd_sc_hd__buf_2)
     1    0.034320    0.170362    0.195576    5.543665 ^ output9/X (sky130_fd_sc_hd__buf_2)
                                                         ALUControl[0] (net)
                      0.170362    0.000254    5.543919 ^ ALUControl[0] (out)
                                              5.543919   data arrival time

                      0.000000    0.000000    0.000000   clock clk (rise edge)
                                  0.000000    0.000000   clock network delay (ideal)
                                  0.250000    0.250000   clock uncertainty
                                  0.000000    0.250000   clock reconvergence pessimism
                                 -5.000000   -4.750000   output external delay
                                             -4.750000   data required time
---------------------------------------------------------------------------------------------
                                             -4.750000   data required time
                                             -5.543919   data arrival time
---------------------------------------------------------------------------------------------
                                             10.293919   slack (MET)


Startpoint: opcode[1] (input port clocked by clk)
Endpoint: ImmSrc[1] (output port clocked by clk)
Path Group: clk
Path Type: min

Fanout         Cap        Slew       Delay        Time   Description
---------------------------------------------------------------------------------------------
                      0.000000    0.000000    0.000000   clock clk (rise edge)
                                  0.000000    0.000000   clock network delay (ideal)
                                  5.000000    5.000000 ^ input external delay
     1    0.003067    0.020882    0.011239    5.011239 ^ opcode[1] (in)
                                                         opcode[1] (net)
                      0.020882    0.000000    5.011239 ^ input6/A (sky130_fd_sc_hd__buf_1)
     5    0.014717    0.178186    0.166448    5.177687 ^ input6/X (sky130_fd_sc_hd__buf_1)
                                                         net6 (net)
                      0.178186    0.000111    5.177797 ^ _28_/A_N (sky130_fd_sc_hd__and3b_1)
     2    0.004316    0.039919    0.205747    5.383544 v _28_/X (sky130_fd_sc_hd__and3b_1)
                                                         net15 (net)
                      0.039919    0.000012    5.383557 v output15/A (sky130_fd_sc_hd__buf_2)
     1    0.034103    0.089008    0.177936    5.561493 v output15/X (sky130_fd_sc_hd__buf_2)
                                                         ImmSrc[1] (net)
                      0.089008    0.000242    5.561735 v ImmSrc[1] (out)
                                              5.561735   data arrival time

                      0.000000    0.000000    0.000000   clock clk (rise edge)
                                  0.000000    0.000000   clock network delay (ideal)
                                  0.250000    0.250000   clock uncertainty
                                  0.000000    0.250000   clock reconvergence pessimism
                                 -5.000000   -4.750000   output external delay
                                             -4.750000   data required time
---------------------------------------------------------------------------------------------
                                             -4.750000   data required time
                                             -5.561735   data arrival time
---------------------------------------------------------------------------------------------
                                             10.311736   slack (MET)


Startpoint: opcode[1] (input port clocked by clk)
Endpoint: ImmSrc[0] (output port clocked by clk)
Path Group: clk
Path Type: min

Fanout         Cap        Slew       Delay        Time   Description
---------------------------------------------------------------------------------------------
                      0.000000    0.000000    0.000000   clock clk (rise edge)
                                  0.000000    0.000000   clock network delay (ideal)
                                  5.000000    5.000000 v input external delay
     1    0.002891    0.008843    0.004575    5.004576 v opcode[1] (in)
                                                         opcode[1] (net)
                      0.008843    0.000000    5.004576 v input6/A (sky130_fd_sc_hd__buf_1)
     5    0.013679    0.084818    0.120531    5.125106 v input6/X (sky130_fd_sc_hd__buf_1)
                                                         net6 (net)
                      0.084818    0.000117    5.125223 v _11_/A (sky130_fd_sc_hd__inv_2)
     4    0.010831    0.059440    0.083335    5.208558 ^ _11_/Y (sky130_fd_sc_hd__inv_2)
                                                         _00_ (net)
                      0.059440    0.000100    5.208658 ^ _20_/B (sky130_fd_sc_hd__and3b_1)
     2    0.006146    0.078268    0.172952    5.381610 ^ _20_/X (sky130_fd_sc_hd__and3b_1)
                                                         net14 (net)
                      0.078268    0.000048    5.381659 ^ output14/A (sky130_fd_sc_hd__buf_2)
     1    0.034034    0.169166    0.209863    5.591522 ^ output14/X (sky130_fd_sc_hd__buf_2)
                                                         ImmSrc[0] (net)
                      0.169166    0.000242    5.591764 ^ ImmSrc[0] (out)
                                              5.591764   data arrival time

                      0.000000    0.000000    0.000000   clock clk (rise edge)
                                  0.000000    0.000000   clock network delay (ideal)
                                  0.250000    0.250000   clock uncertainty
                                  0.000000    0.250000   clock reconvergence pessimism
                                 -5.000000   -4.750000   output external delay
                                             -4.750000   data required time
---------------------------------------------------------------------------------------------
                                             -4.750000   data required time
                                             -5.591764   data arrival time
---------------------------------------------------------------------------------------------
                                             10.341764   slack (MET)


Startpoint: func[3] (input port clocked by clk)
Endpoint: PCSrc (output port clocked by clk)
Path Group: clk
Path Type: min

Fanout         Cap        Slew       Delay        Time   Description
---------------------------------------------------------------------------------------------
                      0.000000    0.000000    0.000000   clock clk (rise edge)
                                  0.000000    0.000000   clock network delay (ideal)
                                  5.000000    5.000000 ^ input external delay
     1    0.003666    0.023488    0.013332    5.013332 ^ func[3] (in)
                                                         func[3] (net)
                      0.023488    0.000000    5.013332 ^ input4/A (sky130_fd_sc_hd__clkbuf_1)
     3    0.007207    0.093150    0.108246    5.121578 ^ input4/X (sky130_fd_sc_hd__clkbuf_1)
                                                         net4 (net)
                      0.093150    0.000071    5.121649 ^ _29_/C (sky130_fd_sc_hd__and4_1)
     1    0.002743    0.054046    0.186954    5.308603 ^ _29_/X (sky130_fd_sc_hd__and4_1)
                                                         _08_ (net)
                      0.054046    0.000024    5.308628 ^ _32_/A2 (sky130_fd_sc_hd__a21o_1)
     1    0.002629    0.033512    0.104440    5.413067 ^ _32_/X (sky130_fd_sc_hd__a21o_1)
                                                         net17 (net)
                      0.033512    0.000027    5.413094 ^ output17/A (sky130_fd_sc_hd__buf_2)
     1    0.034154    0.169599    0.193470    5.606564 ^ output17/X (sky130_fd_sc_hd__buf_2)
                                                         PCSrc (net)
                      0.169599    0.000260    5.606824 ^ PCSrc (out)
                                              5.606824   data arrival time

                      0.000000    0.000000    0.000000   clock clk (rise edge)
                                  0.000000    0.000000   clock network delay (ideal)
                                  0.250000    0.250000   clock uncertainty
                                  0.000000    0.250000   clock reconvergence pessimism
                                 -5.000000   -4.750000   output external delay
                                             -4.750000   data required time
---------------------------------------------------------------------------------------------
                                             -4.750000   data required time
                                             -5.606824   data arrival time
---------------------------------------------------------------------------------------------
                                             10.356825   slack (MET)



%OL_END_REPORT
%OL_CREATE_REPORT max.rpt

===========================================================================
report_checks -path_delay max (Setup)
============================================================================
======================= min_tt_025C_1v80 Corner ===================================

Startpoint: opcode[0] (input port clocked by clk)
Endpoint: ALUControl[0] (output port clocked by clk)
Path Group: clk
Path Type: max

Fanout         Cap        Slew       Delay        Time   Description
---------------------------------------------------------------------------------------------
                      0.000000    0.000000    0.000000   clock clk (rise edge)
                                  0.000000    0.000000   clock network delay (ideal)
                                  5.000000    5.000000 ^ input external delay
     1    0.002724    0.019407    0.010032    5.010032 ^ opcode[0] (in)
                                                         opcode[0] (net)
                      0.019407    0.000000    5.010032 ^ input5/A (sky130_fd_sc_hd__buf_1)
     3    0.010731    0.132919    0.134623    5.144656 ^ input5/X (sky130_fd_sc_hd__buf_1)
                                                         net5 (net)
                      0.132919    0.000062    5.144718 ^ fanout23/A (sky130_fd_sc_hd__buf_1)
     6    0.015352    0.186122    0.203511    5.348229 ^ fanout23/X (sky130_fd_sc_hd__buf_1)
                                                         net23 (net)
                      0.186122    0.000171    5.348401 ^ _15_/B (sky130_fd_sc_hd__nand2b_1)
     3    0.008399    0.083614    0.117174    5.465575 v _15_/Y (sky130_fd_sc_hd__nand2b_1)
                                                         _02_ (net)
                      0.083614    0.000083    5.465658 v _18_/D (sky130_fd_sc_hd__nor4_1)
     2    0.006642    0.361320    0.280076    5.745733 ^ _18_/Y (sky130_fd_sc_hd__nor4_1)
                                                         _03_ (net)
                      0.361320    0.000058    5.745791 ^ max_cap20/A (sky130_fd_sc_hd__clkbuf_1)
     2    0.005560    0.076746    0.152104    5.897895 ^ max_cap20/X (sky130_fd_sc_hd__clkbuf_1)
                                                         net20 (net)
                      0.076746    0.000048    5.897943 ^ _22_/A1 (sky130_fd_sc_hd__a221o_1)
     1    0.002302    0.043629    0.135869    6.033813 ^ _22_/X (sky130_fd_sc_hd__a221o_1)
                                                         net9 (net)
                      0.043629    0.000021    6.033834 ^ output9/A (sky130_fd_sc_hd__buf_2)
     1    0.034320    0.170375    0.197900    6.231733 ^ output9/X (sky130_fd_sc_hd__buf_2)
                                                         ALUControl[0] (net)
                      0.170375    0.000254    6.231987 ^ ALUControl[0] (out)
                                              6.231987   data arrival time

                      0.000000   25.000000   25.000000   clock clk (rise edge)
                                  0.000000   25.000000   clock network delay (ideal)
                                 -0.250000   24.750000   clock uncertainty
                                  0.000000   24.750000   clock reconvergence pessimism
                                 -5.000000   19.750000   output external delay
                                             19.750000   data required time
---------------------------------------------------------------------------------------------
                                             19.750000   data required time
                                             -6.231987   data arrival time
---------------------------------------------------------------------------------------------
                                             13.518012   slack (MET)


Startpoint: opcode[0] (input port clocked by clk)
Endpoint: ALUControl[1] (output port clocked by clk)
Path Group: clk
Path Type: max

Fanout         Cap        Slew       Delay        Time   Description
---------------------------------------------------------------------------------------------
                      0.000000    0.000000    0.000000   clock clk (rise edge)
                                  0.000000    0.000000   clock network delay (ideal)
                                  5.000000    5.000000 ^ input external delay
     1    0.002724    0.019407    0.010032    5.010032 ^ opcode[0] (in)
                                                         opcode[0] (net)
                      0.019407    0.000000    5.010032 ^ input5/A (sky130_fd_sc_hd__buf_1)
     3    0.010731    0.132919    0.134623    5.144656 ^ input5/X (sky130_fd_sc_hd__buf_1)
                                                         net5 (net)
                      0.132919    0.000062    5.144718 ^ fanout23/A (sky130_fd_sc_hd__buf_1)
     6    0.015352    0.186122    0.203511    5.348229 ^ fanout23/X (sky130_fd_sc_hd__buf_1)
                                                         net23 (net)
                      0.186122    0.000171    5.348401 ^ _15_/B (sky130_fd_sc_hd__nand2b_1)
     3    0.008399    0.083614    0.117174    5.465575 v _15_/Y (sky130_fd_sc_hd__nand2b_1)
                                                         _02_ (net)
                      0.083614    0.000083    5.465658 v _18_/D (sky130_fd_sc_hd__nor4_1)
     2    0.006642    0.361320    0.280076    5.745733 ^ _18_/Y (sky130_fd_sc_hd__nor4_1)
                                                         _03_ (net)
                      0.361320    0.000058    5.745791 ^ max_cap20/A (sky130_fd_sc_hd__clkbuf_1)
     2    0.005560    0.076746    0.152104    5.897895 ^ max_cap20/X (sky130_fd_sc_hd__clkbuf_1)
                                                         net20 (net)
                      0.076746    0.000042    5.897937 ^ _25_/B2 (sky130_fd_sc_hd__a22o_1)
     1    0.002221    0.041167    0.119152    6.017089 ^ _25_/X (sky130_fd_sc_hd__a22o_1)
                                                         net10 (net)
                      0.041167    0.000020    6.017109 ^ output10/A (sky130_fd_sc_hd__buf_2)
     1    0.034058    0.169144    0.196136    6.213246 ^ output10/X (sky130_fd_sc_hd__buf_2)
                                                         ALUControl[1] (net)
                      0.169144    0.000183    6.213429 ^ ALUControl[1] (out)
                                              6.213429   data arrival time

                      0.000000   25.000000   25.000000   clock clk (rise edge)
                                  0.000000   25.000000   clock network delay (ideal)
                                 -0.250000   24.750000   clock uncertainty
                                  0.000000   24.750000   clock reconvergence pessimism
                                 -5.000000   19.750000   output external delay
                                             19.750000   data required time
---------------------------------------------------------------------------------------------
                                             19.750000   data required time
                                             -6.213429   data arrival time
---------------------------------------------------------------------------------------------
                                             13.536571   slack (MET)


Startpoint: opcode[0] (input port clocked by clk)
Endpoint: ALUControl[2] (output port clocked by clk)
Path Group: clk
Path Type: max

Fanout         Cap        Slew       Delay        Time   Description
---------------------------------------------------------------------------------------------
                      0.000000    0.000000    0.000000   clock clk (rise edge)
                                  0.000000    0.000000   clock network delay (ideal)
                                  5.000000    5.000000 ^ input external delay
     1    0.002724    0.019407    0.010032    5.010032 ^ opcode[0] (in)
                                                         opcode[0] (net)
                      0.019407    0.000000    5.010032 ^ input5/A (sky130_fd_sc_hd__buf_1)
     3    0.010731    0.132919    0.134623    5.144656 ^ input5/X (sky130_fd_sc_hd__buf_1)
                                                         net5 (net)
                      0.132919    0.000062    5.144718 ^ fanout23/A (sky130_fd_sc_hd__buf_1)
     6    0.015352    0.186122    0.203511    5.348229 ^ fanout23/X (sky130_fd_sc_hd__buf_1)
                                                         net23 (net)
                      0.186122    0.000171    5.348401 ^ _15_/B (sky130_fd_sc_hd__nand2b_1)
     3    0.008399    0.083614    0.117174    5.465575 v _15_/Y (sky130_fd_sc_hd__nand2b_1)
                                                         _02_ (net)
                      0.083614    0.000083    5.465658 v _18_/D (sky130_fd_sc_hd__nor4_1)
     2    0.006642    0.361320    0.280076    5.745733 ^ _18_/Y (sky130_fd_sc_hd__nor4_1)
                                                         _03_ (net)
                      0.361320    0.000075    5.745809 ^ _26_/A3 (sky130_fd_sc_hd__a32o_1)
     1    0.002188    0.049856    0.210065    5.955874 ^ _26_/X (sky130_fd_sc_hd__a32o_1)
                                                         net11 (net)
                      0.049856    0.000019    5.955893 ^ output11/A (sky130_fd_sc_hd__buf_2)
     1    0.034492    0.171198    0.200755    6.156647 ^ output11/X (sky130_fd_sc_hd__buf_2)
                                                         ALUControl[2] (net)
                      0.171198    0.000403    6.157050 ^ ALUControl[2] (out)
                                              6.157050   data arrival time

                      0.000000   25.000000   25.000000   clock clk (rise edge)
                                  0.000000   25.000000   clock network delay (ideal)
                                 -0.250000   24.750000   clock uncertainty
                                  0.000000   24.750000   clock reconvergence pessimism
                                 -5.000000   19.750000   output external delay
                                             19.750000   data required time
---------------------------------------------------------------------------------------------
                                             19.750000   data required time
                                             -6.157050   data arrival time
---------------------------------------------------------------------------------------------
                                             13.592949   slack (MET)


Startpoint: opcode[2] (input port clocked by clk)
Endpoint: PCSrc (output port clocked by clk)
Path Group: clk
Path Type: max

Fanout         Cap        Slew       Delay        Time   Description
---------------------------------------------------------------------------------------------
                      0.000000    0.000000    0.000000   clock clk (rise edge)
                                  0.000000    0.000000   clock network delay (ideal)
                                  5.000000    5.000000 v input external delay
     1    0.002503    0.007945    0.003914    5.003914 v opcode[2] (in)
                                                         opcode[2] (net)
                      0.007945    0.000000    5.003914 v input7/A (sky130_fd_sc_hd__buf_1)
     3    0.009676    0.062651    0.103292    5.107207 v input7/X (sky130_fd_sc_hd__buf_1)
                                                         net7 (net)
                      0.062651    0.000084    5.107291 v fanout22/A (sky130_fd_sc_hd__buf_1)
     6    0.014400    0.088607    0.146611    5.253901 v fanout22/X (sky130_fd_sc_hd__buf_1)
                                                         net22 (net)
                      0.088607    0.000095    5.253996 v _28_/C (sky130_fd_sc_hd__and3b_1)
     2    0.004316    0.043494    0.200148    5.454145 v _28_/X (sky130_fd_sc_hd__and3b_1)
                                                         net15 (net)
                      0.043494    0.000025    5.454170 v _31_/B1 (sky130_fd_sc_hd__a31o_1)
     1    0.002639    0.035893    0.176852    5.631022 v _31_/X (sky130_fd_sc_hd__a31o_1)
                                                         _10_ (net)
                      0.035893    0.000024    5.631045 v _32_/B1 (sky130_fd_sc_hd__a21o_1)
     1    0.002469    0.031435    0.142522    5.773568 v _32_/X (sky130_fd_sc_hd__a21o_1)
                                                         net17 (net)
                      0.031435    0.000024    5.773592 v output17/A (sky130_fd_sc_hd__buf_2)
     1    0.034154    0.089186    0.174363    5.947955 v output17/X (sky130_fd_sc_hd__buf_2)
                                                         PCSrc (net)
                      0.089186    0.000260    5.948215 v PCSrc (out)
                                              5.948215   data arrival time

                      0.000000   25.000000   25.000000   clock clk (rise edge)
                                  0.000000   25.000000   clock network delay (ideal)
                                 -0.250000   24.750000   clock uncertainty
                                  0.000000   24.750000   clock reconvergence pessimism
                                 -5.000000   19.750000   output external delay
                                             19.750000   data required time
---------------------------------------------------------------------------------------------
                                             19.750000   data required time
                                             -5.948215   data arrival time
---------------------------------------------------------------------------------------------
                                             13.801785   slack (MET)


Startpoint: opcode[2] (input port clocked by clk)
Endpoint: ALUControl[3] (output port clocked by clk)
Path Group: clk
Path Type: max

Fanout         Cap        Slew       Delay        Time   Description
---------------------------------------------------------------------------------------------
                      0.000000    0.000000    0.000000   clock clk (rise edge)
                                  0.000000    0.000000   clock network delay (ideal)
                                  5.000000    5.000000 v input external delay
     1    0.002503    0.007945    0.003914    5.003914 v opcode[2] (in)
                                                         opcode[2] (net)
                      0.007945    0.000000    5.003914 v input7/A (sky130_fd_sc_hd__buf_1)
     3    0.009676    0.062651    0.103292    5.107207 v input7/X (sky130_fd_sc_hd__buf_1)
                                                         net7 (net)
                      0.062651    0.000114    5.107320 v _21_/A (sky130_fd_sc_hd__nor3_1)
     1    0.003244    0.161061    0.190240    5.297560 ^ _21_/Y (sky130_fd_sc_hd__nor3_1)
                                                         _05_ (net)
                      0.161061    0.000038    5.297598 ^ wire21/A (sky130_fd_sc_hd__buf_1)
     4    0.011477    0.141857    0.176703    5.474301 ^ wire21/X (sky130_fd_sc_hd__buf_1)
                                                         net21 (net)
                      0.141857    0.000072    5.474373 ^ _27_/B (sky130_fd_sc_hd__and2_1)
     1    0.002180    0.041869    0.136005    5.610378 ^ _27_/X (sky130_fd_sc_hd__and2_1)
                                                         net12 (net)
                      0.041869    0.000019    5.610397 ^ output12/A (sky130_fd_sc_hd__buf_2)
     1    0.034126    0.169446    0.196597    5.806994 ^ output12/X (sky130_fd_sc_hd__buf_2)
                                                         ALUControl[3] (net)
                      0.169446    0.000233    5.807227 ^ ALUControl[3] (out)
                                              5.807227   data arrival time

                      0.000000   25.000000   25.000000   clock clk (rise edge)
                                  0.000000   25.000000   clock network delay (ideal)
                                 -0.250000   24.750000   clock uncertainty
                                  0.000000   24.750000   clock reconvergence pessimism
                                 -5.000000   19.750000   output external delay
                                             19.750000   data required time
---------------------------------------------------------------------------------------------
                                             19.750000   data required time
                                             -5.807227   data arrival time
---------------------------------------------------------------------------------------------
                                             13.942773   slack (MET)


Startpoint: opcode[2] (input port clocked by clk)
Endpoint: ResultSrc (output port clocked by clk)
Path Group: clk
Path Type: max

Fanout         Cap        Slew       Delay        Time   Description
---------------------------------------------------------------------------------------------
                      0.000000    0.000000    0.000000   clock clk (rise edge)
                                  0.000000    0.000000   clock network delay (ideal)
                                  5.000000    5.000000 v input external delay
     1    0.002503    0.007945    0.003914    5.003914 v opcode[2] (in)
                                                         opcode[2] (net)
                      0.007945    0.000000    5.003914 v input7/A (sky130_fd_sc_hd__buf_1)
     3    0.009676    0.062651    0.103292    5.107207 v input7/X (sky130_fd_sc_hd__buf_1)
                                                         net7 (net)
                      0.062651    0.000084    5.107291 v fanout22/A (sky130_fd_sc_hd__buf_1)
     6    0.014400    0.088607    0.146611    5.253901 v fanout22/X (sky130_fd_sc_hd__buf_1)
                                                         net22 (net)
                      0.088607    0.000183    5.254085 v _12_/A (sky130_fd_sc_hd__or2_1)
     2    0.004881    0.057578    0.249487    5.503571 v _12_/X (sky130_fd_sc_hd__or2_1)
                                                         _01_ (net)
                      0.057578    0.000040    5.503611 v _13_/B (sky130_fd_sc_hd__nor2_1)
     1    0.002278    0.071317    0.079328    5.582939 ^ _13_/Y (sky130_fd_sc_hd__nor2_1)
                                                         net19 (net)
                      0.071317    0.000012    5.582952 ^ output19/A (sky130_fd_sc_hd__buf_2)
     1    0.034077    0.169321    0.207455    5.790407 ^ output19/X (sky130_fd_sc_hd__buf_2)
                                                         ResultSrc (net)
                      0.169321    0.000226    5.790632 ^ ResultSrc (out)
                                              5.790632   data arrival time

                      0.000000   25.000000   25.000000   clock clk (rise edge)
                                  0.000000   25.000000   clock network delay (ideal)
                                 -0.250000   24.750000   clock uncertainty
                                  0.000000   24.750000   clock reconvergence pessimism
                                 -5.000000   19.750000   output external delay
                                             19.750000   data required time
---------------------------------------------------------------------------------------------
                                             19.750000   data required time
                                             -5.790632   data arrival time
---------------------------------------------------------------------------------------------
                                             13.959368   slack (MET)


Startpoint: opcode[2] (input port clocked by clk)
Endpoint: ALUSrc (output port clocked by clk)
Path Group: clk
Path Type: max

Fanout         Cap        Slew       Delay        Time   Description
---------------------------------------------------------------------------------------------
                      0.000000    0.000000    0.000000   clock clk (rise edge)
                                  0.000000    0.000000   clock network delay (ideal)
                                  5.000000    5.000000 v input external delay
     1    0.002503    0.007945    0.003914    5.003914 v opcode[2] (in)
                                                         opcode[2] (net)
                      0.007945    0.000000    5.003914 v input7/A (sky130_fd_sc_hd__buf_1)
     3    0.009676    0.062651    0.103292    5.107207 v input7/X (sky130_fd_sc_hd__buf_1)
                                                         net7 (net)
                      0.062651    0.000084    5.107291 v fanout22/A (sky130_fd_sc_hd__buf_1)
     6    0.014400    0.088607    0.146611    5.253901 v fanout22/X (sky130_fd_sc_hd__buf_1)
                                                         net22 (net)
                      0.088607    0.000183    5.254085 v _12_/A (sky130_fd_sc_hd__or2_1)
     2    0.004881    0.057578    0.249487    5.503571 v _12_/X (sky130_fd_sc_hd__or2_1)
                                                         _01_ (net)
                      0.057578    0.000039    5.503610 v _16_/A (sky130_fd_sc_hd__nand2_1)
     1    0.002707    0.047204    0.058257    5.561867 ^ _16_/Y (sky130_fd_sc_hd__nand2_1)
                                                         net13 (net)
                      0.047204    0.000030    5.561896 ^ output13/A (sky130_fd_sc_hd__buf_2)
     1    0.034190    0.169764    0.198834    5.760730 ^ output13/X (sky130_fd_sc_hd__buf_2)
                                                         ALUSrc (net)
                      0.169764    0.000260    5.760991 ^ ALUSrc (out)
                                              5.760991   data arrival time

                      0.000000   25.000000   25.000000   clock clk (rise edge)
                                  0.000000   25.000000   clock network delay (ideal)
                                 -0.250000   24.750000   clock uncertainty
                                  0.000000   24.750000   clock reconvergence pessimism
                                 -5.000000   19.750000   output external delay
                                             19.750000   data required time
---------------------------------------------------------------------------------------------
                                             19.750000   data required time
                                             -5.760991   data arrival time
---------------------------------------------------------------------------------------------
                                             13.989010   slack (MET)


Startpoint: opcode[0] (input port clocked by clk)
Endpoint: RegWrite (output port clocked by clk)
Path Group: clk
Path Type: max

Fanout         Cap        Slew       Delay        Time   Description
---------------------------------------------------------------------------------------------
                      0.000000    0.000000    0.000000   clock clk (rise edge)
                                  0.000000    0.000000   clock network delay (ideal)
                                  5.000000    5.000000 ^ input external delay
     1    0.002724    0.019407    0.010032    5.010032 ^ opcode[0] (in)
                                                         opcode[0] (net)
                      0.019407    0.000000    5.010032 ^ input5/A (sky130_fd_sc_hd__buf_1)
     3    0.010731    0.132919    0.134623    5.144656 ^ input5/X (sky130_fd_sc_hd__buf_1)
                                                         net5 (net)
                      0.132919    0.000062    5.144718 ^ fanout23/A (sky130_fd_sc_hd__buf_1)
     6    0.015352    0.186122    0.203511    5.348229 ^ fanout23/X (sky130_fd_sc_hd__buf_1)
                                                         net23 (net)
                      0.186122    0.000171    5.348401 ^ _15_/B (sky130_fd_sc_hd__nand2b_1)
     3    0.008399    0.083614    0.117174    5.465575 v _15_/Y (sky130_fd_sc_hd__nand2b_1)
                                                         _02_ (net)
                      0.083614    0.000035    5.465610 v _17_/B1 (sky130_fd_sc_hd__o21ai_1)
     1    0.002112    0.088749    0.078797    5.544406 ^ _17_/Y (sky130_fd_sc_hd__o21ai_1)
                                                         net18 (net)
                      0.088749    0.000018    5.544424 ^ output18/A (sky130_fd_sc_hd__buf_2)
     1    0.034358    0.170724    0.214848    5.759272 ^ output18/X (sky130_fd_sc_hd__buf_2)
                                                         RegWrite (net)
                      0.170724    0.000176    5.759449 ^ RegWrite (out)
                                              5.759449   data arrival time

                      0.000000   25.000000   25.000000   clock clk (rise edge)
                                  0.000000   25.000000   clock network delay (ideal)
                                 -0.250000   24.750000   clock uncertainty
                                  0.000000   24.750000   clock reconvergence pessimism
                                 -5.000000   19.750000   output external delay
                                             19.750000   data required time
---------------------------------------------------------------------------------------------
                                             19.750000   data required time
                                             -5.759449   data arrival time
---------------------------------------------------------------------------------------------
                                             13.990551   slack (MET)


Startpoint: opcode[2] (input port clocked by clk)
Endpoint: ImmSrc[0] (output port clocked by clk)
Path Group: clk
Path Type: max

Fanout         Cap        Slew       Delay        Time   Description
---------------------------------------------------------------------------------------------
                      0.000000    0.000000    0.000000   clock clk (rise edge)
                                  0.000000    0.000000   clock network delay (ideal)
                                  5.000000    5.000000 ^ input external delay
     1    0.002679    0.019214    0.009872    5.009872 ^ opcode[2] (in)
                                                         opcode[2] (net)
                      0.019214    0.000000    5.009872 ^ input7/A (sky130_fd_sc_hd__buf_1)
     3    0.010261    0.127590    0.130868    5.140739 ^ input7/X (sky130_fd_sc_hd__buf_1)
                                                         net7 (net)
                      0.127590    0.000089    5.140829 ^ fanout22/A (sky130_fd_sc_hd__buf_1)
     6    0.015269    0.185201    0.202088    5.342916 ^ fanout22/X (sky130_fd_sc_hd__buf_1)
                                                         net22 (net)
                      0.185201    0.000122    5.343039 ^ _20_/C (sky130_fd_sc_hd__and3b_1)
     2    0.006146    0.079062    0.205273    5.548311 ^ _20_/X (sky130_fd_sc_hd__and3b_1)
                                                         net14 (net)
                      0.079062    0.000048    5.548360 ^ output14/A (sky130_fd_sc_hd__buf_2)
     1    0.034034    0.169171    0.210156    5.758516 ^ output14/X (sky130_fd_sc_hd__buf_2)
                                                         ImmSrc[0] (net)
                      0.169171    0.000242    5.758758 ^ ImmSrc[0] (out)
                                              5.758758   data arrival time

                      0.000000   25.000000   25.000000   clock clk (rise edge)
                                  0.000000   25.000000   clock network delay (ideal)
                                 -0.250000   24.750000   clock uncertainty
                                  0.000000   24.750000   clock reconvergence pessimism
                                 -5.000000   19.750000   output external delay
                                             19.750000   data required time
---------------------------------------------------------------------------------------------
                                             19.750000   data required time
                                             -5.758758   data arrival time
---------------------------------------------------------------------------------------------
                                             13.991241   slack (MET)


Startpoint: opcode[0] (input port clocked by clk)
Endpoint: ImmSrc[1] (output port clocked by clk)
Path Group: clk
Path Type: max

Fanout         Cap        Slew       Delay        Time   Description
---------------------------------------------------------------------------------------------
                      0.000000    0.000000    0.000000   clock clk (rise edge)
                                  0.000000    0.000000   clock network delay (ideal)
                                  5.000000    5.000000 ^ input external delay
     1    0.002724    0.019407    0.010032    5.010032 ^ opcode[0] (in)
                                                         opcode[0] (net)
                      0.019407    0.000000    5.010032 ^ input5/A (sky130_fd_sc_hd__buf_1)
     3    0.010731    0.132919    0.134623    5.144656 ^ input5/X (sky130_fd_sc_hd__buf_1)
                                                         net5 (net)
                      0.132919    0.000062    5.144718 ^ fanout23/A (sky130_fd_sc_hd__buf_1)
     6    0.015352    0.186122    0.203511    5.348229 ^ fanout23/X (sky130_fd_sc_hd__buf_1)
                                                         net23 (net)
                      0.186122    0.000116    5.348345 ^ _28_/B (sky130_fd_sc_hd__and3b_1)
     2    0.004814    0.067643    0.195505    5.543850 ^ _28_/X (sky130_fd_sc_hd__and3b_1)
                                                         net15 (net)
                      0.067643    0.000014    5.543864 ^ output15/A (sky130_fd_sc_hd__buf_2)
     1    0.034103    0.169426    0.206177    5.750041 ^ output15/X (sky130_fd_sc_hd__buf_2)
                                                         ImmSrc[1] (net)
                      0.169426    0.000242    5.750284 ^ ImmSrc[1] (out)
                                              5.750284   data arrival time

                      0.000000   25.000000   25.000000   clock clk (rise edge)
                                  0.000000   25.000000   clock network delay (ideal)
                                 -0.250000   24.750000   clock uncertainty
                                  0.000000   24.750000   clock reconvergence pessimism
                                 -5.000000   19.750000   output external delay
                                             19.750000   data required time
---------------------------------------------------------------------------------------------
                                             19.750000   data required time
                                             -5.750284   data arrival time
---------------------------------------------------------------------------------------------
                                             13.999716   slack (MET)


Startpoint: opcode[0] (input port clocked by clk)
Endpoint: MemWrite (output port clocked by clk)
Path Group: clk
Path Type: max

Fanout         Cap        Slew       Delay        Time   Description
---------------------------------------------------------------------------------------------
                      0.000000    0.000000    0.000000   clock clk (rise edge)
                                  0.000000    0.000000   clock network delay (ideal)
                                  5.000000    5.000000 ^ input external delay
     1    0.002724    0.019407    0.010032    5.010032 ^ opcode[0] (in)
                                                         opcode[0] (net)
                      0.019407    0.000000    5.010032 ^ input5/A (sky130_fd_sc_hd__buf_1)
     3    0.010731    0.132919    0.134623    5.144656 ^ input5/X (sky130_fd_sc_hd__buf_1)
                                                         net5 (net)
                      0.132919    0.000062    5.144718 ^ fanout23/A (sky130_fd_sc_hd__buf_1)
     6    0.015352    0.186122    0.203511    5.348229 ^ fanout23/X (sky130_fd_sc_hd__buf_1)
                                                         net23 (net)
                      0.186122    0.000075    5.348304 ^ _14_/B (sky130_fd_sc_hd__and3b_1)
     1    0.002372    0.047128    0.175584    5.523888 ^ _14_/X (sky130_fd_sc_hd__and3b_1)
                                                         net16 (net)
                      0.047128    0.000022    5.523910 ^ output16/A (sky130_fd_sc_hd__buf_2)
     1    0.034446    0.170979    0.199572    5.723482 ^ output16/X (sky130_fd_sc_hd__buf_2)
                                                         MemWrite (net)
                      0.170979    0.000375    5.723857 ^ MemWrite (out)
                                              5.723857   data arrival time

                      0.000000   25.000000   25.000000   clock clk (rise edge)
                                  0.000000   25.000000   clock network delay (ideal)
                                 -0.250000   24.750000   clock uncertainty
                                  0.000000   24.750000   clock reconvergence pessimism
                                 -5.000000   19.750000   output external delay
                                             19.750000   data required time
---------------------------------------------------------------------------------------------
                                             19.750000   data required time
                                             -5.723857   data arrival time
---------------------------------------------------------------------------------------------
                                             14.026142   slack (MET)



%OL_END_REPORT
%OL_CREATE_REPORT checks.rpt

===========================================================================
report_checks -unconstrained
===========================================================================
======================= min_tt_025C_1v80 Corner ===================================

Startpoint: opcode[0] (input port clocked by clk)
Endpoint: ALUControl[0] (output port clocked by clk)
Path Group: clk
Path Type: max

Fanout         Cap        Slew       Delay        Time   Description
---------------------------------------------------------------------------------------------
                      0.000000    0.000000    0.000000   clock clk (rise edge)
                                  0.000000    0.000000   clock network delay (ideal)
                                  5.000000    5.000000 ^ input external delay
     1    0.002724    0.019407    0.010032    5.010032 ^ opcode[0] (in)
                                                         opcode[0] (net)
                      0.019407    0.000000    5.010032 ^ input5/A (sky130_fd_sc_hd__buf_1)
     3    0.010731    0.132919    0.134623    5.144656 ^ input5/X (sky130_fd_sc_hd__buf_1)
                                                         net5 (net)
                      0.132919    0.000062    5.144718 ^ fanout23/A (sky130_fd_sc_hd__buf_1)
     6    0.015352    0.186122    0.203511    5.348229 ^ fanout23/X (sky130_fd_sc_hd__buf_1)
                                                         net23 (net)
                      0.186122    0.000171    5.348401 ^ _15_/B (sky130_fd_sc_hd__nand2b_1)
     3    0.008399    0.083614    0.117174    5.465575 v _15_/Y (sky130_fd_sc_hd__nand2b_1)
                                                         _02_ (net)
                      0.083614    0.000083    5.465658 v _18_/D (sky130_fd_sc_hd__nor4_1)
     2    0.006642    0.361320    0.280076    5.745733 ^ _18_/Y (sky130_fd_sc_hd__nor4_1)
                                                         _03_ (net)
                      0.361320    0.000058    5.745791 ^ max_cap20/A (sky130_fd_sc_hd__clkbuf_1)
     2    0.005560    0.076746    0.152104    5.897895 ^ max_cap20/X (sky130_fd_sc_hd__clkbuf_1)
                                                         net20 (net)
                      0.076746    0.000048    5.897943 ^ _22_/A1 (sky130_fd_sc_hd__a221o_1)
     1    0.002302    0.043629    0.135869    6.033813 ^ _22_/X (sky130_fd_sc_hd__a221o_1)
                                                         net9 (net)
                      0.043629    0.000021    6.033834 ^ output9/A (sky130_fd_sc_hd__buf_2)
     1    0.034320    0.170375    0.197900    6.231733 ^ output9/X (sky130_fd_sc_hd__buf_2)
                                                         ALUControl[0] (net)
                      0.170375    0.000254    6.231987 ^ ALUControl[0] (out)
                                              6.231987   data arrival time

                      0.000000   25.000000   25.000000   clock clk (rise edge)
                                  0.000000   25.000000   clock network delay (ideal)
                                 -0.250000   24.750000   clock uncertainty
                                  0.000000   24.750000   clock reconvergence pessimism
                                 -5.000000   19.750000   output external delay
                                             19.750000   data required time
---------------------------------------------------------------------------------------------
                                             19.750000   data required time
                                             -6.231987   data arrival time
---------------------------------------------------------------------------------------------
                                             13.518012   slack (MET)




===========================================================================
report_checks --slack_max -0.01
============================================================================
======================= min_tt_025C_1v80 Corner ===================================

No paths found.


===========================================================================
 report_check_types -max_slew -max_cap -max_fanout -violators
============================================================================
======================= min_tt_025C_1v80 Corner ===================================



===========================================================================
report_parasitic_annotation -report_unannotated
============================================================================
Found 0 unannotated drivers.
Found 0 partially unannotated drivers.

===========================================================================
max slew violation count 0
%OL_METRIC_I design__max_slew_violation__count__corner:min_tt_025C_1v80 0
max fanout violation count 0
%OL_METRIC_I design__max_fanout_violation__count__corner:min_tt_025C_1v80 0
max cap violation count 0
%OL_METRIC_I design__max_cap_violation__count__corner:min_tt_025C_1v80 0
============================================================================

===========================================================================
check_setup -verbose -unconstrained_endpoints -multiple_clock -no_clock -no_input_delay -loops -generated_clocks
===========================================================================
%OL_END_REPORT
%OL_CREATE_REPORT power.rpt

===========================================================================
 report_power
============================================================================
======================= min_tt_025C_1v80 Corner ===================================

Group                    Internal    Switching      Leakage        Total
                            Power        Power        Power        Power (Watts)
------------------------------------------------------------------------
Sequential           0.000000e+00 0.000000e+00 0.000000e+00 0.000000e+00   0.0%
Combinational        1.893364e-06 3.743696e-06 1.531018e-10 5.637213e-06 100.0%
Clock                0.000000e+00 0.000000e+00 1.036814e-10 1.036814e-10   0.0%
Macro                0.000000e+00 0.000000e+00 0.000000e+00 0.000000e+00   0.0%
Pad                  0.000000e+00 0.000000e+00 0.000000e+00 0.000000e+00   0.0%
------------------------------------------------------------------------
Total                1.893364e-06 3.743696e-06 2.567832e-10 5.637317e-06 100.0%
                            33.6%        66.4%         0.0%
%OL_METRIC_F power__internal__total 1.8933635601570131e-6
%OL_METRIC_F power__switching__total 3.7436961974890437e-6
%OL_METRIC_F power__leakage__total 2.567831780542207e-10
%OL_METRIC_F power__total 5.637316917272983e-6

%OL_END_REPORT
%OL_CREATE_REPORT skew.min.rpt

===========================================================================
Clock Skew (Hold)
============================================================================
%OL_METRIC_F clock__skew__worst_hold__corner:min_tt_025C_1v80 0.0
======================= min_tt_025C_1v80 Corner ===================================

Clock clk
No launch/capture paths found.

%OL_END_REPORT
%OL_CREATE_REPORT skew.max.rpt

===========================================================================
Clock Skew (Setup)
============================================================================
%OL_METRIC_F clock__skew__worst_setup__corner:min_tt_025C_1v80 0.0
======================= min_tt_025C_1v80 Corner ===================================

Clock clk
No launch/capture paths found.

%OL_END_REPORT
%OL_CREATE_REPORT ws.min.rpt

===========================================================================
Worst Slack (Hold)
============================================================================
%OL_METRIC_F timing__hold__ws__corner:min_tt_025C_1v80 10.137632353853846
min_tt_025C_1v80: 10.137632353853846
%OL_END_REPORT
%OL_CREATE_REPORT ws.max.rpt

===========================================================================
Worst Slack (Setup)
============================================================================
%OL_METRIC_F timing__setup__ws__corner:min_tt_025C_1v80 13.518011981305175
min_tt_025C_1v80: 13.518011981305175
%OL_END_REPORT
%OL_CREATE_REPORT tns.min.rpt

===========================================================================
Total Negative Slack (Hold)
============================================================================
%OL_METRIC_F timing__hold__tns__corner:min_tt_025C_1v80 0.0
min_tt_025C_1v80: 0.0
%OL_END_REPORT
%OL_CREATE_REPORT tns.max.rpt

===========================================================================
Total Negative Slack (Setup)
============================================================================
%OL_METRIC_F timing__setup__tns__corner:min_tt_025C_1v80 0.0
min_tt_025C_1v80: 0.0
%OL_END_REPORT
%OL_CREATE_REPORT wns.min.rpt

===========================================================================
Worst Negative Slack (Hold)
============================================================================
%OL_METRIC_F timing__hold__wns__corner:min_tt_025C_1v80 0
min_tt_025C_1v80: 0
%OL_END_REPORT
%OL_CREATE_REPORT wns.max.rpt

===========================================================================
Worst Negative Slack (Setup)
============================================================================
%OL_METRIC_F timing__setup__wns__corner:min_tt_025C_1v80 0.0
min_tt_025C_1v80: 0.0
%OL_END_REPORT
%OL_CREATE_REPORT violator_list.rpt

===========================================================================
Violator List
============================================================================
%OL_METRIC_I timing__hold_vio__count__corner:min_tt_025C_1v80 0
%OL_METRIC_F timing__hold_r2r__ws__corner:min_tt_025C_1v80 inf
%OL_METRIC_I timing__hold_r2r_vio__count__corner:min_tt_025C_1v80 0
%OL_METRIC_I timing__setup_vio__count__corner:min_tt_025C_1v80 0
%OL_METRIC_F timing__setup_r2r__ws__corner:min_tt_025C_1v80 inf
%OL_METRIC_I timing__setup_r2r_vio__count__corner:min_tt_025C_1v80 0
%OL_END_REPORT
%OL_CREATE_REPORT unpropagated.rpt
clk
%OL_END_REPORT
%OL_CREATE_REPORT clock.rpt
Clock: clk
Sources: 
Generated: no
Virtual: yes
Propagated: no
Period: 25.000000

===========================================================================
report_clock_properties
============================================================================
Clock                   Period          Waveform
----------------------------------------------------
clk                  25.000000    0.000000 12.500000

===========================================================================
report_clock_latency
============================================================================
Clock clk


===========================================================================
report_clock_min_period
============================================================================
clk period_min = 0.00 fmax = inf
%OL_END_REPORT
Writing SDF files for all corners…
Removing Clock latencies before writing libs…
Writing timing models for all corners…
Writing timing models for the min_tt_025C_1v80 corner to /home/githi/openlane2/my_designs/Control_unit/runs/RUN_2025-11-16_16-53-36/54-openroad-stapostpnr/min_tt_025C_1v80/Control_unit__min_tt_025C_1v80.lib…
