Reading OpenROAD database at '/home/kuman/my_designs/instruction_memory/runs/RUN_2025-11-17_17-05-55/24-openroad-ioplacement/Instruction_Memory_16.odb'…
Reading library file at '/home/kuman/.volare/volare/sky130/versions/0fe599b2afb6708d281543108caf8310912f54af/sky130A/libs.ref/sky130_fd_sc_hd/lib/sky130_fd_sc_hd__tt_025C_1v80.lib'…
Reading design constraints file at '/nix/store/ss2cw3sxbrwwx9jl0rrppbw4kgcmgi2n-python3-3.11.9-env/lib/python3.11/site-packages/openlane/scripts/base.sdc'…
[INFO] Using clock clk…
[INFO] Setting output delay to: 2
[INFO] Setting input delay to: 2
[INFO] Setting load to: 0.033442
[INFO] Setting clock uncertainty to: 0.25
[INFO] Setting clock transition to: 0.1499999999999999944488848768742172978818416595458984375
[INFO] Setting timing derate to: 5%
[INFO] Setting RC values…
[INFO] Setting signal min routing layer to: met1 and clock min routing layer to met1. 
[INFO] Setting signal max routing layer to: met5 and clock max routing layer to met5. 
+ global_placement -density 0.1675976 -timing_driven -routability_driven -pad_right 0 -pad_left 0 -init_wirelength_coef 0.25
[INFO GPL-0002] DBU: 1000
[INFO GPL-0003] SiteSize: (  0.460  2.720 ) um
[INFO GPL-0004] CoreBBox: (  5.520 10.880 ) ( 131.560 136.000 ) um
[INFO GPL-0006] NumInstances:               382
[INFO GPL-0007] NumPlaceInstances:           74
[INFO GPL-0008] NumFixedInstances:          308
[INFO GPL-0009] NumDummyInstances:            0
[INFO GPL-0010] NumNets:                     91
[INFO GPL-0011] NumPins:                    306
[INFO GPL-0012] DieBBox:  (  0.000  0.000 ) ( 137.195 147.915 ) um
[INFO GPL-0013] CoreBBox: (  5.520 10.880 ) ( 131.560 136.000 ) um
[INFO GPL-0016] CoreArea:             15770.125 um^2
[INFO GPL-0017] NonPlaceInstsArea:      615.590 um^2
[INFO GPL-0018] PlaceInstsArea:         795.763 um^2
[INFO GPL-0019] Util:                     5.251 %
[INFO GPL-0020] StdInstsArea:           795.763 um^2
[INFO GPL-0021] MacroInstsArea:           0.000 um^2
[InitialPlace]  Iter: 1 CG residual: 0.00000005 HPWL: 3354322
[InitialPlace]  Iter: 2 CG residual: 0.00000006 HPWL: 3015065
[InitialPlace]  Iter: 3 CG residual: 0.00000006 HPWL: 2841993
[InitialPlace]  Iter: 4 CG residual: 0.00000010 HPWL: 2690671
[InitialPlace]  Iter: 5 CG residual: 0.00000011 HPWL: 2608594
[INFO GPL-0031] FillerInit:NumGCells:       241
[INFO GPL-0032] FillerInit:NumGNets:         91
[INFO GPL-0033] FillerInit:NumGPins:        306
[INFO GPL-0023] TargetDensity:            0.168
[INFO GPL-0024] AvrgPlaceInstArea:       10.754 um^2
[INFO GPL-0025] IdealBinArea:            64.163 um^2
[INFO GPL-0026] IdealBinCnt:                245
[INFO GPL-0027] TotalBinArea:         15770.125 um^2
[INFO GPL-0028] BinCnt:         8      8
[INFO GPL-0029] BinSize: ( 15.755 15.640 )
[INFO GPL-0030] NumBins: 64
[NesterovSolve] Iter:    1 overflow: 0.323 HPWL: 2119140
[INFO GPL-0100] Timing-driven: executing resizer for reweighting nets.
[INFO GPL-0101] Timing-driven: worst slack 6.54e-09
[INFO GPL-0103] Timing-driven: weighted 8 nets.
[NesterovSolve] Snapshot saved at iter = 0
[INFO GPL-0100] Timing-driven: executing resizer for reweighting nets.
[INFO GPL-0101] Timing-driven: worst slack 6.56e-09
[INFO GPL-0103] Timing-driven: weighted 8 nets.
[INFO GPL-0075] Routability numCall: 1 inflationIterCnt: 1 bloatIterCnt: 0
[INFO GPL-0036] TileBBox: (    0    0 ) ( 6900 6900 ) DBU
[INFO GPL-0038] TileCnt:      19   21
[INFO GPL-0040] NumTiles: 399
[INFO GPL-0081] TotalRouteOverflow: 0
[INFO GPL-0082] OverflowTileCnt: 0
[INFO GPL-0083] 0.5%RC: 0.7506912350654602
[INFO GPL-0084] 1.0%RC: 0.6721377074718475
[INFO GPL-0085] 2.0%RC: 0.6196940690279007
[INFO GPL-0086] 5.0%RC: 0.5608579486608505
[INFO GPL-0087] FinalRC: 0.71141446
[INFO GPL-0077] FinalRC lower than targetRC(1.01), routability not needed.
[NesterovSolve] Iter:   10 overflow: 0.270 HPWL: 2317493
[NesterovSolve] Iter:   20 overflow: 0.284 HPWL: 2334713
[NesterovSolve] Iter:   30 overflow: 0.287 HPWL: 2336172
[NesterovSolve] Iter:   40 overflow: 0.286 HPWL: 2333207
[NesterovSolve] Iter:   50 overflow: 0.286 HPWL: 2331500
[NesterovSolve] Iter:   60 overflow: 0.287 HPWL: 2332610
[NesterovSolve] Iter:   70 overflow: 0.287 HPWL: 2333317
[NesterovSolve] Iter:   80 overflow: 0.287 HPWL: 2332633
[NesterovSolve] Iter:   90 overflow: 0.287 HPWL: 2332304
[NesterovSolve] Iter:  100 overflow: 0.287 HPWL: 2332593
[NesterovSolve] Iter:  110 overflow: 0.287 HPWL: 2332711
[NesterovSolve] Iter:  120 overflow: 0.287 HPWL: 2332405
[NesterovSolve] Iter:  130 overflow: 0.286 HPWL: 2332180
[NesterovSolve] Iter:  140 overflow: 0.286 HPWL: 2332100
[NesterovSolve] Iter:  150 overflow: 0.286 HPWL: 2331886
[NesterovSolve] Iter:  160 overflow: 0.286 HPWL: 2331622
[NesterovSolve] Iter:  170 overflow: 0.286 HPWL: 2331480
[NesterovSolve] Iter:  180 overflow: 0.286 HPWL: 2331728
[NesterovSolve] Iter:  190 overflow: 0.286 HPWL: 2332108
[NesterovSolve] Iter:  200 overflow: 0.286 HPWL: 2333000
[NesterovSolve] Iter:  210 overflow: 0.285 HPWL: 2333987
[NesterovSolve] Iter:  220 overflow: 0.285 HPWL: 2335842
[NesterovSolve] Iter:  230 overflow: 0.283 HPWL: 2338642
[NesterovSolve] Iter:  240 overflow: 0.282 HPWL: 2342025
[NesterovSolve] Iter:  250 overflow: 0.280 HPWL: 2347396
[NesterovSolve] Iter:  260 overflow: 0.276 HPWL: 2353635
[NesterovSolve] Iter:  270 overflow: 0.270 HPWL: 2361620
[NesterovSolve] Iter:  280 overflow: 0.265 HPWL: 2374013
[NesterovSolve] Iter:  290 overflow: 0.255 HPWL: 2387479
[NesterovSolve] Iter:  300 overflow: 0.239 HPWL: 2402342
[NesterovSolve] Iter:  310 overflow: 0.219 HPWL: 2417566
[INFO GPL-0100] Timing-driven: executing resizer for reweighting nets.
[INFO GPL-0101] Timing-driven: worst slack 6.57e-09
[INFO GPL-0103] Timing-driven: weighted 8 nets.
[NesterovSolve] Iter:  320 overflow: 0.192 HPWL: 2438469
[NesterovSolve] Iter:  330 overflow: 0.162 HPWL: 2444220
[INFO GPL-0100] Timing-driven: executing resizer for reweighting nets.
[INFO GPL-0101] Timing-driven: worst slack 6.58e-09
[INFO GPL-0103] Timing-driven: weighted 8 nets.
[NesterovSolve] Iter:  340 overflow: 0.132 HPWL: 2458656
[NesterovSolve] Iter:  350 overflow: 0.105 HPWL: 2464370
[NesterovSolve] Finished with Overflow: 0.097814
[INFO] Setting RC values…
Setting global connections for newly added cells…
[INFO] Setting global connections...
Updating metrics…
Cell type report:                       Count       Area
  Fill cell                                92     345.33
  Tap cell                                216     270.26
  Buffer                                    2      10.01
  Inverter                                  4      15.01
  Sequential cell                          14     297.79
  Multi-Input combinational cell           54     472.95
  Total                                   382    1411.35
Writing OpenROAD database to '/home/kuman/my_designs/instruction_memory/runs/RUN_2025-11-17_17-05-55/27-openroad-globalplacement/Instruction_Memory_16.odb'…
Writing netlist to '/home/kuman/my_designs/instruction_memory/runs/RUN_2025-11-17_17-05-55/27-openroad-globalplacement/Instruction_Memory_16.nl.v'…
Writing powered netlist to '/home/kuman/my_designs/instruction_memory/runs/RUN_2025-11-17_17-05-55/27-openroad-globalplacement/Instruction_Memory_16.pnl.v'…
Writing layout to '/home/kuman/my_designs/instruction_memory/runs/RUN_2025-11-17_17-05-55/27-openroad-globalplacement/Instruction_Memory_16.def'…
Writing timing constraints to '/home/kuman/my_designs/instruction_memory/runs/RUN_2025-11-17_17-05-55/27-openroad-globalplacement/Instruction_Memory_16.sdc'…
