
===========================================================================
report_checks -path_delay min (Hold)
============================================================================
======================= nom_ss_100C_1v60 Corner ===================================

Startpoint: SrcA[0] (input port clocked by __VIRTUAL_CLK__)
Endpoint: ALU_result[0] (output port clocked by __VIRTUAL_CLK__)
Path Group: __VIRTUAL_CLK__
Path Type: min

Fanout         Cap        Slew       Delay        Time   Description
---------------------------------------------------------------------------------------------
                      0.000000    0.000000    0.000000   clock __VIRTUAL_CLK__ (rise edge)
                                  0.000000    0.000000   clock network delay (ideal)
                                  5.000000    5.000000 ^ input external delay
     8    0.022703    0.171346    0.115258    5.115258 ^ SrcA[0] (in)
                                                         SrcA[0] (net)
                      0.171346    0.000000    5.115258 ^ _415_/A1 (sky130_fd_sc_hd__a211o_2)
     2    0.034872    0.268877    0.462006    5.577264 ^ _415_/X (sky130_fd_sc_hd__a211o_2)
                                                         ALU_result[0] (net)
                      0.268877    0.000000    5.577264 ^ ALU_result[0] (out)
                                              5.577264   data arrival time

                      0.000000    0.000000    0.000000   clock __VIRTUAL_CLK__ (rise edge)
                                  0.000000    0.000000   clock network delay (ideal)
                                  0.250000    0.250000   clock uncertainty
                                  0.000000    0.250000   clock reconvergence pessimism
                                 -5.000000   -4.750000   output external delay
                                             -4.750000   data required time
---------------------------------------------------------------------------------------------
                                             -4.750000   data required time
                                             -5.577264   data arrival time
---------------------------------------------------------------------------------------------
                                             10.327264   slack (MET)


Startpoint: ALU_control[3] (input port clocked by __VIRTUAL_CLK__)
Endpoint: ALU_result[10] (output port clocked by __VIRTUAL_CLK__)
Path Group: __VIRTUAL_CLK__
Path Type: min

Fanout         Cap        Slew       Delay        Time   Description
---------------------------------------------------------------------------------------------
                      0.000000    0.000000    0.000000   clock __VIRTUAL_CLK__ (rise edge)
                                  0.000000    0.000000   clock network delay (ideal)
                                  5.000000    5.000000 ^ input external delay
     9    0.019494    0.148866    0.099405    5.099405 ^ ALU_control[3] (in)
                                                         ALU_control[3] (net)
                      0.148866    0.000000    5.099405 ^ _417_/C (sky130_fd_sc_hd__or3_2)
     7    0.022103    0.189545    0.329556    5.428960 ^ _417_/X (sky130_fd_sc_hd__or3_2)
                                                         _371_ (net)
                      0.189545    0.000000    5.428960 ^ _662_/A1 (sky130_fd_sc_hd__o31ai_2)
     2    0.034828    0.301842    0.388070    5.817030 v _662_/Y (sky130_fd_sc_hd__o31ai_2)
                                                         ALU_result[10] (net)
                      0.301842    0.000000    5.817030 v ALU_result[10] (out)
                                              5.817030   data arrival time

                      0.000000    0.000000    0.000000   clock __VIRTUAL_CLK__ (rise edge)
                                  0.000000    0.000000   clock network delay (ideal)
                                  0.250000    0.250000   clock uncertainty
                                  0.000000    0.250000   clock reconvergence pessimism
                                 -5.000000   -4.750000   output external delay
                                             -4.750000   data required time
---------------------------------------------------------------------------------------------
                                             -4.750000   data required time
                                             -5.817030   data arrival time
---------------------------------------------------------------------------------------------
                                             10.567030   slack (MET)


Startpoint: ALU_control[3] (input port clocked by __VIRTUAL_CLK__)
Endpoint: ALU_result[9] (output port clocked by __VIRTUAL_CLK__)
Path Group: __VIRTUAL_CLK__
Path Type: min

Fanout         Cap        Slew       Delay        Time   Description
---------------------------------------------------------------------------------------------
                      0.000000    0.000000    0.000000   clock __VIRTUAL_CLK__ (rise edge)
                                  0.000000    0.000000   clock network delay (ideal)
                                  5.000000    5.000000 ^ input external delay
     9    0.019494    0.148866    0.099405    5.099405 ^ ALU_control[3] (in)
                                                         ALU_control[3] (net)
                      0.148866    0.000000    5.099405 ^ _417_/C (sky130_fd_sc_hd__or3_2)
     7    0.022103    0.189545    0.329556    5.428960 ^ _417_/X (sky130_fd_sc_hd__or3_2)
                                                         _371_ (net)
                      0.189545    0.000000    5.428960 ^ _639_/A1 (sky130_fd_sc_hd__o31ai_2)
     2    0.034833    0.298506    0.388101    5.817061 v _639_/Y (sky130_fd_sc_hd__o31ai_2)
                                                         ALU_result[9] (net)
                      0.298506    0.000000    5.817061 v ALU_result[9] (out)
                                              5.817061   data arrival time

                      0.000000    0.000000    0.000000   clock __VIRTUAL_CLK__ (rise edge)
                                  0.000000    0.000000   clock network delay (ideal)
                                  0.250000    0.250000   clock uncertainty
                                  0.000000    0.250000   clock reconvergence pessimism
                                 -5.000000   -4.750000   output external delay
                                             -4.750000   data required time
---------------------------------------------------------------------------------------------
                                             -4.750000   data required time
                                             -5.817061   data arrival time
---------------------------------------------------------------------------------------------
                                             10.567061   slack (MET)


Startpoint: ALU_control[2] (input port clocked by __VIRTUAL_CLK__)
Endpoint: ALU_result[1] (output port clocked by __VIRTUAL_CLK__)
Path Group: __VIRTUAL_CLK__
Path Type: min

Fanout         Cap        Slew       Delay        Time   Description
---------------------------------------------------------------------------------------------
                      0.000000    0.000000    0.000000   clock __VIRTUAL_CLK__ (rise edge)
                                  0.000000    0.000000   clock network delay (ideal)
                                  5.000000    5.000000 v input external delay
     9    0.020925    0.093262    0.064345    5.064345 v ALU_control[2] (in)
                                                         ALU_control[2] (net)
                      0.093262    0.000000    5.064345 v _385_/B (sky130_fd_sc_hd__nand3b_2)
     5    0.017842    0.175998    0.207133    5.271479 ^ _385_/Y (sky130_fd_sc_hd__nand3b_2)
                                                         _340_ (net)
                      0.175998    0.000000    5.271479 ^ _443_/B2 (sky130_fd_sc_hd__o22a_2)
     1    0.004617    0.072207    0.291178    5.562657 ^ _443_/X (sky130_fd_sc_hd__o22a_2)
                                                         _021_ (net)
                      0.072207    0.000000    5.562657 ^ _444_/B (sky130_fd_sc_hd__nand2_2)
     2    0.035024    0.303136    0.283243    5.845900 v _444_/Y (sky130_fd_sc_hd__nand2_2)
                                                         ALU_result[1] (net)
                      0.303136    0.000000    5.845900 v ALU_result[1] (out)
                                              5.845900   data arrival time

                      0.000000    0.000000    0.000000   clock __VIRTUAL_CLK__ (rise edge)
                                  0.000000    0.000000   clock network delay (ideal)
                                  0.250000    0.250000   clock uncertainty
                                  0.000000    0.250000   clock reconvergence pessimism
                                 -5.000000   -4.750000   output external delay
                                             -4.750000   data required time
---------------------------------------------------------------------------------------------
                                             -4.750000   data required time
                                             -5.845900   data arrival time
---------------------------------------------------------------------------------------------
                                             10.595900   slack (MET)


Startpoint: SrcA[15] (input port clocked by __VIRTUAL_CLK__)
Endpoint: ALU_result[15] (output port clocked by __VIRTUAL_CLK__)
Path Group: __VIRTUAL_CLK__
Path Type: min

Fanout         Cap        Slew       Delay        Time   Description
---------------------------------------------------------------------------------------------
                      0.000000    0.000000    0.000000   clock __VIRTUAL_CLK__ (rise edge)
                                  0.000000    0.000000   clock network delay (ideal)
                                  5.000000    5.000000 ^ input external delay
    15    0.038453    0.281683    0.193067    5.193067 ^ SrcA[15] (in)
                                                         SrcA[15] (net)
                      0.281683    0.000000    5.193067 ^ _757_/A1 (sky130_fd_sc_hd__a21oi_2)
     1    0.002288    0.034296    0.164494    5.357561 v _757_/Y (sky130_fd_sc_hd__a21oi_2)
                                                         _321_ (net)
                      0.034296    0.000000    5.357561 v _761_/B1 (sky130_fd_sc_hd__o211a_2)
     2    0.005717    0.060180    0.237598    5.595158 v _761_/X (sky130_fd_sc_hd__o211a_2)
                                                         _325_ (net)
                      0.060180    0.000000    5.595158 v _762_/B (sky130_fd_sc_hd__nand2_2)
     1    0.033442    0.286288    0.259146    5.854305 ^ _762_/Y (sky130_fd_sc_hd__nand2_2)
                                                         ALU_result[15] (net)
                      0.286288    0.000000    5.854305 ^ ALU_result[15] (out)
                                              5.854305   data arrival time

                      0.000000    0.000000    0.000000   clock __VIRTUAL_CLK__ (rise edge)
                                  0.000000    0.000000   clock network delay (ideal)
                                  0.250000    0.250000   clock uncertainty
                                  0.000000    0.250000   clock reconvergence pessimism
                                 -5.000000   -4.750000   output external delay
                                             -4.750000   data required time
---------------------------------------------------------------------------------------------
                                             -4.750000   data required time
                                             -5.854305   data arrival time
---------------------------------------------------------------------------------------------
                                             10.604305   slack (MET)


Startpoint: SrcA[8] (input port clocked by __VIRTUAL_CLK__)
Endpoint: ALU_result[8] (output port clocked by __VIRTUAL_CLK__)
Path Group: __VIRTUAL_CLK__
Path Type: min

Fanout         Cap        Slew       Delay        Time   Description
---------------------------------------------------------------------------------------------
                      0.000000    0.000000    0.000000   clock __VIRTUAL_CLK__ (rise edge)
                                  0.000000    0.000000   clock network delay (ideal)
                                  5.000000    5.000000 v input external delay
    13    0.028001    0.123244    0.085966    5.085966 v SrcA[8] (in)
                                                         SrcA[8] (net)
                      0.123244    0.000000    5.085966 v _621_/A (sky130_fd_sc_hd__nand2_2)
     2    0.003887    0.062345    0.107274    5.193240 ^ _621_/Y (sky130_fd_sc_hd__nand2_2)
                                                         _192_ (net)
                      0.062345    0.000000    5.193240 ^ _622_/B1 (sky130_fd_sc_hd__o211a_2)
     1    0.002514    0.076324    0.352162    5.545403 ^ _622_/X (sky130_fd_sc_hd__o211a_2)
                                                         _193_ (net)
                      0.076324    0.000000    5.545403 ^ _623_/C1 (sky130_fd_sc_hd__a211o_2)
     2    0.034956    0.269506    0.334937    5.880339 ^ _623_/X (sky130_fd_sc_hd__a211o_2)
                                                         ALU_result[8] (net)
                      0.269506    0.000000    5.880339 ^ ALU_result[8] (out)
                                              5.880339   data arrival time

                      0.000000    0.000000    0.000000   clock __VIRTUAL_CLK__ (rise edge)
                                  0.000000    0.000000   clock network delay (ideal)
                                  0.250000    0.250000   clock uncertainty
                                  0.000000    0.250000   clock reconvergence pessimism
                                 -5.000000   -4.750000   output external delay
                                             -4.750000   data required time
---------------------------------------------------------------------------------------------
                                             -4.750000   data required time
                                             -5.880339   data arrival time
---------------------------------------------------------------------------------------------
                                             10.630340   slack (MET)


Startpoint: SrcA[12] (input port clocked by __VIRTUAL_CLK__)
Endpoint: ALU_result[13] (output port clocked by __VIRTUAL_CLK__)
Path Group: __VIRTUAL_CLK__
Path Type: min

Fanout         Cap        Slew       Delay        Time   Description
---------------------------------------------------------------------------------------------
                      0.000000    0.000000    0.000000   clock __VIRTUAL_CLK__ (rise edge)
                                  0.000000    0.000000   clock network delay (ideal)
                                  5.000000    5.000000 v input external delay
    15    0.031670    0.138790    0.097177    5.097177 v SrcA[12] (in)
                                                         SrcA[12] (net)
                      0.138790    0.000000    5.097177 v _686_/A (sky130_fd_sc_hd__nand2_2)
     4    0.013128    0.130604    0.169517    5.266694 ^ _686_/Y (sky130_fd_sc_hd__nand2_2)
                                                         _253_ (net)
                      0.130604    0.000000    5.266694 ^ _711_/A1 (sky130_fd_sc_hd__a31o_2)
     1    0.004691    0.072468    0.332927    5.599621 ^ _711_/X (sky130_fd_sc_hd__a31o_2)
                                                         _277_ (net)
                      0.072468    0.000000    5.599621 ^ _723_/A2 (sky130_fd_sc_hd__o21ai_2)
     2    0.037641    0.317459    0.295692    5.895313 v _723_/Y (sky130_fd_sc_hd__o21ai_2)
                                                         ALU_result[13] (net)
                      0.317459    0.000000    5.895313 v ALU_result[13] (out)
                                              5.895313   data arrival time

                      0.000000    0.000000    0.000000   clock __VIRTUAL_CLK__ (rise edge)
                                  0.000000    0.000000   clock network delay (ideal)
                                  0.250000    0.250000   clock uncertainty
                                  0.000000    0.250000   clock reconvergence pessimism
                                 -5.000000   -4.750000   output external delay
                                             -4.750000   data required time
---------------------------------------------------------------------------------------------
                                             -4.750000   data required time
                                             -5.895313   data arrival time
---------------------------------------------------------------------------------------------
                                             10.645313   slack (MET)


Startpoint: ALU_control[3] (input port clocked by __VIRTUAL_CLK__)
Endpoint: ALU_result[12] (output port clocked by __VIRTUAL_CLK__)
Path Group: __VIRTUAL_CLK__
Path Type: min

Fanout         Cap        Slew       Delay        Time   Description
---------------------------------------------------------------------------------------------
                      0.000000    0.000000    0.000000   clock __VIRTUAL_CLK__ (rise edge)
                                  0.000000    0.000000   clock network delay (ideal)
                                  5.000000    5.000000 ^ input external delay
     9    0.019494    0.148866    0.099405    5.099405 ^ ALU_control[3] (in)
                                                         ALU_control[3] (net)
                      0.148866    0.000000    5.099405 ^ _417_/C (sky130_fd_sc_hd__or3_2)
     7    0.022103    0.189545    0.329556    5.428960 ^ _417_/X (sky130_fd_sc_hd__or3_2)
                                                         _371_ (net)
                      0.189545    0.000000    5.428960 ^ _691_/B (sky130_fd_sc_hd__or3b_2)
     2    0.006007    0.078253    0.259055    5.688015 ^ _691_/X (sky130_fd_sc_hd__or3b_2)
                                                         _258_ (net)
                      0.078253    0.000000    5.688015 ^ _704_/A (sky130_fd_sc_hd__nand2_2)
     1    0.033442    0.290790    0.264724    5.952739 v _704_/Y (sky130_fd_sc_hd__nand2_2)
                                                         ALU_result[12] (net)
                      0.290790    0.000000    5.952739 v ALU_result[12] (out)
                                              5.952739   data arrival time

                      0.000000    0.000000    0.000000   clock __VIRTUAL_CLK__ (rise edge)
                                  0.000000    0.000000   clock network delay (ideal)
                                  0.250000    0.250000   clock uncertainty
                                  0.000000    0.250000   clock reconvergence pessimism
                                 -5.000000   -4.750000   output external delay
                                             -4.750000   data required time
---------------------------------------------------------------------------------------------
                                             -4.750000   data required time
                                             -5.952739   data arrival time
---------------------------------------------------------------------------------------------
                                             10.702740   slack (MET)


Startpoint: SrcA[6] (input port clocked by __VIRTUAL_CLK__)
Endpoint: ALU_result[7] (output port clocked by __VIRTUAL_CLK__)
Path Group: __VIRTUAL_CLK__
Path Type: min

Fanout         Cap        Slew       Delay        Time   Description
---------------------------------------------------------------------------------------------
                      0.000000    0.000000    0.000000   clock __VIRTUAL_CLK__ (rise edge)
                                  0.000000    0.000000   clock network delay (ideal)
                                  5.000000    5.000000 v input external delay
    16    0.041540    0.180610    0.127335    5.127335 v SrcA[6] (in)
                                                         SrcA[6] (net)
                      0.180610    0.000000    5.127335 v _556_/A (sky130_fd_sc_hd__nand2_2)
     2    0.006905    0.091911    0.152788    5.280123 ^ _556_/Y (sky130_fd_sc_hd__nand2_2)
                                                         _129_ (net)
                      0.091911    0.000000    5.280123 ^ _582_/A (sky130_fd_sc_hd__nand3_2)
     1    0.002291    0.081286    0.106233    5.386355 v _582_/Y (sky130_fd_sc_hd__nand3_2)
                                                         _154_ (net)
                      0.081286    0.000000    5.386355 v _597_/A2 (sky130_fd_sc_hd__a31o_2)
     2    0.034831    0.190101    0.568657    5.955013 v _597_/X (sky130_fd_sc_hd__a31o_2)
                                                         ALU_result[7] (net)
                      0.190101    0.000000    5.955013 v ALU_result[7] (out)
                                              5.955013   data arrival time

                      0.000000    0.000000    0.000000   clock __VIRTUAL_CLK__ (rise edge)
                                  0.000000    0.000000   clock network delay (ideal)
                                  0.250000    0.250000   clock uncertainty
                                  0.000000    0.250000   clock reconvergence pessimism
                                 -5.000000   -4.750000   output external delay
                                             -4.750000   data required time
---------------------------------------------------------------------------------------------
                                             -4.750000   data required time
                                             -5.955013   data arrival time
---------------------------------------------------------------------------------------------
                                             10.705012   slack (MET)


Startpoint: SrcA[4] (input port clocked by __VIRTUAL_CLK__)
Endpoint: ALU_result[4] (output port clocked by __VIRTUAL_CLK__)
Path Group: __VIRTUAL_CLK__
Path Type: min

Fanout         Cap        Slew       Delay        Time   Description
---------------------------------------------------------------------------------------------
                      0.000000    0.000000    0.000000   clock __VIRTUAL_CLK__ (rise edge)
                                  0.000000    0.000000   clock network delay (ideal)
                                  5.000000    5.000000 ^ input external delay
    14    0.041026    0.299708    0.205778    5.205778 ^ SrcA[4] (in)
                                                         SrcA[4] (net)
                      0.299708    0.000000    5.205778 ^ _525_/A1 (sky130_fd_sc_hd__o21ai_2)
     1    0.004109    0.058735    0.198469    5.404247 v _525_/Y (sky130_fd_sc_hd__o21ai_2)
                                                         _100_ (net)
                      0.058735    0.000000    5.404247 v _526_/A2 (sky130_fd_sc_hd__o211ai_2)
     1    0.002495    0.076199    0.194328    5.598575 ^ _526_/Y (sky130_fd_sc_hd__o211ai_2)
                                                         _101_ (net)
                      0.076199    0.000000    5.598575 ^ _527_/B1 (sky130_fd_sc_hd__a31o_2)
     2    0.038020    0.343072    0.389327    5.987902 ^ _527_/X (sky130_fd_sc_hd__a31o_2)
                                                         ALU_result[4] (net)
                      0.343072    0.000000    5.987902 ^ ALU_result[4] (out)
                                              5.987902   data arrival time

                      0.000000    0.000000    0.000000   clock __VIRTUAL_CLK__ (rise edge)
                                  0.000000    0.000000   clock network delay (ideal)
                                  0.250000    0.250000   clock uncertainty
                                  0.000000    0.250000   clock reconvergence pessimism
                                 -5.000000   -4.750000   output external delay
                                             -4.750000   data required time
---------------------------------------------------------------------------------------------
                                             -4.750000   data required time
                                             -5.987902   data arrival time
---------------------------------------------------------------------------------------------
                                             10.737902   slack (MET)


Startpoint: SrcA[4] (input port clocked by __VIRTUAL_CLK__)
Endpoint: ALU_result[5] (output port clocked by __VIRTUAL_CLK__)
Path Group: __VIRTUAL_CLK__
Path Type: min

Fanout         Cap        Slew       Delay        Time   Description
---------------------------------------------------------------------------------------------
                      0.000000    0.000000    0.000000   clock __VIRTUAL_CLK__ (rise edge)
                                  0.000000    0.000000   clock network delay (ideal)
                                  5.000000    5.000000 v input external delay
    14    0.038213    0.166513    0.117169    5.117169 v SrcA[4] (in)
                                                         SrcA[4] (net)
                      0.166513    0.000000    5.117169 v _507_/A (sky130_fd_sc_hd__nand2_2)
     4    0.011708    0.122925    0.174206    5.291375 ^ _507_/Y (sky130_fd_sc_hd__nand2_2)
                                                         _082_ (net)
                      0.122925    0.000000    5.291375 ^ _534_/A (sky130_fd_sc_hd__nand3_2)
     1    0.002291    0.081382    0.117717    5.409091 v _534_/Y (sky130_fd_sc_hd__nand3_2)
                                                         _108_ (net)
                      0.081382    0.000000    5.409091 v _553_/A2 (sky130_fd_sc_hd__a31o_2)
     2    0.037593    0.200439    0.578906    5.987997 v _553_/X (sky130_fd_sc_hd__a31o_2)
                                                         ALU_result[5] (net)
                      0.200439    0.000000    5.987997 v ALU_result[5] (out)
                                              5.987997   data arrival time

                      0.000000    0.000000    0.000000   clock __VIRTUAL_CLK__ (rise edge)
                                  0.000000    0.000000   clock network delay (ideal)
                                  0.250000    0.250000   clock uncertainty
                                  0.000000    0.250000   clock reconvergence pessimism
                                 -5.000000   -4.750000   output external delay
                                             -4.750000   data required time
---------------------------------------------------------------------------------------------
                                             -4.750000   data required time
                                             -5.987997   data arrival time
---------------------------------------------------------------------------------------------
                                             10.737997   slack (MET)


Startpoint: SrcA[6] (input port clocked by __VIRTUAL_CLK__)
Endpoint: ALU_result[6] (output port clocked by __VIRTUAL_CLK__)
Path Group: __VIRTUAL_CLK__
Path Type: min

Fanout         Cap        Slew       Delay        Time   Description
---------------------------------------------------------------------------------------------
                      0.000000    0.000000    0.000000   clock __VIRTUAL_CLK__ (rise edge)
                                  0.000000    0.000000   clock network delay (ideal)
                                  5.000000    5.000000 v input external delay
    16    0.041540    0.180610    0.127335    5.127335 v SrcA[6] (in)
                                                         SrcA[6] (net)
                      0.180610    0.000000    5.127335 v _575_/B1 (sky130_fd_sc_hd__a21oi_2)
     1    0.002505    0.109539    0.196561    5.323896 ^ _575_/Y (sky130_fd_sc_hd__a21oi_2)
                                                         _148_ (net)
                      0.109539    0.000000    5.323896 ^ _577_/A2 (sky130_fd_sc_hd__o311a_2)
     1    0.004518    0.087116    0.387328    5.711224 ^ _577_/X (sky130_fd_sc_hd__o311a_2)
                                                         _150_ (net)
                      0.087116    0.000000    5.711224 ^ _578_/B1 (sky130_fd_sc_hd__o21ai_2)
     2    0.034758    0.295063    0.285473    5.996696 v _578_/Y (sky130_fd_sc_hd__o21ai_2)
                                                         ALU_result[6] (net)
                      0.295063    0.000000    5.996696 v ALU_result[6] (out)
                                              5.996696   data arrival time

                      0.000000    0.000000    0.000000   clock __VIRTUAL_CLK__ (rise edge)
                                  0.000000    0.000000   clock network delay (ideal)
                                  0.250000    0.250000   clock uncertainty
                                  0.000000    0.250000   clock reconvergence pessimism
                                 -5.000000   -4.750000   output external delay
                                             -4.750000   data required time
---------------------------------------------------------------------------------------------
                                             -4.750000   data required time
                                             -5.996696   data arrival time
---------------------------------------------------------------------------------------------
                                             10.746696   slack (MET)


Startpoint: SrcB[14] (input port clocked by __VIRTUAL_CLK__)
Endpoint: ALU_result[14] (output port clocked by __VIRTUAL_CLK__)
Path Group: __VIRTUAL_CLK__
Path Type: min

Fanout         Cap        Slew       Delay        Time   Description
---------------------------------------------------------------------------------------------
                      0.000000    0.000000    0.000000   clock __VIRTUAL_CLK__ (rise edge)
                                  0.000000    0.000000   clock network delay (ideal)
                                  5.000000    5.000000 ^ input external delay
     5    0.018212    0.139953    0.093061    5.093061 ^ SrcB[14] (in)
                                                         SrcB[14] (net)
                      0.139953    0.000000    5.093061 ^ _725_/A (sky130_fd_sc_hd__xor2_2)
     2    0.005521    0.067861    0.163391    5.256452 v _725_/X (sky130_fd_sc_hd__xor2_2)
                                                         _290_ (net)
                      0.067861    0.000000    5.256452 v _726_/B (sky130_fd_sc_hd__nand2_2)
     1    0.004546    0.059190    0.101097    5.357548 ^ _726_/Y (sky130_fd_sc_hd__nand2_2)
                                                         _291_ (net)
                      0.059190    0.000000    5.357548 ^ _728_/A (sky130_fd_sc_hd__nand2_2)
     2    0.006588    0.077469    0.095989    5.453537 v _728_/Y (sky130_fd_sc_hd__nand2_2)
                                                         _293_ (net)
                      0.077469    0.000000    5.453537 v _732_/A (sky130_fd_sc_hd__nand2_2)
     1    0.002501    0.044303    0.079417    5.532954 ^ _732_/Y (sky130_fd_sc_hd__nand2_2)
                                                         _297_ (net)
                      0.044303    0.000000    5.532954 ^ _744_/A3 (sky130_fd_sc_hd__a31o_2)
     2    0.034936    0.317877    0.529630    6.062583 ^ _744_/X (sky130_fd_sc_hd__a31o_2)
                                                         ALU_result[14] (net)
                      0.317877    0.000000    6.062583 ^ ALU_result[14] (out)
                                              6.062583   data arrival time

                      0.000000    0.000000    0.000000   clock __VIRTUAL_CLK__ (rise edge)
                                  0.000000    0.000000   clock network delay (ideal)
                                  0.250000    0.250000   clock uncertainty
                                  0.000000    0.250000   clock reconvergence pessimism
                                 -5.000000   -4.750000   output external delay
                                             -4.750000   data required time
---------------------------------------------------------------------------------------------
                                             -4.750000   data required time
                                             -6.062583   data arrival time
---------------------------------------------------------------------------------------------
                                             10.812583   slack (MET)


Startpoint: SrcA[11] (input port clocked by __VIRTUAL_CLK__)
Endpoint: ALU_result[11] (output port clocked by __VIRTUAL_CLK__)
Path Group: __VIRTUAL_CLK__
Path Type: min

Fanout         Cap        Slew       Delay        Time   Description
---------------------------------------------------------------------------------------------
                      0.000000    0.000000    0.000000   clock __VIRTUAL_CLK__ (rise edge)
                                  0.000000    0.000000   clock network delay (ideal)
                                  5.000000    5.000000 v input external delay
    15    0.038723    0.168674    0.118727    5.118727 v SrcA[11] (in)
                                                         SrcA[11] (net)
                      0.168674    0.000000    5.118727 v _665_/A (sky130_fd_sc_hd__xnor2_2)
     3    0.009765    0.122091    0.316090    5.434817 v _665_/Y (sky130_fd_sc_hd__xnor2_2)
                                                         _233_ (net)
                      0.122091    0.000000    5.434817 v _666_/B1 (sky130_fd_sc_hd__o21ai_2)
     1    0.002452    0.065171    0.098769    5.533586 ^ _666_/Y (sky130_fd_sc_hd__o21ai_2)
                                                         _234_ (net)
                      0.065171    0.000000    5.533586 ^ _678_/A2 (sky130_fd_sc_hd__a31o_2)
     2    0.038095    0.344243    0.546079    6.079665 ^ _678_/X (sky130_fd_sc_hd__a31o_2)
                                                         ALU_result[11] (net)
                      0.344243    0.000000    6.079665 ^ ALU_result[11] (out)
                                              6.079665   data arrival time

                      0.000000    0.000000    0.000000   clock __VIRTUAL_CLK__ (rise edge)
                                  0.000000    0.000000   clock network delay (ideal)
                                  0.250000    0.250000   clock uncertainty
                                  0.000000    0.250000   clock reconvergence pessimism
                                 -5.000000   -4.750000   output external delay
                                             -4.750000   data required time
---------------------------------------------------------------------------------------------
                                             -4.750000   data required time
                                             -6.079665   data arrival time
---------------------------------------------------------------------------------------------
                                             10.829664   slack (MET)


Startpoint: ALU_control[1] (input port clocked by __VIRTUAL_CLK__)
Endpoint: ALU_result[3] (output port clocked by __VIRTUAL_CLK__)
Path Group: __VIRTUAL_CLK__
Path Type: min

Fanout         Cap        Slew       Delay        Time   Description
---------------------------------------------------------------------------------------------
                      0.000000    0.000000    0.000000   clock __VIRTUAL_CLK__ (rise edge)
                                  0.000000    0.000000   clock network delay (ideal)
                                  5.000000    5.000000 v input external delay
    11    0.024705    0.109278    0.075895    5.075895 v ALU_control[1] (in)
                                                         ALU_control[1] (net)
                      0.109278    0.000000    5.075895 v _416_/A_N (sky130_fd_sc_hd__and2b_2)
     8    0.021761    0.199408    0.547352    5.623247 ^ _416_/X (sky130_fd_sc_hd__and2b_2)
                                                         _370_ (net)
                      0.199408    0.000000    5.623247 ^ _502_/A1 (sky130_fd_sc_hd__a21o_2)
     2    0.034807    0.278653    0.462105    6.085352 ^ _502_/X (sky130_fd_sc_hd__a21o_2)
                                                         ALU_result[3] (net)
                      0.278653    0.000000    6.085352 ^ ALU_result[3] (out)
                                              6.085352   data arrival time

                      0.000000    0.000000    0.000000   clock __VIRTUAL_CLK__ (rise edge)
                                  0.000000    0.000000   clock network delay (ideal)
                                  0.250000    0.250000   clock uncertainty
                                  0.000000    0.250000   clock reconvergence pessimism
                                 -5.000000   -4.750000   output external delay
                                             -4.750000   data required time
---------------------------------------------------------------------------------------------
                                             -4.750000   data required time
                                             -6.085352   data arrival time
---------------------------------------------------------------------------------------------
                                             10.835353   slack (MET)


Startpoint: SrcA[2] (input port clocked by __VIRTUAL_CLK__)
Endpoint: ALU_result[2] (output port clocked by __VIRTUAL_CLK__)
Path Group: __VIRTUAL_CLK__
Path Type: min

Fanout         Cap        Slew       Delay        Time   Description
---------------------------------------------------------------------------------------------
                      0.000000    0.000000    0.000000   clock __VIRTUAL_CLK__ (rise edge)
                                  0.000000    0.000000   clock network delay (ideal)
                                  5.000000    5.000000 ^ input external delay
    16    0.045277    0.329488    0.226779    5.226779 ^ SrcA[2] (in)
                                                         SrcA[2] (net)
                      0.329488    0.000000    5.226779 ^ _449_/A (sky130_fd_sc_hd__xor2_2)
     4    0.011995    0.097412    0.273919    5.500698 v _449_/X (sky130_fd_sc_hd__xor2_2)
                                                         _026_ (net)
                      0.097412    0.000000    5.500698 v _450_/B (sky130_fd_sc_hd__nand2_2)
     1    0.002452    0.048518    0.102447    5.603145 ^ _450_/Y (sky130_fd_sc_hd__nand2_2)
                                                         _027_ (net)
                      0.048518    0.000000    5.603145 ^ _476_/A2 (sky130_fd_sc_hd__a31o_2)
     2    0.034972    0.318244    0.520696    6.123841 ^ _476_/X (sky130_fd_sc_hd__a31o_2)
                                                         ALU_result[2] (net)
                      0.318244    0.000000    6.123841 ^ ALU_result[2] (out)
                                              6.123841   data arrival time

                      0.000000    0.000000    0.000000   clock __VIRTUAL_CLK__ (rise edge)
                                  0.000000    0.000000   clock network delay (ideal)
                                  0.250000    0.250000   clock uncertainty
                                  0.000000    0.250000   clock reconvergence pessimism
                                 -5.000000   -4.750000   output external delay
                                             -4.750000   data required time
---------------------------------------------------------------------------------------------
                                             -4.750000   data required time
                                             -6.123841   data arrival time
---------------------------------------------------------------------------------------------
                                             10.873840   slack (MET)


Startpoint: SrcA[15] (input port clocked by __VIRTUAL_CLK__)
Endpoint: zero (output port clocked by __VIRTUAL_CLK__)
Path Group: __VIRTUAL_CLK__
Path Type: min

Fanout         Cap        Slew       Delay        Time   Description
---------------------------------------------------------------------------------------------
                      0.000000    0.000000    0.000000   clock __VIRTUAL_CLK__ (rise edge)
                                  0.000000    0.000000   clock network delay (ideal)
                                  5.000000    5.000000 ^ input external delay
    15    0.038453    0.281683    0.193067    5.193067 ^ SrcA[15] (in)
                                                         SrcA[15] (net)
                      0.281683    0.000000    5.193067 ^ _757_/A1 (sky130_fd_sc_hd__a21oi_2)
     1    0.002288    0.034296    0.164494    5.357561 v _757_/Y (sky130_fd_sc_hd__a21oi_2)
                                                         _321_ (net)
                      0.034296    0.000000    5.357561 v _761_/B1 (sky130_fd_sc_hd__o211a_2)
     2    0.005717    0.060180    0.237598    5.595158 v _761_/X (sky130_fd_sc_hd__o211a_2)
                                                         _325_ (net)
                      0.060180    0.000000    5.595158 v _768_/C (sky130_fd_sc_hd__and4b_2)
     1    0.033442    0.201883    0.604927    6.200085 v _768_/X (sky130_fd_sc_hd__and4b_2)
                                                         zero (net)
                      0.201883    0.000000    6.200085 v zero (out)
                                              6.200085   data arrival time

                      0.000000    0.000000    0.000000   clock __VIRTUAL_CLK__ (rise edge)
                                  0.000000    0.000000   clock network delay (ideal)
                                  0.250000    0.250000   clock uncertainty
                                  0.000000    0.250000   clock reconvergence pessimism
                                 -5.000000   -4.750000   output external delay
                                             -4.750000   data required time
---------------------------------------------------------------------------------------------
                                             -4.750000   data required time
                                             -6.200085   data arrival time
---------------------------------------------------------------------------------------------
                                             10.950086   slack (MET)



