
===========================================================================
report_checks -unconstrained
===========================================================================
======================= max_ff_n40C_1v95 Corner ===================================

Startpoint: A1[2] (input port clocked by clk)
Endpoint: RD1[3] (output port clocked by clk)
Path Group: clk
Path Type: max

Fanout         Cap        Slew       Delay        Time   Description
---------------------------------------------------------------------------------------------
                                  0.000000    0.000000   clock clk (rise edge)
                                  0.000000    0.000000   clock network delay (propagated)
                                  5.000000    5.000000 ^ input external delay
     1    0.003540    0.016576    0.009230    5.009230 ^ A1[2] (in)
                                                         A1[2] (net)
                      0.016578    0.000000    5.009230 ^ input3/A (sky130_fd_sc_hd__buf_1)
     2    0.025954    0.228281    0.181553    5.190783 ^ input3/X (sky130_fd_sc_hd__buf_1)
                                                         net3 (net)
                      0.228311    0.002186    5.192969 ^ fanout94/A (sky130_fd_sc_hd__clkbuf_4)
    10    0.057250    0.134957    0.199823    5.392792 ^ fanout94/X (sky130_fd_sc_hd__clkbuf_4)
                                                         net94 (net)
                      0.135012    0.002299    5.395091 ^ fanout93/A (sky130_fd_sc_hd__buf_2)
    10    0.046962    0.173506    0.189707    5.584798 ^ fanout93/X (sky130_fd_sc_hd__buf_2)
                                                         net93 (net)
                      0.173733    0.005174    5.589972 ^ _264_/A_N (sky130_fd_sc_hd__and2b_1)
     2    0.012911    0.053158    0.149698    5.739671 v _264_/X (sky130_fd_sc_hd__and2b_1)
                                                         _121_ (net)
                      0.053163    0.000572    5.740242 v fanout79/A (sky130_fd_sc_hd__clkbuf_4)
    10    0.055708    0.084392    0.151806    5.892048 v fanout79/X (sky130_fd_sc_hd__clkbuf_4)
                                                         net79 (net)
                      0.084600    0.003167    5.895215 v _276_/B2 (sky130_fd_sc_hd__a22o_1)
     1    0.004314    0.031360    0.118131    6.013347 v _276_/X (sky130_fd_sc_hd__a22o_1)
                                                         _131_ (net)
                      0.031376    0.000309    6.013656 v _277_/A2 (sky130_fd_sc_hd__o21a_1)
     1    0.006295    0.035670    0.114196    6.127852 v _277_/X (sky130_fd_sc_hd__o21a_1)
                                                         net36 (net)
                      0.035680    0.000571    6.128422 v output36/A (sky130_fd_sc_hd__buf_2)
     1    0.034332    0.062907    0.118783    6.247206 v output36/X (sky130_fd_sc_hd__buf_2)
                                                         RD1[3] (net)
                      0.062968    0.001748    6.248954 v RD1[3] (out)
                                              6.248954   data arrival time

                                 25.000000   25.000000   clock clk (rise edge)
                                  0.000000   25.000000   clock network delay (propagated)
                                 -0.250000   24.750000   clock uncertainty
                                  0.000000   24.750000   clock reconvergence pessimism
                                 -5.000000   19.750000   output external delay
                                             19.750000   data required time
---------------------------------------------------------------------------------------------
                                             19.750000   data required time
                                             -6.248954   data arrival time
---------------------------------------------------------------------------------------------
                                             13.501046   slack (MET)




===========================================================================
report_checks --slack_max -0.01
============================================================================
======================= max_ff_n40C_1v95 Corner ===================================

No paths found.


===========================================================================
 report_check_types -max_slew -max_cap -max_fanout -violators
============================================================================
======================= max_ff_n40C_1v95 Corner ===================================

max fanout

Pin                                   Limit Fanout  Slack
---------------------------------------------------------
clkbuf_3_4__f_clk/X                      10     17     -7 (VIOLATED)
clkbuf_3_6__f_clk/X                      10     17     -7 (VIOLATED)
clkbuf_3_0__f_clk/X                      10     15     -5 (VIOLATED)
clkbuf_3_1__f_clk/X                      10     15     -5 (VIOLATED)
clkbuf_3_2__f_clk/X                      10     14     -4 (VIOLATED)
clkbuf_3_3__f_clk/X                      10     14     -4 (VIOLATED)
clkbuf_3_7__f_clk/X                      10     14     -4 (VIOLATED)
clkbuf_3_5__f_clk/X                      10     13     -3 (VIOLATED)



===========================================================================
report_parasitic_annotation -report_unannotated
============================================================================
Found 7 unannotated drivers.
 clkload0/Y
 clkload1/Y
 clkload2/Y
 clkload3/Y
 clkload4/Y
 clkload5/X
 clkload6/Y
Found 0 partially unannotated drivers.

===========================================================================
max slew violation count 0
max fanout violation count 8
max cap violation count 0
============================================================================

===========================================================================
check_setup -verbose -unconstrained_endpoints -multiple_clock -no_clock -no_input_delay -loops -generated_clocks
===========================================================================
