Clock: clk
Sources: clk 
Generated: no
Virtual: yes
Propagated: no
Period: 25.000000

===========================================================================
report_clock_properties
============================================================================
Clock                   Period          Waveform
----------------------------------------------------
clk                  25.000000    0.000000 12.500000

===========================================================================
report_clock_latency
============================================================================
Clock clk
rise -> rise
    min     max
0.000000 0.000000 source latency
0.395641         network latency _541_/CLK
        0.398283 network latency _584_/CLK
---------------
0.395641 0.398283 latency
        0.002642 skew

fall -> fall
    min     max
0.000000 0.000000 source latency
0.363358         network latency _541_/CLK
        0.365338 network latency _584_/CLK
---------------
0.363358 0.365338 latency
        0.001980 skew



===========================================================================
report_clock_min_period
============================================================================
clk period_min = 1.50 fmax = 666.81
