
===========================================================================
report_checks -path_delay max (Setup)
============================================================================
======================= nom_tt_025C_1v80 Corner ===================================

Startpoint: ImmSrc[0] (input port clocked by __VIRTUAL_CLK__)
Endpoint: ImmExt[6] (output port clocked by __VIRTUAL_CLK__)
Path Group: __VIRTUAL_CLK__
Path Type: max

Fanout         Cap        Slew       Delay        Time   Description
---------------------------------------------------------------------------------------------
                      0.000000    0.000000    0.000000   clock __VIRTUAL_CLK__ (rise edge)
                                  0.000000    0.000000   clock network delay (ideal)
                                  5.000000    5.000000 ^ input external delay
     1    0.002803    0.019746    0.010330    5.010331 ^ ImmSrc[0] (in)
                                                         ImmSrc[0] (net)
                      0.019746    0.000000    5.010331 ^ input1/A (sky130_fd_sc_hd__buf_1)
     3    0.010831    0.134087    0.135415    5.145746 ^ input1/X (sky130_fd_sc_hd__buf_1)
                                                         net1 (net)
                      0.134088    0.000333    5.146079 ^ fanout31/A (sky130_fd_sc_hd__buf_2)
    10    0.030910    0.155007    0.218413    5.364491 ^ fanout31/X (sky130_fd_sc_hd__buf_2)
                                                         net31 (net)
                      0.155010    0.000973    5.365465 ^ _15_/A_N (sky130_fd_sc_hd__nand2b_4)
     9    0.040988    0.138132    0.223528    5.588993 ^ _15_/Y (sky130_fd_sc_hd__nand2b_4)
                                                         _03_ (net)
                      0.138174    0.001921    5.590914 ^ _16_/S (sky130_fd_sc_hd__mux2_1)
     1    0.003004    0.056391    0.333925    5.924839 v _16_/X (sky130_fd_sc_hd__mux2_1)
                                                         net25 (net)
                      0.056391    0.000094    5.924932 v output25/A (sky130_fd_sc_hd__buf_2)
     1    0.034323    0.089611    0.185129    6.110062 v output25/X (sky130_fd_sc_hd__buf_2)
                                                         ImmExt[6] (net)
                      0.089616    0.000732    6.110794 v ImmExt[6] (out)
                                              6.110794   data arrival time

                      0.000000   25.000000   25.000000   clock __VIRTUAL_CLK__ (rise edge)
                                  0.000000   25.000000   clock network delay (ideal)
                                 -0.250000   24.750000   clock uncertainty
                                  0.000000   24.750000   clock reconvergence pessimism
                                 -5.000000   19.750000   output external delay
                                             19.750000   data required time
---------------------------------------------------------------------------------------------
                                             19.750000   data required time
                                             -6.110794   data arrival time
---------------------------------------------------------------------------------------------
                                             13.639206   slack (MET)


Startpoint: ImmSrc[0] (input port clocked by __VIRTUAL_CLK__)
Endpoint: ImmExt[9] (output port clocked by __VIRTUAL_CLK__)
Path Group: __VIRTUAL_CLK__
Path Type: max

Fanout         Cap        Slew       Delay        Time   Description
---------------------------------------------------------------------------------------------
                      0.000000    0.000000    0.000000   clock __VIRTUAL_CLK__ (rise edge)
                                  0.000000    0.000000   clock network delay (ideal)
                                  5.000000    5.000000 ^ input external delay
     1    0.002803    0.019746    0.010330    5.010331 ^ ImmSrc[0] (in)
                                                         ImmSrc[0] (net)
                      0.019746    0.000000    5.010331 ^ input1/A (sky130_fd_sc_hd__buf_1)
     3    0.010831    0.134087    0.135415    5.145746 ^ input1/X (sky130_fd_sc_hd__buf_1)
                                                         net1 (net)
                      0.134088    0.000333    5.146079 ^ fanout31/A (sky130_fd_sc_hd__buf_2)
    10    0.030910    0.155007    0.218413    5.364491 ^ fanout31/X (sky130_fd_sc_hd__buf_2)
                                                         net31 (net)
                      0.155010    0.000973    5.365465 ^ _15_/A_N (sky130_fd_sc_hd__nand2b_4)
     9    0.040988    0.138132    0.223528    5.588993 ^ _15_/Y (sky130_fd_sc_hd__nand2b_4)
                                                         _03_ (net)
                      0.138142    0.000949    5.589942 ^ _19_/S (sky130_fd_sc_hd__mux2_1)
     1    0.002955    0.056089    0.333460    5.923401 v _19_/X (sky130_fd_sc_hd__mux2_1)
                                                         net28 (net)
                      0.056089    0.000095    5.923497 v output28/A (sky130_fd_sc_hd__buf_2)
     1    0.034392    0.089766    0.185110    6.108606 v output28/X (sky130_fd_sc_hd__buf_2)
                                                         ImmExt[9] (net)
                      0.089772    0.000747    6.109354 v ImmExt[9] (out)
                                              6.109354   data arrival time

                      0.000000   25.000000   25.000000   clock __VIRTUAL_CLK__ (rise edge)
                                  0.000000   25.000000   clock network delay (ideal)
                                 -0.250000   24.750000   clock uncertainty
                                  0.000000   24.750000   clock reconvergence pessimism
                                 -5.000000   19.750000   output external delay
                                             19.750000   data required time
---------------------------------------------------------------------------------------------
                                             19.750000   data required time
                                             -6.109354   data arrival time
---------------------------------------------------------------------------------------------
                                             13.640646   slack (MET)


Startpoint: ImmSrc[0] (input port clocked by __VIRTUAL_CLK__)
Endpoint: ImmExt[11] (output port clocked by __VIRTUAL_CLK__)
Path Group: __VIRTUAL_CLK__
Path Type: max

Fanout         Cap        Slew       Delay        Time   Description
---------------------------------------------------------------------------------------------
                      0.000000    0.000000    0.000000   clock __VIRTUAL_CLK__ (rise edge)
                                  0.000000    0.000000   clock network delay (ideal)
                                  5.000000    5.000000 ^ input external delay
     1    0.002803    0.019746    0.010330    5.010331 ^ ImmSrc[0] (in)
                                                         ImmSrc[0] (net)
                      0.019746    0.000000    5.010331 ^ input1/A (sky130_fd_sc_hd__buf_1)
     3    0.010831    0.134087    0.135415    5.145746 ^ input1/X (sky130_fd_sc_hd__buf_1)
                                                         net1 (net)
                      0.134088    0.000333    5.146079 ^ fanout31/A (sky130_fd_sc_hd__buf_2)
    10    0.030910    0.155007    0.218413    5.364491 ^ fanout31/X (sky130_fd_sc_hd__buf_2)
                                                         net31 (net)
                      0.155010    0.000973    5.365465 ^ _15_/A_N (sky130_fd_sc_hd__nand2b_4)
     9    0.040988    0.138132    0.223528    5.588993 ^ _15_/Y (sky130_fd_sc_hd__nand2b_4)
                                                         _03_ (net)
                      0.138193    0.002331    5.591323 ^ _21_/S (sky130_fd_sc_hd__mux2_1)
     1    0.002759    0.054880    0.331623    5.922947 v _21_/X (sky130_fd_sc_hd__mux2_1)
                                                         net15 (net)
                      0.054880    0.000083    5.923030 v output15/A (sky130_fd_sc_hd__buf_2)
     1    0.034323    0.089610    0.184443    6.107472 v output15/X (sky130_fd_sc_hd__buf_2)
                                                         ImmExt[11] (net)
                      0.089615    0.000732    6.108205 v ImmExt[11] (out)
                                              6.108205   data arrival time

                      0.000000   25.000000   25.000000   clock __VIRTUAL_CLK__ (rise edge)
                                  0.000000   25.000000   clock network delay (ideal)
                                 -0.250000   24.750000   clock uncertainty
                                  0.000000   24.750000   clock reconvergence pessimism
                                 -5.000000   19.750000   output external delay
                                             19.750000   data required time
---------------------------------------------------------------------------------------------
                                             19.750000   data required time
                                             -6.108205   data arrival time
---------------------------------------------------------------------------------------------
                                             13.641795   slack (MET)


Startpoint: ImmSrc[0] (input port clocked by __VIRTUAL_CLK__)
Endpoint: ImmExt[7] (output port clocked by __VIRTUAL_CLK__)
Path Group: __VIRTUAL_CLK__
Path Type: max

Fanout         Cap        Slew       Delay        Time   Description
---------------------------------------------------------------------------------------------
                      0.000000    0.000000    0.000000   clock __VIRTUAL_CLK__ (rise edge)
                                  0.000000    0.000000   clock network delay (ideal)
                                  5.000000    5.000000 ^ input external delay
     1    0.002803    0.019746    0.010330    5.010331 ^ ImmSrc[0] (in)
                                                         ImmSrc[0] (net)
                      0.019746    0.000000    5.010331 ^ input1/A (sky130_fd_sc_hd__buf_1)
     3    0.010831    0.134087    0.135415    5.145746 ^ input1/X (sky130_fd_sc_hd__buf_1)
                                                         net1 (net)
                      0.134088    0.000333    5.146079 ^ fanout31/A (sky130_fd_sc_hd__buf_2)
    10    0.030910    0.155007    0.218413    5.364491 ^ fanout31/X (sky130_fd_sc_hd__buf_2)
                                                         net31 (net)
                      0.155010    0.000973    5.365465 ^ _15_/A_N (sky130_fd_sc_hd__nand2b_4)
     9    0.040988    0.138132    0.223528    5.588993 ^ _15_/Y (sky130_fd_sc_hd__nand2b_4)
                                                         _03_ (net)
                      0.138187    0.002204    5.591197 ^ _17_/S (sky130_fd_sc_hd__mux2_1)
     1    0.002274    0.052186    0.327060    5.918257 v _17_/X (sky130_fd_sc_hd__mux2_1)
                                                         net26 (net)
                      0.052186    0.000065    5.918322 v output26/A (sky130_fd_sc_hd__buf_2)
     1    0.034323    0.089614    0.183240    6.101562 v output26/X (sky130_fd_sc_hd__buf_2)
                                                         ImmExt[7] (net)
                      0.089620    0.000732    6.102294 v ImmExt[7] (out)
                                              6.102294   data arrival time

                      0.000000   25.000000   25.000000   clock __VIRTUAL_CLK__ (rise edge)
                                  0.000000   25.000000   clock network delay (ideal)
                                 -0.250000   24.750000   clock uncertainty
                                  0.000000   24.750000   clock reconvergence pessimism
                                 -5.000000   19.750000   output external delay
                                             19.750000   data required time
---------------------------------------------------------------------------------------------
                                             19.750000   data required time
                                             -6.102294   data arrival time
---------------------------------------------------------------------------------------------
                                             13.647706   slack (MET)


Startpoint: ImmSrc[0] (input port clocked by __VIRTUAL_CLK__)
Endpoint: ImmExt[8] (output port clocked by __VIRTUAL_CLK__)
Path Group: __VIRTUAL_CLK__
Path Type: max

Fanout         Cap        Slew       Delay        Time   Description
---------------------------------------------------------------------------------------------
                      0.000000    0.000000    0.000000   clock __VIRTUAL_CLK__ (rise edge)
                                  0.000000    0.000000   clock network delay (ideal)
                                  5.000000    5.000000 ^ input external delay
     1    0.002803    0.019746    0.010330    5.010331 ^ ImmSrc[0] (in)
                                                         ImmSrc[0] (net)
                      0.019746    0.000000    5.010331 ^ input1/A (sky130_fd_sc_hd__buf_1)
     3    0.010831    0.134087    0.135415    5.145746 ^ input1/X (sky130_fd_sc_hd__buf_1)
                                                         net1 (net)
                      0.134088    0.000333    5.146079 ^ fanout31/A (sky130_fd_sc_hd__buf_2)
    10    0.030910    0.155007    0.218413    5.364491 ^ fanout31/X (sky130_fd_sc_hd__buf_2)
                                                         net31 (net)
                      0.155010    0.000973    5.365465 ^ _15_/A_N (sky130_fd_sc_hd__nand2b_4)
     9    0.040988    0.138132    0.223528    5.588993 ^ _15_/Y (sky130_fd_sc_hd__nand2b_4)
                                                         _03_ (net)
                      0.138189    0.002254    5.591247 ^ _18_/S (sky130_fd_sc_hd__mux2_1)
     1    0.002129    0.051614    0.325700    5.916947 v _18_/X (sky130_fd_sc_hd__mux2_1)
                                                         net27 (net)
                      0.051614    0.000060    5.917008 v output27/A (sky130_fd_sc_hd__buf_2)
     1    0.034388    0.089765    0.183104    6.100111 v output27/X (sky130_fd_sc_hd__buf_2)
                                                         ImmExt[8] (net)
                      0.089771    0.000747    6.100859 v ImmExt[8] (out)
                                              6.100859   data arrival time

                      0.000000   25.000000   25.000000   clock __VIRTUAL_CLK__ (rise edge)
                                  0.000000   25.000000   clock network delay (ideal)
                                 -0.250000   24.750000   clock uncertainty
                                  0.000000   24.750000   clock reconvergence pessimism
                                 -5.000000   19.750000   output external delay
                                             19.750000   data required time
---------------------------------------------------------------------------------------------
                                             19.750000   data required time
                                             -6.100859   data arrival time
---------------------------------------------------------------------------------------------
                                             13.649141   slack (MET)


Startpoint: ImmSrc[0] (input port clocked by __VIRTUAL_CLK__)
Endpoint: ImmExt[10] (output port clocked by __VIRTUAL_CLK__)
Path Group: __VIRTUAL_CLK__
Path Type: max

Fanout         Cap        Slew       Delay        Time   Description
---------------------------------------------------------------------------------------------
                      0.000000    0.000000    0.000000   clock __VIRTUAL_CLK__ (rise edge)
                                  0.000000    0.000000   clock network delay (ideal)
                                  5.000000    5.000000 ^ input external delay
     1    0.002803    0.019746    0.010330    5.010331 ^ ImmSrc[0] (in)
                                                         ImmSrc[0] (net)
                      0.019746    0.000000    5.010331 ^ input1/A (sky130_fd_sc_hd__buf_1)
     3    0.010831    0.134087    0.135415    5.145746 ^ input1/X (sky130_fd_sc_hd__buf_1)
                                                         net1 (net)
                      0.134088    0.000333    5.146079 ^ fanout31/A (sky130_fd_sc_hd__buf_2)
    10    0.030910    0.155007    0.218413    5.364491 ^ fanout31/X (sky130_fd_sc_hd__buf_2)
                                                         net31 (net)
                      0.155010    0.000973    5.365465 ^ _15_/A_N (sky130_fd_sc_hd__nand2b_4)
     9    0.040988    0.138132    0.223528    5.588993 ^ _15_/Y (sky130_fd_sc_hd__nand2b_4)
                                                         _03_ (net)
                      0.138161    0.001620    5.590612 ^ _20_/S (sky130_fd_sc_hd__mux2_1)
     1    0.002210    0.051870    0.326461    5.917074 v _20_/X (sky130_fd_sc_hd__mux2_1)
                                                         net14 (net)
                      0.051870    0.000062    5.917136 v output14/A (sky130_fd_sc_hd__buf_2)
     1    0.034010    0.088906    0.182595    6.099731 v output14/X (sky130_fd_sc_hd__buf_2)
                                                         ImmExt[10] (net)
                      0.088910    0.000635    6.100367 v ImmExt[10] (out)
                                              6.100367   data arrival time

                      0.000000   25.000000   25.000000   clock __VIRTUAL_CLK__ (rise edge)
                                  0.000000   25.000000   clock network delay (ideal)
                                 -0.250000   24.750000   clock uncertainty
                                  0.000000   24.750000   clock reconvergence pessimism
                                 -5.000000   19.750000   output external delay
                                             19.750000   data required time
---------------------------------------------------------------------------------------------
                                             19.750000   data required time
                                             -6.100367   data arrival time
---------------------------------------------------------------------------------------------
                                             13.649632   slack (MET)


Startpoint: ImmSrc[0] (input port clocked by __VIRTUAL_CLK__)
Endpoint: ImmExt[12] (output port clocked by __VIRTUAL_CLK__)
Path Group: __VIRTUAL_CLK__
Path Type: max

Fanout         Cap        Slew       Delay        Time   Description
---------------------------------------------------------------------------------------------
                      0.000000    0.000000    0.000000   clock __VIRTUAL_CLK__ (rise edge)
                                  0.000000    0.000000   clock network delay (ideal)
                                  5.000000    5.000000 ^ input external delay
     1    0.002803    0.019746    0.010330    5.010331 ^ ImmSrc[0] (in)
                                                         ImmSrc[0] (net)
                      0.019746    0.000000    5.010331 ^ input1/A (sky130_fd_sc_hd__buf_1)
     3    0.010831    0.134087    0.135415    5.145746 ^ input1/X (sky130_fd_sc_hd__buf_1)
                                                         net1 (net)
                      0.134088    0.000333    5.146079 ^ fanout31/A (sky130_fd_sc_hd__buf_2)
    10    0.030910    0.155007    0.218413    5.364491 ^ fanout31/X (sky130_fd_sc_hd__buf_2)
                                                         net31 (net)
                      0.155010    0.000973    5.365465 ^ _15_/A_N (sky130_fd_sc_hd__nand2b_4)
     9    0.040988    0.138132    0.223528    5.588993 ^ _15_/Y (sky130_fd_sc_hd__nand2b_4)
                                                         _03_ (net)
                      0.138196    0.002379    5.591372 ^ _22_/S (sky130_fd_sc_hd__mux2_1)
     1    0.001943    0.050745    0.323944    5.915317 v _22_/X (sky130_fd_sc_hd__mux2_1)
                                                         net16 (net)
                      0.050745    0.000055    5.915372 v output16/A (sky130_fd_sc_hd__buf_2)
     1    0.034406    0.089811    0.182763    6.098135 v output16/X (sky130_fd_sc_hd__buf_2)
                                                         ImmExt[12] (net)
                      0.089816    0.000748    6.098883 v ImmExt[12] (out)
                                              6.098883   data arrival time

                      0.000000   25.000000   25.000000   clock __VIRTUAL_CLK__ (rise edge)
                                  0.000000   25.000000   clock network delay (ideal)
                                 -0.250000   24.750000   clock uncertainty
                                  0.000000   24.750000   clock reconvergence pessimism
                                 -5.000000   19.750000   output external delay
                                             19.750000   data required time
---------------------------------------------------------------------------------------------
                                             19.750000   data required time
                                             -6.098883   data arrival time
---------------------------------------------------------------------------------------------
                                             13.651117   slack (MET)


Startpoint: instr[15] (input port clocked by __VIRTUAL_CLK__)
Endpoint: ImmExt[2] (output port clocked by __VIRTUAL_CLK__)
Path Group: __VIRTUAL_CLK__
Path Type: max

Fanout         Cap        Slew       Delay        Time   Description
---------------------------------------------------------------------------------------------
                      0.000000    0.000000    0.000000   clock __VIRTUAL_CLK__ (rise edge)
                                  0.000000    0.000000   clock network delay (ideal)
                                  5.000000    5.000000 ^ input external delay
     1    0.002625    0.018984    0.009702    5.009703 ^ instr[15] (in)
                                                         instr[15] (net)
                      0.018984    0.000000    5.009703 ^ input8/A (sky130_fd_sc_hd__clkbuf_1)
     2    0.006060    0.080260    0.097526    5.107228 ^ input8/X (sky130_fd_sc_hd__clkbuf_1)
                                                         net8 (net)
                      0.080260    0.000155    5.107384 ^ fanout30/A (sky130_fd_sc_hd__buf_2)
    10    0.032448    0.161915    0.204839    5.312223 ^ fanout30/X (sky130_fd_sc_hd__buf_2)
                                                         net30 (net)
                      0.161919    0.001012    5.313234 ^ _10_/C_N (sky130_fd_sc_hd__nor3b_1)
     2    0.005538    0.229472    0.256657    5.569891 ^ _10_/Y (sky130_fd_sc_hd__nor3b_1)
                                                         _02_ (net)
                      0.229472    0.000083    5.569975 ^ max_cap29/A (sky130_fd_sc_hd__buf_1)
     3    0.010282    0.128419    0.177017    5.746992 ^ max_cap29/X (sky130_fd_sc_hd__buf_1)
                                                         net29 (net)
                      0.128419    0.000245    5.747237 ^ _11_/B1 (sky130_fd_sc_hd__a21o_1)
     1    0.003422    0.042963    0.101890    5.849127 ^ _11_/X (sky130_fd_sc_hd__a21o_1)
                                                         net21 (net)
                      0.042963    0.000084    5.849212 ^ output21/A (sky130_fd_sc_hd__buf_2)
     1    0.034170    0.169711    0.196833    6.046045 ^ output21/X (sky130_fd_sc_hd__buf_2)
                                                         ImmExt[2] (net)
                      0.169712    0.000706    6.046751 ^ ImmExt[2] (out)
                                              6.046751   data arrival time

                      0.000000   25.000000   25.000000   clock __VIRTUAL_CLK__ (rise edge)
                                  0.000000   25.000000   clock network delay (ideal)
                                 -0.250000   24.750000   clock uncertainty
                                  0.000000   24.750000   clock reconvergence pessimism
                                 -5.000000   19.750000   output external delay
                                             19.750000   data required time
---------------------------------------------------------------------------------------------
                                             19.750000   data required time
                                             -6.046751   data arrival time
---------------------------------------------------------------------------------------------
                                             13.703249   slack (MET)


Startpoint: instr[15] (input port clocked by __VIRTUAL_CLK__)
Endpoint: ImmExt[3] (output port clocked by __VIRTUAL_CLK__)
Path Group: __VIRTUAL_CLK__
Path Type: max

Fanout         Cap        Slew       Delay        Time   Description
---------------------------------------------------------------------------------------------
                      0.000000    0.000000    0.000000   clock __VIRTUAL_CLK__ (rise edge)
                                  0.000000    0.000000   clock network delay (ideal)
                                  5.000000    5.000000 ^ input external delay
     1    0.002625    0.018984    0.009702    5.009703 ^ instr[15] (in)
                                                         instr[15] (net)
                      0.018984    0.000000    5.009703 ^ input8/A (sky130_fd_sc_hd__clkbuf_1)
     2    0.006060    0.080260    0.097526    5.107228 ^ input8/X (sky130_fd_sc_hd__clkbuf_1)
                                                         net8 (net)
                      0.080260    0.000155    5.107384 ^ fanout30/A (sky130_fd_sc_hd__buf_2)
    10    0.032448    0.161915    0.204839    5.312223 ^ fanout30/X (sky130_fd_sc_hd__buf_2)
                                                         net30 (net)
                      0.161919    0.001012    5.313234 ^ _10_/C_N (sky130_fd_sc_hd__nor3b_1)
     2    0.005538    0.229472    0.256657    5.569891 ^ _10_/Y (sky130_fd_sc_hd__nor3b_1)
                                                         _02_ (net)
                      0.229472    0.000083    5.569975 ^ max_cap29/A (sky130_fd_sc_hd__buf_1)
     3    0.010282    0.128419    0.177017    5.746992 ^ max_cap29/X (sky130_fd_sc_hd__buf_1)
                                                         net29 (net)
                      0.128419    0.000260    5.747252 ^ _12_/B1 (sky130_fd_sc_hd__a21o_1)
     1    0.003201    0.041321    0.100460    5.847712 ^ _12_/X (sky130_fd_sc_hd__a21o_1)
                                                         net22 (net)
                      0.041321    0.000098    5.847810 ^ output22/A (sky130_fd_sc_hd__buf_2)
     1    0.033952    0.168686    0.195544    6.043355 ^ output22/X (sky130_fd_sc_hd__buf_2)
                                                         ImmExt[3] (net)
                      0.168686    0.000613    6.043968 ^ ImmExt[3] (out)
                                              6.043968   data arrival time

                      0.000000   25.000000   25.000000   clock __VIRTUAL_CLK__ (rise edge)
                                  0.000000   25.000000   clock network delay (ideal)
                                 -0.250000   24.750000   clock uncertainty
                                  0.000000   24.750000   clock reconvergence pessimism
                                 -5.000000   19.750000   output external delay
                                             19.750000   data required time
---------------------------------------------------------------------------------------------
                                             19.750000   data required time
                                             -6.043968   data arrival time
---------------------------------------------------------------------------------------------
                                             13.706032   slack (MET)


Startpoint: instr[15] (input port clocked by __VIRTUAL_CLK__)
Endpoint: ImmExt[5] (output port clocked by __VIRTUAL_CLK__)
Path Group: __VIRTUAL_CLK__
Path Type: max

Fanout         Cap        Slew       Delay        Time   Description
---------------------------------------------------------------------------------------------
                      0.000000    0.000000    0.000000   clock __VIRTUAL_CLK__ (rise edge)
                                  0.000000    0.000000   clock network delay (ideal)
                                  5.000000    5.000000 ^ input external delay
     1    0.002625    0.018984    0.009702    5.009703 ^ instr[15] (in)
                                                         instr[15] (net)
                      0.018984    0.000000    5.009703 ^ input8/A (sky130_fd_sc_hd__clkbuf_1)
     2    0.006060    0.080260    0.097526    5.107228 ^ input8/X (sky130_fd_sc_hd__clkbuf_1)
                                                         net8 (net)
                      0.080260    0.000155    5.107384 ^ fanout30/A (sky130_fd_sc_hd__buf_2)
    10    0.032448    0.161915    0.204839    5.312223 ^ fanout30/X (sky130_fd_sc_hd__buf_2)
                                                         net30 (net)
                      0.161919    0.001012    5.313234 ^ _10_/C_N (sky130_fd_sc_hd__nor3b_1)
     2    0.005538    0.229472    0.256657    5.569891 ^ _10_/Y (sky130_fd_sc_hd__nor3b_1)
                                                         _02_ (net)
                      0.229472    0.000083    5.569975 ^ max_cap29/A (sky130_fd_sc_hd__buf_1)
     3    0.010282    0.128419    0.177017    5.746992 ^ max_cap29/X (sky130_fd_sc_hd__buf_1)
                                                         net29 (net)
                      0.128419    0.000214    5.747206 ^ _14_/B1 (sky130_fd_sc_hd__a21o_1)
     1    0.002848    0.038705    0.098190    5.845396 ^ _14_/X (sky130_fd_sc_hd__a21o_1)
                                                         net24 (net)
                      0.038705    0.000064    5.845459 ^ output24/A (sky130_fd_sc_hd__buf_2)
     1    0.034167    0.169702    0.195189    6.040648 ^ output24/X (sky130_fd_sc_hd__buf_2)
                                                         ImmExt[5] (net)
                      0.169753    0.000707    6.041355 ^ ImmExt[5] (out)
                                              6.041355   data arrival time

                      0.000000   25.000000   25.000000   clock __VIRTUAL_CLK__ (rise edge)
                                  0.000000   25.000000   clock network delay (ideal)
                                 -0.250000   24.750000   clock uncertainty
                                  0.000000   24.750000   clock reconvergence pessimism
                                 -5.000000   19.750000   output external delay
                                             19.750000   data required time
---------------------------------------------------------------------------------------------
                                             19.750000   data required time
                                             -6.041355   data arrival time
---------------------------------------------------------------------------------------------
                                             13.708645   slack (MET)


Startpoint: ImmSrc[0] (input port clocked by __VIRTUAL_CLK__)
Endpoint: ImmExt[1] (output port clocked by __VIRTUAL_CLK__)
Path Group: __VIRTUAL_CLK__
Path Type: max

Fanout         Cap        Slew       Delay        Time   Description
---------------------------------------------------------------------------------------------
                      0.000000    0.000000    0.000000   clock __VIRTUAL_CLK__ (rise edge)
                                  0.000000    0.000000   clock network delay (ideal)
                                  5.000000    5.000000 v input external delay
     1    0.002627    0.008225    0.004144    5.004144 v ImmSrc[0] (in)
                                                         ImmSrc[0] (net)
                      0.008225    0.000000    5.004144 v input1/A (sky130_fd_sc_hd__buf_1)
     3    0.010420    0.066807    0.106422    5.110566 v input1/X (sky130_fd_sc_hd__buf_1)
                                                         net1 (net)
                      0.066807    0.000318    5.110884 v fanout31/A (sky130_fd_sc_hd__buf_2)
    10    0.029097    0.078516    0.179978    5.290862 v fanout31/X (sky130_fd_sc_hd__buf_2)
                                                         net31 (net)
                      0.078524    0.000791    5.291653 v _08_/B (sky130_fd_sc_hd__or3b_1)
     1    0.002118    0.060941    0.345247    5.636900 v _08_/X (sky130_fd_sc_hd__or3b_1)
                                                         _01_ (net)
                      0.060941    0.000059    5.636959 v _09_/B1_N (sky130_fd_sc_hd__a21bo_1)
     1    0.003293    0.040726    0.178898    5.815857 ^ _09_/X (sky130_fd_sc_hd__a21bo_1)
                                                         net20 (net)
                      0.040726    0.000086    5.815943 ^ output20/A (sky130_fd_sc_hd__buf_2)
     1    0.033938    0.168618    0.195266    6.011209 ^ output20/X (sky130_fd_sc_hd__buf_2)
                                                         ImmExt[1] (net)
                      0.168619    0.000614    6.011823 ^ ImmExt[1] (out)
                                              6.011823   data arrival time

                      0.000000   25.000000   25.000000   clock __VIRTUAL_CLK__ (rise edge)
                                  0.000000   25.000000   clock network delay (ideal)
                                 -0.250000   24.750000   clock uncertainty
                                  0.000000   24.750000   clock reconvergence pessimism
                                 -5.000000   19.750000   output external delay
                                             19.750000   data required time
---------------------------------------------------------------------------------------------
                                             19.750000   data required time
                                             -6.011823   data arrival time
---------------------------------------------------------------------------------------------
                                             13.738176   slack (MET)


Startpoint: ImmSrc[0] (input port clocked by __VIRTUAL_CLK__)
Endpoint: ImmExt[0] (output port clocked by __VIRTUAL_CLK__)
Path Group: __VIRTUAL_CLK__
Path Type: max

Fanout         Cap        Slew       Delay        Time   Description
---------------------------------------------------------------------------------------------
                      0.000000    0.000000    0.000000   clock __VIRTUAL_CLK__ (rise edge)
                                  0.000000    0.000000   clock network delay (ideal)
                                  5.000000    5.000000 v input external delay
     1    0.002627    0.008225    0.004144    5.004144 v ImmSrc[0] (in)
                                                         ImmSrc[0] (net)
                      0.008225    0.000000    5.004144 v input1/A (sky130_fd_sc_hd__buf_1)
     3    0.010420    0.066807    0.106422    5.110566 v input1/X (sky130_fd_sc_hd__buf_1)
                                                         net1 (net)
                      0.066807    0.000318    5.110884 v fanout31/A (sky130_fd_sc_hd__buf_2)
    10    0.029097    0.078516    0.179978    5.290862 v fanout31/X (sky130_fd_sc_hd__buf_2)
                                                         net31 (net)
                      0.078518    0.000463    5.291325 v _06_/B (sky130_fd_sc_hd__or3b_1)
     1    0.001785    0.058922    0.341634    5.632959 v _06_/X (sky130_fd_sc_hd__or3b_1)
                                                         _00_ (net)
                      0.058922    0.000033    5.632992 v _07_/B1_N (sky130_fd_sc_hd__a21bo_1)
     1    0.003398    0.041471    0.178655    5.811647 ^ _07_/X (sky130_fd_sc_hd__a21bo_1)
                                                         net13 (net)
                      0.041471    0.000112    5.811759 ^ output13/A (sky130_fd_sc_hd__buf_2)
     1    0.034316    0.170397    0.196728    6.008487 ^ output13/X (sky130_fd_sc_hd__buf_2)
                                                         ImmExt[0] (net)
                      0.170449    0.000733    6.009220 ^ ImmExt[0] (out)
                                              6.009220   data arrival time

                      0.000000   25.000000   25.000000   clock __VIRTUAL_CLK__ (rise edge)
                                  0.000000   25.000000   clock network delay (ideal)
                                 -0.250000   24.750000   clock uncertainty
                                  0.000000   24.750000   clock reconvergence pessimism
                                 -5.000000   19.750000   output external delay
                                             19.750000   data required time
---------------------------------------------------------------------------------------------
                                             19.750000   data required time
                                             -6.009220   data arrival time
---------------------------------------------------------------------------------------------
                                             13.740780   slack (MET)


Startpoint: ImmSrc[0] (input port clocked by __VIRTUAL_CLK__)
Endpoint: ImmExt[14] (output port clocked by __VIRTUAL_CLK__)
Path Group: __VIRTUAL_CLK__
Path Type: max

Fanout         Cap        Slew       Delay        Time   Description
---------------------------------------------------------------------------------------------
                      0.000000    0.000000    0.000000   clock __VIRTUAL_CLK__ (rise edge)
                                  0.000000    0.000000   clock network delay (ideal)
                                  5.000000    5.000000 ^ input external delay
     1    0.002803    0.019746    0.010330    5.010331 ^ ImmSrc[0] (in)
                                                         ImmSrc[0] (net)
                      0.019746    0.000000    5.010331 ^ input1/A (sky130_fd_sc_hd__buf_1)
     3    0.010831    0.134087    0.135415    5.145746 ^ input1/X (sky130_fd_sc_hd__buf_1)
                                                         net1 (net)
                      0.134088    0.000333    5.146079 ^ fanout31/A (sky130_fd_sc_hd__buf_2)
    10    0.030910    0.155007    0.218413    5.364491 ^ fanout31/X (sky130_fd_sc_hd__buf_2)
                                                         net31 (net)
                      0.155010    0.000973    5.365465 ^ _15_/A_N (sky130_fd_sc_hd__nand2b_4)
     9    0.040988    0.138132    0.223528    5.588993 ^ _15_/Y (sky130_fd_sc_hd__nand2b_4)
                                                         _03_ (net)
                      0.138149    0.001243    5.590236 ^ _26_/A2 (sky130_fd_sc_hd__a21o_1)
     1    0.003597    0.044348    0.134875    5.725111 ^ _26_/X (sky130_fd_sc_hd__a21o_1)
                                                         net18 (net)
                      0.044348    0.000110    5.725221 ^ output18/A (sky130_fd_sc_hd__buf_2)
     1    0.033943    0.168638    0.196673    5.921894 ^ output18/X (sky130_fd_sc_hd__buf_2)
                                                         ImmExt[14] (net)
                      0.168638    0.000614    5.922508 ^ ImmExt[14] (out)
                                              5.922508   data arrival time

                      0.000000   25.000000   25.000000   clock __VIRTUAL_CLK__ (rise edge)
                                  0.000000   25.000000   clock network delay (ideal)
                                 -0.250000   24.750000   clock uncertainty
                                  0.000000   24.750000   clock reconvergence pessimism
                                 -5.000000   19.750000   output external delay
                                             19.750000   data required time
---------------------------------------------------------------------------------------------
                                             19.750000   data required time
                                             -5.922508   data arrival time
---------------------------------------------------------------------------------------------
                                             13.827492   slack (MET)


Startpoint: ImmSrc[0] (input port clocked by __VIRTUAL_CLK__)
Endpoint: ImmExt[13] (output port clocked by __VIRTUAL_CLK__)
Path Group: __VIRTUAL_CLK__
Path Type: max

Fanout         Cap        Slew       Delay        Time   Description
---------------------------------------------------------------------------------------------
                      0.000000    0.000000    0.000000   clock __VIRTUAL_CLK__ (rise edge)
                                  0.000000    0.000000   clock network delay (ideal)
                                  5.000000    5.000000 ^ input external delay
     1    0.002803    0.019746    0.010330    5.010331 ^ ImmSrc[0] (in)
                                                         ImmSrc[0] (net)
                      0.019746    0.000000    5.010331 ^ input1/A (sky130_fd_sc_hd__buf_1)
     3    0.010831    0.134087    0.135415    5.145746 ^ input1/X (sky130_fd_sc_hd__buf_1)
                                                         net1 (net)
                      0.134088    0.000333    5.146079 ^ fanout31/A (sky130_fd_sc_hd__buf_2)
    10    0.030910    0.155007    0.218413    5.364491 ^ fanout31/X (sky130_fd_sc_hd__buf_2)
                                                         net31 (net)
                      0.155010    0.000973    5.365465 ^ _15_/A_N (sky130_fd_sc_hd__nand2b_4)
     9    0.040988    0.138132    0.223528    5.588993 ^ _15_/Y (sky130_fd_sc_hd__nand2b_4)
                                                         _03_ (net)
                      0.138142    0.000944    5.589937 ^ _24_/A2 (sky130_fd_sc_hd__a21o_1)
     1    0.003120    0.040800    0.131632    5.721568 ^ _24_/X (sky130_fd_sc_hd__a21o_1)
                                                         net17 (net)
                      0.040800    0.000096    5.721664 ^ output17/A (sky130_fd_sc_hd__buf_2)
     1    0.034300    0.170324    0.196411    5.918076 ^ output17/X (sky130_fd_sc_hd__buf_2)
                                                         ImmExt[13] (net)
                      0.170376    0.000741    5.918817 ^ ImmExt[13] (out)
                                              5.918817   data arrival time

                      0.000000   25.000000   25.000000   clock __VIRTUAL_CLK__ (rise edge)
                                  0.000000   25.000000   clock network delay (ideal)
                                 -0.250000   24.750000   clock uncertainty
                                  0.000000   24.750000   clock reconvergence pessimism
                                 -5.000000   19.750000   output external delay
                                             19.750000   data required time
---------------------------------------------------------------------------------------------
                                             19.750000   data required time
                                             -5.918817   data arrival time
---------------------------------------------------------------------------------------------
                                             13.831182   slack (MET)


Startpoint: instr[15] (input port clocked by __VIRTUAL_CLK__)
Endpoint: ImmExt[4] (output port clocked by __VIRTUAL_CLK__)
Path Group: __VIRTUAL_CLK__
Path Type: max

Fanout         Cap        Slew       Delay        Time   Description
---------------------------------------------------------------------------------------------
                      0.000000    0.000000    0.000000   clock __VIRTUAL_CLK__ (rise edge)
                                  0.000000    0.000000   clock network delay (ideal)
                                  5.000000    5.000000 ^ input external delay
     1    0.002625    0.018984    0.009702    5.009703 ^ instr[15] (in)
                                                         instr[15] (net)
                      0.018984    0.000000    5.009703 ^ input8/A (sky130_fd_sc_hd__clkbuf_1)
     2    0.006060    0.080260    0.097526    5.107228 ^ input8/X (sky130_fd_sc_hd__clkbuf_1)
                                                         net8 (net)
                      0.080260    0.000155    5.107384 ^ fanout30/A (sky130_fd_sc_hd__buf_2)
    10    0.032448    0.161915    0.204839    5.312223 ^ fanout30/X (sky130_fd_sc_hd__buf_2)
                                                         net30 (net)
                      0.161919    0.001012    5.313234 ^ _10_/C_N (sky130_fd_sc_hd__nor3b_1)
     2    0.005538    0.229472    0.256657    5.569891 ^ _10_/Y (sky130_fd_sc_hd__nor3b_1)
                                                         _02_ (net)
                      0.229472    0.000107    5.569999 ^ _13_/B1 (sky130_fd_sc_hd__a21o_1)
     1    0.003153    0.041089    0.114918    5.684916 ^ _13_/X (sky130_fd_sc_hd__a21o_1)
                                                         net23 (net)
                      0.041089    0.000096    5.685013 ^ output23/A (sky130_fd_sc_hd__buf_2)
     1    0.034166    0.169697    0.196102    5.881115 ^ output23/X (sky130_fd_sc_hd__buf_2)
                                                         ImmExt[4] (net)
                      0.169697    0.000707    5.881822 ^ ImmExt[4] (out)
                                              5.881822   data arrival time

                      0.000000   25.000000   25.000000   clock __VIRTUAL_CLK__ (rise edge)
                                  0.000000   25.000000   clock network delay (ideal)
                                 -0.250000   24.750000   clock uncertainty
                                  0.000000   24.750000   clock reconvergence pessimism
                                 -5.000000   19.750000   output external delay
                                             19.750000   data required time
---------------------------------------------------------------------------------------------
                                             19.750000   data required time
                                             -5.881822   data arrival time
---------------------------------------------------------------------------------------------
                                             13.868178   slack (MET)


Startpoint: instr[15] (input port clocked by __VIRTUAL_CLK__)
Endpoint: ImmExt[15] (output port clocked by __VIRTUAL_CLK__)
Path Group: __VIRTUAL_CLK__
Path Type: max

Fanout         Cap        Slew       Delay        Time   Description
---------------------------------------------------------------------------------------------
                      0.000000    0.000000    0.000000   clock __VIRTUAL_CLK__ (rise edge)
                                  0.000000    0.000000   clock network delay (ideal)
                                  5.000000    5.000000 ^ input external delay
     1    0.002625    0.018984    0.009702    5.009703 ^ instr[15] (in)
                                                         instr[15] (net)
                      0.018984    0.000000    5.009703 ^ input8/A (sky130_fd_sc_hd__clkbuf_1)
     2    0.006060    0.080260    0.097526    5.107228 ^ input8/X (sky130_fd_sc_hd__clkbuf_1)
                                                         net8 (net)
                      0.080260    0.000134    5.107362 ^ _27_/A (sky130_fd_sc_hd__clkbuf_1)
     1    0.001996    0.035904    0.083866    5.191228 ^ _27_/X (sky130_fd_sc_hd__clkbuf_1)
                                                         net19 (net)
                      0.035904    0.000039    5.191267 ^ output19/A (sky130_fd_sc_hd__buf_2)
     1    0.033963    0.168749    0.193496    5.384763 ^ output19/X (sky130_fd_sc_hd__buf_2)
                                                         ImmExt[15] (net)
                      0.168749    0.000625    5.385387 ^ ImmExt[15] (out)
                                              5.385387   data arrival time

                      0.000000   25.000000   25.000000   clock __VIRTUAL_CLK__ (rise edge)
                                  0.000000   25.000000   clock network delay (ideal)
                                 -0.250000   24.750000   clock uncertainty
                                  0.000000   24.750000   clock reconvergence pessimism
                                 -5.000000   19.750000   output external delay
                                             19.750000   data required time
---------------------------------------------------------------------------------------------
                                             19.750000   data required time
                                             -5.385387   data arrival time
---------------------------------------------------------------------------------------------
                                             14.364613   slack (MET)



