
===========================================================================
report_checks -path_delay max (Setup)
============================================================================
======================= max_ff_n40C_1v95 Corner ===================================

Startpoint: ALU_control[0] (input port clocked by __VIRTUAL_CLK__)
Endpoint: zero (output port clocked by __VIRTUAL_CLK__)
Path Group: __VIRTUAL_CLK__
Path Type: max

Fanout         Cap        Slew       Delay        Time   Description
---------------------------------------------------------------------------------------------
                      0.000000    0.000000    0.000000   clock __VIRTUAL_CLK__ (rise edge)
                                  0.000000    0.000000   clock network delay (ideal)
                                  5.000000    5.000000 ^ input external delay
     1    0.003199    0.015347    0.008327    5.008327 ^ ALU_control[0] (in)
                                                         ALU_control[0] (net)
                      0.015349    0.000000    5.008327 ^ input1/A (sky130_fd_sc_hd__clkbuf_1)
     1    0.004227    0.043911    0.056484    5.064811 ^ input1/X (sky130_fd_sc_hd__clkbuf_1)
                                                         net1 (net)
                      0.043912    0.000261    5.065072 ^ fanout106/A (sky130_fd_sc_hd__buf_2)
    10    0.056165    0.206731    0.191800    5.256872 ^ fanout106/X (sky130_fd_sc_hd__buf_2)
                                                         net106 (net)
                      0.206783    0.002752    5.259624 ^ fanout104/A (sky130_fd_sc_hd__buf_2)
    10    0.039939    0.148009    0.181410    5.441034 ^ fanout104/X (sky130_fd_sc_hd__buf_2)
                                                         net104 (net)
                      0.148043    0.001866    5.442901 ^ _418_/D_N (sky130_fd_sc_hd__or4b_1)
     1    0.007422    0.073008    0.269778    5.712679 v _418_/X (sky130_fd_sc_hd__or4b_1)
                                                         _372_ (net)
                      0.073009    0.000420    5.713099 v fanout57/A (sky130_fd_sc_hd__buf_2)
     8    0.049124    0.083328    0.151324    5.864422 v fanout57/X (sky130_fd_sc_hd__buf_2)
                                                         net57 (net)
                      0.083690    0.004235    5.868658 v fanout56/A (sky130_fd_sc_hd__buf_2)
    10    0.041761    0.075460    0.145099    6.013757 v fanout56/X (sky130_fd_sc_hd__buf_2)
                                                         net56 (net)
                      0.075494    0.001395    6.015152 v _554_/B1 (sky130_fd_sc_hd__o31a_1)
     1    0.005724    0.043363    0.086487    6.101639 v _554_/X (sky130_fd_sc_hd__o31a_1)
                                                         _127_ (net)
                      0.043367    0.000443    6.102082 v _555_/B (sky130_fd_sc_hd__xnor2_1)
     3    0.013049    0.225206    0.196850    6.298931 ^ _555_/Y (sky130_fd_sc_hd__xnor2_1)
                                                         _128_ (net)
                      0.225211    0.000811    6.299742 ^ _557_/B (sky130_fd_sc_hd__xnor2_1)
     3    0.009441    0.075594    0.081815    6.381557 v _557_/Y (sky130_fd_sc_hd__xnor2_1)
                                                         _130_ (net)
                      0.075604    0.000715    6.382272 v _598_/A (sky130_fd_sc_hd__or2_1)
     2    0.006217    0.043478    0.158985    6.541257 v _598_/X (sky130_fd_sc_hd__or2_1)
                                                         _169_ (net)
                      0.043479    0.000274    6.541532 v _600_/C (sky130_fd_sc_hd__or4_2)
     4    0.020511    0.105102    0.398452    6.939983 v _600_/X (sky130_fd_sc_hd__or4_2)
                                                         _171_ (net)
                      0.105190    0.001875    6.941858 v _610_/A1 (sky130_fd_sc_hd__a21o_1)
     3    0.007898    0.039114    0.138463    7.080321 v _610_/X (sky130_fd_sc_hd__a21o_1)
                                                         _181_ (net)
                      0.039118    0.000397    7.080718 v _623_/A1 (sky130_fd_sc_hd__a211o_1)
     2    0.006721    0.046585    0.171562    7.252280 v _623_/X (sky130_fd_sc_hd__a211o_1)
                                                         net51 (net)
                      0.046589    0.000481    7.252761 v _765_/C (sky130_fd_sc_hd__or4b_1)
     1    0.011509    0.089292    0.309226    7.561988 v _765_/X (sky130_fd_sc_hd__or4b_1)
                                                         _328_ (net)
                      0.089299    0.000823    7.562811 v _767_/C (sky130_fd_sc_hd__nor4b_1)
     1    0.007258    0.275489    0.260518    7.823329 ^ _767_/Y (sky130_fd_sc_hd__nor4b_1)
                                                         _330_ (net)
                      0.275492    0.000648    7.823977 ^ _768_/D (sky130_fd_sc_hd__and4b_1)
     1    0.002448    0.038249    0.128103    7.952080 ^ _768_/X (sky130_fd_sc_hd__and4b_1)
                                                         net53 (net)
                      0.038249    0.000166    7.952246 ^ output53/A (sky130_fd_sc_hd__buf_2)
     1    0.034665    0.129322    0.139755    8.092001 ^ output53/X (sky130_fd_sc_hd__buf_2)
                                                         zero (net)
                      0.129354    0.001690    8.093691 ^ zero (out)
                                              8.093691   data arrival time

                      0.000000   25.000000   25.000000   clock __VIRTUAL_CLK__ (rise edge)
                                  0.000000   25.000000   clock network delay (ideal)
                                 -0.250000   24.750000   clock uncertainty
                                  0.000000   24.750000   clock reconvergence pessimism
                                 -5.000000   19.750000   output external delay
                                             19.750000   data required time
---------------------------------------------------------------------------------------------
                                             19.750000   data required time
                                             -8.093691   data arrival time
---------------------------------------------------------------------------------------------
                                             11.656308   slack (MET)


Startpoint: ALU_control[0] (input port clocked by __VIRTUAL_CLK__)
Endpoint: ALU_result[15] (output port clocked by __VIRTUAL_CLK__)
Path Group: __VIRTUAL_CLK__
Path Type: max

Fanout         Cap        Slew       Delay        Time   Description
---------------------------------------------------------------------------------------------
                      0.000000    0.000000    0.000000   clock __VIRTUAL_CLK__ (rise edge)
                                  0.000000    0.000000   clock network delay (ideal)
                                  5.000000    5.000000 ^ input external delay
     1    0.003199    0.015347    0.008327    5.008327 ^ ALU_control[0] (in)
                                                         ALU_control[0] (net)
                      0.015349    0.000000    5.008327 ^ input1/A (sky130_fd_sc_hd__clkbuf_1)
     1    0.004227    0.043911    0.056484    5.064811 ^ input1/X (sky130_fd_sc_hd__clkbuf_1)
                                                         net1 (net)
                      0.043912    0.000261    5.065072 ^ fanout106/A (sky130_fd_sc_hd__buf_2)
    10    0.056165    0.206731    0.191800    5.256872 ^ fanout106/X (sky130_fd_sc_hd__buf_2)
                                                         net106 (net)
                      0.206783    0.002752    5.259624 ^ fanout104/A (sky130_fd_sc_hd__buf_2)
    10    0.039939    0.148009    0.181410    5.441034 ^ fanout104/X (sky130_fd_sc_hd__buf_2)
                                                         net104 (net)
                      0.148043    0.001866    5.442901 ^ _418_/D_N (sky130_fd_sc_hd__or4b_1)
     1    0.007422    0.073008    0.269778    5.712679 v _418_/X (sky130_fd_sc_hd__or4b_1)
                                                         _372_ (net)
                      0.073009    0.000420    5.713099 v fanout57/A (sky130_fd_sc_hd__buf_2)
     8    0.049124    0.083328    0.151324    5.864422 v fanout57/X (sky130_fd_sc_hd__buf_2)
                                                         net57 (net)
                      0.083690    0.004235    5.868658 v fanout56/A (sky130_fd_sc_hd__buf_2)
    10    0.041761    0.075460    0.145099    6.013757 v fanout56/X (sky130_fd_sc_hd__buf_2)
                                                         net56 (net)
                      0.075494    0.001395    6.015152 v _554_/B1 (sky130_fd_sc_hd__o31a_1)
     1    0.005724    0.043363    0.086487    6.101639 v _554_/X (sky130_fd_sc_hd__o31a_1)
                                                         _127_ (net)
                      0.043367    0.000443    6.102082 v _555_/B (sky130_fd_sc_hd__xnor2_1)
     3    0.013049    0.225206    0.196850    6.298931 ^ _555_/Y (sky130_fd_sc_hd__xnor2_1)
                                                         _128_ (net)
                      0.225211    0.000811    6.299742 ^ _557_/B (sky130_fd_sc_hd__xnor2_1)
     3    0.009441    0.075594    0.081815    6.381557 v _557_/Y (sky130_fd_sc_hd__xnor2_1)
                                                         _130_ (net)
                      0.075604    0.000715    6.382272 v _598_/A (sky130_fd_sc_hd__or2_1)
     2    0.006217    0.043478    0.158985    6.541257 v _598_/X (sky130_fd_sc_hd__or2_1)
                                                         _169_ (net)
                      0.043479    0.000274    6.541532 v _600_/C (sky130_fd_sc_hd__or4_2)
     4    0.020511    0.105102    0.398452    6.939983 v _600_/X (sky130_fd_sc_hd__or4_2)
                                                         _171_ (net)
                      0.105186    0.001815    6.941798 v _680_/A1 (sky130_fd_sc_hd__a211o_1)
     2    0.010428    0.058298    0.209152    7.150950 v _680_/X (sky130_fd_sc_hd__a211o_1)
                                                         _247_ (net)
                      0.058307    0.000720    7.151670 v _689_/A1 (sky130_fd_sc_hd__a21o_1)
     5    0.014512    0.056942    0.138877    7.290548 v _689_/X (sky130_fd_sc_hd__a21o_1)
                                                         _256_ (net)
                      0.056955    0.000860    7.291408 v _731_/A1 (sky130_fd_sc_hd__a211o_1)
     3    0.007598    0.049546    0.181398    7.472806 v _731_/X (sky130_fd_sc_hd__a211o_1)
                                                         _296_ (net)
                      0.049547    0.000258    7.473065 v _750_/B (sky130_fd_sc_hd__and3_1)
     1    0.002137    0.025305    0.103812    7.576877 v _750_/X (sky130_fd_sc_hd__and3_1)
                                                         _314_ (net)
                      0.025305    0.000147    7.577024 v _752_/B (sky130_fd_sc_hd__or3_1)
     2    0.004707    0.050335    0.202423    7.779448 v _752_/X (sky130_fd_sc_hd__or3_1)
                                                         _316_ (net)
                      0.050335    0.000249    7.779696 v _762_/A (sky130_fd_sc_hd__nand2_1)
     1    0.003022    0.035137    0.045930    7.825626 ^ _762_/Y (sky130_fd_sc_hd__nand2_1)
                                                         net43 (net)
                      0.035137    0.000205    7.825832 ^ output43/A (sky130_fd_sc_hd__buf_2)
     1    0.034637    0.129228    0.138742    7.964574 ^ output43/X (sky130_fd_sc_hd__buf_2)
                                                         ALU_result[15] (net)
                      0.129261    0.001689    7.966263 ^ ALU_result[15] (out)
                                              7.966263   data arrival time

                      0.000000   25.000000   25.000000   clock __VIRTUAL_CLK__ (rise edge)
                                  0.000000   25.000000   clock network delay (ideal)
                                 -0.250000   24.750000   clock uncertainty
                                  0.000000   24.750000   clock reconvergence pessimism
                                 -5.000000   19.750000   output external delay
                                             19.750000   data required time
---------------------------------------------------------------------------------------------
                                             19.750000   data required time
                                             -7.966263   data arrival time
---------------------------------------------------------------------------------------------
                                             11.783736   slack (MET)


Startpoint: ALU_control[0] (input port clocked by __VIRTUAL_CLK__)
Endpoint: ALU_result[14] (output port clocked by __VIRTUAL_CLK__)
Path Group: __VIRTUAL_CLK__
Path Type: max

Fanout         Cap        Slew       Delay        Time   Description
---------------------------------------------------------------------------------------------
                      0.000000    0.000000    0.000000   clock __VIRTUAL_CLK__ (rise edge)
                                  0.000000    0.000000   clock network delay (ideal)
                                  5.000000    5.000000 ^ input external delay
     1    0.003199    0.015347    0.008327    5.008327 ^ ALU_control[0] (in)
                                                         ALU_control[0] (net)
                      0.015349    0.000000    5.008327 ^ input1/A (sky130_fd_sc_hd__clkbuf_1)
     1    0.004227    0.043911    0.056484    5.064811 ^ input1/X (sky130_fd_sc_hd__clkbuf_1)
                                                         net1 (net)
                      0.043912    0.000261    5.065072 ^ fanout106/A (sky130_fd_sc_hd__buf_2)
    10    0.056165    0.206731    0.191800    5.256872 ^ fanout106/X (sky130_fd_sc_hd__buf_2)
                                                         net106 (net)
                      0.206783    0.002752    5.259624 ^ fanout104/A (sky130_fd_sc_hd__buf_2)
    10    0.039939    0.148009    0.181410    5.441034 ^ fanout104/X (sky130_fd_sc_hd__buf_2)
                                                         net104 (net)
                      0.148043    0.001866    5.442901 ^ _418_/D_N (sky130_fd_sc_hd__or4b_1)
     1    0.007422    0.073008    0.269778    5.712679 v _418_/X (sky130_fd_sc_hd__or4b_1)
                                                         _372_ (net)
                      0.073009    0.000420    5.713099 v fanout57/A (sky130_fd_sc_hd__buf_2)
     8    0.049124    0.083328    0.151324    5.864422 v fanout57/X (sky130_fd_sc_hd__buf_2)
                                                         net57 (net)
                      0.083690    0.004235    5.868658 v fanout56/A (sky130_fd_sc_hd__buf_2)
    10    0.041761    0.075460    0.145099    6.013757 v fanout56/X (sky130_fd_sc_hd__buf_2)
                                                         net56 (net)
                      0.075494    0.001395    6.015152 v _554_/B1 (sky130_fd_sc_hd__o31a_1)
     1    0.005724    0.043363    0.086487    6.101639 v _554_/X (sky130_fd_sc_hd__o31a_1)
                                                         _127_ (net)
                      0.043367    0.000443    6.102082 v _555_/B (sky130_fd_sc_hd__xnor2_1)
     3    0.013049    0.225206    0.196850    6.298931 ^ _555_/Y (sky130_fd_sc_hd__xnor2_1)
                                                         _128_ (net)
                      0.225211    0.000811    6.299742 ^ _557_/B (sky130_fd_sc_hd__xnor2_1)
     3    0.009441    0.075594    0.081815    6.381557 v _557_/Y (sky130_fd_sc_hd__xnor2_1)
                                                         _130_ (net)
                      0.075604    0.000715    6.382272 v _598_/A (sky130_fd_sc_hd__or2_1)
     2    0.006217    0.043478    0.158985    6.541257 v _598_/X (sky130_fd_sc_hd__or2_1)
                                                         _169_ (net)
                      0.043479    0.000274    6.541532 v _600_/C (sky130_fd_sc_hd__or4_2)
     4    0.020511    0.105102    0.398452    6.939983 v _600_/X (sky130_fd_sc_hd__or4_2)
                                                         _171_ (net)
                      0.105186    0.001815    6.941798 v _680_/A1 (sky130_fd_sc_hd__a211o_1)
     2    0.010428    0.058298    0.209152    7.150950 v _680_/X (sky130_fd_sc_hd__a211o_1)
                                                         _247_ (net)
                      0.058307    0.000720    7.151670 v _689_/A1 (sky130_fd_sc_hd__a21o_1)
     5    0.014512    0.056942    0.138877    7.290548 v _689_/X (sky130_fd_sc_hd__a21o_1)
                                                         _256_ (net)
                      0.056955    0.000860    7.291408 v _731_/A1 (sky130_fd_sc_hd__a211o_1)
     3    0.007598    0.049546    0.181398    7.472806 v _731_/X (sky130_fd_sc_hd__a211o_1)
                                                         _296_ (net)
                      0.049547    0.000242    7.473048 v _744_/A2 (sky130_fd_sc_hd__a31o_1)
     2    0.005464    0.035656    0.144229    7.617277 v _744_/X (sky130_fd_sc_hd__a31o_1)
                                                         net42 (net)
                      0.035658    0.000299    7.617576 v output42/A (sky130_fd_sc_hd__buf_2)
     1    0.034546    0.063203    0.119119    7.736695 v output42/X (sky130_fd_sc_hd__buf_2)
                                                         ALU_result[14] (net)
                      0.063257    0.001667    7.738362 v ALU_result[14] (out)
                                              7.738362   data arrival time

                      0.000000   25.000000   25.000000   clock __VIRTUAL_CLK__ (rise edge)
                                  0.000000   25.000000   clock network delay (ideal)
                                 -0.250000   24.750000   clock uncertainty
                                  0.000000   24.750000   clock reconvergence pessimism
                                 -5.000000   19.750000   output external delay
                                             19.750000   data required time
---------------------------------------------------------------------------------------------
                                             19.750000   data required time
                                             -7.738362   data arrival time
---------------------------------------------------------------------------------------------
                                             12.011638   slack (MET)


Startpoint: ALU_control[0] (input port clocked by __VIRTUAL_CLK__)
Endpoint: ALU_result[13] (output port clocked by __VIRTUAL_CLK__)
Path Group: __VIRTUAL_CLK__
Path Type: max

Fanout         Cap        Slew       Delay        Time   Description
---------------------------------------------------------------------------------------------
                      0.000000    0.000000    0.000000   clock __VIRTUAL_CLK__ (rise edge)
                                  0.000000    0.000000   clock network delay (ideal)
                                  5.000000    5.000000 ^ input external delay
     1    0.003199    0.015347    0.008327    5.008327 ^ ALU_control[0] (in)
                                                         ALU_control[0] (net)
                      0.015349    0.000000    5.008327 ^ input1/A (sky130_fd_sc_hd__clkbuf_1)
     1    0.004227    0.043911    0.056484    5.064811 ^ input1/X (sky130_fd_sc_hd__clkbuf_1)
                                                         net1 (net)
                      0.043912    0.000261    5.065072 ^ fanout106/A (sky130_fd_sc_hd__buf_2)
    10    0.056165    0.206731    0.191800    5.256872 ^ fanout106/X (sky130_fd_sc_hd__buf_2)
                                                         net106 (net)
                      0.206783    0.002752    5.259624 ^ fanout104/A (sky130_fd_sc_hd__buf_2)
    10    0.039939    0.148009    0.181410    5.441034 ^ fanout104/X (sky130_fd_sc_hd__buf_2)
                                                         net104 (net)
                      0.148043    0.001866    5.442901 ^ _418_/D_N (sky130_fd_sc_hd__or4b_1)
     1    0.007422    0.073008    0.269778    5.712679 v _418_/X (sky130_fd_sc_hd__or4b_1)
                                                         _372_ (net)
                      0.073009    0.000420    5.713099 v fanout57/A (sky130_fd_sc_hd__buf_2)
     8    0.049124    0.083328    0.151324    5.864422 v fanout57/X (sky130_fd_sc_hd__buf_2)
                                                         net57 (net)
                      0.083690    0.004235    5.868658 v fanout56/A (sky130_fd_sc_hd__buf_2)
    10    0.041761    0.075460    0.145099    6.013757 v fanout56/X (sky130_fd_sc_hd__buf_2)
                                                         net56 (net)
                      0.075494    0.001395    6.015152 v _554_/B1 (sky130_fd_sc_hd__o31a_1)
     1    0.005724    0.043363    0.086487    6.101639 v _554_/X (sky130_fd_sc_hd__o31a_1)
                                                         _127_ (net)
                      0.043367    0.000443    6.102082 v _555_/B (sky130_fd_sc_hd__xnor2_1)
     3    0.013049    0.225206    0.196850    6.298931 ^ _555_/Y (sky130_fd_sc_hd__xnor2_1)
                                                         _128_ (net)
                      0.225211    0.000811    6.299742 ^ _557_/B (sky130_fd_sc_hd__xnor2_1)
     3    0.009441    0.075594    0.081815    6.381557 v _557_/Y (sky130_fd_sc_hd__xnor2_1)
                                                         _130_ (net)
                      0.075604    0.000715    6.382272 v _598_/A (sky130_fd_sc_hd__or2_1)
     2    0.006217    0.043478    0.158985    6.541257 v _598_/X (sky130_fd_sc_hd__or2_1)
                                                         _169_ (net)
                      0.043479    0.000274    6.541532 v _600_/C (sky130_fd_sc_hd__or4_2)
     4    0.020511    0.105102    0.398452    6.939983 v _600_/X (sky130_fd_sc_hd__or4_2)
                                                         _171_ (net)
                      0.105186    0.001815    6.941798 v _680_/A1 (sky130_fd_sc_hd__a211o_1)
     2    0.010428    0.058298    0.209152    7.150950 v _680_/X (sky130_fd_sc_hd__a211o_1)
                                                         _247_ (net)
                      0.058307    0.000720    7.151670 v _689_/A1 (sky130_fd_sc_hd__a21o_1)
     5    0.014512    0.056942    0.138877    7.290548 v _689_/X (sky130_fd_sc_hd__a21o_1)
                                                         _256_ (net)
                      0.056954    0.000826    7.291374 v _711_/A2 (sky130_fd_sc_hd__a31o_1)
     1    0.002619    0.026823    0.135632    7.427006 v _711_/X (sky130_fd_sc_hd__a31o_1)
                                                         _277_ (net)
                      0.026824    0.000191    7.427197 v _723_/A2 (sky130_fd_sc_hd__o21ai_1)
     2    0.008476    0.137971    0.125655    7.552851 ^ _723_/Y (sky130_fd_sc_hd__o21ai_1)
                                                         net41 (net)
                      0.137972    0.000326    7.553177 ^ output41/A (sky130_fd_sc_hd__buf_2)
     1    0.034995    0.130443    0.162522    7.715699 ^ output41/X (sky130_fd_sc_hd__buf_2)
                                                         ALU_result[13] (net)
                      0.130520    0.001768    7.717468 ^ ALU_result[13] (out)
                                              7.717468   data arrival time

                      0.000000   25.000000   25.000000   clock __VIRTUAL_CLK__ (rise edge)
                                  0.000000   25.000000   clock network delay (ideal)
                                 -0.250000   24.750000   clock uncertainty
                                  0.000000   24.750000   clock reconvergence pessimism
                                 -5.000000   19.750000   output external delay
                                             19.750000   data required time
---------------------------------------------------------------------------------------------
                                             19.750000   data required time
                                             -7.717468   data arrival time
---------------------------------------------------------------------------------------------
                                             12.032532   slack (MET)


Startpoint: ALU_control[0] (input port clocked by __VIRTUAL_CLK__)
Endpoint: ALU_result[12] (output port clocked by __VIRTUAL_CLK__)
Path Group: __VIRTUAL_CLK__
Path Type: max

Fanout         Cap        Slew       Delay        Time   Description
---------------------------------------------------------------------------------------------
                      0.000000    0.000000    0.000000   clock __VIRTUAL_CLK__ (rise edge)
                                  0.000000    0.000000   clock network delay (ideal)
                                  5.000000    5.000000 ^ input external delay
     1    0.003199    0.015347    0.008327    5.008327 ^ ALU_control[0] (in)
                                                         ALU_control[0] (net)
                      0.015349    0.000000    5.008327 ^ input1/A (sky130_fd_sc_hd__clkbuf_1)
     1    0.004227    0.043911    0.056484    5.064811 ^ input1/X (sky130_fd_sc_hd__clkbuf_1)
                                                         net1 (net)
                      0.043912    0.000261    5.065072 ^ fanout106/A (sky130_fd_sc_hd__buf_2)
    10    0.056165    0.206731    0.191800    5.256872 ^ fanout106/X (sky130_fd_sc_hd__buf_2)
                                                         net106 (net)
                      0.206783    0.002752    5.259624 ^ fanout104/A (sky130_fd_sc_hd__buf_2)
    10    0.039939    0.148009    0.181410    5.441034 ^ fanout104/X (sky130_fd_sc_hd__buf_2)
                                                         net104 (net)
                      0.148043    0.001866    5.442901 ^ _418_/D_N (sky130_fd_sc_hd__or4b_1)
     1    0.007422    0.073008    0.269778    5.712679 v _418_/X (sky130_fd_sc_hd__or4b_1)
                                                         _372_ (net)
                      0.073009    0.000420    5.713099 v fanout57/A (sky130_fd_sc_hd__buf_2)
     8    0.049124    0.083328    0.151324    5.864422 v fanout57/X (sky130_fd_sc_hd__buf_2)
                                                         net57 (net)
                      0.083690    0.004235    5.868658 v fanout56/A (sky130_fd_sc_hd__buf_2)
    10    0.041761    0.075460    0.145099    6.013757 v fanout56/X (sky130_fd_sc_hd__buf_2)
                                                         net56 (net)
                      0.075494    0.001395    6.015152 v _554_/B1 (sky130_fd_sc_hd__o31a_1)
     1    0.005724    0.043363    0.086487    6.101639 v _554_/X (sky130_fd_sc_hd__o31a_1)
                                                         _127_ (net)
                      0.043367    0.000443    6.102082 v _555_/B (sky130_fd_sc_hd__xnor2_1)
     3    0.013049    0.225206    0.196850    6.298931 ^ _555_/Y (sky130_fd_sc_hd__xnor2_1)
                                                         _128_ (net)
                      0.225211    0.000811    6.299742 ^ _557_/B (sky130_fd_sc_hd__xnor2_1)
     3    0.009441    0.075594    0.081815    6.381557 v _557_/Y (sky130_fd_sc_hd__xnor2_1)
                                                         _130_ (net)
                      0.075604    0.000715    6.382272 v _598_/A (sky130_fd_sc_hd__or2_1)
     2    0.006217    0.043478    0.158985    6.541257 v _598_/X (sky130_fd_sc_hd__or2_1)
                                                         _169_ (net)
                      0.043479    0.000274    6.541532 v _600_/C (sky130_fd_sc_hd__or4_2)
     4    0.020511    0.105102    0.398452    6.939983 v _600_/X (sky130_fd_sc_hd__or4_2)
                                                         _171_ (net)
                      0.105186    0.001815    6.941798 v _680_/A1 (sky130_fd_sc_hd__a211o_1)
     2    0.010428    0.058298    0.209152    7.150950 v _680_/X (sky130_fd_sc_hd__a211o_1)
                                                         _247_ (net)
                      0.058307    0.000721    7.151671 v _690_/A (sky130_fd_sc_hd__and3_1)
     1    0.001905    0.024623    0.093121    7.244792 v _690_/X (sky130_fd_sc_hd__and3_1)
                                                         _257_ (net)
                      0.024623    0.000133    7.244926 v _691_/A (sky130_fd_sc_hd__or3b_1)
     2    0.005881    0.054837    0.224985    7.469911 v _691_/X (sky130_fd_sc_hd__or3b_1)
                                                         _258_ (net)
                      0.054839    0.000414    7.470325 v _704_/A (sky130_fd_sc_hd__nand2_1)
     1    0.002362    0.031761    0.044330    7.514655 ^ _704_/Y (sky130_fd_sc_hd__nand2_1)
                                                         net40 (net)
                      0.031761    0.000162    7.514817 ^ output40/A (sky130_fd_sc_hd__buf_2)
     1    0.034687    0.129414    0.137839    7.652656 ^ output40/X (sky130_fd_sc_hd__buf_2)
                                                         ALU_result[12] (net)
                      0.129446    0.001693    7.654348 ^ ALU_result[12] (out)
                                              7.654348   data arrival time

                      0.000000   25.000000   25.000000   clock __VIRTUAL_CLK__ (rise edge)
                                  0.000000   25.000000   clock network delay (ideal)
                                 -0.250000   24.750000   clock uncertainty
                                  0.000000   24.750000   clock reconvergence pessimism
                                 -5.000000   19.750000   output external delay
                                             19.750000   data required time
---------------------------------------------------------------------------------------------
                                             19.750000   data required time
                                             -7.654348   data arrival time
---------------------------------------------------------------------------------------------
                                             12.095651   slack (MET)


Startpoint: ALU_control[0] (input port clocked by __VIRTUAL_CLK__)
Endpoint: ALU_result[9] (output port clocked by __VIRTUAL_CLK__)
Path Group: __VIRTUAL_CLK__
Path Type: max

Fanout         Cap        Slew       Delay        Time   Description
---------------------------------------------------------------------------------------------
                      0.000000    0.000000    0.000000   clock __VIRTUAL_CLK__ (rise edge)
                                  0.000000    0.000000   clock network delay (ideal)
                                  5.000000    5.000000 ^ input external delay
     1    0.003199    0.015347    0.008327    5.008327 ^ ALU_control[0] (in)
                                                         ALU_control[0] (net)
                      0.015349    0.000000    5.008327 ^ input1/A (sky130_fd_sc_hd__clkbuf_1)
     1    0.004227    0.043911    0.056484    5.064811 ^ input1/X (sky130_fd_sc_hd__clkbuf_1)
                                                         net1 (net)
                      0.043912    0.000261    5.065072 ^ fanout106/A (sky130_fd_sc_hd__buf_2)
    10    0.056165    0.206731    0.191800    5.256872 ^ fanout106/X (sky130_fd_sc_hd__buf_2)
                                                         net106 (net)
                      0.206783    0.002752    5.259624 ^ fanout104/A (sky130_fd_sc_hd__buf_2)
    10    0.039939    0.148009    0.181410    5.441034 ^ fanout104/X (sky130_fd_sc_hd__buf_2)
                                                         net104 (net)
                      0.148043    0.001866    5.442901 ^ _418_/D_N (sky130_fd_sc_hd__or4b_1)
     1    0.007422    0.073008    0.269778    5.712679 v _418_/X (sky130_fd_sc_hd__or4b_1)
                                                         _372_ (net)
                      0.073009    0.000420    5.713099 v fanout57/A (sky130_fd_sc_hd__buf_2)
     8    0.049124    0.083328    0.151324    5.864422 v fanout57/X (sky130_fd_sc_hd__buf_2)
                                                         net57 (net)
                      0.083690    0.004235    5.868658 v fanout56/A (sky130_fd_sc_hd__buf_2)
    10    0.041761    0.075460    0.145099    6.013757 v fanout56/X (sky130_fd_sc_hd__buf_2)
                                                         net56 (net)
                      0.075494    0.001395    6.015152 v _554_/B1 (sky130_fd_sc_hd__o31a_1)
     1    0.005724    0.043363    0.086487    6.101639 v _554_/X (sky130_fd_sc_hd__o31a_1)
                                                         _127_ (net)
                      0.043367    0.000443    6.102082 v _555_/B (sky130_fd_sc_hd__xnor2_1)
     3    0.013049    0.225206    0.196850    6.298931 ^ _555_/Y (sky130_fd_sc_hd__xnor2_1)
                                                         _128_ (net)
                      0.225211    0.000811    6.299742 ^ _557_/B (sky130_fd_sc_hd__xnor2_1)
     3    0.009441    0.075594    0.081815    6.381557 v _557_/Y (sky130_fd_sc_hd__xnor2_1)
                                                         _130_ (net)
                      0.075604    0.000715    6.382272 v _598_/A (sky130_fd_sc_hd__or2_1)
     2    0.006217    0.043478    0.158985    6.541257 v _598_/X (sky130_fd_sc_hd__or2_1)
                                                         _169_ (net)
                      0.043479    0.000274    6.541532 v _600_/C (sky130_fd_sc_hd__or4_2)
     4    0.020511    0.105102    0.398452    6.939983 v _600_/X (sky130_fd_sc_hd__or4_2)
                                                         _171_ (net)
                      0.105190    0.001875    6.941858 v _610_/A1 (sky130_fd_sc_hd__a21o_1)
     3    0.007898    0.039114    0.138463    7.080321 v _610_/X (sky130_fd_sc_hd__a21o_1)
                                                         _181_ (net)
                      0.039115    0.000225    7.080546 v _627_/B (sky130_fd_sc_hd__and3_1)
     1    0.002595    0.026664    0.101923    7.182470 v _627_/X (sky130_fd_sc_hd__and3_1)
                                                         _197_ (net)
                      0.026664    0.000119    7.182589 v _639_/A2 (sky130_fd_sc_hd__o31ai_1)
     2    0.010255    0.270160    0.249748    7.432336 ^ _639_/Y (sky130_fd_sc_hd__o31ai_1)
                                                         net52 (net)
                      0.270163    0.000666    7.433002 ^ output52/A (sky130_fd_sc_hd__buf_2)
     1    0.034898    0.130744    0.175957    7.608959 ^ output52/X (sky130_fd_sc_hd__buf_2)
                                                         ALU_result[9] (net)
                      0.130821    0.001749    7.610708 ^ ALU_result[9] (out)
                                              7.610708   data arrival time

                      0.000000   25.000000   25.000000   clock __VIRTUAL_CLK__ (rise edge)
                                  0.000000   25.000000   clock network delay (ideal)
                                 -0.250000   24.750000   clock uncertainty
                                  0.000000   24.750000   clock reconvergence pessimism
                                 -5.000000   19.750000   output external delay
                                             19.750000   data required time
---------------------------------------------------------------------------------------------
                                             19.750000   data required time
                                             -7.610708   data arrival time
---------------------------------------------------------------------------------------------
                                             12.139292   slack (MET)


Startpoint: ALU_control[0] (input port clocked by __VIRTUAL_CLK__)
Endpoint: ALU_result[11] (output port clocked by __VIRTUAL_CLK__)
Path Group: __VIRTUAL_CLK__
Path Type: max

Fanout         Cap        Slew       Delay        Time   Description
---------------------------------------------------------------------------------------------
                      0.000000    0.000000    0.000000   clock __VIRTUAL_CLK__ (rise edge)
                                  0.000000    0.000000   clock network delay (ideal)
                                  5.000000    5.000000 ^ input external delay
     1    0.003199    0.015347    0.008327    5.008327 ^ ALU_control[0] (in)
                                                         ALU_control[0] (net)
                      0.015349    0.000000    5.008327 ^ input1/A (sky130_fd_sc_hd__clkbuf_1)
     1    0.004227    0.043911    0.056484    5.064811 ^ input1/X (sky130_fd_sc_hd__clkbuf_1)
                                                         net1 (net)
                      0.043912    0.000261    5.065072 ^ fanout106/A (sky130_fd_sc_hd__buf_2)
    10    0.056165    0.206731    0.191800    5.256872 ^ fanout106/X (sky130_fd_sc_hd__buf_2)
                                                         net106 (net)
                      0.206783    0.002752    5.259624 ^ fanout104/A (sky130_fd_sc_hd__buf_2)
    10    0.039939    0.148009    0.181410    5.441034 ^ fanout104/X (sky130_fd_sc_hd__buf_2)
                                                         net104 (net)
                      0.148043    0.001866    5.442901 ^ _418_/D_N (sky130_fd_sc_hd__or4b_1)
     1    0.007422    0.073008    0.269778    5.712679 v _418_/X (sky130_fd_sc_hd__or4b_1)
                                                         _372_ (net)
                      0.073009    0.000420    5.713099 v fanout57/A (sky130_fd_sc_hd__buf_2)
     8    0.049124    0.083328    0.151324    5.864422 v fanout57/X (sky130_fd_sc_hd__buf_2)
                                                         net57 (net)
                      0.083690    0.004235    5.868658 v fanout56/A (sky130_fd_sc_hd__buf_2)
    10    0.041761    0.075460    0.145099    6.013757 v fanout56/X (sky130_fd_sc_hd__buf_2)
                                                         net56 (net)
                      0.075494    0.001395    6.015152 v _554_/B1 (sky130_fd_sc_hd__o31a_1)
     1    0.005724    0.043363    0.086487    6.101639 v _554_/X (sky130_fd_sc_hd__o31a_1)
                                                         _127_ (net)
                      0.043367    0.000443    6.102082 v _555_/B (sky130_fd_sc_hd__xnor2_1)
     3    0.013049    0.225206    0.196850    6.298931 ^ _555_/Y (sky130_fd_sc_hd__xnor2_1)
                                                         _128_ (net)
                      0.225211    0.000811    6.299742 ^ _557_/B (sky130_fd_sc_hd__xnor2_1)
     3    0.009441    0.075594    0.081815    6.381557 v _557_/Y (sky130_fd_sc_hd__xnor2_1)
                                                         _130_ (net)
                      0.075604    0.000715    6.382272 v _598_/A (sky130_fd_sc_hd__or2_1)
     2    0.006217    0.043478    0.158985    6.541257 v _598_/X (sky130_fd_sc_hd__or2_1)
                                                         _169_ (net)
                      0.043479    0.000274    6.541532 v _600_/C (sky130_fd_sc_hd__or4_2)
     4    0.020511    0.105102    0.398452    6.939983 v _600_/X (sky130_fd_sc_hd__or4_2)
                                                         _171_ (net)
                      0.105181    0.001720    6.941703 v _645_/A1 (sky130_fd_sc_hd__a21o_1)
     2    0.005093    0.030744    0.130015    7.071718 v _645_/X (sky130_fd_sc_hd__a21o_1)
                                                         _214_ (net)
                      0.030746    0.000256    7.071973 v _649_/A1 (sky130_fd_sc_hd__a21oi_1)
     3    0.010681    0.183051    0.157771    7.229744 ^ _649_/Y (sky130_fd_sc_hd__a21oi_1)
                                                         _218_ (net)
                      0.183053    0.000523    7.230267 ^ _667_/B (sky130_fd_sc_hd__or3_1)
     1    0.003101    0.031875    0.085945    7.316212 ^ _667_/X (sky130_fd_sc_hd__or3_1)
                                                         _235_ (net)
                      0.031876    0.000217    7.316429 ^ _678_/A3 (sky130_fd_sc_hd__a31o_1)
     2    0.006060    0.053025    0.095432    7.411860 ^ _678_/X (sky130_fd_sc_hd__a31o_1)
                                                         net39 (net)
                      0.053026    0.000298    7.412158 ^ output39/A (sky130_fd_sc_hd__buf_2)
     1    0.034989    0.130427    0.144938    7.557096 ^ output39/X (sky130_fd_sc_hd__buf_2)
                                                         ALU_result[11] (net)
                      0.130463    0.001804    7.558899 ^ ALU_result[11] (out)
                                              7.558899   data arrival time

                      0.000000   25.000000   25.000000   clock __VIRTUAL_CLK__ (rise edge)
                                  0.000000   25.000000   clock network delay (ideal)
                                 -0.250000   24.750000   clock uncertainty
                                  0.000000   24.750000   clock reconvergence pessimism
                                 -5.000000   19.750000   output external delay
                                             19.750000   data required time
---------------------------------------------------------------------------------------------
                                             19.750000   data required time
                                             -7.558899   data arrival time
---------------------------------------------------------------------------------------------
                                             12.191100   slack (MET)


Startpoint: ALU_control[0] (input port clocked by __VIRTUAL_CLK__)
Endpoint: ALU_result[10] (output port clocked by __VIRTUAL_CLK__)
Path Group: __VIRTUAL_CLK__
Path Type: max

Fanout         Cap        Slew       Delay        Time   Description
---------------------------------------------------------------------------------------------
                      0.000000    0.000000    0.000000   clock __VIRTUAL_CLK__ (rise edge)
                                  0.000000    0.000000   clock network delay (ideal)
                                  5.000000    5.000000 ^ input external delay
     1    0.003199    0.015347    0.008327    5.008327 ^ ALU_control[0] (in)
                                                         ALU_control[0] (net)
                      0.015349    0.000000    5.008327 ^ input1/A (sky130_fd_sc_hd__clkbuf_1)
     1    0.004227    0.043911    0.056484    5.064811 ^ input1/X (sky130_fd_sc_hd__clkbuf_1)
                                                         net1 (net)
                      0.043912    0.000261    5.065072 ^ fanout106/A (sky130_fd_sc_hd__buf_2)
    10    0.056165    0.206731    0.191800    5.256872 ^ fanout106/X (sky130_fd_sc_hd__buf_2)
                                                         net106 (net)
                      0.206783    0.002752    5.259624 ^ fanout104/A (sky130_fd_sc_hd__buf_2)
    10    0.039939    0.148009    0.181410    5.441034 ^ fanout104/X (sky130_fd_sc_hd__buf_2)
                                                         net104 (net)
                      0.148043    0.001866    5.442901 ^ _418_/D_N (sky130_fd_sc_hd__or4b_1)
     1    0.007422    0.073008    0.269778    5.712679 v _418_/X (sky130_fd_sc_hd__or4b_1)
                                                         _372_ (net)
                      0.073009    0.000420    5.713099 v fanout57/A (sky130_fd_sc_hd__buf_2)
     8    0.049124    0.083328    0.151324    5.864422 v fanout57/X (sky130_fd_sc_hd__buf_2)
                                                         net57 (net)
                      0.083690    0.004235    5.868658 v fanout56/A (sky130_fd_sc_hd__buf_2)
    10    0.041761    0.075460    0.145099    6.013757 v fanout56/X (sky130_fd_sc_hd__buf_2)
                                                         net56 (net)
                      0.075494    0.001395    6.015152 v _554_/B1 (sky130_fd_sc_hd__o31a_1)
     1    0.005724    0.043363    0.086487    6.101639 v _554_/X (sky130_fd_sc_hd__o31a_1)
                                                         _127_ (net)
                      0.043367    0.000443    6.102082 v _555_/B (sky130_fd_sc_hd__xnor2_1)
     3    0.013049    0.225206    0.196850    6.298931 ^ _555_/Y (sky130_fd_sc_hd__xnor2_1)
                                                         _128_ (net)
                      0.225211    0.000811    6.299742 ^ _557_/B (sky130_fd_sc_hd__xnor2_1)
     3    0.009441    0.075594    0.081815    6.381557 v _557_/Y (sky130_fd_sc_hd__xnor2_1)
                                                         _130_ (net)
                      0.075604    0.000715    6.382272 v _598_/A (sky130_fd_sc_hd__or2_1)
     2    0.006217    0.043478    0.158985    6.541257 v _598_/X (sky130_fd_sc_hd__or2_1)
                                                         _169_ (net)
                      0.043479    0.000274    6.541532 v _600_/C (sky130_fd_sc_hd__or4_2)
     4    0.020511    0.105102    0.398452    6.939983 v _600_/X (sky130_fd_sc_hd__or4_2)
                                                         _171_ (net)
                      0.105181    0.001720    6.941703 v _645_/A1 (sky130_fd_sc_hd__a21o_1)
     2    0.005093    0.030744    0.130015    7.071718 v _645_/X (sky130_fd_sc_hd__a21o_1)
                                                         _214_ (net)
                      0.030745    0.000172    7.071890 v _648_/B (sky130_fd_sc_hd__and3_1)
     1    0.003893    0.030964    0.104488    7.176378 v _648_/X (sky130_fd_sc_hd__and3_1)
                                                         _217_ (net)
                      0.030964    0.000164    7.176542 v _662_/A2 (sky130_fd_sc_hd__o31ai_1)
     2    0.006369    0.195996    0.195049    7.371591 ^ _662_/Y (sky130_fd_sc_hd__o31ai_1)
                                                         net38 (net)
                      0.195997    0.000394    7.371985 ^ output38/A (sky130_fd_sc_hd__buf_2)
     1    0.034714    0.129745    0.167856    7.539842 ^ output38/X (sky130_fd_sc_hd__buf_2)
                                                         ALU_result[10] (net)
                      0.129821    0.001726    7.541568 ^ ALU_result[10] (out)
                                              7.541568   data arrival time

                      0.000000   25.000000   25.000000   clock __VIRTUAL_CLK__ (rise edge)
                                  0.000000   25.000000   clock network delay (ideal)
                                 -0.250000   24.750000   clock uncertainty
                                  0.000000   24.750000   clock reconvergence pessimism
                                 -5.000000   19.750000   output external delay
                                             19.750000   data required time
---------------------------------------------------------------------------------------------
                                             19.750000   data required time
                                             -7.541568   data arrival time
---------------------------------------------------------------------------------------------
                                             12.208432   slack (MET)


Startpoint: ALU_control[0] (input port clocked by __VIRTUAL_CLK__)
Endpoint: ALU_result[8] (output port clocked by __VIRTUAL_CLK__)
Path Group: __VIRTUAL_CLK__
Path Type: max

Fanout         Cap        Slew       Delay        Time   Description
---------------------------------------------------------------------------------------------
                      0.000000    0.000000    0.000000   clock __VIRTUAL_CLK__ (rise edge)
                                  0.000000    0.000000   clock network delay (ideal)
                                  5.000000    5.000000 ^ input external delay
     1    0.003199    0.015347    0.008327    5.008327 ^ ALU_control[0] (in)
                                                         ALU_control[0] (net)
                      0.015349    0.000000    5.008327 ^ input1/A (sky130_fd_sc_hd__clkbuf_1)
     1    0.004227    0.043911    0.056484    5.064811 ^ input1/X (sky130_fd_sc_hd__clkbuf_1)
                                                         net1 (net)
                      0.043912    0.000261    5.065072 ^ fanout106/A (sky130_fd_sc_hd__buf_2)
    10    0.056165    0.206731    0.191800    5.256872 ^ fanout106/X (sky130_fd_sc_hd__buf_2)
                                                         net106 (net)
                      0.206783    0.002752    5.259624 ^ fanout104/A (sky130_fd_sc_hd__buf_2)
    10    0.039939    0.148009    0.181410    5.441034 ^ fanout104/X (sky130_fd_sc_hd__buf_2)
                                                         net104 (net)
                      0.148043    0.001866    5.442901 ^ _418_/D_N (sky130_fd_sc_hd__or4b_1)
     1    0.007422    0.073008    0.269778    5.712679 v _418_/X (sky130_fd_sc_hd__or4b_1)
                                                         _372_ (net)
                      0.073009    0.000420    5.713099 v fanout57/A (sky130_fd_sc_hd__buf_2)
     8    0.049124    0.083328    0.151324    5.864422 v fanout57/X (sky130_fd_sc_hd__buf_2)
                                                         net57 (net)
                      0.083690    0.004235    5.868658 v fanout56/A (sky130_fd_sc_hd__buf_2)
    10    0.041761    0.075460    0.145099    6.013757 v fanout56/X (sky130_fd_sc_hd__buf_2)
                                                         net56 (net)
                      0.075494    0.001395    6.015152 v _554_/B1 (sky130_fd_sc_hd__o31a_1)
     1    0.005724    0.043363    0.086487    6.101639 v _554_/X (sky130_fd_sc_hd__o31a_1)
                                                         _127_ (net)
                      0.043367    0.000443    6.102082 v _555_/B (sky130_fd_sc_hd__xnor2_1)
     3    0.013049    0.225206    0.196850    6.298931 ^ _555_/Y (sky130_fd_sc_hd__xnor2_1)
                                                         _128_ (net)
                      0.225211    0.000811    6.299742 ^ _557_/B (sky130_fd_sc_hd__xnor2_1)
     3    0.009441    0.075594    0.081815    6.381557 v _557_/Y (sky130_fd_sc_hd__xnor2_1)
                                                         _130_ (net)
                      0.075604    0.000715    6.382272 v _598_/A (sky130_fd_sc_hd__or2_1)
     2    0.006217    0.043478    0.158985    6.541257 v _598_/X (sky130_fd_sc_hd__or2_1)
                                                         _169_ (net)
                      0.043479    0.000274    6.541532 v _600_/C (sky130_fd_sc_hd__or4_2)
     4    0.020511    0.105102    0.398452    6.939983 v _600_/X (sky130_fd_sc_hd__or4_2)
                                                         _171_ (net)
                      0.105190    0.001875    6.941858 v _610_/A1 (sky130_fd_sc_hd__a21o_1)
     3    0.007898    0.039114    0.138463    7.080321 v _610_/X (sky130_fd_sc_hd__a21o_1)
                                                         _181_ (net)
                      0.039118    0.000397    7.080718 v _623_/A1 (sky130_fd_sc_hd__a211o_1)
     2    0.006721    0.046585    0.171562    7.252280 v _623_/X (sky130_fd_sc_hd__a211o_1)
                                                         net51 (net)
                      0.046589    0.000466    7.252746 v output51/A (sky130_fd_sc_hd__buf_2)
     1    0.034141    0.062616    0.122945    7.375690 v output51/X (sky130_fd_sc_hd__buf_2)
                                                         ALU_result[8] (net)
                      0.062674    0.001699    7.377389 v ALU_result[8] (out)
                                              7.377389   data arrival time

                      0.000000   25.000000   25.000000   clock __VIRTUAL_CLK__ (rise edge)
                                  0.000000   25.000000   clock network delay (ideal)
                                 -0.250000   24.750000   clock uncertainty
                                  0.000000   24.750000   clock reconvergence pessimism
                                 -5.000000   19.750000   output external delay
                                             19.750000   data required time
---------------------------------------------------------------------------------------------
                                             19.750000   data required time
                                             -7.377389   data arrival time
---------------------------------------------------------------------------------------------
                                             12.372610   slack (MET)


Startpoint: ALU_control[0] (input port clocked by __VIRTUAL_CLK__)
Endpoint: ALU_result[7] (output port clocked by __VIRTUAL_CLK__)
Path Group: __VIRTUAL_CLK__
Path Type: max

Fanout         Cap        Slew       Delay        Time   Description
---------------------------------------------------------------------------------------------
                      0.000000    0.000000    0.000000   clock __VIRTUAL_CLK__ (rise edge)
                                  0.000000    0.000000   clock network delay (ideal)
                                  5.000000    5.000000 ^ input external delay
     1    0.003199    0.015347    0.008327    5.008327 ^ ALU_control[0] (in)
                                                         ALU_control[0] (net)
                      0.015349    0.000000    5.008327 ^ input1/A (sky130_fd_sc_hd__clkbuf_1)
     1    0.004227    0.043911    0.056484    5.064811 ^ input1/X (sky130_fd_sc_hd__clkbuf_1)
                                                         net1 (net)
                      0.043912    0.000261    5.065072 ^ fanout106/A (sky130_fd_sc_hd__buf_2)
    10    0.056165    0.206731    0.191800    5.256872 ^ fanout106/X (sky130_fd_sc_hd__buf_2)
                                                         net106 (net)
                      0.206783    0.002752    5.259624 ^ fanout104/A (sky130_fd_sc_hd__buf_2)
    10    0.039939    0.148009    0.181410    5.441034 ^ fanout104/X (sky130_fd_sc_hd__buf_2)
                                                         net104 (net)
                      0.148043    0.001866    5.442901 ^ _418_/D_N (sky130_fd_sc_hd__or4b_1)
     1    0.007422    0.073008    0.269778    5.712679 v _418_/X (sky130_fd_sc_hd__or4b_1)
                                                         _372_ (net)
                      0.073009    0.000420    5.713099 v fanout57/A (sky130_fd_sc_hd__buf_2)
     8    0.049124    0.083328    0.151324    5.864422 v fanout57/X (sky130_fd_sc_hd__buf_2)
                                                         net57 (net)
                      0.083438    0.002046    5.866468 v _446_/B (sky130_fd_sc_hd__and2b_1)
     1    0.004691    0.030350    0.122687    5.989156 v _446_/X (sky130_fd_sc_hd__and2b_1)
                                                         _023_ (net)
                      0.030355    0.000352    5.989508 v _447_/B (sky130_fd_sc_hd__xnor2_1)
     2    0.010897    0.194477    0.169950    6.159458 ^ _447_/Y (sky130_fd_sc_hd__xnor2_1)
                                                         _024_ (net)
                      0.194479    0.000562    6.160020 ^ _449_/B (sky130_fd_sc_hd__xor2_2)
     4    0.013799    0.154395    0.142747    6.302767 ^ _449_/X (sky130_fd_sc_hd__xor2_2)
                                                         _026_ (net)
                      0.154395    0.000499    6.303266 ^ _509_/A2 (sky130_fd_sc_hd__a211oi_2)
     3    0.020586    0.081079    0.094472    6.397738 v _509_/Y (sky130_fd_sc_hd__a211oi_2)
                                                         _084_ (net)
                      0.081126    0.001485    6.399223 v _510_/C (sky130_fd_sc_hd__or3_2)
     5    0.016976    0.080689    0.285615    6.684838 v _510_/X (sky130_fd_sc_hd__or3_2)
                                                         _085_ (net)
                      0.080723    0.001191    6.686028 v _559_/A2 (sky130_fd_sc_hd__a311o_1)
     3    0.010193    0.064752    0.237495    6.923524 v _559_/X (sky130_fd_sc_hd__a311o_1)
                                                         _132_ (net)
                      0.064758    0.000637    6.924160 v _583_/A2 (sky130_fd_sc_hd__a21o_1)
     1    0.002567    0.023188    0.120386    7.044547 v _583_/X (sky130_fd_sc_hd__a21o_1)
                                                         _155_ (net)
                      0.023188    0.000120    7.044667 v _597_/A3 (sky130_fd_sc_hd__a31o_1)
     2    0.007505    0.042025    0.147842    7.192509 v _597_/X (sky130_fd_sc_hd__a31o_1)
                                                         net50 (net)
                      0.042029    0.000419    7.192928 v output50/A (sky130_fd_sc_hd__buf_2)
     1    0.033975    0.062346    0.120998    7.313926 v output50/X (sky130_fd_sc_hd__buf_2)
                                                         ALU_result[7] (net)
                      0.062396    0.001587    7.315512 v ALU_result[7] (out)
                                              7.315512   data arrival time

                      0.000000   25.000000   25.000000   clock __VIRTUAL_CLK__ (rise edge)
                                  0.000000   25.000000   clock network delay (ideal)
                                 -0.250000   24.750000   clock uncertainty
                                  0.000000   24.750000   clock reconvergence pessimism
                                 -5.000000   19.750000   output external delay
                                             19.750000   data required time
---------------------------------------------------------------------------------------------
                                             19.750000   data required time
                                             -7.315512   data arrival time
---------------------------------------------------------------------------------------------
                                             12.434487   slack (MET)


Startpoint: ALU_control[0] (input port clocked by __VIRTUAL_CLK__)
Endpoint: ALU_result[6] (output port clocked by __VIRTUAL_CLK__)
Path Group: __VIRTUAL_CLK__
Path Type: max

Fanout         Cap        Slew       Delay        Time   Description
---------------------------------------------------------------------------------------------
                      0.000000    0.000000    0.000000   clock __VIRTUAL_CLK__ (rise edge)
                                  0.000000    0.000000   clock network delay (ideal)
                                  5.000000    5.000000 ^ input external delay
     1    0.003199    0.015347    0.008327    5.008327 ^ ALU_control[0] (in)
                                                         ALU_control[0] (net)
                      0.015349    0.000000    5.008327 ^ input1/A (sky130_fd_sc_hd__clkbuf_1)
     1    0.004227    0.043911    0.056484    5.064811 ^ input1/X (sky130_fd_sc_hd__clkbuf_1)
                                                         net1 (net)
                      0.043912    0.000261    5.065072 ^ fanout106/A (sky130_fd_sc_hd__buf_2)
    10    0.056165    0.206731    0.191800    5.256872 ^ fanout106/X (sky130_fd_sc_hd__buf_2)
                                                         net106 (net)
                      0.206783    0.002752    5.259624 ^ fanout104/A (sky130_fd_sc_hd__buf_2)
    10    0.039939    0.148009    0.181410    5.441034 ^ fanout104/X (sky130_fd_sc_hd__buf_2)
                                                         net104 (net)
                      0.148043    0.001866    5.442901 ^ _418_/D_N (sky130_fd_sc_hd__or4b_1)
     1    0.007422    0.073008    0.269778    5.712679 v _418_/X (sky130_fd_sc_hd__or4b_1)
                                                         _372_ (net)
                      0.073009    0.000420    5.713099 v fanout57/A (sky130_fd_sc_hd__buf_2)
     8    0.049124    0.083328    0.151324    5.864422 v fanout57/X (sky130_fd_sc_hd__buf_2)
                                                         net57 (net)
                      0.083441    0.002085    5.866508 v _419_/C (sky130_fd_sc_hd__and3_1)
     2    0.005284    0.034576    0.140640    6.007148 v _419_/X (sky130_fd_sc_hd__and3_1)
                                                         _373_ (net)
                      0.034577    0.000178    6.007326 v _421_/B (sky130_fd_sc_hd__or3_1)
     3    0.009571    0.069344    0.228194    6.235521 v _421_/X (sky130_fd_sc_hd__or3_1)
                                                         _375_ (net)
                      0.069345    0.000345    6.235865 v _445_/A2 (sky130_fd_sc_hd__a21bo_1)
     4    0.013350    0.055064    0.164606    6.400471 v _445_/X (sky130_fd_sc_hd__a21bo_1)
                                                         _022_ (net)
                      0.055092    0.001147    6.401618 v _509_/A1 (sky130_fd_sc_hd__a211oi_2)
     3    0.021333    0.300221    0.269584    6.671202 ^ _509_/Y (sky130_fd_sc_hd__a211oi_2)
                                                         _084_ (net)
                      0.300233    0.001553    6.672755 ^ _510_/C (sky130_fd_sc_hd__or3_2)
     5    0.017982    0.074425    0.145195    6.817949 ^ _510_/X (sky130_fd_sc_hd__or3_2)
                                                         _085_ (net)
                      0.074448    0.001264    6.819214 ^ _559_/A2 (sky130_fd_sc_hd__a311o_1)
     3    0.010770    0.095720    0.143376    6.962590 ^ _559_/X (sky130_fd_sc_hd__a311o_1)
                                                         _132_ (net)
                      0.095722    0.000563    6.963153 ^ _561_/B (sky130_fd_sc_hd__nand2_1)
     1    0.003307    0.051076    0.037468    7.000621 v _561_/Y (sky130_fd_sc_hd__nand2_1)
                                                         _134_ (net)
                      0.051077    0.000249    7.000870 v _578_/A2 (sky130_fd_sc_hd__o21ai_1)
     2    0.009507    0.150609    0.143203    7.144073 ^ _578_/Y (sky130_fd_sc_hd__o21ai_1)
                                                         net49 (net)
                      0.150612    0.000533    7.144607 ^ output49/A (sky130_fd_sc_hd__buf_2)
     1    0.034193    0.127698    0.161904    7.306511 ^ output49/X (sky130_fd_sc_hd__buf_2)
                                                         ALU_result[6] (net)
                      0.127773    0.001703    7.308214 ^ ALU_result[6] (out)
                                              7.308214   data arrival time

                      0.000000   25.000000   25.000000   clock __VIRTUAL_CLK__ (rise edge)
                                  0.000000   25.000000   clock network delay (ideal)
                                 -0.250000   24.750000   clock uncertainty
                                  0.000000   24.750000   clock reconvergence pessimism
                                 -5.000000   19.750000   output external delay
                                             19.750000   data required time
---------------------------------------------------------------------------------------------
                                             19.750000   data required time
                                             -7.308214   data arrival time
---------------------------------------------------------------------------------------------
                                             12.441785   slack (MET)


Startpoint: ALU_control[0] (input port clocked by __VIRTUAL_CLK__)
Endpoint: ALU_result[5] (output port clocked by __VIRTUAL_CLK__)
Path Group: __VIRTUAL_CLK__
Path Type: max

Fanout         Cap        Slew       Delay        Time   Description
---------------------------------------------------------------------------------------------
                      0.000000    0.000000    0.000000   clock __VIRTUAL_CLK__ (rise edge)
                                  0.000000    0.000000   clock network delay (ideal)
                                  5.000000    5.000000 ^ input external delay
     1    0.003199    0.015347    0.008327    5.008327 ^ ALU_control[0] (in)
                                                         ALU_control[0] (net)
                      0.015349    0.000000    5.008327 ^ input1/A (sky130_fd_sc_hd__clkbuf_1)
     1    0.004227    0.043911    0.056484    5.064811 ^ input1/X (sky130_fd_sc_hd__clkbuf_1)
                                                         net1 (net)
                      0.043912    0.000261    5.065072 ^ fanout106/A (sky130_fd_sc_hd__buf_2)
    10    0.056165    0.206731    0.191800    5.256872 ^ fanout106/X (sky130_fd_sc_hd__buf_2)
                                                         net106 (net)
                      0.206783    0.002752    5.259624 ^ fanout104/A (sky130_fd_sc_hd__buf_2)
    10    0.039939    0.148009    0.181410    5.441034 ^ fanout104/X (sky130_fd_sc_hd__buf_2)
                                                         net104 (net)
                      0.148043    0.001866    5.442901 ^ _418_/D_N (sky130_fd_sc_hd__or4b_1)
     1    0.007422    0.073008    0.269778    5.712679 v _418_/X (sky130_fd_sc_hd__or4b_1)
                                                         _372_ (net)
                      0.073009    0.000420    5.713099 v fanout57/A (sky130_fd_sc_hd__buf_2)
     8    0.049124    0.083328    0.151324    5.864422 v fanout57/X (sky130_fd_sc_hd__buf_2)
                                                         net57 (net)
                      0.083441    0.002085    5.866508 v _419_/C (sky130_fd_sc_hd__and3_1)
     2    0.005284    0.034576    0.140640    6.007148 v _419_/X (sky130_fd_sc_hd__and3_1)
                                                         _373_ (net)
                      0.034577    0.000178    6.007326 v _421_/B (sky130_fd_sc_hd__or3_1)
     3    0.009571    0.069344    0.228194    6.235521 v _421_/X (sky130_fd_sc_hd__or3_1)
                                                         _375_ (net)
                      0.069345    0.000345    6.235865 v _445_/A2 (sky130_fd_sc_hd__a21bo_1)
     4    0.013350    0.055064    0.164606    6.400471 v _445_/X (sky130_fd_sc_hd__a21bo_1)
                                                         _022_ (net)
                      0.055092    0.001147    6.401618 v _509_/A1 (sky130_fd_sc_hd__a211oi_2)
     3    0.021333    0.300221    0.269584    6.671202 ^ _509_/Y (sky130_fd_sc_hd__a211oi_2)
                                                         _084_ (net)
                      0.300233    0.001553    6.672755 ^ _510_/C (sky130_fd_sc_hd__or3_2)
     5    0.017982    0.074425    0.145195    6.817949 ^ _510_/X (sky130_fd_sc_hd__or3_2)
                                                         _085_ (net)
                      0.074439    0.001042    6.818992 ^ _535_/A2 (sky130_fd_sc_hd__a21o_1)
     1    0.003287    0.030338    0.075345    6.894336 ^ _535_/X (sky130_fd_sc_hd__a21o_1)
                                                         _109_ (net)
                      0.030340    0.000224    6.894560 ^ _553_/A3 (sky130_fd_sc_hd__a31o_1)
     2    0.006507    0.055913    0.097304    6.991864 ^ _553_/X (sky130_fd_sc_hd__a31o_1)
                                                         net48 (net)
                      0.055913    0.000292    6.992156 ^ output48/A (sky130_fd_sc_hd__buf_2)
     1    0.034228    0.128115    0.143784    7.135940 ^ output48/X (sky130_fd_sc_hd__buf_2)
                                                         ALU_result[5] (net)
                      0.128145    0.001647    7.137587 ^ ALU_result[5] (out)
                                              7.137587   data arrival time

                      0.000000   25.000000   25.000000   clock __VIRTUAL_CLK__ (rise edge)
                                  0.000000   25.000000   clock network delay (ideal)
                                 -0.250000   24.750000   clock uncertainty
                                  0.000000   24.750000   clock reconvergence pessimism
                                 -5.000000   19.750000   output external delay
                                             19.750000   data required time
---------------------------------------------------------------------------------------------
                                             19.750000   data required time
                                             -7.137587   data arrival time
---------------------------------------------------------------------------------------------
                                             12.612412   slack (MET)


Startpoint: ALU_control[0] (input port clocked by __VIRTUAL_CLK__)
Endpoint: ALU_result[4] (output port clocked by __VIRTUAL_CLK__)
Path Group: __VIRTUAL_CLK__
Path Type: max

Fanout         Cap        Slew       Delay        Time   Description
---------------------------------------------------------------------------------------------
                      0.000000    0.000000    0.000000   clock __VIRTUAL_CLK__ (rise edge)
                                  0.000000    0.000000   clock network delay (ideal)
                                  5.000000    5.000000 ^ input external delay
     1    0.003199    0.015347    0.008327    5.008327 ^ ALU_control[0] (in)
                                                         ALU_control[0] (net)
                      0.015349    0.000000    5.008327 ^ input1/A (sky130_fd_sc_hd__clkbuf_1)
     1    0.004227    0.043911    0.056484    5.064811 ^ input1/X (sky130_fd_sc_hd__clkbuf_1)
                                                         net1 (net)
                      0.043912    0.000261    5.065072 ^ fanout106/A (sky130_fd_sc_hd__buf_2)
    10    0.056165    0.206731    0.191800    5.256872 ^ fanout106/X (sky130_fd_sc_hd__buf_2)
                                                         net106 (net)
                      0.206783    0.002752    5.259624 ^ fanout104/A (sky130_fd_sc_hd__buf_2)
    10    0.039939    0.148009    0.181410    5.441034 ^ fanout104/X (sky130_fd_sc_hd__buf_2)
                                                         net104 (net)
                      0.148043    0.001866    5.442901 ^ _418_/D_N (sky130_fd_sc_hd__or4b_1)
     1    0.007422    0.073008    0.269778    5.712679 v _418_/X (sky130_fd_sc_hd__or4b_1)
                                                         _372_ (net)
                      0.073009    0.000420    5.713099 v fanout57/A (sky130_fd_sc_hd__buf_2)
     8    0.049124    0.083328    0.151324    5.864422 v fanout57/X (sky130_fd_sc_hd__buf_2)
                                                         net57 (net)
                      0.083441    0.002085    5.866508 v _419_/C (sky130_fd_sc_hd__and3_1)
     2    0.005284    0.034576    0.140640    6.007148 v _419_/X (sky130_fd_sc_hd__and3_1)
                                                         _373_ (net)
                      0.034577    0.000178    6.007326 v _421_/B (sky130_fd_sc_hd__or3_1)
     3    0.009571    0.069344    0.228194    6.235521 v _421_/X (sky130_fd_sc_hd__or3_1)
                                                         _375_ (net)
                      0.069345    0.000345    6.235865 v _445_/A2 (sky130_fd_sc_hd__a21bo_1)
     4    0.013350    0.055064    0.164606    6.400471 v _445_/X (sky130_fd_sc_hd__a21bo_1)
                                                         _022_ (net)
                      0.055092    0.001147    6.401618 v _509_/A1 (sky130_fd_sc_hd__a211oi_2)
     3    0.021333    0.300221    0.269584    6.671202 ^ _509_/Y (sky130_fd_sc_hd__a211oi_2)
                                                         _084_ (net)
                      0.300233    0.001553    6.672755 ^ _510_/C (sky130_fd_sc_hd__or3_2)
     5    0.017982    0.074425    0.145195    6.817949 ^ _510_/X (sky130_fd_sc_hd__or3_2)
                                                         _085_ (net)
                      0.074427    0.000544    6.818494 ^ _527_/A2 (sky130_fd_sc_hd__a31o_1)
     2    0.005570    0.049867    0.099129    6.917623 ^ _527_/X (sky130_fd_sc_hd__a31o_1)
                                                         net47 (net)
                      0.049867    0.000205    6.917828 ^ output47/A (sky130_fd_sc_hd__buf_2)
     1    0.034252    0.127827    0.142232    7.060060 ^ output47/X (sky130_fd_sc_hd__buf_2)
                                                         ALU_result[4] (net)
                      0.127860    0.001714    7.061774 ^ ALU_result[4] (out)
                                              7.061774   data arrival time

                      0.000000   25.000000   25.000000   clock __VIRTUAL_CLK__ (rise edge)
                                  0.000000   25.000000   clock network delay (ideal)
                                 -0.250000   24.750000   clock uncertainty
                                  0.000000   24.750000   clock reconvergence pessimism
                                 -5.000000   19.750000   output external delay
                                             19.750000   data required time
---------------------------------------------------------------------------------------------
                                             19.750000   data required time
                                             -7.061774   data arrival time
---------------------------------------------------------------------------------------------
                                             12.688226   slack (MET)


Startpoint: ALU_control[0] (input port clocked by __VIRTUAL_CLK__)
Endpoint: ALU_result[3] (output port clocked by __VIRTUAL_CLK__)
Path Group: __VIRTUAL_CLK__
Path Type: max

Fanout         Cap        Slew       Delay        Time   Description
---------------------------------------------------------------------------------------------
                      0.000000    0.000000    0.000000   clock __VIRTUAL_CLK__ (rise edge)
                                  0.000000    0.000000   clock network delay (ideal)
                                  5.000000    5.000000 ^ input external delay
     1    0.003199    0.015347    0.008327    5.008327 ^ ALU_control[0] (in)
                                                         ALU_control[0] (net)
                      0.015349    0.000000    5.008327 ^ input1/A (sky130_fd_sc_hd__clkbuf_1)
     1    0.004227    0.043911    0.056484    5.064811 ^ input1/X (sky130_fd_sc_hd__clkbuf_1)
                                                         net1 (net)
                      0.043912    0.000261    5.065072 ^ fanout106/A (sky130_fd_sc_hd__buf_2)
    10    0.056165    0.206731    0.191800    5.256872 ^ fanout106/X (sky130_fd_sc_hd__buf_2)
                                                         net106 (net)
                      0.206783    0.002752    5.259624 ^ fanout104/A (sky130_fd_sc_hd__buf_2)
    10    0.039939    0.148009    0.181410    5.441034 ^ fanout104/X (sky130_fd_sc_hd__buf_2)
                                                         net104 (net)
                      0.148043    0.001866    5.442901 ^ _418_/D_N (sky130_fd_sc_hd__or4b_1)
     1    0.007422    0.073008    0.269778    5.712679 v _418_/X (sky130_fd_sc_hd__or4b_1)
                                                         _372_ (net)
                      0.073009    0.000420    5.713099 v fanout57/A (sky130_fd_sc_hd__buf_2)
     8    0.049124    0.083328    0.151324    5.864422 v fanout57/X (sky130_fd_sc_hd__buf_2)
                                                         net57 (net)
                      0.083441    0.002085    5.866508 v _419_/C (sky130_fd_sc_hd__and3_1)
     2    0.005284    0.034576    0.140640    6.007148 v _419_/X (sky130_fd_sc_hd__and3_1)
                                                         _373_ (net)
                      0.034577    0.000178    6.007326 v _421_/B (sky130_fd_sc_hd__or3_1)
     3    0.009571    0.069344    0.228194    6.235521 v _421_/X (sky130_fd_sc_hd__or3_1)
                                                         _375_ (net)
                      0.069345    0.000345    6.235865 v _445_/A2 (sky130_fd_sc_hd__a21bo_1)
     4    0.013350    0.055064    0.164606    6.400471 v _445_/X (sky130_fd_sc_hd__a21bo_1)
                                                         _022_ (net)
                      0.055089    0.001091    6.401562 v _480_/A1 (sky130_fd_sc_hd__a21o_1)
     1    0.005476    0.031843    0.112657    6.514219 v _480_/X (sky130_fd_sc_hd__a21o_1)
                                                         _056_ (net)
                      0.031848    0.000419    6.514638 v _483_/A (sky130_fd_sc_hd__xnor2_1)
     1    0.002973    0.084452    0.099376    6.614014 ^ _483_/Y (sky130_fd_sc_hd__xnor2_1)
                                                         _059_ (net)
                      0.084452    0.000207    6.614222 ^ _502_/A2 (sky130_fd_sc_hd__a21o_1)
     2    0.004849    0.040587    0.084218    6.698439 ^ _502_/X (sky130_fd_sc_hd__a21o_1)
                                                         net46 (net)
                      0.040589    0.000320    6.698759 ^ output46/A (sky130_fd_sc_hd__buf_2)
     1    0.034187    0.127991    0.139312    6.838071 ^ output46/X (sky130_fd_sc_hd__buf_2)
                                                         ALU_result[3] (net)
                      0.128018    0.001553    6.839624 ^ ALU_result[3] (out)
                                              6.839624   data arrival time

                      0.000000   25.000000   25.000000   clock __VIRTUAL_CLK__ (rise edge)
                                  0.000000   25.000000   clock network delay (ideal)
                                 -0.250000   24.750000   clock uncertainty
                                  0.000000   24.750000   clock reconvergence pessimism
                                 -5.000000   19.750000   output external delay
                                             19.750000   data required time
---------------------------------------------------------------------------------------------
                                             19.750000   data required time
                                             -6.839624   data arrival time
---------------------------------------------------------------------------------------------
                                             12.910376   slack (MET)


Startpoint: ALU_control[0] (input port clocked by __VIRTUAL_CLK__)
Endpoint: ALU_result[2] (output port clocked by __VIRTUAL_CLK__)
Path Group: __VIRTUAL_CLK__
Path Type: max

Fanout         Cap        Slew       Delay        Time   Description
---------------------------------------------------------------------------------------------
                      0.000000    0.000000    0.000000   clock __VIRTUAL_CLK__ (rise edge)
                                  0.000000    0.000000   clock network delay (ideal)
                                  5.000000    5.000000 ^ input external delay
     1    0.003199    0.015347    0.008327    5.008327 ^ ALU_control[0] (in)
                                                         ALU_control[0] (net)
                      0.015349    0.000000    5.008327 ^ input1/A (sky130_fd_sc_hd__clkbuf_1)
     1    0.004227    0.043911    0.056484    5.064811 ^ input1/X (sky130_fd_sc_hd__clkbuf_1)
                                                         net1 (net)
                      0.043912    0.000261    5.065072 ^ fanout106/A (sky130_fd_sc_hd__buf_2)
    10    0.056165    0.206731    0.191800    5.256872 ^ fanout106/X (sky130_fd_sc_hd__buf_2)
                                                         net106 (net)
                      0.206783    0.002752    5.259624 ^ fanout104/A (sky130_fd_sc_hd__buf_2)
    10    0.039939    0.148009    0.181410    5.441034 ^ fanout104/X (sky130_fd_sc_hd__buf_2)
                                                         net104 (net)
                      0.148043    0.001866    5.442901 ^ _418_/D_N (sky130_fd_sc_hd__or4b_1)
     1    0.007422    0.073008    0.269778    5.712679 v _418_/X (sky130_fd_sc_hd__or4b_1)
                                                         _372_ (net)
                      0.073009    0.000420    5.713099 v fanout57/A (sky130_fd_sc_hd__buf_2)
     8    0.049124    0.083328    0.151324    5.864422 v fanout57/X (sky130_fd_sc_hd__buf_2)
                                                         net57 (net)
                      0.083441    0.002085    5.866508 v _419_/C (sky130_fd_sc_hd__and3_1)
     2    0.005284    0.034576    0.140640    6.007148 v _419_/X (sky130_fd_sc_hd__and3_1)
                                                         _373_ (net)
                      0.034577    0.000178    6.007326 v _421_/B (sky130_fd_sc_hd__or3_1)
     3    0.009571    0.069344    0.228194    6.235521 v _421_/X (sky130_fd_sc_hd__or3_1)
                                                         _375_ (net)
                      0.069345    0.000345    6.235865 v _445_/A2 (sky130_fd_sc_hd__a21bo_1)
     4    0.013350    0.055064    0.164606    6.400471 v _445_/X (sky130_fd_sc_hd__a21bo_1)
                                                         _022_ (net)
                      0.055089    0.001089    6.401560 v _451_/A (sky130_fd_sc_hd__or2_1)
     1    0.002845    0.032402    0.138217    6.539777 v _451_/X (sky130_fd_sc_hd__or2_1)
                                                         _028_ (net)
                      0.032402    0.000196    6.539973 v _476_/A3 (sky130_fd_sc_hd__a31o_1)
     2    0.005720    0.036371    0.145350    6.685322 v _476_/X (sky130_fd_sc_hd__a31o_1)
                                                         net45 (net)
                      0.036371    0.000193    6.685515 v output45/A (sky130_fd_sc_hd__buf_2)
     1    0.035523    0.065030    0.120447    6.805962 v output45/X (sky130_fd_sc_hd__buf_2)
                                                         ALU_result[2] (net)
                      0.065096    0.001843    6.807806 v ALU_result[2] (out)
                                              6.807806   data arrival time

                      0.000000   25.000000   25.000000   clock __VIRTUAL_CLK__ (rise edge)
                                  0.000000   25.000000   clock network delay (ideal)
                                 -0.250000   24.750000   clock uncertainty
                                  0.000000   24.750000   clock reconvergence pessimism
                                 -5.000000   19.750000   output external delay
                                             19.750000   data required time
---------------------------------------------------------------------------------------------
                                             19.750000   data required time
                                             -6.807806   data arrival time
---------------------------------------------------------------------------------------------
                                             12.942193   slack (MET)


Startpoint: ALU_control[0] (input port clocked by __VIRTUAL_CLK__)
Endpoint: ALU_result[1] (output port clocked by __VIRTUAL_CLK__)
Path Group: __VIRTUAL_CLK__
Path Type: max

Fanout         Cap        Slew       Delay        Time   Description
---------------------------------------------------------------------------------------------
                      0.000000    0.000000    0.000000   clock __VIRTUAL_CLK__ (rise edge)
                                  0.000000    0.000000   clock network delay (ideal)
                                  5.000000    5.000000 ^ input external delay
     1    0.003199    0.015347    0.008327    5.008327 ^ ALU_control[0] (in)
                                                         ALU_control[0] (net)
                      0.015349    0.000000    5.008327 ^ input1/A (sky130_fd_sc_hd__clkbuf_1)
     1    0.004227    0.043911    0.056484    5.064811 ^ input1/X (sky130_fd_sc_hd__clkbuf_1)
                                                         net1 (net)
                      0.043912    0.000261    5.065072 ^ fanout106/A (sky130_fd_sc_hd__buf_2)
    10    0.056165    0.206731    0.191800    5.256872 ^ fanout106/X (sky130_fd_sc_hd__buf_2)
                                                         net106 (net)
                      0.206783    0.002752    5.259624 ^ fanout104/A (sky130_fd_sc_hd__buf_2)
    10    0.039939    0.148009    0.181410    5.441034 ^ fanout104/X (sky130_fd_sc_hd__buf_2)
                                                         net104 (net)
                      0.148043    0.001866    5.442901 ^ _418_/D_N (sky130_fd_sc_hd__or4b_1)
     1    0.007422    0.073008    0.269778    5.712679 v _418_/X (sky130_fd_sc_hd__or4b_1)
                                                         _372_ (net)
                      0.073009    0.000420    5.713099 v fanout57/A (sky130_fd_sc_hd__buf_2)
     8    0.049124    0.083328    0.151324    5.864422 v fanout57/X (sky130_fd_sc_hd__buf_2)
                                                         net57 (net)
                      0.083441    0.002085    5.866508 v _419_/C (sky130_fd_sc_hd__and3_1)
     2    0.005284    0.034576    0.140640    6.007148 v _419_/X (sky130_fd_sc_hd__and3_1)
                                                         _373_ (net)
                      0.034577    0.000178    6.007326 v _421_/B (sky130_fd_sc_hd__or3_1)
     3    0.009571    0.069344    0.228194    6.235521 v _421_/X (sky130_fd_sc_hd__or3_1)
                                                         _375_ (net)
                      0.069345    0.000363    6.235884 v _424_/A2 (sky130_fd_sc_hd__a31o_1)
     1    0.002565    0.026623    0.140088    6.375972 v _424_/X (sky130_fd_sc_hd__a31o_1)
                                                         _002_ (net)
                      0.026623    0.000118    6.376091 v _443_/A2 (sky130_fd_sc_hd__o22a_1)
     1    0.002945    0.027073    0.110007    6.486098 v _443_/X (sky130_fd_sc_hd__o22a_1)
                                                         _021_ (net)
                      0.027074    0.000202    6.486299 v _444_/B (sky130_fd_sc_hd__nand2_1)
     2    0.006782    0.057287    0.059441    6.545741 ^ _444_/Y (sky130_fd_sc_hd__nand2_1)
                                                         net44 (net)
                      0.057294    0.000502    6.546242 ^ output44/A (sky130_fd_sc_hd__buf_2)
     1    0.036258    0.135371    0.148829    6.695071 ^ output44/X (sky130_fd_sc_hd__buf_2)
                                                         ALU_result[1] (net)
                      0.135416    0.002057    6.697127 ^ ALU_result[1] (out)
                                              6.697127   data arrival time

                      0.000000   25.000000   25.000000   clock __VIRTUAL_CLK__ (rise edge)
                                  0.000000   25.000000   clock network delay (ideal)
                                 -0.250000   24.750000   clock uncertainty
                                  0.000000   24.750000   clock reconvergence pessimism
                                 -5.000000   19.750000   output external delay
                                             19.750000   data required time
---------------------------------------------------------------------------------------------
                                             19.750000   data required time
                                             -6.697127   data arrival time
---------------------------------------------------------------------------------------------
                                             13.052872   slack (MET)


Startpoint: SrcB[0] (input port clocked by __VIRTUAL_CLK__)
Endpoint: ALU_result[0] (output port clocked by __VIRTUAL_CLK__)
Path Group: __VIRTUAL_CLK__
Path Type: max

Fanout         Cap        Slew       Delay        Time   Description
---------------------------------------------------------------------------------------------
                      0.000000    0.000000    0.000000   clock __VIRTUAL_CLK__ (rise edge)
                                  0.000000    0.000000   clock network delay (ideal)
                                  5.000000    5.000000 ^ input external delay
     1    0.002734    0.013682    0.007103    5.007103 ^ SrcB[0] (in)
                                                         SrcB[0] (net)
                      0.013684    0.000000    5.007103 ^ input21/A (sky130_fd_sc_hd__clkbuf_1)
     1    0.004942    0.049918    0.060168    5.067271 ^ input21/X (sky130_fd_sc_hd__clkbuf_1)
                                                         net21 (net)
                      0.049922    0.000359    5.067630 ^ fanout86/A (sky130_fd_sc_hd__clkbuf_2)
     6    0.037387    0.157771    0.158776    5.226406 ^ fanout86/X (sky130_fd_sc_hd__clkbuf_2)
                                                         net86 (net)
                      0.157796    0.001616    5.228022 ^ fanout84/A (sky130_fd_sc_hd__buf_2)
     7    0.043813    0.162287    0.184345    5.412366 ^ fanout84/X (sky130_fd_sc_hd__buf_2)
                                                         net84 (net)
                      0.162494    0.004762    5.417128 ^ fanout83/A (sky130_fd_sc_hd__clkbuf_4)
    10    0.057235    0.133667    0.192427    5.609555 ^ fanout83/X (sky130_fd_sc_hd__clkbuf_4)
                                                         net83 (net)
                      0.133754    0.001878    5.611433 ^ _386_/S0 (sky130_fd_sc_hd__mux4_1)
     2    0.010315    0.094792    0.326643    5.938076 v _386_/X (sky130_fd_sc_hd__mux4_1)
                                                         _341_ (net)
                      0.094794    0.000798    5.938874 v _389_/A0 (sky130_fd_sc_hd__mux2_1)
     2    0.008969    0.062668    0.192849    6.131723 v _389_/X (sky130_fd_sc_hd__mux2_1)
                                                         _344_ (net)
                      0.062669    0.000403    6.132126 v _397_/A2 (sky130_fd_sc_hd__a21oi_1)
     1    0.005805    0.116217    0.135257    6.267383 ^ _397_/Y (sky130_fd_sc_hd__a21oi_1)
                                                         _352_ (net)
                      0.116217    0.000431    6.267814 ^ _398_/B (sky130_fd_sc_hd__nor2_1)
     1    0.003696    0.045212    0.030629    6.298443 v _398_/Y (sky130_fd_sc_hd__nor2_1)
                                                         _353_ (net)
                      0.045213    0.000238    6.298681 v _415_/C1 (sky130_fd_sc_hd__a211o_1)
     2    0.005537    0.042680    0.115957    6.414639 v _415_/X (sky130_fd_sc_hd__a211o_1)
                                                         net37 (net)
                      0.042681    0.000314    6.414952 v output37/A (sky130_fd_sc_hd__buf_2)
     1    0.035459    0.064946    0.122875    6.537827 v output37/X (sky130_fd_sc_hd__buf_2)
                                                         ALU_result[0] (net)
                      0.065013    0.001862    6.539689 v ALU_result[0] (out)
                                              6.539689   data arrival time

                      0.000000   25.000000   25.000000   clock __VIRTUAL_CLK__ (rise edge)
                                  0.000000   25.000000   clock network delay (ideal)
                                 -0.250000   24.750000   clock uncertainty
                                  0.000000   24.750000   clock reconvergence pessimism
                                 -5.000000   19.750000   output external delay
                                             19.750000   data required time
---------------------------------------------------------------------------------------------
                                             19.750000   data required time
                                             -6.539689   data arrival time
---------------------------------------------------------------------------------------------
                                             13.210311   slack (MET)



