                                                                        Cells by Master                                                                         
┏━━━━━━━━━━━━━━━━━━━━━━━━━━━━━━━━━━━━━━━━━━━━━━━━━━━━━━━━━━━━━━━━━━━━━━━━━━━━━━━━━━━━━━━━━━━━━━━━━━━━━━━━━━━━━━━━━━━━━━━━━━━━━━━━━┳━━━━━━━━━━━━━━━━━━━━━━━━━━━━┓
┃ Cell                                                                                                                            ┃ Count                      ┃
┡━━━━━━━━━━━━━━━━━━━━━━━━━━━━━━━━━━━━━━━━━━━━━━━━━━━━━━━━━━━━━━━━━━━━━━━━━━━━━━━━━━━━━━━━━━━━━━━━━━━━━━━━━━━━━━━━━━━━━━━━━━━━━━━━━╇━━━━━━━━━━━━━━━━━━━━━━━━━━━━┩
│ sky130_ef_sc_hd__decap_12                                                                                                       │ 78                         │
│ sky130_fd_sc_hd__a21bo_1                                                                                                        │ 2                          │
│ sky130_fd_sc_hd__a21o_1                                                                                                         │ 6                          │
│ sky130_fd_sc_hd__and3b_1                                                                                                        │ 2                          │
│ sky130_fd_sc_hd__buf_1                                                                                                          │ 4                          │
│ sky130_fd_sc_hd__buf_2                                                                                                          │ 18                         │
│ sky130_fd_sc_hd__clkbuf_1                                                                                                       │ 9                          │
│ sky130_fd_sc_hd__clkbuf_2                                                                                                       │ 1                          │
│ sky130_fd_sc_hd__decap_3                                                                                                        │ 47                         │
│ sky130_fd_sc_hd__decap_4                                                                                                        │ 11                         │
│ sky130_fd_sc_hd__decap_6                                                                                                        │ 9                          │
│ sky130_fd_sc_hd__decap_8                                                                                                        │ 22                         │
│ sky130_fd_sc_hd__fill_1                                                                                                         │ 32                         │
│ sky130_fd_sc_hd__fill_2                                                                                                         │ 7                          │
│ sky130_fd_sc_hd__mux2_1                                                                                                         │ 7                          │
│ sky130_fd_sc_hd__nand2b_4                                                                                                       │ 1                          │
│ sky130_fd_sc_hd__nor3b_1                                                                                                        │ 1                          │
│ sky130_fd_sc_hd__or3b_1                                                                                                         │ 2                          │
│ sky130_fd_sc_hd__tapvpwrvgnd_1                                                                                                  │ 28                         │
└─────────────────────────────────────────────────────────────────────────────────────────────────────────────────────────────────┴────────────────────────────┘
