                                                                       Cells by Function                                                                        
┏━━━━━━━━━━━━━━━━━━━━━━━━━━━━━━━━━━━━━━━━━━━━━━━━━━━━━━━━━━━━━━━━━━━━━━━━━━━━━━━━━━━━━━━━━━━━━━━━━━━━━━━━━━━━━━━━━━━━━━━━━━━━━━━━━┳━━━━━━━━━━━━━━━━━━━━━━━━━━━━┓
┃ Cell Function                                                                                                                   ┃ Count                      ┃
┡━━━━━━━━━━━━━━━━━━━━━━━━━━━━━━━━━━━━━━━━━━━━━━━━━━━━━━━━━━━━━━━━━━━━━━━━━━━━━━━━━━━━━━━━━━━━━━━━━━━━━━━━━━━━━━━━━━━━━━━━━━━━━━━━━╇━━━━━━━━━━━━━━━━━━━━━━━━━━━━┩
│ sky130_ef_sc_hd__decap                                                                                                          │ 109                        │
│ sky130_fd_sc_hd__a211o                                                                                                          │ 11                         │
│ sky130_fd_sc_hd__a211oi                                                                                                         │ 2                          │
│ sky130_fd_sc_hd__a21bo                                                                                                          │ 4                          │
│ sky130_fd_sc_hd__a21boi                                                                                                         │ 1                          │
│ sky130_fd_sc_hd__a21o                                                                                                           │ 14                         │
│ sky130_fd_sc_hd__a21oi                                                                                                          │ 16                         │
│ sky130_fd_sc_hd__a221o                                                                                                          │ 6                          │
│ sky130_fd_sc_hd__a22o                                                                                                           │ 12                         │
│ sky130_fd_sc_hd__a2bb2o                                                                                                         │ 1                          │
│ sky130_fd_sc_hd__a311o                                                                                                          │ 10                         │
│ sky130_fd_sc_hd__a31o                                                                                                           │ 16                         │
│ sky130_fd_sc_hd__a31oi                                                                                                          │ 1                          │
│ sky130_fd_sc_hd__a32o                                                                                                           │ 2                          │
│ sky130_fd_sc_hd__and2                                                                                                           │ 13                         │
│ sky130_fd_sc_hd__and2b                                                                                                          │ 8                          │
│ sky130_fd_sc_hd__and3                                                                                                           │ 12                         │
│ sky130_fd_sc_hd__and3b                                                                                                          │ 4                          │
│ sky130_fd_sc_hd__and4                                                                                                           │ 1                          │
│ sky130_fd_sc_hd__and4b                                                                                                          │ 2                          │
│ sky130_fd_sc_hd__and4bb                                                                                                         │ 2                          │
│ sky130_fd_sc_hd__buf                                                                                                            │ 61                         │
│ sky130_fd_sc_hd__clkbuf                                                                                                         │ 38                         │
│ sky130_fd_sc_hd__decap                                                                                                          │ 279                        │
│ sky130_fd_sc_hd__dlymetal6s2s                                                                                                   │ 7                          │
│ sky130_fd_sc_hd__fill                                                                                                           │ 203                        │
│ sky130_fd_sc_hd__inv                                                                                                            │ 12                         │
│ sky130_fd_sc_hd__mux2                                                                                                           │ 10                         │
│ sky130_fd_sc_hd__mux4                                                                                                           │ 26                         │
│ sky130_fd_sc_hd__nand2                                                                                                          │ 34                         │
│ sky130_fd_sc_hd__nand2b                                                                                                         │ 2                          │
│ sky130_fd_sc_hd__nand3                                                                                                          │ 2                          │
│ sky130_fd_sc_hd__nand3b                                                                                                         │ 7                          │
│ sky130_fd_sc_hd__nor2                                                                                                           │ 17                         │
│ sky130_fd_sc_hd__nor3                                                                                                           │ 2                          │
│ sky130_fd_sc_hd__nor3b                                                                                                          │ 1                          │
│ sky130_fd_sc_hd__nor4b                                                                                                          │ 2                          │
│ sky130_fd_sc_hd__o211a                                                                                                          │ 22                         │
│ sky130_fd_sc_hd__o211ai                                                                                                         │ 5                          │
│ sky130_fd_sc_hd__o21a                                                                                                           │ 5                          │
│ sky130_fd_sc_hd__o21ai                                                                                                          │ 17                         │
│ sky130_fd_sc_hd__o21ba                                                                                                          │ 2                          │
│ sky130_fd_sc_hd__o221a                                                                                                          │ 1                          │
│ sky130_fd_sc_hd__o22a                                                                                                           │ 8                          │
│ sky130_fd_sc_hd__o311a                                                                                                          │ 2                          │
│ sky130_fd_sc_hd__o31a                                                                                                           │ 4                          │
│ sky130_fd_sc_hd__o31ai                                                                                                          │ 2                          │
│ sky130_fd_sc_hd__o41a                                                                                                           │ 2                          │
│ sky130_fd_sc_hd__or2                                                                                                            │ 16                         │
│ sky130_fd_sc_hd__or3                                                                                                            │ 8                          │
│ sky130_fd_sc_hd__or3b                                                                                                           │ 13                         │
│ sky130_fd_sc_hd__or4                                                                                                            │ 7                          │
│ sky130_fd_sc_hd__or4b                                                                                                           │ 3                          │
│ sky130_fd_sc_hd__tapvpwrvgnd                                                                                                    │ 102                        │
│ sky130_fd_sc_hd__xnor2                                                                                                          │ 17                         │
│ sky130_fd_sc_hd__xor2                                                                                                           │ 6                          │
└─────────────────────────────────────────────────────────────────────────────────────────────────────────────────────────────────┴────────────────────────────┘
