
==========================================================================
resizer report_tns
--------------------------------------------------------------------------
tns max 0.00

==========================================================================
resizer report_wns
--------------------------------------------------------------------------
wns max 0.00

==========================================================================
resizer report_worst_slack
--------------------------------------------------------------------------
worst slack max 6.49

==========================================================================
resizer report_clock_min_period
--------------------------------------------------------------------------
virt period_min = 3.51 fmax = 284.69

==========================================================================
resizer report_checks -path_delay min
--------------------------------------------------------------------------
Startpoint: reg_array[2][12]$_DFFE_PP_
            (rising edge-triggered flip-flop clocked by virt)
Endpoint: RD1[12] (output port clocked by virt)
Path Group: virt
Path Type: min

Fanout     Cap    Slew   Delay    Time   Description
-----------------------------------------------------------------------------
                  0.00    0.00    0.00   clock virt (rise edge)
                          0.00    0.00   clock network delay (ideal)
                  0.00    0.00    0.00 ^ reg_array[2][12]$_DFFE_PP_/CLK (sky130_fd_sc_hd__edfxtp_1)
     2    0.01    0.08    0.33    0.33 ^ reg_array[2][12]$_DFFE_PP_/Q (sky130_fd_sc_hd__edfxtp_1)
                                         reg_array[2][12] (net)
                  0.08    0.00    0.33 ^ _246_/A1 (sky130_fd_sc_hd__a221oi_2)
     1    0.00    0.05    0.07    0.39 v _246_/Y (sky130_fd_sc_hd__a221oi_2)
                                         _050_ (net)
                  0.05    0.00    0.39 v _247_/B (sky130_fd_sc_hd__nor2_1)
     1    0.00    0.10    0.10    0.49 ^ _247_/Y (sky130_fd_sc_hd__nor2_1)
                                         net30 (net)
                  0.10    0.00    0.49 ^ output30/A (sky130_fd_sc_hd__clkdlybuf4s50_1)
     1    0.00    0.04    0.47    0.97 ^ output30/X (sky130_fd_sc_hd__clkdlybuf4s50_1)
                                         RD1[12] (net)
                  0.04    0.00    0.97 ^ RD1[12] (out)
                                  0.97   data arrival time

                  0.00    0.00    0.00   clock virt (rise edge)
                          0.00    0.00   clock network delay (ideal)
                          0.00    0.00   clock reconvergence pessimism
                         -2.00   -2.00   output external delay
                                 -2.00   data required time
-----------------------------------------------------------------------------
                                 -2.00   data required time
                                 -0.97   data arrival time
-----------------------------------------------------------------------------
                                  2.97   slack (MET)



==========================================================================
resizer report_checks -path_delay max
--------------------------------------------------------------------------
Startpoint: reg_array[1][10]$_DFFE_PP_
            (rising edge-triggered flip-flop clocked by virt)
Endpoint: RD1[10] (output port clocked by virt)
Path Group: virt
Path Type: max

Fanout     Cap    Slew   Delay    Time   Description
-----------------------------------------------------------------------------
                  0.00    0.00    0.00   clock virt (rise edge)
                          0.00    0.00   clock network delay (ideal)
                  0.00    0.00    0.00 ^ reg_array[1][10]$_DFFE_PP_/CLK (sky130_fd_sc_hd__edfxtp_1)
     2    0.01    0.09    0.37    0.37 v reg_array[1][10]$_DFFE_PP_/Q (sky130_fd_sc_hd__edfxtp_1)
                                         reg_array[1][10] (net)
                  0.09    0.00    0.37 v _229_/A0 (sky130_fd_sc_hd__mux2_1)
     1    0.00    0.05    0.29    0.66 v _229_/X (sky130_fd_sc_hd__mux2_1)
                                         _035_ (net)
                  0.05    0.00    0.66 v _233_/A2 (sky130_fd_sc_hd__a221oi_1)
     1    0.00    0.26    0.31    0.97 ^ _233_/Y (sky130_fd_sc_hd__a221oi_1)
                                         _039_ (net)
                  0.26    0.00    0.97 ^ _234_/B (sky130_fd_sc_hd__nor2_1)
     1    0.01    0.09    0.11    1.09 v _234_/Y (sky130_fd_sc_hd__nor2_1)
                                         net28 (net)
                  0.09    0.00    1.09 v output28/A (sky130_fd_sc_hd__clkdlybuf4s50_1)
     1    0.00    0.04    0.42    1.51 v output28/X (sky130_fd_sc_hd__clkdlybuf4s50_1)
                                         RD1[10] (net)
                  0.04    0.00    1.51 v RD1[10] (out)
                                  1.51   data arrival time

                  0.00   10.00   10.00   clock virt (rise edge)
                          0.00   10.00   clock network delay (ideal)
                          0.00   10.00   clock reconvergence pessimism
                         -2.00    8.00   output external delay
                                  8.00   data required time
-----------------------------------------------------------------------------
                                  8.00   data required time
                                 -1.51   data arrival time
-----------------------------------------------------------------------------
                                  6.49   slack (MET)



==========================================================================
resizer report_checks -unconstrained
--------------------------------------------------------------------------
Startpoint: reg_array[1][10]$_DFFE_PP_
            (rising edge-triggered flip-flop clocked by virt)
Endpoint: RD1[10] (output port clocked by virt)
Path Group: virt
Path Type: max

Fanout     Cap    Slew   Delay    Time   Description
-----------------------------------------------------------------------------
                  0.00    0.00    0.00   clock virt (rise edge)
                          0.00    0.00   clock network delay (ideal)
                  0.00    0.00    0.00 ^ reg_array[1][10]$_DFFE_PP_/CLK (sky130_fd_sc_hd__edfxtp_1)
     2    0.01    0.09    0.37    0.37 v reg_array[1][10]$_DFFE_PP_/Q (sky130_fd_sc_hd__edfxtp_1)
                                         reg_array[1][10] (net)
                  0.09    0.00    0.37 v _229_/A0 (sky130_fd_sc_hd__mux2_1)
     1    0.00    0.05    0.29    0.66 v _229_/X (sky130_fd_sc_hd__mux2_1)
                                         _035_ (net)
                  0.05    0.00    0.66 v _233_/A2 (sky130_fd_sc_hd__a221oi_1)
     1    0.00    0.26    0.31    0.97 ^ _233_/Y (sky130_fd_sc_hd__a221oi_1)
                                         _039_ (net)
                  0.26    0.00    0.97 ^ _234_/B (sky130_fd_sc_hd__nor2_1)
     1    0.01    0.09    0.11    1.09 v _234_/Y (sky130_fd_sc_hd__nor2_1)
                                         net28 (net)
                  0.09    0.00    1.09 v output28/A (sky130_fd_sc_hd__clkdlybuf4s50_1)
     1    0.00    0.04    0.42    1.51 v output28/X (sky130_fd_sc_hd__clkdlybuf4s50_1)
                                         RD1[10] (net)
                  0.04    0.00    1.51 v RD1[10] (out)
                                  1.51   data arrival time

                  0.00   10.00   10.00   clock virt (rise edge)
                          0.00   10.00   clock network delay (ideal)
                          0.00   10.00   clock reconvergence pessimism
                         -2.00    8.00   output external delay
                                  8.00   data required time
-----------------------------------------------------------------------------
                                  8.00   data required time
                                 -1.51   data arrival time
-----------------------------------------------------------------------------
                                  6.49   slack (MET)



==========================================================================
resizer report_check_types -max_slew -max_cap -max_fanout -violators
--------------------------------------------------------------------------

==========================================================================
resizer max_slew_check_slack
--------------------------------------------------------------------------
0.44849735498428345

==========================================================================
resizer max_slew_check_limit
--------------------------------------------------------------------------
1.5

==========================================================================
resizer max_slew_check_slack_limit
--------------------------------------------------------------------------
0.2990

==========================================================================
resizer max_fanout_check_slack
--------------------------------------------------------------------------
1.0000000150474662e+30

==========================================================================
resizer max_fanout_check_limit
--------------------------------------------------------------------------
1.0000000150474662e+30

==========================================================================
resizer max_capacitance_check_slack
--------------------------------------------------------------------------
0.04504021257162094

==========================================================================
resizer max_capacitance_check_limit
--------------------------------------------------------------------------
0.15015600621700287

==========================================================================
resizer max_capacitance_check_slack_limit
--------------------------------------------------------------------------
0.3000

==========================================================================
resizer max_slew_violation_count
--------------------------------------------------------------------------
max slew violation count 0

==========================================================================
resizer max_fanout_violation_count
--------------------------------------------------------------------------
max fanout violation count 0

==========================================================================
resizer max_cap_violation_count
--------------------------------------------------------------------------
max cap violation count 0

==========================================================================
resizer setup_violation_count
--------------------------------------------------------------------------
setup violation count 0

==========================================================================
resizer hold_violation_count
--------------------------------------------------------------------------
hold violation count 0

==========================================================================
resizer report_checks -path_delay max reg to reg
--------------------------------------------------------------------------
No paths found.

==========================================================================
resizer report_checks -path_delay min reg to reg
--------------------------------------------------------------------------
No paths found.

==========================================================================
resizer critical path target clock latency max path
--------------------------------------------------------------------------
0

==========================================================================
resizer critical path target clock latency min path
--------------------------------------------------------------------------
0

==========================================================================
resizer critical path source clock latency min path
--------------------------------------------------------------------------
0

==========================================================================
resizer critical path delay
--------------------------------------------------------------------------
1.5126

==========================================================================
resizer critical path slack
--------------------------------------------------------------------------
6.4874

==========================================================================
resizer slack div critical path delay
--------------------------------------------------------------------------
428.890652

==========================================================================
resizer report_power
--------------------------------------------------------------------------
Group                  Internal  Switching    Leakage      Total
                          Power      Power      Power      Power (Watts)
----------------------------------------------------------------
Sequential             5.43e-04   5.47e-06   1.02e-09   5.48e-04  80.8%
Combinational          6.73e-05   6.32e-05   1.06e-09   1.30e-04  19.2%
Clock                  0.00e+00   0.00e+00   0.00e+00   0.00e+00   0.0%
Macro                  0.00e+00   0.00e+00   0.00e+00   0.00e+00   0.0%
Pad                    0.00e+00   0.00e+00   0.00e+00   0.00e+00   0.0%
----------------------------------------------------------------
Total                  6.10e-04   6.87e-05   2.08e-09   6.79e-04 100.0%
                          89.9%      10.1%       0.0%
