Reading timing models for corner max_tt_025C_1v80…
Reading cell library for the 'max_tt_025C_1v80' corner at '/home/githi/.volare/volare/sky130/versions/0fe599b2afb6708d281543108caf8310912f54af/sky130A/libs.ref/sky130_fd_sc_hd/lib/sky130_fd_sc_hd__tt_025C_1v80.lib'…
Reading top-level netlist at '/home/githi/openlane2/my_designs/Control_unit/runs/RUN_2025-11-16_16-53-36/51-openroad-fillinsertion/Control_unit.nl.v'…
Linking design 'Control_unit' from netlist…
Warning: /home/githi/openlane2/my_designs/Control_unit/runs/RUN_2025-11-16_16-53-36/51-openroad-fillinsertion/Control_unit.nl.v line 158, module sky130_fd_sc_hd__tapvpwrvgnd_1 not found. Creating black box for TAP_TAPCELL_ROW_0_16.
Warning: /home/githi/openlane2/my_designs/Control_unit/runs/RUN_2025-11-16_16-53-36/51-openroad-fillinsertion/Control_unit.nl.v line 210, module sky130_fd_sc_hd__fill_1 not found. Creating black box for FILLER_0_13.
Warning: /home/githi/openlane2/my_designs/Control_unit/runs/RUN_2025-11-16_16-53-36/51-openroad-fillinsertion/Control_unit.nl.v line 212, module sky130_fd_sc_hd__fill_2 not found. Creating black box for FILLER_0_35.
Warning: /home/githi/openlane2/my_designs/Control_unit/runs/RUN_2025-11-16_16-53-36/51-openroad-fillinsertion/Control_unit.nl.v line 216, module sky130_ef_sc_hd__decap_12 not found. Creating black box for FILLER_2_7.
Reading design constraints file at '/nix/store/hp4xwjqw4rax5g0gz3fivr2n1hy2sig4-python3-3.11.9-env/lib/python3.11/site-packages/openlane/scripts/base.sdc'…
Warning: base.sdc line 15, port 'clk' not found.
[INFO] Using clock clk…
[INFO] Setting output delay to: 5
[INFO] Setting input delay to: 5
Warning: base.sdc line 32, port 'clk' not found.
[INFO] Setting load to: 0.033442
[INFO] Setting clock uncertainty to: 0.25
[INFO] Setting clock transition to: 0.1499999999999999944488848768742172978818416595458984375
Warning: base.sdc line 69, transition time can not be specified for virtual clocks.
[INFO] Setting timing derate to: 5%
Warning: base.sdc line 79, virtual clock clk can not be propagated.
Reading top-level design parasitics for the 'max_tt_025C_1v80' corner at '/home/githi/openlane2/my_designs/Control_unit/runs/RUN_2025-11-16_16-53-36/53-openroad-rcx/max/Control_unit.max.spef'…
%OL_CREATE_REPORT min.rpt

===========================================================================
report_checks -path_delay min (Hold)
============================================================================
======================= max_tt_025C_1v80 Corner ===================================

Startpoint: opcode[0] (input port clocked by clk)
Endpoint: RegWrite (output port clocked by clk)
Path Group: clk
Path Type: min

Fanout         Cap        Slew       Delay        Time   Description
---------------------------------------------------------------------------------------------
                      0.000000    0.000000    0.000000   clock clk (rise edge)
                                  0.000000    0.000000   clock network delay (ideal)
                                  5.000000    5.000000 ^ input external delay
     1    0.002807    0.019761    0.010388    5.010388 ^ opcode[0] (in)
                                                         opcode[0] (net)
                      0.019762    0.000000    5.010388 ^ input5/A (sky130_fd_sc_hd__buf_1)
     3    0.011407    0.140648    0.139776    5.150164 ^ input5/X (sky130_fd_sc_hd__buf_1)
                                                         net5 (net)
                      0.140653    0.000663    5.150827 ^ _17_/A2 (sky130_fd_sc_hd__o21ai_1)
     1    0.002038    0.036307    0.067908    5.218735 v _17_/Y (sky130_fd_sc_hd__o21ai_1)
                                                         net18 (net)
                      0.036307    0.000139    5.218874 v output18/A (sky130_fd_sc_hd__buf_2)
     1    0.034570    0.090620    0.176162    5.395037 v output18/X (sky130_fd_sc_hd__buf_2)
                                                         RegWrite (net)
                      0.090654    0.001618    5.396655 v RegWrite (out)
                                              5.396655   data arrival time

                      0.000000    0.000000    0.000000   clock clk (rise edge)
                                  0.000000    0.000000   clock network delay (ideal)
                                  0.250000    0.250000   clock uncertainty
                                  0.000000    0.250000   clock reconvergence pessimism
                                 -5.000000   -4.750000   output external delay
                                             -4.750000   data required time
---------------------------------------------------------------------------------------------
                                             -4.750000   data required time
                                             -5.396655   data arrival time
---------------------------------------------------------------------------------------------
                                             10.146654   slack (MET)


Startpoint: func[3] (input port clocked by clk)
Endpoint: ALUControl[3] (output port clocked by clk)
Path Group: clk
Path Type: min

Fanout         Cap        Slew       Delay        Time   Description
---------------------------------------------------------------------------------------------
                      0.000000    0.000000    0.000000   clock clk (rise edge)
                                  0.000000    0.000000   clock network delay (ideal)
                                  5.000000    5.000000 v input external delay
     1    0.003844    0.011039    0.006246    5.006246 v func[3] (in)
                                                         func[3] (net)
                      0.011042    0.000000    5.006246 v input4/A (sky130_fd_sc_hd__clkbuf_1)
     3    0.007141    0.049524    0.093146    5.099392 v input4/X (sky130_fd_sc_hd__clkbuf_1)
                                                         net4 (net)
                      0.049528    0.000492    5.099884 v _27_/A (sky130_fd_sc_hd__and2_1)
     1    0.002118    0.030598    0.129653    5.229537 v _27_/X (sky130_fd_sc_hd__and2_1)
                                                         net12 (net)
                      0.030598    0.000145    5.229681 v output12/A (sky130_fd_sc_hd__buf_2)
     1    0.034249    0.089997    0.173044    5.402726 v output12/X (sky130_fd_sc_hd__buf_2)
                                                         ALUControl[3] (net)
                      0.090035    0.001688    5.404414 v ALUControl[3] (out)
                                              5.404414   data arrival time

                      0.000000    0.000000    0.000000   clock clk (rise edge)
                                  0.000000    0.000000   clock network delay (ideal)
                                  0.250000    0.250000   clock uncertainty
                                  0.000000    0.250000   clock reconvergence pessimism
                                 -5.000000   -4.750000   output external delay
                                             -4.750000   data required time
---------------------------------------------------------------------------------------------
                                             -4.750000   data required time
                                             -5.404414   data arrival time
---------------------------------------------------------------------------------------------
                                             10.154413   slack (MET)


Startpoint: func[2] (input port clocked by clk)
Endpoint: ALUControl[2] (output port clocked by clk)
Path Group: clk
Path Type: min

Fanout         Cap        Slew       Delay        Time   Description
---------------------------------------------------------------------------------------------
                      0.000000    0.000000    0.000000   clock clk (rise edge)
                                  0.000000    0.000000   clock network delay (ideal)
                                  5.000000    5.000000 ^ input external delay
     1    0.002713    0.019358    0.010055    5.010055 ^ func[2] (in)
                                                         func[2] (net)
                      0.019358    0.000000    5.010055 ^ input3/A (sky130_fd_sc_hd__buf_1)
     3    0.009696    0.121218    0.126277    5.136333 ^ input3/X (sky130_fd_sc_hd__buf_1)
                                                         net3 (net)
                      0.121220    0.000423    5.136755 ^ _26_/B2 (sky130_fd_sc_hd__a32o_1)
     1    0.002298    0.044886    0.131838    5.268594 ^ _26_/X (sky130_fd_sc_hd__a32o_1)
                                                         net11 (net)
                      0.044886    0.000155    5.268749 ^ output11/A (sky130_fd_sc_hd__buf_2)
     1    0.034637    0.172064    0.198432    5.467182 ^ output11/X (sky130_fd_sc_hd__buf_2)
                                                         ALUControl[2] (net)
                      0.172087    0.001682    5.468864 ^ ALUControl[2] (out)
                                              5.468864   data arrival time

                      0.000000    0.000000    0.000000   clock clk (rise edge)
                                  0.000000    0.000000   clock network delay (ideal)
                                  0.250000    0.250000   clock uncertainty
                                  0.000000    0.250000   clock reconvergence pessimism
                                 -5.000000   -4.750000   output external delay
                                             -4.750000   data required time
---------------------------------------------------------------------------------------------
                                             -4.750000   data required time
                                             -5.468864   data arrival time
---------------------------------------------------------------------------------------------
                                             10.218864   slack (MET)


Startpoint: opcode[1] (input port clocked by clk)
Endpoint: MemWrite (output port clocked by clk)
Path Group: clk
Path Type: min

Fanout         Cap        Slew       Delay        Time   Description
---------------------------------------------------------------------------------------------
                      0.000000    0.000000    0.000000   clock clk (rise edge)
                                  0.000000    0.000000   clock network delay (ideal)
                                  5.000000    5.000000 v input external delay
     1    0.003023    0.009132    0.004851    5.004851 v opcode[1] (in)
                                                         opcode[1] (net)
                      0.009139    0.000000    5.004851 v input6/A (sky130_fd_sc_hd__buf_1)
     5    0.014293    0.088404    0.122759    5.127610 v input6/X (sky130_fd_sc_hd__buf_1)
                                                         net6 (net)
                      0.088410    0.000781    5.128391 v _14_/C (sky130_fd_sc_hd__and3b_1)
     1    0.002333    0.031213    0.188439    5.316830 v _14_/X (sky130_fd_sc_hd__and3b_1)
                                                         net16 (net)
                      0.031213    0.000152    5.316982 v output16/A (sky130_fd_sc_hd__buf_2)
     1    0.034587    0.090702    0.173980    5.490963 v output16/X (sky130_fd_sc_hd__buf_2)
                                                         MemWrite (net)
                      0.090737    0.001642    5.492604 v MemWrite (out)
                                              5.492604   data arrival time

                      0.000000    0.000000    0.000000   clock clk (rise edge)
                                  0.000000    0.000000   clock network delay (ideal)
                                  0.250000    0.250000   clock uncertainty
                                  0.000000    0.250000   clock reconvergence pessimism
                                 -5.000000   -4.750000   output external delay
                                             -4.750000   data required time
---------------------------------------------------------------------------------------------
                                             -4.750000   data required time
                                             -5.492604   data arrival time
---------------------------------------------------------------------------------------------
                                             10.242604   slack (MET)


Startpoint: func[1] (input port clocked by clk)
Endpoint: ALUControl[1] (output port clocked by clk)
Path Group: clk
Path Type: min

Fanout         Cap        Slew       Delay        Time   Description
---------------------------------------------------------------------------------------------
                      0.000000    0.000000    0.000000   clock clk (rise edge)
                                  0.000000    0.000000   clock network delay (ideal)
                                  5.000000    5.000000 v input external delay
     1    0.004244    0.011980    0.006927    5.006927 v func[1] (in)
                                                         func[1] (net)
                      0.011983    0.000000    5.006927 v input2/A (sky130_fd_sc_hd__buf_1)
     4    0.011753    0.074271    0.113168    5.120095 v input2/X (sky130_fd_sc_hd__buf_1)
                                                         net2 (net)
                      0.074279    0.000802    5.120897 v _25_/A1 (sky130_fd_sc_hd__a22o_1)
     1    0.002156    0.035202    0.207435    5.328331 v _25_/X (sky130_fd_sc_hd__a22o_1)
                                                         net10 (net)
                      0.035202    0.000144    5.328475 v output10/A (sky130_fd_sc_hd__buf_2)
     1    0.034191    0.089815    0.174972    5.503448 v output10/X (sky130_fd_sc_hd__buf_2)
                                                         ALUControl[1] (net)
                      0.089849    0.001619    5.505067 v ALUControl[1] (out)
                                              5.505067   data arrival time

                      0.000000    0.000000    0.000000   clock clk (rise edge)
                                  0.000000    0.000000   clock network delay (ideal)
                                  0.250000    0.250000   clock uncertainty
                                  0.000000    0.250000   clock reconvergence pessimism
                                 -5.000000   -4.750000   output external delay
                                             -4.750000   data required time
---------------------------------------------------------------------------------------------
                                             -4.750000   data required time
                                             -5.505067   data arrival time
---------------------------------------------------------------------------------------------
                                             10.255067   slack (MET)


Startpoint: opcode[1] (input port clocked by clk)
Endpoint: ResultSrc (output port clocked by clk)
Path Group: clk
Path Type: min

Fanout         Cap        Slew       Delay        Time   Description
---------------------------------------------------------------------------------------------
                      0.000000    0.000000    0.000000   clock clk (rise edge)
                                  0.000000    0.000000   clock network delay (ideal)
                                  5.000000    5.000000 v input external delay
     1    0.003023    0.009132    0.004851    5.004851 v opcode[1] (in)
                                                         opcode[1] (net)
                      0.009139    0.000000    5.004851 v input6/A (sky130_fd_sc_hd__buf_1)
     5    0.014293    0.088404    0.122759    5.127610 v input6/X (sky130_fd_sc_hd__buf_1)
                                                         net6 (net)
                      0.088411    0.000830    5.128440 v _11_/A (sky130_fd_sc_hd__inv_2)
     4    0.011562    0.062865    0.087145    5.215585 ^ _11_/Y (sky130_fd_sc_hd__inv_2)
                                                         _00_ (net)
                      0.062866    0.000359    5.215944 ^ _12_/B (sky130_fd_sc_hd__or2_1)
     2    0.005406    0.061798    0.111084    5.327028 ^ _12_/X (sky130_fd_sc_hd__or2_1)
                                                         _01_ (net)
                      0.061799    0.000350    5.327378 ^ _13_/B (sky130_fd_sc_hd__nor2_1)
     1    0.002212    0.022218    0.037886    5.365264 v _13_/Y (sky130_fd_sc_hd__nor2_1)
                                                         net19 (net)
                      0.022218    0.000101    5.365365 v output19/A (sky130_fd_sc_hd__buf_2)
     1    0.034183    0.089898    0.169344    5.534709 v output19/X (sky130_fd_sc_hd__buf_2)
                                                         ResultSrc (net)
                      0.089935    0.001675    5.536384 v ResultSrc (out)
                                              5.536384   data arrival time

                      0.000000    0.000000    0.000000   clock clk (rise edge)
                                  0.000000    0.000000   clock network delay (ideal)
                                  0.250000    0.250000   clock uncertainty
                                  0.000000    0.250000   clock reconvergence pessimism
                                 -5.000000   -4.750000   output external delay
                                             -4.750000   data required time
---------------------------------------------------------------------------------------------
                                             -4.750000   data required time
                                             -5.536384   data arrival time
---------------------------------------------------------------------------------------------
                                             10.286384   slack (MET)


Startpoint: opcode[1] (input port clocked by clk)
Endpoint: ALUSrc (output port clocked by clk)
Path Group: clk
Path Type: min

Fanout         Cap        Slew       Delay        Time   Description
---------------------------------------------------------------------------------------------
                      0.000000    0.000000    0.000000   clock clk (rise edge)
                                  0.000000    0.000000   clock network delay (ideal)
                                  5.000000    5.000000 v input external delay
     1    0.003023    0.009132    0.004851    5.004851 v opcode[1] (in)
                                                         opcode[1] (net)
                      0.009139    0.000000    5.004851 v input6/A (sky130_fd_sc_hd__buf_1)
     5    0.014293    0.088404    0.122759    5.127610 v input6/X (sky130_fd_sc_hd__buf_1)
                                                         net6 (net)
                      0.088411    0.000830    5.128440 v _11_/A (sky130_fd_sc_hd__inv_2)
     4    0.011562    0.062865    0.087145    5.215585 ^ _11_/Y (sky130_fd_sc_hd__inv_2)
                                                         _00_ (net)
                      0.062866    0.000359    5.215944 ^ _12_/B (sky130_fd_sc_hd__or2_1)
     2    0.005406    0.061798    0.111084    5.327028 ^ _12_/X (sky130_fd_sc_hd__or2_1)
                                                         _01_ (net)
                      0.061799    0.000342    5.327370 ^ _16_/A (sky130_fd_sc_hd__nand2_1)
     1    0.002794    0.032982    0.048808    5.376178 v _16_/Y (sky130_fd_sc_hd__nand2_1)
                                                         net13 (net)
                      0.032983    0.000179    5.376357 v output13/A (sky130_fd_sc_hd__buf_2)
     1    0.034317    0.090141    0.174169    5.550526 v output13/X (sky130_fd_sc_hd__buf_2)
                                                         ALUSrc (net)
                      0.090180    0.001727    5.552253 v ALUSrc (out)
                                              5.552253   data arrival time

                      0.000000    0.000000    0.000000   clock clk (rise edge)
                                  0.000000    0.000000   clock network delay (ideal)
                                  0.250000    0.250000   clock uncertainty
                                  0.000000    0.250000   clock reconvergence pessimism
                                 -5.000000   -4.750000   output external delay
                                             -4.750000   data required time
---------------------------------------------------------------------------------------------
                                             -4.750000   data required time
                                             -5.552253   data arrival time
---------------------------------------------------------------------------------------------
                                             10.302253   slack (MET)


Startpoint: func[0] (input port clocked by clk)
Endpoint: ALUControl[0] (output port clocked by clk)
Path Group: clk
Path Type: min

Fanout         Cap        Slew       Delay        Time   Description
---------------------------------------------------------------------------------------------
                      0.000000    0.000000    0.000000   clock clk (rise edge)
                                  0.000000    0.000000   clock network delay (ideal)
                                  5.000000    5.000000 ^ input external delay
     1    0.003081    0.020942    0.011348    5.011348 ^ func[0] (in)
                                                         func[0] (net)
                      0.020950    0.000000    5.011348 ^ input1/A (sky130_fd_sc_hd__buf_1)
     5    0.016386    0.197232    0.179221    5.190569 ^ input1/X (sky130_fd_sc_hd__buf_1)
                                                         net1 (net)
                      0.197235    0.000733    5.191302 ^ _22_/B2 (sky130_fd_sc_hd__a221o_1)
     1    0.002419    0.038530    0.164586    5.355888 ^ _22_/X (sky130_fd_sc_hd__a221o_1)
                                                         net9 (net)
                      0.038531    0.000163    5.356052 ^ output9/A (sky130_fd_sc_hd__buf_2)
     1    0.034499    0.171442    0.195509    5.551561 ^ output9/X (sky130_fd_sc_hd__buf_2)
                                                         ALUControl[0] (net)
                      0.171467    0.001726    5.553287 ^ ALUControl[0] (out)
                                              5.553287   data arrival time

                      0.000000    0.000000    0.000000   clock clk (rise edge)
                                  0.000000    0.000000   clock network delay (ideal)
                                  0.250000    0.250000   clock uncertainty
                                  0.000000    0.250000   clock reconvergence pessimism
                                 -5.000000   -4.750000   output external delay
                                             -4.750000   data required time
---------------------------------------------------------------------------------------------
                                             -4.750000   data required time
                                             -5.553287   data arrival time
---------------------------------------------------------------------------------------------
                                             10.303288   slack (MET)


Startpoint: opcode[1] (input port clocked by clk)
Endpoint: ImmSrc[1] (output port clocked by clk)
Path Group: clk
Path Type: min

Fanout         Cap        Slew       Delay        Time   Description
---------------------------------------------------------------------------------------------
                      0.000000    0.000000    0.000000   clock clk (rise edge)
                                  0.000000    0.000000   clock network delay (ideal)
                                  5.000000    5.000000 v input external delay
     1    0.003023    0.009132    0.004851    5.004851 v opcode[1] (in)
                                                         opcode[1] (net)
                      0.009139    0.000000    5.004851 v input6/A (sky130_fd_sc_hd__buf_1)
     5    0.014293    0.088404    0.122759    5.127610 v input6/X (sky130_fd_sc_hd__buf_1)
                                                         net6 (net)
                      0.088409    0.000727    5.128337 v _28_/A_N (sky130_fd_sc_hd__and3b_1)
     2    0.004921    0.067659    0.233987    5.362324 ^ _28_/X (sky130_fd_sc_hd__and3b_1)
                                                         net15 (net)
                      0.067659    0.000162    5.362486 ^ output15/A (sky130_fd_sc_hd__buf_2)
     1    0.034206    0.170078    0.205493    5.567979 ^ output15/X (sky130_fd_sc_hd__buf_2)
                                                         ImmSrc[1] (net)
                      0.170153    0.001704    5.569683 ^ ImmSrc[1] (out)
                                              5.569683   data arrival time

                      0.000000    0.000000    0.000000   clock clk (rise edge)
                                  0.000000    0.000000   clock network delay (ideal)
                                  0.250000    0.250000   clock uncertainty
                                  0.000000    0.250000   clock reconvergence pessimism
                                 -5.000000   -4.750000   output external delay
                                             -4.750000   data required time
---------------------------------------------------------------------------------------------
                                             -4.750000   data required time
                                             -5.569683   data arrival time
---------------------------------------------------------------------------------------------
                                             10.319683   slack (MET)


Startpoint: opcode[1] (input port clocked by clk)
Endpoint: ImmSrc[0] (output port clocked by clk)
Path Group: clk
Path Type: min

Fanout         Cap        Slew       Delay        Time   Description
---------------------------------------------------------------------------------------------
                      0.000000    0.000000    0.000000   clock clk (rise edge)
                                  0.000000    0.000000   clock network delay (ideal)
                                  5.000000    5.000000 v input external delay
     1    0.003023    0.009132    0.004851    5.004851 v opcode[1] (in)
                                                         opcode[1] (net)
                      0.009139    0.000000    5.004851 v input6/A (sky130_fd_sc_hd__buf_1)
     5    0.014293    0.088404    0.122759    5.127610 v input6/X (sky130_fd_sc_hd__buf_1)
                                                         net6 (net)
                      0.088411    0.000830    5.128440 v _11_/A (sky130_fd_sc_hd__inv_2)
     4    0.011562    0.062865    0.087145    5.215585 ^ _11_/Y (sky130_fd_sc_hd__inv_2)
                                                         _00_ (net)
                      0.062871    0.000656    5.216242 ^ _20_/B (sky130_fd_sc_hd__and3b_1)
     2    0.006522    0.081659    0.176459    5.392701 ^ _20_/X (sky130_fd_sc_hd__and3b_1)
                                                         net14 (net)
                      0.081659    0.000397    5.393097 ^ output14/A (sky130_fd_sc_hd__buf_2)
     1    0.034119    0.169848    0.210365    5.603462 ^ output14/X (sky130_fd_sc_hd__buf_2)
                                                         ImmSrc[0] (net)
                      0.169923    0.001702    5.605164 ^ ImmSrc[0] (out)
                                              5.605164   data arrival time

                      0.000000    0.000000    0.000000   clock clk (rise edge)
                                  0.000000    0.000000   clock network delay (ideal)
                                  0.250000    0.250000   clock uncertainty
                                  0.000000    0.250000   clock reconvergence pessimism
                                 -5.000000   -4.750000   output external delay
                                             -4.750000   data required time
---------------------------------------------------------------------------------------------
                                             -4.750000   data required time
                                             -5.605164   data arrival time
---------------------------------------------------------------------------------------------
                                             10.355165   slack (MET)


Startpoint: func[3] (input port clocked by clk)
Endpoint: PCSrc (output port clocked by clk)
Path Group: clk
Path Type: min

Fanout         Cap        Slew       Delay        Time   Description
---------------------------------------------------------------------------------------------
                      0.000000    0.000000    0.000000   clock clk (rise edge)
                                  0.000000    0.000000   clock network delay (ideal)
                                  5.000000    5.000000 ^ input external delay
     1    0.004020    0.025034    0.014643    5.014644 ^ func[3] (in)
                                                         func[3] (net)
                      0.025036    0.000000    5.014644 ^ input4/A (sky130_fd_sc_hd__clkbuf_1)
     3    0.007545    0.096963    0.111229    5.125873 ^ input4/X (sky130_fd_sc_hd__clkbuf_1)
                                                         net4 (net)
                      0.096967    0.000471    5.126344 ^ _29_/C (sky130_fd_sc_hd__and4_1)
     1    0.002813    0.054649    0.188505    5.314849 ^ _29_/X (sky130_fd_sc_hd__and4_1)
                                                         _08_ (net)
                      0.054649    0.000201    5.315050 ^ _32_/A2 (sky130_fd_sc_hd__a21o_1)
     1    0.002806    0.034843    0.105789    5.420839 ^ _32_/X (sky130_fd_sc_hd__a21o_1)
                                                         net17 (net)
                      0.034843    0.000172    5.421010 ^ output17/A (sky130_fd_sc_hd__buf_2)
     1    0.034260    0.170332    0.193300    5.614311 ^ output17/X (sky130_fd_sc_hd__buf_2)
                                                         PCSrc (net)
                      0.170357    0.001727    5.616037 ^ PCSrc (out)
                                              5.616037   data arrival time

                      0.000000    0.000000    0.000000   clock clk (rise edge)
                                  0.000000    0.000000   clock network delay (ideal)
                                  0.250000    0.250000   clock uncertainty
                                  0.000000    0.250000   clock reconvergence pessimism
                                 -5.000000   -4.750000   output external delay
                                             -4.750000   data required time
---------------------------------------------------------------------------------------------
                                             -4.750000   data required time
                                             -5.616037   data arrival time
---------------------------------------------------------------------------------------------
                                             10.366037   slack (MET)



%OL_END_REPORT
%OL_CREATE_REPORT max.rpt

===========================================================================
report_checks -path_delay max (Setup)
============================================================================
======================= max_tt_025C_1v80 Corner ===================================

Startpoint: opcode[0] (input port clocked by clk)
Endpoint: ALUControl[0] (output port clocked by clk)
Path Group: clk
Path Type: max

Fanout         Cap        Slew       Delay        Time   Description
---------------------------------------------------------------------------------------------
                      0.000000    0.000000    0.000000   clock clk (rise edge)
                                  0.000000    0.000000   clock network delay (ideal)
                                  5.000000    5.000000 ^ input external delay
     1    0.002807    0.019761    0.010388    5.010388 ^ opcode[0] (in)
                                                         opcode[0] (net)
                      0.019762    0.000000    5.010388 ^ input5/A (sky130_fd_sc_hd__buf_1)
     3    0.011407    0.140648    0.139776    5.150164 ^ input5/X (sky130_fd_sc_hd__buf_1)
                                                         net5 (net)
                      0.140650    0.000368    5.150532 ^ fanout23/A (sky130_fd_sc_hd__buf_1)
     6    0.016240    0.196423    0.211212    5.361743 ^ fanout23/X (sky130_fd_sc_hd__buf_1)
                                                         net23 (net)
                      0.196430    0.000982    5.362726 ^ _15_/B (sky130_fd_sc_hd__nand2b_1)
     3    0.008854    0.087549    0.122269    5.484994 v _15_/Y (sky130_fd_sc_hd__nand2b_1)
                                                         _02_ (net)
                      0.087550    0.000473    5.485468 v _18_/D (sky130_fd_sc_hd__nor4_1)
     2    0.007102    0.364787    0.293927    5.779395 ^ _18_/Y (sky130_fd_sc_hd__nor4_1)
                                                         _03_ (net)
                      0.364787    0.000392    5.779786 ^ max_cap20/A (sky130_fd_sc_hd__clkbuf_1)
     2    0.005721    0.078549    0.153452    5.933239 ^ max_cap20/X (sky130_fd_sc_hd__clkbuf_1)
                                                         net20 (net)
                      0.078549    0.000376    5.933614 ^ _22_/A1 (sky130_fd_sc_hd__a221o_1)
     1    0.002419    0.044544    0.137479    6.071093 ^ _22_/X (sky130_fd_sc_hd__a221o_1)
                                                         net9 (net)
                      0.044544    0.000163    6.071257 ^ output9/A (sky130_fd_sc_hd__buf_2)
     1    0.034499    0.171432    0.197812    6.269069 ^ output9/X (sky130_fd_sc_hd__buf_2)
                                                         ALUControl[0] (net)
                      0.171457    0.001726    6.270794 ^ ALUControl[0] (out)
                                              6.270794   data arrival time

                      0.000000   25.000000   25.000000   clock clk (rise edge)
                                  0.000000   25.000000   clock network delay (ideal)
                                 -0.250000   24.750000   clock uncertainty
                                  0.000000   24.750000   clock reconvergence pessimism
                                 -5.000000   19.750000   output external delay
                                             19.750000   data required time
---------------------------------------------------------------------------------------------
                                             19.750000   data required time
                                             -6.270794   data arrival time
---------------------------------------------------------------------------------------------
                                             13.479206   slack (MET)


Startpoint: opcode[0] (input port clocked by clk)
Endpoint: ALUControl[1] (output port clocked by clk)
Path Group: clk
Path Type: max

Fanout         Cap        Slew       Delay        Time   Description
---------------------------------------------------------------------------------------------
                      0.000000    0.000000    0.000000   clock clk (rise edge)
                                  0.000000    0.000000   clock network delay (ideal)
                                  5.000000    5.000000 ^ input external delay
     1    0.002807    0.019761    0.010388    5.010388 ^ opcode[0] (in)
                                                         opcode[0] (net)
                      0.019762    0.000000    5.010388 ^ input5/A (sky130_fd_sc_hd__buf_1)
     3    0.011407    0.140648    0.139776    5.150164 ^ input5/X (sky130_fd_sc_hd__buf_1)
                                                         net5 (net)
                      0.140650    0.000368    5.150532 ^ fanout23/A (sky130_fd_sc_hd__buf_1)
     6    0.016240    0.196423    0.211212    5.361743 ^ fanout23/X (sky130_fd_sc_hd__buf_1)
                                                         net23 (net)
                      0.196430    0.000982    5.362726 ^ _15_/B (sky130_fd_sc_hd__nand2b_1)
     3    0.008854    0.087549    0.122269    5.484994 v _15_/Y (sky130_fd_sc_hd__nand2b_1)
                                                         _02_ (net)
                      0.087550    0.000473    5.485468 v _18_/D (sky130_fd_sc_hd__nor4_1)
     2    0.007102    0.364787    0.293927    5.779395 ^ _18_/Y (sky130_fd_sc_hd__nor4_1)
                                                         _03_ (net)
                      0.364787    0.000392    5.779786 ^ max_cap20/A (sky130_fd_sc_hd__clkbuf_1)
     2    0.005721    0.078549    0.153452    5.933239 ^ max_cap20/X (sky130_fd_sc_hd__clkbuf_1)
                                                         net20 (net)
                      0.078549    0.000362    5.933600 ^ _25_/B2 (sky130_fd_sc_hd__a22o_1)
     1    0.002316    0.042066    0.120413    6.054013 ^ _25_/X (sky130_fd_sc_hd__a22o_1)
                                                         net10 (net)
                      0.042066    0.000157    6.054170 ^ output10/A (sky130_fd_sc_hd__buf_2)
     1    0.034191    0.169983    0.195910    6.250080 ^ output10/X (sky130_fd_sc_hd__buf_2)
                                                         ALUControl[1] (net)
                      0.170005    0.001621    6.251701 ^ ALUControl[1] (out)
                                              6.251701   data arrival time

                      0.000000   25.000000   25.000000   clock clk (rise edge)
                                  0.000000   25.000000   clock network delay (ideal)
                                 -0.250000   24.750000   clock uncertainty
                                  0.000000   24.750000   clock reconvergence pessimism
                                 -5.000000   19.750000   output external delay
                                             19.750000   data required time
---------------------------------------------------------------------------------------------
                                             19.750000   data required time
                                             -6.251701   data arrival time
---------------------------------------------------------------------------------------------
                                             13.498298   slack (MET)


Startpoint: opcode[0] (input port clocked by clk)
Endpoint: ALUControl[2] (output port clocked by clk)
Path Group: clk
Path Type: max

Fanout         Cap        Slew       Delay        Time   Description
---------------------------------------------------------------------------------------------
                      0.000000    0.000000    0.000000   clock clk (rise edge)
                                  0.000000    0.000000   clock network delay (ideal)
                                  5.000000    5.000000 ^ input external delay
     1    0.002807    0.019761    0.010388    5.010388 ^ opcode[0] (in)
                                                         opcode[0] (net)
                      0.019762    0.000000    5.010388 ^ input5/A (sky130_fd_sc_hd__buf_1)
     3    0.011407    0.140648    0.139776    5.150164 ^ input5/X (sky130_fd_sc_hd__buf_1)
                                                         net5 (net)
                      0.140650    0.000368    5.150532 ^ fanout23/A (sky130_fd_sc_hd__buf_1)
     6    0.016240    0.196423    0.211212    5.361743 ^ fanout23/X (sky130_fd_sc_hd__buf_1)
                                                         net23 (net)
                      0.196430    0.000982    5.362726 ^ _15_/B (sky130_fd_sc_hd__nand2b_1)
     3    0.008854    0.087549    0.122269    5.484994 v _15_/Y (sky130_fd_sc_hd__nand2b_1)
                                                         _02_ (net)
                      0.087550    0.000473    5.485468 v _18_/D (sky130_fd_sc_hd__nor4_1)
     2    0.007102    0.364787    0.293927    5.779395 ^ _18_/Y (sky130_fd_sc_hd__nor4_1)
                                                         _03_ (net)
                      0.364787    0.000450    5.779845 ^ _26_/A3 (sky130_fd_sc_hd__a32o_1)
     1    0.002298    0.050787    0.211535    5.991380 ^ _26_/X (sky130_fd_sc_hd__a32o_1)
                                                         net11 (net)
                      0.050787    0.000155    5.991535 ^ output11/A (sky130_fd_sc_hd__buf_2)
     1    0.034637    0.172002    0.200694    6.192229 ^ output11/X (sky130_fd_sc_hd__buf_2)
                                                         ALUControl[2] (net)
                      0.172077    0.001682    6.193912 ^ ALUControl[2] (out)
                                              6.193912   data arrival time

                      0.000000   25.000000   25.000000   clock clk (rise edge)
                                  0.000000   25.000000   clock network delay (ideal)
                                 -0.250000   24.750000   clock uncertainty
                                  0.000000   24.750000   clock reconvergence pessimism
                                 -5.000000   19.750000   output external delay
                                             19.750000   data required time
---------------------------------------------------------------------------------------------
                                             19.750000   data required time
                                             -6.193912   data arrival time
---------------------------------------------------------------------------------------------
                                             13.556088   slack (MET)


Startpoint: opcode[2] (input port clocked by clk)
Endpoint: PCSrc (output port clocked by clk)
Path Group: clk
Path Type: max

Fanout         Cap        Slew       Delay        Time   Description
---------------------------------------------------------------------------------------------
                      0.000000    0.000000    0.000000   clock clk (rise edge)
                                  0.000000    0.000000   clock network delay (ideal)
                                  5.000000    5.000000 v input external delay
     1    0.002569    0.008082    0.004080    5.004080 v opcode[2] (in)
                                                         opcode[2] (net)
                      0.008083    0.000000    5.004080 v input7/A (sky130_fd_sc_hd__buf_1)
     3    0.010333    0.066376    0.105840    5.109921 v input7/X (sky130_fd_sc_hd__buf_1)
                                                         net7 (net)
                      0.066377    0.000436    5.110356 v fanout22/A (sky130_fd_sc_hd__buf_1)
     6    0.015252    0.093501    0.151323    5.261680 v fanout22/X (sky130_fd_sc_hd__buf_1)
                                                         net22 (net)
                      0.093505    0.000684    5.262364 v _28_/C (sky130_fd_sc_hd__and3b_1)
     2    0.004423    0.043934    0.202807    5.465171 v _28_/X (sky130_fd_sc_hd__and3b_1)
                                                         net15 (net)
                      0.043956    0.000230    5.465400 v _31_/B1 (sky130_fd_sc_hd__a31o_1)
     1    0.002721    0.036294    0.177501    5.642901 v _31_/X (sky130_fd_sc_hd__a31o_1)
                                                         _10_ (net)
                      0.036297    0.000191    5.643092 v _32_/B1 (sky130_fd_sc_hd__a21o_1)
     1    0.002646    0.032271    0.143721    5.786813 v _32_/X (sky130_fd_sc_hd__a21o_1)
                                                         net17 (net)
                      0.032271    0.000159    5.786972 v output17/A (sky130_fd_sc_hd__buf_2)
     1    0.034260    0.090023    0.173758    5.960730 v output17/X (sky130_fd_sc_hd__buf_2)
                                                         PCSrc (net)
                      0.090062    0.001724    5.962454 v PCSrc (out)
                                              5.962454   data arrival time

                      0.000000   25.000000   25.000000   clock clk (rise edge)
                                  0.000000   25.000000   clock network delay (ideal)
                                 -0.250000   24.750000   clock uncertainty
                                  0.000000   24.750000   clock reconvergence pessimism
                                 -5.000000   19.750000   output external delay
                                             19.750000   data required time
---------------------------------------------------------------------------------------------
                                             19.750000   data required time
                                             -5.962454   data arrival time
---------------------------------------------------------------------------------------------
                                             13.787546   slack (MET)


Startpoint: opcode[2] (input port clocked by clk)
Endpoint: ALUControl[3] (output port clocked by clk)
Path Group: clk
Path Type: max

Fanout         Cap        Slew       Delay        Time   Description
---------------------------------------------------------------------------------------------
                      0.000000    0.000000    0.000000   clock clk (rise edge)
                                  0.000000    0.000000   clock network delay (ideal)
                                  5.000000    5.000000 v input external delay
     1    0.002569    0.008082    0.004080    5.004080 v opcode[2] (in)
                                                         opcode[2] (net)
                      0.008083    0.000000    5.004080 v input7/A (sky130_fd_sc_hd__buf_1)
     3    0.010333    0.066376    0.105840    5.109921 v input7/X (sky130_fd_sc_hd__buf_1)
                                                         net7 (net)
                      0.066379    0.000573    5.110494 v _21_/A (sky130_fd_sc_hd__nor3_1)
     1    0.003468    0.162236    0.196007    5.306500 ^ _21_/Y (sky130_fd_sc_hd__nor3_1)
                                                         _05_ (net)
                      0.162236    0.000249    5.306749 ^ wire21/A (sky130_fd_sc_hd__buf_1)
     4    0.011991    0.147802    0.180574    5.487323 ^ wire21/X (sky130_fd_sc_hd__buf_1)
                                                         net21 (net)
                      0.147802    0.000547    5.487870 ^ _27_/B (sky130_fd_sc_hd__and2_1)
     1    0.002278    0.042742    0.137965    5.625835 ^ _27_/X (sky130_fd_sc_hd__and2_1)
                                                         net12 (net)
                      0.042750    0.000158    5.625993 ^ output12/A (sky130_fd_sc_hd__buf_2)
     1    0.034249    0.170260    0.196316    5.822309 ^ output12/X (sky130_fd_sc_hd__buf_2)
                                                         ALUControl[3] (net)
                      0.170285    0.001690    5.823999 ^ ALUControl[3] (out)
                                              5.823999   data arrival time

                      0.000000   25.000000   25.000000   clock clk (rise edge)
                                  0.000000   25.000000   clock network delay (ideal)
                                 -0.250000   24.750000   clock uncertainty
                                  0.000000   24.750000   clock reconvergence pessimism
                                 -5.000000   19.750000   output external delay
                                             19.750000   data required time
---------------------------------------------------------------------------------------------
                                             19.750000   data required time
                                             -5.823999   data arrival time
---------------------------------------------------------------------------------------------
                                             13.926001   slack (MET)


Startpoint: opcode[2] (input port clocked by clk)
Endpoint: ResultSrc (output port clocked by clk)
Path Group: clk
Path Type: max

Fanout         Cap        Slew       Delay        Time   Description
---------------------------------------------------------------------------------------------
                      0.000000    0.000000    0.000000   clock clk (rise edge)
                                  0.000000    0.000000   clock network delay (ideal)
                                  5.000000    5.000000 v input external delay
     1    0.002569    0.008082    0.004080    5.004080 v opcode[2] (in)
                                                         opcode[2] (net)
                      0.008083    0.000000    5.004080 v input7/A (sky130_fd_sc_hd__buf_1)
     3    0.010333    0.066376    0.105840    5.109921 v input7/X (sky130_fd_sc_hd__buf_1)
                                                         net7 (net)
                      0.066377    0.000436    5.110356 v fanout22/A (sky130_fd_sc_hd__buf_1)
     6    0.015252    0.093501    0.151323    5.261680 v fanout22/X (sky130_fd_sc_hd__buf_1)
                                                         net22 (net)
                      0.093513    0.001053    5.262733 v _12_/A (sky130_fd_sc_hd__or2_1)
     2    0.004990    0.058065    0.251821    5.514554 v _12_/X (sky130_fd_sc_hd__or2_1)
                                                         _01_ (net)
                      0.058066    0.000320    5.514874 v _13_/B (sky130_fd_sc_hd__nor2_1)
     1    0.002372    0.071032    0.080633    5.595507 ^ _13_/Y (sky130_fd_sc_hd__nor2_1)
                                                         net19 (net)
                      0.071032    0.000109    5.595616 ^ output19/A (sky130_fd_sc_hd__buf_2)
     1    0.034183    0.170083    0.206681    5.802297 ^ output19/X (sky130_fd_sc_hd__buf_2)
                                                         ResultSrc (net)
                      0.170158    0.001677    5.803974 ^ ResultSrc (out)
                                              5.803974   data arrival time

                      0.000000   25.000000   25.000000   clock clk (rise edge)
                                  0.000000   25.000000   clock network delay (ideal)
                                 -0.250000   24.750000   clock uncertainty
                                  0.000000   24.750000   clock reconvergence pessimism
                                 -5.000000   19.750000   output external delay
                                             19.750000   data required time
---------------------------------------------------------------------------------------------
                                             19.750000   data required time
                                             -5.803974   data arrival time
---------------------------------------------------------------------------------------------
                                             13.946025   slack (MET)


Startpoint: opcode[0] (input port clocked by clk)
Endpoint: RegWrite (output port clocked by clk)
Path Group: clk
Path Type: max

Fanout         Cap        Slew       Delay        Time   Description
---------------------------------------------------------------------------------------------
                      0.000000    0.000000    0.000000   clock clk (rise edge)
                                  0.000000    0.000000   clock network delay (ideal)
                                  5.000000    5.000000 ^ input external delay
     1    0.002807    0.019761    0.010388    5.010388 ^ opcode[0] (in)
                                                         opcode[0] (net)
                      0.019762    0.000000    5.010388 ^ input5/A (sky130_fd_sc_hd__buf_1)
     3    0.011407    0.140648    0.139776    5.150164 ^ input5/X (sky130_fd_sc_hd__buf_1)
                                                         net5 (net)
                      0.140650    0.000368    5.150532 ^ fanout23/A (sky130_fd_sc_hd__buf_1)
     6    0.016240    0.196423    0.211212    5.361743 ^ fanout23/X (sky130_fd_sc_hd__buf_1)
                                                         net23 (net)
                      0.196430    0.000982    5.362726 ^ _15_/B (sky130_fd_sc_hd__nand2b_1)
     3    0.008854    0.087549    0.122269    5.484994 v _15_/Y (sky130_fd_sc_hd__nand2b_1)
                                                         _02_ (net)
                      0.087549    0.000274    5.485269 v _17_/B1 (sky130_fd_sc_hd__o21ai_1)
     1    0.002198    0.088700    0.081373    5.566641 ^ _17_/Y (sky130_fd_sc_hd__o21ai_1)
                                                         net18 (net)
                      0.088700    0.000152    5.566793 ^ output18/A (sky130_fd_sc_hd__buf_2)
     1    0.034570    0.171980    0.214522    5.781316 ^ output18/X (sky130_fd_sc_hd__buf_2)
                                                         RegWrite (net)
                      0.172053    0.001620    5.782936 ^ RegWrite (out)
                                              5.782936   data arrival time

                      0.000000   25.000000   25.000000   clock clk (rise edge)
                                  0.000000   25.000000   clock network delay (ideal)
                                 -0.250000   24.750000   clock uncertainty
                                  0.000000   24.750000   clock reconvergence pessimism
                                 -5.000000   19.750000   output external delay
                                             19.750000   data required time
---------------------------------------------------------------------------------------------
                                             19.750000   data required time
                                             -5.782936   data arrival time
---------------------------------------------------------------------------------------------
                                             13.967064   slack (MET)


Startpoint: opcode[2] (input port clocked by clk)
Endpoint: ImmSrc[0] (output port clocked by clk)
Path Group: clk
Path Type: max

Fanout         Cap        Slew       Delay        Time   Description
---------------------------------------------------------------------------------------------
                      0.000000    0.000000    0.000000   clock clk (rise edge)
                                  0.000000    0.000000   clock network delay (ideal)
                                  5.000000    5.000000 ^ input external delay
     1    0.002745    0.019494    0.010166    5.010166 ^ opcode[2] (in)
                                                         opcode[2] (net)
                      0.019494    0.000000    5.010166 ^ input7/A (sky130_fd_sc_hd__buf_1)
     3    0.010918    0.135101    0.135847    5.146013 ^ input7/X (sky130_fd_sc_hd__buf_1)
                                                         net7 (net)
                      0.135103    0.000464    5.146477 ^ fanout22/A (sky130_fd_sc_hd__buf_1)
     6    0.016121    0.195102    0.209416    5.355893 ^ fanout22/X (sky130_fd_sc_hd__buf_1)
                                                         net22 (net)
                      0.195106    0.000770    5.356663 ^ _20_/C (sky130_fd_sc_hd__and3b_1)
     2    0.006522    0.082559    0.209730    5.566394 ^ _20_/X (sky130_fd_sc_hd__and3b_1)
                                                         net14 (net)
                      0.082560    0.000397    5.566790 ^ output14/A (sky130_fd_sc_hd__buf_2)
     1    0.034119    0.169853    0.210697    5.777487 ^ output14/X (sky130_fd_sc_hd__buf_2)
                                                         ImmSrc[0] (net)
                      0.169928    0.001702    5.779189 ^ ImmSrc[0] (out)
                                              5.779189   data arrival time

                      0.000000   25.000000   25.000000   clock clk (rise edge)
                                  0.000000   25.000000   clock network delay (ideal)
                                 -0.250000   24.750000   clock uncertainty
                                  0.000000   24.750000   clock reconvergence pessimism
                                 -5.000000   19.750000   output external delay
                                             19.750000   data required time
---------------------------------------------------------------------------------------------
                                             19.750000   data required time
                                             -5.779189   data arrival time
---------------------------------------------------------------------------------------------
                                             13.970811   slack (MET)


Startpoint: opcode[2] (input port clocked by clk)
Endpoint: ALUSrc (output port clocked by clk)
Path Group: clk
Path Type: max

Fanout         Cap        Slew       Delay        Time   Description
---------------------------------------------------------------------------------------------
                      0.000000    0.000000    0.000000   clock clk (rise edge)
                                  0.000000    0.000000   clock network delay (ideal)
                                  5.000000    5.000000 v input external delay
     1    0.002569    0.008082    0.004080    5.004080 v opcode[2] (in)
                                                         opcode[2] (net)
                      0.008083    0.000000    5.004080 v input7/A (sky130_fd_sc_hd__buf_1)
     3    0.010333    0.066376    0.105840    5.109921 v input7/X (sky130_fd_sc_hd__buf_1)
                                                         net7 (net)
                      0.066377    0.000436    5.110356 v fanout22/A (sky130_fd_sc_hd__buf_1)
     6    0.015252    0.093501    0.151323    5.261680 v fanout22/X (sky130_fd_sc_hd__buf_1)
                                                         net22 (net)
                      0.093513    0.001053    5.262733 v _12_/A (sky130_fd_sc_hd__or2_1)
     2    0.004990    0.058065    0.251821    5.514554 v _12_/X (sky130_fd_sc_hd__or2_1)
                                                         _01_ (net)
                      0.058066    0.000317    5.514871 v _16_/A (sky130_fd_sc_hd__nand2_1)
     1    0.002954    0.049491    0.059991    5.574862 ^ _16_/Y (sky130_fd_sc_hd__nand2_1)
                                                         net13 (net)
                      0.049491    0.000193    5.575054 ^ output13/A (sky130_fd_sc_hd__buf_2)
     1    0.034317    0.170521    0.199097    5.774151 ^ output13/X (sky130_fd_sc_hd__buf_2)
                                                         ALUSrc (net)
                      0.170597    0.001729    5.775881 ^ ALUSrc (out)
                                              5.775881   data arrival time

                      0.000000   25.000000   25.000000   clock clk (rise edge)
                                  0.000000   25.000000   clock network delay (ideal)
                                 -0.250000   24.750000   clock uncertainty
                                  0.000000   24.750000   clock reconvergence pessimism
                                 -5.000000   19.750000   output external delay
                                             19.750000   data required time
---------------------------------------------------------------------------------------------
                                             19.750000   data required time
                                             -5.775881   data arrival time
---------------------------------------------------------------------------------------------
                                             13.974118   slack (MET)


Startpoint: opcode[0] (input port clocked by clk)
Endpoint: ImmSrc[1] (output port clocked by clk)
Path Group: clk
Path Type: max

Fanout         Cap        Slew       Delay        Time   Description
---------------------------------------------------------------------------------------------
                      0.000000    0.000000    0.000000   clock clk (rise edge)
                                  0.000000    0.000000   clock network delay (ideal)
                                  5.000000    5.000000 ^ input external delay
     1    0.002807    0.019761    0.010388    5.010388 ^ opcode[0] (in)
                                                         opcode[0] (net)
                      0.019762    0.000000    5.010388 ^ input5/A (sky130_fd_sc_hd__buf_1)
     3    0.011407    0.140648    0.139776    5.150164 ^ input5/X (sky130_fd_sc_hd__buf_1)
                                                         net5 (net)
                      0.140650    0.000368    5.150532 ^ fanout23/A (sky130_fd_sc_hd__buf_1)
     6    0.016240    0.196423    0.211212    5.361743 ^ fanout23/X (sky130_fd_sc_hd__buf_1)
                                                         net23 (net)
                      0.196427    0.000758    5.362502 ^ _28_/B (sky130_fd_sc_hd__and3b_1)
     2    0.004921    0.068733    0.198648    5.561150 ^ _28_/X (sky130_fd_sc_hd__and3b_1)
                                                         net15 (net)
                      0.068733    0.000162    5.561312 ^ output15/A (sky130_fd_sc_hd__buf_2)
     1    0.034206    0.170180    0.205889    5.767200 ^ output15/X (sky130_fd_sc_hd__buf_2)
                                                         ImmSrc[1] (net)
                      0.170255    0.001704    5.768904 ^ ImmSrc[1] (out)
                                              5.768904   data arrival time

                      0.000000   25.000000   25.000000   clock clk (rise edge)
                                  0.000000   25.000000   clock network delay (ideal)
                                 -0.250000   24.750000   clock uncertainty
                                  0.000000   24.750000   clock reconvergence pessimism
                                 -5.000000   19.750000   output external delay
                                             19.750000   data required time
---------------------------------------------------------------------------------------------
                                             19.750000   data required time
                                             -5.768904   data arrival time
---------------------------------------------------------------------------------------------
                                             13.981095   slack (MET)


Startpoint: opcode[0] (input port clocked by clk)
Endpoint: MemWrite (output port clocked by clk)
Path Group: clk
Path Type: max

Fanout         Cap        Slew       Delay        Time   Description
---------------------------------------------------------------------------------------------
                      0.000000    0.000000    0.000000   clock clk (rise edge)
                                  0.000000    0.000000   clock network delay (ideal)
                                  5.000000    5.000000 ^ input external delay
     1    0.002807    0.019761    0.010388    5.010388 ^ opcode[0] (in)
                                                         opcode[0] (net)
                      0.019762    0.000000    5.010388 ^ input5/A (sky130_fd_sc_hd__buf_1)
     3    0.011407    0.140648    0.139776    5.150164 ^ input5/X (sky130_fd_sc_hd__buf_1)
                                                         net5 (net)
                      0.140650    0.000368    5.150532 ^ fanout23/A (sky130_fd_sc_hd__buf_1)
     6    0.016240    0.196423    0.211212    5.361743 ^ fanout23/X (sky130_fd_sc_hd__buf_1)
                                                         net23 (net)
                      0.196426    0.000697    5.362441 ^ _14_/B (sky130_fd_sc_hd__and3b_1)
     1    0.002493    0.048324    0.179035    5.541476 ^ _14_/X (sky130_fd_sc_hd__and3b_1)
                                                         net16 (net)
                      0.048324    0.000164    5.541640 ^ output16/A (sky130_fd_sc_hd__buf_2)
     1    0.034587    0.171769    0.199611    5.741251 ^ output16/X (sky130_fd_sc_hd__buf_2)
                                                         MemWrite (net)
                      0.171843    0.001644    5.742895 ^ MemWrite (out)
                                              5.742895   data arrival time

                      0.000000   25.000000   25.000000   clock clk (rise edge)
                                  0.000000   25.000000   clock network delay (ideal)
                                 -0.250000   24.750000   clock uncertainty
                                  0.000000   24.750000   clock reconvergence pessimism
                                 -5.000000   19.750000   output external delay
                                             19.750000   data required time
---------------------------------------------------------------------------------------------
                                             19.750000   data required time
                                             -5.742895   data arrival time
---------------------------------------------------------------------------------------------
                                             14.007104   slack (MET)



%OL_END_REPORT
%OL_CREATE_REPORT checks.rpt

===========================================================================
report_checks -unconstrained
===========================================================================
======================= max_tt_025C_1v80 Corner ===================================

Startpoint: opcode[0] (input port clocked by clk)
Endpoint: ALUControl[0] (output port clocked by clk)
Path Group: clk
Path Type: max

Fanout         Cap        Slew       Delay        Time   Description
---------------------------------------------------------------------------------------------
                      0.000000    0.000000    0.000000   clock clk (rise edge)
                                  0.000000    0.000000   clock network delay (ideal)
                                  5.000000    5.000000 ^ input external delay
     1    0.002807    0.019761    0.010388    5.010388 ^ opcode[0] (in)
                                                         opcode[0] (net)
                      0.019762    0.000000    5.010388 ^ input5/A (sky130_fd_sc_hd__buf_1)
     3    0.011407    0.140648    0.139776    5.150164 ^ input5/X (sky130_fd_sc_hd__buf_1)
                                                         net5 (net)
                      0.140650    0.000368    5.150532 ^ fanout23/A (sky130_fd_sc_hd__buf_1)
     6    0.016240    0.196423    0.211212    5.361743 ^ fanout23/X (sky130_fd_sc_hd__buf_1)
                                                         net23 (net)
                      0.196430    0.000982    5.362726 ^ _15_/B (sky130_fd_sc_hd__nand2b_1)
     3    0.008854    0.087549    0.122269    5.484994 v _15_/Y (sky130_fd_sc_hd__nand2b_1)
                                                         _02_ (net)
                      0.087550    0.000473    5.485468 v _18_/D (sky130_fd_sc_hd__nor4_1)
     2    0.007102    0.364787    0.293927    5.779395 ^ _18_/Y (sky130_fd_sc_hd__nor4_1)
                                                         _03_ (net)
                      0.364787    0.000392    5.779786 ^ max_cap20/A (sky130_fd_sc_hd__clkbuf_1)
     2    0.005721    0.078549    0.153452    5.933239 ^ max_cap20/X (sky130_fd_sc_hd__clkbuf_1)
                                                         net20 (net)
                      0.078549    0.000376    5.933614 ^ _22_/A1 (sky130_fd_sc_hd__a221o_1)
     1    0.002419    0.044544    0.137479    6.071093 ^ _22_/X (sky130_fd_sc_hd__a221o_1)
                                                         net9 (net)
                      0.044544    0.000163    6.071257 ^ output9/A (sky130_fd_sc_hd__buf_2)
     1    0.034499    0.171432    0.197812    6.269069 ^ output9/X (sky130_fd_sc_hd__buf_2)
                                                         ALUControl[0] (net)
                      0.171457    0.001726    6.270794 ^ ALUControl[0] (out)
                                              6.270794   data arrival time

                      0.000000   25.000000   25.000000   clock clk (rise edge)
                                  0.000000   25.000000   clock network delay (ideal)
                                 -0.250000   24.750000   clock uncertainty
                                  0.000000   24.750000   clock reconvergence pessimism
                                 -5.000000   19.750000   output external delay
                                             19.750000   data required time
---------------------------------------------------------------------------------------------
                                             19.750000   data required time
                                             -6.270794   data arrival time
---------------------------------------------------------------------------------------------
                                             13.479206   slack (MET)




===========================================================================
report_checks --slack_max -0.01
============================================================================
======================= max_tt_025C_1v80 Corner ===================================

No paths found.


===========================================================================
 report_check_types -max_slew -max_cap -max_fanout -violators
============================================================================
======================= max_tt_025C_1v80 Corner ===================================



===========================================================================
report_parasitic_annotation -report_unannotated
============================================================================
Found 0 unannotated drivers.
Found 0 partially unannotated drivers.

===========================================================================
max slew violation count 0
%OL_METRIC_I design__max_slew_violation__count__corner:max_tt_025C_1v80 0
max fanout violation count 0
%OL_METRIC_I design__max_fanout_violation__count__corner:max_tt_025C_1v80 0
max cap violation count 0
%OL_METRIC_I design__max_cap_violation__count__corner:max_tt_025C_1v80 0
============================================================================

===========================================================================
check_setup -verbose -unconstrained_endpoints -multiple_clock -no_clock -no_input_delay -loops -generated_clocks
===========================================================================
%OL_END_REPORT
%OL_CREATE_REPORT power.rpt

===========================================================================
 report_power
============================================================================
======================= max_tt_025C_1v80 Corner ===================================

Group                    Internal    Switching      Leakage        Total
                            Power        Power        Power        Power (Watts)
------------------------------------------------------------------------
Sequential           0.000000e+00 0.000000e+00 0.000000e+00 0.000000e+00   0.0%
Combinational        1.893798e-06 3.825591e-06 1.531018e-10 5.719543e-06 100.0%
Clock                0.000000e+00 0.000000e+00 1.036814e-10 1.036814e-10   0.0%
Macro                0.000000e+00 0.000000e+00 0.000000e+00 0.000000e+00   0.0%
Pad                  0.000000e+00 0.000000e+00 0.000000e+00 0.000000e+00   0.0%
------------------------------------------------------------------------
Total                1.893798e-06 3.825591e-06 2.567832e-10 5.719646e-06 100.0%
                            33.1%        66.9%         0.0%
%OL_METRIC_F power__internal__total 1.8937981849376229e-6
%OL_METRIC_F power__switching__total 3.825591193162836e-6
%OL_METRIC_F power__leakage__total 2.567831780542207e-10
%OL_METRIC_F power__total 5.719646196666872e-6

%OL_END_REPORT
%OL_CREATE_REPORT skew.min.rpt

===========================================================================
Clock Skew (Hold)
============================================================================
%OL_METRIC_F clock__skew__worst_hold__corner:max_tt_025C_1v80 0.0
======================= max_tt_025C_1v80 Corner ===================================

Clock clk
No launch/capture paths found.

%OL_END_REPORT
%OL_CREATE_REPORT skew.max.rpt

===========================================================================
Clock Skew (Setup)
============================================================================
%OL_METRIC_F clock__skew__worst_setup__corner:max_tt_025C_1v80 0.0
======================= max_tt_025C_1v80 Corner ===================================

Clock clk
No launch/capture paths found.

%OL_END_REPORT
%OL_CREATE_REPORT ws.min.rpt

===========================================================================
Worst Slack (Hold)
============================================================================
%OL_METRIC_F timing__hold__ws__corner:max_tt_025C_1v80 10.146654470496323
max_tt_025C_1v80: 10.146654470496323
%OL_END_REPORT
%OL_CREATE_REPORT ws.max.rpt

===========================================================================
Worst Slack (Setup)
============================================================================
%OL_METRIC_F timing__setup__ws__corner:max_tt_025C_1v80 13.47920568869412
max_tt_025C_1v80: 13.47920568869412
%OL_END_REPORT
%OL_CREATE_REPORT tns.min.rpt

===========================================================================
Total Negative Slack (Hold)
============================================================================
%OL_METRIC_F timing__hold__tns__corner:max_tt_025C_1v80 0.0
max_tt_025C_1v80: 0.0
%OL_END_REPORT
%OL_CREATE_REPORT tns.max.rpt

===========================================================================
Total Negative Slack (Setup)
============================================================================
%OL_METRIC_F timing__setup__tns__corner:max_tt_025C_1v80 0.0
max_tt_025C_1v80: 0.0
%OL_END_REPORT
%OL_CREATE_REPORT wns.min.rpt

===========================================================================
Worst Negative Slack (Hold)
============================================================================
%OL_METRIC_F timing__hold__wns__corner:max_tt_025C_1v80 0
max_tt_025C_1v80: 0
%OL_END_REPORT
%OL_CREATE_REPORT wns.max.rpt

===========================================================================
Worst Negative Slack (Setup)
============================================================================
%OL_METRIC_F timing__setup__wns__corner:max_tt_025C_1v80 0.0
max_tt_025C_1v80: 0.0
%OL_END_REPORT
%OL_CREATE_REPORT violator_list.rpt

===========================================================================
Violator List
============================================================================
%OL_METRIC_I timing__hold_vio__count__corner:max_tt_025C_1v80 0
%OL_METRIC_F timing__hold_r2r__ws__corner:max_tt_025C_1v80 inf
%OL_METRIC_I timing__hold_r2r_vio__count__corner:max_tt_025C_1v80 0
%OL_METRIC_I timing__setup_vio__count__corner:max_tt_025C_1v80 0
%OL_METRIC_F timing__setup_r2r__ws__corner:max_tt_025C_1v80 inf
%OL_METRIC_I timing__setup_r2r_vio__count__corner:max_tt_025C_1v80 0
%OL_END_REPORT
%OL_CREATE_REPORT unpropagated.rpt
clk
%OL_END_REPORT
%OL_CREATE_REPORT clock.rpt
Clock: clk
Sources: 
Generated: no
Virtual: yes
Propagated: no
Period: 25.000000

===========================================================================
report_clock_properties
============================================================================
Clock                   Period          Waveform
----------------------------------------------------
clk                  25.000000    0.000000 12.500000

===========================================================================
report_clock_latency
============================================================================
Clock clk


===========================================================================
report_clock_min_period
============================================================================
clk period_min = 0.00 fmax = inf
%OL_END_REPORT
Writing SDF files for all corners…
Removing Clock latencies before writing libs…
Writing timing models for all corners…
Writing timing models for the max_tt_025C_1v80 corner to /home/githi/openlane2/my_designs/Control_unit/runs/RUN_2025-11-16_16-53-36/54-openroad-stapostpnr/max_tt_025C_1v80/Control_unit__max_tt_025C_1v80.lib…
