
===========================================================================
report_checks -unconstrained
===========================================================================
======================= nom_ff_n40C_1v95 Corner ===================================

Startpoint: pc[13] (input port clocked by clk)
Endpoint: _125_ (rising edge-triggered flip-flop clocked by clk)
Path Group: clk
Path Type: max

Fanout         Cap        Slew       Delay        Time   Description
---------------------------------------------------------------------------------------------
                      0.150000    0.000000    0.000000   clock clk (rise edge)
                                  0.000000    0.000000   clock network delay (ideal)
                                  2.000000    2.000000 v input external delay
     1    0.001415    0.002876    0.001055    2.001055 v pc[13] (in)
                                                         pc[13] (net)
                      0.002876    0.000000    2.001055 v _062_/A (sky130_fd_sc_hd__or4_2)
     2    0.005427    0.073418    0.377028    2.378083 v _062_/X (sky130_fd_sc_hd__or4_2)
                                                         _018_ (net)
                      0.073418    0.000000    2.378083 v _065_/C (sky130_fd_sc_hd__or4_2)
    10    0.042150    0.152544    0.462276    2.840360 v _065_/X (sky130_fd_sc_hd__or4_2)
                                                         _021_ (net)
                      0.152544    0.000000    2.840360 v _107_/B1 (sky130_fd_sc_hd__a21oi_2)
     1    0.001748    0.051949    0.076937    2.917297 ^ _107_/Y (sky130_fd_sc_hd__a21oi_2)
                                                         _009_ (net)
                      0.051949    0.000000    2.917297 ^ _125_/D (sky130_fd_sc_hd__dfxtp_2)
                                              2.917297   data arrival time

                      0.150000   10.000000   10.000000   clock clk (rise edge)
                                  0.000000   10.000000   clock network delay (ideal)
                                 -0.250000    9.750000   clock uncertainty
                                  0.000000    9.750000   clock reconvergence pessimism
                                              9.750000 ^ _125_/CLK (sky130_fd_sc_hd__dfxtp_2)
                                 -0.029548    9.720452   library setup time
                                              9.720452   data required time
---------------------------------------------------------------------------------------------
                                              9.720452   data required time
                                             -2.917297   data arrival time
---------------------------------------------------------------------------------------------
                                              6.803155   slack (MET)




===========================================================================
report_checks --slack_max -0.01
============================================================================
======================= nom_ff_n40C_1v95 Corner ===================================

No paths found.


===========================================================================
 report_check_types -max_slew -max_cap -max_fanout -violators
============================================================================
======================= nom_ff_n40C_1v95 Corner ===================================

max fanout

Pin                                   Limit Fanout  Slack
---------------------------------------------------------
pc[3]                                    10     15     -5 (VIOLATED)
pc[1]                                    10     14     -4 (VIOLATED)



===========================================================================
report_parasitic_annotation -report_unannotated
============================================================================
Found 91 unannotated drivers.
 clk
 pc[0]
 pc[10]
 pc[11]
 pc[12]
 pc[13]
 pc[14]
 pc[15]
 pc[1]
 pc[2]
 pc[3]
 pc[4]
 pc[5]
 pc[6]
 pc[7]
 pc[8]
 pc[9]
 _058_/Y
 _059_/Y
 _060_/Y
 _061_/Y
 _062_/X
 _063_/X
 _064_/Y
 _065_/X
 _066_/Y
 _067_/Y
 _068_/X
 _069_/Y
 _070_/X
 _071_/Y
 _072_/X
 _073_/Y
 _074_/X
 _075_/Y
 _076_/Y
 _077_/X
 _078_/X
 _079_/Y
 _080_/X
 _081_/X
 _082_/X
 _083_/X
 _084_/Y
 _085_/Y
 _086_/Y
 _087_/X
 _088_/Y
 _089_/Y
 _090_/Y
 _091_/X
 _092_/Y
 _093_/X
 _094_/X
 _095_/Y
 _096_/X
 _097_/Y
 _098_/X
 _099_/X
 _100_/Y
 _101_/Y
 _102_/X
 _103_/Y
 _104_/X
 _105_/X
 _106_/X
 _107_/Y
 _108_/X
 _109_/X
 _110_/Y
 _111_/X
 _112_/X
 _113_/Y
 _114_/X
 _115_/Y
 _116_/Q
 _117_/Q
 _118_/Q
 _119_/Q
 _120_/Q
 _121_/Q
 _122_/Q
 _123_/Q
 _124_/Q
 _125_/Q
 _126_/Q
 _127_/Q
 _128_/Q
 _129_/Q
 _130_/X
 _131_/X
Found 0 partially unannotated drivers.

===========================================================================
max slew violation count 0
max fanout violation count 2
max cap violation count 0
============================================================================

===========================================================================
check_setup -verbose -unconstrained_endpoints -multiple_clock -no_clock -no_input_delay -loops -generated_clocks
===========================================================================
