
===========================================================================
report_checks -path_delay min (Hold)
============================================================================
======================= nom_ff_n40C_1v95 Corner ===================================

Startpoint: pc[5] (input port clocked by clk)
Endpoint: _116_ (rising edge-triggered flip-flop clocked by clk)
Path Group: clk
Path Type: min

Fanout         Cap        Slew       Delay        Time   Description
---------------------------------------------------------------------------------------------
                      0.150000    0.000000    0.000000   clock clk (rise edge)
                                  0.000000    0.000000   clock network delay (ideal)
                                  2.000000    2.000000 v input external delay
    10    0.027767    0.043691    0.029584    2.029584 v pc[5] (in)
                                                         pc[5] (net)
                      0.043691    0.000000    2.029584 v _066_/B (sky130_fd_sc_hd__nand2_2)
     1    0.004628    0.028629    0.049764    2.079347 ^ _066_/Y (sky130_fd_sc_hd__nand2_2)
                                                         _022_ (net)
                      0.028629    0.000000    2.079347 ^ _073_/A1 (sky130_fd_sc_hd__a21oi_2)
     1    0.001783    0.017170    0.021249    2.100596 v _073_/Y (sky130_fd_sc_hd__a21oi_2)
                                                         _000_ (net)
                      0.017170    0.000000    2.100596 v _116_/D (sky130_fd_sc_hd__dfxtp_2)
                                              2.100596   data arrival time

                      0.150000    0.000000    0.000000   clock clk (rise edge)
                                  0.000000    0.000000   clock network delay (ideal)
                                  0.250000    0.250000   clock uncertainty
                                  0.000000    0.250000   clock reconvergence pessimism
                                              0.250000 ^ _116_/CLK (sky130_fd_sc_hd__dfxtp_2)
                                 -0.018354    0.231646   library hold time
                                              0.231646   data required time
---------------------------------------------------------------------------------------------
                                              0.231646   data required time
                                             -2.100596   data arrival time
---------------------------------------------------------------------------------------------
                                              1.868950   slack (MET)


Startpoint: pc[4] (input port clocked by clk)
Endpoint: _124_ (rising edge-triggered flip-flop clocked by clk)
Path Group: clk
Path Type: min

Fanout         Cap        Slew       Delay        Time   Description
---------------------------------------------------------------------------------------------
                      0.150000    0.000000    0.000000   clock clk (rise edge)
                                  0.000000    0.000000   clock network delay (ideal)
                                  2.000000    2.000000 v input external delay
     7    0.014538    0.023856    0.014934    2.014934 v pc[4] (in)
                                                         pc[4] (net)
                      0.023856    0.000000    2.014934 v _059_/A (sky130_fd_sc_hd__inv_2)
     1    0.002470    0.015157    0.023892    2.038826 ^ _059_/Y (sky130_fd_sc_hd__inv_2)
                                                         _015_ (net)
                      0.015157    0.000000    2.038826 ^ _105_/B1 (sky130_fd_sc_hd__o211a_2)
     1    0.001748    0.022373    0.071490    2.110316 ^ _105_/X (sky130_fd_sc_hd__o211a_2)
                                                         _008_ (net)
                      0.022373    0.000000    2.110316 ^ _124_/D (sky130_fd_sc_hd__dfxtp_2)
                                              2.110316   data arrival time

                      0.150000    0.000000    0.000000   clock clk (rise edge)
                                  0.000000    0.000000   clock network delay (ideal)
                                  0.250000    0.250000   clock uncertainty
                                  0.000000    0.250000   clock reconvergence pessimism
                                              0.250000 ^ _124_/CLK (sky130_fd_sc_hd__dfxtp_2)
                                 -0.013860    0.236140   library hold time
                                              0.236140   data required time
---------------------------------------------------------------------------------------------
                                              0.236140   data required time
                                             -2.110316   data arrival time
---------------------------------------------------------------------------------------------
                                              1.874176   slack (MET)


Startpoint: pc[7] (input port clocked by clk)
Endpoint: _119_ (rising edge-triggered flip-flop clocked by clk)
Path Group: clk
Path Type: min

Fanout         Cap        Slew       Delay        Time   Description
---------------------------------------------------------------------------------------------
                      0.150000    0.000000    0.000000   clock clk (rise edge)
                                  0.000000    0.000000   clock network delay (ideal)
                                  2.000000    2.000000 ^ input external delay
     2    0.006203    0.026555    0.015836    2.015836 ^ pc[7] (in)
                                                         pc[7] (net)
                      0.026555    0.000000    2.015836 ^ _064_/A (sky130_fd_sc_hd__nor4_2)
     4    0.009315    0.023342    0.030584    2.046420 v _064_/Y (sky130_fd_sc_hd__nor4_2)
                                                         _020_ (net)
                      0.023342    0.000000    2.046420 v _094_/B1 (sky130_fd_sc_hd__o31a_2)
     1    0.001783    0.014447    0.061782    2.108202 v _094_/X (sky130_fd_sc_hd__o31a_2)
                                                         _003_ (net)
                      0.014447    0.000000    2.108202 v _119_/D (sky130_fd_sc_hd__dfxtp_2)
                                              2.108202   data arrival time

                      0.150000    0.000000    0.000000   clock clk (rise edge)
                                  0.000000    0.000000   clock network delay (ideal)
                                  0.250000    0.250000   clock uncertainty
                                  0.000000    0.250000   clock reconvergence pessimism
                                              0.250000 ^ _119_/CLK (sky130_fd_sc_hd__dfxtp_2)
                                 -0.017446    0.232554   library hold time
                                              0.232554   data required time
---------------------------------------------------------------------------------------------
                                              0.232554   data required time
                                             -2.108202   data arrival time
---------------------------------------------------------------------------------------------
                                              1.875649   slack (MET)


Startpoint: pc[7] (input port clocked by clk)
Endpoint: _122_ (rising edge-triggered flip-flop clocked by clk)
Path Group: clk
Path Type: min

Fanout         Cap        Slew       Delay        Time   Description
---------------------------------------------------------------------------------------------
                      0.150000    0.000000    0.000000   clock clk (rise edge)
                                  0.000000    0.000000   clock network delay (ideal)
                                  2.000000    2.000000 ^ input external delay
     2    0.006203    0.026555    0.015836    2.015836 ^ pc[7] (in)
                                                         pc[7] (net)
                      0.026555    0.000000    2.015836 ^ _064_/A (sky130_fd_sc_hd__nor4_2)
     4    0.009315    0.023342    0.030584    2.046420 v _064_/Y (sky130_fd_sc_hd__nor4_2)
                                                         _020_ (net)
                      0.023342    0.000000    2.046420 v _102_/B1 (sky130_fd_sc_hd__o21a_2)
     1    0.001783    0.014173    0.062216    2.108636 v _102_/X (sky130_fd_sc_hd__o21a_2)
                                                         _006_ (net)
                      0.014173    0.000000    2.108636 v _122_/D (sky130_fd_sc_hd__dfxtp_2)
                                              2.108636   data arrival time

                      0.150000    0.000000    0.000000   clock clk (rise edge)
                                  0.000000    0.000000   clock network delay (ideal)
                                  0.250000    0.250000   clock uncertainty
                                  0.000000    0.250000   clock reconvergence pessimism
                                              0.250000 ^ _122_/CLK (sky130_fd_sc_hd__dfxtp_2)
                                 -0.017355    0.232645   library hold time
                                              0.232645   data required time
---------------------------------------------------------------------------------------------
                                              0.232645   data required time
                                             -2.108636   data arrival time
---------------------------------------------------------------------------------------------
                                              1.875991   slack (MET)


Startpoint: pc[7] (input port clocked by clk)
Endpoint: _126_ (rising edge-triggered flip-flop clocked by clk)
Path Group: clk
Path Type: min

Fanout         Cap        Slew       Delay        Time   Description
---------------------------------------------------------------------------------------------
                      0.150000    0.000000    0.000000   clock clk (rise edge)
                                  0.000000    0.000000   clock network delay (ideal)
                                  2.000000    2.000000 ^ input external delay
     2    0.006203    0.026555    0.015836    2.015836 ^ pc[7] (in)
                                                         pc[7] (net)
                      0.026555    0.000000    2.015836 ^ _064_/A (sky130_fd_sc_hd__nor4_2)
     4    0.009315    0.023342    0.030584    2.046420 v _064_/Y (sky130_fd_sc_hd__nor4_2)
                                                         _020_ (net)
                      0.023342    0.000000    2.046420 v _108_/C1 (sky130_fd_sc_hd__o221a_2)
     1    0.001783    0.015198    0.066316    2.112737 v _108_/X (sky130_fd_sc_hd__o221a_2)
                                                         _010_ (net)
                      0.015198    0.000000    2.112737 v _126_/D (sky130_fd_sc_hd__dfxtp_2)
                                              2.112737   data arrival time

                      0.150000    0.000000    0.000000   clock clk (rise edge)
                                  0.000000    0.000000   clock network delay (ideal)
                                  0.250000    0.250000   clock uncertainty
                                  0.000000    0.250000   clock reconvergence pessimism
                                              0.250000 ^ _126_/CLK (sky130_fd_sc_hd__dfxtp_2)
                                 -0.017696    0.232304   library hold time
                                              0.232304   data required time
---------------------------------------------------------------------------------------------
                                              0.232304   data required time
                                             -2.112737   data arrival time
---------------------------------------------------------------------------------------------
                                              1.880433   slack (MET)


Startpoint: pc[5] (input port clocked by clk)
Endpoint: _117_ (rising edge-triggered flip-flop clocked by clk)
Path Group: clk
Path Type: min

Fanout         Cap        Slew       Delay        Time   Description
---------------------------------------------------------------------------------------------
                      0.150000    0.000000    0.000000   clock clk (rise edge)
                                  0.000000    0.000000   clock network delay (ideal)
                                  2.000000    2.000000 v input external delay
    10    0.027767    0.043691    0.029584    2.029584 v pc[5] (in)
                                                         pc[5] (net)
                      0.043691    0.000000    2.029584 v _061_/A (sky130_fd_sc_hd__inv_2)
     2    0.005022    0.026000    0.038294    2.067877 ^ _061_/Y (sky130_fd_sc_hd__inv_2)
                                                         _017_ (net)
                      0.026000    0.000000    2.067877 ^ _078_/C1 (sky130_fd_sc_hd__a211o_2)
     1    0.005062    0.025340    0.056896    2.124773 ^ _078_/X (sky130_fd_sc_hd__a211o_2)
                                                         _033_ (net)
                      0.025340    0.000000    2.124773 ^ _079_/A2 (sky130_fd_sc_hd__a21oi_2)
     1    0.001783    0.016089    0.024319    2.149092 v _079_/Y (sky130_fd_sc_hd__a21oi_2)
                                                         _001_ (net)
                      0.016089    0.000000    2.149092 v _117_/D (sky130_fd_sc_hd__dfxtp_2)
                                              2.149092   data arrival time

                      0.150000    0.000000    0.000000   clock clk (rise edge)
                                  0.000000    0.000000   clock network delay (ideal)
                                  0.250000    0.250000   clock uncertainty
                                  0.000000    0.250000   clock reconvergence pessimism
                                              0.250000 ^ _117_/CLK (sky130_fd_sc_hd__dfxtp_2)
                                 -0.017993    0.232007   library hold time
                                              0.232007   data required time
---------------------------------------------------------------------------------------------
                                              0.232007   data required time
                                             -2.149092   data arrival time
---------------------------------------------------------------------------------------------
                                              1.917085   slack (MET)


Startpoint: pc[5] (input port clocked by clk)
Endpoint: _118_ (rising edge-triggered flip-flop clocked by clk)
Path Group: clk
Path Type: min

Fanout         Cap        Slew       Delay        Time   Description
---------------------------------------------------------------------------------------------
                      0.150000    0.000000    0.000000   clock clk (rise edge)
                                  0.000000    0.000000   clock network delay (ideal)
                                  2.000000    2.000000 v input external delay
    10    0.027767    0.043691    0.029584    2.029584 v pc[5] (in)
                                                         pc[5] (net)
                      0.043691    0.000000    2.029584 v _061_/A (sky130_fd_sc_hd__inv_2)
     2    0.005022    0.026000    0.038294    2.067877 ^ _061_/Y (sky130_fd_sc_hd__inv_2)
                                                         _017_ (net)
                      0.026000    0.000000    2.067877 ^ _087_/C1 (sky130_fd_sc_hd__a311o_2)
     1    0.005062    0.027690    0.060605    2.128482 ^ _087_/X (sky130_fd_sc_hd__a311o_2)
                                                         _041_ (net)
                      0.027690    0.000000    2.128482 ^ _088_/A2 (sky130_fd_sc_hd__a21oi_2)
     1    0.001783    0.016242    0.024752    2.153234 v _088_/Y (sky130_fd_sc_hd__a21oi_2)
                                                         _002_ (net)
                      0.016242    0.000000    2.153234 v _118_/D (sky130_fd_sc_hd__dfxtp_2)
                                              2.153234   data arrival time

                      0.150000    0.000000    0.000000   clock clk (rise edge)
                                  0.000000    0.000000   clock network delay (ideal)
                                  0.250000    0.250000   clock uncertainty
                                  0.000000    0.250000   clock reconvergence pessimism
                                              0.250000 ^ _118_/CLK (sky130_fd_sc_hd__dfxtp_2)
                                 -0.018044    0.231956   library hold time
                                              0.231956   data required time
---------------------------------------------------------------------------------------------
                                              0.231956   data required time
                                             -2.153234   data arrival time
---------------------------------------------------------------------------------------------
                                              1.921278   slack (MET)


Startpoint: pc[1] (input port clocked by clk)
Endpoint: _121_ (rising edge-triggered flip-flop clocked by clk)
Path Group: clk
Path Type: min

Fanout         Cap        Slew       Delay        Time   Description
---------------------------------------------------------------------------------------------
                      0.150000    0.000000    0.000000   clock clk (rise edge)
                                  0.000000    0.000000   clock network delay (ideal)
                                  2.000000    2.000000 v input external delay
    14    0.040612    0.062924    0.043805    2.043805 v pc[1] (in)
                                                         pc[1] (net)
                      0.062924    0.000000    2.043805 v _058_/A (sky130_fd_sc_hd__inv_2)
     2    0.007068    0.035393    0.050254    2.094059 ^ _058_/Y (sky130_fd_sc_hd__inv_2)
                                                         _014_ (net)
                      0.035393    0.000000    2.094059 ^ _099_/A1 (sky130_fd_sc_hd__a211o_2)
     1    0.005062    0.026084    0.074696    2.168755 ^ _099_/X (sky130_fd_sc_hd__a211o_2)
                                                         _050_ (net)
                      0.026084    0.000000    2.168755 ^ _100_/A2 (sky130_fd_sc_hd__a21oi_2)
     1    0.001783    0.016207    0.024456    2.193211 v _100_/Y (sky130_fd_sc_hd__a21oi_2)
                                                         _005_ (net)
                      0.016207    0.000000    2.193211 v _121_/D (sky130_fd_sc_hd__dfxtp_2)
                                              2.193211   data arrival time

                      0.150000    0.000000    0.000000   clock clk (rise edge)
                                  0.000000    0.000000   clock network delay (ideal)
                                  0.250000    0.250000   clock uncertainty
                                  0.000000    0.250000   clock reconvergence pessimism
                                              0.250000 ^ _121_/CLK (sky130_fd_sc_hd__dfxtp_2)
                                 -0.018033    0.231967   library hold time
                                              0.231967   data required time
---------------------------------------------------------------------------------------------
                                              0.231967   data required time
                                             -2.193211   data arrival time
---------------------------------------------------------------------------------------------
                                              1.961243   slack (MET)


Startpoint: pc[5] (input port clocked by clk)
Endpoint: _128_ (rising edge-triggered flip-flop clocked by clk)
Path Group: clk
Path Type: min

Fanout         Cap        Slew       Delay        Time   Description
---------------------------------------------------------------------------------------------
                      0.150000    0.000000    0.000000   clock clk (rise edge)
                                  0.000000    0.000000   clock network delay (ideal)
                                  2.000000    2.000000 ^ input external delay
    10    0.030483    0.108021    0.073075    2.073075 ^ pc[5] (in)
                                                         pc[5] (net)
                      0.108021    0.000000    2.073075 ^ _074_/B (sky130_fd_sc_hd__or3_2)
     2    0.009256    0.042760    0.103314    2.176389 ^ _074_/X (sky130_fd_sc_hd__or3_2)
                                                         _029_ (net)
                      0.042760    0.000000    2.176389 ^ _113_/A1 (sky130_fd_sc_hd__a21oi_2)
     1    0.001783    0.016086    0.023709    2.200098 v _113_/Y (sky130_fd_sc_hd__a21oi_2)
                                                         _012_ (net)
                      0.016086    0.000000    2.200098 v _128_/D (sky130_fd_sc_hd__dfxtp_2)
                                              2.200098   data arrival time

                      0.150000    0.000000    0.000000   clock clk (rise edge)
                                  0.000000    0.000000   clock network delay (ideal)
                                  0.250000    0.250000   clock uncertainty
                                  0.000000    0.250000   clock reconvergence pessimism
                                              0.250000 ^ _128_/CLK (sky130_fd_sc_hd__dfxtp_2)
                                 -0.017992    0.232008   library hold time
                                              0.232008   data required time
---------------------------------------------------------------------------------------------
                                              0.232008   data required time
                                             -2.200098   data arrival time
---------------------------------------------------------------------------------------------
                                              1.968090   slack (MET)


Startpoint: pc[7] (input port clocked by clk)
Endpoint: _123_ (rising edge-triggered flip-flop clocked by clk)
Path Group: clk
Path Type: min

Fanout         Cap        Slew       Delay        Time   Description
---------------------------------------------------------------------------------------------
                      0.150000    0.000000    0.000000   clock clk (rise edge)
                                  0.000000    0.000000   clock network delay (ideal)
                                  2.000000    2.000000 ^ input external delay
     2    0.006203    0.026555    0.015836    2.015836 ^ pc[7] (in)
                                                         pc[7] (net)
                      0.026555    0.000000    2.015836 ^ _065_/A (sky130_fd_sc_hd__or4_2)
    10    0.047640    0.180964    0.181626    2.197463 ^ _065_/X (sky130_fd_sc_hd__or4_2)
                                                         _021_ (net)
                      0.180964    0.000000    2.197463 ^ _103_/B1 (sky130_fd_sc_hd__a21oi_2)
     1    0.001783    0.016676    0.005144    2.202607 v _103_/Y (sky130_fd_sc_hd__a21oi_2)
                                                         _007_ (net)
                      0.016676    0.000000    2.202607 v _123_/D (sky130_fd_sc_hd__dfxtp_2)
                                              2.202607   data arrival time

                      0.150000    0.000000    0.000000   clock clk (rise edge)
                                  0.000000    0.000000   clock network delay (ideal)
                                  0.250000    0.250000   clock uncertainty
                                  0.000000    0.250000   clock reconvergence pessimism
                                              0.250000 ^ _123_/CLK (sky130_fd_sc_hd__dfxtp_2)
                                 -0.018189    0.231811   library hold time
                                              0.231811   data required time
---------------------------------------------------------------------------------------------
                                              0.231811   data required time
                                             -2.202607   data arrival time
---------------------------------------------------------------------------------------------
                                              1.970796   slack (MET)


Startpoint: pc[7] (input port clocked by clk)
Endpoint: _125_ (rising edge-triggered flip-flop clocked by clk)
Path Group: clk
Path Type: min

Fanout         Cap        Slew       Delay        Time   Description
---------------------------------------------------------------------------------------------
                      0.150000    0.000000    0.000000   clock clk (rise edge)
                                  0.000000    0.000000   clock network delay (ideal)
                                  2.000000    2.000000 ^ input external delay
     2    0.006203    0.026555    0.015836    2.015836 ^ pc[7] (in)
                                                         pc[7] (net)
                      0.026555    0.000000    2.015836 ^ _065_/A (sky130_fd_sc_hd__or4_2)
    10    0.047640    0.180964    0.181626    2.197463 ^ _065_/X (sky130_fd_sc_hd__or4_2)
                                                         _021_ (net)
                      0.180964    0.000000    2.197463 ^ _107_/B1 (sky130_fd_sc_hd__a21oi_2)
     1    0.001783    0.016735    0.005144    2.202607 v _107_/Y (sky130_fd_sc_hd__a21oi_2)
                                                         _009_ (net)
                      0.016735    0.000000    2.202607 v _125_/D (sky130_fd_sc_hd__dfxtp_2)
                                              2.202607   data arrival time

                      0.150000    0.000000    0.000000   clock clk (rise edge)
                                  0.000000    0.000000   clock network delay (ideal)
                                  0.250000    0.250000   clock uncertainty
                                  0.000000    0.250000   clock reconvergence pessimism
                                              0.250000 ^ _125_/CLK (sky130_fd_sc_hd__dfxtp_2)
                                 -0.018209    0.231791   library hold time
                                              0.231791   data required time
---------------------------------------------------------------------------------------------
                                              0.231791   data required time
                                             -2.202607   data arrival time
---------------------------------------------------------------------------------------------
                                              1.970815   slack (MET)


Startpoint: pc[7] (input port clocked by clk)
Endpoint: _127_ (rising edge-triggered flip-flop clocked by clk)
Path Group: clk
Path Type: min

Fanout         Cap        Slew       Delay        Time   Description
---------------------------------------------------------------------------------------------
                      0.150000    0.000000    0.000000   clock clk (rise edge)
                                  0.000000    0.000000   clock network delay (ideal)
                                  2.000000    2.000000 ^ input external delay
     2    0.006203    0.026555    0.015836    2.015836 ^ pc[7] (in)
                                                         pc[7] (net)
                      0.026555    0.000000    2.015836 ^ _065_/A (sky130_fd_sc_hd__or4_2)
    10    0.047640    0.180964    0.181626    2.197463 ^ _065_/X (sky130_fd_sc_hd__or4_2)
                                                         _021_ (net)
                      0.180964    0.000000    2.197463 ^ _110_/B1 (sky130_fd_sc_hd__a21oi_2)
     1    0.001783    0.016840    0.005144    2.202607 v _110_/Y (sky130_fd_sc_hd__a21oi_2)
                                                         _011_ (net)
                      0.016840    0.000000    2.202607 v _127_/D (sky130_fd_sc_hd__dfxtp_2)
                                              2.202607   data arrival time

                      0.150000    0.000000    0.000000   clock clk (rise edge)
                                  0.000000    0.000000   clock network delay (ideal)
                                  0.250000    0.250000   clock uncertainty
                                  0.000000    0.250000   clock reconvergence pessimism
                                              0.250000 ^ _127_/CLK (sky130_fd_sc_hd__dfxtp_2)
                                 -0.018244    0.231756   library hold time
                                              0.231756   data required time
---------------------------------------------------------------------------------------------
                                              0.231756   data required time
                                             -2.202607   data arrival time
---------------------------------------------------------------------------------------------
                                              1.970850   slack (MET)


Startpoint: pc[7] (input port clocked by clk)
Endpoint: _120_ (rising edge-triggered flip-flop clocked by clk)
Path Group: clk
Path Type: min

Fanout         Cap        Slew       Delay        Time   Description
---------------------------------------------------------------------------------------------
                      0.150000    0.000000    0.000000   clock clk (rise edge)
                                  0.000000    0.000000   clock network delay (ideal)
                                  2.000000    2.000000 ^ input external delay
     2    0.006203    0.026555    0.015836    2.015836 ^ pc[7] (in)
                                                         pc[7] (net)
                      0.026555    0.000000    2.015836 ^ _065_/A (sky130_fd_sc_hd__or4_2)
    10    0.047640    0.180964    0.181626    2.197463 ^ _065_/X (sky130_fd_sc_hd__or4_2)
                                                         _021_ (net)
                      0.180964    0.000000    2.197463 ^ _097_/B1 (sky130_fd_sc_hd__a21oi_2)
     1    0.001783    0.016995    0.005144    2.202607 v _097_/Y (sky130_fd_sc_hd__a21oi_2)
                                                         _004_ (net)
                      0.016995    0.000000    2.202607 v _120_/D (sky130_fd_sc_hd__dfxtp_2)
                                              2.202607   data arrival time

                      0.150000    0.000000    0.000000   clock clk (rise edge)
                                  0.000000    0.000000   clock network delay (ideal)
                                  0.250000    0.250000   clock uncertainty
                                  0.000000    0.250000   clock reconvergence pessimism
                                              0.250000 ^ _120_/CLK (sky130_fd_sc_hd__dfxtp_2)
                                 -0.018295    0.231705   library hold time
                                              0.231705   data required time
---------------------------------------------------------------------------------------------
                                              0.231705   data required time
                                             -2.202607   data arrival time
---------------------------------------------------------------------------------------------
                                              1.970902   slack (MET)


Startpoint: pc[7] (input port clocked by clk)
Endpoint: _129_ (rising edge-triggered flip-flop clocked by clk)
Path Group: clk
Path Type: min

Fanout         Cap        Slew       Delay        Time   Description
---------------------------------------------------------------------------------------------
                      0.150000    0.000000    0.000000   clock clk (rise edge)
                                  0.000000    0.000000   clock network delay (ideal)
                                  2.000000    2.000000 ^ input external delay
     2    0.006203    0.026555    0.015836    2.015836 ^ pc[7] (in)
                                                         pc[7] (net)
                      0.026555    0.000000    2.015836 ^ _065_/A (sky130_fd_sc_hd__or4_2)
    10    0.047640    0.180964    0.181626    2.197463 ^ _065_/X (sky130_fd_sc_hd__or4_2)
                                                         _021_ (net)
                      0.180964    0.000000    2.197463 ^ _115_/B1 (sky130_fd_sc_hd__a21oi_2)
     1    0.001783    0.017172    0.005144    2.202607 v _115_/Y (sky130_fd_sc_hd__a21oi_2)
                                                         _013_ (net)
                      0.017172    0.000000    2.202607 v _129_/D (sky130_fd_sc_hd__dfxtp_2)
                                              2.202607   data arrival time

                      0.150000    0.000000    0.000000   clock clk (rise edge)
                                  0.000000    0.000000   clock network delay (ideal)
                                  0.250000    0.250000   clock uncertainty
                                  0.000000    0.250000   clock reconvergence pessimism
                                              0.250000 ^ _129_/CLK (sky130_fd_sc_hd__dfxtp_2)
                                 -0.018354    0.231646   library hold time
                                              0.231646   data required time
---------------------------------------------------------------------------------------------
                                              0.231646   data required time
                                             -2.202607   data arrival time
---------------------------------------------------------------------------------------------
                                              1.970961   slack (MET)


Startpoint: _116_ (rising edge-triggered flip-flop clocked by clk)
Endpoint: instruction[0] (output port clocked by clk)
Path Group: clk
Path Type: min

Fanout         Cap        Slew       Delay        Time   Description
---------------------------------------------------------------------------------------------
                      0.150000    0.000000    0.000000   clock clk (rise edge)
                                  0.000000    0.000000   clock network delay (ideal)
                      0.150000    0.000000    0.000000 ^ _116_/CLK (sky130_fd_sc_hd__dfxtp_2)
     1    0.033442    0.061636    0.264620    0.264620 v _116_/Q (sky130_fd_sc_hd__dfxtp_2)
                                                         instruction[0] (net)
                      0.061636    0.000000    0.264620 v instruction[0] (out)
                                              0.264620   data arrival time

                      0.150000    0.000000    0.000000   clock clk (rise edge)
                                  0.000000    0.000000   clock network delay (ideal)
                                  0.250000    0.250000   clock uncertainty
                                  0.000000    0.250000   clock reconvergence pessimism
                                 -2.000000   -1.750000   output external delay
                                             -1.750000   data required time
---------------------------------------------------------------------------------------------
                                             -1.750000   data required time
                                             -0.264620   data arrival time
---------------------------------------------------------------------------------------------
                                              2.014620   slack (MET)


Startpoint: _125_ (rising edge-triggered flip-flop clocked by clk)
Endpoint: instruction[10] (output port clocked by clk)
Path Group: clk
Path Type: min

Fanout         Cap        Slew       Delay        Time   Description
---------------------------------------------------------------------------------------------
                      0.150000    0.000000    0.000000   clock clk (rise edge)
                                  0.000000    0.000000   clock network delay (ideal)
                      0.150000    0.000000    0.000000 ^ _125_/CLK (sky130_fd_sc_hd__dfxtp_2)
     1    0.033442    0.061636    0.264620    0.264620 v _125_/Q (sky130_fd_sc_hd__dfxtp_2)
                                                         instruction[10] (net)
                      0.061636    0.000000    0.264620 v instruction[10] (out)
                                              0.264620   data arrival time

                      0.150000    0.000000    0.000000   clock clk (rise edge)
                                  0.000000    0.000000   clock network delay (ideal)
                                  0.250000    0.250000   clock uncertainty
                                  0.000000    0.250000   clock reconvergence pessimism
                                 -2.000000   -1.750000   output external delay
                                             -1.750000   data required time
---------------------------------------------------------------------------------------------
                                             -1.750000   data required time
                                             -0.264620   data arrival time
---------------------------------------------------------------------------------------------
                                              2.014620   slack (MET)


Startpoint: _126_ (rising edge-triggered flip-flop clocked by clk)
Endpoint: instruction[11] (output port clocked by clk)
Path Group: clk
Path Type: min

Fanout         Cap        Slew       Delay        Time   Description
---------------------------------------------------------------------------------------------
                      0.150000    0.000000    0.000000   clock clk (rise edge)
                                  0.000000    0.000000   clock network delay (ideal)
                      0.150000    0.000000    0.000000 ^ _126_/CLK (sky130_fd_sc_hd__dfxtp_2)
     1    0.033442    0.061636    0.264620    0.264620 v _126_/Q (sky130_fd_sc_hd__dfxtp_2)
                                                         instruction[11] (net)
                      0.061636    0.000000    0.264620 v instruction[11] (out)
                                              0.264620   data arrival time

                      0.150000    0.000000    0.000000   clock clk (rise edge)
                                  0.000000    0.000000   clock network delay (ideal)
                                  0.250000    0.250000   clock uncertainty
                                  0.000000    0.250000   clock reconvergence pessimism
                                 -2.000000   -1.750000   output external delay
                                             -1.750000   data required time
---------------------------------------------------------------------------------------------
                                             -1.750000   data required time
                                             -0.264620   data arrival time
---------------------------------------------------------------------------------------------
                                              2.014620   slack (MET)


Startpoint: _127_ (rising edge-triggered flip-flop clocked by clk)
Endpoint: instruction[12] (output port clocked by clk)
Path Group: clk
Path Type: min

Fanout         Cap        Slew       Delay        Time   Description
---------------------------------------------------------------------------------------------
                      0.150000    0.000000    0.000000   clock clk (rise edge)
                                  0.000000    0.000000   clock network delay (ideal)
                      0.150000    0.000000    0.000000 ^ _127_/CLK (sky130_fd_sc_hd__dfxtp_2)
     1    0.033442    0.061636    0.264620    0.264620 v _127_/Q (sky130_fd_sc_hd__dfxtp_2)
                                                         instruction[12] (net)
                      0.061636    0.000000    0.264620 v instruction[12] (out)
                                              0.264620   data arrival time

                      0.150000    0.000000    0.000000   clock clk (rise edge)
                                  0.000000    0.000000   clock network delay (ideal)
                                  0.250000    0.250000   clock uncertainty
                                  0.000000    0.250000   clock reconvergence pessimism
                                 -2.000000   -1.750000   output external delay
                                             -1.750000   data required time
---------------------------------------------------------------------------------------------
                                             -1.750000   data required time
                                             -0.264620   data arrival time
---------------------------------------------------------------------------------------------
                                              2.014620   slack (MET)


Startpoint: _128_ (rising edge-triggered flip-flop clocked by clk)
Endpoint: instruction[13] (output port clocked by clk)
Path Group: clk
Path Type: min

Fanout         Cap        Slew       Delay        Time   Description
---------------------------------------------------------------------------------------------
                      0.150000    0.000000    0.000000   clock clk (rise edge)
                                  0.000000    0.000000   clock network delay (ideal)
                      0.150000    0.000000    0.000000 ^ _128_/CLK (sky130_fd_sc_hd__dfxtp_2)
     1    0.033442    0.061636    0.264620    0.264620 v _128_/Q (sky130_fd_sc_hd__dfxtp_2)
                                                         instruction[13] (net)
                      0.061636    0.000000    0.264620 v instruction[13] (out)
                                              0.264620   data arrival time

                      0.150000    0.000000    0.000000   clock clk (rise edge)
                                  0.000000    0.000000   clock network delay (ideal)
                                  0.250000    0.250000   clock uncertainty
                                  0.000000    0.250000   clock reconvergence pessimism
                                 -2.000000   -1.750000   output external delay
                                             -1.750000   data required time
---------------------------------------------------------------------------------------------
                                             -1.750000   data required time
                                             -0.264620   data arrival time
---------------------------------------------------------------------------------------------
                                              2.014620   slack (MET)


Startpoint: _129_ (rising edge-triggered flip-flop clocked by clk)
Endpoint: instruction[14] (output port clocked by clk)
Path Group: clk
Path Type: min

Fanout         Cap        Slew       Delay        Time   Description
---------------------------------------------------------------------------------------------
                      0.150000    0.000000    0.000000   clock clk (rise edge)
                                  0.000000    0.000000   clock network delay (ideal)
                      0.150000    0.000000    0.000000 ^ _129_/CLK (sky130_fd_sc_hd__dfxtp_2)
     1    0.033442    0.061636    0.264620    0.264620 v _129_/Q (sky130_fd_sc_hd__dfxtp_2)
                                                         instruction[14] (net)
                      0.061636    0.000000    0.264620 v instruction[14] (out)
                                              0.264620   data arrival time

                      0.150000    0.000000    0.000000   clock clk (rise edge)
                                  0.000000    0.000000   clock network delay (ideal)
                                  0.250000    0.250000   clock uncertainty
                                  0.000000    0.250000   clock reconvergence pessimism
                                 -2.000000   -1.750000   output external delay
                                             -1.750000   data required time
---------------------------------------------------------------------------------------------
                                             -1.750000   data required time
                                             -0.264620   data arrival time
---------------------------------------------------------------------------------------------
                                              2.014620   slack (MET)


Startpoint: _117_ (rising edge-triggered flip-flop clocked by clk)
Endpoint: instruction[1] (output port clocked by clk)
Path Group: clk
Path Type: min

Fanout         Cap        Slew       Delay        Time   Description
---------------------------------------------------------------------------------------------
                      0.150000    0.000000    0.000000   clock clk (rise edge)
                                  0.000000    0.000000   clock network delay (ideal)
                      0.150000    0.000000    0.000000 ^ _117_/CLK (sky130_fd_sc_hd__dfxtp_2)
     1    0.033442    0.061636    0.264620    0.264620 v _117_/Q (sky130_fd_sc_hd__dfxtp_2)
                                                         instruction[1] (net)
                      0.061636    0.000000    0.264620 v instruction[1] (out)
                                              0.264620   data arrival time

                      0.150000    0.000000    0.000000   clock clk (rise edge)
                                  0.000000    0.000000   clock network delay (ideal)
                                  0.250000    0.250000   clock uncertainty
                                  0.000000    0.250000   clock reconvergence pessimism
                                 -2.000000   -1.750000   output external delay
                                             -1.750000   data required time
---------------------------------------------------------------------------------------------
                                             -1.750000   data required time
                                             -0.264620   data arrival time
---------------------------------------------------------------------------------------------
                                              2.014620   slack (MET)


Startpoint: _118_ (rising edge-triggered flip-flop clocked by clk)
Endpoint: instruction[2] (output port clocked by clk)
Path Group: clk
Path Type: min

Fanout         Cap        Slew       Delay        Time   Description
---------------------------------------------------------------------------------------------
                      0.150000    0.000000    0.000000   clock clk (rise edge)
                                  0.000000    0.000000   clock network delay (ideal)
                      0.150000    0.000000    0.000000 ^ _118_/CLK (sky130_fd_sc_hd__dfxtp_2)
     1    0.033442    0.061636    0.264620    0.264620 v _118_/Q (sky130_fd_sc_hd__dfxtp_2)
                                                         instruction[2] (net)
                      0.061636    0.000000    0.264620 v instruction[2] (out)
                                              0.264620   data arrival time

                      0.150000    0.000000    0.000000   clock clk (rise edge)
                                  0.000000    0.000000   clock network delay (ideal)
                                  0.250000    0.250000   clock uncertainty
                                  0.000000    0.250000   clock reconvergence pessimism
                                 -2.000000   -1.750000   output external delay
                                             -1.750000   data required time
---------------------------------------------------------------------------------------------
                                             -1.750000   data required time
                                             -0.264620   data arrival time
---------------------------------------------------------------------------------------------
                                              2.014620   slack (MET)


Startpoint: _119_ (rising edge-triggered flip-flop clocked by clk)
Endpoint: instruction[3] (output port clocked by clk)
Path Group: clk
Path Type: min

Fanout         Cap        Slew       Delay        Time   Description
---------------------------------------------------------------------------------------------
                      0.150000    0.000000    0.000000   clock clk (rise edge)
                                  0.000000    0.000000   clock network delay (ideal)
                      0.150000    0.000000    0.000000 ^ _119_/CLK (sky130_fd_sc_hd__dfxtp_2)
     1    0.033442    0.061636    0.264620    0.264620 v _119_/Q (sky130_fd_sc_hd__dfxtp_2)
                                                         instruction[3] (net)
                      0.061636    0.000000    0.264620 v instruction[3] (out)
                                              0.264620   data arrival time

                      0.150000    0.000000    0.000000   clock clk (rise edge)
                                  0.000000    0.000000   clock network delay (ideal)
                                  0.250000    0.250000   clock uncertainty
                                  0.000000    0.250000   clock reconvergence pessimism
                                 -2.000000   -1.750000   output external delay
                                             -1.750000   data required time
---------------------------------------------------------------------------------------------
                                             -1.750000   data required time
                                             -0.264620   data arrival time
---------------------------------------------------------------------------------------------
                                              2.014620   slack (MET)


Startpoint: _120_ (rising edge-triggered flip-flop clocked by clk)
Endpoint: instruction[4] (output port clocked by clk)
Path Group: clk
Path Type: min

Fanout         Cap        Slew       Delay        Time   Description
---------------------------------------------------------------------------------------------
                      0.150000    0.000000    0.000000   clock clk (rise edge)
                                  0.000000    0.000000   clock network delay (ideal)
                      0.150000    0.000000    0.000000 ^ _120_/CLK (sky130_fd_sc_hd__dfxtp_2)
     1    0.033442    0.061636    0.264620    0.264620 v _120_/Q (sky130_fd_sc_hd__dfxtp_2)
                                                         instruction[4] (net)
                      0.061636    0.000000    0.264620 v instruction[4] (out)
                                              0.264620   data arrival time

                      0.150000    0.000000    0.000000   clock clk (rise edge)
                                  0.000000    0.000000   clock network delay (ideal)
                                  0.250000    0.250000   clock uncertainty
                                  0.000000    0.250000   clock reconvergence pessimism
                                 -2.000000   -1.750000   output external delay
                                             -1.750000   data required time
---------------------------------------------------------------------------------------------
                                             -1.750000   data required time
                                             -0.264620   data arrival time
---------------------------------------------------------------------------------------------
                                              2.014620   slack (MET)


Startpoint: _121_ (rising edge-triggered flip-flop clocked by clk)
Endpoint: instruction[6] (output port clocked by clk)
Path Group: clk
Path Type: min

Fanout         Cap        Slew       Delay        Time   Description
---------------------------------------------------------------------------------------------
                      0.150000    0.000000    0.000000   clock clk (rise edge)
                                  0.000000    0.000000   clock network delay (ideal)
                      0.150000    0.000000    0.000000 ^ _121_/CLK (sky130_fd_sc_hd__dfxtp_2)
     1    0.033442    0.061636    0.264620    0.264620 v _121_/Q (sky130_fd_sc_hd__dfxtp_2)
                                                         instruction[6] (net)
                      0.061636    0.000000    0.264620 v instruction[6] (out)
                                              0.264620   data arrival time

                      0.150000    0.000000    0.000000   clock clk (rise edge)
                                  0.000000    0.000000   clock network delay (ideal)
                                  0.250000    0.250000   clock uncertainty
                                  0.000000    0.250000   clock reconvergence pessimism
                                 -2.000000   -1.750000   output external delay
                                             -1.750000   data required time
---------------------------------------------------------------------------------------------
                                             -1.750000   data required time
                                             -0.264620   data arrival time
---------------------------------------------------------------------------------------------
                                              2.014620   slack (MET)


Startpoint: _123_ (rising edge-triggered flip-flop clocked by clk)
Endpoint: instruction[8] (output port clocked by clk)
Path Group: clk
Path Type: min

Fanout         Cap        Slew       Delay        Time   Description
---------------------------------------------------------------------------------------------
                      0.150000    0.000000    0.000000   clock clk (rise edge)
                                  0.000000    0.000000   clock network delay (ideal)
                      0.150000    0.000000    0.000000 ^ _123_/CLK (sky130_fd_sc_hd__dfxtp_2)
     1    0.033442    0.061636    0.264620    0.264620 v _123_/Q (sky130_fd_sc_hd__dfxtp_2)
                                                         instruction[8] (net)
                      0.061636    0.000000    0.264620 v instruction[8] (out)
                                              0.264620   data arrival time

                      0.150000    0.000000    0.000000   clock clk (rise edge)
                                  0.000000    0.000000   clock network delay (ideal)
                                  0.250000    0.250000   clock uncertainty
                                  0.000000    0.250000   clock reconvergence pessimism
                                 -2.000000   -1.750000   output external delay
                                             -1.750000   data required time
---------------------------------------------------------------------------------------------
                                             -1.750000   data required time
                                             -0.264620   data arrival time
---------------------------------------------------------------------------------------------
                                              2.014620   slack (MET)


Startpoint: _122_ (rising edge-triggered flip-flop clocked by clk)
Endpoint: instruction[15] (output port clocked by clk)
Path Group: clk
Path Type: min

Fanout         Cap        Slew       Delay        Time   Description
---------------------------------------------------------------------------------------------
                      0.150000    0.000000    0.000000   clock clk (rise edge)
                                  0.000000    0.000000   clock network delay (ideal)
                      0.150000    0.000000    0.000000 ^ _122_/CLK (sky130_fd_sc_hd__dfxtp_2)
     2    0.035161    0.064024    0.266860    0.266860 v _122_/Q (sky130_fd_sc_hd__dfxtp_2)
                                                         instruction[15] (net)
                      0.064024    0.000000    0.266860 v instruction[15] (out)
                                              0.266860   data arrival time

                      0.150000    0.000000    0.000000   clock clk (rise edge)
                                  0.000000    0.000000   clock network delay (ideal)
                                  0.250000    0.250000   clock uncertainty
                                  0.000000    0.250000   clock reconvergence pessimism
                                 -2.000000   -1.750000   output external delay
                                             -1.750000   data required time
---------------------------------------------------------------------------------------------
                                             -1.750000   data required time
                                             -0.266860   data arrival time
---------------------------------------------------------------------------------------------
                                              2.016860   slack (MET)


Startpoint: _124_ (rising edge-triggered flip-flop clocked by clk)
Endpoint: instruction[9] (output port clocked by clk)
Path Group: clk
Path Type: min

Fanout         Cap        Slew       Delay        Time   Description
---------------------------------------------------------------------------------------------
                      0.150000    0.000000    0.000000   clock clk (rise edge)
                                  0.000000    0.000000   clock network delay (ideal)
                      0.150000    0.000000    0.000000 ^ _124_/CLK (sky130_fd_sc_hd__dfxtp_2)
     2    0.035161    0.064024    0.266860    0.266860 v _124_/Q (sky130_fd_sc_hd__dfxtp_2)
                                                         instruction[9] (net)
                      0.064024    0.000000    0.266860 v instruction[9] (out)
                                              0.266860   data arrival time

                      0.150000    0.000000    0.000000   clock clk (rise edge)
                                  0.000000    0.000000   clock network delay (ideal)
                                  0.250000    0.250000   clock uncertainty
                                  0.000000    0.250000   clock reconvergence pessimism
                                 -2.000000   -1.750000   output external delay
                                             -1.750000   data required time
---------------------------------------------------------------------------------------------
                                             -1.750000   data required time
                                             -0.266860   data arrival time
---------------------------------------------------------------------------------------------
                                              2.016860   slack (MET)


Startpoint: _124_ (rising edge-triggered flip-flop clocked by clk)
Endpoint: instruction[5] (output port clocked by clk)
Path Group: clk
Path Type: min

Fanout         Cap        Slew       Delay        Time   Description
---------------------------------------------------------------------------------------------
                      0.150000    0.000000    0.000000   clock clk (rise edge)
                                  0.000000    0.000000   clock network delay (ideal)
                      0.150000    0.000000    0.000000 ^ _124_/CLK (sky130_fd_sc_hd__dfxtp_2)
     2    0.035161    0.064024    0.266860    0.266860 v _124_/Q (sky130_fd_sc_hd__dfxtp_2)
                                                         instruction[9] (net)
                      0.064024    0.000000    0.266860 v _130_/A (sky130_fd_sc_hd__buf_2)
     1    0.033442    0.061601    0.130354    0.397214 v _130_/X (sky130_fd_sc_hd__buf_2)
                                                         instruction[5] (net)
                      0.061601    0.000000    0.397214 v instruction[5] (out)
                                              0.397214   data arrival time

                      0.150000    0.000000    0.000000   clock clk (rise edge)
                                  0.000000    0.000000   clock network delay (ideal)
                                  0.250000    0.250000   clock uncertainty
                                  0.000000    0.250000   clock reconvergence pessimism
                                 -2.000000   -1.750000   output external delay
                                             -1.750000   data required time
---------------------------------------------------------------------------------------------
                                             -1.750000   data required time
                                             -0.397214   data arrival time
---------------------------------------------------------------------------------------------
                                              2.147214   slack (MET)


Startpoint: _122_ (rising edge-triggered flip-flop clocked by clk)
Endpoint: instruction[7] (output port clocked by clk)
Path Group: clk
Path Type: min

Fanout         Cap        Slew       Delay        Time   Description
---------------------------------------------------------------------------------------------
                      0.150000    0.000000    0.000000   clock clk (rise edge)
                                  0.000000    0.000000   clock network delay (ideal)
                      0.150000    0.000000    0.000000 ^ _122_/CLK (sky130_fd_sc_hd__dfxtp_2)
     2    0.035161    0.064024    0.266860    0.266860 v _122_/Q (sky130_fd_sc_hd__dfxtp_2)
                                                         instruction[15] (net)
                      0.064024    0.000000    0.266860 v _131_/A (sky130_fd_sc_hd__buf_2)
     1    0.033442    0.061601    0.130354    0.397214 v _131_/X (sky130_fd_sc_hd__buf_2)
                                                         instruction[7] (net)
                      0.061601    0.000000    0.397214 v instruction[7] (out)
                                              0.397214   data arrival time

                      0.150000    0.000000    0.000000   clock clk (rise edge)
                                  0.000000    0.000000   clock network delay (ideal)
                                  0.250000    0.250000   clock uncertainty
                                  0.000000    0.250000   clock reconvergence pessimism
                                 -2.000000   -1.750000   output external delay
                                             -1.750000   data required time
---------------------------------------------------------------------------------------------
                                             -1.750000   data required time
                                             -0.397214   data arrival time
---------------------------------------------------------------------------------------------
                                              2.147214   slack (MET)



