                                                                        Cells by Master                                                                         
┏━━━━━━━━━━━━━━━━━━━━━━━━━━━━━━━━━━━━━━━━━━━━━━━━━━━━━━━━━━━━━━━━━━━━━━━━━━━━━━━━━━━━━━━━━━━━━━━━━━━━━━━━━━━━━━━━━━━━━━━━━━━━━━━━━━┳━━━━━━━━━━━━━━━━━━━━━━━━━━━┓
┃ Cell                                                                                                                             ┃ Count                     ┃
┡━━━━━━━━━━━━━━━━━━━━━━━━━━━━━━━━━━━━━━━━━━━━━━━━━━━━━━━━━━━━━━━━━━━━━━━━━━━━━━━━━━━━━━━━━━━━━━━━━━━━━━━━━━━━━━━━━━━━━━━━━━━━━━━━━━╇━━━━━━━━━━━━━━━━━━━━━━━━━━━┩
│ sky130_ef_sc_hd__decap_12                                                                                                        │ 788                       │
│ sky130_fd_sc_hd__a211o_1                                                                                                         │ 6                         │
│ sky130_fd_sc_hd__a21o_1                                                                                                          │ 1                         │
│ sky130_fd_sc_hd__a21oi_1                                                                                                         │ 12                        │
│ sky130_fd_sc_hd__a311o_1                                                                                                         │ 1                         │
│ sky130_fd_sc_hd__and2_1                                                                                                          │ 1                         │
│ sky130_fd_sc_hd__and2b_1                                                                                                         │ 1                         │
│ sky130_fd_sc_hd__and3_1                                                                                                          │ 1                         │
│ sky130_fd_sc_hd__and4bb_1                                                                                                        │ 1                         │
│ sky130_fd_sc_hd__buf_1                                                                                                           │ 4                         │
│ sky130_fd_sc_hd__buf_2                                                                                                           │ 18                        │
│ sky130_fd_sc_hd__clkbuf_1                                                                                                        │ 11                        │
│ sky130_fd_sc_hd__clkbuf_16                                                                                                       │ 3                         │
│ sky130_fd_sc_hd__clkbuf_2                                                                                                        │ 1                         │
│ sky130_fd_sc_hd__clkbuf_4                                                                                                        │ 2                         │
│ sky130_fd_sc_hd__clkbuf_8                                                                                                        │ 1                         │
│ sky130_fd_sc_hd__decap_3                                                                                                         │ 119                       │
│ sky130_fd_sc_hd__decap_4                                                                                                         │ 29                        │
│ sky130_fd_sc_hd__decap_6                                                                                                         │ 163                       │
│ sky130_fd_sc_hd__decap_8                                                                                                         │ 54                        │
│ sky130_fd_sc_hd__dfxtp_1                                                                                                         │ 14                        │
│ sky130_fd_sc_hd__dlymetal6s2s_1                                                                                                  │ 1                         │
│ sky130_fd_sc_hd__fill_1                                                                                                          │ 198                       │
│ sky130_fd_sc_hd__fill_2                                                                                                          │ 47                        │
│ sky130_fd_sc_hd__inv_2                                                                                                           │ 4                         │
│ sky130_fd_sc_hd__nand2_1                                                                                                         │ 2                         │
│ sky130_fd_sc_hd__nand2b_1                                                                                                        │ 1                         │
│ sky130_fd_sc_hd__nand2b_2                                                                                                        │ 1                         │
│ sky130_fd_sc_hd__nor2_1                                                                                                          │ 6                         │
│ sky130_fd_sc_hd__nor4_1                                                                                                          │ 1                         │
│ sky130_fd_sc_hd__o211a_1                                                                                                         │ 2                         │
│ sky130_fd_sc_hd__o21a_1                                                                                                          │ 2                         │
│ sky130_fd_sc_hd__o21bai_1                                                                                                        │ 1                         │
│ sky130_fd_sc_hd__o221a_1                                                                                                         │ 1                         │
│ sky130_fd_sc_hd__o31a_1                                                                                                          │ 1                         │
│ sky130_fd_sc_hd__or2_1                                                                                                           │ 3                         │
│ sky130_fd_sc_hd__or3_1                                                                                                           │ 3                         │
│ sky130_fd_sc_hd__or3b_1                                                                                                          │ 1                         │
│ sky130_fd_sc_hd__or4_1                                                                                                           │ 3                         │
│ sky130_fd_sc_hd__or4_4                                                                                                           │ 1                         │
│ sky130_fd_sc_hd__tapvpwrvgnd_1                                                                                                   │ 216                       │
│ sky130_fd_sc_hd__xnor2_4                                                                                                         │ 1                         │
└──────────────────────────────────────────────────────────────────────────────────────────────────────────────────────────────────┴───────────────────────────┘
