
===========================================================================
report_checks -path_delay max (Setup)
============================================================================
======================= nom_tt_025C_1v80 Corner ===================================

Startpoint: ImmSrc[0] (input port clocked by __VIRTUAL_CLK__)
Endpoint: ImmExt[10] (output port clocked by __VIRTUAL_CLK__)
Path Group: __VIRTUAL_CLK__
Path Type: max

Fanout         Cap        Slew       Delay        Time   Description
---------------------------------------------------------------------------------------------
                      0.000000    0.000000    0.000000   clock __VIRTUAL_CLK__ (rise edge)
                                  0.000000    0.000000   clock network delay (ideal)
                                  5.000000    5.000000 ^ input external delay
    12    0.027098    0.129277    0.087629    5.087629 ^ ImmSrc[0] (in)
                                                         ImmSrc[0] (net)
                      0.129277    0.000000    5.087629 ^ _15_/A_N (sky130_fd_sc_hd__nand2b_2)
     9    0.029486    0.170355    0.231430    5.319059 ^ _15_/Y (sky130_fd_sc_hd__nand2b_2)
                                                         _03_ (net)
                      0.170355    0.000000    5.319059 ^ _20_/S (sky130_fd_sc_hd__mux2_1)
     1    0.033442    0.188768    0.485753    5.804812 v _20_/X (sky130_fd_sc_hd__mux2_1)
                                                         ImmExt[10] (net)
                      0.188768    0.000000    5.804812 v ImmExt[10] (out)
                                              5.804812   data arrival time

                      0.000000   25.000000   25.000000   clock __VIRTUAL_CLK__ (rise edge)
                                  0.000000   25.000000   clock network delay (ideal)
                                 -0.250000   24.750000   clock uncertainty
                                  0.000000   24.750000   clock reconvergence pessimism
                                 -5.000000   19.750000   output external delay
                                             19.750000   data required time
---------------------------------------------------------------------------------------------
                                             19.750000   data required time
                                             -5.804812   data arrival time
---------------------------------------------------------------------------------------------
                                             13.945187   slack (MET)


Startpoint: ImmSrc[0] (input port clocked by __VIRTUAL_CLK__)
Endpoint: ImmExt[11] (output port clocked by __VIRTUAL_CLK__)
Path Group: __VIRTUAL_CLK__
Path Type: max

Fanout         Cap        Slew       Delay        Time   Description
---------------------------------------------------------------------------------------------
                      0.000000    0.000000    0.000000   clock __VIRTUAL_CLK__ (rise edge)
                                  0.000000    0.000000   clock network delay (ideal)
                                  5.000000    5.000000 ^ input external delay
    12    0.027098    0.129277    0.087629    5.087629 ^ ImmSrc[0] (in)
                                                         ImmSrc[0] (net)
                      0.129277    0.000000    5.087629 ^ _15_/A_N (sky130_fd_sc_hd__nand2b_2)
     9    0.029486    0.170355    0.231430    5.319059 ^ _15_/Y (sky130_fd_sc_hd__nand2b_2)
                                                         _03_ (net)
                      0.170355    0.000000    5.319059 ^ _21_/S (sky130_fd_sc_hd__mux2_1)
     1    0.033442    0.188768    0.485753    5.804812 v _21_/X (sky130_fd_sc_hd__mux2_1)
                                                         ImmExt[11] (net)
                      0.188768    0.000000    5.804812 v ImmExt[11] (out)
                                              5.804812   data arrival time

                      0.000000   25.000000   25.000000   clock __VIRTUAL_CLK__ (rise edge)
                                  0.000000   25.000000   clock network delay (ideal)
                                 -0.250000   24.750000   clock uncertainty
                                  0.000000   24.750000   clock reconvergence pessimism
                                 -5.000000   19.750000   output external delay
                                             19.750000   data required time
---------------------------------------------------------------------------------------------
                                             19.750000   data required time
                                             -5.804812   data arrival time
---------------------------------------------------------------------------------------------
                                             13.945187   slack (MET)


Startpoint: ImmSrc[0] (input port clocked by __VIRTUAL_CLK__)
Endpoint: ImmExt[12] (output port clocked by __VIRTUAL_CLK__)
Path Group: __VIRTUAL_CLK__
Path Type: max

Fanout         Cap        Slew       Delay        Time   Description
---------------------------------------------------------------------------------------------
                      0.000000    0.000000    0.000000   clock __VIRTUAL_CLK__ (rise edge)
                                  0.000000    0.000000   clock network delay (ideal)
                                  5.000000    5.000000 ^ input external delay
    12    0.027098    0.129277    0.087629    5.087629 ^ ImmSrc[0] (in)
                                                         ImmSrc[0] (net)
                      0.129277    0.000000    5.087629 ^ _15_/A_N (sky130_fd_sc_hd__nand2b_2)
     9    0.029486    0.170355    0.231430    5.319059 ^ _15_/Y (sky130_fd_sc_hd__nand2b_2)
                                                         _03_ (net)
                      0.170355    0.000000    5.319059 ^ _22_/S (sky130_fd_sc_hd__mux2_1)
     1    0.033442    0.188768    0.485753    5.804812 v _22_/X (sky130_fd_sc_hd__mux2_1)
                                                         ImmExt[12] (net)
                      0.188768    0.000000    5.804812 v ImmExt[12] (out)
                                              5.804812   data arrival time

                      0.000000   25.000000   25.000000   clock __VIRTUAL_CLK__ (rise edge)
                                  0.000000   25.000000   clock network delay (ideal)
                                 -0.250000   24.750000   clock uncertainty
                                  0.000000   24.750000   clock reconvergence pessimism
                                 -5.000000   19.750000   output external delay
                                             19.750000   data required time
---------------------------------------------------------------------------------------------
                                             19.750000   data required time
                                             -5.804812   data arrival time
---------------------------------------------------------------------------------------------
                                             13.945187   slack (MET)


Startpoint: ImmSrc[0] (input port clocked by __VIRTUAL_CLK__)
Endpoint: ImmExt[6] (output port clocked by __VIRTUAL_CLK__)
Path Group: __VIRTUAL_CLK__
Path Type: max

Fanout         Cap        Slew       Delay        Time   Description
---------------------------------------------------------------------------------------------
                      0.000000    0.000000    0.000000   clock __VIRTUAL_CLK__ (rise edge)
                                  0.000000    0.000000   clock network delay (ideal)
                                  5.000000    5.000000 ^ input external delay
    12    0.027098    0.129277    0.087629    5.087629 ^ ImmSrc[0] (in)
                                                         ImmSrc[0] (net)
                      0.129277    0.000000    5.087629 ^ _15_/A_N (sky130_fd_sc_hd__nand2b_2)
     9    0.029486    0.170355    0.231430    5.319059 ^ _15_/Y (sky130_fd_sc_hd__nand2b_2)
                                                         _03_ (net)
                      0.170355    0.000000    5.319059 ^ _16_/S (sky130_fd_sc_hd__mux2_1)
     1    0.033442    0.188768    0.485753    5.804812 v _16_/X (sky130_fd_sc_hd__mux2_1)
                                                         ImmExt[6] (net)
                      0.188768    0.000000    5.804812 v ImmExt[6] (out)
                                              5.804812   data arrival time

                      0.000000   25.000000   25.000000   clock __VIRTUAL_CLK__ (rise edge)
                                  0.000000   25.000000   clock network delay (ideal)
                                 -0.250000   24.750000   clock uncertainty
                                  0.000000   24.750000   clock reconvergence pessimism
                                 -5.000000   19.750000   output external delay
                                             19.750000   data required time
---------------------------------------------------------------------------------------------
                                             19.750000   data required time
                                             -5.804812   data arrival time
---------------------------------------------------------------------------------------------
                                             13.945187   slack (MET)


Startpoint: ImmSrc[0] (input port clocked by __VIRTUAL_CLK__)
Endpoint: ImmExt[7] (output port clocked by __VIRTUAL_CLK__)
Path Group: __VIRTUAL_CLK__
Path Type: max

Fanout         Cap        Slew       Delay        Time   Description
---------------------------------------------------------------------------------------------
                      0.000000    0.000000    0.000000   clock __VIRTUAL_CLK__ (rise edge)
                                  0.000000    0.000000   clock network delay (ideal)
                                  5.000000    5.000000 ^ input external delay
    12    0.027098    0.129277    0.087629    5.087629 ^ ImmSrc[0] (in)
                                                         ImmSrc[0] (net)
                      0.129277    0.000000    5.087629 ^ _15_/A_N (sky130_fd_sc_hd__nand2b_2)
     9    0.029486    0.170355    0.231430    5.319059 ^ _15_/Y (sky130_fd_sc_hd__nand2b_2)
                                                         _03_ (net)
                      0.170355    0.000000    5.319059 ^ _17_/S (sky130_fd_sc_hd__mux2_1)
     1    0.033442    0.188768    0.485753    5.804812 v _17_/X (sky130_fd_sc_hd__mux2_1)
                                                         ImmExt[7] (net)
                      0.188768    0.000000    5.804812 v ImmExt[7] (out)
                                              5.804812   data arrival time

                      0.000000   25.000000   25.000000   clock __VIRTUAL_CLK__ (rise edge)
                                  0.000000   25.000000   clock network delay (ideal)
                                 -0.250000   24.750000   clock uncertainty
                                  0.000000   24.750000   clock reconvergence pessimism
                                 -5.000000   19.750000   output external delay
                                             19.750000   data required time
---------------------------------------------------------------------------------------------
                                             19.750000   data required time
                                             -5.804812   data arrival time
---------------------------------------------------------------------------------------------
                                             13.945187   slack (MET)


Startpoint: ImmSrc[0] (input port clocked by __VIRTUAL_CLK__)
Endpoint: ImmExt[8] (output port clocked by __VIRTUAL_CLK__)
Path Group: __VIRTUAL_CLK__
Path Type: max

Fanout         Cap        Slew       Delay        Time   Description
---------------------------------------------------------------------------------------------
                      0.000000    0.000000    0.000000   clock __VIRTUAL_CLK__ (rise edge)
                                  0.000000    0.000000   clock network delay (ideal)
                                  5.000000    5.000000 ^ input external delay
    12    0.027098    0.129277    0.087629    5.087629 ^ ImmSrc[0] (in)
                                                         ImmSrc[0] (net)
                      0.129277    0.000000    5.087629 ^ _15_/A_N (sky130_fd_sc_hd__nand2b_2)
     9    0.029486    0.170355    0.231430    5.319059 ^ _15_/Y (sky130_fd_sc_hd__nand2b_2)
                                                         _03_ (net)
                      0.170355    0.000000    5.319059 ^ _18_/S (sky130_fd_sc_hd__mux2_1)
     1    0.033442    0.188768    0.485753    5.804812 v _18_/X (sky130_fd_sc_hd__mux2_1)
                                                         ImmExt[8] (net)
                      0.188768    0.000000    5.804812 v ImmExt[8] (out)
                                              5.804812   data arrival time

                      0.000000   25.000000   25.000000   clock __VIRTUAL_CLK__ (rise edge)
                                  0.000000   25.000000   clock network delay (ideal)
                                 -0.250000   24.750000   clock uncertainty
                                  0.000000   24.750000   clock reconvergence pessimism
                                 -5.000000   19.750000   output external delay
                                             19.750000   data required time
---------------------------------------------------------------------------------------------
                                             19.750000   data required time
                                             -5.804812   data arrival time
---------------------------------------------------------------------------------------------
                                             13.945187   slack (MET)


Startpoint: ImmSrc[0] (input port clocked by __VIRTUAL_CLK__)
Endpoint: ImmExt[9] (output port clocked by __VIRTUAL_CLK__)
Path Group: __VIRTUAL_CLK__
Path Type: max

Fanout         Cap        Slew       Delay        Time   Description
---------------------------------------------------------------------------------------------
                      0.000000    0.000000    0.000000   clock __VIRTUAL_CLK__ (rise edge)
                                  0.000000    0.000000   clock network delay (ideal)
                                  5.000000    5.000000 ^ input external delay
    12    0.027098    0.129277    0.087629    5.087629 ^ ImmSrc[0] (in)
                                                         ImmSrc[0] (net)
                      0.129277    0.000000    5.087629 ^ _15_/A_N (sky130_fd_sc_hd__nand2b_2)
     9    0.029486    0.170355    0.231430    5.319059 ^ _15_/Y (sky130_fd_sc_hd__nand2b_2)
                                                         _03_ (net)
                      0.170355    0.000000    5.319059 ^ _19_/S (sky130_fd_sc_hd__mux2_1)
     1    0.033442    0.188768    0.485753    5.804812 v _19_/X (sky130_fd_sc_hd__mux2_1)
                                                         ImmExt[9] (net)
                      0.188768    0.000000    5.804812 v ImmExt[9] (out)
                                              5.804812   data arrival time

                      0.000000   25.000000   25.000000   clock __VIRTUAL_CLK__ (rise edge)
                                  0.000000   25.000000   clock network delay (ideal)
                                 -0.250000   24.750000   clock uncertainty
                                  0.000000   24.750000   clock reconvergence pessimism
                                 -5.000000   19.750000   output external delay
                                             19.750000   data required time
---------------------------------------------------------------------------------------------
                                             19.750000   data required time
                                             -5.804812   data arrival time
---------------------------------------------------------------------------------------------
                                             13.945187   slack (MET)


Startpoint: ImmSrc[0] (input port clocked by __VIRTUAL_CLK__)
Endpoint: ImmExt[0] (output port clocked by __VIRTUAL_CLK__)
Path Group: __VIRTUAL_CLK__
Path Type: max

Fanout         Cap        Slew       Delay        Time   Description
---------------------------------------------------------------------------------------------
                      0.000000    0.000000    0.000000   clock __VIRTUAL_CLK__ (rise edge)
                                  0.000000    0.000000   clock network delay (ideal)
                                  5.000000    5.000000 v input external delay
    12    0.024915    0.056800    0.039897    5.039897 v ImmSrc[0] (in)
                                                         ImmSrc[0] (net)
                      0.056800    0.000000    5.039897 v _06_/B (sky130_fd_sc_hd__or3b_2)
     1    0.001290    0.068444    0.421971    5.461869 v _06_/X (sky130_fd_sc_hd__or3b_2)
                                                         _00_ (net)
                      0.068444    0.000000    5.461869 v _07_/B1_N (sky130_fd_sc_hd__a21bo_2)
     1    0.033442    0.186495    0.304798    5.766667 ^ _07_/X (sky130_fd_sc_hd__a21bo_2)
                                                         ImmExt[0] (net)
                      0.186495    0.000000    5.766667 ^ ImmExt[0] (out)
                                              5.766667   data arrival time

                      0.000000   25.000000   25.000000   clock __VIRTUAL_CLK__ (rise edge)
                                  0.000000   25.000000   clock network delay (ideal)
                                 -0.250000   24.750000   clock uncertainty
                                  0.000000   24.750000   clock reconvergence pessimism
                                 -5.000000   19.750000   output external delay
                                             19.750000   data required time
---------------------------------------------------------------------------------------------
                                             19.750000   data required time
                                             -5.766667   data arrival time
---------------------------------------------------------------------------------------------
                                             13.983333   slack (MET)


Startpoint: ImmSrc[0] (input port clocked by __VIRTUAL_CLK__)
Endpoint: ImmExt[1] (output port clocked by __VIRTUAL_CLK__)
Path Group: __VIRTUAL_CLK__
Path Type: max

Fanout         Cap        Slew       Delay        Time   Description
---------------------------------------------------------------------------------------------
                      0.000000    0.000000    0.000000   clock __VIRTUAL_CLK__ (rise edge)
                                  0.000000    0.000000   clock network delay (ideal)
                                  5.000000    5.000000 v input external delay
    12    0.024915    0.056800    0.039897    5.039897 v ImmSrc[0] (in)
                                                         ImmSrc[0] (net)
                      0.056800    0.000000    5.039897 v _08_/B (sky130_fd_sc_hd__or3b_2)
     1    0.001290    0.068444    0.421971    5.461869 v _08_/X (sky130_fd_sc_hd__or3b_2)
                                                         _01_ (net)
                      0.068444    0.000000    5.461869 v _09_/B1_N (sky130_fd_sc_hd__a21bo_2)
     1    0.033442    0.186495    0.304798    5.766667 ^ _09_/X (sky130_fd_sc_hd__a21bo_2)
                                                         ImmExt[1] (net)
                      0.186495    0.000000    5.766667 ^ ImmExt[1] (out)
                                              5.766667   data arrival time

                      0.000000   25.000000   25.000000   clock __VIRTUAL_CLK__ (rise edge)
                                  0.000000   25.000000   clock network delay (ideal)
                                 -0.250000   24.750000   clock uncertainty
                                  0.000000   24.750000   clock reconvergence pessimism
                                 -5.000000   19.750000   output external delay
                                             19.750000   data required time
---------------------------------------------------------------------------------------------
                                             19.750000   data required time
                                             -5.766667   data arrival time
---------------------------------------------------------------------------------------------
                                             13.983333   slack (MET)


Startpoint: ImmSrc[0] (input port clocked by __VIRTUAL_CLK__)
Endpoint: ImmExt[13] (output port clocked by __VIRTUAL_CLK__)
Path Group: __VIRTUAL_CLK__
Path Type: max

Fanout         Cap        Slew       Delay        Time   Description
---------------------------------------------------------------------------------------------
                      0.000000    0.000000    0.000000   clock __VIRTUAL_CLK__ (rise edge)
                                  0.000000    0.000000   clock network delay (ideal)
                                  5.000000    5.000000 v input external delay
    12    0.024915    0.056800    0.039897    5.039897 v ImmSrc[0] (in)
                                                         ImmSrc[0] (net)
                      0.056800    0.000000    5.039897 v _15_/A_N (sky130_fd_sc_hd__nand2b_2)
     9    0.027409    0.127255    0.252591    5.292489 v _15_/Y (sky130_fd_sc_hd__nand2b_2)
                                                         _03_ (net)
                      0.127255    0.000000    5.292489 v _24_/A2 (sky130_fd_sc_hd__a21o_2)
     1    0.033442    0.102812    0.316169    5.608657 v _24_/X (sky130_fd_sc_hd__a21o_2)
                                                         ImmExt[13] (net)
                      0.102812    0.000000    5.608657 v ImmExt[13] (out)
                                              5.608657   data arrival time

                      0.000000   25.000000   25.000000   clock __VIRTUAL_CLK__ (rise edge)
                                  0.000000   25.000000   clock network delay (ideal)
                                 -0.250000   24.750000   clock uncertainty
                                  0.000000   24.750000   clock reconvergence pessimism
                                 -5.000000   19.750000   output external delay
                                             19.750000   data required time
---------------------------------------------------------------------------------------------
                                             19.750000   data required time
                                             -5.608657   data arrival time
---------------------------------------------------------------------------------------------
                                             14.141343   slack (MET)


Startpoint: ImmSrc[0] (input port clocked by __VIRTUAL_CLK__)
Endpoint: ImmExt[14] (output port clocked by __VIRTUAL_CLK__)
Path Group: __VIRTUAL_CLK__
Path Type: max

Fanout         Cap        Slew       Delay        Time   Description
---------------------------------------------------------------------------------------------
                      0.000000    0.000000    0.000000   clock __VIRTUAL_CLK__ (rise edge)
                                  0.000000    0.000000   clock network delay (ideal)
                                  5.000000    5.000000 v input external delay
    12    0.024915    0.056800    0.039897    5.039897 v ImmSrc[0] (in)
                                                         ImmSrc[0] (net)
                      0.056800    0.000000    5.039897 v _15_/A_N (sky130_fd_sc_hd__nand2b_2)
     9    0.027409    0.127255    0.252591    5.292489 v _15_/Y (sky130_fd_sc_hd__nand2b_2)
                                                         _03_ (net)
                      0.127255    0.000000    5.292489 v _26_/A2 (sky130_fd_sc_hd__a21o_2)
     1    0.033442    0.102812    0.316169    5.608657 v _26_/X (sky130_fd_sc_hd__a21o_2)
                                                         ImmExt[14] (net)
                      0.102812    0.000000    5.608657 v ImmExt[14] (out)
                                              5.608657   data arrival time

                      0.000000   25.000000   25.000000   clock __VIRTUAL_CLK__ (rise edge)
                                  0.000000   25.000000   clock network delay (ideal)
                                 -0.250000   24.750000   clock uncertainty
                                  0.000000   24.750000   clock reconvergence pessimism
                                 -5.000000   19.750000   output external delay
                                             19.750000   data required time
---------------------------------------------------------------------------------------------
                                             19.750000   data required time
                                             -5.608657   data arrival time
---------------------------------------------------------------------------------------------
                                             14.141343   slack (MET)


Startpoint: instr[15] (input port clocked by __VIRTUAL_CLK__)
Endpoint: ImmExt[2] (output port clocked by __VIRTUAL_CLK__)
Path Group: __VIRTUAL_CLK__
Path Type: max

Fanout         Cap        Slew       Delay        Time   Description
---------------------------------------------------------------------------------------------
                      0.000000    0.000000    0.000000   clock __VIRTUAL_CLK__ (rise edge)
                                  0.000000    0.000000   clock network delay (ideal)
                                  5.000000    5.000000 ^ input external delay
    11    0.021761    0.105361    0.070976    5.070976 ^ instr[15] (in)
                                                         instr[15] (net)
                      0.105361    0.000000    5.070976 ^ _10_/C_N (sky130_fd_sc_hd__nor3b_2)
     4    0.010256    0.227509    0.246575    5.317552 ^ _10_/Y (sky130_fd_sc_hd__nor3b_2)
                                                         _02_ (net)
                      0.227509    0.000000    5.317552 ^ _11_/B1 (sky130_fd_sc_hd__a21o_2)
     1    0.033442    0.173467    0.231699    5.549251 ^ _11_/X (sky130_fd_sc_hd__a21o_2)
                                                         ImmExt[2] (net)
                      0.173467    0.000000    5.549251 ^ ImmExt[2] (out)
                                              5.549251   data arrival time

                      0.000000   25.000000   25.000000   clock __VIRTUAL_CLK__ (rise edge)
                                  0.000000   25.000000   clock network delay (ideal)
                                 -0.250000   24.750000   clock uncertainty
                                  0.000000   24.750000   clock reconvergence pessimism
                                 -5.000000   19.750000   output external delay
                                             19.750000   data required time
---------------------------------------------------------------------------------------------
                                             19.750000   data required time
                                             -5.549251   data arrival time
---------------------------------------------------------------------------------------------
                                             14.200749   slack (MET)


Startpoint: instr[15] (input port clocked by __VIRTUAL_CLK__)
Endpoint: ImmExt[3] (output port clocked by __VIRTUAL_CLK__)
Path Group: __VIRTUAL_CLK__
Path Type: max

Fanout         Cap        Slew       Delay        Time   Description
---------------------------------------------------------------------------------------------
                      0.000000    0.000000    0.000000   clock __VIRTUAL_CLK__ (rise edge)
                                  0.000000    0.000000   clock network delay (ideal)
                                  5.000000    5.000000 ^ input external delay
    11    0.021761    0.105361    0.070976    5.070976 ^ instr[15] (in)
                                                         instr[15] (net)
                      0.105361    0.000000    5.070976 ^ _10_/C_N (sky130_fd_sc_hd__nor3b_2)
     4    0.010256    0.227509    0.246575    5.317552 ^ _10_/Y (sky130_fd_sc_hd__nor3b_2)
                                                         _02_ (net)
                      0.227509    0.000000    5.317552 ^ _12_/B1 (sky130_fd_sc_hd__a21o_2)
     1    0.033442    0.173467    0.231699    5.549251 ^ _12_/X (sky130_fd_sc_hd__a21o_2)
                                                         ImmExt[3] (net)
                      0.173467    0.000000    5.549251 ^ ImmExt[3] (out)
                                              5.549251   data arrival time

                      0.000000   25.000000   25.000000   clock __VIRTUAL_CLK__ (rise edge)
                                  0.000000   25.000000   clock network delay (ideal)
                                 -0.250000   24.750000   clock uncertainty
                                  0.000000   24.750000   clock reconvergence pessimism
                                 -5.000000   19.750000   output external delay
                                             19.750000   data required time
---------------------------------------------------------------------------------------------
                                             19.750000   data required time
                                             -5.549251   data arrival time
---------------------------------------------------------------------------------------------
                                             14.200749   slack (MET)


Startpoint: instr[15] (input port clocked by __VIRTUAL_CLK__)
Endpoint: ImmExt[4] (output port clocked by __VIRTUAL_CLK__)
Path Group: __VIRTUAL_CLK__
Path Type: max

Fanout         Cap        Slew       Delay        Time   Description
---------------------------------------------------------------------------------------------
                      0.000000    0.000000    0.000000   clock __VIRTUAL_CLK__ (rise edge)
                                  0.000000    0.000000   clock network delay (ideal)
                                  5.000000    5.000000 ^ input external delay
    11    0.021761    0.105361    0.070976    5.070976 ^ instr[15] (in)
                                                         instr[15] (net)
                      0.105361    0.000000    5.070976 ^ _10_/C_N (sky130_fd_sc_hd__nor3b_2)
     4    0.010256    0.227509    0.246575    5.317552 ^ _10_/Y (sky130_fd_sc_hd__nor3b_2)
                                                         _02_ (net)
                      0.227509    0.000000    5.317552 ^ _13_/B1 (sky130_fd_sc_hd__a21o_2)
     1    0.033442    0.173446    0.231699    5.549251 ^ _13_/X (sky130_fd_sc_hd__a21o_2)
                                                         ImmExt[4] (net)
                      0.173446    0.000000    5.549251 ^ ImmExt[4] (out)
                                              5.549251   data arrival time

                      0.000000   25.000000   25.000000   clock __VIRTUAL_CLK__ (rise edge)
                                  0.000000   25.000000   clock network delay (ideal)
                                 -0.250000   24.750000   clock uncertainty
                                  0.000000   24.750000   clock reconvergence pessimism
                                 -5.000000   19.750000   output external delay
                                             19.750000   data required time
---------------------------------------------------------------------------------------------
                                             19.750000   data required time
                                             -5.549251   data arrival time
---------------------------------------------------------------------------------------------
                                             14.200749   slack (MET)


Startpoint: instr[15] (input port clocked by __VIRTUAL_CLK__)
Endpoint: ImmExt[5] (output port clocked by __VIRTUAL_CLK__)
Path Group: __VIRTUAL_CLK__
Path Type: max

Fanout         Cap        Slew       Delay        Time   Description
---------------------------------------------------------------------------------------------
                      0.000000    0.000000    0.000000   clock __VIRTUAL_CLK__ (rise edge)
                                  0.000000    0.000000   clock network delay (ideal)
                                  5.000000    5.000000 ^ input external delay
    11    0.021761    0.105361    0.070976    5.070976 ^ instr[15] (in)
                                                         instr[15] (net)
                      0.105361    0.000000    5.070976 ^ _10_/C_N (sky130_fd_sc_hd__nor3b_2)
     4    0.010256    0.227509    0.246575    5.317552 ^ _10_/Y (sky130_fd_sc_hd__nor3b_2)
                                                         _02_ (net)
                      0.227509    0.000000    5.317552 ^ _14_/B1 (sky130_fd_sc_hd__a21o_2)
     1    0.033442    0.173446    0.231699    5.549251 ^ _14_/X (sky130_fd_sc_hd__a21o_2)
                                                         ImmExt[5] (net)
                      0.173446    0.000000    5.549251 ^ ImmExt[5] (out)
                                              5.549251   data arrival time

                      0.000000   25.000000   25.000000   clock __VIRTUAL_CLK__ (rise edge)
                                  0.000000   25.000000   clock network delay (ideal)
                                 -0.250000   24.750000   clock uncertainty
                                  0.000000   24.750000   clock reconvergence pessimism
                                 -5.000000   19.750000   output external delay
                                             19.750000   data required time
---------------------------------------------------------------------------------------------
                                             19.750000   data required time
                                             -5.549251   data arrival time
---------------------------------------------------------------------------------------------
                                             14.200749   slack (MET)


Startpoint: instr[15] (input port clocked by __VIRTUAL_CLK__)
Endpoint: ImmExt[15] (output port clocked by __VIRTUAL_CLK__)
Path Group: __VIRTUAL_CLK__
Path Type: max

Fanout         Cap        Slew       Delay        Time   Description
---------------------------------------------------------------------------------------------
                      0.000000    0.000000    0.000000   clock __VIRTUAL_CLK__ (rise edge)
                                  0.000000    0.000000   clock network delay (ideal)
                                  5.000000    5.000000 ^ input external delay
    11    0.021761    0.105361    0.070976    5.070976 ^ instr[15] (in)
                                                         instr[15] (net)
                      0.105361    0.000000    5.070976 ^ _27_/A (sky130_fd_sc_hd__buf_2)
     1    0.033442    0.169088    0.218053    5.289029 ^ _27_/X (sky130_fd_sc_hd__buf_2)
                                                         ImmExt[15] (net)
                      0.169088    0.000000    5.289029 ^ ImmExt[15] (out)
                                              5.289029   data arrival time

                      0.000000   25.000000   25.000000   clock __VIRTUAL_CLK__ (rise edge)
                                  0.000000   25.000000   clock network delay (ideal)
                                 -0.250000   24.750000   clock uncertainty
                                  0.000000   24.750000   clock reconvergence pessimism
                                 -5.000000   19.750000   output external delay
                                             19.750000   data required time
---------------------------------------------------------------------------------------------
                                             19.750000   data required time
                                             -5.289029   data arrival time
---------------------------------------------------------------------------------------------
                                             14.460971   slack (MET)



