
===========================================================================
report_checks -path_delay min (Hold)
============================================================================
======================= nom_tt_025C_1v80 Corner ===================================

Startpoint: instr[15] (input port clocked by __VIRTUAL_CLK__)
Endpoint: ImmExt[15] (output port clocked by __VIRTUAL_CLK__)
Path Group: __VIRTUAL_CLK__
Path Type: min

Fanout         Cap        Slew       Delay        Time   Description
---------------------------------------------------------------------------------------------
                      0.000000    0.000000    0.000000   clock __VIRTUAL_CLK__ (rise edge)
                                  0.000000    0.000000   clock network delay (ideal)
                                  5.000000    5.000000 v input external delay
    11    0.020068    0.046462    0.032216    5.032216 v instr[15] (in)
                                                         instr[15] (net)
                      0.046462    0.000000    5.032216 v _27_/A (sky130_fd_sc_hd__buf_2)
     1    0.033442    0.087205    0.179716    5.211932 v _27_/X (sky130_fd_sc_hd__buf_2)
                                                         ImmExt[15] (net)
                      0.087205    0.000000    5.211932 v ImmExt[15] (out)
                                              5.211932   data arrival time

                      0.000000    0.000000    0.000000   clock __VIRTUAL_CLK__ (rise edge)
                                  0.000000    0.000000   clock network delay (ideal)
                                  0.250000    0.250000   clock uncertainty
                                  0.000000    0.250000   clock reconvergence pessimism
                                 -5.000000   -4.750000   output external delay
                                             -4.750000   data required time
---------------------------------------------------------------------------------------------
                                             -4.750000   data required time
                                             -5.211932   data arrival time
---------------------------------------------------------------------------------------------
                                              9.961932   slack (MET)


Startpoint: instr[11] (input port clocked by __VIRTUAL_CLK__)
Endpoint: ImmExt[2] (output port clocked by __VIRTUAL_CLK__)
Path Group: __VIRTUAL_CLK__
Path Type: min

Fanout         Cap        Slew       Delay        Time   Description
---------------------------------------------------------------------------------------------
                      0.000000    0.000000    0.000000   clock __VIRTUAL_CLK__ (rise edge)
                                  0.000000    0.000000   clock network delay (ideal)
                                  5.000000    5.000000 ^ input external delay
     2    0.004034    0.026007    0.014603    5.014603 ^ instr[11] (in)
                                                         instr[11] (net)
                      0.026007    0.000000    5.014603 ^ _11_/A2 (sky130_fd_sc_hd__a21o_2)
     1    0.033442    0.171774    0.214534    5.229136 ^ _11_/X (sky130_fd_sc_hd__a21o_2)
                                                         ImmExt[2] (net)
                      0.171774    0.000000    5.229136 ^ ImmExt[2] (out)
                                              5.229136   data arrival time

                      0.000000    0.000000    0.000000   clock __VIRTUAL_CLK__ (rise edge)
                                  0.000000    0.000000   clock network delay (ideal)
                                  0.250000    0.250000   clock uncertainty
                                  0.000000    0.250000   clock reconvergence pessimism
                                 -5.000000   -4.750000   output external delay
                                             -4.750000   data required time
---------------------------------------------------------------------------------------------
                                             -4.750000   data required time
                                             -5.229136   data arrival time
---------------------------------------------------------------------------------------------
                                              9.979136   slack (MET)


Startpoint: instr[12] (input port clocked by __VIRTUAL_CLK__)
Endpoint: ImmExt[3] (output port clocked by __VIRTUAL_CLK__)
Path Group: __VIRTUAL_CLK__
Path Type: min

Fanout         Cap        Slew       Delay        Time   Description
---------------------------------------------------------------------------------------------
                      0.000000    0.000000    0.000000   clock __VIRTUAL_CLK__ (rise edge)
                                  0.000000    0.000000   clock network delay (ideal)
                                  5.000000    5.000000 ^ input external delay
     2    0.004034    0.026007    0.014603    5.014603 ^ instr[12] (in)
                                                         instr[12] (net)
                      0.026007    0.000000    5.014603 ^ _12_/A2 (sky130_fd_sc_hd__a21o_2)
     1    0.033442    0.171774    0.214534    5.229136 ^ _12_/X (sky130_fd_sc_hd__a21o_2)
                                                         ImmExt[3] (net)
                      0.171774    0.000000    5.229136 ^ ImmExt[3] (out)
                                              5.229136   data arrival time

                      0.000000    0.000000    0.000000   clock __VIRTUAL_CLK__ (rise edge)
                                  0.000000    0.000000   clock network delay (ideal)
                                  0.250000    0.250000   clock uncertainty
                                  0.000000    0.250000   clock reconvergence pessimism
                                 -5.000000   -4.750000   output external delay
                                             -4.750000   data required time
---------------------------------------------------------------------------------------------
                                             -4.750000   data required time
                                             -5.229136   data arrival time
---------------------------------------------------------------------------------------------
                                              9.979136   slack (MET)


Startpoint: instr[13] (input port clocked by __VIRTUAL_CLK__)
Endpoint: ImmExt[4] (output port clocked by __VIRTUAL_CLK__)
Path Group: __VIRTUAL_CLK__
Path Type: min

Fanout         Cap        Slew       Delay        Time   Description
---------------------------------------------------------------------------------------------
                      0.000000    0.000000    0.000000   clock __VIRTUAL_CLK__ (rise edge)
                                  0.000000    0.000000   clock network delay (ideal)
                                  5.000000    5.000000 ^ input external delay
     3    0.005527    0.032693    0.019512    5.019512 ^ instr[13] (in)
                                                         instr[13] (net)
                      0.032693    0.000000    5.019512 ^ _13_/A2 (sky130_fd_sc_hd__a21o_2)
     1    0.033442    0.171774    0.216615    5.236127 ^ _13_/X (sky130_fd_sc_hd__a21o_2)
                                                         ImmExt[4] (net)
                      0.171774    0.000000    5.236127 ^ ImmExt[4] (out)
                                              5.236127   data arrival time

                      0.000000    0.000000    0.000000   clock __VIRTUAL_CLK__ (rise edge)
                                  0.000000    0.000000   clock network delay (ideal)
                                  0.250000    0.250000   clock uncertainty
                                  0.000000    0.250000   clock reconvergence pessimism
                                 -5.000000   -4.750000   output external delay
                                             -4.750000   data required time
---------------------------------------------------------------------------------------------
                                             -4.750000   data required time
                                             -5.236127   data arrival time
---------------------------------------------------------------------------------------------
                                              9.986127   slack (MET)


Startpoint: instr[14] (input port clocked by __VIRTUAL_CLK__)
Endpoint: ImmExt[5] (output port clocked by __VIRTUAL_CLK__)
Path Group: __VIRTUAL_CLK__
Path Type: min

Fanout         Cap        Slew       Delay        Time   Description
---------------------------------------------------------------------------------------------
                      0.000000    0.000000    0.000000   clock __VIRTUAL_CLK__ (rise edge)
                                  0.000000    0.000000   clock network delay (ideal)
                                  5.000000    5.000000 ^ input external delay
     3    0.005527    0.032693    0.019512    5.019512 ^ instr[14] (in)
                                                         instr[14] (net)
                      0.032693    0.000000    5.019512 ^ _14_/A2 (sky130_fd_sc_hd__a21o_2)
     1    0.033442    0.171774    0.216615    5.236127 ^ _14_/X (sky130_fd_sc_hd__a21o_2)
                                                         ImmExt[5] (net)
                      0.171774    0.000000    5.236127 ^ ImmExt[5] (out)
                                              5.236127   data arrival time

                      0.000000    0.000000    0.000000   clock __VIRTUAL_CLK__ (rise edge)
                                  0.000000    0.000000   clock network delay (ideal)
                                  0.250000    0.250000   clock uncertainty
                                  0.000000    0.250000   clock reconvergence pessimism
                                 -5.000000   -4.750000   output external delay
                                             -4.750000   data required time
---------------------------------------------------------------------------------------------
                                             -4.750000   data required time
                                             -5.236127   data arrival time
---------------------------------------------------------------------------------------------
                                              9.986127   slack (MET)


Startpoint: instr[9] (input port clocked by __VIRTUAL_CLK__)
Endpoint: ImmExt[0] (output port clocked by __VIRTUAL_CLK__)
Path Group: __VIRTUAL_CLK__
Path Type: min

Fanout         Cap        Slew       Delay        Time   Description
---------------------------------------------------------------------------------------------
                      0.000000    0.000000    0.000000   clock __VIRTUAL_CLK__ (rise edge)
                                  0.000000    0.000000   clock network delay (ideal)
                                  5.000000    5.000000 ^ input external delay
     2    0.004089    0.026255    0.014795    5.014795 ^ instr[9] (in)
                                                         instr[9] (net)
                      0.026255    0.000000    5.014795 ^ _07_/A2 (sky130_fd_sc_hd__a21bo_2)
     1    0.033442    0.184484    0.226901    5.241696 ^ _07_/X (sky130_fd_sc_hd__a21bo_2)
                                                         ImmExt[0] (net)
                      0.184484    0.000000    5.241696 ^ ImmExt[0] (out)
                                              5.241696   data arrival time

                      0.000000    0.000000    0.000000   clock __VIRTUAL_CLK__ (rise edge)
                                  0.000000    0.000000   clock network delay (ideal)
                                  0.250000    0.250000   clock uncertainty
                                  0.000000    0.250000   clock reconvergence pessimism
                                 -5.000000   -4.750000   output external delay
                                             -4.750000   data required time
---------------------------------------------------------------------------------------------
                                             -4.750000   data required time
                                             -5.241696   data arrival time
---------------------------------------------------------------------------------------------
                                              9.991695   slack (MET)


Startpoint: instr[10] (input port clocked by __VIRTUAL_CLK__)
Endpoint: ImmExt[1] (output port clocked by __VIRTUAL_CLK__)
Path Group: __VIRTUAL_CLK__
Path Type: min

Fanout         Cap        Slew       Delay        Time   Description
---------------------------------------------------------------------------------------------
                      0.000000    0.000000    0.000000   clock __VIRTUAL_CLK__ (rise edge)
                                  0.000000    0.000000   clock network delay (ideal)
                                  5.000000    5.000000 ^ input external delay
     2    0.004089    0.026255    0.014795    5.014795 ^ instr[10] (in)
                                                         instr[10] (net)
                      0.026255    0.000000    5.014795 ^ _09_/A2 (sky130_fd_sc_hd__a21bo_2)
     1    0.033442    0.184484    0.226901    5.241696 ^ _09_/X (sky130_fd_sc_hd__a21bo_2)
                                                         ImmExt[1] (net)
                      0.184484    0.000000    5.241696 ^ ImmExt[1] (out)
                                              5.241696   data arrival time

                      0.000000    0.000000    0.000000   clock __VIRTUAL_CLK__ (rise edge)
                                  0.000000    0.000000   clock network delay (ideal)
                                  0.250000    0.250000   clock uncertainty
                                  0.000000    0.250000   clock reconvergence pessimism
                                 -5.000000   -4.750000   output external delay
                                             -4.750000   data required time
---------------------------------------------------------------------------------------------
                                             -4.750000   data required time
                                             -5.241696   data arrival time
---------------------------------------------------------------------------------------------
                                              9.991695   slack (MET)


Startpoint: instr[15] (input port clocked by __VIRTUAL_CLK__)
Endpoint: ImmExt[13] (output port clocked by __VIRTUAL_CLK__)
Path Group: __VIRTUAL_CLK__
Path Type: min

Fanout         Cap        Slew       Delay        Time   Description
---------------------------------------------------------------------------------------------
                      0.000000    0.000000    0.000000   clock __VIRTUAL_CLK__ (rise edge)
                                  0.000000    0.000000   clock network delay (ideal)
                                  5.000000    5.000000 v input external delay
    11    0.020068    0.046462    0.032216    5.032216 v instr[15] (in)
                                                         instr[15] (net)
                      0.046462    0.000000    5.032216 v _24_/A1 (sky130_fd_sc_hd__a21o_2)
     1    0.033442    0.100545    0.260443    5.292659 v _24_/X (sky130_fd_sc_hd__a21o_2)
                                                         ImmExt[13] (net)
                      0.100545    0.000000    5.292659 v ImmExt[13] (out)
                                              5.292659   data arrival time

                      0.000000    0.000000    0.000000   clock __VIRTUAL_CLK__ (rise edge)
                                  0.000000    0.000000   clock network delay (ideal)
                                  0.250000    0.250000   clock uncertainty
                                  0.000000    0.250000   clock reconvergence pessimism
                                 -5.000000   -4.750000   output external delay
                                             -4.750000   data required time
---------------------------------------------------------------------------------------------
                                             -4.750000   data required time
                                             -5.292659   data arrival time
---------------------------------------------------------------------------------------------
                                             10.042659   slack (MET)


Startpoint: instr[15] (input port clocked by __VIRTUAL_CLK__)
Endpoint: ImmExt[14] (output port clocked by __VIRTUAL_CLK__)
Path Group: __VIRTUAL_CLK__
Path Type: min

Fanout         Cap        Slew       Delay        Time   Description
---------------------------------------------------------------------------------------------
                      0.000000    0.000000    0.000000   clock __VIRTUAL_CLK__ (rise edge)
                                  0.000000    0.000000   clock network delay (ideal)
                                  5.000000    5.000000 v input external delay
    11    0.020068    0.046462    0.032216    5.032216 v instr[15] (in)
                                                         instr[15] (net)
                      0.046462    0.000000    5.032216 v _26_/A1 (sky130_fd_sc_hd__a21o_2)
     1    0.033442    0.100545    0.260443    5.292659 v _26_/X (sky130_fd_sc_hd__a21o_2)
                                                         ImmExt[14] (net)
                      0.100545    0.000000    5.292659 v ImmExt[14] (out)
                                              5.292659   data arrival time

                      0.000000    0.000000    0.000000   clock __VIRTUAL_CLK__ (rise edge)
                                  0.000000    0.000000   clock network delay (ideal)
                                  0.250000    0.250000   clock uncertainty
                                  0.000000    0.250000   clock reconvergence pessimism
                                 -5.000000   -4.750000   output external delay
                                             -4.750000   data required time
---------------------------------------------------------------------------------------------
                                             -4.750000   data required time
                                             -5.292659   data arrival time
---------------------------------------------------------------------------------------------
                                             10.042659   slack (MET)


Startpoint: instr[6] (input port clocked by __VIRTUAL_CLK__)
Endpoint: ImmExt[6] (output port clocked by __VIRTUAL_CLK__)
Path Group: __VIRTUAL_CLK__
Path Type: min

Fanout         Cap        Slew       Delay        Time   Description
---------------------------------------------------------------------------------------------
                      0.000000    0.000000    0.000000   clock __VIRTUAL_CLK__ (rise edge)
                                  0.000000    0.000000   clock network delay (ideal)
                                  5.000000    5.000000 ^ input external delay
     1    0.001611    0.015088    0.006132    5.006132 ^ instr[6] (in)
                                                         instr[6] (net)
                      0.015088    0.000000    5.006132 ^ _16_/A0 (sky130_fd_sc_hd__mux2_1)
     1    0.033442    0.299758    0.294855    5.300987 ^ _16_/X (sky130_fd_sc_hd__mux2_1)
                                                         ImmExt[6] (net)
                      0.299758    0.000000    5.300987 ^ ImmExt[6] (out)
                                              5.300987   data arrival time

                      0.000000    0.000000    0.000000   clock __VIRTUAL_CLK__ (rise edge)
                                  0.000000    0.000000   clock network delay (ideal)
                                  0.250000    0.250000   clock uncertainty
                                  0.000000    0.250000   clock reconvergence pessimism
                                 -5.000000   -4.750000   output external delay
                                             -4.750000   data required time
---------------------------------------------------------------------------------------------
                                             -4.750000   data required time
                                             -5.300987   data arrival time
---------------------------------------------------------------------------------------------
                                             10.050987   slack (MET)


Startpoint: instr[7] (input port clocked by __VIRTUAL_CLK__)
Endpoint: ImmExt[7] (output port clocked by __VIRTUAL_CLK__)
Path Group: __VIRTUAL_CLK__
Path Type: min

Fanout         Cap        Slew       Delay        Time   Description
---------------------------------------------------------------------------------------------
                      0.000000    0.000000    0.000000   clock __VIRTUAL_CLK__ (rise edge)
                                  0.000000    0.000000   clock network delay (ideal)
                                  5.000000    5.000000 ^ input external delay
     1    0.001611    0.015088    0.006132    5.006132 ^ instr[7] (in)
                                                         instr[7] (net)
                      0.015088    0.000000    5.006132 ^ _17_/A0 (sky130_fd_sc_hd__mux2_1)
     1    0.033442    0.299758    0.294855    5.300987 ^ _17_/X (sky130_fd_sc_hd__mux2_1)
                                                         ImmExt[7] (net)
                      0.299758    0.000000    5.300987 ^ ImmExt[7] (out)
                                              5.300987   data arrival time

                      0.000000    0.000000    0.000000   clock __VIRTUAL_CLK__ (rise edge)
                                  0.000000    0.000000   clock network delay (ideal)
                                  0.250000    0.250000   clock uncertainty
                                  0.000000    0.250000   clock reconvergence pessimism
                                 -5.000000   -4.750000   output external delay
                                             -4.750000   data required time
---------------------------------------------------------------------------------------------
                                             -4.750000   data required time
                                             -5.300987   data arrival time
---------------------------------------------------------------------------------------------
                                             10.050987   slack (MET)


Startpoint: instr[8] (input port clocked by __VIRTUAL_CLK__)
Endpoint: ImmExt[8] (output port clocked by __VIRTUAL_CLK__)
Path Group: __VIRTUAL_CLK__
Path Type: min

Fanout         Cap        Slew       Delay        Time   Description
---------------------------------------------------------------------------------------------
                      0.000000    0.000000    0.000000   clock __VIRTUAL_CLK__ (rise edge)
                                  0.000000    0.000000   clock network delay (ideal)
                                  5.000000    5.000000 ^ input external delay
     1    0.001611    0.015088    0.006132    5.006132 ^ instr[8] (in)
                                                         instr[8] (net)
                      0.015088    0.000000    5.006132 ^ _18_/A0 (sky130_fd_sc_hd__mux2_1)
     1    0.033442    0.299758    0.294855    5.300987 ^ _18_/X (sky130_fd_sc_hd__mux2_1)
                                                         ImmExt[8] (net)
                      0.299758    0.000000    5.300987 ^ ImmExt[8] (out)
                                              5.300987   data arrival time

                      0.000000    0.000000    0.000000   clock __VIRTUAL_CLK__ (rise edge)
                                  0.000000    0.000000   clock network delay (ideal)
                                  0.250000    0.250000   clock uncertainty
                                  0.000000    0.250000   clock reconvergence pessimism
                                 -5.000000   -4.750000   output external delay
                                             -4.750000   data required time
---------------------------------------------------------------------------------------------
                                             -4.750000   data required time
                                             -5.300987   data arrival time
---------------------------------------------------------------------------------------------
                                             10.050987   slack (MET)


Startpoint: instr[11] (input port clocked by __VIRTUAL_CLK__)
Endpoint: ImmExt[11] (output port clocked by __VIRTUAL_CLK__)
Path Group: __VIRTUAL_CLK__
Path Type: min

Fanout         Cap        Slew       Delay        Time   Description
---------------------------------------------------------------------------------------------
                      0.000000    0.000000    0.000000   clock __VIRTUAL_CLK__ (rise edge)
                                  0.000000    0.000000   clock network delay (ideal)
                                  5.000000    5.000000 ^ input external delay
     2    0.004034    0.026007    0.014603    5.014603 ^ instr[11] (in)
                                                         instr[11] (net)
                      0.026007    0.000000    5.014603 ^ _21_/A0 (sky130_fd_sc_hd__mux2_1)
     1    0.033442    0.299758    0.298423    5.313026 ^ _21_/X (sky130_fd_sc_hd__mux2_1)
                                                         ImmExt[11] (net)
                      0.299758    0.000000    5.313026 ^ ImmExt[11] (out)
                                              5.313026   data arrival time

                      0.000000    0.000000    0.000000   clock __VIRTUAL_CLK__ (rise edge)
                                  0.000000    0.000000   clock network delay (ideal)
                                  0.250000    0.250000   clock uncertainty
                                  0.000000    0.250000   clock reconvergence pessimism
                                 -5.000000   -4.750000   output external delay
                                             -4.750000   data required time
---------------------------------------------------------------------------------------------
                                             -4.750000   data required time
                                             -5.313026   data arrival time
---------------------------------------------------------------------------------------------
                                             10.063026   slack (MET)


Startpoint: instr[12] (input port clocked by __VIRTUAL_CLK__)
Endpoint: ImmExt[12] (output port clocked by __VIRTUAL_CLK__)
Path Group: __VIRTUAL_CLK__
Path Type: min

Fanout         Cap        Slew       Delay        Time   Description
---------------------------------------------------------------------------------------------
                      0.000000    0.000000    0.000000   clock __VIRTUAL_CLK__ (rise edge)
                                  0.000000    0.000000   clock network delay (ideal)
                                  5.000000    5.000000 ^ input external delay
     2    0.004034    0.026007    0.014603    5.014603 ^ instr[12] (in)
                                                         instr[12] (net)
                      0.026007    0.000000    5.014603 ^ _22_/A0 (sky130_fd_sc_hd__mux2_1)
     1    0.033442    0.299758    0.298423    5.313026 ^ _22_/X (sky130_fd_sc_hd__mux2_1)
                                                         ImmExt[12] (net)
                      0.299758    0.000000    5.313026 ^ ImmExt[12] (out)
                                              5.313026   data arrival time

                      0.000000    0.000000    0.000000   clock __VIRTUAL_CLK__ (rise edge)
                                  0.000000    0.000000   clock network delay (ideal)
                                  0.250000    0.250000   clock uncertainty
                                  0.000000    0.250000   clock reconvergence pessimism
                                 -5.000000   -4.750000   output external delay
                                             -4.750000   data required time
---------------------------------------------------------------------------------------------
                                             -4.750000   data required time
                                             -5.313026   data arrival time
---------------------------------------------------------------------------------------------
                                             10.063026   slack (MET)


Startpoint: instr[10] (input port clocked by __VIRTUAL_CLK__)
Endpoint: ImmExt[10] (output port clocked by __VIRTUAL_CLK__)
Path Group: __VIRTUAL_CLK__
Path Type: min

Fanout         Cap        Slew       Delay        Time   Description
---------------------------------------------------------------------------------------------
                      0.000000    0.000000    0.000000   clock __VIRTUAL_CLK__ (rise edge)
                                  0.000000    0.000000   clock network delay (ideal)
                                  5.000000    5.000000 ^ input external delay
     2    0.004089    0.026255    0.014795    5.014795 ^ instr[10] (in)
                                                         instr[10] (net)
                      0.026255    0.000000    5.014795 ^ _20_/A0 (sky130_fd_sc_hd__mux2_1)
     1    0.033442    0.299758    0.298512    5.313307 ^ _20_/X (sky130_fd_sc_hd__mux2_1)
                                                         ImmExt[10] (net)
                      0.299758    0.000000    5.313307 ^ ImmExt[10] (out)
                                              5.313307   data arrival time

                      0.000000    0.000000    0.000000   clock __VIRTUAL_CLK__ (rise edge)
                                  0.000000    0.000000   clock network delay (ideal)
                                  0.250000    0.250000   clock uncertainty
                                  0.000000    0.250000   clock reconvergence pessimism
                                 -5.000000   -4.750000   output external delay
                                             -4.750000   data required time
---------------------------------------------------------------------------------------------
                                             -4.750000   data required time
                                             -5.313307   data arrival time
---------------------------------------------------------------------------------------------
                                             10.063307   slack (MET)


Startpoint: instr[9] (input port clocked by __VIRTUAL_CLK__)
Endpoint: ImmExt[9] (output port clocked by __VIRTUAL_CLK__)
Path Group: __VIRTUAL_CLK__
Path Type: min

Fanout         Cap        Slew       Delay        Time   Description
---------------------------------------------------------------------------------------------
                      0.000000    0.000000    0.000000   clock __VIRTUAL_CLK__ (rise edge)
                                  0.000000    0.000000   clock network delay (ideal)
                                  5.000000    5.000000 ^ input external delay
     2    0.004089    0.026255    0.014795    5.014795 ^ instr[9] (in)
                                                         instr[9] (net)
                      0.026255    0.000000    5.014795 ^ _19_/A0 (sky130_fd_sc_hd__mux2_1)
     1    0.033442    0.299758    0.298512    5.313307 ^ _19_/X (sky130_fd_sc_hd__mux2_1)
                                                         ImmExt[9] (net)
                      0.299758    0.000000    5.313307 ^ ImmExt[9] (out)
                                              5.313307   data arrival time

                      0.000000    0.000000    0.000000   clock __VIRTUAL_CLK__ (rise edge)
                                  0.000000    0.000000   clock network delay (ideal)
                                  0.250000    0.250000   clock uncertainty
                                  0.000000    0.250000   clock reconvergence pessimism
                                 -5.000000   -4.750000   output external delay
                                             -4.750000   data required time
---------------------------------------------------------------------------------------------
                                             -4.750000   data required time
                                             -5.313307   data arrival time
---------------------------------------------------------------------------------------------
                                             10.063307   slack (MET)



