Reading timing models for corner nom_tt_025C_1v80…
Reading cell library for the 'nom_tt_025C_1v80' corner at '/Users/talhaibrahim/.volare/volare/sky130/versions/0fe599b2afb6708d281543108caf8310912f54af/sky130A/libs.ref/sky130_fd_sc_hd/lib/sky130_fd_sc_hd__tt_025C_1v80.lib'…
Reading top-level netlist at '/Users/talhaibrahim/my_designs/SignExtender/runs/RUN_2025-11-13_18-01-06/06-yosys-synthesis/Sign_Extender.nl.v'…
Linking design 'Sign_Extender' from netlist…
Reading design constraints file at '/nix/store/b5k0h8cjlpypdp7lb98p9n8qqanyralc-python3-3.11.9-env/lib/python3.11/site-packages/openlane/scripts/base.sdc'…
Warning: base.sdc line 15, port '__VIRTUAL_CLK__' not found.
[INFO] Using clock __VIRTUAL_CLK__…
[INFO] Setting output delay to: 5
[INFO] Setting input delay to: 5
Warning: base.sdc line 32, port '__VIRTUAL_CLK__' not found.
[INFO] Setting load to: 0.033442
[INFO] Setting clock uncertainty to: 0.25
[INFO] Setting clock transition to: 0.1499999999999999944488848768742172978818416595458984375
Warning: base.sdc line 69, transition time can not be specified for virtual clocks.
[INFO] Setting timing derate to: 5%
%OL_CREATE_REPORT min.rpt

===========================================================================
report_checks -path_delay min (Hold)
============================================================================
======================= nom_tt_025C_1v80 Corner ===================================

Startpoint: instr[15] (input port clocked by __VIRTUAL_CLK__)
Endpoint: ImmExt[15] (output port clocked by __VIRTUAL_CLK__)
Path Group: __VIRTUAL_CLK__
Path Type: min

Fanout         Cap        Slew       Delay        Time   Description
---------------------------------------------------------------------------------------------
                      0.000000    0.000000    0.000000   clock __VIRTUAL_CLK__ (rise edge)
                                  0.000000    0.000000   clock network delay (ideal)
                                  5.000000    5.000000 v input external delay
    11    0.020068    0.046462    0.032216    5.032216 v instr[15] (in)
                                                         instr[15] (net)
                      0.046462    0.000000    5.032216 v _27_/A (sky130_fd_sc_hd__buf_2)
     1    0.033442    0.087205    0.179716    5.211932 v _27_/X (sky130_fd_sc_hd__buf_2)
                                                         ImmExt[15] (net)
                      0.087205    0.000000    5.211932 v ImmExt[15] (out)
                                              5.211932   data arrival time

                      0.000000    0.000000    0.000000   clock __VIRTUAL_CLK__ (rise edge)
                                  0.000000    0.000000   clock network delay (ideal)
                                  0.250000    0.250000   clock uncertainty
                                  0.000000    0.250000   clock reconvergence pessimism
                                 -5.000000   -4.750000   output external delay
                                             -4.750000   data required time
---------------------------------------------------------------------------------------------
                                             -4.750000   data required time
                                             -5.211932   data arrival time
---------------------------------------------------------------------------------------------
                                              9.961932   slack (MET)


Startpoint: instr[11] (input port clocked by __VIRTUAL_CLK__)
Endpoint: ImmExt[2] (output port clocked by __VIRTUAL_CLK__)
Path Group: __VIRTUAL_CLK__
Path Type: min

Fanout         Cap        Slew       Delay        Time   Description
---------------------------------------------------------------------------------------------
                      0.000000    0.000000    0.000000   clock __VIRTUAL_CLK__ (rise edge)
                                  0.000000    0.000000   clock network delay (ideal)
                                  5.000000    5.000000 ^ input external delay
     2    0.004034    0.026007    0.014603    5.014603 ^ instr[11] (in)
                                                         instr[11] (net)
                      0.026007    0.000000    5.014603 ^ _11_/A2 (sky130_fd_sc_hd__a21o_2)
     1    0.033442    0.171774    0.214534    5.229136 ^ _11_/X (sky130_fd_sc_hd__a21o_2)
                                                         ImmExt[2] (net)
                      0.171774    0.000000    5.229136 ^ ImmExt[2] (out)
                                              5.229136   data arrival time

                      0.000000    0.000000    0.000000   clock __VIRTUAL_CLK__ (rise edge)
                                  0.000000    0.000000   clock network delay (ideal)
                                  0.250000    0.250000   clock uncertainty
                                  0.000000    0.250000   clock reconvergence pessimism
                                 -5.000000   -4.750000   output external delay
                                             -4.750000   data required time
---------------------------------------------------------------------------------------------
                                             -4.750000   data required time
                                             -5.229136   data arrival time
---------------------------------------------------------------------------------------------
                                              9.979136   slack (MET)


Startpoint: instr[12] (input port clocked by __VIRTUAL_CLK__)
Endpoint: ImmExt[3] (output port clocked by __VIRTUAL_CLK__)
Path Group: __VIRTUAL_CLK__
Path Type: min

Fanout         Cap        Slew       Delay        Time   Description
---------------------------------------------------------------------------------------------
                      0.000000    0.000000    0.000000   clock __VIRTUAL_CLK__ (rise edge)
                                  0.000000    0.000000   clock network delay (ideal)
                                  5.000000    5.000000 ^ input external delay
     2    0.004034    0.026007    0.014603    5.014603 ^ instr[12] (in)
                                                         instr[12] (net)
                      0.026007    0.000000    5.014603 ^ _12_/A2 (sky130_fd_sc_hd__a21o_2)
     1    0.033442    0.171774    0.214534    5.229136 ^ _12_/X (sky130_fd_sc_hd__a21o_2)
                                                         ImmExt[3] (net)
                      0.171774    0.000000    5.229136 ^ ImmExt[3] (out)
                                              5.229136   data arrival time

                      0.000000    0.000000    0.000000   clock __VIRTUAL_CLK__ (rise edge)
                                  0.000000    0.000000   clock network delay (ideal)
                                  0.250000    0.250000   clock uncertainty
                                  0.000000    0.250000   clock reconvergence pessimism
                                 -5.000000   -4.750000   output external delay
                                             -4.750000   data required time
---------------------------------------------------------------------------------------------
                                             -4.750000   data required time
                                             -5.229136   data arrival time
---------------------------------------------------------------------------------------------
                                              9.979136   slack (MET)


Startpoint: instr[13] (input port clocked by __VIRTUAL_CLK__)
Endpoint: ImmExt[4] (output port clocked by __VIRTUAL_CLK__)
Path Group: __VIRTUAL_CLK__
Path Type: min

Fanout         Cap        Slew       Delay        Time   Description
---------------------------------------------------------------------------------------------
                      0.000000    0.000000    0.000000   clock __VIRTUAL_CLK__ (rise edge)
                                  0.000000    0.000000   clock network delay (ideal)
                                  5.000000    5.000000 ^ input external delay
     3    0.005527    0.032693    0.019512    5.019512 ^ instr[13] (in)
                                                         instr[13] (net)
                      0.032693    0.000000    5.019512 ^ _13_/A2 (sky130_fd_sc_hd__a21o_2)
     1    0.033442    0.171774    0.216615    5.236127 ^ _13_/X (sky130_fd_sc_hd__a21o_2)
                                                         ImmExt[4] (net)
                      0.171774    0.000000    5.236127 ^ ImmExt[4] (out)
                                              5.236127   data arrival time

                      0.000000    0.000000    0.000000   clock __VIRTUAL_CLK__ (rise edge)
                                  0.000000    0.000000   clock network delay (ideal)
                                  0.250000    0.250000   clock uncertainty
                                  0.000000    0.250000   clock reconvergence pessimism
                                 -5.000000   -4.750000   output external delay
                                             -4.750000   data required time
---------------------------------------------------------------------------------------------
                                             -4.750000   data required time
                                             -5.236127   data arrival time
---------------------------------------------------------------------------------------------
                                              9.986127   slack (MET)


Startpoint: instr[14] (input port clocked by __VIRTUAL_CLK__)
Endpoint: ImmExt[5] (output port clocked by __VIRTUAL_CLK__)
Path Group: __VIRTUAL_CLK__
Path Type: min

Fanout         Cap        Slew       Delay        Time   Description
---------------------------------------------------------------------------------------------
                      0.000000    0.000000    0.000000   clock __VIRTUAL_CLK__ (rise edge)
                                  0.000000    0.000000   clock network delay (ideal)
                                  5.000000    5.000000 ^ input external delay
     3    0.005527    0.032693    0.019512    5.019512 ^ instr[14] (in)
                                                         instr[14] (net)
                      0.032693    0.000000    5.019512 ^ _14_/A2 (sky130_fd_sc_hd__a21o_2)
     1    0.033442    0.171774    0.216615    5.236127 ^ _14_/X (sky130_fd_sc_hd__a21o_2)
                                                         ImmExt[5] (net)
                      0.171774    0.000000    5.236127 ^ ImmExt[5] (out)
                                              5.236127   data arrival time

                      0.000000    0.000000    0.000000   clock __VIRTUAL_CLK__ (rise edge)
                                  0.000000    0.000000   clock network delay (ideal)
                                  0.250000    0.250000   clock uncertainty
                                  0.000000    0.250000   clock reconvergence pessimism
                                 -5.000000   -4.750000   output external delay
                                             -4.750000   data required time
---------------------------------------------------------------------------------------------
                                             -4.750000   data required time
                                             -5.236127   data arrival time
---------------------------------------------------------------------------------------------
                                              9.986127   slack (MET)


Startpoint: instr[9] (input port clocked by __VIRTUAL_CLK__)
Endpoint: ImmExt[0] (output port clocked by __VIRTUAL_CLK__)
Path Group: __VIRTUAL_CLK__
Path Type: min

Fanout         Cap        Slew       Delay        Time   Description
---------------------------------------------------------------------------------------------
                      0.000000    0.000000    0.000000   clock __VIRTUAL_CLK__ (rise edge)
                                  0.000000    0.000000   clock network delay (ideal)
                                  5.000000    5.000000 ^ input external delay
     2    0.004089    0.026255    0.014795    5.014795 ^ instr[9] (in)
                                                         instr[9] (net)
                      0.026255    0.000000    5.014795 ^ _07_/A2 (sky130_fd_sc_hd__a21bo_2)
     1    0.033442    0.184484    0.226901    5.241696 ^ _07_/X (sky130_fd_sc_hd__a21bo_2)
                                                         ImmExt[0] (net)
                      0.184484    0.000000    5.241696 ^ ImmExt[0] (out)
                                              5.241696   data arrival time

                      0.000000    0.000000    0.000000   clock __VIRTUAL_CLK__ (rise edge)
                                  0.000000    0.000000   clock network delay (ideal)
                                  0.250000    0.250000   clock uncertainty
                                  0.000000    0.250000   clock reconvergence pessimism
                                 -5.000000   -4.750000   output external delay
                                             -4.750000   data required time
---------------------------------------------------------------------------------------------
                                             -4.750000   data required time
                                             -5.241696   data arrival time
---------------------------------------------------------------------------------------------
                                              9.991695   slack (MET)


Startpoint: instr[10] (input port clocked by __VIRTUAL_CLK__)
Endpoint: ImmExt[1] (output port clocked by __VIRTUAL_CLK__)
Path Group: __VIRTUAL_CLK__
Path Type: min

Fanout         Cap        Slew       Delay        Time   Description
---------------------------------------------------------------------------------------------
                      0.000000    0.000000    0.000000   clock __VIRTUAL_CLK__ (rise edge)
                                  0.000000    0.000000   clock network delay (ideal)
                                  5.000000    5.000000 ^ input external delay
     2    0.004089    0.026255    0.014795    5.014795 ^ instr[10] (in)
                                                         instr[10] (net)
                      0.026255    0.000000    5.014795 ^ _09_/A2 (sky130_fd_sc_hd__a21bo_2)
     1    0.033442    0.184484    0.226901    5.241696 ^ _09_/X (sky130_fd_sc_hd__a21bo_2)
                                                         ImmExt[1] (net)
                      0.184484    0.000000    5.241696 ^ ImmExt[1] (out)
                                              5.241696   data arrival time

                      0.000000    0.000000    0.000000   clock __VIRTUAL_CLK__ (rise edge)
                                  0.000000    0.000000   clock network delay (ideal)
                                  0.250000    0.250000   clock uncertainty
                                  0.000000    0.250000   clock reconvergence pessimism
                                 -5.000000   -4.750000   output external delay
                                             -4.750000   data required time
---------------------------------------------------------------------------------------------
                                             -4.750000   data required time
                                             -5.241696   data arrival time
---------------------------------------------------------------------------------------------
                                              9.991695   slack (MET)


Startpoint: instr[15] (input port clocked by __VIRTUAL_CLK__)
Endpoint: ImmExt[13] (output port clocked by __VIRTUAL_CLK__)
Path Group: __VIRTUAL_CLK__
Path Type: min

Fanout         Cap        Slew       Delay        Time   Description
---------------------------------------------------------------------------------------------
                      0.000000    0.000000    0.000000   clock __VIRTUAL_CLK__ (rise edge)
                                  0.000000    0.000000   clock network delay (ideal)
                                  5.000000    5.000000 v input external delay
    11    0.020068    0.046462    0.032216    5.032216 v instr[15] (in)
                                                         instr[15] (net)
                      0.046462    0.000000    5.032216 v _24_/A1 (sky130_fd_sc_hd__a21o_2)
     1    0.033442    0.100545    0.260443    5.292659 v _24_/X (sky130_fd_sc_hd__a21o_2)
                                                         ImmExt[13] (net)
                      0.100545    0.000000    5.292659 v ImmExt[13] (out)
                                              5.292659   data arrival time

                      0.000000    0.000000    0.000000   clock __VIRTUAL_CLK__ (rise edge)
                                  0.000000    0.000000   clock network delay (ideal)
                                  0.250000    0.250000   clock uncertainty
                                  0.000000    0.250000   clock reconvergence pessimism
                                 -5.000000   -4.750000   output external delay
                                             -4.750000   data required time
---------------------------------------------------------------------------------------------
                                             -4.750000   data required time
                                             -5.292659   data arrival time
---------------------------------------------------------------------------------------------
                                             10.042659   slack (MET)


Startpoint: instr[15] (input port clocked by __VIRTUAL_CLK__)
Endpoint: ImmExt[14] (output port clocked by __VIRTUAL_CLK__)
Path Group: __VIRTUAL_CLK__
Path Type: min

Fanout         Cap        Slew       Delay        Time   Description
---------------------------------------------------------------------------------------------
                      0.000000    0.000000    0.000000   clock __VIRTUAL_CLK__ (rise edge)
                                  0.000000    0.000000   clock network delay (ideal)
                                  5.000000    5.000000 v input external delay
    11    0.020068    0.046462    0.032216    5.032216 v instr[15] (in)
                                                         instr[15] (net)
                      0.046462    0.000000    5.032216 v _26_/A1 (sky130_fd_sc_hd__a21o_2)
     1    0.033442    0.100545    0.260443    5.292659 v _26_/X (sky130_fd_sc_hd__a21o_2)
                                                         ImmExt[14] (net)
                      0.100545    0.000000    5.292659 v ImmExt[14] (out)
                                              5.292659   data arrival time

                      0.000000    0.000000    0.000000   clock __VIRTUAL_CLK__ (rise edge)
                                  0.000000    0.000000   clock network delay (ideal)
                                  0.250000    0.250000   clock uncertainty
                                  0.000000    0.250000   clock reconvergence pessimism
                                 -5.000000   -4.750000   output external delay
                                             -4.750000   data required time
---------------------------------------------------------------------------------------------
                                             -4.750000   data required time
                                             -5.292659   data arrival time
---------------------------------------------------------------------------------------------
                                             10.042659   slack (MET)


Startpoint: instr[6] (input port clocked by __VIRTUAL_CLK__)
Endpoint: ImmExt[6] (output port clocked by __VIRTUAL_CLK__)
Path Group: __VIRTUAL_CLK__
Path Type: min

Fanout         Cap        Slew       Delay        Time   Description
---------------------------------------------------------------------------------------------
                      0.000000    0.000000    0.000000   clock __VIRTUAL_CLK__ (rise edge)
                                  0.000000    0.000000   clock network delay (ideal)
                                  5.000000    5.000000 ^ input external delay
     1    0.001611    0.015088    0.006132    5.006132 ^ instr[6] (in)
                                                         instr[6] (net)
                      0.015088    0.000000    5.006132 ^ _16_/A0 (sky130_fd_sc_hd__mux2_1)
     1    0.033442    0.299758    0.294855    5.300987 ^ _16_/X (sky130_fd_sc_hd__mux2_1)
                                                         ImmExt[6] (net)
                      0.299758    0.000000    5.300987 ^ ImmExt[6] (out)
                                              5.300987   data arrival time

                      0.000000    0.000000    0.000000   clock __VIRTUAL_CLK__ (rise edge)
                                  0.000000    0.000000   clock network delay (ideal)
                                  0.250000    0.250000   clock uncertainty
                                  0.000000    0.250000   clock reconvergence pessimism
                                 -5.000000   -4.750000   output external delay
                                             -4.750000   data required time
---------------------------------------------------------------------------------------------
                                             -4.750000   data required time
                                             -5.300987   data arrival time
---------------------------------------------------------------------------------------------
                                             10.050987   slack (MET)


Startpoint: instr[7] (input port clocked by __VIRTUAL_CLK__)
Endpoint: ImmExt[7] (output port clocked by __VIRTUAL_CLK__)
Path Group: __VIRTUAL_CLK__
Path Type: min

Fanout         Cap        Slew       Delay        Time   Description
---------------------------------------------------------------------------------------------
                      0.000000    0.000000    0.000000   clock __VIRTUAL_CLK__ (rise edge)
                                  0.000000    0.000000   clock network delay (ideal)
                                  5.000000    5.000000 ^ input external delay
     1    0.001611    0.015088    0.006132    5.006132 ^ instr[7] (in)
                                                         instr[7] (net)
                      0.015088    0.000000    5.006132 ^ _17_/A0 (sky130_fd_sc_hd__mux2_1)
     1    0.033442    0.299758    0.294855    5.300987 ^ _17_/X (sky130_fd_sc_hd__mux2_1)
                                                         ImmExt[7] (net)
                      0.299758    0.000000    5.300987 ^ ImmExt[7] (out)
                                              5.300987   data arrival time

                      0.000000    0.000000    0.000000   clock __VIRTUAL_CLK__ (rise edge)
                                  0.000000    0.000000   clock network delay (ideal)
                                  0.250000    0.250000   clock uncertainty
                                  0.000000    0.250000   clock reconvergence pessimism
                                 -5.000000   -4.750000   output external delay
                                             -4.750000   data required time
---------------------------------------------------------------------------------------------
                                             -4.750000   data required time
                                             -5.300987   data arrival time
---------------------------------------------------------------------------------------------
                                             10.050987   slack (MET)


Startpoint: instr[8] (input port clocked by __VIRTUAL_CLK__)
Endpoint: ImmExt[8] (output port clocked by __VIRTUAL_CLK__)
Path Group: __VIRTUAL_CLK__
Path Type: min

Fanout         Cap        Slew       Delay        Time   Description
---------------------------------------------------------------------------------------------
                      0.000000    0.000000    0.000000   clock __VIRTUAL_CLK__ (rise edge)
                                  0.000000    0.000000   clock network delay (ideal)
                                  5.000000    5.000000 ^ input external delay
     1    0.001611    0.015088    0.006132    5.006132 ^ instr[8] (in)
                                                         instr[8] (net)
                      0.015088    0.000000    5.006132 ^ _18_/A0 (sky130_fd_sc_hd__mux2_1)
     1    0.033442    0.299758    0.294855    5.300987 ^ _18_/X (sky130_fd_sc_hd__mux2_1)
                                                         ImmExt[8] (net)
                      0.299758    0.000000    5.300987 ^ ImmExt[8] (out)
                                              5.300987   data arrival time

                      0.000000    0.000000    0.000000   clock __VIRTUAL_CLK__ (rise edge)
                                  0.000000    0.000000   clock network delay (ideal)
                                  0.250000    0.250000   clock uncertainty
                                  0.000000    0.250000   clock reconvergence pessimism
                                 -5.000000   -4.750000   output external delay
                                             -4.750000   data required time
---------------------------------------------------------------------------------------------
                                             -4.750000   data required time
                                             -5.300987   data arrival time
---------------------------------------------------------------------------------------------
                                             10.050987   slack (MET)


Startpoint: instr[11] (input port clocked by __VIRTUAL_CLK__)
Endpoint: ImmExt[11] (output port clocked by __VIRTUAL_CLK__)
Path Group: __VIRTUAL_CLK__
Path Type: min

Fanout         Cap        Slew       Delay        Time   Description
---------------------------------------------------------------------------------------------
                      0.000000    0.000000    0.000000   clock __VIRTUAL_CLK__ (rise edge)
                                  0.000000    0.000000   clock network delay (ideal)
                                  5.000000    5.000000 ^ input external delay
     2    0.004034    0.026007    0.014603    5.014603 ^ instr[11] (in)
                                                         instr[11] (net)
                      0.026007    0.000000    5.014603 ^ _21_/A0 (sky130_fd_sc_hd__mux2_1)
     1    0.033442    0.299758    0.298423    5.313026 ^ _21_/X (sky130_fd_sc_hd__mux2_1)
                                                         ImmExt[11] (net)
                      0.299758    0.000000    5.313026 ^ ImmExt[11] (out)
                                              5.313026   data arrival time

                      0.000000    0.000000    0.000000   clock __VIRTUAL_CLK__ (rise edge)
                                  0.000000    0.000000   clock network delay (ideal)
                                  0.250000    0.250000   clock uncertainty
                                  0.000000    0.250000   clock reconvergence pessimism
                                 -5.000000   -4.750000   output external delay
                                             -4.750000   data required time
---------------------------------------------------------------------------------------------
                                             -4.750000   data required time
                                             -5.313026   data arrival time
---------------------------------------------------------------------------------------------
                                             10.063026   slack (MET)


Startpoint: instr[12] (input port clocked by __VIRTUAL_CLK__)
Endpoint: ImmExt[12] (output port clocked by __VIRTUAL_CLK__)
Path Group: __VIRTUAL_CLK__
Path Type: min

Fanout         Cap        Slew       Delay        Time   Description
---------------------------------------------------------------------------------------------
                      0.000000    0.000000    0.000000   clock __VIRTUAL_CLK__ (rise edge)
                                  0.000000    0.000000   clock network delay (ideal)
                                  5.000000    5.000000 ^ input external delay
     2    0.004034    0.026007    0.014603    5.014603 ^ instr[12] (in)
                                                         instr[12] (net)
                      0.026007    0.000000    5.014603 ^ _22_/A0 (sky130_fd_sc_hd__mux2_1)
     1    0.033442    0.299758    0.298423    5.313026 ^ _22_/X (sky130_fd_sc_hd__mux2_1)
                                                         ImmExt[12] (net)
                      0.299758    0.000000    5.313026 ^ ImmExt[12] (out)
                                              5.313026   data arrival time

                      0.000000    0.000000    0.000000   clock __VIRTUAL_CLK__ (rise edge)
                                  0.000000    0.000000   clock network delay (ideal)
                                  0.250000    0.250000   clock uncertainty
                                  0.000000    0.250000   clock reconvergence pessimism
                                 -5.000000   -4.750000   output external delay
                                             -4.750000   data required time
---------------------------------------------------------------------------------------------
                                             -4.750000   data required time
                                             -5.313026   data arrival time
---------------------------------------------------------------------------------------------
                                             10.063026   slack (MET)


Startpoint: instr[10] (input port clocked by __VIRTUAL_CLK__)
Endpoint: ImmExt[10] (output port clocked by __VIRTUAL_CLK__)
Path Group: __VIRTUAL_CLK__
Path Type: min

Fanout         Cap        Slew       Delay        Time   Description
---------------------------------------------------------------------------------------------
                      0.000000    0.000000    0.000000   clock __VIRTUAL_CLK__ (rise edge)
                                  0.000000    0.000000   clock network delay (ideal)
                                  5.000000    5.000000 ^ input external delay
     2    0.004089    0.026255    0.014795    5.014795 ^ instr[10] (in)
                                                         instr[10] (net)
                      0.026255    0.000000    5.014795 ^ _20_/A0 (sky130_fd_sc_hd__mux2_1)
     1    0.033442    0.299758    0.298512    5.313307 ^ _20_/X (sky130_fd_sc_hd__mux2_1)
                                                         ImmExt[10] (net)
                      0.299758    0.000000    5.313307 ^ ImmExt[10] (out)
                                              5.313307   data arrival time

                      0.000000    0.000000    0.000000   clock __VIRTUAL_CLK__ (rise edge)
                                  0.000000    0.000000   clock network delay (ideal)
                                  0.250000    0.250000   clock uncertainty
                                  0.000000    0.250000   clock reconvergence pessimism
                                 -5.000000   -4.750000   output external delay
                                             -4.750000   data required time
---------------------------------------------------------------------------------------------
                                             -4.750000   data required time
                                             -5.313307   data arrival time
---------------------------------------------------------------------------------------------
                                             10.063307   slack (MET)


Startpoint: instr[9] (input port clocked by __VIRTUAL_CLK__)
Endpoint: ImmExt[9] (output port clocked by __VIRTUAL_CLK__)
Path Group: __VIRTUAL_CLK__
Path Type: min

Fanout         Cap        Slew       Delay        Time   Description
---------------------------------------------------------------------------------------------
                      0.000000    0.000000    0.000000   clock __VIRTUAL_CLK__ (rise edge)
                                  0.000000    0.000000   clock network delay (ideal)
                                  5.000000    5.000000 ^ input external delay
     2    0.004089    0.026255    0.014795    5.014795 ^ instr[9] (in)
                                                         instr[9] (net)
                      0.026255    0.000000    5.014795 ^ _19_/A0 (sky130_fd_sc_hd__mux2_1)
     1    0.033442    0.299758    0.298512    5.313307 ^ _19_/X (sky130_fd_sc_hd__mux2_1)
                                                         ImmExt[9] (net)
                      0.299758    0.000000    5.313307 ^ ImmExt[9] (out)
                                              5.313307   data arrival time

                      0.000000    0.000000    0.000000   clock __VIRTUAL_CLK__ (rise edge)
                                  0.000000    0.000000   clock network delay (ideal)
                                  0.250000    0.250000   clock uncertainty
                                  0.000000    0.250000   clock reconvergence pessimism
                                 -5.000000   -4.750000   output external delay
                                             -4.750000   data required time
---------------------------------------------------------------------------------------------
                                             -4.750000   data required time
                                             -5.313307   data arrival time
---------------------------------------------------------------------------------------------
                                             10.063307   slack (MET)



%OL_END_REPORT
%OL_CREATE_REPORT max.rpt

===========================================================================
report_checks -path_delay max (Setup)
============================================================================
======================= nom_tt_025C_1v80 Corner ===================================

Startpoint: ImmSrc[0] (input port clocked by __VIRTUAL_CLK__)
Endpoint: ImmExt[10] (output port clocked by __VIRTUAL_CLK__)
Path Group: __VIRTUAL_CLK__
Path Type: max

Fanout         Cap        Slew       Delay        Time   Description
---------------------------------------------------------------------------------------------
                      0.000000    0.000000    0.000000   clock __VIRTUAL_CLK__ (rise edge)
                                  0.000000    0.000000   clock network delay (ideal)
                                  5.000000    5.000000 ^ input external delay
    12    0.027098    0.129277    0.087629    5.087629 ^ ImmSrc[0] (in)
                                                         ImmSrc[0] (net)
                      0.129277    0.000000    5.087629 ^ _15_/A_N (sky130_fd_sc_hd__nand2b_2)
     9    0.029486    0.170355    0.231430    5.319059 ^ _15_/Y (sky130_fd_sc_hd__nand2b_2)
                                                         _03_ (net)
                      0.170355    0.000000    5.319059 ^ _20_/S (sky130_fd_sc_hd__mux2_1)
     1    0.033442    0.188768    0.485753    5.804812 v _20_/X (sky130_fd_sc_hd__mux2_1)
                                                         ImmExt[10] (net)
                      0.188768    0.000000    5.804812 v ImmExt[10] (out)
                                              5.804812   data arrival time

                      0.000000   25.000000   25.000000   clock __VIRTUAL_CLK__ (rise edge)
                                  0.000000   25.000000   clock network delay (ideal)
                                 -0.250000   24.750000   clock uncertainty
                                  0.000000   24.750000   clock reconvergence pessimism
                                 -5.000000   19.750000   output external delay
                                             19.750000   data required time
---------------------------------------------------------------------------------------------
                                             19.750000   data required time
                                             -5.804812   data arrival time
---------------------------------------------------------------------------------------------
                                             13.945187   slack (MET)


Startpoint: ImmSrc[0] (input port clocked by __VIRTUAL_CLK__)
Endpoint: ImmExt[11] (output port clocked by __VIRTUAL_CLK__)
Path Group: __VIRTUAL_CLK__
Path Type: max

Fanout         Cap        Slew       Delay        Time   Description
---------------------------------------------------------------------------------------------
                      0.000000    0.000000    0.000000   clock __VIRTUAL_CLK__ (rise edge)
                                  0.000000    0.000000   clock network delay (ideal)
                                  5.000000    5.000000 ^ input external delay
    12    0.027098    0.129277    0.087629    5.087629 ^ ImmSrc[0] (in)
                                                         ImmSrc[0] (net)
                      0.129277    0.000000    5.087629 ^ _15_/A_N (sky130_fd_sc_hd__nand2b_2)
     9    0.029486    0.170355    0.231430    5.319059 ^ _15_/Y (sky130_fd_sc_hd__nand2b_2)
                                                         _03_ (net)
                      0.170355    0.000000    5.319059 ^ _21_/S (sky130_fd_sc_hd__mux2_1)
     1    0.033442    0.188768    0.485753    5.804812 v _21_/X (sky130_fd_sc_hd__mux2_1)
                                                         ImmExt[11] (net)
                      0.188768    0.000000    5.804812 v ImmExt[11] (out)
                                              5.804812   data arrival time

                      0.000000   25.000000   25.000000   clock __VIRTUAL_CLK__ (rise edge)
                                  0.000000   25.000000   clock network delay (ideal)
                                 -0.250000   24.750000   clock uncertainty
                                  0.000000   24.750000   clock reconvergence pessimism
                                 -5.000000   19.750000   output external delay
                                             19.750000   data required time
---------------------------------------------------------------------------------------------
                                             19.750000   data required time
                                             -5.804812   data arrival time
---------------------------------------------------------------------------------------------
                                             13.945187   slack (MET)


Startpoint: ImmSrc[0] (input port clocked by __VIRTUAL_CLK__)
Endpoint: ImmExt[12] (output port clocked by __VIRTUAL_CLK__)
Path Group: __VIRTUAL_CLK__
Path Type: max

Fanout         Cap        Slew       Delay        Time   Description
---------------------------------------------------------------------------------------------
                      0.000000    0.000000    0.000000   clock __VIRTUAL_CLK__ (rise edge)
                                  0.000000    0.000000   clock network delay (ideal)
                                  5.000000    5.000000 ^ input external delay
    12    0.027098    0.129277    0.087629    5.087629 ^ ImmSrc[0] (in)
                                                         ImmSrc[0] (net)
                      0.129277    0.000000    5.087629 ^ _15_/A_N (sky130_fd_sc_hd__nand2b_2)
     9    0.029486    0.170355    0.231430    5.319059 ^ _15_/Y (sky130_fd_sc_hd__nand2b_2)
                                                         _03_ (net)
                      0.170355    0.000000    5.319059 ^ _22_/S (sky130_fd_sc_hd__mux2_1)
     1    0.033442    0.188768    0.485753    5.804812 v _22_/X (sky130_fd_sc_hd__mux2_1)
                                                         ImmExt[12] (net)
                      0.188768    0.000000    5.804812 v ImmExt[12] (out)
                                              5.804812   data arrival time

                      0.000000   25.000000   25.000000   clock __VIRTUAL_CLK__ (rise edge)
                                  0.000000   25.000000   clock network delay (ideal)
                                 -0.250000   24.750000   clock uncertainty
                                  0.000000   24.750000   clock reconvergence pessimism
                                 -5.000000   19.750000   output external delay
                                             19.750000   data required time
---------------------------------------------------------------------------------------------
                                             19.750000   data required time
                                             -5.804812   data arrival time
---------------------------------------------------------------------------------------------
                                             13.945187   slack (MET)


Startpoint: ImmSrc[0] (input port clocked by __VIRTUAL_CLK__)
Endpoint: ImmExt[6] (output port clocked by __VIRTUAL_CLK__)
Path Group: __VIRTUAL_CLK__
Path Type: max

Fanout         Cap        Slew       Delay        Time   Description
---------------------------------------------------------------------------------------------
                      0.000000    0.000000    0.000000   clock __VIRTUAL_CLK__ (rise edge)
                                  0.000000    0.000000   clock network delay (ideal)
                                  5.000000    5.000000 ^ input external delay
    12    0.027098    0.129277    0.087629    5.087629 ^ ImmSrc[0] (in)
                                                         ImmSrc[0] (net)
                      0.129277    0.000000    5.087629 ^ _15_/A_N (sky130_fd_sc_hd__nand2b_2)
     9    0.029486    0.170355    0.231430    5.319059 ^ _15_/Y (sky130_fd_sc_hd__nand2b_2)
                                                         _03_ (net)
                      0.170355    0.000000    5.319059 ^ _16_/S (sky130_fd_sc_hd__mux2_1)
     1    0.033442    0.188768    0.485753    5.804812 v _16_/X (sky130_fd_sc_hd__mux2_1)
                                                         ImmExt[6] (net)
                      0.188768    0.000000    5.804812 v ImmExt[6] (out)
                                              5.804812   data arrival time

                      0.000000   25.000000   25.000000   clock __VIRTUAL_CLK__ (rise edge)
                                  0.000000   25.000000   clock network delay (ideal)
                                 -0.250000   24.750000   clock uncertainty
                                  0.000000   24.750000   clock reconvergence pessimism
                                 -5.000000   19.750000   output external delay
                                             19.750000   data required time
---------------------------------------------------------------------------------------------
                                             19.750000   data required time
                                             -5.804812   data arrival time
---------------------------------------------------------------------------------------------
                                             13.945187   slack (MET)


Startpoint: ImmSrc[0] (input port clocked by __VIRTUAL_CLK__)
Endpoint: ImmExt[7] (output port clocked by __VIRTUAL_CLK__)
Path Group: __VIRTUAL_CLK__
Path Type: max

Fanout         Cap        Slew       Delay        Time   Description
---------------------------------------------------------------------------------------------
                      0.000000    0.000000    0.000000   clock __VIRTUAL_CLK__ (rise edge)
                                  0.000000    0.000000   clock network delay (ideal)
                                  5.000000    5.000000 ^ input external delay
    12    0.027098    0.129277    0.087629    5.087629 ^ ImmSrc[0] (in)
                                                         ImmSrc[0] (net)
                      0.129277    0.000000    5.087629 ^ _15_/A_N (sky130_fd_sc_hd__nand2b_2)
     9    0.029486    0.170355    0.231430    5.319059 ^ _15_/Y (sky130_fd_sc_hd__nand2b_2)
                                                         _03_ (net)
                      0.170355    0.000000    5.319059 ^ _17_/S (sky130_fd_sc_hd__mux2_1)
     1    0.033442    0.188768    0.485753    5.804812 v _17_/X (sky130_fd_sc_hd__mux2_1)
                                                         ImmExt[7] (net)
                      0.188768    0.000000    5.804812 v ImmExt[7] (out)
                                              5.804812   data arrival time

                      0.000000   25.000000   25.000000   clock __VIRTUAL_CLK__ (rise edge)
                                  0.000000   25.000000   clock network delay (ideal)
                                 -0.250000   24.750000   clock uncertainty
                                  0.000000   24.750000   clock reconvergence pessimism
                                 -5.000000   19.750000   output external delay
                                             19.750000   data required time
---------------------------------------------------------------------------------------------
                                             19.750000   data required time
                                             -5.804812   data arrival time
---------------------------------------------------------------------------------------------
                                             13.945187   slack (MET)


Startpoint: ImmSrc[0] (input port clocked by __VIRTUAL_CLK__)
Endpoint: ImmExt[8] (output port clocked by __VIRTUAL_CLK__)
Path Group: __VIRTUAL_CLK__
Path Type: max

Fanout         Cap        Slew       Delay        Time   Description
---------------------------------------------------------------------------------------------
                      0.000000    0.000000    0.000000   clock __VIRTUAL_CLK__ (rise edge)
                                  0.000000    0.000000   clock network delay (ideal)
                                  5.000000    5.000000 ^ input external delay
    12    0.027098    0.129277    0.087629    5.087629 ^ ImmSrc[0] (in)
                                                         ImmSrc[0] (net)
                      0.129277    0.000000    5.087629 ^ _15_/A_N (sky130_fd_sc_hd__nand2b_2)
     9    0.029486    0.170355    0.231430    5.319059 ^ _15_/Y (sky130_fd_sc_hd__nand2b_2)
                                                         _03_ (net)
                      0.170355    0.000000    5.319059 ^ _18_/S (sky130_fd_sc_hd__mux2_1)
     1    0.033442    0.188768    0.485753    5.804812 v _18_/X (sky130_fd_sc_hd__mux2_1)
                                                         ImmExt[8] (net)
                      0.188768    0.000000    5.804812 v ImmExt[8] (out)
                                              5.804812   data arrival time

                      0.000000   25.000000   25.000000   clock __VIRTUAL_CLK__ (rise edge)
                                  0.000000   25.000000   clock network delay (ideal)
                                 -0.250000   24.750000   clock uncertainty
                                  0.000000   24.750000   clock reconvergence pessimism
                                 -5.000000   19.750000   output external delay
                                             19.750000   data required time
---------------------------------------------------------------------------------------------
                                             19.750000   data required time
                                             -5.804812   data arrival time
---------------------------------------------------------------------------------------------
                                             13.945187   slack (MET)


Startpoint: ImmSrc[0] (input port clocked by __VIRTUAL_CLK__)
Endpoint: ImmExt[9] (output port clocked by __VIRTUAL_CLK__)
Path Group: __VIRTUAL_CLK__
Path Type: max

Fanout         Cap        Slew       Delay        Time   Description
---------------------------------------------------------------------------------------------
                      0.000000    0.000000    0.000000   clock __VIRTUAL_CLK__ (rise edge)
                                  0.000000    0.000000   clock network delay (ideal)
                                  5.000000    5.000000 ^ input external delay
    12    0.027098    0.129277    0.087629    5.087629 ^ ImmSrc[0] (in)
                                                         ImmSrc[0] (net)
                      0.129277    0.000000    5.087629 ^ _15_/A_N (sky130_fd_sc_hd__nand2b_2)
     9    0.029486    0.170355    0.231430    5.319059 ^ _15_/Y (sky130_fd_sc_hd__nand2b_2)
                                                         _03_ (net)
                      0.170355    0.000000    5.319059 ^ _19_/S (sky130_fd_sc_hd__mux2_1)
     1    0.033442    0.188768    0.485753    5.804812 v _19_/X (sky130_fd_sc_hd__mux2_1)
                                                         ImmExt[9] (net)
                      0.188768    0.000000    5.804812 v ImmExt[9] (out)
                                              5.804812   data arrival time

                      0.000000   25.000000   25.000000   clock __VIRTUAL_CLK__ (rise edge)
                                  0.000000   25.000000   clock network delay (ideal)
                                 -0.250000   24.750000   clock uncertainty
                                  0.000000   24.750000   clock reconvergence pessimism
                                 -5.000000   19.750000   output external delay
                                             19.750000   data required time
---------------------------------------------------------------------------------------------
                                             19.750000   data required time
                                             -5.804812   data arrival time
---------------------------------------------------------------------------------------------
                                             13.945187   slack (MET)


Startpoint: ImmSrc[0] (input port clocked by __VIRTUAL_CLK__)
Endpoint: ImmExt[0] (output port clocked by __VIRTUAL_CLK__)
Path Group: __VIRTUAL_CLK__
Path Type: max

Fanout         Cap        Slew       Delay        Time   Description
---------------------------------------------------------------------------------------------
                      0.000000    0.000000    0.000000   clock __VIRTUAL_CLK__ (rise edge)
                                  0.000000    0.000000   clock network delay (ideal)
                                  5.000000    5.000000 v input external delay
    12    0.024915    0.056800    0.039897    5.039897 v ImmSrc[0] (in)
                                                         ImmSrc[0] (net)
                      0.056800    0.000000    5.039897 v _06_/B (sky130_fd_sc_hd__or3b_2)
     1    0.001290    0.068444    0.421971    5.461869 v _06_/X (sky130_fd_sc_hd__or3b_2)
                                                         _00_ (net)
                      0.068444    0.000000    5.461869 v _07_/B1_N (sky130_fd_sc_hd__a21bo_2)
     1    0.033442    0.186495    0.304798    5.766667 ^ _07_/X (sky130_fd_sc_hd__a21bo_2)
                                                         ImmExt[0] (net)
                      0.186495    0.000000    5.766667 ^ ImmExt[0] (out)
                                              5.766667   data arrival time

                      0.000000   25.000000   25.000000   clock __VIRTUAL_CLK__ (rise edge)
                                  0.000000   25.000000   clock network delay (ideal)
                                 -0.250000   24.750000   clock uncertainty
                                  0.000000   24.750000   clock reconvergence pessimism
                                 -5.000000   19.750000   output external delay
                                             19.750000   data required time
---------------------------------------------------------------------------------------------
                                             19.750000   data required time
                                             -5.766667   data arrival time
---------------------------------------------------------------------------------------------
                                             13.983333   slack (MET)


Startpoint: ImmSrc[0] (input port clocked by __VIRTUAL_CLK__)
Endpoint: ImmExt[1] (output port clocked by __VIRTUAL_CLK__)
Path Group: __VIRTUAL_CLK__
Path Type: max

Fanout         Cap        Slew       Delay        Time   Description
---------------------------------------------------------------------------------------------
                      0.000000    0.000000    0.000000   clock __VIRTUAL_CLK__ (rise edge)
                                  0.000000    0.000000   clock network delay (ideal)
                                  5.000000    5.000000 v input external delay
    12    0.024915    0.056800    0.039897    5.039897 v ImmSrc[0] (in)
                                                         ImmSrc[0] (net)
                      0.056800    0.000000    5.039897 v _08_/B (sky130_fd_sc_hd__or3b_2)
     1    0.001290    0.068444    0.421971    5.461869 v _08_/X (sky130_fd_sc_hd__or3b_2)
                                                         _01_ (net)
                      0.068444    0.000000    5.461869 v _09_/B1_N (sky130_fd_sc_hd__a21bo_2)
     1    0.033442    0.186495    0.304798    5.766667 ^ _09_/X (sky130_fd_sc_hd__a21bo_2)
                                                         ImmExt[1] (net)
                      0.186495    0.000000    5.766667 ^ ImmExt[1] (out)
                                              5.766667   data arrival time

                      0.000000   25.000000   25.000000   clock __VIRTUAL_CLK__ (rise edge)
                                  0.000000   25.000000   clock network delay (ideal)
                                 -0.250000   24.750000   clock uncertainty
                                  0.000000   24.750000   clock reconvergence pessimism
                                 -5.000000   19.750000   output external delay
                                             19.750000   data required time
---------------------------------------------------------------------------------------------
                                             19.750000   data required time
                                             -5.766667   data arrival time
---------------------------------------------------------------------------------------------
                                             13.983333   slack (MET)


Startpoint: ImmSrc[0] (input port clocked by __VIRTUAL_CLK__)
Endpoint: ImmExt[13] (output port clocked by __VIRTUAL_CLK__)
Path Group: __VIRTUAL_CLK__
Path Type: max

Fanout         Cap        Slew       Delay        Time   Description
---------------------------------------------------------------------------------------------
                      0.000000    0.000000    0.000000   clock __VIRTUAL_CLK__ (rise edge)
                                  0.000000    0.000000   clock network delay (ideal)
                                  5.000000    5.000000 v input external delay
    12    0.024915    0.056800    0.039897    5.039897 v ImmSrc[0] (in)
                                                         ImmSrc[0] (net)
                      0.056800    0.000000    5.039897 v _15_/A_N (sky130_fd_sc_hd__nand2b_2)
     9    0.027409    0.127255    0.252591    5.292489 v _15_/Y (sky130_fd_sc_hd__nand2b_2)
                                                         _03_ (net)
                      0.127255    0.000000    5.292489 v _24_/A2 (sky130_fd_sc_hd__a21o_2)
     1    0.033442    0.102812    0.316169    5.608657 v _24_/X (sky130_fd_sc_hd__a21o_2)
                                                         ImmExt[13] (net)
                      0.102812    0.000000    5.608657 v ImmExt[13] (out)
                                              5.608657   data arrival time

                      0.000000   25.000000   25.000000   clock __VIRTUAL_CLK__ (rise edge)
                                  0.000000   25.000000   clock network delay (ideal)
                                 -0.250000   24.750000   clock uncertainty
                                  0.000000   24.750000   clock reconvergence pessimism
                                 -5.000000   19.750000   output external delay
                                             19.750000   data required time
---------------------------------------------------------------------------------------------
                                             19.750000   data required time
                                             -5.608657   data arrival time
---------------------------------------------------------------------------------------------
                                             14.141343   slack (MET)


Startpoint: ImmSrc[0] (input port clocked by __VIRTUAL_CLK__)
Endpoint: ImmExt[14] (output port clocked by __VIRTUAL_CLK__)
Path Group: __VIRTUAL_CLK__
Path Type: max

Fanout         Cap        Slew       Delay        Time   Description
---------------------------------------------------------------------------------------------
                      0.000000    0.000000    0.000000   clock __VIRTUAL_CLK__ (rise edge)
                                  0.000000    0.000000   clock network delay (ideal)
                                  5.000000    5.000000 v input external delay
    12    0.024915    0.056800    0.039897    5.039897 v ImmSrc[0] (in)
                                                         ImmSrc[0] (net)
                      0.056800    0.000000    5.039897 v _15_/A_N (sky130_fd_sc_hd__nand2b_2)
     9    0.027409    0.127255    0.252591    5.292489 v _15_/Y (sky130_fd_sc_hd__nand2b_2)
                                                         _03_ (net)
                      0.127255    0.000000    5.292489 v _26_/A2 (sky130_fd_sc_hd__a21o_2)
     1    0.033442    0.102812    0.316169    5.608657 v _26_/X (sky130_fd_sc_hd__a21o_2)
                                                         ImmExt[14] (net)
                      0.102812    0.000000    5.608657 v ImmExt[14] (out)
                                              5.608657   data arrival time

                      0.000000   25.000000   25.000000   clock __VIRTUAL_CLK__ (rise edge)
                                  0.000000   25.000000   clock network delay (ideal)
                                 -0.250000   24.750000   clock uncertainty
                                  0.000000   24.750000   clock reconvergence pessimism
                                 -5.000000   19.750000   output external delay
                                             19.750000   data required time
---------------------------------------------------------------------------------------------
                                             19.750000   data required time
                                             -5.608657   data arrival time
---------------------------------------------------------------------------------------------
                                             14.141343   slack (MET)


Startpoint: instr[15] (input port clocked by __VIRTUAL_CLK__)
Endpoint: ImmExt[2] (output port clocked by __VIRTUAL_CLK__)
Path Group: __VIRTUAL_CLK__
Path Type: max

Fanout         Cap        Slew       Delay        Time   Description
---------------------------------------------------------------------------------------------
                      0.000000    0.000000    0.000000   clock __VIRTUAL_CLK__ (rise edge)
                                  0.000000    0.000000   clock network delay (ideal)
                                  5.000000    5.000000 ^ input external delay
    11    0.021761    0.105361    0.070976    5.070976 ^ instr[15] (in)
                                                         instr[15] (net)
                      0.105361    0.000000    5.070976 ^ _10_/C_N (sky130_fd_sc_hd__nor3b_2)
     4    0.010256    0.227509    0.246575    5.317552 ^ _10_/Y (sky130_fd_sc_hd__nor3b_2)
                                                         _02_ (net)
                      0.227509    0.000000    5.317552 ^ _11_/B1 (sky130_fd_sc_hd__a21o_2)
     1    0.033442    0.173467    0.231699    5.549251 ^ _11_/X (sky130_fd_sc_hd__a21o_2)
                                                         ImmExt[2] (net)
                      0.173467    0.000000    5.549251 ^ ImmExt[2] (out)
                                              5.549251   data arrival time

                      0.000000   25.000000   25.000000   clock __VIRTUAL_CLK__ (rise edge)
                                  0.000000   25.000000   clock network delay (ideal)
                                 -0.250000   24.750000   clock uncertainty
                                  0.000000   24.750000   clock reconvergence pessimism
                                 -5.000000   19.750000   output external delay
                                             19.750000   data required time
---------------------------------------------------------------------------------------------
                                             19.750000   data required time
                                             -5.549251   data arrival time
---------------------------------------------------------------------------------------------
                                             14.200749   slack (MET)


Startpoint: instr[15] (input port clocked by __VIRTUAL_CLK__)
Endpoint: ImmExt[3] (output port clocked by __VIRTUAL_CLK__)
Path Group: __VIRTUAL_CLK__
Path Type: max

Fanout         Cap        Slew       Delay        Time   Description
---------------------------------------------------------------------------------------------
                      0.000000    0.000000    0.000000   clock __VIRTUAL_CLK__ (rise edge)
                                  0.000000    0.000000   clock network delay (ideal)
                                  5.000000    5.000000 ^ input external delay
    11    0.021761    0.105361    0.070976    5.070976 ^ instr[15] (in)
                                                         instr[15] (net)
                      0.105361    0.000000    5.070976 ^ _10_/C_N (sky130_fd_sc_hd__nor3b_2)
     4    0.010256    0.227509    0.246575    5.317552 ^ _10_/Y (sky130_fd_sc_hd__nor3b_2)
                                                         _02_ (net)
                      0.227509    0.000000    5.317552 ^ _12_/B1 (sky130_fd_sc_hd__a21o_2)
     1    0.033442    0.173467    0.231699    5.549251 ^ _12_/X (sky130_fd_sc_hd__a21o_2)
                                                         ImmExt[3] (net)
                      0.173467    0.000000    5.549251 ^ ImmExt[3] (out)
                                              5.549251   data arrival time

                      0.000000   25.000000   25.000000   clock __VIRTUAL_CLK__ (rise edge)
                                  0.000000   25.000000   clock network delay (ideal)
                                 -0.250000   24.750000   clock uncertainty
                                  0.000000   24.750000   clock reconvergence pessimism
                                 -5.000000   19.750000   output external delay
                                             19.750000   data required time
---------------------------------------------------------------------------------------------
                                             19.750000   data required time
                                             -5.549251   data arrival time
---------------------------------------------------------------------------------------------
                                             14.200749   slack (MET)


Startpoint: instr[15] (input port clocked by __VIRTUAL_CLK__)
Endpoint: ImmExt[4] (output port clocked by __VIRTUAL_CLK__)
Path Group: __VIRTUAL_CLK__
Path Type: max

Fanout         Cap        Slew       Delay        Time   Description
---------------------------------------------------------------------------------------------
                      0.000000    0.000000    0.000000   clock __VIRTUAL_CLK__ (rise edge)
                                  0.000000    0.000000   clock network delay (ideal)
                                  5.000000    5.000000 ^ input external delay
    11    0.021761    0.105361    0.070976    5.070976 ^ instr[15] (in)
                                                         instr[15] (net)
                      0.105361    0.000000    5.070976 ^ _10_/C_N (sky130_fd_sc_hd__nor3b_2)
     4    0.010256    0.227509    0.246575    5.317552 ^ _10_/Y (sky130_fd_sc_hd__nor3b_2)
                                                         _02_ (net)
                      0.227509    0.000000    5.317552 ^ _13_/B1 (sky130_fd_sc_hd__a21o_2)
     1    0.033442    0.173446    0.231699    5.549251 ^ _13_/X (sky130_fd_sc_hd__a21o_2)
                                                         ImmExt[4] (net)
                      0.173446    0.000000    5.549251 ^ ImmExt[4] (out)
                                              5.549251   data arrival time

                      0.000000   25.000000   25.000000   clock __VIRTUAL_CLK__ (rise edge)
                                  0.000000   25.000000   clock network delay (ideal)
                                 -0.250000   24.750000   clock uncertainty
                                  0.000000   24.750000   clock reconvergence pessimism
                                 -5.000000   19.750000   output external delay
                                             19.750000   data required time
---------------------------------------------------------------------------------------------
                                             19.750000   data required time
                                             -5.549251   data arrival time
---------------------------------------------------------------------------------------------
                                             14.200749   slack (MET)


Startpoint: instr[15] (input port clocked by __VIRTUAL_CLK__)
Endpoint: ImmExt[5] (output port clocked by __VIRTUAL_CLK__)
Path Group: __VIRTUAL_CLK__
Path Type: max

Fanout         Cap        Slew       Delay        Time   Description
---------------------------------------------------------------------------------------------
                      0.000000    0.000000    0.000000   clock __VIRTUAL_CLK__ (rise edge)
                                  0.000000    0.000000   clock network delay (ideal)
                                  5.000000    5.000000 ^ input external delay
    11    0.021761    0.105361    0.070976    5.070976 ^ instr[15] (in)
                                                         instr[15] (net)
                      0.105361    0.000000    5.070976 ^ _10_/C_N (sky130_fd_sc_hd__nor3b_2)
     4    0.010256    0.227509    0.246575    5.317552 ^ _10_/Y (sky130_fd_sc_hd__nor3b_2)
                                                         _02_ (net)
                      0.227509    0.000000    5.317552 ^ _14_/B1 (sky130_fd_sc_hd__a21o_2)
     1    0.033442    0.173446    0.231699    5.549251 ^ _14_/X (sky130_fd_sc_hd__a21o_2)
                                                         ImmExt[5] (net)
                      0.173446    0.000000    5.549251 ^ ImmExt[5] (out)
                                              5.549251   data arrival time

                      0.000000   25.000000   25.000000   clock __VIRTUAL_CLK__ (rise edge)
                                  0.000000   25.000000   clock network delay (ideal)
                                 -0.250000   24.750000   clock uncertainty
                                  0.000000   24.750000   clock reconvergence pessimism
                                 -5.000000   19.750000   output external delay
                                             19.750000   data required time
---------------------------------------------------------------------------------------------
                                             19.750000   data required time
                                             -5.549251   data arrival time
---------------------------------------------------------------------------------------------
                                             14.200749   slack (MET)


Startpoint: instr[15] (input port clocked by __VIRTUAL_CLK__)
Endpoint: ImmExt[15] (output port clocked by __VIRTUAL_CLK__)
Path Group: __VIRTUAL_CLK__
Path Type: max

Fanout         Cap        Slew       Delay        Time   Description
---------------------------------------------------------------------------------------------
                      0.000000    0.000000    0.000000   clock __VIRTUAL_CLK__ (rise edge)
                                  0.000000    0.000000   clock network delay (ideal)
                                  5.000000    5.000000 ^ input external delay
    11    0.021761    0.105361    0.070976    5.070976 ^ instr[15] (in)
                                                         instr[15] (net)
                      0.105361    0.000000    5.070976 ^ _27_/A (sky130_fd_sc_hd__buf_2)
     1    0.033442    0.169088    0.218053    5.289029 ^ _27_/X (sky130_fd_sc_hd__buf_2)
                                                         ImmExt[15] (net)
                      0.169088    0.000000    5.289029 ^ ImmExt[15] (out)
                                              5.289029   data arrival time

                      0.000000   25.000000   25.000000   clock __VIRTUAL_CLK__ (rise edge)
                                  0.000000   25.000000   clock network delay (ideal)
                                 -0.250000   24.750000   clock uncertainty
                                  0.000000   24.750000   clock reconvergence pessimism
                                 -5.000000   19.750000   output external delay
                                             19.750000   data required time
---------------------------------------------------------------------------------------------
                                             19.750000   data required time
                                             -5.289029   data arrival time
---------------------------------------------------------------------------------------------
                                             14.460971   slack (MET)



%OL_END_REPORT
%OL_CREATE_REPORT checks.rpt

===========================================================================
report_checks -unconstrained
===========================================================================
======================= nom_tt_025C_1v80 Corner ===================================

Startpoint: ImmSrc[0] (input port clocked by __VIRTUAL_CLK__)
Endpoint: ImmExt[10] (output port clocked by __VIRTUAL_CLK__)
Path Group: __VIRTUAL_CLK__
Path Type: max

Fanout         Cap        Slew       Delay        Time   Description
---------------------------------------------------------------------------------------------
                      0.000000    0.000000    0.000000   clock __VIRTUAL_CLK__ (rise edge)
                                  0.000000    0.000000   clock network delay (ideal)
                                  5.000000    5.000000 ^ input external delay
    12    0.027098    0.129277    0.087629    5.087629 ^ ImmSrc[0] (in)
                                                         ImmSrc[0] (net)
                      0.129277    0.000000    5.087629 ^ _15_/A_N (sky130_fd_sc_hd__nand2b_2)
     9    0.029486    0.170355    0.231430    5.319059 ^ _15_/Y (sky130_fd_sc_hd__nand2b_2)
                                                         _03_ (net)
                      0.170355    0.000000    5.319059 ^ _20_/S (sky130_fd_sc_hd__mux2_1)
     1    0.033442    0.188768    0.485753    5.804812 v _20_/X (sky130_fd_sc_hd__mux2_1)
                                                         ImmExt[10] (net)
                      0.188768    0.000000    5.804812 v ImmExt[10] (out)
                                              5.804812   data arrival time

                      0.000000   25.000000   25.000000   clock __VIRTUAL_CLK__ (rise edge)
                                  0.000000   25.000000   clock network delay (ideal)
                                 -0.250000   24.750000   clock uncertainty
                                  0.000000   24.750000   clock reconvergence pessimism
                                 -5.000000   19.750000   output external delay
                                             19.750000   data required time
---------------------------------------------------------------------------------------------
                                             19.750000   data required time
                                             -5.804812   data arrival time
---------------------------------------------------------------------------------------------
                                             13.945187   slack (MET)




===========================================================================
report_checks --slack_max -0.01
============================================================================
======================= nom_tt_025C_1v80 Corner ===================================

No paths found.


===========================================================================
 report_check_types -max_slew -max_cap -max_fanout -violators
============================================================================
======================= nom_tt_025C_1v80 Corner ===================================

max fanout

Pin                                   Limit Fanout  Slack
---------------------------------------------------------
ImmSrc[0]                                10     12     -2 (VIOLATED)
instr[15]                                10     11        (VIOLATED)



===========================================================================
report_parasitic_annotation -report_unannotated
============================================================================
Found 40 unannotated drivers.
 ImmSrc[0]
 ImmSrc[1]
 instr[0]
 instr[10]
 instr[11]
 instr[12]
 instr[13]
 instr[14]
 instr[15]
 instr[1]
 instr[2]
 instr[3]
 instr[4]
 instr[5]
 instr[6]
 instr[7]
 instr[8]
 instr[9]
 _06_/X
 _07_/X
 _08_/X
 _09_/X
 _10_/Y
 _11_/X
 _12_/X
 _13_/X
 _14_/X
 _15_/Y
 _16_/X
 _17_/X
 _18_/X
 _19_/X
 _20_/X
 _21_/X
 _22_/X
 _23_/X
 _24_/X
 _25_/X
 _26_/X
 _27_/X
Found 0 partially unannotated drivers.

===========================================================================
max slew violation count 0
%OL_METRIC_I design__max_slew_violation__count__corner:nom_tt_025C_1v80 0
max fanout violation count 2
%OL_METRIC_I design__max_fanout_violation__count__corner:nom_tt_025C_1v80 2
max cap violation count 0
%OL_METRIC_I design__max_cap_violation__count__corner:nom_tt_025C_1v80 0
============================================================================

===========================================================================
check_setup -verbose -unconstrained_endpoints -multiple_clock -no_clock -no_input_delay -loops -generated_clocks
===========================================================================
%OL_END_REPORT
%OL_CREATE_REPORT power.rpt

===========================================================================
 report_power
============================================================================
======================= nom_tt_025C_1v80 Corner ===================================

Group                    Internal    Switching      Leakage        Total
                            Power        Power        Power        Power (Watts)
------------------------------------------------------------------------
Sequential           0.000000e+00 0.000000e+00 0.000000e+00 0.000000e+00   0.0%
Combinational        1.949006e-06 5.317649e-06 1.061392e-10 7.266761e-06 100.0%
Clock                0.000000e+00 0.000000e+00 0.000000e+00 0.000000e+00   0.0%
Macro                0.000000e+00 0.000000e+00 0.000000e+00 0.000000e+00   0.0%
Pad                  0.000000e+00 0.000000e+00 0.000000e+00 0.000000e+00   0.0%
------------------------------------------------------------------------
Total                1.949006e-06 5.317649e-06 1.061392e-10 7.266761e-06 100.0%
                            26.8%        73.2%         0.0%
%OL_METRIC_F power__internal__total 1.9490062186378054e-6
%OL_METRIC_F power__switching__total 5.317649083735887e-6
%OL_METRIC_F power__leakage__total 1.061391668999434e-10
%OL_METRIC_F power__total 7.266761258506449e-6

%OL_END_REPORT
%OL_CREATE_REPORT skew.min.rpt

===========================================================================
Clock Skew (Hold)
============================================================================
%OL_METRIC_F clock__skew__worst_hold__corner:nom_tt_025C_1v80 0.0
======================= nom_tt_025C_1v80 Corner ===================================

Clock __VIRTUAL_CLK__
No launch/capture paths found.

%OL_END_REPORT
%OL_CREATE_REPORT skew.max.rpt

===========================================================================
Clock Skew (Setup)
============================================================================
%OL_METRIC_F clock__skew__worst_setup__corner:nom_tt_025C_1v80 0.0
======================= nom_tt_025C_1v80 Corner ===================================

Clock __VIRTUAL_CLK__
No launch/capture paths found.

%OL_END_REPORT
%OL_CREATE_REPORT ws.min.rpt

===========================================================================
Worst Slack (Hold)
============================================================================
%OL_METRIC_F timing__hold__ws__corner:nom_tt_025C_1v80 9.961932005721202
nom_tt_025C_1v80: 9.961932005721202
%OL_END_REPORT
%OL_CREATE_REPORT ws.max.rpt

===========================================================================
Worst Slack (Setup)
============================================================================
%OL_METRIC_F timing__setup__ws__corner:nom_tt_025C_1v80 13.945186733411797
nom_tt_025C_1v80: 13.945186733411797
%OL_END_REPORT
%OL_CREATE_REPORT tns.min.rpt

===========================================================================
Total Negative Slack (Hold)
============================================================================
%OL_METRIC_F timing__hold__tns__corner:nom_tt_025C_1v80 0.0
nom_tt_025C_1v80: 0.0
%OL_END_REPORT
%OL_CREATE_REPORT tns.max.rpt

===========================================================================
Total Negative Slack (Setup)
============================================================================
%OL_METRIC_F timing__setup__tns__corner:nom_tt_025C_1v80 0.0
nom_tt_025C_1v80: 0.0
%OL_END_REPORT
%OL_CREATE_REPORT wns.min.rpt

===========================================================================
Worst Negative Slack (Hold)
============================================================================
%OL_METRIC_F timing__hold__wns__corner:nom_tt_025C_1v80 0
nom_tt_025C_1v80: 0
%OL_END_REPORT
%OL_CREATE_REPORT wns.max.rpt

===========================================================================
Worst Negative Slack (Setup)
============================================================================
%OL_METRIC_F timing__setup__wns__corner:nom_tt_025C_1v80 0.0
nom_tt_025C_1v80: 0.0
%OL_END_REPORT
%OL_CREATE_REPORT violator_list.rpt

===========================================================================
Violator List
============================================================================
%OL_METRIC_I timing__hold_vio__count__corner:nom_tt_025C_1v80 0
%OL_METRIC_F timing__hold_r2r__ws__corner:nom_tt_025C_1v80 inf
%OL_METRIC_I timing__hold_r2r_vio__count__corner:nom_tt_025C_1v80 0
%OL_METRIC_I timing__setup_vio__count__corner:nom_tt_025C_1v80 0
%OL_METRIC_F timing__setup_r2r__ws__corner:nom_tt_025C_1v80 inf
%OL_METRIC_I timing__setup_r2r_vio__count__corner:nom_tt_025C_1v80 0
%OL_END_REPORT
%OL_CREATE_REPORT unpropagated.rpt
__VIRTUAL_CLK__
%OL_END_REPORT
%OL_CREATE_REPORT clock.rpt
Clock: __VIRTUAL_CLK__
Sources: 
Generated: no
Virtual: yes
Propagated: no
Period: 25.000000

===========================================================================
report_clock_properties
============================================================================
Clock                   Period          Waveform
----------------------------------------------------
__VIRTUAL_CLK__      25.000000    0.000000 12.500000

===========================================================================
report_clock_latency
============================================================================
Clock __VIRTUAL_CLK__


===========================================================================
report_clock_min_period
============================================================================
__VIRTUAL_CLK__ period_min = 0.00 fmax = inf
%OL_END_REPORT
Writing SDF files for all corners…
