
===========================================================================
report_checks -unconstrained
===========================================================================
======================= min_tt_025C_1v80 Corner ===================================

Startpoint: ALU_control[0] (input port clocked by __VIRTUAL_CLK__)
Endpoint: zero (output port clocked by __VIRTUAL_CLK__)
Path Group: __VIRTUAL_CLK__
Path Type: max

Fanout         Cap        Slew       Delay        Time   Description
---------------------------------------------------------------------------------------------
                      0.000000    0.000000    0.000000   clock __VIRTUAL_CLK__ (rise edge)
                                  0.000000    0.000000   clock network delay (ideal)
                                  5.000000    5.000000 ^ input external delay
     1    0.003005    0.020613    0.011020    5.011020 ^ ALU_control[0] (in)
                                                         ALU_control[0] (net)
                      0.020613    0.000000    5.011020 ^ input1/A (sky130_fd_sc_hd__clkbuf_1)
     1    0.003656    0.053408    0.079038    5.090058 ^ input1/X (sky130_fd_sc_hd__clkbuf_1)
                                                         net1 (net)
                      0.053408    0.000052    5.090109 ^ fanout106/A (sky130_fd_sc_hd__buf_2)
    10    0.048775    0.238189    0.248738    5.338847 ^ fanout106/X (sky130_fd_sc_hd__buf_2)
                                                         net106 (net)
                      0.238189    0.000231    5.339078 ^ fanout104/A (sky130_fd_sc_hd__buf_2)
    10    0.036153    0.179332    0.264294    5.603372 ^ fanout104/X (sky130_fd_sc_hd__buf_2)
                                                         net104 (net)
                      0.179332    0.000330    5.603703 ^ _418_/D_N (sky130_fd_sc_hd__or4b_1)
     1    0.006461    0.105390    0.484321    6.088024 v _418_/X (sky130_fd_sc_hd__or4b_1)
                                                         _372_ (net)
                      0.105390    0.000141    6.088165 v fanout57/A (sky130_fd_sc_hd__buf_2)
     8    0.043871    0.107237    0.223767    6.311932 v fanout57/X (sky130_fd_sc_hd__buf_2)
                                                         net57 (net)
                      0.107249    0.001194    6.313126 v fanout56/A (sky130_fd_sc_hd__buf_2)
    10    0.038289    0.095504    0.215029    6.528155 v fanout56/X (sky130_fd_sc_hd__buf_2)
                                                         net56 (net)
                      0.095504    0.000273    6.528428 v _554_/B1 (sky130_fd_sc_hd__o31a_1)
     1    0.005527    0.059185    0.132887    6.661315 v _554_/X (sky130_fd_sc_hd__o31a_1)
                                                         _127_ (net)
                      0.059185    0.000067    6.661381 v _555_/B (sky130_fd_sc_hd__xnor2_1)
     3    0.012348    0.303462    0.275867    6.937248 ^ _555_/Y (sky130_fd_sc_hd__xnor2_1)
                                                         _128_ (net)
                      0.303462    0.000148    6.937397 ^ _557_/B (sky130_fd_sc_hd__xnor2_1)
     3    0.008511    0.098997    0.150941    7.088337 v _557_/Y (sky130_fd_sc_hd__xnor2_1)
                                                         _130_ (net)
                      0.098997    0.000113    7.088450 v _598_/A (sky130_fd_sc_hd__or2_1)
     2    0.005667    0.060986    0.257897    7.346347 v _598_/X (sky130_fd_sc_hd__or2_1)
                                                         _169_ (net)
                      0.060986    0.000036    7.346383 v _600_/C (sky130_fd_sc_hd__or4_2)
     4    0.018098    0.152813    0.695291    8.041675 v _600_/X (sky130_fd_sc_hd__or4_2)
                                                         _171_ (net)
                      0.152813    0.000632    8.042307 v _610_/A1 (sky130_fd_sc_hd__a21o_1)
     3    0.007423    0.052935    0.214987    8.257294 v _610_/X (sky130_fd_sc_hd__a21o_1)
                                                         _181_ (net)
                      0.052935    0.000050    8.257343 v _623_/A1 (sky130_fd_sc_hd__a211o_1)
     2    0.005922    0.062171    0.270926    8.528269 v _623_/X (sky130_fd_sc_hd__a211o_1)
                                                         net51 (net)
                      0.062171    0.000083    8.528352 v _765_/C (sky130_fd_sc_hd__or4b_1)
     1    0.009855    0.125425    0.528400    9.056751 v _765_/X (sky130_fd_sc_hd__or4b_1)
                                                         _328_ (net)
                      0.125425    0.000186    9.056937 v _767_/C (sky130_fd_sc_hd__nor4b_1)
     1    0.006297    0.365900    0.366198    9.423135 ^ _767_/Y (sky130_fd_sc_hd__nor4b_1)
                                                         _330_ (net)
                      0.365900    0.000187    9.423322 ^ _768_/D (sky130_fd_sc_hd__and4b_1)
     1    0.002281    0.053670    0.234212    9.657534 ^ _768_/X (sky130_fd_sc_hd__and4b_1)
                                                         net53 (net)
                      0.053670    0.000020    9.657554 ^ output53/A (sky130_fd_sc_hd__buf_2)
     1    0.034507    0.171266    0.202254    9.859808 ^ output53/X (sky130_fd_sc_hd__buf_2)
                                                         zero (net)
                      0.171266    0.000409    9.860218 ^ zero (out)
                                              9.860218   data arrival time

                      0.000000   25.000000   25.000000   clock __VIRTUAL_CLK__ (rise edge)
                                  0.000000   25.000000   clock network delay (ideal)
                                 -0.250000   24.750000   clock uncertainty
                                  0.000000   24.750000   clock reconvergence pessimism
                                 -5.000000   19.750000   output external delay
                                             19.750000   data required time
---------------------------------------------------------------------------------------------
                                             19.750000   data required time
                                             -9.860218   data arrival time
---------------------------------------------------------------------------------------------
                                              9.889782   slack (MET)




===========================================================================
report_checks --slack_max -0.01
============================================================================
======================= min_tt_025C_1v80 Corner ===================================

No paths found.


===========================================================================
 report_check_types -max_slew -max_cap -max_fanout -violators
============================================================================
======================= min_tt_025C_1v80 Corner ===================================



===========================================================================
report_parasitic_annotation -report_unannotated
============================================================================
Found 0 unannotated drivers.
Found 0 partially unannotated drivers.

===========================================================================
max slew violation count 0
max fanout violation count 0
max cap violation count 0
============================================================================

===========================================================================
check_setup -verbose -unconstrained_endpoints -multiple_clock -no_clock -no_input_delay -loops -generated_clocks
===========================================================================
