
===========================================================================
report_checks -path_delay max (Setup)
============================================================================
======================= min_tt_025C_1v80 Corner ===================================

Startpoint: ALU_control[0] (input port clocked by __VIRTUAL_CLK__)
Endpoint: zero (output port clocked by __VIRTUAL_CLK__)
Path Group: __VIRTUAL_CLK__
Path Type: max

Fanout         Cap        Slew       Delay        Time   Description
---------------------------------------------------------------------------------------------
                      0.000000    0.000000    0.000000   clock __VIRTUAL_CLK__ (rise edge)
                                  0.000000    0.000000   clock network delay (ideal)
                                  5.000000    5.000000 ^ input external delay
     1    0.003005    0.020613    0.011020    5.011020 ^ ALU_control[0] (in)
                                                         ALU_control[0] (net)
                      0.020613    0.000000    5.011020 ^ input1/A (sky130_fd_sc_hd__clkbuf_1)
     1    0.003656    0.053408    0.079038    5.090058 ^ input1/X (sky130_fd_sc_hd__clkbuf_1)
                                                         net1 (net)
                      0.053408    0.000052    5.090109 ^ fanout106/A (sky130_fd_sc_hd__buf_2)
    10    0.048775    0.238189    0.248738    5.338847 ^ fanout106/X (sky130_fd_sc_hd__buf_2)
                                                         net106 (net)
                      0.238189    0.000231    5.339078 ^ fanout104/A (sky130_fd_sc_hd__buf_2)
    10    0.036153    0.179332    0.264294    5.603372 ^ fanout104/X (sky130_fd_sc_hd__buf_2)
                                                         net104 (net)
                      0.179332    0.000330    5.603703 ^ _418_/D_N (sky130_fd_sc_hd__or4b_1)
     1    0.006461    0.105390    0.484321    6.088024 v _418_/X (sky130_fd_sc_hd__or4b_1)
                                                         _372_ (net)
                      0.105390    0.000141    6.088165 v fanout57/A (sky130_fd_sc_hd__buf_2)
     8    0.043871    0.107237    0.223767    6.311932 v fanout57/X (sky130_fd_sc_hd__buf_2)
                                                         net57 (net)
                      0.107249    0.001194    6.313126 v fanout56/A (sky130_fd_sc_hd__buf_2)
    10    0.038289    0.095504    0.215029    6.528155 v fanout56/X (sky130_fd_sc_hd__buf_2)
                                                         net56 (net)
                      0.095504    0.000273    6.528428 v _554_/B1 (sky130_fd_sc_hd__o31a_1)
     1    0.005527    0.059185    0.132887    6.661315 v _554_/X (sky130_fd_sc_hd__o31a_1)
                                                         _127_ (net)
                      0.059185    0.000067    6.661381 v _555_/B (sky130_fd_sc_hd__xnor2_1)
     3    0.012348    0.303462    0.275867    6.937248 ^ _555_/Y (sky130_fd_sc_hd__xnor2_1)
                                                         _128_ (net)
                      0.303462    0.000148    6.937397 ^ _557_/B (sky130_fd_sc_hd__xnor2_1)
     3    0.008511    0.098997    0.150941    7.088337 v _557_/Y (sky130_fd_sc_hd__xnor2_1)
                                                         _130_ (net)
                      0.098997    0.000113    7.088450 v _598_/A (sky130_fd_sc_hd__or2_1)
     2    0.005667    0.060986    0.257897    7.346347 v _598_/X (sky130_fd_sc_hd__or2_1)
                                                         _169_ (net)
                      0.060986    0.000036    7.346383 v _600_/C (sky130_fd_sc_hd__or4_2)
     4    0.018098    0.152813    0.695291    8.041675 v _600_/X (sky130_fd_sc_hd__or4_2)
                                                         _171_ (net)
                      0.152813    0.000632    8.042307 v _610_/A1 (sky130_fd_sc_hd__a21o_1)
     3    0.007423    0.052935    0.214987    8.257294 v _610_/X (sky130_fd_sc_hd__a21o_1)
                                                         _181_ (net)
                      0.052935    0.000050    8.257343 v _623_/A1 (sky130_fd_sc_hd__a211o_1)
     2    0.005922    0.062171    0.270926    8.528269 v _623_/X (sky130_fd_sc_hd__a211o_1)
                                                         net51 (net)
                      0.062171    0.000083    8.528352 v _765_/C (sky130_fd_sc_hd__or4b_1)
     1    0.009855    0.125425    0.528400    9.056751 v _765_/X (sky130_fd_sc_hd__or4b_1)
                                                         _328_ (net)
                      0.125425    0.000186    9.056937 v _767_/C (sky130_fd_sc_hd__nor4b_1)
     1    0.006297    0.365900    0.366198    9.423135 ^ _767_/Y (sky130_fd_sc_hd__nor4b_1)
                                                         _330_ (net)
                      0.365900    0.000187    9.423322 ^ _768_/D (sky130_fd_sc_hd__and4b_1)
     1    0.002281    0.053670    0.234212    9.657534 ^ _768_/X (sky130_fd_sc_hd__and4b_1)
                                                         net53 (net)
                      0.053670    0.000020    9.657554 ^ output53/A (sky130_fd_sc_hd__buf_2)
     1    0.034507    0.171266    0.202254    9.859808 ^ output53/X (sky130_fd_sc_hd__buf_2)
                                                         zero (net)
                      0.171266    0.000409    9.860218 ^ zero (out)
                                              9.860218   data arrival time

                      0.000000   25.000000   25.000000   clock __VIRTUAL_CLK__ (rise edge)
                                  0.000000   25.000000   clock network delay (ideal)
                                 -0.250000   24.750000   clock uncertainty
                                  0.000000   24.750000   clock reconvergence pessimism
                                 -5.000000   19.750000   output external delay
                                             19.750000   data required time
---------------------------------------------------------------------------------------------
                                             19.750000   data required time
                                             -9.860218   data arrival time
---------------------------------------------------------------------------------------------
                                              9.889782   slack (MET)


Startpoint: ALU_control[0] (input port clocked by __VIRTUAL_CLK__)
Endpoint: ALU_result[15] (output port clocked by __VIRTUAL_CLK__)
Path Group: __VIRTUAL_CLK__
Path Type: max

Fanout         Cap        Slew       Delay        Time   Description
---------------------------------------------------------------------------------------------
                      0.000000    0.000000    0.000000   clock __VIRTUAL_CLK__ (rise edge)
                                  0.000000    0.000000   clock network delay (ideal)
                                  5.000000    5.000000 ^ input external delay
     1    0.003005    0.020613    0.011020    5.011020 ^ ALU_control[0] (in)
                                                         ALU_control[0] (net)
                      0.020613    0.000000    5.011020 ^ input1/A (sky130_fd_sc_hd__clkbuf_1)
     1    0.003656    0.053408    0.079038    5.090058 ^ input1/X (sky130_fd_sc_hd__clkbuf_1)
                                                         net1 (net)
                      0.053408    0.000052    5.090109 ^ fanout106/A (sky130_fd_sc_hd__buf_2)
    10    0.048775    0.238189    0.248738    5.338847 ^ fanout106/X (sky130_fd_sc_hd__buf_2)
                                                         net106 (net)
                      0.238189    0.000231    5.339078 ^ fanout104/A (sky130_fd_sc_hd__buf_2)
    10    0.036153    0.179332    0.264294    5.603372 ^ fanout104/X (sky130_fd_sc_hd__buf_2)
                                                         net104 (net)
                      0.179332    0.000330    5.603703 ^ _418_/D_N (sky130_fd_sc_hd__or4b_1)
     1    0.006461    0.105390    0.484321    6.088024 v _418_/X (sky130_fd_sc_hd__or4b_1)
                                                         _372_ (net)
                      0.105390    0.000141    6.088165 v fanout57/A (sky130_fd_sc_hd__buf_2)
     8    0.043871    0.107237    0.223767    6.311932 v fanout57/X (sky130_fd_sc_hd__buf_2)
                                                         net57 (net)
                      0.107249    0.001194    6.313126 v fanout56/A (sky130_fd_sc_hd__buf_2)
    10    0.038289    0.095504    0.215029    6.528155 v fanout56/X (sky130_fd_sc_hd__buf_2)
                                                         net56 (net)
                      0.095504    0.000273    6.528428 v _554_/B1 (sky130_fd_sc_hd__o31a_1)
     1    0.005527    0.059185    0.132887    6.661315 v _554_/X (sky130_fd_sc_hd__o31a_1)
                                                         _127_ (net)
                      0.059185    0.000067    6.661381 v _555_/B (sky130_fd_sc_hd__xnor2_1)
     3    0.012348    0.303462    0.275867    6.937248 ^ _555_/Y (sky130_fd_sc_hd__xnor2_1)
                                                         _128_ (net)
                      0.303462    0.000148    6.937397 ^ _557_/B (sky130_fd_sc_hd__xnor2_1)
     3    0.008511    0.098997    0.150941    7.088337 v _557_/Y (sky130_fd_sc_hd__xnor2_1)
                                                         _130_ (net)
                      0.098997    0.000113    7.088450 v _598_/A (sky130_fd_sc_hd__or2_1)
     2    0.005667    0.060986    0.257897    7.346347 v _598_/X (sky130_fd_sc_hd__or2_1)
                                                         _169_ (net)
                      0.060986    0.000036    7.346383 v _600_/C (sky130_fd_sc_hd__or4_2)
     4    0.018098    0.152813    0.695291    8.041675 v _600_/X (sky130_fd_sc_hd__or4_2)
                                                         _171_ (net)
                      0.152813    0.000625    8.042299 v _680_/A1 (sky130_fd_sc_hd__a211o_1)
     2    0.009213    0.077099    0.328430    8.370729 v _680_/X (sky130_fd_sc_hd__a211o_1)
                                                         _247_ (net)
                      0.077099    0.000239    8.370968 v _689_/A1 (sky130_fd_sc_hd__a21o_1)
     5    0.013622    0.076981    0.209006    8.579974 v _689_/X (sky130_fd_sc_hd__a21o_1)
                                                         _256_ (net)
                      0.076981    0.000170    8.580144 v _731_/A1 (sky130_fd_sc_hd__a211o_1)
     3    0.007323    0.069263    0.288639    8.868783 v _731_/X (sky130_fd_sc_hd__a211o_1)
                                                         _296_ (net)
                      0.069263    0.000048    8.868832 v _750_/B (sky130_fd_sc_hd__and3_1)
     1    0.001955    0.032866    0.163311    9.032143 v _750_/X (sky130_fd_sc_hd__and3_1)
                                                         _314_ (net)
                      0.032866    0.000018    9.032160 v _752_/B (sky130_fd_sc_hd__or3_1)
     2    0.004479    0.074346    0.349538    9.381699 v _752_/X (sky130_fd_sc_hd__or3_1)
                                                         _316_ (net)
                      0.074346    0.000032    9.381730 v _762_/A (sky130_fd_sc_hd__nand2_1)
     1    0.002731    0.043546    0.065262    9.446992 ^ _762_/Y (sky130_fd_sc_hd__nand2_1)
                                                         net43 (net)
                      0.043546    0.000032    9.447024 ^ output43/A (sky130_fd_sc_hd__buf_2)
     1    0.034495    0.171184    0.198342    9.645366 ^ output43/X (sky130_fd_sc_hd__buf_2)
                                                         ALU_result[15] (net)
                      0.171184    0.000409    9.645775 ^ ALU_result[15] (out)
                                              9.645775   data arrival time

                      0.000000   25.000000   25.000000   clock __VIRTUAL_CLK__ (rise edge)
                                  0.000000   25.000000   clock network delay (ideal)
                                 -0.250000   24.750000   clock uncertainty
                                  0.000000   24.750000   clock reconvergence pessimism
                                 -5.000000   19.750000   output external delay
                                             19.750000   data required time
---------------------------------------------------------------------------------------------
                                             19.750000   data required time
                                             -9.645775   data arrival time
---------------------------------------------------------------------------------------------
                                             10.104224   slack (MET)


Startpoint: ALU_control[0] (input port clocked by __VIRTUAL_CLK__)
Endpoint: ALU_result[14] (output port clocked by __VIRTUAL_CLK__)
Path Group: __VIRTUAL_CLK__
Path Type: max

Fanout         Cap        Slew       Delay        Time   Description
---------------------------------------------------------------------------------------------
                      0.000000    0.000000    0.000000   clock __VIRTUAL_CLK__ (rise edge)
                                  0.000000    0.000000   clock network delay (ideal)
                                  5.000000    5.000000 ^ input external delay
     1    0.003005    0.020613    0.011020    5.011020 ^ ALU_control[0] (in)
                                                         ALU_control[0] (net)
                      0.020613    0.000000    5.011020 ^ input1/A (sky130_fd_sc_hd__clkbuf_1)
     1    0.003656    0.053408    0.079038    5.090058 ^ input1/X (sky130_fd_sc_hd__clkbuf_1)
                                                         net1 (net)
                      0.053408    0.000052    5.090109 ^ fanout106/A (sky130_fd_sc_hd__buf_2)
    10    0.048775    0.238189    0.248738    5.338847 ^ fanout106/X (sky130_fd_sc_hd__buf_2)
                                                         net106 (net)
                      0.238189    0.000231    5.339078 ^ fanout104/A (sky130_fd_sc_hd__buf_2)
    10    0.036153    0.179332    0.264294    5.603372 ^ fanout104/X (sky130_fd_sc_hd__buf_2)
                                                         net104 (net)
                      0.179332    0.000330    5.603703 ^ _418_/D_N (sky130_fd_sc_hd__or4b_1)
     1    0.006461    0.105390    0.484321    6.088024 v _418_/X (sky130_fd_sc_hd__or4b_1)
                                                         _372_ (net)
                      0.105390    0.000141    6.088165 v fanout57/A (sky130_fd_sc_hd__buf_2)
     8    0.043871    0.107237    0.223767    6.311932 v fanout57/X (sky130_fd_sc_hd__buf_2)
                                                         net57 (net)
                      0.107249    0.001194    6.313126 v fanout56/A (sky130_fd_sc_hd__buf_2)
    10    0.038289    0.095504    0.215029    6.528155 v fanout56/X (sky130_fd_sc_hd__buf_2)
                                                         net56 (net)
                      0.095504    0.000273    6.528428 v _554_/B1 (sky130_fd_sc_hd__o31a_1)
     1    0.005527    0.059185    0.132887    6.661315 v _554_/X (sky130_fd_sc_hd__o31a_1)
                                                         _127_ (net)
                      0.059185    0.000067    6.661381 v _555_/B (sky130_fd_sc_hd__xnor2_1)
     3    0.012348    0.303462    0.275867    6.937248 ^ _555_/Y (sky130_fd_sc_hd__xnor2_1)
                                                         _128_ (net)
                      0.303462    0.000148    6.937397 ^ _557_/B (sky130_fd_sc_hd__xnor2_1)
     3    0.008511    0.098997    0.150941    7.088337 v _557_/Y (sky130_fd_sc_hd__xnor2_1)
                                                         _130_ (net)
                      0.098997    0.000113    7.088450 v _598_/A (sky130_fd_sc_hd__or2_1)
     2    0.005667    0.060986    0.257897    7.346347 v _598_/X (sky130_fd_sc_hd__or2_1)
                                                         _169_ (net)
                      0.060986    0.000036    7.346383 v _600_/C (sky130_fd_sc_hd__or4_2)
     4    0.018098    0.152813    0.695291    8.041675 v _600_/X (sky130_fd_sc_hd__or4_2)
                                                         _171_ (net)
                      0.152813    0.000625    8.042299 v _680_/A1 (sky130_fd_sc_hd__a211o_1)
     2    0.009213    0.077099    0.328430    8.370729 v _680_/X (sky130_fd_sc_hd__a211o_1)
                                                         _247_ (net)
                      0.077099    0.000239    8.370968 v _689_/A1 (sky130_fd_sc_hd__a21o_1)
     5    0.013622    0.076981    0.209006    8.579974 v _689_/X (sky130_fd_sc_hd__a21o_1)
                                                         _256_ (net)
                      0.076981    0.000170    8.580144 v _731_/A1 (sky130_fd_sc_hd__a211o_1)
     3    0.007323    0.069263    0.288639    8.868783 v _731_/X (sky130_fd_sc_hd__a211o_1)
                                                         _296_ (net)
                      0.069263    0.000026    8.868809 v _744_/A2 (sky130_fd_sc_hd__a31o_1)
     2    0.004921    0.046124    0.220108    9.088918 v _744_/X (sky130_fd_sc_hd__a31o_1)
                                                         net42 (net)
                      0.046124    0.000043    9.088960 v output42/A (sky130_fd_sc_hd__buf_2)
     1    0.034417    0.089708    0.181071    9.270031 v output42/X (sky130_fd_sc_hd__buf_2)
                                                         ALU_result[14] (net)
                      0.089709    0.000397    9.270429 v ALU_result[14] (out)
                                              9.270429   data arrival time

                      0.000000   25.000000   25.000000   clock __VIRTUAL_CLK__ (rise edge)
                                  0.000000   25.000000   clock network delay (ideal)
                                 -0.250000   24.750000   clock uncertainty
                                  0.000000   24.750000   clock reconvergence pessimism
                                 -5.000000   19.750000   output external delay
                                             19.750000   data required time
---------------------------------------------------------------------------------------------
                                             19.750000   data required time
                                             -9.270429   data arrival time
---------------------------------------------------------------------------------------------
                                             10.479571   slack (MET)


Startpoint: ALU_control[0] (input port clocked by __VIRTUAL_CLK__)
Endpoint: ALU_result[13] (output port clocked by __VIRTUAL_CLK__)
Path Group: __VIRTUAL_CLK__
Path Type: max

Fanout         Cap        Slew       Delay        Time   Description
---------------------------------------------------------------------------------------------
                      0.000000    0.000000    0.000000   clock __VIRTUAL_CLK__ (rise edge)
                                  0.000000    0.000000   clock network delay (ideal)
                                  5.000000    5.000000 ^ input external delay
     1    0.003005    0.020613    0.011020    5.011020 ^ ALU_control[0] (in)
                                                         ALU_control[0] (net)
                      0.020613    0.000000    5.011020 ^ input1/A (sky130_fd_sc_hd__clkbuf_1)
     1    0.003656    0.053408    0.079038    5.090058 ^ input1/X (sky130_fd_sc_hd__clkbuf_1)
                                                         net1 (net)
                      0.053408    0.000052    5.090109 ^ fanout106/A (sky130_fd_sc_hd__buf_2)
    10    0.048775    0.238189    0.248738    5.338847 ^ fanout106/X (sky130_fd_sc_hd__buf_2)
                                                         net106 (net)
                      0.238189    0.000231    5.339078 ^ fanout104/A (sky130_fd_sc_hd__buf_2)
    10    0.036153    0.179332    0.264294    5.603372 ^ fanout104/X (sky130_fd_sc_hd__buf_2)
                                                         net104 (net)
                      0.179332    0.000330    5.603703 ^ _418_/D_N (sky130_fd_sc_hd__or4b_1)
     1    0.006461    0.105390    0.484321    6.088024 v _418_/X (sky130_fd_sc_hd__or4b_1)
                                                         _372_ (net)
                      0.105390    0.000141    6.088165 v fanout57/A (sky130_fd_sc_hd__buf_2)
     8    0.043871    0.107237    0.223767    6.311932 v fanout57/X (sky130_fd_sc_hd__buf_2)
                                                         net57 (net)
                      0.107249    0.001194    6.313126 v fanout56/A (sky130_fd_sc_hd__buf_2)
    10    0.038289    0.095504    0.215029    6.528155 v fanout56/X (sky130_fd_sc_hd__buf_2)
                                                         net56 (net)
                      0.095504    0.000273    6.528428 v _554_/B1 (sky130_fd_sc_hd__o31a_1)
     1    0.005527    0.059185    0.132887    6.661315 v _554_/X (sky130_fd_sc_hd__o31a_1)
                                                         _127_ (net)
                      0.059185    0.000067    6.661381 v _555_/B (sky130_fd_sc_hd__xnor2_1)
     3    0.012348    0.303462    0.275867    6.937248 ^ _555_/Y (sky130_fd_sc_hd__xnor2_1)
                                                         _128_ (net)
                      0.303462    0.000148    6.937397 ^ _557_/B (sky130_fd_sc_hd__xnor2_1)
     3    0.008511    0.098997    0.150941    7.088337 v _557_/Y (sky130_fd_sc_hd__xnor2_1)
                                                         _130_ (net)
                      0.098997    0.000113    7.088450 v _598_/A (sky130_fd_sc_hd__or2_1)
     2    0.005667    0.060986    0.257897    7.346347 v _598_/X (sky130_fd_sc_hd__or2_1)
                                                         _169_ (net)
                      0.060986    0.000036    7.346383 v _600_/C (sky130_fd_sc_hd__or4_2)
     4    0.018098    0.152813    0.695291    8.041675 v _600_/X (sky130_fd_sc_hd__or4_2)
                                                         _171_ (net)
                      0.152813    0.000625    8.042299 v _680_/A1 (sky130_fd_sc_hd__a211o_1)
     2    0.009213    0.077099    0.328430    8.370729 v _680_/X (sky130_fd_sc_hd__a211o_1)
                                                         _247_ (net)
                      0.077099    0.000239    8.370968 v _689_/A1 (sky130_fd_sc_hd__a21o_1)
     5    0.013622    0.076981    0.209006    8.579974 v _689_/X (sky130_fd_sc_hd__a21o_1)
                                                         _256_ (net)
                      0.076981    0.000153    8.580127 v _711_/A2 (sky130_fd_sc_hd__a31o_1)
     1    0.002553    0.035551    0.209579    8.789706 v _711_/X (sky130_fd_sc_hd__a31o_1)
                                                         _277_ (net)
                      0.035551    0.000021    8.789727 v _723_/A2 (sky130_fd_sc_hd__o21ai_1)
     2    0.007690    0.180494    0.171902    8.961630 ^ _723_/Y (sky130_fd_sc_hd__o21ai_1)
                                                         net41 (net)
                      0.180494    0.000035    8.961664 ^ output41/A (sky130_fd_sc_hd__buf_2)
     1    0.034811    0.173151    0.244277    9.205941 ^ output41/X (sky130_fd_sc_hd__buf_2)
                                                         ALU_result[13] (net)
                      0.173151    0.000449    9.206389 ^ ALU_result[13] (out)
                                              9.206389   data arrival time

                      0.000000   25.000000   25.000000   clock __VIRTUAL_CLK__ (rise edge)
                                  0.000000   25.000000   clock network delay (ideal)
                                 -0.250000   24.750000   clock uncertainty
                                  0.000000   24.750000   clock reconvergence pessimism
                                 -5.000000   19.750000   output external delay
                                             19.750000   data required time
---------------------------------------------------------------------------------------------
                                             19.750000   data required time
                                             -9.206389   data arrival time
---------------------------------------------------------------------------------------------
                                             10.543610   slack (MET)


Startpoint: ALU_control[0] (input port clocked by __VIRTUAL_CLK__)
Endpoint: ALU_result[12] (output port clocked by __VIRTUAL_CLK__)
Path Group: __VIRTUAL_CLK__
Path Type: max

Fanout         Cap        Slew       Delay        Time   Description
---------------------------------------------------------------------------------------------
                      0.000000    0.000000    0.000000   clock __VIRTUAL_CLK__ (rise edge)
                                  0.000000    0.000000   clock network delay (ideal)
                                  5.000000    5.000000 ^ input external delay
     1    0.003005    0.020613    0.011020    5.011020 ^ ALU_control[0] (in)
                                                         ALU_control[0] (net)
                      0.020613    0.000000    5.011020 ^ input1/A (sky130_fd_sc_hd__clkbuf_1)
     1    0.003656    0.053408    0.079038    5.090058 ^ input1/X (sky130_fd_sc_hd__clkbuf_1)
                                                         net1 (net)
                      0.053408    0.000052    5.090109 ^ fanout106/A (sky130_fd_sc_hd__buf_2)
    10    0.048775    0.238189    0.248738    5.338847 ^ fanout106/X (sky130_fd_sc_hd__buf_2)
                                                         net106 (net)
                      0.238189    0.000231    5.339078 ^ fanout104/A (sky130_fd_sc_hd__buf_2)
    10    0.036153    0.179332    0.264294    5.603372 ^ fanout104/X (sky130_fd_sc_hd__buf_2)
                                                         net104 (net)
                      0.179332    0.000330    5.603703 ^ _418_/D_N (sky130_fd_sc_hd__or4b_1)
     1    0.006461    0.105390    0.484321    6.088024 v _418_/X (sky130_fd_sc_hd__or4b_1)
                                                         _372_ (net)
                      0.105390    0.000141    6.088165 v fanout57/A (sky130_fd_sc_hd__buf_2)
     8    0.043871    0.107237    0.223767    6.311932 v fanout57/X (sky130_fd_sc_hd__buf_2)
                                                         net57 (net)
                      0.107249    0.001194    6.313126 v fanout56/A (sky130_fd_sc_hd__buf_2)
    10    0.038289    0.095504    0.215029    6.528155 v fanout56/X (sky130_fd_sc_hd__buf_2)
                                                         net56 (net)
                      0.095504    0.000273    6.528428 v _554_/B1 (sky130_fd_sc_hd__o31a_1)
     1    0.005527    0.059185    0.132887    6.661315 v _554_/X (sky130_fd_sc_hd__o31a_1)
                                                         _127_ (net)
                      0.059185    0.000067    6.661381 v _555_/B (sky130_fd_sc_hd__xnor2_1)
     3    0.012348    0.303462    0.275867    6.937248 ^ _555_/Y (sky130_fd_sc_hd__xnor2_1)
                                                         _128_ (net)
                      0.303462    0.000148    6.937397 ^ _557_/B (sky130_fd_sc_hd__xnor2_1)
     3    0.008511    0.098997    0.150941    7.088337 v _557_/Y (sky130_fd_sc_hd__xnor2_1)
                                                         _130_ (net)
                      0.098997    0.000113    7.088450 v _598_/A (sky130_fd_sc_hd__or2_1)
     2    0.005667    0.060986    0.257897    7.346347 v _598_/X (sky130_fd_sc_hd__or2_1)
                                                         _169_ (net)
                      0.060986    0.000036    7.346383 v _600_/C (sky130_fd_sc_hd__or4_2)
     4    0.018098    0.152813    0.695291    8.041675 v _600_/X (sky130_fd_sc_hd__or4_2)
                                                         _171_ (net)
                      0.152813    0.000625    8.042299 v _680_/A1 (sky130_fd_sc_hd__a211o_1)
     2    0.009213    0.077099    0.328430    8.370729 v _680_/X (sky130_fd_sc_hd__a211o_1)
                                                         _247_ (net)
                      0.077099    0.000243    8.370973 v _690_/A (sky130_fd_sc_hd__and3_1)
     1    0.001732    0.031977    0.145751    8.516724 v _690_/X (sky130_fd_sc_hd__and3_1)
                                                         _257_ (net)
                      0.031977    0.000014    8.516738 v _691_/A (sky130_fd_sc_hd__or3b_1)
     2    0.005464    0.080092    0.384672    8.901410 v _691_/X (sky130_fd_sc_hd__or3b_1)
                                                         _258_ (net)
                      0.080092    0.000066    8.901475 v _704_/A (sky130_fd_sc_hd__nand2_1)
     1    0.002188    0.039550    0.063675    8.965151 ^ _704_/Y (sky130_fd_sc_hd__nand2_1)
                                                         net40 (net)
                      0.039550    0.000020    8.965170 ^ output40/A (sky130_fd_sc_hd__buf_2)
     1    0.034541    0.171409    0.196963    9.162133 ^ output40/X (sky130_fd_sc_hd__buf_2)
                                                         ALU_result[12] (net)
                      0.171409    0.000410    9.162544 ^ ALU_result[12] (out)
                                              9.162544   data arrival time

                      0.000000   25.000000   25.000000   clock __VIRTUAL_CLK__ (rise edge)
                                  0.000000   25.000000   clock network delay (ideal)
                                 -0.250000   24.750000   clock uncertainty
                                  0.000000   24.750000   clock reconvergence pessimism
                                 -5.000000   19.750000   output external delay
                                             19.750000   data required time
---------------------------------------------------------------------------------------------
                                             19.750000   data required time
                                             -9.162544   data arrival time
---------------------------------------------------------------------------------------------
                                             10.587456   slack (MET)


Startpoint: ALU_control[0] (input port clocked by __VIRTUAL_CLK__)
Endpoint: ALU_result[9] (output port clocked by __VIRTUAL_CLK__)
Path Group: __VIRTUAL_CLK__
Path Type: max

Fanout         Cap        Slew       Delay        Time   Description
---------------------------------------------------------------------------------------------
                      0.000000    0.000000    0.000000   clock __VIRTUAL_CLK__ (rise edge)
                                  0.000000    0.000000   clock network delay (ideal)
                                  5.000000    5.000000 ^ input external delay
     1    0.003005    0.020613    0.011020    5.011020 ^ ALU_control[0] (in)
                                                         ALU_control[0] (net)
                      0.020613    0.000000    5.011020 ^ input1/A (sky130_fd_sc_hd__clkbuf_1)
     1    0.003656    0.053408    0.079038    5.090058 ^ input1/X (sky130_fd_sc_hd__clkbuf_1)
                                                         net1 (net)
                      0.053408    0.000052    5.090109 ^ fanout106/A (sky130_fd_sc_hd__buf_2)
    10    0.048775    0.238189    0.248738    5.338847 ^ fanout106/X (sky130_fd_sc_hd__buf_2)
                                                         net106 (net)
                      0.238189    0.000231    5.339078 ^ fanout104/A (sky130_fd_sc_hd__buf_2)
    10    0.036153    0.179332    0.264294    5.603372 ^ fanout104/X (sky130_fd_sc_hd__buf_2)
                                                         net104 (net)
                      0.179332    0.000330    5.603703 ^ _418_/D_N (sky130_fd_sc_hd__or4b_1)
     1    0.006461    0.105390    0.484321    6.088024 v _418_/X (sky130_fd_sc_hd__or4b_1)
                                                         _372_ (net)
                      0.105390    0.000141    6.088165 v fanout57/A (sky130_fd_sc_hd__buf_2)
     8    0.043871    0.107237    0.223767    6.311932 v fanout57/X (sky130_fd_sc_hd__buf_2)
                                                         net57 (net)
                      0.107249    0.001194    6.313126 v fanout56/A (sky130_fd_sc_hd__buf_2)
    10    0.038289    0.095504    0.215029    6.528155 v fanout56/X (sky130_fd_sc_hd__buf_2)
                                                         net56 (net)
                      0.095504    0.000273    6.528428 v _554_/B1 (sky130_fd_sc_hd__o31a_1)
     1    0.005527    0.059185    0.132887    6.661315 v _554_/X (sky130_fd_sc_hd__o31a_1)
                                                         _127_ (net)
                      0.059185    0.000067    6.661381 v _555_/B (sky130_fd_sc_hd__xnor2_1)
     3    0.012348    0.303462    0.275867    6.937248 ^ _555_/Y (sky130_fd_sc_hd__xnor2_1)
                                                         _128_ (net)
                      0.303462    0.000148    6.937397 ^ _557_/B (sky130_fd_sc_hd__xnor2_1)
     3    0.008511    0.098997    0.150941    7.088337 v _557_/Y (sky130_fd_sc_hd__xnor2_1)
                                                         _130_ (net)
                      0.098997    0.000113    7.088450 v _598_/A (sky130_fd_sc_hd__or2_1)
     2    0.005667    0.060986    0.257897    7.346347 v _598_/X (sky130_fd_sc_hd__or2_1)
                                                         _169_ (net)
                      0.060986    0.000036    7.346383 v _600_/C (sky130_fd_sc_hd__or4_2)
     4    0.018098    0.152813    0.695291    8.041675 v _600_/X (sky130_fd_sc_hd__or4_2)
                                                         _171_ (net)
                      0.152813    0.000632    8.042307 v _610_/A1 (sky130_fd_sc_hd__a21o_1)
     3    0.007423    0.052935    0.214987    8.257294 v _610_/X (sky130_fd_sc_hd__a21o_1)
                                                         _181_ (net)
                      0.052935    0.000019    8.257313 v _627_/B (sky130_fd_sc_hd__and3_1)
     1    0.002563    0.036737    0.159940    8.417252 v _627_/X (sky130_fd_sc_hd__and3_1)
                                                         _197_ (net)
                      0.036737    0.000011    8.417263 v _639_/A2 (sky130_fd_sc_hd__o31ai_1)
     2    0.008880    0.352770    0.345348    8.762610 ^ _639_/Y (sky130_fd_sc_hd__o31ai_1)
                                                         net52 (net)
                      0.352770    0.000174    8.762785 ^ output52/A (sky130_fd_sc_hd__buf_2)
     1    0.034726    0.173286    0.282707    9.045492 ^ output52/X (sky130_fd_sc_hd__buf_2)
                                                         ALU_result[9] (net)
                      0.173286    0.000436    9.045928 ^ ALU_result[9] (out)
                                              9.045928   data arrival time

                      0.000000   25.000000   25.000000   clock __VIRTUAL_CLK__ (rise edge)
                                  0.000000   25.000000   clock network delay (ideal)
                                 -0.250000   24.750000   clock uncertainty
                                  0.000000   24.750000   clock reconvergence pessimism
                                 -5.000000   19.750000   output external delay
                                             19.750000   data required time
---------------------------------------------------------------------------------------------
                                             19.750000   data required time
                                             -9.045928   data arrival time
---------------------------------------------------------------------------------------------
                                             10.704072   slack (MET)


Startpoint: ALU_control[0] (input port clocked by __VIRTUAL_CLK__)
Endpoint: ALU_result[11] (output port clocked by __VIRTUAL_CLK__)
Path Group: __VIRTUAL_CLK__
Path Type: max

Fanout         Cap        Slew       Delay        Time   Description
---------------------------------------------------------------------------------------------
                      0.000000    0.000000    0.000000   clock __VIRTUAL_CLK__ (rise edge)
                                  0.000000    0.000000   clock network delay (ideal)
                                  5.000000    5.000000 ^ input external delay
     1    0.003005    0.020613    0.011020    5.011020 ^ ALU_control[0] (in)
                                                         ALU_control[0] (net)
                      0.020613    0.000000    5.011020 ^ input1/A (sky130_fd_sc_hd__clkbuf_1)
     1    0.003656    0.053408    0.079038    5.090058 ^ input1/X (sky130_fd_sc_hd__clkbuf_1)
                                                         net1 (net)
                      0.053408    0.000052    5.090109 ^ fanout106/A (sky130_fd_sc_hd__buf_2)
    10    0.048775    0.238189    0.248738    5.338847 ^ fanout106/X (sky130_fd_sc_hd__buf_2)
                                                         net106 (net)
                      0.238189    0.000231    5.339078 ^ fanout104/A (sky130_fd_sc_hd__buf_2)
    10    0.036153    0.179332    0.264294    5.603372 ^ fanout104/X (sky130_fd_sc_hd__buf_2)
                                                         net104 (net)
                      0.179332    0.000330    5.603703 ^ _418_/D_N (sky130_fd_sc_hd__or4b_1)
     1    0.006461    0.105390    0.484321    6.088024 v _418_/X (sky130_fd_sc_hd__or4b_1)
                                                         _372_ (net)
                      0.105390    0.000141    6.088165 v fanout57/A (sky130_fd_sc_hd__buf_2)
     8    0.043871    0.107237    0.223767    6.311932 v fanout57/X (sky130_fd_sc_hd__buf_2)
                                                         net57 (net)
                      0.107249    0.001194    6.313126 v fanout56/A (sky130_fd_sc_hd__buf_2)
    10    0.038289    0.095504    0.215029    6.528155 v fanout56/X (sky130_fd_sc_hd__buf_2)
                                                         net56 (net)
                      0.095504    0.000273    6.528428 v _554_/B1 (sky130_fd_sc_hd__o31a_1)
     1    0.005527    0.059185    0.132887    6.661315 v _554_/X (sky130_fd_sc_hd__o31a_1)
                                                         _127_ (net)
                      0.059185    0.000067    6.661381 v _555_/B (sky130_fd_sc_hd__xnor2_1)
     3    0.012348    0.303462    0.275867    6.937248 ^ _555_/Y (sky130_fd_sc_hd__xnor2_1)
                                                         _128_ (net)
                      0.303462    0.000148    6.937397 ^ _557_/B (sky130_fd_sc_hd__xnor2_1)
     3    0.008511    0.098997    0.150941    7.088337 v _557_/Y (sky130_fd_sc_hd__xnor2_1)
                                                         _130_ (net)
                      0.098997    0.000113    7.088450 v _598_/A (sky130_fd_sc_hd__or2_1)
     2    0.005667    0.060986    0.257897    7.346347 v _598_/X (sky130_fd_sc_hd__or2_1)
                                                         _169_ (net)
                      0.060986    0.000036    7.346383 v _600_/C (sky130_fd_sc_hd__or4_2)
     4    0.018098    0.152813    0.695291    8.041675 v _600_/X (sky130_fd_sc_hd__or4_2)
                                                         _171_ (net)
                      0.152813    0.000607    8.042281 v _645_/A1 (sky130_fd_sc_hd__a21o_1)
     2    0.004795    0.041374    0.202977    8.245258 v _645_/X (sky130_fd_sc_hd__a21o_1)
                                                         _214_ (net)
                      0.041374    0.000028    8.245286 v _649_/A1 (sky130_fd_sc_hd__a21oi_1)
     3    0.009946    0.237176    0.216500    8.461785 ^ _649_/Y (sky130_fd_sc_hd__a21oi_1)
                                                         _218_ (net)
                      0.237176    0.000118    8.461904 ^ _667_/B (sky130_fd_sc_hd__or3_1)
     1    0.002989    0.041984    0.147154    8.609057 ^ _667_/X (sky130_fd_sc_hd__or3_1)
                                                         _235_ (net)
                      0.041984    0.000028    8.609085 ^ _678_/A3 (sky130_fd_sc_hd__a31o_1)
     2    0.005715    0.070522    0.153928    8.763014 ^ _678_/X (sky130_fd_sc_hd__a31o_1)
                                                         net39 (net)
                      0.070522    0.000053    8.763067 ^ output39/A (sky130_fd_sc_hd__buf_2)
     1    0.034774    0.172617    0.209305    8.972372 ^ output39/X (sky130_fd_sc_hd__buf_2)
                                                         ALU_result[11] (net)
                      0.172617    0.000471    8.972843 ^ ALU_result[11] (out)
                                              8.972843   data arrival time

                      0.000000   25.000000   25.000000   clock __VIRTUAL_CLK__ (rise edge)
                                  0.000000   25.000000   clock network delay (ideal)
                                 -0.250000   24.750000   clock uncertainty
                                  0.000000   24.750000   clock reconvergence pessimism
                                 -5.000000   19.750000   output external delay
                                             19.750000   data required time
---------------------------------------------------------------------------------------------
                                             19.750000   data required time
                                             -8.972843   data arrival time
---------------------------------------------------------------------------------------------
                                             10.777157   slack (MET)


Startpoint: ALU_control[0] (input port clocked by __VIRTUAL_CLK__)
Endpoint: ALU_result[10] (output port clocked by __VIRTUAL_CLK__)
Path Group: __VIRTUAL_CLK__
Path Type: max

Fanout         Cap        Slew       Delay        Time   Description
---------------------------------------------------------------------------------------------
                      0.000000    0.000000    0.000000   clock __VIRTUAL_CLK__ (rise edge)
                                  0.000000    0.000000   clock network delay (ideal)
                                  5.000000    5.000000 ^ input external delay
     1    0.003005    0.020613    0.011020    5.011020 ^ ALU_control[0] (in)
                                                         ALU_control[0] (net)
                      0.020613    0.000000    5.011020 ^ input1/A (sky130_fd_sc_hd__clkbuf_1)
     1    0.003656    0.053408    0.079038    5.090058 ^ input1/X (sky130_fd_sc_hd__clkbuf_1)
                                                         net1 (net)
                      0.053408    0.000052    5.090109 ^ fanout106/A (sky130_fd_sc_hd__buf_2)
    10    0.048775    0.238189    0.248738    5.338847 ^ fanout106/X (sky130_fd_sc_hd__buf_2)
                                                         net106 (net)
                      0.238189    0.000231    5.339078 ^ fanout104/A (sky130_fd_sc_hd__buf_2)
    10    0.036153    0.179332    0.264294    5.603372 ^ fanout104/X (sky130_fd_sc_hd__buf_2)
                                                         net104 (net)
                      0.179332    0.000330    5.603703 ^ _418_/D_N (sky130_fd_sc_hd__or4b_1)
     1    0.006461    0.105390    0.484321    6.088024 v _418_/X (sky130_fd_sc_hd__or4b_1)
                                                         _372_ (net)
                      0.105390    0.000141    6.088165 v fanout57/A (sky130_fd_sc_hd__buf_2)
     8    0.043871    0.107237    0.223767    6.311932 v fanout57/X (sky130_fd_sc_hd__buf_2)
                                                         net57 (net)
                      0.107249    0.001194    6.313126 v fanout56/A (sky130_fd_sc_hd__buf_2)
    10    0.038289    0.095504    0.215029    6.528155 v fanout56/X (sky130_fd_sc_hd__buf_2)
                                                         net56 (net)
                      0.095504    0.000273    6.528428 v _554_/B1 (sky130_fd_sc_hd__o31a_1)
     1    0.005527    0.059185    0.132887    6.661315 v _554_/X (sky130_fd_sc_hd__o31a_1)
                                                         _127_ (net)
                      0.059185    0.000067    6.661381 v _555_/B (sky130_fd_sc_hd__xnor2_1)
     3    0.012348    0.303462    0.275867    6.937248 ^ _555_/Y (sky130_fd_sc_hd__xnor2_1)
                                                         _128_ (net)
                      0.303462    0.000148    6.937397 ^ _557_/B (sky130_fd_sc_hd__xnor2_1)
     3    0.008511    0.098997    0.150941    7.088337 v _557_/Y (sky130_fd_sc_hd__xnor2_1)
                                                         _130_ (net)
                      0.098997    0.000113    7.088450 v _598_/A (sky130_fd_sc_hd__or2_1)
     2    0.005667    0.060986    0.257897    7.346347 v _598_/X (sky130_fd_sc_hd__or2_1)
                                                         _169_ (net)
                      0.060986    0.000036    7.346383 v _600_/C (sky130_fd_sc_hd__or4_2)
     4    0.018098    0.152813    0.695291    8.041675 v _600_/X (sky130_fd_sc_hd__or4_2)
                                                         _171_ (net)
                      0.152813    0.000607    8.042281 v _645_/A1 (sky130_fd_sc_hd__a21o_1)
     2    0.004795    0.041374    0.202977    8.245258 v _645_/X (sky130_fd_sc_hd__a21o_1)
                                                         _214_ (net)
                      0.041374    0.000016    8.245274 v _648_/B (sky130_fd_sc_hd__and3_1)
     1    0.003623    0.040607    0.161621    8.406895 v _648_/X (sky130_fd_sc_hd__and3_1)
                                                         _217_ (net)
                      0.040607    0.000032    8.406927 v _662_/A2 (sky130_fd_sc_hd__o31ai_1)
     2    0.005688    0.274604    0.278439    8.685367 ^ _662_/Y (sky130_fd_sc_hd__o31ai_1)
                                                         net38 (net)
                      0.274604    0.000077    8.685444 ^ output38/A (sky130_fd_sc_hd__buf_2)
     1    0.034568    0.172121    0.268937    8.954381 ^ output38/X (sky130_fd_sc_hd__buf_2)
                                                         ALU_result[10] (net)
                      0.172121    0.000422    8.954803 ^ ALU_result[10] (out)
                                              8.954803   data arrival time

                      0.000000   25.000000   25.000000   clock __VIRTUAL_CLK__ (rise edge)
                                  0.000000   25.000000   clock network delay (ideal)
                                 -0.250000   24.750000   clock uncertainty
                                  0.000000   24.750000   clock reconvergence pessimism
                                 -5.000000   19.750000   output external delay
                                             19.750000   data required time
---------------------------------------------------------------------------------------------
                                             19.750000   data required time
                                             -8.954803   data arrival time
---------------------------------------------------------------------------------------------
                                             10.795197   slack (MET)


Startpoint: ALU_control[0] (input port clocked by __VIRTUAL_CLK__)
Endpoint: ALU_result[8] (output port clocked by __VIRTUAL_CLK__)
Path Group: __VIRTUAL_CLK__
Path Type: max

Fanout         Cap        Slew       Delay        Time   Description
---------------------------------------------------------------------------------------------
                      0.000000    0.000000    0.000000   clock __VIRTUAL_CLK__ (rise edge)
                                  0.000000    0.000000   clock network delay (ideal)
                                  5.000000    5.000000 ^ input external delay
     1    0.003005    0.020613    0.011020    5.011020 ^ ALU_control[0] (in)
                                                         ALU_control[0] (net)
                      0.020613    0.000000    5.011020 ^ input1/A (sky130_fd_sc_hd__clkbuf_1)
     1    0.003656    0.053408    0.079038    5.090058 ^ input1/X (sky130_fd_sc_hd__clkbuf_1)
                                                         net1 (net)
                      0.053408    0.000052    5.090109 ^ fanout106/A (sky130_fd_sc_hd__buf_2)
    10    0.048775    0.238189    0.248738    5.338847 ^ fanout106/X (sky130_fd_sc_hd__buf_2)
                                                         net106 (net)
                      0.238189    0.000231    5.339078 ^ fanout104/A (sky130_fd_sc_hd__buf_2)
    10    0.036153    0.179332    0.264294    5.603372 ^ fanout104/X (sky130_fd_sc_hd__buf_2)
                                                         net104 (net)
                      0.179332    0.000330    5.603703 ^ _418_/D_N (sky130_fd_sc_hd__or4b_1)
     1    0.006461    0.105390    0.484321    6.088024 v _418_/X (sky130_fd_sc_hd__or4b_1)
                                                         _372_ (net)
                      0.105390    0.000141    6.088165 v fanout57/A (sky130_fd_sc_hd__buf_2)
     8    0.043871    0.107237    0.223767    6.311932 v fanout57/X (sky130_fd_sc_hd__buf_2)
                                                         net57 (net)
                      0.107249    0.001194    6.313126 v fanout56/A (sky130_fd_sc_hd__buf_2)
    10    0.038289    0.095504    0.215029    6.528155 v fanout56/X (sky130_fd_sc_hd__buf_2)
                                                         net56 (net)
                      0.095504    0.000273    6.528428 v _554_/B1 (sky130_fd_sc_hd__o31a_1)
     1    0.005527    0.059185    0.132887    6.661315 v _554_/X (sky130_fd_sc_hd__o31a_1)
                                                         _127_ (net)
                      0.059185    0.000067    6.661381 v _555_/B (sky130_fd_sc_hd__xnor2_1)
     3    0.012348    0.303462    0.275867    6.937248 ^ _555_/Y (sky130_fd_sc_hd__xnor2_1)
                                                         _128_ (net)
                      0.303462    0.000148    6.937397 ^ _557_/B (sky130_fd_sc_hd__xnor2_1)
     3    0.008511    0.098997    0.150941    7.088337 v _557_/Y (sky130_fd_sc_hd__xnor2_1)
                                                         _130_ (net)
                      0.098997    0.000113    7.088450 v _598_/A (sky130_fd_sc_hd__or2_1)
     2    0.005667    0.060986    0.257897    7.346347 v _598_/X (sky130_fd_sc_hd__or2_1)
                                                         _169_ (net)
                      0.060986    0.000036    7.346383 v _600_/C (sky130_fd_sc_hd__or4_2)
     4    0.018098    0.152813    0.695291    8.041675 v _600_/X (sky130_fd_sc_hd__or4_2)
                                                         _171_ (net)
                      0.152813    0.000632    8.042307 v _610_/A1 (sky130_fd_sc_hd__a21o_1)
     3    0.007423    0.052935    0.214987    8.257294 v _610_/X (sky130_fd_sc_hd__a21o_1)
                                                         _181_ (net)
                      0.052935    0.000050    8.257343 v _623_/A1 (sky130_fd_sc_hd__a211o_1)
     2    0.005922    0.062171    0.270926    8.528269 v _623_/X (sky130_fd_sc_hd__a211o_1)
                                                         net51 (net)
                      0.062171    0.000087    8.528356 v output51/A (sky130_fd_sc_hd__buf_2)
     1    0.034046    0.088800    0.187634    8.715990 v output51/X (sky130_fd_sc_hd__buf_2)
                                                         ALU_result[8] (net)
                      0.088800    0.000242    8.716232 v ALU_result[8] (out)
                                              8.716232   data arrival time

                      0.000000   25.000000   25.000000   clock __VIRTUAL_CLK__ (rise edge)
                                  0.000000   25.000000   clock network delay (ideal)
                                 -0.250000   24.750000   clock uncertainty
                                  0.000000   24.750000   clock reconvergence pessimism
                                 -5.000000   19.750000   output external delay
                                             19.750000   data required time
---------------------------------------------------------------------------------------------
                                             19.750000   data required time
                                             -8.716232   data arrival time
---------------------------------------------------------------------------------------------
                                             11.033767   slack (MET)


Startpoint: ALU_control[0] (input port clocked by __VIRTUAL_CLK__)
Endpoint: ALU_result[7] (output port clocked by __VIRTUAL_CLK__)
Path Group: __VIRTUAL_CLK__
Path Type: max

Fanout         Cap        Slew       Delay        Time   Description
---------------------------------------------------------------------------------------------
                      0.000000    0.000000    0.000000   clock __VIRTUAL_CLK__ (rise edge)
                                  0.000000    0.000000   clock network delay (ideal)
                                  5.000000    5.000000 ^ input external delay
     1    0.003005    0.020613    0.011020    5.011020 ^ ALU_control[0] (in)
                                                         ALU_control[0] (net)
                      0.020613    0.000000    5.011020 ^ input1/A (sky130_fd_sc_hd__clkbuf_1)
     1    0.003656    0.053408    0.079038    5.090058 ^ input1/X (sky130_fd_sc_hd__clkbuf_1)
                                                         net1 (net)
                      0.053408    0.000052    5.090109 ^ fanout106/A (sky130_fd_sc_hd__buf_2)
    10    0.048775    0.238189    0.248738    5.338847 ^ fanout106/X (sky130_fd_sc_hd__buf_2)
                                                         net106 (net)
                      0.238189    0.000231    5.339078 ^ fanout104/A (sky130_fd_sc_hd__buf_2)
    10    0.036153    0.179332    0.264294    5.603372 ^ fanout104/X (sky130_fd_sc_hd__buf_2)
                                                         net104 (net)
                      0.179332    0.000330    5.603703 ^ _418_/D_N (sky130_fd_sc_hd__or4b_1)
     1    0.006461    0.105390    0.484321    6.088024 v _418_/X (sky130_fd_sc_hd__or4b_1)
                                                         _372_ (net)
                      0.105390    0.000141    6.088165 v fanout57/A (sky130_fd_sc_hd__buf_2)
     8    0.043871    0.107237    0.223767    6.311932 v fanout57/X (sky130_fd_sc_hd__buf_2)
                                                         net57 (net)
                      0.107237    0.000248    6.312181 v _446_/B (sky130_fd_sc_hd__and2b_1)
     1    0.004670    0.041555    0.188155    6.500335 v _446_/X (sky130_fd_sc_hd__and2b_1)
                                                         _023_ (net)
                      0.041555    0.000040    6.500375 v _447_/B (sky130_fd_sc_hd__xnor2_1)
     2    0.010727    0.279259    0.244974    6.745348 ^ _447_/Y (sky130_fd_sc_hd__xnor2_1)
                                                         _024_ (net)
                      0.279259    0.000073    6.745422 ^ _449_/B (sky130_fd_sc_hd__xor2_2)
     4    0.013210    0.199187    0.234111    6.979533 ^ _449_/X (sky130_fd_sc_hd__xor2_2)
                                                         _026_ (net)
                      0.199187    0.000083    6.979616 ^ _509_/A2 (sky130_fd_sc_hd__a211oi_2)
     3    0.017652    0.106478    0.147871    7.127487 v _509_/Y (sky130_fd_sc_hd__a211oi_2)
                                                         _084_ (net)
                      0.106478    0.000316    7.127802 v _510_/C (sky130_fd_sc_hd__or3_2)
     5    0.015725    0.116346    0.489215    7.617017 v _510_/X (sky130_fd_sc_hd__or3_2)
                                                         _085_ (net)
                      0.116346    0.000261    7.617279 v _559_/A2 (sky130_fd_sc_hd__a311o_1)
     3    0.009496    0.085177    0.373652    7.990931 v _559_/X (sky130_fd_sc_hd__a311o_1)
                                                         _132_ (net)
                      0.085177    0.000120    7.991051 v _583_/A2 (sky130_fd_sc_hd__a21o_1)
     1    0.002500    0.031606    0.184757    8.175808 v _583_/X (sky130_fd_sc_hd__a21o_1)
                                                         _155_ (net)
                      0.031606    0.000011    8.175818 v _597_/A3 (sky130_fd_sc_hd__a31o_1)
     2    0.006567    0.053517    0.223272    8.399091 v _597_/X (sky130_fd_sc_hd__a31o_1)
                                                         net50 (net)
                      0.053517    0.000061    8.399152 v output50/A (sky130_fd_sc_hd__buf_2)
     1    0.033912    0.088468    0.183509    8.582661 v output50/X (sky130_fd_sc_hd__buf_2)
                                                         ALU_result[7] (net)
                      0.088468    0.000165    8.582827 v ALU_result[7] (out)
                                              8.582827   data arrival time

                      0.000000   25.000000   25.000000   clock __VIRTUAL_CLK__ (rise edge)
                                  0.000000   25.000000   clock network delay (ideal)
                                 -0.250000   24.750000   clock uncertainty
                                  0.000000   24.750000   clock reconvergence pessimism
                                 -5.000000   19.750000   output external delay
                                             19.750000   data required time
---------------------------------------------------------------------------------------------
                                             19.750000   data required time
                                             -8.582827   data arrival time
---------------------------------------------------------------------------------------------
                                             11.167173   slack (MET)


Startpoint: ALU_control[0] (input port clocked by __VIRTUAL_CLK__)
Endpoint: ALU_result[6] (output port clocked by __VIRTUAL_CLK__)
Path Group: __VIRTUAL_CLK__
Path Type: max

Fanout         Cap        Slew       Delay        Time   Description
---------------------------------------------------------------------------------------------
                      0.000000    0.000000    0.000000   clock __VIRTUAL_CLK__ (rise edge)
                                  0.000000    0.000000   clock network delay (ideal)
                                  5.000000    5.000000 ^ input external delay
     1    0.003005    0.020613    0.011020    5.011020 ^ ALU_control[0] (in)
                                                         ALU_control[0] (net)
                      0.020613    0.000000    5.011020 ^ input1/A (sky130_fd_sc_hd__clkbuf_1)
     1    0.003656    0.053408    0.079038    5.090058 ^ input1/X (sky130_fd_sc_hd__clkbuf_1)
                                                         net1 (net)
                      0.053408    0.000052    5.090109 ^ fanout106/A (sky130_fd_sc_hd__buf_2)
    10    0.048775    0.238189    0.248738    5.338847 ^ fanout106/X (sky130_fd_sc_hd__buf_2)
                                                         net106 (net)
                      0.238189    0.000231    5.339078 ^ fanout104/A (sky130_fd_sc_hd__buf_2)
    10    0.036153    0.179332    0.264294    5.603372 ^ fanout104/X (sky130_fd_sc_hd__buf_2)
                                                         net104 (net)
                      0.179332    0.000330    5.603703 ^ _418_/D_N (sky130_fd_sc_hd__or4b_1)
     1    0.006461    0.105390    0.484321    6.088024 v _418_/X (sky130_fd_sc_hd__or4b_1)
                                                         _372_ (net)
                      0.105390    0.000141    6.088165 v fanout57/A (sky130_fd_sc_hd__buf_2)
     8    0.043871    0.107237    0.223767    6.311932 v fanout57/X (sky130_fd_sc_hd__buf_2)
                                                         net57 (net)
                      0.107237    0.000279    6.312211 v _419_/C (sky130_fd_sc_hd__and3_1)
     2    0.004936    0.045891    0.212921    6.525132 v _419_/X (sky130_fd_sc_hd__and3_1)
                                                         _373_ (net)
                      0.045891    0.000016    6.525148 v _421_/B (sky130_fd_sc_hd__or3_1)
     3    0.009061    0.099404    0.388056    6.913204 v _421_/X (sky130_fd_sc_hd__or3_1)
                                                         _375_ (net)
                      0.099404    0.000072    6.913276 v _445_/A2 (sky130_fd_sc_hd__a21bo_1)
     4    0.012652    0.074938    0.249471    7.162747 v _445_/X (sky130_fd_sc_hd__a21bo_1)
                                                         _022_ (net)
                      0.074938    0.000210    7.162958 v _509_/A1 (sky130_fd_sc_hd__a211oi_2)
     3    0.018332    0.371985    0.357278    7.520236 ^ _509_/Y (sky130_fd_sc_hd__a211oi_2)
                                                         _084_ (net)
                      0.371985    0.000331    7.520566 ^ _510_/C (sky130_fd_sc_hd__or3_2)
     5    0.016709    0.093869    0.237493    7.758060 ^ _510_/X (sky130_fd_sc_hd__or3_2)
                                                         _085_ (net)
                      0.093869    0.000278    7.758337 ^ _559_/A2 (sky130_fd_sc_hd__a311o_1)
     3    0.010074    0.122663    0.222638    7.980975 ^ _559_/X (sky130_fd_sc_hd__a311o_1)
                                                         _132_ (net)
                      0.122663    0.000096    7.981071 ^ _561_/B (sky130_fd_sc_hd__nand2_1)
     1    0.003113    0.068192    0.069485    8.050556 v _561_/Y (sky130_fd_sc_hd__nand2_1)
                                                         _134_ (net)
                      0.068192    0.000034    8.050590 v _578_/A2 (sky130_fd_sc_hd__o21ai_1)
     2    0.008089    0.187623    0.188961    8.239551 ^ _578_/Y (sky130_fd_sc_hd__o21ai_1)
                                                         net49 (net)
                      0.187623    0.000087    8.239637 ^ output49/A (sky130_fd_sc_hd__buf_2)
     1    0.034095    0.169795    0.243975    8.483612 ^ output49/X (sky130_fd_sc_hd__buf_2)
                                                         ALU_result[6] (net)
                      0.169795    0.000242    8.483854 ^ ALU_result[6] (out)
                                              8.483854   data arrival time

                      0.000000   25.000000   25.000000   clock __VIRTUAL_CLK__ (rise edge)
                                  0.000000   25.000000   clock network delay (ideal)
                                 -0.250000   24.750000   clock uncertainty
                                  0.000000   24.750000   clock reconvergence pessimism
                                 -5.000000   19.750000   output external delay
                                             19.750000   data required time
---------------------------------------------------------------------------------------------
                                             19.750000   data required time
                                             -8.483854   data arrival time
---------------------------------------------------------------------------------------------
                                             11.266145   slack (MET)


Startpoint: ALU_control[0] (input port clocked by __VIRTUAL_CLK__)
Endpoint: ALU_result[5] (output port clocked by __VIRTUAL_CLK__)
Path Group: __VIRTUAL_CLK__
Path Type: max

Fanout         Cap        Slew       Delay        Time   Description
---------------------------------------------------------------------------------------------
                      0.000000    0.000000    0.000000   clock __VIRTUAL_CLK__ (rise edge)
                                  0.000000    0.000000   clock network delay (ideal)
                                  5.000000    5.000000 ^ input external delay
     1    0.003005    0.020613    0.011020    5.011020 ^ ALU_control[0] (in)
                                                         ALU_control[0] (net)
                      0.020613    0.000000    5.011020 ^ input1/A (sky130_fd_sc_hd__clkbuf_1)
     1    0.003656    0.053408    0.079038    5.090058 ^ input1/X (sky130_fd_sc_hd__clkbuf_1)
                                                         net1 (net)
                      0.053408    0.000052    5.090109 ^ fanout106/A (sky130_fd_sc_hd__buf_2)
    10    0.048775    0.238189    0.248738    5.338847 ^ fanout106/X (sky130_fd_sc_hd__buf_2)
                                                         net106 (net)
                      0.238189    0.000231    5.339078 ^ fanout104/A (sky130_fd_sc_hd__buf_2)
    10    0.036153    0.179332    0.264294    5.603372 ^ fanout104/X (sky130_fd_sc_hd__buf_2)
                                                         net104 (net)
                      0.179332    0.000330    5.603703 ^ _418_/D_N (sky130_fd_sc_hd__or4b_1)
     1    0.006461    0.105390    0.484321    6.088024 v _418_/X (sky130_fd_sc_hd__or4b_1)
                                                         _372_ (net)
                      0.105390    0.000141    6.088165 v fanout57/A (sky130_fd_sc_hd__buf_2)
     8    0.043871    0.107237    0.223767    6.311932 v fanout57/X (sky130_fd_sc_hd__buf_2)
                                                         net57 (net)
                      0.107237    0.000279    6.312211 v _419_/C (sky130_fd_sc_hd__and3_1)
     2    0.004936    0.045891    0.212921    6.525132 v _419_/X (sky130_fd_sc_hd__and3_1)
                                                         _373_ (net)
                      0.045891    0.000016    6.525148 v _421_/B (sky130_fd_sc_hd__or3_1)
     3    0.009061    0.099404    0.388056    6.913204 v _421_/X (sky130_fd_sc_hd__or3_1)
                                                         _375_ (net)
                      0.099404    0.000072    6.913276 v _445_/A2 (sky130_fd_sc_hd__a21bo_1)
     4    0.012652    0.074938    0.249471    7.162747 v _445_/X (sky130_fd_sc_hd__a21bo_1)
                                                         _022_ (net)
                      0.074938    0.000210    7.162958 v _509_/A1 (sky130_fd_sc_hd__a211oi_2)
     3    0.018332    0.371985    0.357278    7.520236 ^ _509_/Y (sky130_fd_sc_hd__a211oi_2)
                                                         _084_ (net)
                      0.371985    0.000331    7.520566 ^ _510_/C (sky130_fd_sc_hd__or3_2)
     5    0.016709    0.093869    0.237493    7.758060 ^ _510_/X (sky130_fd_sc_hd__or3_2)
                                                         _085_ (net)
                      0.093869    0.000211    7.758271 ^ _535_/A2 (sky130_fd_sc_hd__a21o_1)
     1    0.003100    0.040193    0.119564    7.877835 ^ _535_/X (sky130_fd_sc_hd__a21o_1)
                                                         _109_ (net)
                      0.040193    0.000029    7.877864 ^ _553_/A3 (sky130_fd_sc_hd__a31o_1)
     2    0.006068    0.073571    0.155892    8.033756 ^ _553_/X (sky130_fd_sc_hd__a31o_1)
                                                         net48 (net)
                      0.073571    0.000041    8.033797 ^ output48/A (sky130_fd_sc_hd__buf_2)
     1    0.034108    0.169476    0.208408    8.242206 ^ output48/X (sky130_fd_sc_hd__buf_2)
                                                         ALU_result[5] (net)
                      0.169476    0.000201    8.242406 ^ ALU_result[5] (out)
                                              8.242406   data arrival time

                      0.000000   25.000000   25.000000   clock __VIRTUAL_CLK__ (rise edge)
                                  0.000000   25.000000   clock network delay (ideal)
                                 -0.250000   24.750000   clock uncertainty
                                  0.000000   24.750000   clock reconvergence pessimism
                                 -5.000000   19.750000   output external delay
                                             19.750000   data required time
---------------------------------------------------------------------------------------------
                                             19.750000   data required time
                                             -8.242406   data arrival time
---------------------------------------------------------------------------------------------
                                             11.507593   slack (MET)


Startpoint: ALU_control[0] (input port clocked by __VIRTUAL_CLK__)
Endpoint: ALU_result[4] (output port clocked by __VIRTUAL_CLK__)
Path Group: __VIRTUAL_CLK__
Path Type: max

Fanout         Cap        Slew       Delay        Time   Description
---------------------------------------------------------------------------------------------
                      0.000000    0.000000    0.000000   clock __VIRTUAL_CLK__ (rise edge)
                                  0.000000    0.000000   clock network delay (ideal)
                                  5.000000    5.000000 ^ input external delay
     1    0.003005    0.020613    0.011020    5.011020 ^ ALU_control[0] (in)
                                                         ALU_control[0] (net)
                      0.020613    0.000000    5.011020 ^ input1/A (sky130_fd_sc_hd__clkbuf_1)
     1    0.003656    0.053408    0.079038    5.090058 ^ input1/X (sky130_fd_sc_hd__clkbuf_1)
                                                         net1 (net)
                      0.053408    0.000052    5.090109 ^ fanout106/A (sky130_fd_sc_hd__buf_2)
    10    0.048775    0.238189    0.248738    5.338847 ^ fanout106/X (sky130_fd_sc_hd__buf_2)
                                                         net106 (net)
                      0.238189    0.000231    5.339078 ^ fanout104/A (sky130_fd_sc_hd__buf_2)
    10    0.036153    0.179332    0.264294    5.603372 ^ fanout104/X (sky130_fd_sc_hd__buf_2)
                                                         net104 (net)
                      0.179332    0.000330    5.603703 ^ _418_/D_N (sky130_fd_sc_hd__or4b_1)
     1    0.006461    0.105390    0.484321    6.088024 v _418_/X (sky130_fd_sc_hd__or4b_1)
                                                         _372_ (net)
                      0.105390    0.000141    6.088165 v fanout57/A (sky130_fd_sc_hd__buf_2)
     8    0.043871    0.107237    0.223767    6.311932 v fanout57/X (sky130_fd_sc_hd__buf_2)
                                                         net57 (net)
                      0.107237    0.000279    6.312211 v _419_/C (sky130_fd_sc_hd__and3_1)
     2    0.004936    0.045891    0.212921    6.525132 v _419_/X (sky130_fd_sc_hd__and3_1)
                                                         _373_ (net)
                      0.045891    0.000016    6.525148 v _421_/B (sky130_fd_sc_hd__or3_1)
     3    0.009061    0.099404    0.388056    6.913204 v _421_/X (sky130_fd_sc_hd__or3_1)
                                                         _375_ (net)
                      0.099404    0.000072    6.913276 v _445_/A2 (sky130_fd_sc_hd__a21bo_1)
     4    0.012652    0.074938    0.249471    7.162747 v _445_/X (sky130_fd_sc_hd__a21bo_1)
                                                         _022_ (net)
                      0.074938    0.000210    7.162958 v _509_/A1 (sky130_fd_sc_hd__a211oi_2)
     3    0.018332    0.371985    0.357278    7.520236 ^ _509_/Y (sky130_fd_sc_hd__a211oi_2)
                                                         _084_ (net)
                      0.371985    0.000331    7.520566 ^ _510_/C (sky130_fd_sc_hd__or3_2)
     5    0.016709    0.093869    0.237493    7.758060 ^ _510_/X (sky130_fd_sc_hd__or3_2)
                                                         _085_ (net)
                      0.093869    0.000084    7.758144 ^ _527_/A2 (sky130_fd_sc_hd__a31o_1)
     2    0.005306    0.067000    0.161614    7.919757 ^ _527_/X (sky130_fd_sc_hd__a31o_1)
                                                         net47 (net)
                      0.067000    0.000035    7.919792 ^ output47/A (sky130_fd_sc_hd__buf_2)
     1    0.034134    0.169571    0.206038    8.125830 ^ output47/X (sky130_fd_sc_hd__buf_2)
                                                         ALU_result[4] (net)
                      0.169571    0.000251    8.126081 ^ ALU_result[4] (out)
                                              8.126081   data arrival time

                      0.000000   25.000000   25.000000   clock __VIRTUAL_CLK__ (rise edge)
                                  0.000000   25.000000   clock network delay (ideal)
                                 -0.250000   24.750000   clock uncertainty
                                  0.000000   24.750000   clock reconvergence pessimism
                                 -5.000000   19.750000   output external delay
                                             19.750000   data required time
---------------------------------------------------------------------------------------------
                                             19.750000   data required time
                                             -8.126081   data arrival time
---------------------------------------------------------------------------------------------
                                             11.623919   slack (MET)


Startpoint: ALU_control[0] (input port clocked by __VIRTUAL_CLK__)
Endpoint: ALU_result[3] (output port clocked by __VIRTUAL_CLK__)
Path Group: __VIRTUAL_CLK__
Path Type: max

Fanout         Cap        Slew       Delay        Time   Description
---------------------------------------------------------------------------------------------
                      0.000000    0.000000    0.000000   clock __VIRTUAL_CLK__ (rise edge)
                                  0.000000    0.000000   clock network delay (ideal)
                                  5.000000    5.000000 ^ input external delay
     1    0.003005    0.020613    0.011020    5.011020 ^ ALU_control[0] (in)
                                                         ALU_control[0] (net)
                      0.020613    0.000000    5.011020 ^ input1/A (sky130_fd_sc_hd__clkbuf_1)
     1    0.003656    0.053408    0.079038    5.090058 ^ input1/X (sky130_fd_sc_hd__clkbuf_1)
                                                         net1 (net)
                      0.053408    0.000052    5.090109 ^ fanout106/A (sky130_fd_sc_hd__buf_2)
    10    0.048775    0.238189    0.248738    5.338847 ^ fanout106/X (sky130_fd_sc_hd__buf_2)
                                                         net106 (net)
                      0.238189    0.000231    5.339078 ^ fanout104/A (sky130_fd_sc_hd__buf_2)
    10    0.036153    0.179332    0.264294    5.603372 ^ fanout104/X (sky130_fd_sc_hd__buf_2)
                                                         net104 (net)
                      0.179332    0.000330    5.603703 ^ _418_/D_N (sky130_fd_sc_hd__or4b_1)
     1    0.006461    0.105390    0.484321    6.088024 v _418_/X (sky130_fd_sc_hd__or4b_1)
                                                         _372_ (net)
                      0.105390    0.000141    6.088165 v fanout57/A (sky130_fd_sc_hd__buf_2)
     8    0.043871    0.107237    0.223767    6.311932 v fanout57/X (sky130_fd_sc_hd__buf_2)
                                                         net57 (net)
                      0.107237    0.000279    6.312211 v _419_/C (sky130_fd_sc_hd__and3_1)
     2    0.004936    0.045891    0.212921    6.525132 v _419_/X (sky130_fd_sc_hd__and3_1)
                                                         _373_ (net)
                      0.045891    0.000016    6.525148 v _421_/B (sky130_fd_sc_hd__or3_1)
     3    0.009061    0.099404    0.388056    6.913204 v _421_/X (sky130_fd_sc_hd__or3_1)
                                                         _375_ (net)
                      0.099404    0.000072    6.913276 v _445_/A2 (sky130_fd_sc_hd__a21bo_1)
     4    0.012652    0.074938    0.249471    7.162747 v _445_/X (sky130_fd_sc_hd__a21bo_1)
                                                         _022_ (net)
                      0.074938    0.000214    7.162961 v _480_/A1 (sky130_fd_sc_hd__a21o_1)
     1    0.005279    0.043419    0.174226    7.337188 v _480_/X (sky130_fd_sc_hd__a21o_1)
                                                         _056_ (net)
                      0.043419    0.000062    7.337250 v _483_/A (sky130_fd_sc_hd__xnor2_1)
     1    0.002878    0.119934    0.144566    7.481815 ^ _483_/Y (sky130_fd_sc_hd__xnor2_1)
                                                         _059_ (net)
                      0.119934    0.000026    7.481841 ^ _502_/A2 (sky130_fd_sc_hd__a21o_1)
     2    0.004475    0.052034    0.136092    7.617933 ^ _502_/X (sky130_fd_sc_hd__a21o_1)
                                                         net46 (net)
                      0.052034    0.000049    7.617982 ^ output46/A (sky130_fd_sc_hd__buf_2)
     1    0.034100    0.169346    0.200346    7.818327 ^ output46/X (sky130_fd_sc_hd__buf_2)
                                                         ALU_result[3] (net)
                      0.169346    0.000317    7.818645 ^ ALU_result[3] (out)
                                              7.818645   data arrival time

                      0.000000   25.000000   25.000000   clock __VIRTUAL_CLK__ (rise edge)
                                  0.000000   25.000000   clock network delay (ideal)
                                 -0.250000   24.750000   clock uncertainty
                                  0.000000   24.750000   clock reconvergence pessimism
                                 -5.000000   19.750000   output external delay
                                             19.750000   data required time
---------------------------------------------------------------------------------------------
                                             19.750000   data required time
                                             -7.818645   data arrival time
---------------------------------------------------------------------------------------------
                                             11.931355   slack (MET)


Startpoint: ALU_control[0] (input port clocked by __VIRTUAL_CLK__)
Endpoint: ALU_result[2] (output port clocked by __VIRTUAL_CLK__)
Path Group: __VIRTUAL_CLK__
Path Type: max

Fanout         Cap        Slew       Delay        Time   Description
---------------------------------------------------------------------------------------------
                      0.000000    0.000000    0.000000   clock __VIRTUAL_CLK__ (rise edge)
                                  0.000000    0.000000   clock network delay (ideal)
                                  5.000000    5.000000 ^ input external delay
     1    0.003005    0.020613    0.011020    5.011020 ^ ALU_control[0] (in)
                                                         ALU_control[0] (net)
                      0.020613    0.000000    5.011020 ^ input1/A (sky130_fd_sc_hd__clkbuf_1)
     1    0.003656    0.053408    0.079038    5.090058 ^ input1/X (sky130_fd_sc_hd__clkbuf_1)
                                                         net1 (net)
                      0.053408    0.000052    5.090109 ^ fanout106/A (sky130_fd_sc_hd__buf_2)
    10    0.048775    0.238189    0.248738    5.338847 ^ fanout106/X (sky130_fd_sc_hd__buf_2)
                                                         net106 (net)
                      0.238189    0.000231    5.339078 ^ fanout104/A (sky130_fd_sc_hd__buf_2)
    10    0.036153    0.179332    0.264294    5.603372 ^ fanout104/X (sky130_fd_sc_hd__buf_2)
                                                         net104 (net)
                      0.179332    0.000330    5.603703 ^ _418_/D_N (sky130_fd_sc_hd__or4b_1)
     1    0.006461    0.105390    0.484321    6.088024 v _418_/X (sky130_fd_sc_hd__or4b_1)
                                                         _372_ (net)
                      0.105390    0.000141    6.088165 v fanout57/A (sky130_fd_sc_hd__buf_2)
     8    0.043871    0.107237    0.223767    6.311932 v fanout57/X (sky130_fd_sc_hd__buf_2)
                                                         net57 (net)
                      0.107237    0.000279    6.312211 v _419_/C (sky130_fd_sc_hd__and3_1)
     2    0.004936    0.045891    0.212921    6.525132 v _419_/X (sky130_fd_sc_hd__and3_1)
                                                         _373_ (net)
                      0.045891    0.000016    6.525148 v _421_/B (sky130_fd_sc_hd__or3_1)
     3    0.009061    0.099404    0.388056    6.913204 v _421_/X (sky130_fd_sc_hd__or3_1)
                                                         _375_ (net)
                      0.099404    0.000072    6.913276 v _445_/A2 (sky130_fd_sc_hd__a21bo_1)
     4    0.012652    0.074938    0.249471    7.162747 v _445_/X (sky130_fd_sc_hd__a21bo_1)
                                                         _022_ (net)
                      0.074938    0.000218    7.162965 v _451_/A (sky130_fd_sc_hd__or2_1)
     1    0.002701    0.047231    0.230224    7.393189 v _451_/X (sky130_fd_sc_hd__or2_1)
                                                         _028_ (net)
                      0.047231    0.000024    7.393213 v _476_/A3 (sky130_fd_sc_hd__a31o_1)
     2    0.005141    0.047026    0.222769    7.615983 v _476_/X (sky130_fd_sc_hd__a31o_1)
                                                         net45 (net)
                      0.047026    0.000018    7.616001 v output45/A (sky130_fd_sc_hd__buf_2)
     1    0.035186    0.091397    0.182820    7.798820 v output45/X (sky130_fd_sc_hd__buf_2)
                                                         ALU_result[2] (net)
                      0.091399    0.000494    7.799314 v ALU_result[2] (out)
                                              7.799314   data arrival time

                      0.000000   25.000000   25.000000   clock __VIRTUAL_CLK__ (rise edge)
                                  0.000000   25.000000   clock network delay (ideal)
                                 -0.250000   24.750000   clock uncertainty
                                  0.000000   24.750000   clock reconvergence pessimism
                                 -5.000000   19.750000   output external delay
                                             19.750000   data required time
---------------------------------------------------------------------------------------------
                                             19.750000   data required time
                                             -7.799314   data arrival time
---------------------------------------------------------------------------------------------
                                             11.950686   slack (MET)


Startpoint: ALU_control[0] (input port clocked by __VIRTUAL_CLK__)
Endpoint: ALU_result[1] (output port clocked by __VIRTUAL_CLK__)
Path Group: __VIRTUAL_CLK__
Path Type: max

Fanout         Cap        Slew       Delay        Time   Description
---------------------------------------------------------------------------------------------
                      0.000000    0.000000    0.000000   clock __VIRTUAL_CLK__ (rise edge)
                                  0.000000    0.000000   clock network delay (ideal)
                                  5.000000    5.000000 ^ input external delay
     1    0.003005    0.020613    0.011020    5.011020 ^ ALU_control[0] (in)
                                                         ALU_control[0] (net)
                      0.020613    0.000000    5.011020 ^ input1/A (sky130_fd_sc_hd__clkbuf_1)
     1    0.003656    0.053408    0.079038    5.090058 ^ input1/X (sky130_fd_sc_hd__clkbuf_1)
                                                         net1 (net)
                      0.053408    0.000052    5.090109 ^ fanout106/A (sky130_fd_sc_hd__buf_2)
    10    0.048775    0.238189    0.248738    5.338847 ^ fanout106/X (sky130_fd_sc_hd__buf_2)
                                                         net106 (net)
                      0.238189    0.000231    5.339078 ^ fanout104/A (sky130_fd_sc_hd__buf_2)
    10    0.036153    0.179332    0.264294    5.603372 ^ fanout104/X (sky130_fd_sc_hd__buf_2)
                                                         net104 (net)
                      0.179332    0.000330    5.603703 ^ _418_/D_N (sky130_fd_sc_hd__or4b_1)
     1    0.006461    0.105390    0.484321    6.088024 v _418_/X (sky130_fd_sc_hd__or4b_1)
                                                         _372_ (net)
                      0.105390    0.000141    6.088165 v fanout57/A (sky130_fd_sc_hd__buf_2)
     8    0.043871    0.107237    0.223767    6.311932 v fanout57/X (sky130_fd_sc_hd__buf_2)
                                                         net57 (net)
                      0.107237    0.000279    6.312211 v _419_/C (sky130_fd_sc_hd__and3_1)
     2    0.004936    0.045891    0.212921    6.525132 v _419_/X (sky130_fd_sc_hd__and3_1)
                                                         _373_ (net)
                      0.045891    0.000016    6.525148 v _421_/B (sky130_fd_sc_hd__or3_1)
     3    0.009061    0.099404    0.388056    6.913204 v _421_/X (sky130_fd_sc_hd__or3_1)
                                                         _375_ (net)
                      0.099404    0.000085    6.913290 v _424_/A2 (sky130_fd_sc_hd__a31o_1)
     1    0.002495    0.035999    0.218496    7.131786 v _424_/X (sky130_fd_sc_hd__a31o_1)
                                                         _002_ (net)
                      0.035999    0.000011    7.131797 v _443_/A2 (sky130_fd_sc_hd__o22a_1)
     1    0.002795    0.042307    0.185913    7.317710 v _443_/X (sky130_fd_sc_hd__o22a_1)
                                                         _021_ (net)
                      0.042307    0.000029    7.317739 v _444_/B (sky130_fd_sc_hd__nand2_1)
     2    0.006051    0.069999    0.080152    7.397892 ^ _444_/Y (sky130_fd_sc_hd__nand2_1)
                                                         net44 (net)
                      0.069999    0.000091    7.397982 ^ output44/A (sky130_fd_sc_hd__buf_2)
     1    0.035841    0.177616    0.212543    7.610525 ^ output44/X (sky130_fd_sc_hd__buf_2)
                                                         ALU_result[1] (net)
                      0.177616    0.000636    7.611161 ^ ALU_result[1] (out)
                                              7.611161   data arrival time

                      0.000000   25.000000   25.000000   clock __VIRTUAL_CLK__ (rise edge)
                                  0.000000   25.000000   clock network delay (ideal)
                                 -0.250000   24.750000   clock uncertainty
                                  0.000000   24.750000   clock reconvergence pessimism
                                 -5.000000   19.750000   output external delay
                                             19.750000   data required time
---------------------------------------------------------------------------------------------
                                             19.750000   data required time
                                             -7.611161   data arrival time
---------------------------------------------------------------------------------------------
                                             12.138839   slack (MET)


Startpoint: SrcB[0] (input port clocked by __VIRTUAL_CLK__)
Endpoint: ALU_result[0] (output port clocked by __VIRTUAL_CLK__)
Path Group: __VIRTUAL_CLK__
Path Type: max

Fanout         Cap        Slew       Delay        Time   Description
---------------------------------------------------------------------------------------------
                      0.000000    0.000000    0.000000   clock __VIRTUAL_CLK__ (rise edge)
                                  0.000000    0.000000   clock network delay (ideal)
                                  5.000000    5.000000 ^ input external delay
     1    0.002623    0.018979    0.009678    5.009678 ^ SrcB[0] (in)
                                                         SrcB[0] (net)
                      0.018979    0.000000    5.009678 ^ input21/A (sky130_fd_sc_hd__clkbuf_1)
     1    0.004516    0.062970    0.085296    5.094975 ^ input21/X (sky130_fd_sc_hd__clkbuf_1)
                                                         net21 (net)
                      0.062970    0.000083    5.095057 ^ fanout86/A (sky130_fd_sc_hd__clkbuf_2)
     6    0.033912    0.186999    0.211914    5.306971 ^ fanout86/X (sky130_fd_sc_hd__clkbuf_2)
                                                         net86 (net)
                      0.186999    0.000198    5.307169 ^ fanout84/A (sky130_fd_sc_hd__buf_2)
     7    0.038788    0.191519    0.258678    5.565846 ^ fanout84/X (sky130_fd_sc_hd__buf_2)
                                                         net84 (net)
                      0.191524    0.001265    5.567112 ^ fanout83/A (sky130_fd_sc_hd__clkbuf_4)
    10    0.052538    0.162696    0.275130    5.842241 ^ fanout83/X (sky130_fd_sc_hd__clkbuf_4)
                                                         net83 (net)
                      0.162696    0.000268    5.842510 ^ _386_/S0 (sky130_fd_sc_hd__mux4_1)
     2    0.008888    0.118614    0.619664    6.462173 v _386_/X (sky130_fd_sc_hd__mux4_1)
                                                         _341_ (net)
                      0.118614    0.000126    6.462300 v _389_/A0 (sky130_fd_sc_hd__mux2_1)
     2    0.008026    0.081405    0.339945    6.802245 v _389_/X (sky130_fd_sc_hd__mux2_1)
                                                         _344_ (net)
                      0.081405    0.000058    6.802303 v _397_/A2 (sky130_fd_sc_hd__a21oi_1)
     1    0.005058    0.145033    0.181986    6.984289 ^ _397_/Y (sky130_fd_sc_hd__a21oi_1)
                                                         _352_ (net)
                      0.145033    0.000089    6.984378 ^ _398_/B (sky130_fd_sc_hd__nor2_1)
     1    0.003300    0.053115    0.059337    7.043714 v _398_/Y (sky130_fd_sc_hd__nor2_1)
                                                         _353_ (net)
                      0.053115    0.000040    7.043754 v _415_/C1 (sky130_fd_sc_hd__a211o_1)
     2    0.004908    0.057368    0.236408    7.280162 v _415_/X (sky130_fd_sc_hd__a211o_1)
                                                         net37 (net)
                      0.057368    0.000047    7.280209 v output37/A (sky130_fd_sc_hd__buf_2)
     1    0.035084    0.091141    0.187179    7.467388 v output37/X (sky130_fd_sc_hd__buf_2)
                                                         ALU_result[0] (net)
                      0.091143    0.000504    7.467891 v ALU_result[0] (out)
                                              7.467891   data arrival time

                      0.000000   25.000000   25.000000   clock __VIRTUAL_CLK__ (rise edge)
                                  0.000000   25.000000   clock network delay (ideal)
                                 -0.250000   24.750000   clock uncertainty
                                  0.000000   24.750000   clock reconvergence pessimism
                                 -5.000000   19.750000   output external delay
                                             19.750000   data required time
---------------------------------------------------------------------------------------------
                                             19.750000   data required time
                                             -7.467891   data arrival time
---------------------------------------------------------------------------------------------
                                             12.282108   slack (MET)



