
===========================================================================
report_checks -unconstrained
===========================================================================
======================= min_ff_n40C_1v95 Corner ===================================

Startpoint: ImmSrc[0] (input port clocked by __VIRTUAL_CLK__)
Endpoint: ImmExt[6] (output port clocked by __VIRTUAL_CLK__)
Path Group: __VIRTUAL_CLK__
Path Type: max

Fanout         Cap        Slew       Delay        Time   Description
---------------------------------------------------------------------------------------------
                      0.000000    0.000000    0.000000   clock __VIRTUAL_CLK__ (rise edge)
                                  0.000000    0.000000   clock network delay (ideal)
                                  5.000000    5.000000 ^ input external delay
     1    0.002825    0.014007    0.007287    5.007287 ^ ImmSrc[0] (in)
                                                         ImmSrc[0] (net)
                      0.014007    0.000000    5.007287 ^ input1/A (sky130_fd_sc_hd__buf_1)
     3    0.010608    0.097709    0.093501    5.100788 ^ input1/X (sky130_fd_sc_hd__buf_1)
                                                         net1 (net)
                      0.097710    0.000179    5.100967 ^ fanout31/A (sky130_fd_sc_hd__buf_2)
    10    0.030481    0.114754    0.144961    5.245928 ^ fanout31/X (sky130_fd_sc_hd__buf_2)
                                                         net31 (net)
                      0.114754    0.000503    5.246431 ^ _15_/A_N (sky130_fd_sc_hd__nand2b_4)
     9    0.041075    0.104577    0.147617    5.394049 ^ _15_/Y (sky130_fd_sc_hd__nand2b_4)
                                                         _03_ (net)
                      0.104593    0.001035    5.395084 ^ _16_/S (sky130_fd_sc_hd__mux2_1)
     1    0.002950    0.038555    0.190771    5.585855 v _16_/X (sky130_fd_sc_hd__mux2_1)
                                                         net25 (net)
                      0.038555    0.000039    5.585893 v output25/A (sky130_fd_sc_hd__buf_2)
     1    0.034256    0.062636    0.120865    5.706758 v output25/X (sky130_fd_sc_hd__buf_2)
                                                         ImmExt[6] (net)
                      0.062637    0.000345    5.707103 v ImmExt[6] (out)
                                              5.707103   data arrival time

                      0.000000   25.000000   25.000000   clock __VIRTUAL_CLK__ (rise edge)
                                  0.000000   25.000000   clock network delay (ideal)
                                 -0.250000   24.750000   clock uncertainty
                                  0.000000   24.750000   clock reconvergence pessimism
                                 -5.000000   19.750000   output external delay
                                             19.750000   data required time
---------------------------------------------------------------------------------------------
                                             19.750000   data required time
                                             -5.707103   data arrival time
---------------------------------------------------------------------------------------------
                                             14.042897   slack (MET)




===========================================================================
report_checks --slack_max -0.01
============================================================================
======================= min_ff_n40C_1v95 Corner ===================================

No paths found.


===========================================================================
 report_check_types -max_slew -max_cap -max_fanout -violators
============================================================================
======================= min_ff_n40C_1v95 Corner ===================================



===========================================================================
report_parasitic_annotation -report_unannotated
============================================================================
Found 6 unannotated drivers.
 instr[0]
 instr[1]
 instr[2]
 instr[3]
 instr[4]
 instr[5]
Found 0 partially unannotated drivers.

===========================================================================
max slew violation count 0
max fanout violation count 0
max cap violation count 0
============================================================================

===========================================================================
check_setup -verbose -unconstrained_endpoints -multiple_clock -no_clock -no_input_delay -loops -generated_clocks
===========================================================================
