
===========================================================================
report_checks -path_delay min (Hold)
============================================================================
======================= min_ff_n40C_1v95 Corner ===================================

Startpoint: instr[15] (input port clocked by __VIRTUAL_CLK__)
Endpoint: ImmExt[15] (output port clocked by __VIRTUAL_CLK__)
Path Group: __VIRTUAL_CLK__
Path Type: min

Fanout         Cap        Slew       Delay        Time   Description
---------------------------------------------------------------------------------------------
                      0.000000    0.000000    0.000000   clock __VIRTUAL_CLK__ (rise edge)
                                  0.000000    0.000000   clock network delay (ideal)
                                  5.000000    5.000000 v input external delay
     1    0.002479    0.004262    0.001974    5.001975 v instr[15] (in)
                                                         instr[15] (net)
                      0.004262    0.000000    5.001975 v input8/A (sky130_fd_sc_hd__clkbuf_1)
     2    0.005679    0.028434    0.055769    5.057744 v input8/X (sky130_fd_sc_hd__clkbuf_1)
                                                         net8 (net)
                      0.028434    0.000044    5.057788 v _27_/A (sky130_fd_sc_hd__clkbuf_1)
     1    0.001896    0.015318    0.052044    5.109831 v _27_/X (sky130_fd_sc_hd__clkbuf_1)
                                                         net19 (net)
                      0.015318    0.000008    5.109840 v output19/A (sky130_fd_sc_hd__buf_2)
     1    0.033934    0.062037    0.111633    5.221473 v output19/X (sky130_fd_sc_hd__buf_2)
                                                         ImmExt[15] (net)
                      0.062037    0.000174    5.221647 v ImmExt[15] (out)
                                              5.221647   data arrival time

                      0.000000    0.000000    0.000000   clock __VIRTUAL_CLK__ (rise edge)
                                  0.000000    0.000000   clock network delay (ideal)
                                  0.250000    0.250000   clock uncertainty
                                  0.000000    0.250000   clock reconvergence pessimism
                                 -5.000000   -4.750000   output external delay
                                             -4.750000   data required time
---------------------------------------------------------------------------------------------
                                             -4.750000   data required time
                                             -5.221647   data arrival time
---------------------------------------------------------------------------------------------
                                              9.971647   slack (MET)


Startpoint: instr[6] (input port clocked by __VIRTUAL_CLK__)
Endpoint: ImmExt[6] (output port clocked by __VIRTUAL_CLK__)
Path Group: __VIRTUAL_CLK__
Path Type: min

Fanout         Cap        Slew       Delay        Time   Description
---------------------------------------------------------------------------------------------
                      0.000000    0.000000    0.000000   clock __VIRTUAL_CLK__ (rise edge)
                                  0.000000    0.000000   clock network delay (ideal)
                                  5.000000    5.000000 ^ input external delay
     1    0.002828    0.014017    0.007293    5.007293 ^ instr[6] (in)
                                                         instr[6] (net)
                      0.014017    0.000000    5.007293 ^ input9/A (sky130_fd_sc_hd__clkbuf_1)
     1    0.002945    0.033303    0.048633    5.055926 ^ input9/X (sky130_fd_sc_hd__clkbuf_1)
                                                         net9 (net)
                      0.033303    0.000034    5.055960 ^ _16_/A0 (sky130_fd_sc_hd__mux2_1)
     1    0.003109    0.030464    0.073573    5.129533 ^ _16_/X (sky130_fd_sc_hd__mux2_1)
                                                         net25 (net)
                      0.030464    0.000041    5.129574 ^ output25/A (sky130_fd_sc_hd__buf_2)
     1    0.034256    0.128164    0.137246    5.266820 ^ output25/X (sky130_fd_sc_hd__buf_2)
                                                         ImmExt[6] (net)
                      0.128165    0.000345    5.267165 ^ ImmExt[6] (out)
                                              5.267165   data arrival time

                      0.000000    0.000000    0.000000   clock __VIRTUAL_CLK__ (rise edge)
                                  0.000000    0.000000   clock network delay (ideal)
                                  0.250000    0.250000   clock uncertainty
                                  0.000000    0.250000   clock reconvergence pessimism
                                 -5.000000   -4.750000   output external delay
                                             -4.750000   data required time
---------------------------------------------------------------------------------------------
                                             -4.750000   data required time
                                             -5.267165   data arrival time
---------------------------------------------------------------------------------------------
                                             10.017164   slack (MET)


Startpoint: instr[7] (input port clocked by __VIRTUAL_CLK__)
Endpoint: ImmExt[7] (output port clocked by __VIRTUAL_CLK__)
Path Group: __VIRTUAL_CLK__
Path Type: min

Fanout         Cap        Slew       Delay        Time   Description
---------------------------------------------------------------------------------------------
                      0.000000    0.000000    0.000000   clock __VIRTUAL_CLK__ (rise edge)
                                  0.000000    0.000000   clock network delay (ideal)
                                  5.000000    5.000000 ^ input external delay
     1    0.002863    0.014140    0.007384    5.007384 ^ instr[7] (in)
                                                         instr[7] (net)
                      0.014140    0.000000    5.007384 ^ input10/A (sky130_fd_sc_hd__clkbuf_1)
     1    0.003887    0.041061    0.054238    5.061622 ^ input10/X (sky130_fd_sc_hd__clkbuf_1)
                                                         net10 (net)
                      0.041061    0.000062    5.061684 ^ _17_/A0 (sky130_fd_sc_hd__mux2_1)
     1    0.002446    0.026686    0.072286    5.133970 ^ _17_/X (sky130_fd_sc_hd__mux2_1)
                                                         net26 (net)
                      0.026686    0.000025    5.133995 ^ output26/A (sky130_fd_sc_hd__buf_2)
     1    0.034256    0.128173    0.136101    5.270096 ^ output26/X (sky130_fd_sc_hd__buf_2)
                                                         ImmExt[7] (net)
                      0.128175    0.000345    5.270441 ^ ImmExt[7] (out)
                                              5.270441   data arrival time

                      0.000000    0.000000    0.000000   clock __VIRTUAL_CLK__ (rise edge)
                                  0.000000    0.000000   clock network delay (ideal)
                                  0.250000    0.250000   clock uncertainty
                                  0.000000    0.250000   clock reconvergence pessimism
                                 -5.000000   -4.750000   output external delay
                                             -4.750000   data required time
---------------------------------------------------------------------------------------------
                                             -4.750000   data required time
                                             -5.270441   data arrival time
---------------------------------------------------------------------------------------------
                                             10.020441   slack (MET)


Startpoint: instr[8] (input port clocked by __VIRTUAL_CLK__)
Endpoint: ImmExt[8] (output port clocked by __VIRTUAL_CLK__)
Path Group: __VIRTUAL_CLK__
Path Type: min

Fanout         Cap        Slew       Delay        Time   Description
---------------------------------------------------------------------------------------------
                      0.000000    0.000000    0.000000   clock __VIRTUAL_CLK__ (rise edge)
                                  0.000000    0.000000   clock network delay (ideal)
                                  5.000000    5.000000 ^ input external delay
     1    0.002651    0.013387    0.006827    5.006827 ^ instr[8] (in)
                                                         instr[8] (net)
                      0.013387    0.000000    5.006827 ^ input11/A (sky130_fd_sc_hd__clkbuf_1)
     1    0.004099    0.042829    0.055278    5.062105 ^ input11/X (sky130_fd_sc_hd__clkbuf_1)
                                                         net11 (net)
                      0.042829    0.000055    5.062160 ^ _18_/A0 (sky130_fd_sc_hd__mux2_1)
     1    0.002321    0.025998    0.072129    5.134290 ^ _18_/X (sky130_fd_sc_hd__mux2_1)
                                                         net27 (net)
                      0.025998    0.000023    5.134312 ^ output27/A (sky130_fd_sc_hd__buf_2)
     1    0.034315    0.128389    0.136031    5.270343 ^ output27/X (sky130_fd_sc_hd__buf_2)
                                                         ImmExt[8] (net)
                      0.128390    0.000357    5.270700 ^ ImmExt[8] (out)
                                              5.270700   data arrival time

                      0.000000    0.000000    0.000000   clock __VIRTUAL_CLK__ (rise edge)
                                  0.000000    0.000000   clock network delay (ideal)
                                  0.250000    0.250000   clock uncertainty
                                  0.000000    0.250000   clock reconvergence pessimism
                                 -5.000000   -4.750000   output external delay
                                             -4.750000   data required time
---------------------------------------------------------------------------------------------
                                             -4.750000   data required time
                                             -5.270700   data arrival time
---------------------------------------------------------------------------------------------
                                             10.020700   slack (MET)


Startpoint: instr[12] (input port clocked by __VIRTUAL_CLK__)
Endpoint: ImmExt[3] (output port clocked by __VIRTUAL_CLK__)
Path Group: __VIRTUAL_CLK__
Path Type: min

Fanout         Cap        Slew       Delay        Time   Description
---------------------------------------------------------------------------------------------
                      0.000000    0.000000    0.000000   clock __VIRTUAL_CLK__ (rise edge)
                                  0.000000    0.000000   clock network delay (ideal)
                                  5.000000    5.000000 v input external delay
     1    0.002955    0.004955    0.002401    5.002401 v instr[12] (in)
                                                         instr[12] (net)
                      0.004955    0.000000    5.002401 v input5/A (sky130_fd_sc_hd__clkbuf_1)
     2    0.005871    0.029145    0.056606    5.059008 v input5/X (sky130_fd_sc_hd__clkbuf_1)
                                                         net5 (net)
                      0.029145    0.000101    5.059108 v _12_/A2 (sky130_fd_sc_hd__a21o_1)
     1    0.003016    0.019675    0.109448    5.168556 v _12_/X (sky130_fd_sc_hd__a21o_1)
                                                         net22 (net)
                      0.019675    0.000040    5.168596 v output22/A (sky130_fd_sc_hd__buf_2)
     1    0.033920    0.062041    0.113165    5.281761 v output22/X (sky130_fd_sc_hd__buf_2)
                                                         ImmExt[3] (net)
                      0.062041    0.000165    5.281927 v ImmExt[3] (out)
                                              5.281927   data arrival time

                      0.000000    0.000000    0.000000   clock __VIRTUAL_CLK__ (rise edge)
                                  0.000000    0.000000   clock network delay (ideal)
                                  0.250000    0.250000   clock uncertainty
                                  0.000000    0.250000   clock reconvergence pessimism
                                 -5.000000   -4.750000   output external delay
                                             -4.750000   data required time
---------------------------------------------------------------------------------------------
                                             -4.750000   data required time
                                             -5.281927   data arrival time
---------------------------------------------------------------------------------------------
                                             10.031927   slack (MET)


Startpoint: instr[9] (input port clocked by __VIRTUAL_CLK__)
Endpoint: ImmExt[0] (output port clocked by __VIRTUAL_CLK__)
Path Group: __VIRTUAL_CLK__
Path Type: min

Fanout         Cap        Slew       Delay        Time   Description
---------------------------------------------------------------------------------------------
                      0.000000    0.000000    0.000000   clock __VIRTUAL_CLK__ (rise edge)
                                  0.000000    0.000000   clock network delay (ideal)
                                  5.000000    5.000000 ^ input external delay
     1    0.003162    0.015210    0.008175    5.008175 ^ instr[9] (in)
                                                         instr[9] (net)
                      0.015210    0.000000    5.008175 ^ input12/A (sky130_fd_sc_hd__clkbuf_1)
     2    0.005937    0.058259    0.066531    5.074706 ^ input12/X (sky130_fd_sc_hd__clkbuf_1)
                                                         net12 (net)
                      0.058278    0.000101    5.074807 ^ _07_/A2 (sky130_fd_sc_hd__a21bo_1)
     1    0.003328    0.027916    0.070333    5.145140 ^ _07_/X (sky130_fd_sc_hd__a21bo_1)
                                                         net13 (net)
                      0.027916    0.000046    5.145186 ^ output13/A (sky130_fd_sc_hd__buf_2)
     1    0.034251    0.128154    0.136462    5.281648 ^ output13/X (sky130_fd_sc_hd__buf_2)
                                                         ImmExt[0] (net)
                      0.128155    0.000345    5.281993 ^ ImmExt[0] (out)
                                              5.281993   data arrival time

                      0.000000    0.000000    0.000000   clock __VIRTUAL_CLK__ (rise edge)
                                  0.000000    0.000000   clock network delay (ideal)
                                  0.250000    0.250000   clock uncertainty
                                  0.000000    0.250000   clock reconvergence pessimism
                                 -5.000000   -4.750000   output external delay
                                             -4.750000   data required time
---------------------------------------------------------------------------------------------
                                             -4.750000   data required time
                                             -5.281993   data arrival time
---------------------------------------------------------------------------------------------
                                             10.031993   slack (MET)


Startpoint: instr[11] (input port clocked by __VIRTUAL_CLK__)
Endpoint: ImmExt[2] (output port clocked by __VIRTUAL_CLK__)
Path Group: __VIRTUAL_CLK__
Path Type: min

Fanout         Cap        Slew       Delay        Time   Description
---------------------------------------------------------------------------------------------
                      0.000000    0.000000    0.000000   clock __VIRTUAL_CLK__ (rise edge)
                                  0.000000    0.000000   clock network delay (ideal)
                                  5.000000    5.000000 v input external delay
     1    0.002947    0.004944    0.002394    5.002394 v instr[11] (in)
                                                         instr[11] (net)
                      0.004944    0.000000    5.002394 v input4/A (sky130_fd_sc_hd__clkbuf_1)
     2    0.006328    0.030805    0.058030    5.060424 v input4/X (sky130_fd_sc_hd__clkbuf_1)
                                                         net4 (net)
                      0.030805    0.000087    5.060511 v _11_/A2 (sky130_fd_sc_hd__a21o_1)
     1    0.003219    0.020275    0.110957    5.171467 v _11_/X (sky130_fd_sc_hd__a21o_1)
                                                         net21 (net)
                      0.020275    0.000036    5.171503 v output21/A (sky130_fd_sc_hd__buf_2)
     1    0.034105    0.062350    0.113555    5.285058 v output21/X (sky130_fd_sc_hd__buf_2)
                                                         ImmExt[2] (net)
                      0.062350    0.000242    5.285300 v ImmExt[2] (out)
                                              5.285300   data arrival time

                      0.000000    0.000000    0.000000   clock __VIRTUAL_CLK__ (rise edge)
                                  0.000000    0.000000   clock network delay (ideal)
                                  0.250000    0.250000   clock uncertainty
                                  0.000000    0.250000   clock reconvergence pessimism
                                 -5.000000   -4.750000   output external delay
                                             -4.750000   data required time
---------------------------------------------------------------------------------------------
                                             -4.750000   data required time
                                             -5.285300   data arrival time
---------------------------------------------------------------------------------------------
                                             10.035301   slack (MET)


Startpoint: instr[10] (input port clocked by __VIRTUAL_CLK__)
Endpoint: ImmExt[1] (output port clocked by __VIRTUAL_CLK__)
Path Group: __VIRTUAL_CLK__
Path Type: min

Fanout         Cap        Slew       Delay        Time   Description
---------------------------------------------------------------------------------------------
                      0.000000    0.000000    0.000000   clock __VIRTUAL_CLK__ (rise edge)
                                  0.000000    0.000000   clock network delay (ideal)
                                  5.000000    5.000000 ^ input external delay
     1    0.002878    0.014193    0.007424    5.007424 ^ instr[10] (in)
                                                         instr[10] (net)
                      0.014193    0.000000    5.007424 ^ input3/A (sky130_fd_sc_hd__clkbuf_1)
     2    0.006783    0.065410    0.071215    5.078639 ^ input3/X (sky130_fd_sc_hd__clkbuf_1)
                                                         net3 (net)
                      0.065410    0.000100    5.078739 ^ _09_/A2 (sky130_fd_sc_hd__a21bo_1)
     1    0.003258    0.027520    0.071042    5.149781 ^ _09_/X (sky130_fd_sc_hd__a21bo_1)
                                                         net20 (net)
                      0.027520    0.000036    5.149817 ^ output20/A (sky130_fd_sc_hd__buf_2)
     1    0.033910    0.126908    0.135624    5.285440 ^ output20/X (sky130_fd_sc_hd__buf_2)
                                                         ImmExt[1] (net)
                      0.126908    0.000166    5.285606 ^ ImmExt[1] (out)
                                              5.285606   data arrival time

                      0.000000    0.000000    0.000000   clock __VIRTUAL_CLK__ (rise edge)
                                  0.000000    0.000000   clock network delay (ideal)
                                  0.250000    0.250000   clock uncertainty
                                  0.000000    0.250000   clock reconvergence pessimism
                                 -5.000000   -4.750000   output external delay
                                             -4.750000   data required time
---------------------------------------------------------------------------------------------
                                             -4.750000   data required time
                                             -5.285606   data arrival time
---------------------------------------------------------------------------------------------
                                             10.035606   slack (MET)


Startpoint: ImmSrc[0] (input port clocked by __VIRTUAL_CLK__)
Endpoint: ImmExt[4] (output port clocked by __VIRTUAL_CLK__)
Path Group: __VIRTUAL_CLK__
Path Type: min

Fanout         Cap        Slew       Delay        Time   Description
---------------------------------------------------------------------------------------------
                      0.000000    0.000000    0.000000   clock __VIRTUAL_CLK__ (rise edge)
                                  0.000000    0.000000   clock network delay (ideal)
                                  5.000000    5.000000 v input external delay
     1    0.002637    0.004493    0.002117    5.002117 v ImmSrc[0] (in)
                                                         ImmSrc[0] (net)
                      0.004493    0.000000    5.002117 v input1/A (sky130_fd_sc_hd__buf_1)
     3    0.010181    0.044419    0.069677    5.071794 v input1/X (sky130_fd_sc_hd__buf_1)
                                                         net1 (net)
                      0.044419    0.000183    5.071977 v _13_/A1 (sky130_fd_sc_hd__a21o_1)
     1    0.002970    0.019544    0.100146    5.172122 v _13_/X (sky130_fd_sc_hd__a21o_1)
                                                         net23 (net)
                      0.019544    0.000039    5.172162 v output23/A (sky130_fd_sc_hd__buf_2)
     1    0.034102    0.062342    0.113292    5.285454 v output23/X (sky130_fd_sc_hd__buf_2)
                                                         ImmExt[4] (net)
                      0.062342    0.000242    5.285697 v ImmExt[4] (out)
                                              5.285697   data arrival time

                      0.000000    0.000000    0.000000   clock __VIRTUAL_CLK__ (rise edge)
                                  0.000000    0.000000   clock network delay (ideal)
                                  0.250000    0.250000   clock uncertainty
                                  0.000000    0.250000   clock reconvergence pessimism
                                 -5.000000   -4.750000   output external delay
                                             -4.750000   data required time
---------------------------------------------------------------------------------------------
                                             -4.750000   data required time
                                             -5.285697   data arrival time
---------------------------------------------------------------------------------------------
                                             10.035697   slack (MET)


Startpoint: instr[12] (input port clocked by __VIRTUAL_CLK__)
Endpoint: ImmExt[12] (output port clocked by __VIRTUAL_CLK__)
Path Group: __VIRTUAL_CLK__
Path Type: min

Fanout         Cap        Slew       Delay        Time   Description
---------------------------------------------------------------------------------------------
                      0.000000    0.000000    0.000000   clock __VIRTUAL_CLK__ (rise edge)
                                  0.000000    0.000000   clock network delay (ideal)
                                  5.000000    5.000000 ^ input external delay
     1    0.003141    0.015135    0.008121    5.008121 ^ instr[12] (in)
                                                         instr[12] (net)
                      0.015135    0.000000    5.008121 ^ input5/A (sky130_fd_sc_hd__clkbuf_1)
     2    0.006186    0.060375    0.067971    5.076091 ^ input5/X (sky130_fd_sc_hd__clkbuf_1)
                                                         net5 (net)
                      0.060375    0.000056    5.076147 ^ _22_/A0 (sky130_fd_sc_hd__mux2_1)
     1    0.002146    0.025197    0.075602    5.151750 ^ _22_/X (sky130_fd_sc_hd__mux2_1)
                                                         net16 (net)
                      0.025197    0.000018    5.151768 ^ output16/A (sky130_fd_sc_hd__buf_2)
     1    0.034331    0.128445    0.135826    5.287593 ^ output16/X (sky130_fd_sc_hd__buf_2)
                                                         ImmExt[12] (net)
                      0.128446    0.000357    5.287950 ^ ImmExt[12] (out)
                                              5.287950   data arrival time

                      0.000000    0.000000    0.000000   clock __VIRTUAL_CLK__ (rise edge)
                                  0.000000    0.000000   clock network delay (ideal)
                                  0.250000    0.250000   clock uncertainty
                                  0.000000    0.250000   clock reconvergence pessimism
                                 -5.000000   -4.750000   output external delay
                                             -4.750000   data required time
---------------------------------------------------------------------------------------------
                                             -4.750000   data required time
                                             -5.287950   data arrival time
---------------------------------------------------------------------------------------------
                                             10.037951   slack (MET)


Startpoint: instr[10] (input port clocked by __VIRTUAL_CLK__)
Endpoint: ImmExt[10] (output port clocked by __VIRTUAL_CLK__)
Path Group: __VIRTUAL_CLK__
Path Type: min

Fanout         Cap        Slew       Delay        Time   Description
---------------------------------------------------------------------------------------------
                      0.000000    0.000000    0.000000   clock __VIRTUAL_CLK__ (rise edge)
                                  0.000000    0.000000   clock network delay (ideal)
                                  5.000000    5.000000 ^ input external delay
     1    0.002878    0.014193    0.007424    5.007424 ^ instr[10] (in)
                                                         instr[10] (net)
                      0.014193    0.000000    5.007424 ^ input3/A (sky130_fd_sc_hd__clkbuf_1)
     2    0.006783    0.065410    0.071215    5.078639 ^ input3/X (sky130_fd_sc_hd__clkbuf_1)
                                                         net3 (net)
                      0.065410    0.000043    5.078681 ^ _20_/A0 (sky130_fd_sc_hd__mux2_1)
     1    0.002397    0.026622    0.077958    5.156639 ^ _20_/X (sky130_fd_sc_hd__mux2_1)
                                                         net14 (net)
                      0.026622    0.000024    5.156663 ^ output14/A (sky130_fd_sc_hd__buf_2)
     1    0.033973    0.127138    0.135495    5.292158 ^ output14/X (sky130_fd_sc_hd__buf_2)
                                                         ImmExt[10] (net)
                      0.127138    0.000183    5.292341 ^ ImmExt[10] (out)
                                              5.292341   data arrival time

                      0.000000    0.000000    0.000000   clock __VIRTUAL_CLK__ (rise edge)
                                  0.000000    0.000000   clock network delay (ideal)
                                  0.250000    0.250000   clock uncertainty
                                  0.000000    0.250000   clock reconvergence pessimism
                                 -5.000000   -4.750000   output external delay
                                             -4.750000   data required time
---------------------------------------------------------------------------------------------
                                             -4.750000   data required time
                                             -5.292341   data arrival time
---------------------------------------------------------------------------------------------
                                             10.042340   slack (MET)


Startpoint: instr[9] (input port clocked by __VIRTUAL_CLK__)
Endpoint: ImmExt[9] (output port clocked by __VIRTUAL_CLK__)
Path Group: __VIRTUAL_CLK__
Path Type: min

Fanout         Cap        Slew       Delay        Time   Description
---------------------------------------------------------------------------------------------
                      0.000000    0.000000    0.000000   clock __VIRTUAL_CLK__ (rise edge)
                                  0.000000    0.000000   clock network delay (ideal)
                                  5.000000    5.000000 ^ input external delay
     1    0.003162    0.015210    0.008175    5.008175 ^ instr[9] (in)
                                                         instr[9] (net)
                      0.015210    0.000000    5.008175 ^ input12/A (sky130_fd_sc_hd__clkbuf_1)
     2    0.005937    0.058259    0.066531    5.074706 ^ input12/X (sky130_fd_sc_hd__clkbuf_1)
                                                         net12 (net)
                      0.058278    0.000072    5.074779 ^ _19_/A0 (sky130_fd_sc_hd__mux2_1)
     1    0.003075    0.030358    0.080011    5.154789 ^ _19_/X (sky130_fd_sc_hd__mux2_1)
                                                         net28 (net)
                      0.030358    0.000040    5.154829 ^ output28/A (sky130_fd_sc_hd__buf_2)
     1    0.034319    0.128391    0.137361    5.292190 ^ output28/X (sky130_fd_sc_hd__buf_2)
                                                         ImmExt[9] (net)
                      0.128392    0.000357    5.292547 ^ ImmExt[9] (out)
                                              5.292547   data arrival time

                      0.000000    0.000000    0.000000   clock __VIRTUAL_CLK__ (rise edge)
                                  0.000000    0.000000   clock network delay (ideal)
                                  0.250000    0.250000   clock uncertainty
                                  0.000000    0.250000   clock reconvergence pessimism
                                 -5.000000   -4.750000   output external delay
                                             -4.750000   data required time
---------------------------------------------------------------------------------------------
                                             -4.750000   data required time
                                             -5.292547   data arrival time
---------------------------------------------------------------------------------------------
                                             10.042546   slack (MET)


Startpoint: instr[11] (input port clocked by __VIRTUAL_CLK__)
Endpoint: ImmExt[11] (output port clocked by __VIRTUAL_CLK__)
Path Group: __VIRTUAL_CLK__
Path Type: min

Fanout         Cap        Slew       Delay        Time   Description
---------------------------------------------------------------------------------------------
                      0.000000    0.000000    0.000000   clock __VIRTUAL_CLK__ (rise edge)
                                  0.000000    0.000000   clock network delay (ideal)
                                  5.000000    5.000000 ^ input external delay
     1    0.003133    0.015107    0.008100    5.008100 ^ instr[11] (in)
                                                         instr[11] (net)
                      0.015107    0.000000    5.008100 ^ input4/A (sky130_fd_sc_hd__clkbuf_1)
     2    0.006643    0.064227    0.070643    5.078743 ^ input4/X (sky130_fd_sc_hd__clkbuf_1)
                                                         net4 (net)
                      0.064227    0.000065    5.078808 ^ _21_/A0 (sky130_fd_sc_hd__mux2_1)
     1    0.002887    0.029371    0.080277    5.159085 ^ _21_/X (sky130_fd_sc_hd__mux2_1)
                                                         net15 (net)
                      0.029371    0.000035    5.159120 ^ output15/A (sky130_fd_sc_hd__buf_2)
     1    0.034256    0.128167    0.136915    5.296035 ^ output15/X (sky130_fd_sc_hd__buf_2)
                                                         ImmExt[11] (net)
                      0.128169    0.000345    5.296380 ^ ImmExt[11] (out)
                                              5.296380   data arrival time

                      0.000000    0.000000    0.000000   clock __VIRTUAL_CLK__ (rise edge)
                                  0.000000    0.000000   clock network delay (ideal)
                                  0.250000    0.250000   clock uncertainty
                                  0.000000    0.250000   clock reconvergence pessimism
                                 -5.000000   -4.750000   output external delay
                                             -4.750000   data required time
---------------------------------------------------------------------------------------------
                                             -4.750000   data required time
                                             -5.296380   data arrival time
---------------------------------------------------------------------------------------------
                                             10.046380   slack (MET)


Startpoint: instr[14] (input port clocked by __VIRTUAL_CLK__)
Endpoint: ImmExt[5] (output port clocked by __VIRTUAL_CLK__)
Path Group: __VIRTUAL_CLK__
Path Type: min

Fanout         Cap        Slew       Delay        Time   Description
---------------------------------------------------------------------------------------------
                      0.000000    0.000000    0.000000   clock __VIRTUAL_CLK__ (rise edge)
                                  0.000000    0.000000   clock network delay (ideal)
                                  5.000000    5.000000 v input external delay
     1    0.002705    0.004592    0.002175    5.002175 v instr[14] (in)
                                                         instr[14] (net)
                      0.004592    0.000000    5.002175 v input7/A (sky130_fd_sc_hd__buf_1)
     3    0.009809    0.043046    0.068635    5.070810 v input7/X (sky130_fd_sc_hd__buf_1)
                                                         net7 (net)
                      0.043046    0.000152    5.070962 v _14_/A2 (sky130_fd_sc_hd__a21o_1)
     1    0.002694    0.018701    0.113211    5.184173 v _14_/X (sky130_fd_sc_hd__a21o_1)
                                                         net24 (net)
                      0.018701    0.000023    5.184196 v output24/A (sky130_fd_sc_hd__buf_2)
     1    0.034102    0.062336    0.112994    5.297190 v output24/X (sky130_fd_sc_hd__buf_2)
                                                         ImmExt[5] (net)
                      0.062337    0.000242    5.297433 v ImmExt[5] (out)
                                              5.297433   data arrival time

                      0.000000    0.000000    0.000000   clock __VIRTUAL_CLK__ (rise edge)
                                  0.000000    0.000000   clock network delay (ideal)
                                  0.250000    0.250000   clock uncertainty
                                  0.000000    0.250000   clock reconvergence pessimism
                                 -5.000000   -4.750000   output external delay
                                             -4.750000   data required time
---------------------------------------------------------------------------------------------
                                             -4.750000   data required time
                                             -5.297433   data arrival time
---------------------------------------------------------------------------------------------
                                             10.047434   slack (MET)


Startpoint: instr[13] (input port clocked by __VIRTUAL_CLK__)
Endpoint: ImmExt[13] (output port clocked by __VIRTUAL_CLK__)
Path Group: __VIRTUAL_CLK__
Path Type: min

Fanout         Cap        Slew       Delay        Time   Description
---------------------------------------------------------------------------------------------
                      0.000000    0.000000    0.000000   clock __VIRTUAL_CLK__ (rise edge)
                                  0.000000    0.000000   clock network delay (ideal)
                                  5.000000    5.000000 v input external delay
     1    0.002889    0.004859    0.002342    5.002342 v instr[13] (in)
                                                         instr[13] (net)
                      0.004859    0.000000    5.002342 v input6/A (sky130_fd_sc_hd__buf_1)
     3    0.008539    0.038833    0.064899    5.067241 v input6/X (sky130_fd_sc_hd__buf_1)
                                                         net6 (net)
                      0.038833    0.000123    5.067364 v _23_/B (sky130_fd_sc_hd__and3b_1)
     1    0.002617    0.022917    0.100687    5.168050 v _23_/X (sky130_fd_sc_hd__and3b_1)
                                                         _04_ (net)
                      0.022917    0.000012    5.168063 v _24_/B1 (sky130_fd_sc_hd__a21o_1)
     1    0.002921    0.019402    0.064059    5.232122 v _24_/X (sky130_fd_sc_hd__a21o_1)
                                                         net17 (net)
                      0.019402    0.000038    5.232160 v output17/A (sky130_fd_sc_hd__buf_2)
     1    0.034240    0.062589    0.113335    5.345494 v output17/X (sky130_fd_sc_hd__buf_2)
                                                         ImmExt[13] (net)
                      0.062590    0.000352    5.345846 v ImmExt[13] (out)
                                              5.345846   data arrival time

                      0.000000    0.000000    0.000000   clock __VIRTUAL_CLK__ (rise edge)
                                  0.000000    0.000000   clock network delay (ideal)
                                  0.250000    0.250000   clock uncertainty
                                  0.000000    0.250000   clock reconvergence pessimism
                                 -5.000000   -4.750000   output external delay
                                             -4.750000   data required time
---------------------------------------------------------------------------------------------
                                             -4.750000   data required time
                                             -5.345846   data arrival time
---------------------------------------------------------------------------------------------
                                             10.095846   slack (MET)


Startpoint: instr[14] (input port clocked by __VIRTUAL_CLK__)
Endpoint: ImmExt[14] (output port clocked by __VIRTUAL_CLK__)
Path Group: __VIRTUAL_CLK__
Path Type: min

Fanout         Cap        Slew       Delay        Time   Description
---------------------------------------------------------------------------------------------
                      0.000000    0.000000    0.000000   clock __VIRTUAL_CLK__ (rise edge)
                                  0.000000    0.000000   clock network delay (ideal)
                                  5.000000    5.000000 v input external delay
     1    0.002705    0.004592    0.002175    5.002175 v instr[14] (in)
                                                         instr[14] (net)
                      0.004592    0.000000    5.002175 v input7/A (sky130_fd_sc_hd__buf_1)
     3    0.009809    0.043046    0.068635    5.070810 v input7/X (sky130_fd_sc_hd__buf_1)
                                                         net7 (net)
                      0.043046    0.000193    5.071003 v _25_/B (sky130_fd_sc_hd__and3b_1)
     1    0.003620    0.026292    0.107033    5.178037 v _25_/X (sky130_fd_sc_hd__and3b_1)
                                                         _05_ (net)
                      0.026292    0.000035    5.178072 v _26_/B1 (sky130_fd_sc_hd__a21o_1)
     1    0.003329    0.020609    0.066876    5.244948 v _26_/X (sky130_fd_sc_hd__a21o_1)
                                                         net18 (net)
                      0.020609    0.000043    5.244990 v output18/A (sky130_fd_sc_hd__buf_2)
     1    0.033914    0.062038    0.113489    5.358479 v output18/X (sky130_fd_sc_hd__buf_2)
                                                         ImmExt[14] (net)
                      0.062038    0.000166    5.358645 v ImmExt[14] (out)
                                              5.358645   data arrival time

                      0.000000    0.000000    0.000000   clock __VIRTUAL_CLK__ (rise edge)
                                  0.000000    0.000000   clock network delay (ideal)
                                  0.250000    0.250000   clock uncertainty
                                  0.000000    0.250000   clock reconvergence pessimism
                                 -5.000000   -4.750000   output external delay
                                             -4.750000   data required time
---------------------------------------------------------------------------------------------
                                             -4.750000   data required time
                                             -5.358645   data arrival time
---------------------------------------------------------------------------------------------
                                             10.108644   slack (MET)



