
===========================================================================
report_checks -unconstrained
===========================================================================
======================= nom_tt_025C_1v80 Corner ===================================

Startpoint: func[0] (input port clocked by clk)
Endpoint: ALUControl[1] (output port clocked by clk)
Path Group: clk
Path Type: max

Fanout         Cap        Slew       Delay        Time   Description
---------------------------------------------------------------------------------------------
                      0.000000    0.000000    0.000000   clock clk (rise edge)
                                  0.000000    0.000000   clock network delay (ideal)
                                  5.000000    5.000000 ^ input external delay
     5    0.019609    0.093903    0.064311    5.064312 ^ func[0] (in)
                                                         func[0] (net)
                      0.093903    0.000000    5.064312 ^ _19_/A_N (sky130_fd_sc_hd__and2b_2)
     2    0.003779    0.039161    0.221428    5.285739 v _19_/X (sky130_fd_sc_hd__and2b_2)
                                                         _04_ (net)
                      0.039161    0.000002    5.285741 v _24_/A (sky130_fd_sc_hd__or2_2)
     1    0.002371    0.052974    0.281692    5.567433 v _24_/X (sky130_fd_sc_hd__or2_2)
                                                         _07_ (net)
                      0.052974    0.000002    5.567435 v _25_/B1 (sky130_fd_sc_hd__a22o_2)
     1    0.034160    0.113187    0.292987    5.860423 v _25_/X (sky130_fd_sc_hd__a22o_2)
                                                         ALUControl[1] (net)
                      0.113187    0.000110    5.860533 v ALUControl[1] (out)
                                              5.860533   data arrival time

                      0.000000   25.000000   25.000000   clock clk (rise edge)
                                  0.000000   25.000000   clock network delay (ideal)
                                 -0.250000   24.750000   clock uncertainty
                                  0.000000   24.750000   clock reconvergence pessimism
                                 -5.000000   19.750000   output external delay
                                             19.750000   data required time
---------------------------------------------------------------------------------------------
                                             19.750000   data required time
                                             -5.860533   data arrival time
---------------------------------------------------------------------------------------------
                                             13.889467   slack (MET)




===========================================================================
report_checks --slack_max -0.01
============================================================================
======================= nom_tt_025C_1v80 Corner ===================================

No paths found.


===========================================================================
 report_check_types -max_slew -max_cap -max_fanout -violators
============================================================================
======================= nom_tt_025C_1v80 Corner ===================================

max fanout

Pin                                   Limit Fanout  Slack
---------------------------------------------------------
opcode[0]                                 6      8     -2 (VIOLATED)
opcode[2]                                 6      8     -2 (VIOLATED)



===========================================================================
report_parasitic_annotation -report_unannotated
============================================================================
Found 0 unannotated drivers.
Found 0 partially unannotated drivers.

===========================================================================
max slew violation count 0
Writing metric design__max_slew_violation__count__corner:nom_tt_025C_1v80: 0
max fanout violation count 2
Writing metric design__max_fanout_violation__count__corner:nom_tt_025C_1v80: 2
max cap violation count 0
Writing metric design__max_cap_violation__count__corner:nom_tt_025C_1v80: 0
============================================================================

===========================================================================
check_setup -verbose -unconstrained_endpoints -multiple_clock -no_clock -no_input_delay -loops -generated_clocks
===========================================================================
