
===========================================================================
report_checks -path_delay min (Hold)
============================================================================
======================= nom_tt_025C_1v80 Corner ===================================

Startpoint: opcode[0] (input port clocked by clk)
Endpoint: ResultSrc (output port clocked by clk)
Path Group: clk
Path Type: min

Fanout         Cap        Slew       Delay        Time   Description
---------------------------------------------------------------------------------------------
                      0.000000    0.000000    0.000000   clock clk (rise edge)
                                  0.000000    0.000000   clock network delay (ideal)
                                  5.000000    5.000000 ^ input external delay
     8    0.028035    0.131473    0.090634    5.090634 ^ opcode[0] (in)
                                                         opcode[0] (net)
                      0.131473    0.000000    5.090634 ^ _13_/A (sky130_fd_sc_hd__nor2_2)
     1    0.034110    0.080913    0.118238    5.208873 v _13_/Y (sky130_fd_sc_hd__nor2_2)
                                                         ResultSrc (net)
                      0.080913    0.000096    5.208969 v ResultSrc (out)
                                              5.208969   data arrival time

                      0.000000    0.000000    0.000000   clock clk (rise edge)
                                  0.000000    0.000000   clock network delay (ideal)
                                  0.250000    0.250000   clock uncertainty
                                  0.000000    0.250000   clock reconvergence pessimism
                                 -5.000000   -4.750000   output external delay
                                             -4.750000   data required time
---------------------------------------------------------------------------------------------
                                             -4.750000   data required time
                                             -5.208969   data arrival time
---------------------------------------------------------------------------------------------
                                              9.958969   slack (MET)


Startpoint: opcode[2] (input port clocked by clk)
Endpoint: RegWrite (output port clocked by clk)
Path Group: clk
Path Type: min

Fanout         Cap        Slew       Delay        Time   Description
---------------------------------------------------------------------------------------------
                      0.000000    0.000000    0.000000   clock clk (rise edge)
                                  0.000000    0.000000   clock network delay (ideal)
                                  5.000000    5.000000 ^ input external delay
     8    0.025609    0.120650    0.083047    5.083047 ^ opcode[2] (in)
                                                         opcode[2] (net)
                      0.120650    0.000000    5.083047 ^ _17_/A1 (sky130_fd_sc_hd__o21ai_2)
     1    0.034441    0.138711    0.159107    5.242154 v _17_/Y (sky130_fd_sc_hd__o21ai_2)
                                                         RegWrite (net)
                      0.138711    0.000152    5.242306 v RegWrite (out)
                                              5.242306   data arrival time

                      0.000000    0.000000    0.000000   clock clk (rise edge)
                                  0.000000    0.000000   clock network delay (ideal)
                                  0.250000    0.250000   clock uncertainty
                                  0.000000    0.250000   clock reconvergence pessimism
                                 -5.000000   -4.750000   output external delay
                                             -4.750000   data required time
---------------------------------------------------------------------------------------------
                                             -4.750000   data required time
                                             -5.242306   data arrival time
---------------------------------------------------------------------------------------------
                                              9.992306   slack (MET)


Startpoint: func[3] (input port clocked by clk)
Endpoint: ALUControl[3] (output port clocked by clk)
Path Group: clk
Path Type: min

Fanout         Cap        Slew       Delay        Time   Description
---------------------------------------------------------------------------------------------
                      0.000000    0.000000    0.000000   clock clk (rise edge)
                                  0.000000    0.000000   clock network delay (ideal)
                                  5.000000    5.000000 v input external delay
     3    0.008389    0.020972    0.013563    5.013564 v func[3] (in)
                                                         func[3] (net)
                      0.020972    0.000000    5.013564 v _27_/A (sky130_fd_sc_hd__and2_2)
     1    0.034113    0.101436    0.230043    5.243606 v _27_/X (sky130_fd_sc_hd__and2_2)
                                                         ALUControl[3] (net)
                      0.101436    0.000099    5.243706 v ALUControl[3] (out)
                                              5.243706   data arrival time

                      0.000000    0.000000    0.000000   clock clk (rise edge)
                                  0.000000    0.000000   clock network delay (ideal)
                                  0.250000    0.250000   clock uncertainty
                                  0.000000    0.250000   clock reconvergence pessimism
                                 -5.000000   -4.750000   output external delay
                                             -4.750000   data required time
---------------------------------------------------------------------------------------------
                                             -4.750000   data required time
                                             -5.243706   data arrival time
---------------------------------------------------------------------------------------------
                                              9.993706   slack (MET)


Startpoint: func[1] (input port clocked by clk)
Endpoint: ALUControl[1] (output port clocked by clk)
Path Group: clk
Path Type: min

Fanout         Cap        Slew       Delay        Time   Description
---------------------------------------------------------------------------------------------
                      0.000000    0.000000    0.000000   clock clk (rise edge)
                                  0.000000    0.000000   clock network delay (ideal)
                                  5.000000    5.000000 ^ input external delay
     4    0.009752    0.050303    0.033189    5.033189 ^ func[1] (in)
                                                         func[1] (net)
                      0.050303    0.000000    5.033189 ^ _25_/A1 (sky130_fd_sc_hd__a22o_2)
     1    0.034160    0.179808    0.244983    5.278172 ^ _25_/X (sky130_fd_sc_hd__a22o_2)
                                                         ALUControl[1] (net)
                      0.179808    0.000110    5.278283 ^ ALUControl[1] (out)
                                              5.278283   data arrival time

                      0.000000    0.000000    0.000000   clock clk (rise edge)
                                  0.000000    0.000000   clock network delay (ideal)
                                  0.250000    0.250000   clock uncertainty
                                  0.000000    0.250000   clock reconvergence pessimism
                                 -5.000000   -4.750000   output external delay
                                             -4.750000   data required time
---------------------------------------------------------------------------------------------
                                             -4.750000   data required time
                                             -5.278283   data arrival time
---------------------------------------------------------------------------------------------
                                             10.028282   slack (MET)


Startpoint: func[2] (input port clocked by clk)
Endpoint: ALUControl[2] (output port clocked by clk)
Path Group: clk
Path Type: min

Fanout         Cap        Slew       Delay        Time   Description
---------------------------------------------------------------------------------------------
                      0.000000    0.000000    0.000000   clock clk (rise edge)
                                  0.000000    0.000000   clock network delay (ideal)
                                  5.000000    5.000000 ^ input external delay
     3    0.011044    0.056059    0.037371    5.037371 ^ func[2] (in)
                                                         func[2] (net)
                      0.056059    0.000000    5.037371 ^ _26_/B2 (sky130_fd_sc_hd__a32o_2)
     1    0.034550    0.206511    0.250124    5.287496 ^ _26_/X (sky130_fd_sc_hd__a32o_2)
                                                         ALUControl[2] (net)
                      0.206511    0.000253    5.287749 ^ ALUControl[2] (out)
                                              5.287749   data arrival time

                      0.000000    0.000000    0.000000   clock clk (rise edge)
                                  0.000000    0.000000   clock network delay (ideal)
                                  0.250000    0.250000   clock uncertainty
                                  0.000000    0.250000   clock reconvergence pessimism
                                 -5.000000   -4.750000   output external delay
                                             -4.750000   data required time
---------------------------------------------------------------------------------------------
                                             -4.750000   data required time
                                             -5.287749   data arrival time
---------------------------------------------------------------------------------------------
                                             10.037748   slack (MET)


Startpoint: opcode[0] (input port clocked by clk)
Endpoint: ALUSrc (output port clocked by clk)
Path Group: clk
Path Type: min

Fanout         Cap        Slew       Delay        Time   Description
---------------------------------------------------------------------------------------------
                      0.000000    0.000000    0.000000   clock clk (rise edge)
                                  0.000000    0.000000   clock network delay (ideal)
                                  5.000000    5.000000 v input external delay
     8    0.025759    0.058427    0.041295    5.041296 v opcode[0] (in)
                                                         opcode[0] (net)
                      0.058428    0.000000    5.041296 v _15_/B (sky130_fd_sc_hd__nand2b_2)
     3    0.014522    0.093020    0.104833    5.146129 ^ _15_/Y (sky130_fd_sc_hd__nand2b_2)
                                                         _02_ (net)
                      0.093020    0.000014    5.146142 ^ _16_/B (sky130_fd_sc_hd__nand2_2)
     1    0.034490    0.139692    0.146330    5.292472 v _16_/Y (sky130_fd_sc_hd__nand2_2)
                                                         ALUSrc (net)
                      0.139692    0.000185    5.292657 v ALUSrc (out)
                                              5.292657   data arrival time

                      0.000000    0.000000    0.000000   clock clk (rise edge)
                                  0.000000    0.000000   clock network delay (ideal)
                                  0.250000    0.250000   clock uncertainty
                                  0.000000    0.250000   clock reconvergence pessimism
                                 -5.000000   -4.750000   output external delay
                                             -4.750000   data required time
---------------------------------------------------------------------------------------------
                                             -4.750000   data required time
                                             -5.292657   data arrival time
---------------------------------------------------------------------------------------------
                                             10.042657   slack (MET)


Startpoint: opcode[1] (input port clocked by clk)
Endpoint: MemWrite (output port clocked by clk)
Path Group: clk
Path Type: min

Fanout         Cap        Slew       Delay        Time   Description
---------------------------------------------------------------------------------------------
                      0.000000    0.000000    0.000000   clock clk (rise edge)
                                  0.000000    0.000000   clock network delay (ideal)
                                  5.000000    5.000000 v input external delay
     5    0.014742    0.034688    0.023811    5.023811 v opcode[1] (in)
                                                         opcode[1] (net)
                      0.034689    0.000000    5.023811 v _14_/C (sky130_fd_sc_hd__and3b_2)
     1    0.034536    0.105602    0.282034    5.305844 v _14_/X (sky130_fd_sc_hd__and3b_2)
                                                         MemWrite (net)
                      0.105602    0.000248    5.306093 v MemWrite (out)
                                              5.306093   data arrival time

                      0.000000    0.000000    0.000000   clock clk (rise edge)
                                  0.000000    0.000000   clock network delay (ideal)
                                  0.250000    0.250000   clock uncertainty
                                  0.000000    0.250000   clock reconvergence pessimism
                                 -5.000000   -4.750000   output external delay
                                             -4.750000   data required time
---------------------------------------------------------------------------------------------
                                             -4.750000   data required time
                                             -5.306093   data arrival time
---------------------------------------------------------------------------------------------
                                             10.056093   slack (MET)


Startpoint: opcode[0] (input port clocked by clk)
Endpoint: ImmSrc[1] (output port clocked by clk)
Path Group: clk
Path Type: min

Fanout         Cap        Slew       Delay        Time   Description
---------------------------------------------------------------------------------------------
                      0.000000    0.000000    0.000000   clock clk (rise edge)
                                  0.000000    0.000000   clock network delay (ideal)
                                  5.000000    5.000000 v input external delay
     8    0.025759    0.058427    0.041234    5.041234 v opcode[0] (in)
                                                         opcode[0] (net)
                      0.058428    0.000000    5.041234 v _28_/B (sky130_fd_sc_hd__and3b_2)
     2    0.036837    0.106100    0.283525    5.324759 v _28_/X (sky130_fd_sc_hd__and3b_2)
                                                         ImmSrc[1] (net)
                      0.106100    0.000173    5.324932 v ImmSrc[1] (out)
                                              5.324932   data arrival time

                      0.000000    0.000000    0.000000   clock clk (rise edge)
                                  0.000000    0.000000   clock network delay (ideal)
                                  0.250000    0.250000   clock uncertainty
                                  0.000000    0.250000   clock reconvergence pessimism
                                 -5.000000   -4.750000   output external delay
                                             -4.750000   data required time
---------------------------------------------------------------------------------------------
                                             -4.750000   data required time
                                             -5.324932   data arrival time
---------------------------------------------------------------------------------------------
                                             10.074931   slack (MET)


Startpoint: func[0] (input port clocked by clk)
Endpoint: ALUControl[0] (output port clocked by clk)
Path Group: clk
Path Type: min

Fanout         Cap        Slew       Delay        Time   Description
---------------------------------------------------------------------------------------------
                      0.000000    0.000000    0.000000   clock clk (rise edge)
                                  0.000000    0.000000   clock network delay (ideal)
                                  5.000000    5.000000 ^ input external delay
     5    0.019609    0.093903    0.064313    5.064313 ^ func[0] (in)
                                                         func[0] (net)
                      0.093903    0.000000    5.064313 ^ _22_/B2 (sky130_fd_sc_hd__a221o_2)
     1    0.034612    0.180941    0.266504    5.330817 ^ _22_/X (sky130_fd_sc_hd__a221o_2)
                                                         ALUControl[0] (net)
                      0.180941    0.000199    5.331016 ^ ALUControl[0] (out)
                                              5.331016   data arrival time

                      0.000000    0.000000    0.000000   clock clk (rise edge)
                                  0.000000    0.000000   clock network delay (ideal)
                                  0.250000    0.250000   clock uncertainty
                                  0.000000    0.250000   clock reconvergence pessimism
                                 -5.000000   -4.750000   output external delay
                                             -4.750000   data required time
---------------------------------------------------------------------------------------------
                                             -4.750000   data required time
                                             -5.331016   data arrival time
---------------------------------------------------------------------------------------------
                                             10.081017   slack (MET)


Startpoint: opcode[2] (input port clocked by clk)
Endpoint: ImmSrc[0] (output port clocked by clk)
Path Group: clk
Path Type: min

Fanout         Cap        Slew       Delay        Time   Description
---------------------------------------------------------------------------------------------
                      0.000000    0.000000    0.000000   clock clk (rise edge)
                                  0.000000    0.000000   clock network delay (ideal)
                                  5.000000    5.000000 v input external delay
     8    0.023566    0.053690    0.037770    5.037770 v opcode[2] (in)
                                                         opcode[2] (net)
                      0.053690    0.000000    5.037770 v _20_/C (sky130_fd_sc_hd__and3b_2)
     2    0.037548    0.107499    0.296272    5.334042 v _20_/X (sky130_fd_sc_hd__and3b_2)
                                                         ImmSrc[0] (net)
                      0.107499    0.000233    5.334275 v ImmSrc[0] (out)
                                              5.334275   data arrival time

                      0.000000    0.000000    0.000000   clock clk (rise edge)
                                  0.000000    0.000000   clock network delay (ideal)
                                  0.250000    0.250000   clock uncertainty
                                  0.000000    0.250000   clock reconvergence pessimism
                                 -5.000000   -4.750000   output external delay
                                             -4.750000   data required time
---------------------------------------------------------------------------------------------
                                             -4.750000   data required time
                                             -5.334275   data arrival time
---------------------------------------------------------------------------------------------
                                             10.084275   slack (MET)


Startpoint: opcode[1] (input port clocked by clk)
Endpoint: PCSrc (output port clocked by clk)
Path Group: clk
Path Type: min

Fanout         Cap        Slew       Delay        Time   Description
---------------------------------------------------------------------------------------------
                      0.000000    0.000000    0.000000   clock clk (rise edge)
                                  0.000000    0.000000   clock network delay (ideal)
                                  5.000000    5.000000 v input external delay
     5    0.014742    0.034688    0.023816    5.023816 v opcode[1] (in)
                                                         opcode[1] (net)
                      0.034689    0.000000    5.023816 v _11_/A (sky130_fd_sc_hd__inv_2)
     4    0.008382    0.044489    0.053977    5.077793 ^ _11_/Y (sky130_fd_sc_hd__inv_2)
                                                         _00_ (net)
                      0.044489    0.000017    5.077810 ^ _31_/A2 (sky130_fd_sc_hd__a31o_2)
     1    0.002878    0.036735    0.138431    5.216241 ^ _31_/X (sky130_fd_sc_hd__a31o_2)
                                                         _10_ (net)
                      0.036735    0.000005    5.216246 ^ _32_/B1 (sky130_fd_sc_hd__a21o_2)
     1    0.034253    0.172737    0.184121    5.400367 ^ _32_/X (sky130_fd_sc_hd__a21o_2)
                                                         PCSrc (net)
                      0.172737    0.000117    5.400484 ^ PCSrc (out)
                                              5.400484   data arrival time

                      0.000000    0.000000    0.000000   clock clk (rise edge)
                                  0.000000    0.000000   clock network delay (ideal)
                                  0.250000    0.250000   clock uncertainty
                                  0.000000    0.250000   clock reconvergence pessimism
                                 -5.000000   -4.750000   output external delay
                                             -4.750000   data required time
---------------------------------------------------------------------------------------------
                                             -4.750000   data required time
                                             -5.400484   data arrival time
---------------------------------------------------------------------------------------------
                                             10.150483   slack (MET)



