
===========================================================================
report_checks -path_delay max (Setup)
============================================================================
======================= nom_ff_n40C_1v95 Corner ===================================

Startpoint: ALU_control[0] (input port clocked by __VIRTUAL_CLK__)
Endpoint: zero (output port clocked by __VIRTUAL_CLK__)
Path Group: __VIRTUAL_CLK__
Path Type: max

Fanout         Cap        Slew       Delay        Time   Description
---------------------------------------------------------------------------------------------
                      0.000000    0.000000    0.000000   clock __VIRTUAL_CLK__ (rise edge)
                                  0.000000    0.000000   clock network delay (ideal)
                                  5.000000    5.000000 ^ input external delay
     1    0.003135    0.015118    0.008121    5.008121 ^ ALU_control[0] (in)
                                                         ALU_control[0] (net)
                      0.015119    0.000000    5.008121 ^ input1/A (sky130_fd_sc_hd__clkbuf_1)
     1    0.003947    0.041573    0.054827    5.062948 ^ input1/X (sky130_fd_sc_hd__clkbuf_1)
                                                         net1 (net)
                      0.041573    0.000131    5.063078 ^ fanout106/A (sky130_fd_sc_hd__buf_2)
    10    0.052939    0.194952    0.185231    5.248310 ^ fanout106/X (sky130_fd_sc_hd__buf_2)
                                                         net106 (net)
                      0.194959    0.000988    5.249297 ^ fanout104/A (sky130_fd_sc_hd__buf_2)
    10    0.038322    0.142702    0.177017    5.426314 ^ fanout104/X (sky130_fd_sc_hd__buf_2)
                                                         net104 (net)
                      0.142752    0.000794    5.427109 ^ _418_/D_N (sky130_fd_sc_hd__or4b_1)
     1    0.007148    0.071734    0.268265    5.695374 v _418_/X (sky130_fd_sc_hd__or4b_1)
                                                         _372_ (net)
                      0.071734    0.000277    5.695651 v fanout57/A (sky130_fd_sc_hd__buf_2)
     8    0.046870    0.079398    0.149390    5.845041 v fanout57/X (sky130_fd_sc_hd__buf_2)
                                                         net57 (net)
                      0.079466    0.002101    5.847142 v fanout56/A (sky130_fd_sc_hd__buf_2)
    10    0.040295    0.072342    0.143535    5.990677 v fanout56/X (sky130_fd_sc_hd__buf_2)
                                                         net56 (net)
                      0.072346    0.000674    5.991351 v _554_/B1 (sky130_fd_sc_hd__o31a_1)
     1    0.005632    0.043048    0.085151    6.076502 v _554_/X (sky130_fd_sc_hd__o31a_1)
                                                         _127_ (net)
                      0.043048    0.000183    6.076684 v _555_/B (sky130_fd_sc_hd__xnor2_1)
     3    0.012682    0.219915    0.193133    6.269818 ^ _555_/Y (sky130_fd_sc_hd__xnor2_1)
                                                         _128_ (net)
                      0.219915    0.000348    6.270165 ^ _557_/B (sky130_fd_sc_hd__xnor2_1)
     3    0.009047    0.072952    0.079762    6.349927 v _557_/Y (sky130_fd_sc_hd__xnor2_1)
                                                         _130_ (net)
                      0.072953    0.000274    6.350201 v _598_/A (sky130_fd_sc_hd__or2_1)
     2    0.005979    0.042694    0.157284    6.507484 v _598_/X (sky130_fd_sc_hd__or2_1)
                                                         _169_ (net)
                      0.042694    0.000118    6.507602 v _600_/C (sky130_fd_sc_hd__or4_2)
     4    0.019215    0.102703    0.395348    6.902950 v _600_/X (sky130_fd_sc_hd__or4_2)
                                                         _171_ (net)
                      0.102775    0.001012    6.903962 v _610_/A1 (sky130_fd_sc_hd__a21o_1)
     3    0.007691    0.038388    0.137085    7.041048 v _610_/X (sky130_fd_sc_hd__a21o_1)
                                                         _181_ (net)
                      0.038388    0.000155    7.041203 v _623_/A1 (sky130_fd_sc_hd__a211o_1)
     2    0.006393    0.045403    0.170187    7.211389 v _623_/X (sky130_fd_sc_hd__a211o_1)
                                                         net51 (net)
                      0.045403    0.000197    7.211586 v _765_/C (sky130_fd_sc_hd__or4b_1)
     1    0.010603    0.086468    0.305613    7.517200 v _765_/X (sky130_fd_sc_hd__or4b_1)
                                                         _328_ (net)
                      0.086476    0.000362    7.517562 v _767_/C (sky130_fd_sc_hd__nor4b_1)
     1    0.006905    0.266086    0.252680    7.770242 ^ _767_/Y (sky130_fd_sc_hd__nor4b_1)
                                                         _330_ (net)
                      0.266086    0.000325    7.770566 ^ _768_/D (sky130_fd_sc_hd__and4b_1)
     1    0.002407    0.037847    0.127213    7.897779 ^ _768_/X (sky130_fd_sc_hd__and4b_1)
                                                         net53 (net)
                      0.037847    0.000069    7.897849 ^ output53/A (sky130_fd_sc_hd__buf_2)
     1    0.034595    0.129368    0.140003    8.037851 ^ output53/X (sky130_fd_sc_hd__buf_2)
                                                         zero (net)
                      0.129375    0.000812    8.038663 ^ zero (out)
                                              8.038663   data arrival time

                      0.000000   25.000000   25.000000   clock __VIRTUAL_CLK__ (rise edge)
                                  0.000000   25.000000   clock network delay (ideal)
                                 -0.250000   24.750000   clock uncertainty
                                  0.000000   24.750000   clock reconvergence pessimism
                                 -5.000000   19.750000   output external delay
                                             19.750000   data required time
---------------------------------------------------------------------------------------------
                                             19.750000   data required time
                                             -8.038663   data arrival time
---------------------------------------------------------------------------------------------
                                             11.711336   slack (MET)


Startpoint: ALU_control[0] (input port clocked by __VIRTUAL_CLK__)
Endpoint: ALU_result[15] (output port clocked by __VIRTUAL_CLK__)
Path Group: __VIRTUAL_CLK__
Path Type: max

Fanout         Cap        Slew       Delay        Time   Description
---------------------------------------------------------------------------------------------
                      0.000000    0.000000    0.000000   clock __VIRTUAL_CLK__ (rise edge)
                                  0.000000    0.000000   clock network delay (ideal)
                                  5.000000    5.000000 ^ input external delay
     1    0.003135    0.015118    0.008121    5.008121 ^ ALU_control[0] (in)
                                                         ALU_control[0] (net)
                      0.015119    0.000000    5.008121 ^ input1/A (sky130_fd_sc_hd__clkbuf_1)
     1    0.003947    0.041573    0.054827    5.062948 ^ input1/X (sky130_fd_sc_hd__clkbuf_1)
                                                         net1 (net)
                      0.041573    0.000131    5.063078 ^ fanout106/A (sky130_fd_sc_hd__buf_2)
    10    0.052939    0.194952    0.185231    5.248310 ^ fanout106/X (sky130_fd_sc_hd__buf_2)
                                                         net106 (net)
                      0.194959    0.000988    5.249297 ^ fanout104/A (sky130_fd_sc_hd__buf_2)
    10    0.038322    0.142702    0.177017    5.426314 ^ fanout104/X (sky130_fd_sc_hd__buf_2)
                                                         net104 (net)
                      0.142752    0.000794    5.427109 ^ _418_/D_N (sky130_fd_sc_hd__or4b_1)
     1    0.007148    0.071734    0.268265    5.695374 v _418_/X (sky130_fd_sc_hd__or4b_1)
                                                         _372_ (net)
                      0.071734    0.000277    5.695651 v fanout57/A (sky130_fd_sc_hd__buf_2)
     8    0.046870    0.079398    0.149390    5.845041 v fanout57/X (sky130_fd_sc_hd__buf_2)
                                                         net57 (net)
                      0.079466    0.002101    5.847142 v fanout56/A (sky130_fd_sc_hd__buf_2)
    10    0.040295    0.072342    0.143535    5.990677 v fanout56/X (sky130_fd_sc_hd__buf_2)
                                                         net56 (net)
                      0.072346    0.000674    5.991351 v _554_/B1 (sky130_fd_sc_hd__o31a_1)
     1    0.005632    0.043048    0.085151    6.076502 v _554_/X (sky130_fd_sc_hd__o31a_1)
                                                         _127_ (net)
                      0.043048    0.000183    6.076684 v _555_/B (sky130_fd_sc_hd__xnor2_1)
     3    0.012682    0.219915    0.193133    6.269818 ^ _555_/Y (sky130_fd_sc_hd__xnor2_1)
                                                         _128_ (net)
                      0.219915    0.000348    6.270165 ^ _557_/B (sky130_fd_sc_hd__xnor2_1)
     3    0.009047    0.072952    0.079762    6.349927 v _557_/Y (sky130_fd_sc_hd__xnor2_1)
                                                         _130_ (net)
                      0.072953    0.000274    6.350201 v _598_/A (sky130_fd_sc_hd__or2_1)
     2    0.005979    0.042694    0.157284    6.507484 v _598_/X (sky130_fd_sc_hd__or2_1)
                                                         _169_ (net)
                      0.042694    0.000118    6.507602 v _600_/C (sky130_fd_sc_hd__or4_2)
     4    0.019215    0.102703    0.395348    6.902950 v _600_/X (sky130_fd_sc_hd__or4_2)
                                                         _171_ (net)
                      0.102775    0.000998    6.903949 v _680_/A1 (sky130_fd_sc_hd__a211o_1)
     2    0.009983    0.057726    0.206748    7.110697 v _680_/X (sky130_fd_sc_hd__a211o_1)
                                                         _247_ (net)
                      0.057728    0.000412    7.111108 v _689_/A1 (sky130_fd_sc_hd__a21o_1)
     5    0.014084    0.055614    0.137906    7.249014 v _689_/X (sky130_fd_sc_hd__a21o_1)
                                                         _256_ (net)
                      0.055616    0.000375    7.249389 v _731_/A1 (sky130_fd_sc_hd__a211o_1)
     3    0.007530    0.049255    0.180749    7.430138 v _731_/X (sky130_fd_sc_hd__a211o_1)
                                                         _296_ (net)
                      0.049255    0.000126    7.430264 v _750_/B (sky130_fd_sc_hd__and3_1)
     1    0.002081    0.025126    0.103467    7.533731 v _750_/X (sky130_fd_sc_hd__and3_1)
                                                         _314_ (net)
                      0.025126    0.000059    7.533790 v _752_/B (sky130_fd_sc_hd__or3_1)
     2    0.004656    0.050192    0.202175    7.735965 v _752_/X (sky130_fd_sc_hd__or3_1)
                                                         _316_ (net)
                      0.050192    0.000101    7.736066 v _762_/A (sky130_fd_sc_hd__nand2_1)
     1    0.002894    0.034322    0.045275    7.781341 ^ _762_/Y (sky130_fd_sc_hd__nand2_1)
                                                         net43 (net)
                      0.034322    0.000088    7.781429 ^ output43/A (sky130_fd_sc_hd__buf_2)
     1    0.034578    0.129314    0.138892    7.920321 ^ output43/X (sky130_fd_sc_hd__buf_2)
                                                         ALU_result[15] (net)
                      0.129321    0.000812    7.921133 ^ ALU_result[15] (out)
                                              7.921133   data arrival time

                      0.000000   25.000000   25.000000   clock __VIRTUAL_CLK__ (rise edge)
                                  0.000000   25.000000   clock network delay (ideal)
                                 -0.250000   24.750000   clock uncertainty
                                  0.000000   24.750000   clock reconvergence pessimism
                                 -5.000000   19.750000   output external delay
                                             19.750000   data required time
---------------------------------------------------------------------------------------------
                                             19.750000   data required time
                                             -7.921133   data arrival time
---------------------------------------------------------------------------------------------
                                             11.828867   slack (MET)


Startpoint: ALU_control[0] (input port clocked by __VIRTUAL_CLK__)
Endpoint: ALU_result[14] (output port clocked by __VIRTUAL_CLK__)
Path Group: __VIRTUAL_CLK__
Path Type: max

Fanout         Cap        Slew       Delay        Time   Description
---------------------------------------------------------------------------------------------
                      0.000000    0.000000    0.000000   clock __VIRTUAL_CLK__ (rise edge)
                                  0.000000    0.000000   clock network delay (ideal)
                                  5.000000    5.000000 ^ input external delay
     1    0.003135    0.015118    0.008121    5.008121 ^ ALU_control[0] (in)
                                                         ALU_control[0] (net)
                      0.015119    0.000000    5.008121 ^ input1/A (sky130_fd_sc_hd__clkbuf_1)
     1    0.003947    0.041573    0.054827    5.062948 ^ input1/X (sky130_fd_sc_hd__clkbuf_1)
                                                         net1 (net)
                      0.041573    0.000131    5.063078 ^ fanout106/A (sky130_fd_sc_hd__buf_2)
    10    0.052939    0.194952    0.185231    5.248310 ^ fanout106/X (sky130_fd_sc_hd__buf_2)
                                                         net106 (net)
                      0.194959    0.000988    5.249297 ^ fanout104/A (sky130_fd_sc_hd__buf_2)
    10    0.038322    0.142702    0.177017    5.426314 ^ fanout104/X (sky130_fd_sc_hd__buf_2)
                                                         net104 (net)
                      0.142752    0.000794    5.427109 ^ _418_/D_N (sky130_fd_sc_hd__or4b_1)
     1    0.007148    0.071734    0.268265    5.695374 v _418_/X (sky130_fd_sc_hd__or4b_1)
                                                         _372_ (net)
                      0.071734    0.000277    5.695651 v fanout57/A (sky130_fd_sc_hd__buf_2)
     8    0.046870    0.079398    0.149390    5.845041 v fanout57/X (sky130_fd_sc_hd__buf_2)
                                                         net57 (net)
                      0.079466    0.002101    5.847142 v fanout56/A (sky130_fd_sc_hd__buf_2)
    10    0.040295    0.072342    0.143535    5.990677 v fanout56/X (sky130_fd_sc_hd__buf_2)
                                                         net56 (net)
                      0.072346    0.000674    5.991351 v _554_/B1 (sky130_fd_sc_hd__o31a_1)
     1    0.005632    0.043048    0.085151    6.076502 v _554_/X (sky130_fd_sc_hd__o31a_1)
                                                         _127_ (net)
                      0.043048    0.000183    6.076684 v _555_/B (sky130_fd_sc_hd__xnor2_1)
     3    0.012682    0.219915    0.193133    6.269818 ^ _555_/Y (sky130_fd_sc_hd__xnor2_1)
                                                         _128_ (net)
                      0.219915    0.000348    6.270165 ^ _557_/B (sky130_fd_sc_hd__xnor2_1)
     3    0.009047    0.072952    0.079762    6.349927 v _557_/Y (sky130_fd_sc_hd__xnor2_1)
                                                         _130_ (net)
                      0.072953    0.000274    6.350201 v _598_/A (sky130_fd_sc_hd__or2_1)
     2    0.005979    0.042694    0.157284    6.507484 v _598_/X (sky130_fd_sc_hd__or2_1)
                                                         _169_ (net)
                      0.042694    0.000118    6.507602 v _600_/C (sky130_fd_sc_hd__or4_2)
     4    0.019215    0.102703    0.395348    6.902950 v _600_/X (sky130_fd_sc_hd__or4_2)
                                                         _171_ (net)
                      0.102775    0.000998    6.903949 v _680_/A1 (sky130_fd_sc_hd__a211o_1)
     2    0.009983    0.057726    0.206748    7.110697 v _680_/X (sky130_fd_sc_hd__a211o_1)
                                                         _247_ (net)
                      0.057728    0.000412    7.111108 v _689_/A1 (sky130_fd_sc_hd__a21o_1)
     5    0.014084    0.055614    0.137906    7.249014 v _689_/X (sky130_fd_sc_hd__a21o_1)
                                                         _256_ (net)
                      0.055616    0.000375    7.249389 v _731_/A1 (sky130_fd_sc_hd__a211o_1)
     3    0.007530    0.049255    0.180749    7.430138 v _731_/X (sky130_fd_sc_hd__a211o_1)
                                                         _296_ (net)
                      0.049255    0.000104    7.430243 v _744_/A2 (sky130_fd_sc_hd__a31o_1)
     2    0.005322    0.035240    0.143704    7.573946 v _744_/X (sky130_fd_sc_hd__a31o_1)
                                                         net42 (net)
                      0.035240    0.000121    7.574067 v output42/A (sky130_fd_sc_hd__buf_2)
     1    0.034490    0.063159    0.119494    7.693561 v output42/X (sky130_fd_sc_hd__buf_2)
                                                         ALU_result[14] (net)
                      0.063170    0.000796    7.694356 v ALU_result[14] (out)
                                              7.694356   data arrival time

                      0.000000   25.000000   25.000000   clock __VIRTUAL_CLK__ (rise edge)
                                  0.000000   25.000000   clock network delay (ideal)
                                 -0.250000   24.750000   clock uncertainty
                                  0.000000   24.750000   clock reconvergence pessimism
                                 -5.000000   19.750000   output external delay
                                             19.750000   data required time
---------------------------------------------------------------------------------------------
                                             19.750000   data required time
                                             -7.694356   data arrival time
---------------------------------------------------------------------------------------------
                                             12.055643   slack (MET)


Startpoint: ALU_control[0] (input port clocked by __VIRTUAL_CLK__)
Endpoint: ALU_result[13] (output port clocked by __VIRTUAL_CLK__)
Path Group: __VIRTUAL_CLK__
Path Type: max

Fanout         Cap        Slew       Delay        Time   Description
---------------------------------------------------------------------------------------------
                      0.000000    0.000000    0.000000   clock __VIRTUAL_CLK__ (rise edge)
                                  0.000000    0.000000   clock network delay (ideal)
                                  5.000000    5.000000 ^ input external delay
     1    0.003135    0.015118    0.008121    5.008121 ^ ALU_control[0] (in)
                                                         ALU_control[0] (net)
                      0.015119    0.000000    5.008121 ^ input1/A (sky130_fd_sc_hd__clkbuf_1)
     1    0.003947    0.041573    0.054827    5.062948 ^ input1/X (sky130_fd_sc_hd__clkbuf_1)
                                                         net1 (net)
                      0.041573    0.000131    5.063078 ^ fanout106/A (sky130_fd_sc_hd__buf_2)
    10    0.052939    0.194952    0.185231    5.248310 ^ fanout106/X (sky130_fd_sc_hd__buf_2)
                                                         net106 (net)
                      0.194959    0.000988    5.249297 ^ fanout104/A (sky130_fd_sc_hd__buf_2)
    10    0.038322    0.142702    0.177017    5.426314 ^ fanout104/X (sky130_fd_sc_hd__buf_2)
                                                         net104 (net)
                      0.142752    0.000794    5.427109 ^ _418_/D_N (sky130_fd_sc_hd__or4b_1)
     1    0.007148    0.071734    0.268265    5.695374 v _418_/X (sky130_fd_sc_hd__or4b_1)
                                                         _372_ (net)
                      0.071734    0.000277    5.695651 v fanout57/A (sky130_fd_sc_hd__buf_2)
     8    0.046870    0.079398    0.149390    5.845041 v fanout57/X (sky130_fd_sc_hd__buf_2)
                                                         net57 (net)
                      0.079466    0.002101    5.847142 v fanout56/A (sky130_fd_sc_hd__buf_2)
    10    0.040295    0.072342    0.143535    5.990677 v fanout56/X (sky130_fd_sc_hd__buf_2)
                                                         net56 (net)
                      0.072346    0.000674    5.991351 v _554_/B1 (sky130_fd_sc_hd__o31a_1)
     1    0.005632    0.043048    0.085151    6.076502 v _554_/X (sky130_fd_sc_hd__o31a_1)
                                                         _127_ (net)
                      0.043048    0.000183    6.076684 v _555_/B (sky130_fd_sc_hd__xnor2_1)
     3    0.012682    0.219915    0.193133    6.269818 ^ _555_/Y (sky130_fd_sc_hd__xnor2_1)
                                                         _128_ (net)
                      0.219915    0.000348    6.270165 ^ _557_/B (sky130_fd_sc_hd__xnor2_1)
     3    0.009047    0.072952    0.079762    6.349927 v _557_/Y (sky130_fd_sc_hd__xnor2_1)
                                                         _130_ (net)
                      0.072953    0.000274    6.350201 v _598_/A (sky130_fd_sc_hd__or2_1)
     2    0.005979    0.042694    0.157284    6.507484 v _598_/X (sky130_fd_sc_hd__or2_1)
                                                         _169_ (net)
                      0.042694    0.000118    6.507602 v _600_/C (sky130_fd_sc_hd__or4_2)
     4    0.019215    0.102703    0.395348    6.902950 v _600_/X (sky130_fd_sc_hd__or4_2)
                                                         _171_ (net)
                      0.102775    0.000998    6.903949 v _680_/A1 (sky130_fd_sc_hd__a211o_1)
     2    0.009983    0.057726    0.206748    7.110697 v _680_/X (sky130_fd_sc_hd__a211o_1)
                                                         _247_ (net)
                      0.057728    0.000412    7.111108 v _689_/A1 (sky130_fd_sc_hd__a21o_1)
     5    0.014084    0.055614    0.137906    7.249014 v _689_/X (sky130_fd_sc_hd__a21o_1)
                                                         _256_ (net)
                      0.055616    0.000350    7.249364 v _711_/A2 (sky130_fd_sc_hd__a31o_1)
     1    0.002584    0.026719    0.135001    7.384366 v _711_/X (sky130_fd_sc_hd__a31o_1)
                                                         _277_ (net)
                      0.026719    0.000075    7.384440 v _723_/A2 (sky130_fd_sc_hd__o21ai_1)
     2    0.008176    0.134266    0.122996    7.507437 ^ _723_/Y (sky130_fd_sc_hd__o21ai_1)
                                                         net41 (net)
                      0.134266    0.000132    7.507569 ^ output41/A (sky130_fd_sc_hd__buf_2)
     1    0.034942    0.130592    0.162575    7.670144 ^ output41/X (sky130_fd_sc_hd__buf_2)
                                                         ALU_result[13] (net)
                      0.130596    0.000862    7.671005 ^ ALU_result[13] (out)
                                              7.671005   data arrival time

                      0.000000   25.000000   25.000000   clock __VIRTUAL_CLK__ (rise edge)
                                  0.000000   25.000000   clock network delay (ideal)
                                 -0.250000   24.750000   clock uncertainty
                                  0.000000   24.750000   clock reconvergence pessimism
                                 -5.000000   19.750000   output external delay
                                             19.750000   data required time
---------------------------------------------------------------------------------------------
                                             19.750000   data required time
                                             -7.671005   data arrival time
---------------------------------------------------------------------------------------------
                                             12.078994   slack (MET)


Startpoint: ALU_control[0] (input port clocked by __VIRTUAL_CLK__)
Endpoint: ALU_result[12] (output port clocked by __VIRTUAL_CLK__)
Path Group: __VIRTUAL_CLK__
Path Type: max

Fanout         Cap        Slew       Delay        Time   Description
---------------------------------------------------------------------------------------------
                      0.000000    0.000000    0.000000   clock __VIRTUAL_CLK__ (rise edge)
                                  0.000000    0.000000   clock network delay (ideal)
                                  5.000000    5.000000 ^ input external delay
     1    0.003135    0.015118    0.008121    5.008121 ^ ALU_control[0] (in)
                                                         ALU_control[0] (net)
                      0.015119    0.000000    5.008121 ^ input1/A (sky130_fd_sc_hd__clkbuf_1)
     1    0.003947    0.041573    0.054827    5.062948 ^ input1/X (sky130_fd_sc_hd__clkbuf_1)
                                                         net1 (net)
                      0.041573    0.000131    5.063078 ^ fanout106/A (sky130_fd_sc_hd__buf_2)
    10    0.052939    0.194952    0.185231    5.248310 ^ fanout106/X (sky130_fd_sc_hd__buf_2)
                                                         net106 (net)
                      0.194959    0.000988    5.249297 ^ fanout104/A (sky130_fd_sc_hd__buf_2)
    10    0.038322    0.142702    0.177017    5.426314 ^ fanout104/X (sky130_fd_sc_hd__buf_2)
                                                         net104 (net)
                      0.142752    0.000794    5.427109 ^ _418_/D_N (sky130_fd_sc_hd__or4b_1)
     1    0.007148    0.071734    0.268265    5.695374 v _418_/X (sky130_fd_sc_hd__or4b_1)
                                                         _372_ (net)
                      0.071734    0.000277    5.695651 v fanout57/A (sky130_fd_sc_hd__buf_2)
     8    0.046870    0.079398    0.149390    5.845041 v fanout57/X (sky130_fd_sc_hd__buf_2)
                                                         net57 (net)
                      0.079466    0.002101    5.847142 v fanout56/A (sky130_fd_sc_hd__buf_2)
    10    0.040295    0.072342    0.143535    5.990677 v fanout56/X (sky130_fd_sc_hd__buf_2)
                                                         net56 (net)
                      0.072346    0.000674    5.991351 v _554_/B1 (sky130_fd_sc_hd__o31a_1)
     1    0.005632    0.043048    0.085151    6.076502 v _554_/X (sky130_fd_sc_hd__o31a_1)
                                                         _127_ (net)
                      0.043048    0.000183    6.076684 v _555_/B (sky130_fd_sc_hd__xnor2_1)
     3    0.012682    0.219915    0.193133    6.269818 ^ _555_/Y (sky130_fd_sc_hd__xnor2_1)
                                                         _128_ (net)
                      0.219915    0.000348    6.270165 ^ _557_/B (sky130_fd_sc_hd__xnor2_1)
     3    0.009047    0.072952    0.079762    6.349927 v _557_/Y (sky130_fd_sc_hd__xnor2_1)
                                                         _130_ (net)
                      0.072953    0.000274    6.350201 v _598_/A (sky130_fd_sc_hd__or2_1)
     2    0.005979    0.042694    0.157284    6.507484 v _598_/X (sky130_fd_sc_hd__or2_1)
                                                         _169_ (net)
                      0.042694    0.000118    6.507602 v _600_/C (sky130_fd_sc_hd__or4_2)
     4    0.019215    0.102703    0.395348    6.902950 v _600_/X (sky130_fd_sc_hd__or4_2)
                                                         _171_ (net)
                      0.102775    0.000998    6.903949 v _680_/A1 (sky130_fd_sc_hd__a211o_1)
     2    0.009983    0.057726    0.206748    7.110697 v _680_/X (sky130_fd_sc_hd__a211o_1)
                                                         _247_ (net)
                      0.057728    0.000416    7.111113 v _690_/A (sky130_fd_sc_hd__and3_1)
     1    0.001861    0.024478    0.092719    7.203832 v _690_/X (sky130_fd_sc_hd__and3_1)
                                                         _257_ (net)
                      0.024478    0.000053    7.203885 v _691_/A (sky130_fd_sc_hd__or3b_1)
     2    0.005778    0.054440    0.224551    7.428435 v _691_/X (sky130_fd_sc_hd__or3b_1)
                                                         _258_ (net)
                      0.054440    0.000172    7.428607 v _704_/A (sky130_fd_sc_hd__nand2_1)
     1    0.002308    0.031307    0.043958    7.472565 ^ _704_/Y (sky130_fd_sc_hd__nand2_1)
                                                         net40 (net)
                      0.031307    0.000066    7.472631 ^ output40/A (sky130_fd_sc_hd__buf_2)
     1    0.034633    0.129574    0.138109    7.610740 ^ output40/X (sky130_fd_sc_hd__buf_2)
                                                         ALU_result[12] (net)
                      0.129582    0.000814    7.611553 ^ ALU_result[12] (out)
                                              7.611553   data arrival time

                      0.000000   25.000000   25.000000   clock __VIRTUAL_CLK__ (rise edge)
                                  0.000000   25.000000   clock network delay (ideal)
                                 -0.250000   24.750000   clock uncertainty
                                  0.000000   24.750000   clock reconvergence pessimism
                                 -5.000000   19.750000   output external delay
                                             19.750000   data required time
---------------------------------------------------------------------------------------------
                                             19.750000   data required time
                                             -7.611553   data arrival time
---------------------------------------------------------------------------------------------
                                             12.138446   slack (MET)


Startpoint: ALU_control[0] (input port clocked by __VIRTUAL_CLK__)
Endpoint: ALU_result[9] (output port clocked by __VIRTUAL_CLK__)
Path Group: __VIRTUAL_CLK__
Path Type: max

Fanout         Cap        Slew       Delay        Time   Description
---------------------------------------------------------------------------------------------
                      0.000000    0.000000    0.000000   clock __VIRTUAL_CLK__ (rise edge)
                                  0.000000    0.000000   clock network delay (ideal)
                                  5.000000    5.000000 ^ input external delay
     1    0.003135    0.015118    0.008121    5.008121 ^ ALU_control[0] (in)
                                                         ALU_control[0] (net)
                      0.015119    0.000000    5.008121 ^ input1/A (sky130_fd_sc_hd__clkbuf_1)
     1    0.003947    0.041573    0.054827    5.062948 ^ input1/X (sky130_fd_sc_hd__clkbuf_1)
                                                         net1 (net)
                      0.041573    0.000131    5.063078 ^ fanout106/A (sky130_fd_sc_hd__buf_2)
    10    0.052939    0.194952    0.185231    5.248310 ^ fanout106/X (sky130_fd_sc_hd__buf_2)
                                                         net106 (net)
                      0.194959    0.000988    5.249297 ^ fanout104/A (sky130_fd_sc_hd__buf_2)
    10    0.038322    0.142702    0.177017    5.426314 ^ fanout104/X (sky130_fd_sc_hd__buf_2)
                                                         net104 (net)
                      0.142752    0.000794    5.427109 ^ _418_/D_N (sky130_fd_sc_hd__or4b_1)
     1    0.007148    0.071734    0.268265    5.695374 v _418_/X (sky130_fd_sc_hd__or4b_1)
                                                         _372_ (net)
                      0.071734    0.000277    5.695651 v fanout57/A (sky130_fd_sc_hd__buf_2)
     8    0.046870    0.079398    0.149390    5.845041 v fanout57/X (sky130_fd_sc_hd__buf_2)
                                                         net57 (net)
                      0.079466    0.002101    5.847142 v fanout56/A (sky130_fd_sc_hd__buf_2)
    10    0.040295    0.072342    0.143535    5.990677 v fanout56/X (sky130_fd_sc_hd__buf_2)
                                                         net56 (net)
                      0.072346    0.000674    5.991351 v _554_/B1 (sky130_fd_sc_hd__o31a_1)
     1    0.005632    0.043048    0.085151    6.076502 v _554_/X (sky130_fd_sc_hd__o31a_1)
                                                         _127_ (net)
                      0.043048    0.000183    6.076684 v _555_/B (sky130_fd_sc_hd__xnor2_1)
     3    0.012682    0.219915    0.193133    6.269818 ^ _555_/Y (sky130_fd_sc_hd__xnor2_1)
                                                         _128_ (net)
                      0.219915    0.000348    6.270165 ^ _557_/B (sky130_fd_sc_hd__xnor2_1)
     3    0.009047    0.072952    0.079762    6.349927 v _557_/Y (sky130_fd_sc_hd__xnor2_1)
                                                         _130_ (net)
                      0.072953    0.000274    6.350201 v _598_/A (sky130_fd_sc_hd__or2_1)
     2    0.005979    0.042694    0.157284    6.507484 v _598_/X (sky130_fd_sc_hd__or2_1)
                                                         _169_ (net)
                      0.042694    0.000118    6.507602 v _600_/C (sky130_fd_sc_hd__or4_2)
     4    0.019215    0.102703    0.395348    6.902950 v _600_/X (sky130_fd_sc_hd__or4_2)
                                                         _171_ (net)
                      0.102775    0.001012    6.903962 v _610_/A1 (sky130_fd_sc_hd__a21o_1)
     3    0.007691    0.038388    0.137085    7.041048 v _610_/X (sky130_fd_sc_hd__a21o_1)
                                                         _181_ (net)
                      0.038388    0.000092    7.041140 v _627_/B (sky130_fd_sc_hd__and3_1)
     1    0.002587    0.026635    0.101635    7.142774 v _627_/X (sky130_fd_sc_hd__and3_1)
                                                         _197_ (net)
                      0.026635    0.000049    7.142823 v _639_/A2 (sky130_fd_sc_hd__o31ai_1)
     2    0.009674    0.258881    0.241463    7.384286 ^ _639_/Y (sky130_fd_sc_hd__o31ai_1)
                                                         net52 (net)
                      0.258882    0.000330    7.384617 ^ output52/A (sky130_fd_sc_hd__buf_2)
     1    0.034844    0.130835    0.175221    7.559837 ^ output52/X (sky130_fd_sc_hd__buf_2)
                                                         ALU_result[9] (net)
                      0.130838    0.000846    7.560683 ^ ALU_result[9] (out)
                                              7.560683   data arrival time

                      0.000000   25.000000   25.000000   clock __VIRTUAL_CLK__ (rise edge)
                                  0.000000   25.000000   clock network delay (ideal)
                                 -0.250000   24.750000   clock uncertainty
                                  0.000000   24.750000   clock reconvergence pessimism
                                 -5.000000   19.750000   output external delay
                                             19.750000   data required time
---------------------------------------------------------------------------------------------
                                             19.750000   data required time
                                             -7.560683   data arrival time
---------------------------------------------------------------------------------------------
                                             12.189317   slack (MET)


Startpoint: ALU_control[0] (input port clocked by __VIRTUAL_CLK__)
Endpoint: ALU_result[11] (output port clocked by __VIRTUAL_CLK__)
Path Group: __VIRTUAL_CLK__
Path Type: max

Fanout         Cap        Slew       Delay        Time   Description
---------------------------------------------------------------------------------------------
                      0.000000    0.000000    0.000000   clock __VIRTUAL_CLK__ (rise edge)
                                  0.000000    0.000000   clock network delay (ideal)
                                  5.000000    5.000000 ^ input external delay
     1    0.003135    0.015118    0.008121    5.008121 ^ ALU_control[0] (in)
                                                         ALU_control[0] (net)
                      0.015119    0.000000    5.008121 ^ input1/A (sky130_fd_sc_hd__clkbuf_1)
     1    0.003947    0.041573    0.054827    5.062948 ^ input1/X (sky130_fd_sc_hd__clkbuf_1)
                                                         net1 (net)
                      0.041573    0.000131    5.063078 ^ fanout106/A (sky130_fd_sc_hd__buf_2)
    10    0.052939    0.194952    0.185231    5.248310 ^ fanout106/X (sky130_fd_sc_hd__buf_2)
                                                         net106 (net)
                      0.194959    0.000988    5.249297 ^ fanout104/A (sky130_fd_sc_hd__buf_2)
    10    0.038322    0.142702    0.177017    5.426314 ^ fanout104/X (sky130_fd_sc_hd__buf_2)
                                                         net104 (net)
                      0.142752    0.000794    5.427109 ^ _418_/D_N (sky130_fd_sc_hd__or4b_1)
     1    0.007148    0.071734    0.268265    5.695374 v _418_/X (sky130_fd_sc_hd__or4b_1)
                                                         _372_ (net)
                      0.071734    0.000277    5.695651 v fanout57/A (sky130_fd_sc_hd__buf_2)
     8    0.046870    0.079398    0.149390    5.845041 v fanout57/X (sky130_fd_sc_hd__buf_2)
                                                         net57 (net)
                      0.079466    0.002101    5.847142 v fanout56/A (sky130_fd_sc_hd__buf_2)
    10    0.040295    0.072342    0.143535    5.990677 v fanout56/X (sky130_fd_sc_hd__buf_2)
                                                         net56 (net)
                      0.072346    0.000674    5.991351 v _554_/B1 (sky130_fd_sc_hd__o31a_1)
     1    0.005632    0.043048    0.085151    6.076502 v _554_/X (sky130_fd_sc_hd__o31a_1)
                                                         _127_ (net)
                      0.043048    0.000183    6.076684 v _555_/B (sky130_fd_sc_hd__xnor2_1)
     3    0.012682    0.219915    0.193133    6.269818 ^ _555_/Y (sky130_fd_sc_hd__xnor2_1)
                                                         _128_ (net)
                      0.219915    0.000348    6.270165 ^ _557_/B (sky130_fd_sc_hd__xnor2_1)
     3    0.009047    0.072952    0.079762    6.349927 v _557_/Y (sky130_fd_sc_hd__xnor2_1)
                                                         _130_ (net)
                      0.072953    0.000274    6.350201 v _598_/A (sky130_fd_sc_hd__or2_1)
     2    0.005979    0.042694    0.157284    6.507484 v _598_/X (sky130_fd_sc_hd__or2_1)
                                                         _169_ (net)
                      0.042694    0.000118    6.507602 v _600_/C (sky130_fd_sc_hd__or4_2)
     4    0.019215    0.102703    0.395348    6.902950 v _600_/X (sky130_fd_sc_hd__or4_2)
                                                         _171_ (net)
                      0.102774    0.000960    6.903911 v _645_/A1 (sky130_fd_sc_hd__a21o_1)
     2    0.005015    0.030529    0.128952    7.032862 v _645_/X (sky130_fd_sc_hd__a21o_1)
                                                         _214_ (net)
                      0.030529    0.000101    7.032963 v _649_/A1 (sky130_fd_sc_hd__a21oi_1)
     3    0.010446    0.179794    0.155509    7.188472 ^ _649_/Y (sky130_fd_sc_hd__a21oi_1)
                                                         _218_ (net)
                      0.179795    0.000251    7.188724 ^ _667_/B (sky130_fd_sc_hd__or3_1)
     1    0.003065    0.031611    0.085613    7.274336 ^ _667_/X (sky130_fd_sc_hd__or3_1)
                                                         _235_ (net)
                      0.031611    0.000089    7.274425 ^ _678_/A3 (sky130_fd_sc_hd__a31o_1)
     2    0.005950    0.052230    0.094917    7.369342 ^ _678_/X (sky130_fd_sc_hd__a31o_1)
                                                         net39 (net)
                      0.052230    0.000137    7.369479 ^ output39/A (sky130_fd_sc_hd__buf_2)
     1    0.034888    0.130382    0.145033    7.514512 ^ output39/X (sky130_fd_sc_hd__buf_2)
                                                         ALU_result[11] (net)
                      0.130390    0.000886    7.515399 ^ ALU_result[11] (out)
                                              7.515399   data arrival time

                      0.000000   25.000000   25.000000   clock __VIRTUAL_CLK__ (rise edge)
                                  0.000000   25.000000   clock network delay (ideal)
                                 -0.250000   24.750000   clock uncertainty
                                  0.000000   24.750000   clock reconvergence pessimism
                                 -5.000000   19.750000   output external delay
                                             19.750000   data required time
---------------------------------------------------------------------------------------------
                                             19.750000   data required time
                                             -7.515399   data arrival time
---------------------------------------------------------------------------------------------
                                             12.234601   slack (MET)


Startpoint: ALU_control[0] (input port clocked by __VIRTUAL_CLK__)
Endpoint: ALU_result[10] (output port clocked by __VIRTUAL_CLK__)
Path Group: __VIRTUAL_CLK__
Path Type: max

Fanout         Cap        Slew       Delay        Time   Description
---------------------------------------------------------------------------------------------
                      0.000000    0.000000    0.000000   clock __VIRTUAL_CLK__ (rise edge)
                                  0.000000    0.000000   clock network delay (ideal)
                                  5.000000    5.000000 ^ input external delay
     1    0.003135    0.015118    0.008121    5.008121 ^ ALU_control[0] (in)
                                                         ALU_control[0] (net)
                      0.015119    0.000000    5.008121 ^ input1/A (sky130_fd_sc_hd__clkbuf_1)
     1    0.003947    0.041573    0.054827    5.062948 ^ input1/X (sky130_fd_sc_hd__clkbuf_1)
                                                         net1 (net)
                      0.041573    0.000131    5.063078 ^ fanout106/A (sky130_fd_sc_hd__buf_2)
    10    0.052939    0.194952    0.185231    5.248310 ^ fanout106/X (sky130_fd_sc_hd__buf_2)
                                                         net106 (net)
                      0.194959    0.000988    5.249297 ^ fanout104/A (sky130_fd_sc_hd__buf_2)
    10    0.038322    0.142702    0.177017    5.426314 ^ fanout104/X (sky130_fd_sc_hd__buf_2)
                                                         net104 (net)
                      0.142752    0.000794    5.427109 ^ _418_/D_N (sky130_fd_sc_hd__or4b_1)
     1    0.007148    0.071734    0.268265    5.695374 v _418_/X (sky130_fd_sc_hd__or4b_1)
                                                         _372_ (net)
                      0.071734    0.000277    5.695651 v fanout57/A (sky130_fd_sc_hd__buf_2)
     8    0.046870    0.079398    0.149390    5.845041 v fanout57/X (sky130_fd_sc_hd__buf_2)
                                                         net57 (net)
                      0.079466    0.002101    5.847142 v fanout56/A (sky130_fd_sc_hd__buf_2)
    10    0.040295    0.072342    0.143535    5.990677 v fanout56/X (sky130_fd_sc_hd__buf_2)
                                                         net56 (net)
                      0.072346    0.000674    5.991351 v _554_/B1 (sky130_fd_sc_hd__o31a_1)
     1    0.005632    0.043048    0.085151    6.076502 v _554_/X (sky130_fd_sc_hd__o31a_1)
                                                         _127_ (net)
                      0.043048    0.000183    6.076684 v _555_/B (sky130_fd_sc_hd__xnor2_1)
     3    0.012682    0.219915    0.193133    6.269818 ^ _555_/Y (sky130_fd_sc_hd__xnor2_1)
                                                         _128_ (net)
                      0.219915    0.000348    6.270165 ^ _557_/B (sky130_fd_sc_hd__xnor2_1)
     3    0.009047    0.072952    0.079762    6.349927 v _557_/Y (sky130_fd_sc_hd__xnor2_1)
                                                         _130_ (net)
                      0.072953    0.000274    6.350201 v _598_/A (sky130_fd_sc_hd__or2_1)
     2    0.005979    0.042694    0.157284    6.507484 v _598_/X (sky130_fd_sc_hd__or2_1)
                                                         _169_ (net)
                      0.042694    0.000118    6.507602 v _600_/C (sky130_fd_sc_hd__or4_2)
     4    0.019215    0.102703    0.395348    6.902950 v _600_/X (sky130_fd_sc_hd__or4_2)
                                                         _171_ (net)
                      0.102774    0.000960    6.903911 v _645_/A1 (sky130_fd_sc_hd__a21o_1)
     2    0.005015    0.030529    0.128952    7.032862 v _645_/X (sky130_fd_sc_hd__a21o_1)
                                                         _214_ (net)
                      0.030529    0.000072    7.032934 v _648_/B (sky130_fd_sc_hd__and3_1)
     1    0.003766    0.030646    0.104003    7.136937 v _648_/X (sky130_fd_sc_hd__and3_1)
                                                         _217_ (net)
                      0.030646    0.000088    7.137025 v _662_/A2 (sky130_fd_sc_hd__o31ai_1)
     2    0.006106    0.191142    0.191199    7.328224 ^ _662_/Y (sky130_fd_sc_hd__o31ai_1)
                                                         net38 (net)
                      0.191142    0.000175    7.328399 ^ output38/A (sky130_fd_sc_hd__buf_2)
     1    0.034656    0.129855    0.167773    7.496172 ^ output38/X (sky130_fd_sc_hd__buf_2)
                                                         ALU_result[10] (net)
                      0.129858    0.000827    7.496999 ^ ALU_result[10] (out)
                                              7.496999   data arrival time

                      0.000000   25.000000   25.000000   clock __VIRTUAL_CLK__ (rise edge)
                                  0.000000   25.000000   clock network delay (ideal)
                                 -0.250000   24.750000   clock uncertainty
                                  0.000000   24.750000   clock reconvergence pessimism
                                 -5.000000   19.750000   output external delay
                                             19.750000   data required time
---------------------------------------------------------------------------------------------
                                             19.750000   data required time
                                             -7.496999   data arrival time
---------------------------------------------------------------------------------------------
                                             12.253001   slack (MET)


Startpoint: ALU_control[0] (input port clocked by __VIRTUAL_CLK__)
Endpoint: ALU_result[8] (output port clocked by __VIRTUAL_CLK__)
Path Group: __VIRTUAL_CLK__
Path Type: max

Fanout         Cap        Slew       Delay        Time   Description
---------------------------------------------------------------------------------------------
                      0.000000    0.000000    0.000000   clock __VIRTUAL_CLK__ (rise edge)
                                  0.000000    0.000000   clock network delay (ideal)
                                  5.000000    5.000000 ^ input external delay
     1    0.003135    0.015118    0.008121    5.008121 ^ ALU_control[0] (in)
                                                         ALU_control[0] (net)
                      0.015119    0.000000    5.008121 ^ input1/A (sky130_fd_sc_hd__clkbuf_1)
     1    0.003947    0.041573    0.054827    5.062948 ^ input1/X (sky130_fd_sc_hd__clkbuf_1)
                                                         net1 (net)
                      0.041573    0.000131    5.063078 ^ fanout106/A (sky130_fd_sc_hd__buf_2)
    10    0.052939    0.194952    0.185231    5.248310 ^ fanout106/X (sky130_fd_sc_hd__buf_2)
                                                         net106 (net)
                      0.194959    0.000988    5.249297 ^ fanout104/A (sky130_fd_sc_hd__buf_2)
    10    0.038322    0.142702    0.177017    5.426314 ^ fanout104/X (sky130_fd_sc_hd__buf_2)
                                                         net104 (net)
                      0.142752    0.000794    5.427109 ^ _418_/D_N (sky130_fd_sc_hd__or4b_1)
     1    0.007148    0.071734    0.268265    5.695374 v _418_/X (sky130_fd_sc_hd__or4b_1)
                                                         _372_ (net)
                      0.071734    0.000277    5.695651 v fanout57/A (sky130_fd_sc_hd__buf_2)
     8    0.046870    0.079398    0.149390    5.845041 v fanout57/X (sky130_fd_sc_hd__buf_2)
                                                         net57 (net)
                      0.079466    0.002101    5.847142 v fanout56/A (sky130_fd_sc_hd__buf_2)
    10    0.040295    0.072342    0.143535    5.990677 v fanout56/X (sky130_fd_sc_hd__buf_2)
                                                         net56 (net)
                      0.072346    0.000674    5.991351 v _554_/B1 (sky130_fd_sc_hd__o31a_1)
     1    0.005632    0.043048    0.085151    6.076502 v _554_/X (sky130_fd_sc_hd__o31a_1)
                                                         _127_ (net)
                      0.043048    0.000183    6.076684 v _555_/B (sky130_fd_sc_hd__xnor2_1)
     3    0.012682    0.219915    0.193133    6.269818 ^ _555_/Y (sky130_fd_sc_hd__xnor2_1)
                                                         _128_ (net)
                      0.219915    0.000348    6.270165 ^ _557_/B (sky130_fd_sc_hd__xnor2_1)
     3    0.009047    0.072952    0.079762    6.349927 v _557_/Y (sky130_fd_sc_hd__xnor2_1)
                                                         _130_ (net)
                      0.072953    0.000274    6.350201 v _598_/A (sky130_fd_sc_hd__or2_1)
     2    0.005979    0.042694    0.157284    6.507484 v _598_/X (sky130_fd_sc_hd__or2_1)
                                                         _169_ (net)
                      0.042694    0.000118    6.507602 v _600_/C (sky130_fd_sc_hd__or4_2)
     4    0.019215    0.102703    0.395348    6.902950 v _600_/X (sky130_fd_sc_hd__or4_2)
                                                         _171_ (net)
                      0.102775    0.001012    6.903962 v _610_/A1 (sky130_fd_sc_hd__a21o_1)
     3    0.007691    0.038388    0.137085    7.041048 v _610_/X (sky130_fd_sc_hd__a21o_1)
                                                         _181_ (net)
                      0.038388    0.000155    7.041203 v _623_/A1 (sky130_fd_sc_hd__a211o_1)
     2    0.006393    0.045403    0.170187    7.211389 v _623_/X (sky130_fd_sc_hd__a211o_1)
                                                         net51 (net)
                      0.045403    0.000200    7.211589 v output51/A (sky130_fd_sc_hd__buf_2)
     1    0.034094    0.062541    0.123126    7.334714 v output51/X (sky130_fd_sc_hd__buf_2)
                                                         ALU_result[8] (net)
                      0.062549    0.000705    7.335420 v ALU_result[8] (out)
                                              7.335420   data arrival time

                      0.000000   25.000000   25.000000   clock __VIRTUAL_CLK__ (rise edge)
                                  0.000000   25.000000   clock network delay (ideal)
                                 -0.250000   24.750000   clock uncertainty
                                  0.000000   24.750000   clock reconvergence pessimism
                                 -5.000000   19.750000   output external delay
                                             19.750000   data required time
---------------------------------------------------------------------------------------------
                                             19.750000   data required time
                                             -7.335420   data arrival time
---------------------------------------------------------------------------------------------
                                             12.414580   slack (MET)


Startpoint: ALU_control[0] (input port clocked by __VIRTUAL_CLK__)
Endpoint: ALU_result[7] (output port clocked by __VIRTUAL_CLK__)
Path Group: __VIRTUAL_CLK__
Path Type: max

Fanout         Cap        Slew       Delay        Time   Description
---------------------------------------------------------------------------------------------
                      0.000000    0.000000    0.000000   clock __VIRTUAL_CLK__ (rise edge)
                                  0.000000    0.000000   clock network delay (ideal)
                                  5.000000    5.000000 ^ input external delay
     1    0.003135    0.015118    0.008121    5.008121 ^ ALU_control[0] (in)
                                                         ALU_control[0] (net)
                      0.015119    0.000000    5.008121 ^ input1/A (sky130_fd_sc_hd__clkbuf_1)
     1    0.003947    0.041573    0.054827    5.062948 ^ input1/X (sky130_fd_sc_hd__clkbuf_1)
                                                         net1 (net)
                      0.041573    0.000131    5.063078 ^ fanout106/A (sky130_fd_sc_hd__buf_2)
    10    0.052939    0.194952    0.185231    5.248310 ^ fanout106/X (sky130_fd_sc_hd__buf_2)
                                                         net106 (net)
                      0.194959    0.000988    5.249297 ^ fanout104/A (sky130_fd_sc_hd__buf_2)
    10    0.038322    0.142702    0.177017    5.426314 ^ fanout104/X (sky130_fd_sc_hd__buf_2)
                                                         net104 (net)
                      0.142752    0.000794    5.427109 ^ _418_/D_N (sky130_fd_sc_hd__or4b_1)
     1    0.007148    0.071734    0.268265    5.695374 v _418_/X (sky130_fd_sc_hd__or4b_1)
                                                         _372_ (net)
                      0.071734    0.000277    5.695651 v fanout57/A (sky130_fd_sc_hd__buf_2)
     8    0.046870    0.079398    0.149390    5.845041 v fanout57/X (sky130_fd_sc_hd__buf_2)
                                                         net57 (net)
                      0.079406    0.000848    5.845889 v _446_/B (sky130_fd_sc_hd__and2b_1)
     1    0.004664    0.030251    0.120967    5.966856 v _446_/X (sky130_fd_sc_hd__and2b_1)
                                                         _023_ (net)
                      0.030251    0.000134    5.966990 v _447_/B (sky130_fd_sc_hd__xnor2_1)
     2    0.010809    0.193201    0.169196    6.136187 ^ _447_/Y (sky130_fd_sc_hd__xnor2_1)
                                                         _024_ (net)
                      0.193201    0.000207    6.136394 ^ _449_/B (sky130_fd_sc_hd__xor2_2)
     4    0.013545    0.152396    0.141465    6.277859 ^ _449_/X (sky130_fd_sc_hd__xor2_2)
                                                         _026_ (net)
                      0.152396    0.000234    6.278093 ^ _509_/A2 (sky130_fd_sc_hd__a211oi_2)
     3    0.019149    0.078020    0.091327    6.369420 v _509_/Y (sky130_fd_sc_hd__a211oi_2)
                                                         _084_ (net)
                      0.078029    0.000663    6.370083 v _510_/C (sky130_fd_sc_hd__or3_2)
     5    0.016283    0.079596    0.283309    6.653392 v _510_/X (sky130_fd_sc_hd__or3_2)
                                                         _085_ (net)
                      0.079597    0.000525    6.653917 v _559_/A2 (sky130_fd_sc_hd__a311o_1)
     3    0.009859    0.063799    0.236199    6.890116 v _559_/X (sky130_fd_sc_hd__a311o_1)
                                                         _132_ (net)
                      0.063800    0.000272    6.890388 v _583_/A2 (sky130_fd_sc_hd__a21o_1)
     1    0.002547    0.023117    0.119997    7.010386 v _583_/X (sky130_fd_sc_hd__a21o_1)
                                                         _155_ (net)
                      0.023117    0.000050    7.010436 v _597_/A3 (sky130_fd_sc_hd__a31o_1)
     2    0.007053    0.040501    0.146383    7.156819 v _597_/X (sky130_fd_sc_hd__a31o_1)
                                                         net50 (net)
                      0.040501    0.000167    7.156986 v output50/A (sky130_fd_sc_hd__buf_2)
     1    0.033943    0.062282    0.121039    7.278025 v output50/X (sky130_fd_sc_hd__buf_2)
                                                         ALU_result[7] (net)
                      0.062288    0.000613    7.278638 v ALU_result[7] (out)
                                              7.278638   data arrival time

                      0.000000   25.000000   25.000000   clock __VIRTUAL_CLK__ (rise edge)
                                  0.000000   25.000000   clock network delay (ideal)
                                 -0.250000   24.750000   clock uncertainty
                                  0.000000   24.750000   clock reconvergence pessimism
                                 -5.000000   19.750000   output external delay
                                             19.750000   data required time
---------------------------------------------------------------------------------------------
                                             19.750000   data required time
                                             -7.278638   data arrival time
---------------------------------------------------------------------------------------------
                                             12.471361   slack (MET)


Startpoint: ALU_control[0] (input port clocked by __VIRTUAL_CLK__)
Endpoint: ALU_result[6] (output port clocked by __VIRTUAL_CLK__)
Path Group: __VIRTUAL_CLK__
Path Type: max

Fanout         Cap        Slew       Delay        Time   Description
---------------------------------------------------------------------------------------------
                      0.000000    0.000000    0.000000   clock __VIRTUAL_CLK__ (rise edge)
                                  0.000000    0.000000   clock network delay (ideal)
                                  5.000000    5.000000 ^ input external delay
     1    0.003135    0.015118    0.008121    5.008121 ^ ALU_control[0] (in)
                                                         ALU_control[0] (net)
                      0.015119    0.000000    5.008121 ^ input1/A (sky130_fd_sc_hd__clkbuf_1)
     1    0.003947    0.041573    0.054827    5.062948 ^ input1/X (sky130_fd_sc_hd__clkbuf_1)
                                                         net1 (net)
                      0.041573    0.000131    5.063078 ^ fanout106/A (sky130_fd_sc_hd__buf_2)
    10    0.052939    0.194952    0.185231    5.248310 ^ fanout106/X (sky130_fd_sc_hd__buf_2)
                                                         net106 (net)
                      0.194959    0.000988    5.249297 ^ fanout104/A (sky130_fd_sc_hd__buf_2)
    10    0.038322    0.142702    0.177017    5.426314 ^ fanout104/X (sky130_fd_sc_hd__buf_2)
                                                         net104 (net)
                      0.142752    0.000794    5.427109 ^ _418_/D_N (sky130_fd_sc_hd__or4b_1)
     1    0.007148    0.071734    0.268265    5.695374 v _418_/X (sky130_fd_sc_hd__or4b_1)
                                                         _372_ (net)
                      0.071734    0.000277    5.695651 v fanout57/A (sky130_fd_sc_hd__buf_2)
     8    0.046870    0.079398    0.149390    5.845041 v fanout57/X (sky130_fd_sc_hd__buf_2)
                                                         net57 (net)
                      0.079407    0.000885    5.845926 v _419_/C (sky130_fd_sc_hd__and3_1)
     2    0.005152    0.034201    0.138563    5.984489 v _419_/X (sky130_fd_sc_hd__and3_1)
                                                         _373_ (net)
                      0.034201    0.000074    5.984563 v _421_/B (sky130_fd_sc_hd__or3_1)
     3    0.009370    0.068539    0.227245    6.211808 v _421_/X (sky130_fd_sc_hd__or3_1)
                                                         _375_ (net)
                      0.068539    0.000173    6.211981 v _445_/A2 (sky130_fd_sc_hd__a21bo_1)
     4    0.013038    0.054199    0.163889    6.375870 v _445_/X (sky130_fd_sc_hd__a21bo_1)
                                                         _022_ (net)
                      0.054202    0.000466    6.376336 v _509_/A1 (sky130_fd_sc_hd__a211oi_2)
     3    0.019896    0.284543    0.258185    6.634521 ^ _509_/Y (sky130_fd_sc_hd__a211oi_2)
                                                         _084_ (net)
                      0.284546    0.000697    6.635219 ^ _510_/C (sky130_fd_sc_hd__or3_2)
     5    0.017289    0.071911    0.143504    6.778723 ^ _510_/X (sky130_fd_sc_hd__or3_2)
                                                         _085_ (net)
                      0.071914    0.000559    6.779282 ^ _559_/A2 (sky130_fd_sc_hd__a311o_1)
     3    0.010436    0.093129    0.141260    6.920542 ^ _559_/X (sky130_fd_sc_hd__a311o_1)
                                                         _132_ (net)
                      0.093129    0.000237    6.920778 ^ _561_/B (sky130_fd_sc_hd__nand2_1)
     1    0.003220    0.048913    0.036863    6.957641 v _561_/Y (sky130_fd_sc_hd__nand2_1)
                                                         _134_ (net)
                      0.048914    0.000100    6.957741 v _578_/A2 (sky130_fd_sc_hd__o21ai_1)
     2    0.008790    0.141773    0.136101    7.093842 ^ _578_/Y (sky130_fd_sc_hd__o21ai_1)
                                                         net49 (net)
                      0.141774    0.000219    7.094060 ^ output49/A (sky130_fd_sc_hd__buf_2)
     1    0.034158    0.127854    0.161529    7.255590 ^ output49/X (sky130_fd_sc_hd__buf_2)
                                                         ALU_result[6] (net)
                      0.127856    0.000707    7.256297 ^ ALU_result[6] (out)
                                              7.256297   data arrival time

                      0.000000   25.000000   25.000000   clock __VIRTUAL_CLK__ (rise edge)
                                  0.000000   25.000000   clock network delay (ideal)
                                 -0.250000   24.750000   clock uncertainty
                                  0.000000   24.750000   clock reconvergence pessimism
                                 -5.000000   19.750000   output external delay
                                             19.750000   data required time
---------------------------------------------------------------------------------------------
                                             19.750000   data required time
                                             -7.256297   data arrival time
---------------------------------------------------------------------------------------------
                                             12.493703   slack (MET)


Startpoint: ALU_control[0] (input port clocked by __VIRTUAL_CLK__)
Endpoint: ALU_result[5] (output port clocked by __VIRTUAL_CLK__)
Path Group: __VIRTUAL_CLK__
Path Type: max

Fanout         Cap        Slew       Delay        Time   Description
---------------------------------------------------------------------------------------------
                      0.000000    0.000000    0.000000   clock __VIRTUAL_CLK__ (rise edge)
                                  0.000000    0.000000   clock network delay (ideal)
                                  5.000000    5.000000 ^ input external delay
     1    0.003135    0.015118    0.008121    5.008121 ^ ALU_control[0] (in)
                                                         ALU_control[0] (net)
                      0.015119    0.000000    5.008121 ^ input1/A (sky130_fd_sc_hd__clkbuf_1)
     1    0.003947    0.041573    0.054827    5.062948 ^ input1/X (sky130_fd_sc_hd__clkbuf_1)
                                                         net1 (net)
                      0.041573    0.000131    5.063078 ^ fanout106/A (sky130_fd_sc_hd__buf_2)
    10    0.052939    0.194952    0.185231    5.248310 ^ fanout106/X (sky130_fd_sc_hd__buf_2)
                                                         net106 (net)
                      0.194959    0.000988    5.249297 ^ fanout104/A (sky130_fd_sc_hd__buf_2)
    10    0.038322    0.142702    0.177017    5.426314 ^ fanout104/X (sky130_fd_sc_hd__buf_2)
                                                         net104 (net)
                      0.142752    0.000794    5.427109 ^ _418_/D_N (sky130_fd_sc_hd__or4b_1)
     1    0.007148    0.071734    0.268265    5.695374 v _418_/X (sky130_fd_sc_hd__or4b_1)
                                                         _372_ (net)
                      0.071734    0.000277    5.695651 v fanout57/A (sky130_fd_sc_hd__buf_2)
     8    0.046870    0.079398    0.149390    5.845041 v fanout57/X (sky130_fd_sc_hd__buf_2)
                                                         net57 (net)
                      0.079407    0.000885    5.845926 v _419_/C (sky130_fd_sc_hd__and3_1)
     2    0.005152    0.034201    0.138563    5.984489 v _419_/X (sky130_fd_sc_hd__and3_1)
                                                         _373_ (net)
                      0.034201    0.000074    5.984563 v _421_/B (sky130_fd_sc_hd__or3_1)
     3    0.009370    0.068539    0.227245    6.211808 v _421_/X (sky130_fd_sc_hd__or3_1)
                                                         _375_ (net)
                      0.068539    0.000173    6.211981 v _445_/A2 (sky130_fd_sc_hd__a21bo_1)
     4    0.013038    0.054199    0.163889    6.375870 v _445_/X (sky130_fd_sc_hd__a21bo_1)
                                                         _022_ (net)
                      0.054202    0.000466    6.376336 v _509_/A1 (sky130_fd_sc_hd__a211oi_2)
     3    0.019896    0.284543    0.258185    6.634521 ^ _509_/Y (sky130_fd_sc_hd__a211oi_2)
                                                         _084_ (net)
                      0.284546    0.000697    6.635219 ^ _510_/C (sky130_fd_sc_hd__or3_2)
     5    0.017289    0.071911    0.143504    6.778723 ^ _510_/X (sky130_fd_sc_hd__or3_2)
                                                         _085_ (net)
                      0.071912    0.000456    6.779179 ^ _535_/A2 (sky130_fd_sc_hd__a21o_1)
     1    0.003192    0.029769    0.074526    6.853705 ^ _535_/X (sky130_fd_sc_hd__a21o_1)
                                                         _109_ (net)
                      0.029769    0.000093    6.853798 ^ _553_/A3 (sky130_fd_sc_hd__a31o_1)
     2    0.006355    0.054848    0.096553    6.950350 ^ _553_/X (sky130_fd_sc_hd__a31o_1)
                                                         net48 (net)
                      0.054848    0.000126    6.950476 ^ output48/A (sky130_fd_sc_hd__buf_2)
     1    0.034162    0.127779    0.144062    7.094538 ^ output48/X (sky130_fd_sc_hd__buf_2)
                                                         ALU_result[5] (net)
                      0.127784    0.000658    7.095196 ^ ALU_result[5] (out)
                                              7.095196   data arrival time

                      0.000000   25.000000   25.000000   clock __VIRTUAL_CLK__ (rise edge)
                                  0.000000   25.000000   clock network delay (ideal)
                                 -0.250000   24.750000   clock uncertainty
                                  0.000000   24.750000   clock reconvergence pessimism
                                 -5.000000   19.750000   output external delay
                                             19.750000   data required time
---------------------------------------------------------------------------------------------
                                             19.750000   data required time
                                             -7.095196   data arrival time
---------------------------------------------------------------------------------------------
                                             12.654804   slack (MET)


Startpoint: ALU_control[0] (input port clocked by __VIRTUAL_CLK__)
Endpoint: ALU_result[4] (output port clocked by __VIRTUAL_CLK__)
Path Group: __VIRTUAL_CLK__
Path Type: max

Fanout         Cap        Slew       Delay        Time   Description
---------------------------------------------------------------------------------------------
                      0.000000    0.000000    0.000000   clock __VIRTUAL_CLK__ (rise edge)
                                  0.000000    0.000000   clock network delay (ideal)
                                  5.000000    5.000000 ^ input external delay
     1    0.003135    0.015118    0.008121    5.008121 ^ ALU_control[0] (in)
                                                         ALU_control[0] (net)
                      0.015119    0.000000    5.008121 ^ input1/A (sky130_fd_sc_hd__clkbuf_1)
     1    0.003947    0.041573    0.054827    5.062948 ^ input1/X (sky130_fd_sc_hd__clkbuf_1)
                                                         net1 (net)
                      0.041573    0.000131    5.063078 ^ fanout106/A (sky130_fd_sc_hd__buf_2)
    10    0.052939    0.194952    0.185231    5.248310 ^ fanout106/X (sky130_fd_sc_hd__buf_2)
                                                         net106 (net)
                      0.194959    0.000988    5.249297 ^ fanout104/A (sky130_fd_sc_hd__buf_2)
    10    0.038322    0.142702    0.177017    5.426314 ^ fanout104/X (sky130_fd_sc_hd__buf_2)
                                                         net104 (net)
                      0.142752    0.000794    5.427109 ^ _418_/D_N (sky130_fd_sc_hd__or4b_1)
     1    0.007148    0.071734    0.268265    5.695374 v _418_/X (sky130_fd_sc_hd__or4b_1)
                                                         _372_ (net)
                      0.071734    0.000277    5.695651 v fanout57/A (sky130_fd_sc_hd__buf_2)
     8    0.046870    0.079398    0.149390    5.845041 v fanout57/X (sky130_fd_sc_hd__buf_2)
                                                         net57 (net)
                      0.079407    0.000885    5.845926 v _419_/C (sky130_fd_sc_hd__and3_1)
     2    0.005152    0.034201    0.138563    5.984489 v _419_/X (sky130_fd_sc_hd__and3_1)
                                                         _373_ (net)
                      0.034201    0.000074    5.984563 v _421_/B (sky130_fd_sc_hd__or3_1)
     3    0.009370    0.068539    0.227245    6.211808 v _421_/X (sky130_fd_sc_hd__or3_1)
                                                         _375_ (net)
                      0.068539    0.000173    6.211981 v _445_/A2 (sky130_fd_sc_hd__a21bo_1)
     4    0.013038    0.054199    0.163889    6.375870 v _445_/X (sky130_fd_sc_hd__a21bo_1)
                                                         _022_ (net)
                      0.054202    0.000466    6.376336 v _509_/A1 (sky130_fd_sc_hd__a211oi_2)
     3    0.019896    0.284543    0.258185    6.634521 ^ _509_/Y (sky130_fd_sc_hd__a211oi_2)
                                                         _084_ (net)
                      0.284546    0.000697    6.635219 ^ _510_/C (sky130_fd_sc_hd__or3_2)
     5    0.017289    0.071911    0.143504    6.778723 ^ _510_/X (sky130_fd_sc_hd__or3_2)
                                                         _085_ (net)
                      0.071911    0.000248    6.778971 ^ _527_/A2 (sky130_fd_sc_hd__a31o_1)
     2    0.005476    0.049185    0.098283    6.877254 ^ _527_/X (sky130_fd_sc_hd__a31o_1)
                                                         net47 (net)
                      0.049185    0.000097    6.877351 ^ output47/A (sky130_fd_sc_hd__buf_2)
     1    0.034204    0.127942    0.142537    7.019888 ^ output47/X (sky130_fd_sc_hd__buf_2)
                                                         ALU_result[4] (net)
                      0.127947    0.000717    7.020605 ^ ALU_result[4] (out)
                                              7.020605   data arrival time

                      0.000000   25.000000   25.000000   clock __VIRTUAL_CLK__ (rise edge)
                                  0.000000   25.000000   clock network delay (ideal)
                                 -0.250000   24.750000   clock uncertainty
                                  0.000000   24.750000   clock reconvergence pessimism
                                 -5.000000   19.750000   output external delay
                                             19.750000   data required time
---------------------------------------------------------------------------------------------
                                             19.750000   data required time
                                             -7.020605   data arrival time
---------------------------------------------------------------------------------------------
                                             12.729395   slack (MET)


Startpoint: ALU_control[0] (input port clocked by __VIRTUAL_CLK__)
Endpoint: ALU_result[3] (output port clocked by __VIRTUAL_CLK__)
Path Group: __VIRTUAL_CLK__
Path Type: max

Fanout         Cap        Slew       Delay        Time   Description
---------------------------------------------------------------------------------------------
                      0.000000    0.000000    0.000000   clock __VIRTUAL_CLK__ (rise edge)
                                  0.000000    0.000000   clock network delay (ideal)
                                  5.000000    5.000000 ^ input external delay
     1    0.003135    0.015118    0.008121    5.008121 ^ ALU_control[0] (in)
                                                         ALU_control[0] (net)
                      0.015119    0.000000    5.008121 ^ input1/A (sky130_fd_sc_hd__clkbuf_1)
     1    0.003947    0.041573    0.054827    5.062948 ^ input1/X (sky130_fd_sc_hd__clkbuf_1)
                                                         net1 (net)
                      0.041573    0.000131    5.063078 ^ fanout106/A (sky130_fd_sc_hd__buf_2)
    10    0.052939    0.194952    0.185231    5.248310 ^ fanout106/X (sky130_fd_sc_hd__buf_2)
                                                         net106 (net)
                      0.194959    0.000988    5.249297 ^ fanout104/A (sky130_fd_sc_hd__buf_2)
    10    0.038322    0.142702    0.177017    5.426314 ^ fanout104/X (sky130_fd_sc_hd__buf_2)
                                                         net104 (net)
                      0.142752    0.000794    5.427109 ^ _418_/D_N (sky130_fd_sc_hd__or4b_1)
     1    0.007148    0.071734    0.268265    5.695374 v _418_/X (sky130_fd_sc_hd__or4b_1)
                                                         _372_ (net)
                      0.071734    0.000277    5.695651 v fanout57/A (sky130_fd_sc_hd__buf_2)
     8    0.046870    0.079398    0.149390    5.845041 v fanout57/X (sky130_fd_sc_hd__buf_2)
                                                         net57 (net)
                      0.079407    0.000885    5.845926 v _419_/C (sky130_fd_sc_hd__and3_1)
     2    0.005152    0.034201    0.138563    5.984489 v _419_/X (sky130_fd_sc_hd__and3_1)
                                                         _373_ (net)
                      0.034201    0.000074    5.984563 v _421_/B (sky130_fd_sc_hd__or3_1)
     3    0.009370    0.068539    0.227245    6.211808 v _421_/X (sky130_fd_sc_hd__or3_1)
                                                         _375_ (net)
                      0.068539    0.000173    6.211981 v _445_/A2 (sky130_fd_sc_hd__a21bo_1)
     4    0.013038    0.054199    0.163889    6.375870 v _445_/X (sky130_fd_sc_hd__a21bo_1)
                                                         _022_ (net)
                      0.054202    0.000453    6.376323 v _480_/A1 (sky130_fd_sc_hd__a21o_1)
     1    0.005361    0.031504    0.112097    6.488420 v _480_/X (sky130_fd_sc_hd__a21o_1)
                                                         _056_ (net)
                      0.031504    0.000172    6.488593 v _483_/A (sky130_fd_sc_hd__xnor2_1)
     1    0.002940    0.084007    0.098924    6.587516 ^ _483_/Y (sky130_fd_sc_hd__xnor2_1)
                                                         _059_ (net)
                      0.084007    0.000084    6.587600 ^ _502_/A2 (sky130_fd_sc_hd__a21o_1)
     2    0.004737    0.039863    0.083729    6.671329 ^ _502_/X (sky130_fd_sc_hd__a21o_1)
                                                         net46 (net)
                      0.039863    0.000127    6.671456 ^ output46/A (sky130_fd_sc_hd__buf_2)
     1    0.034145    0.127751    0.139579    6.811035 ^ output46/X (sky130_fd_sc_hd__buf_2)
                                                         ALU_result[3] (net)
                      0.127756    0.000699    6.811734 ^ ALU_result[3] (out)
                                              6.811734   data arrival time

                      0.000000   25.000000   25.000000   clock __VIRTUAL_CLK__ (rise edge)
                                  0.000000   25.000000   clock network delay (ideal)
                                 -0.250000   24.750000   clock uncertainty
                                  0.000000   24.750000   clock reconvergence pessimism
                                 -5.000000   19.750000   output external delay
                                             19.750000   data required time
---------------------------------------------------------------------------------------------
                                             19.750000   data required time
                                             -6.811734   data arrival time
---------------------------------------------------------------------------------------------
                                             12.938266   slack (MET)


Startpoint: ALU_control[0] (input port clocked by __VIRTUAL_CLK__)
Endpoint: ALU_result[2] (output port clocked by __VIRTUAL_CLK__)
Path Group: __VIRTUAL_CLK__
Path Type: max

Fanout         Cap        Slew       Delay        Time   Description
---------------------------------------------------------------------------------------------
                      0.000000    0.000000    0.000000   clock __VIRTUAL_CLK__ (rise edge)
                                  0.000000    0.000000   clock network delay (ideal)
                                  5.000000    5.000000 ^ input external delay
     1    0.003135    0.015118    0.008121    5.008121 ^ ALU_control[0] (in)
                                                         ALU_control[0] (net)
                      0.015119    0.000000    5.008121 ^ input1/A (sky130_fd_sc_hd__clkbuf_1)
     1    0.003947    0.041573    0.054827    5.062948 ^ input1/X (sky130_fd_sc_hd__clkbuf_1)
                                                         net1 (net)
                      0.041573    0.000131    5.063078 ^ fanout106/A (sky130_fd_sc_hd__buf_2)
    10    0.052939    0.194952    0.185231    5.248310 ^ fanout106/X (sky130_fd_sc_hd__buf_2)
                                                         net106 (net)
                      0.194959    0.000988    5.249297 ^ fanout104/A (sky130_fd_sc_hd__buf_2)
    10    0.038322    0.142702    0.177017    5.426314 ^ fanout104/X (sky130_fd_sc_hd__buf_2)
                                                         net104 (net)
                      0.142752    0.000794    5.427109 ^ _418_/D_N (sky130_fd_sc_hd__or4b_1)
     1    0.007148    0.071734    0.268265    5.695374 v _418_/X (sky130_fd_sc_hd__or4b_1)
                                                         _372_ (net)
                      0.071734    0.000277    5.695651 v fanout57/A (sky130_fd_sc_hd__buf_2)
     8    0.046870    0.079398    0.149390    5.845041 v fanout57/X (sky130_fd_sc_hd__buf_2)
                                                         net57 (net)
                      0.079407    0.000885    5.845926 v _419_/C (sky130_fd_sc_hd__and3_1)
     2    0.005152    0.034201    0.138563    5.984489 v _419_/X (sky130_fd_sc_hd__and3_1)
                                                         _373_ (net)
                      0.034201    0.000074    5.984563 v _421_/B (sky130_fd_sc_hd__or3_1)
     3    0.009370    0.068539    0.227245    6.211808 v _421_/X (sky130_fd_sc_hd__or3_1)
                                                         _375_ (net)
                      0.068539    0.000173    6.211981 v _445_/A2 (sky130_fd_sc_hd__a21bo_1)
     4    0.013038    0.054199    0.163889    6.375870 v _445_/X (sky130_fd_sc_hd__a21bo_1)
                                                         _022_ (net)
                      0.054202    0.000456    6.376326 v _451_/A (sky130_fd_sc_hd__or2_1)
     1    0.002781    0.032145    0.137634    6.513960 v _451_/X (sky130_fd_sc_hd__or2_1)
                                                         _028_ (net)
                      0.032145    0.000079    6.514040 v _476_/A3 (sky130_fd_sc_hd__a31o_1)
     2    0.005548    0.035833    0.144716    6.658756 v _476_/X (sky130_fd_sc_hd__a31o_1)
                                                         net45 (net)
                      0.035833    0.000081    6.658837 v output45/A (sky130_fd_sc_hd__buf_2)
     1    0.035376    0.064520    0.120770    6.779606 v output45/X (sky130_fd_sc_hd__buf_2)
                                                         ALU_result[2] (net)
                      0.064534    0.000919    6.780525 v ALU_result[2] (out)
                                              6.780525   data arrival time

                      0.000000   25.000000   25.000000   clock __VIRTUAL_CLK__ (rise edge)
                                  0.000000   25.000000   clock network delay (ideal)
                                 -0.250000   24.750000   clock uncertainty
                                  0.000000   24.750000   clock reconvergence pessimism
                                 -5.000000   19.750000   output external delay
                                             19.750000   data required time
---------------------------------------------------------------------------------------------
                                             19.750000   data required time
                                             -6.780525   data arrival time
---------------------------------------------------------------------------------------------
                                             12.969475   slack (MET)


Startpoint: ALU_control[0] (input port clocked by __VIRTUAL_CLK__)
Endpoint: ALU_result[1] (output port clocked by __VIRTUAL_CLK__)
Path Group: __VIRTUAL_CLK__
Path Type: max

Fanout         Cap        Slew       Delay        Time   Description
---------------------------------------------------------------------------------------------
                      0.000000    0.000000    0.000000   clock __VIRTUAL_CLK__ (rise edge)
                                  0.000000    0.000000   clock network delay (ideal)
                                  5.000000    5.000000 ^ input external delay
     1    0.003135    0.015118    0.008121    5.008121 ^ ALU_control[0] (in)
                                                         ALU_control[0] (net)
                      0.015119    0.000000    5.008121 ^ input1/A (sky130_fd_sc_hd__clkbuf_1)
     1    0.003947    0.041573    0.054827    5.062948 ^ input1/X (sky130_fd_sc_hd__clkbuf_1)
                                                         net1 (net)
                      0.041573    0.000131    5.063078 ^ fanout106/A (sky130_fd_sc_hd__buf_2)
    10    0.052939    0.194952    0.185231    5.248310 ^ fanout106/X (sky130_fd_sc_hd__buf_2)
                                                         net106 (net)
                      0.194959    0.000988    5.249297 ^ fanout104/A (sky130_fd_sc_hd__buf_2)
    10    0.038322    0.142702    0.177017    5.426314 ^ fanout104/X (sky130_fd_sc_hd__buf_2)
                                                         net104 (net)
                      0.142752    0.000794    5.427109 ^ _418_/D_N (sky130_fd_sc_hd__or4b_1)
     1    0.007148    0.071734    0.268265    5.695374 v _418_/X (sky130_fd_sc_hd__or4b_1)
                                                         _372_ (net)
                      0.071734    0.000277    5.695651 v fanout57/A (sky130_fd_sc_hd__buf_2)
     8    0.046870    0.079398    0.149390    5.845041 v fanout57/X (sky130_fd_sc_hd__buf_2)
                                                         net57 (net)
                      0.079407    0.000885    5.845926 v _419_/C (sky130_fd_sc_hd__and3_1)
     2    0.005152    0.034201    0.138563    5.984489 v _419_/X (sky130_fd_sc_hd__and3_1)
                                                         _373_ (net)
                      0.034201    0.000074    5.984563 v _421_/B (sky130_fd_sc_hd__or3_1)
     3    0.009370    0.068539    0.227245    6.211808 v _421_/X (sky130_fd_sc_hd__or3_1)
                                                         _375_ (net)
                      0.068539    0.000189    6.211998 v _424_/A2 (sky130_fd_sc_hd__a31o_1)
     1    0.002539    0.026532    0.139683    6.351681 v _424_/X (sky130_fd_sc_hd__a31o_1)
                                                         _002_ (net)
                      0.026532    0.000050    6.351730 v _443_/A2 (sky130_fd_sc_hd__o22a_1)
     1    0.002852    0.026743    0.109566    6.461296 v _443_/X (sky130_fd_sc_hd__o22a_1)
                                                         _021_ (net)
                      0.026743    0.000085    6.461381 v _444_/B (sky130_fd_sc_hd__nand2_1)
     2    0.006516    0.055583    0.058185    6.519567 ^ _444_/Y (sky130_fd_sc_hd__nand2_1)
                                                         net44 (net)
                      0.055584    0.000219    6.519786 ^ output44/A (sky130_fd_sc_hd__buf_2)
     1    0.036088    0.134659    0.148683    6.668468 ^ output44/X (sky130_fd_sc_hd__buf_2)
                                                         ALU_result[1] (net)
                      0.134672    0.001096    6.669565 ^ ALU_result[1] (out)
                                              6.669565   data arrival time

                      0.000000   25.000000   25.000000   clock __VIRTUAL_CLK__ (rise edge)
                                  0.000000   25.000000   clock network delay (ideal)
                                 -0.250000   24.750000   clock uncertainty
                                  0.000000   24.750000   clock reconvergence pessimism
                                 -5.000000   19.750000   output external delay
                                             19.750000   data required time
---------------------------------------------------------------------------------------------
                                             19.750000   data required time
                                             -6.669565   data arrival time
---------------------------------------------------------------------------------------------
                                             13.080435   slack (MET)


Startpoint: SrcB[0] (input port clocked by __VIRTUAL_CLK__)
Endpoint: ALU_result[0] (output port clocked by __VIRTUAL_CLK__)
Path Group: __VIRTUAL_CLK__
Path Type: max

Fanout         Cap        Slew       Delay        Time   Description
---------------------------------------------------------------------------------------------
                      0.000000    0.000000    0.000000   clock __VIRTUAL_CLK__ (rise edge)
                                  0.000000    0.000000   clock network delay (ideal)
                                  5.000000    5.000000 ^ input external delay
     1    0.002714    0.013609    0.007010    5.007010 ^ SrcB[0] (in)
                                                         SrcB[0] (net)
                      0.013609    0.000000    5.007010 ^ input21/A (sky130_fd_sc_hd__clkbuf_1)
     1    0.004744    0.048231    0.059071    5.066081 ^ input21/X (sky130_fd_sc_hd__clkbuf_1)
                                                         net21 (net)
                      0.048249    0.000173    5.066253 ^ fanout86/A (sky130_fd_sc_hd__clkbuf_2)
     6    0.036306    0.153380    0.156233    5.222486 ^ fanout86/X (sky130_fd_sc_hd__clkbuf_2)
                                                         net86 (net)
                      0.153384    0.000633    5.223120 ^ fanout84/A (sky130_fd_sc_hd__buf_2)
     7    0.041609    0.153722    0.180142    5.403262 ^ fanout84/X (sky130_fd_sc_hd__buf_2)
                                                         net84 (net)
                      0.153773    0.002311    5.405573 ^ fanout83/A (sky130_fd_sc_hd__clkbuf_4)
    10    0.055821    0.130942    0.189722    5.595295 ^ fanout83/X (sky130_fd_sc_hd__clkbuf_4)
                                                         net83 (net)
                      0.130945    0.000819    5.596114 ^ _386_/S0 (sky130_fd_sc_hd__mux4_1)
     2    0.009653    0.091942    0.322719    5.918833 v _386_/X (sky130_fd_sc_hd__mux4_1)
                                                         _341_ (net)
                      0.091942    0.000364    5.919197 v _389_/A0 (sky130_fd_sc_hd__mux2_1)
     2    0.008523    0.060626    0.189839    6.109036 v _389_/X (sky130_fd_sc_hd__mux2_1)
                                                         _344_ (net)
                      0.060626    0.000182    6.109218 v _397_/A2 (sky130_fd_sc_hd__a21oi_1)
     1    0.005371    0.110368    0.130200    6.239418 ^ _397_/Y (sky130_fd_sc_hd__a21oi_1)
                                                         _352_ (net)
                      0.110368    0.000206    6.239624 ^ _398_/B (sky130_fd_sc_hd__nor2_1)
     1    0.003520    0.043315    0.029628    6.269252 v _398_/Y (sky130_fd_sc_hd__nor2_1)
                                                         _353_ (net)
                      0.043315    0.000112    6.269364 v _415_/C1 (sky130_fd_sc_hd__a211o_1)
     2    0.005290    0.041889    0.114534    6.383898 v _415_/X (sky130_fd_sc_hd__a211o_1)
                                                         net37 (net)
                      0.041889    0.000127    6.384025 v output37/A (sky130_fd_sc_hd__buf_2)
     1    0.035253    0.064341    0.123032    6.507057 v output37/X (sky130_fd_sc_hd__buf_2)
                                                         ALU_result[0] (net)
                      0.064355    0.000929    6.507986 v ALU_result[0] (out)
                                              6.507986   data arrival time

                      0.000000   25.000000   25.000000   clock __VIRTUAL_CLK__ (rise edge)
                                  0.000000   25.000000   clock network delay (ideal)
                                 -0.250000   24.750000   clock uncertainty
                                  0.000000   24.750000   clock reconvergence pessimism
                                 -5.000000   19.750000   output external delay
                                             19.750000   data required time
---------------------------------------------------------------------------------------------
                                             19.750000   data required time
                                             -6.507986   data arrival time
---------------------------------------------------------------------------------------------
                                             13.242014   slack (MET)



