
===========================================================================
report_checks -unconstrained
===========================================================================
======================= max_ss_100C_1v60 Corner ===================================

Startpoint: pc[13] (input port clocked by clk)
Endpoint: _126_ (rising edge-triggered flip-flop clocked by clk)
Path Group: clk
Path Type: max

Fanout         Cap        Slew       Delay        Time   Description
---------------------------------------------------------------------------------------------
                                  0.000000    0.000000   clock clk (rise edge)
                                  0.000000    0.000000   clock network delay (propagated)
                                  2.000000    2.000000 v input external delay
     1    0.002665    0.017941    0.008851    2.008851 v pc[13] (in)
                                                         pc[13] (net)
                      0.017941    0.000000    2.008851 v input4/A (sky130_fd_sc_hd__clkbuf_1)
     1    0.002796    0.050333    0.136741    2.145592 v input4/X (sky130_fd_sc_hd__clkbuf_1)
                                                         net4 (net)
                      0.050333    0.000111    2.145703 v _062_/A (sky130_fd_sc_hd__or4_1)
     2    0.008174    0.239945    1.301228    3.446930 v _062_/X (sky130_fd_sc_hd__or4_1)
                                                         _018_ (net)
                      0.239945    0.000447    3.447377 v _064_/C (sky130_fd_sc_hd__nor4_1)
     2    0.007186    0.639583    0.667573    4.114951 ^ _064_/Y (sky130_fd_sc_hd__nor4_1)
                                                         _020_ (net)
                      0.639583    0.000370    4.115321 ^ max_cap32/A (sky130_fd_sc_hd__buf_1)
     3    0.010822    0.218563    0.434321    4.549642 ^ max_cap32/X (sky130_fd_sc_hd__buf_1)
                                                         net32 (net)
                      0.218563    0.000601    4.550243 ^ _108_/C1 (sky130_fd_sc_hd__o221a_1)
     1    0.003431    0.103876    0.408357    4.958601 ^ _108_/X (sky130_fd_sc_hd__o221a_1)
                                                         _010_ (net)
                      0.103876    0.000235    4.958836 ^ _126_/D (sky130_fd_sc_hd__dfxtp_1)
                                              4.958836   data arrival time

                                 10.000000   10.000000   clock clk (rise edge)
                                  0.000000   10.000000   clock source latency
     1    0.016703    0.127196    0.086033   10.086034 ^ clk (in)
                                                         clk (net)
                      0.127204    0.000000   10.086034 ^ clkbuf_0_clk/A (sky130_fd_sc_hd__clkbuf_16)
     2    0.019009    0.066198    0.246235   10.332269 ^ clkbuf_0_clk/X (sky130_fd_sc_hd__clkbuf_16)
                                                         clknet_0_clk (net)
                      0.066198    0.000757   10.333025 ^ clkbuf_1_0__f_clk/A (sky130_fd_sc_hd__clkbuf_16)
     7    0.030132    0.080682    0.233579   10.566604 ^ clkbuf_1_0__f_clk/X (sky130_fd_sc_hd__clkbuf_16)
                                                         clknet_1_0__leaf_clk (net)
                      0.080720    0.001607   10.568211 ^ _126_/CLK (sky130_fd_sc_hd__dfxtp_1)
                                 -0.250000   10.318211   clock uncertainty
                                  0.000000   10.318211   clock reconvergence pessimism
                                 -0.135365   10.182846   library setup time
                                             10.182846   data required time
---------------------------------------------------------------------------------------------
                                             10.182846   data required time
                                             -4.958836   data arrival time
---------------------------------------------------------------------------------------------
                                              5.224010   slack (MET)




===========================================================================
report_checks --slack_max -0.01
============================================================================
======================= max_ss_100C_1v60 Corner ===================================

No paths found.


===========================================================================
 report_check_types -max_slew -max_cap -max_fanout -violators
============================================================================
======================= max_ss_100C_1v60 Corner ===================================



===========================================================================
report_parasitic_annotation -report_unannotated
============================================================================
Found 2 unannotated drivers.
 pc[0]
 clkload0/X
Found 0 partially unannotated drivers.

===========================================================================
max slew violation count 0
max fanout violation count 0
max cap violation count 0
============================================================================

===========================================================================
check_setup -verbose -unconstrained_endpoints -multiple_clock -no_clock -no_input_delay -loops -generated_clocks
===========================================================================
