Clock: clk
Sources: clk 
Generated: no
Virtual: yes
Propagated: no
Period: 10.000000

===========================================================================
report_clock_properties
============================================================================
Clock                   Period          Waveform
----------------------------------------------------
clk                  10.000000    0.000000  5.000000

===========================================================================
report_clock_latency
============================================================================
Clock clk
rise -> rise
    min     max
0.000000 0.000000 source latency
0.560228         network latency _125_/CLK
        0.568808 network latency _118_/CLK
---------------
0.560228 0.568808 latency
        0.008580 skew

fall -> fall
    min     max
0.000000 0.000000 source latency
0.559399         network latency _125_/CLK
        0.566468 network latency _118_/CLK
---------------
0.559399 0.566468 latency
        0.007069 skew



===========================================================================
report_clock_min_period
============================================================================
clk period_min = 0.00 fmax = inf
