
===========================================================================
report_checks -path_delay min (Hold)
============================================================================
======================= max_ss_100C_1v60 Corner ===================================

Startpoint: pc[7] (input port clocked by clk)
Endpoint: _119_ (rising edge-triggered flip-flop clocked by clk)
Path Group: clk
Path Type: min

Fanout         Cap        Slew       Delay        Time   Description
---------------------------------------------------------------------------------------------
                                  0.000000    0.000000   clock clk (rise edge)
                                  0.000000    0.000000   clock network delay (propagated)
                                  2.000000    2.000000 ^ input external delay
     1    0.002752    0.031928    0.015583    2.015583 ^ pc[7] (in)
                                                         pc[7] (net)
                      0.031928    0.000000    2.015583 ^ input13/A (sky130_fd_sc_hd__clkbuf_1)
     2    0.007701    0.159497    0.197079    2.212662 ^ input13/X (sky130_fd_sc_hd__clkbuf_1)
                                                         net13 (net)
                      0.159497    0.000433    2.213095 ^ _064_/A (sky130_fd_sc_hd__nor4_1)
     2    0.006941    0.079333    0.157925    2.371020 v _064_/Y (sky130_fd_sc_hd__nor4_1)
                                                         _020_ (net)
                      0.079333    0.000298    2.371318 v _094_/B1 (sky130_fd_sc_hd__o31a_1)
     1    0.003851    0.064473    0.197075    2.568393 v _094_/X (sky130_fd_sc_hd__o31a_1)
                                                         _003_ (net)
                      0.064473    0.000271    2.568665 v _119_/D (sky130_fd_sc_hd__dfxtp_1)
                                              2.568665   data arrival time

                                  0.000000    0.000000   clock clk (rise edge)
                                  0.000000    0.000000   clock source latency
     1    0.016703    0.127196    0.086034    0.086034 ^ clk (in)
                                                         clk (net)
                      0.127204    0.000000    0.086034 ^ clkbuf_0_clk/A (sky130_fd_sc_hd__clkbuf_16)
     2    0.019009    0.066198    0.246235    0.332269 ^ clkbuf_0_clk/X (sky130_fd_sc_hd__clkbuf_16)
                                                         clknet_0_clk (net)
                      0.066198    0.000756    0.333025 ^ clkbuf_1_0__f_clk/A (sky130_fd_sc_hd__clkbuf_16)
     7    0.030132    0.080682    0.233578    0.566603 ^ clkbuf_1_0__f_clk/X (sky130_fd_sc_hd__clkbuf_16)
                                                         clknet_1_0__leaf_clk (net)
                      0.080716    0.001530    0.568133 ^ _119_/CLK (sky130_fd_sc_hd__dfxtp_1)
                                  0.250000    0.818133   clock uncertainty
                                  0.000000    0.818133   clock reconvergence pessimism
                                 -0.100473    0.717660   library hold time
                                              0.717660   data required time
---------------------------------------------------------------------------------------------
                                              0.717660   data required time
                                             -2.568665   data arrival time
---------------------------------------------------------------------------------------------
                                              1.851004   slack (MET)


Startpoint: pc[5] (input port clocked by clk)
Endpoint: _116_ (rising edge-triggered flip-flop clocked by clk)
Path Group: clk
Path Type: min

Fanout         Cap        Slew       Delay        Time   Description
---------------------------------------------------------------------------------------------
                                  0.000000    0.000000   clock clk (rise edge)
                                  0.000000    0.000000   clock network delay (propagated)
                                  2.000000    2.000000 v input external delay
     1    0.002286    0.016514    0.007652    2.007652 v pc[5] (in)
                                                         pc[5] (net)
                      0.016514    0.000000    2.007652 v input11/A (sky130_fd_sc_hd__buf_2)
    10    0.040020    0.189264    0.337371    2.345023 v input11/X (sky130_fd_sc_hd__buf_2)
                                                         net11 (net)
                      0.189333    0.003379    2.348402 v _066_/B (sky130_fd_sc_hd__nand2_1)
     1    0.004147    0.078033    0.169914    2.518317 ^ _066_/Y (sky130_fd_sc_hd__nand2_1)
                                                         _022_ (net)
                      0.078033    0.000256    2.518573 ^ _073_/A1 (sky130_fd_sc_hd__a21oi_1)
     1    0.004518    0.078614    0.141929    2.660502 v _073_/Y (sky130_fd_sc_hd__a21oi_1)
                                                         _000_ (net)
                      0.078614    0.000317    2.660819 v _116_/D (sky130_fd_sc_hd__dfxtp_1)
                                              2.660819   data arrival time

                                  0.000000    0.000000   clock clk (rise edge)
                                  0.000000    0.000000   clock source latency
     1    0.016703    0.127196    0.086034    0.086034 ^ clk (in)
                                                         clk (net)
                      0.127204    0.000000    0.086034 ^ clkbuf_0_clk/A (sky130_fd_sc_hd__clkbuf_16)
     2    0.019009    0.066198    0.246235    0.332269 ^ clkbuf_0_clk/X (sky130_fd_sc_hd__clkbuf_16)
                                                         clknet_0_clk (net)
                      0.066198    0.000697    0.332966 ^ clkbuf_1_1__f_clk/A (sky130_fd_sc_hd__clkbuf_16)
     8    0.024625    0.073259    0.226031    0.558998 ^ clkbuf_1_1__f_clk/X (sky130_fd_sc_hd__clkbuf_16)
                                                         clknet_1_1__leaf_clk (net)
                      0.073294    0.001343    0.560341 ^ _116_/CLK (sky130_fd_sc_hd__dfxtp_1)
                                  0.250000    0.810341   clock uncertainty
                                  0.000000    0.810341   clock reconvergence pessimism
                                 -0.107600    0.702741   library hold time
                                              0.702741   data required time
---------------------------------------------------------------------------------------------
                                              0.702741   data required time
                                             -2.660819   data arrival time
---------------------------------------------------------------------------------------------
                                              1.958078   slack (MET)


Startpoint: pc[4] (input port clocked by clk)
Endpoint: _124_ (rising edge-triggered flip-flop clocked by clk)
Path Group: clk
Path Type: min

Fanout         Cap        Slew       Delay        Time   Description
---------------------------------------------------------------------------------------------
                                  0.000000    0.000000   clock clk (rise edge)
                                  0.000000    0.000000   clock network delay (propagated)
                                  2.000000    2.000000 ^ input external delay
     1    0.002899    0.032900    0.016359    2.016359 ^ pc[4] (in)
                                                         pc[4] (net)
                      0.032900    0.000000    2.016359 ^ input10/A (sky130_fd_sc_hd__clkbuf_2)
     7    0.029182    0.253770    0.306686    2.323045 ^ input10/X (sky130_fd_sc_hd__clkbuf_2)
                                                         net10 (net)
                      0.253881    0.002364    2.325409 ^ _059_/A (sky130_fd_sc_hd__inv_2)
     1    0.004660    0.060296    0.119002    2.444411 v _059_/Y (sky130_fd_sc_hd__inv_2)
                                                         _015_ (net)
                      0.060297    0.000325    2.444736 v _105_/B1 (sky130_fd_sc_hd__o211a_1)
     1    0.004160    0.070657    0.233830    2.678566 v _105_/X (sky130_fd_sc_hd__o211a_1)
                                                         _008_ (net)
                      0.070657    0.000293    2.678859 v _124_/D (sky130_fd_sc_hd__dfxtp_1)
                                              2.678859   data arrival time

                                  0.000000    0.000000   clock clk (rise edge)
                                  0.000000    0.000000   clock source latency
     1    0.016703    0.127196    0.086034    0.086034 ^ clk (in)
                                                         clk (net)
                      0.127204    0.000000    0.086034 ^ clkbuf_0_clk/A (sky130_fd_sc_hd__clkbuf_16)
     2    0.019009    0.066198    0.246235    0.332269 ^ clkbuf_0_clk/X (sky130_fd_sc_hd__clkbuf_16)
                                                         clknet_0_clk (net)
                      0.066198    0.000697    0.332966 ^ clkbuf_1_1__f_clk/A (sky130_fd_sc_hd__clkbuf_16)
     8    0.024625    0.073259    0.226031    0.558998 ^ clkbuf_1_1__f_clk/X (sky130_fd_sc_hd__clkbuf_16)
                                                         clknet_1_1__leaf_clk (net)
                      0.073295    0.001370    0.560367 ^ _124_/CLK (sky130_fd_sc_hd__dfxtp_1)
                                  0.250000    0.810367   clock uncertainty
                                  0.000000    0.810367   clock reconvergence pessimism
                                 -0.104592    0.705775   library hold time
                                              0.705775   data required time
---------------------------------------------------------------------------------------------
                                              0.705775   data required time
                                             -2.678859   data arrival time
---------------------------------------------------------------------------------------------
                                              1.973083   slack (MET)


Startpoint: pc[7] (input port clocked by clk)
Endpoint: _128_ (rising edge-triggered flip-flop clocked by clk)
Path Group: clk
Path Type: min

Fanout         Cap        Slew       Delay        Time   Description
---------------------------------------------------------------------------------------------
                                  0.000000    0.000000   clock clk (rise edge)
                                  0.000000    0.000000   clock network delay (propagated)
                                  2.000000    2.000000 ^ input external delay
     1    0.002752    0.031928    0.015583    2.015583 ^ pc[7] (in)
                                                         pc[7] (net)
                      0.031928    0.000000    2.015583 ^ input13/A (sky130_fd_sc_hd__clkbuf_1)
     2    0.007701    0.159497    0.197079    2.212662 ^ input13/X (sky130_fd_sc_hd__clkbuf_1)
                                                         net13 (net)
                      0.159497    0.000505    2.213167 ^ _065_/A (sky130_fd_sc_hd__or4_4)
    10    0.039168    0.196275    0.373266    2.586433 ^ _065_/X (sky130_fd_sc_hd__or4_4)
                                                         _021_ (net)
                      0.196440    0.003083    2.589516 ^ _113_/B1 (sky130_fd_sc_hd__a21oi_1)
     1    0.002762    0.068399    0.117921    2.707437 v _113_/Y (sky130_fd_sc_hd__a21oi_1)
                                                         _012_ (net)
                      0.068399    0.000171    2.707608 v _128_/D (sky130_fd_sc_hd__dfxtp_1)
                                              2.707608   data arrival time

                                  0.000000    0.000000   clock clk (rise edge)
                                  0.000000    0.000000   clock source latency
     1    0.016703    0.127196    0.086034    0.086034 ^ clk (in)
                                                         clk (net)
                      0.127204    0.000000    0.086034 ^ clkbuf_0_clk/A (sky130_fd_sc_hd__clkbuf_16)
     2    0.019009    0.066198    0.246235    0.332269 ^ clkbuf_0_clk/X (sky130_fd_sc_hd__clkbuf_16)
                                                         clknet_0_clk (net)
                      0.066198    0.000756    0.333025 ^ clkbuf_1_0__f_clk/A (sky130_fd_sc_hd__clkbuf_16)
     7    0.030132    0.080682    0.233578    0.566603 ^ clkbuf_1_0__f_clk/X (sky130_fd_sc_hd__clkbuf_16)
                                                         clknet_1_0__leaf_clk (net)
                      0.080749    0.002038    0.568641 ^ _128_/CLK (sky130_fd_sc_hd__dfxtp_1)
                                  0.250000    0.818641   clock uncertainty
                                  0.000000    0.818641   clock reconvergence pessimism
                                 -0.101949    0.716693   library hold time
                                              0.716693   data required time
---------------------------------------------------------------------------------------------
                                              0.716693   data required time
                                             -2.707608   data arrival time
---------------------------------------------------------------------------------------------
                                              1.990916   slack (MET)


Startpoint: pc[7] (input port clocked by clk)
Endpoint: _117_ (rising edge-triggered flip-flop clocked by clk)
Path Group: clk
Path Type: min

Fanout         Cap        Slew       Delay        Time   Description
---------------------------------------------------------------------------------------------
                                  0.000000    0.000000   clock clk (rise edge)
                                  0.000000    0.000000   clock network delay (propagated)
                                  2.000000    2.000000 ^ input external delay
     1    0.002752    0.031928    0.015583    2.015583 ^ pc[7] (in)
                                                         pc[7] (net)
                      0.031928    0.000000    2.015583 ^ input13/A (sky130_fd_sc_hd__clkbuf_1)
     2    0.007701    0.159497    0.197079    2.212662 ^ input13/X (sky130_fd_sc_hd__clkbuf_1)
                                                         net13 (net)
                      0.159497    0.000505    2.213167 ^ _065_/A (sky130_fd_sc_hd__or4_4)
    10    0.039168    0.196275    0.373266    2.586433 ^ _065_/X (sky130_fd_sc_hd__or4_4)
                                                         _021_ (net)
                      0.196519    0.004457    2.590890 ^ _079_/B1 (sky130_fd_sc_hd__a21oi_1)
     1    0.003158    0.071029    0.122156    2.713046 v _079_/Y (sky130_fd_sc_hd__a21oi_1)
                                                         _001_ (net)
                      0.071029    0.000211    2.713257 v _117_/D (sky130_fd_sc_hd__dfxtp_1)
                                              2.713257   data arrival time

                                  0.000000    0.000000   clock clk (rise edge)
                                  0.000000    0.000000   clock source latency
     1    0.016703    0.127196    0.086034    0.086034 ^ clk (in)
                                                         clk (net)
                      0.127204    0.000000    0.086034 ^ clkbuf_0_clk/A (sky130_fd_sc_hd__clkbuf_16)
     2    0.019009    0.066198    0.246235    0.332269 ^ clkbuf_0_clk/X (sky130_fd_sc_hd__clkbuf_16)
                                                         clknet_0_clk (net)
                      0.066198    0.000756    0.333025 ^ clkbuf_1_0__f_clk/A (sky130_fd_sc_hd__clkbuf_16)
     7    0.030132    0.080682    0.233578    0.566603 ^ clkbuf_1_0__f_clk/X (sky130_fd_sc_hd__clkbuf_16)
                                                         clknet_1_0__leaf_clk (net)
                      0.080753    0.002092    0.568695 ^ _117_/CLK (sky130_fd_sc_hd__dfxtp_1)
                                  0.250000    0.818695   clock uncertainty
                                  0.000000    0.818695   clock reconvergence pessimism
                                 -0.102942    0.715753   library hold time
                                              0.715753   data required time
---------------------------------------------------------------------------------------------
                                              0.715753   data required time
                                             -2.713257   data arrival time
---------------------------------------------------------------------------------------------
                                              1.997503   slack (MET)


Startpoint: pc[7] (input port clocked by clk)
Endpoint: _118_ (rising edge-triggered flip-flop clocked by clk)
Path Group: clk
Path Type: min

Fanout         Cap        Slew       Delay        Time   Description
---------------------------------------------------------------------------------------------
                                  0.000000    0.000000   clock clk (rise edge)
                                  0.000000    0.000000   clock network delay (propagated)
                                  2.000000    2.000000 ^ input external delay
     1    0.002752    0.031928    0.015583    2.015583 ^ pc[7] (in)
                                                         pc[7] (net)
                      0.031928    0.000000    2.015583 ^ input13/A (sky130_fd_sc_hd__clkbuf_1)
     2    0.007701    0.159497    0.197079    2.212662 ^ input13/X (sky130_fd_sc_hd__clkbuf_1)
                                                         net13 (net)
                      0.159497    0.000505    2.213167 ^ _065_/A (sky130_fd_sc_hd__or4_4)
    10    0.039168    0.196275    0.373266    2.586433 ^ _065_/X (sky130_fd_sc_hd__or4_4)
                                                         _021_ (net)
                      0.196566    0.005085    2.591518 ^ _088_/B1 (sky130_fd_sc_hd__a21oi_1)
     1    0.003125    0.070814    0.121835    2.713353 v _088_/Y (sky130_fd_sc_hd__a21oi_1)
                                                         _002_ (net)
                      0.070814    0.000188    2.713541 v _118_/D (sky130_fd_sc_hd__dfxtp_1)
                                              2.713541   data arrival time

                                  0.000000    0.000000   clock clk (rise edge)
                                  0.000000    0.000000   clock source latency
     1    0.016703    0.127196    0.086034    0.086034 ^ clk (in)
                                                         clk (net)
                      0.127204    0.000000    0.086034 ^ clkbuf_0_clk/A (sky130_fd_sc_hd__clkbuf_16)
     2    0.019009    0.066198    0.246235    0.332269 ^ clkbuf_0_clk/X (sky130_fd_sc_hd__clkbuf_16)
                                                         clknet_0_clk (net)
                      0.066198    0.000756    0.333025 ^ clkbuf_1_0__f_clk/A (sky130_fd_sc_hd__clkbuf_16)
     7    0.030132    0.080682    0.233578    0.566603 ^ clkbuf_1_0__f_clk/X (sky130_fd_sc_hd__clkbuf_16)
                                                         clknet_1_0__leaf_clk (net)
                      0.080762    0.002204    0.568808 ^ _118_/CLK (sky130_fd_sc_hd__dfxtp_1)
                                  0.250000    0.818807   clock uncertainty
                                  0.000000    0.818807   clock reconvergence pessimism
                                 -0.102858    0.715949   library hold time
                                              0.715949   data required time
---------------------------------------------------------------------------------------------
                                              0.715949   data required time
                                             -2.713541   data arrival time
---------------------------------------------------------------------------------------------
                                              1.997591   slack (MET)


Startpoint: pc[7] (input port clocked by clk)
Endpoint: _120_ (rising edge-triggered flip-flop clocked by clk)
Path Group: clk
Path Type: min

Fanout         Cap        Slew       Delay        Time   Description
---------------------------------------------------------------------------------------------
                                  0.000000    0.000000   clock clk (rise edge)
                                  0.000000    0.000000   clock network delay (propagated)
                                  2.000000    2.000000 ^ input external delay
     1    0.002752    0.031928    0.015583    2.015583 ^ pc[7] (in)
                                                         pc[7] (net)
                      0.031928    0.000000    2.015583 ^ input13/A (sky130_fd_sc_hd__clkbuf_1)
     2    0.007701    0.159497    0.197079    2.212662 ^ input13/X (sky130_fd_sc_hd__clkbuf_1)
                                                         net13 (net)
                      0.159497    0.000505    2.213167 ^ _065_/A (sky130_fd_sc_hd__or4_4)
    10    0.039168    0.196275    0.373266    2.586433 ^ _065_/X (sky130_fd_sc_hd__or4_4)
                                                         _021_ (net)
                      0.196682    0.006370    2.592802 ^ _097_/B1 (sky130_fd_sc_hd__a21oi_1)
     1    0.002806    0.068728    0.118497    2.711299 v _097_/Y (sky130_fd_sc_hd__a21oi_1)
                                                         _004_ (net)
                      0.068728    0.000114    2.711413 v _120_/D (sky130_fd_sc_hd__dfxtp_1)
                                              2.711413   data arrival time

                                  0.000000    0.000000   clock clk (rise edge)
                                  0.000000    0.000000   clock source latency
     1    0.016703    0.127196    0.086034    0.086034 ^ clk (in)
                                                         clk (net)
                      0.127204    0.000000    0.086034 ^ clkbuf_0_clk/A (sky130_fd_sc_hd__clkbuf_16)
     2    0.019009    0.066198    0.246235    0.332269 ^ clkbuf_0_clk/X (sky130_fd_sc_hd__clkbuf_16)
                                                         clknet_0_clk (net)
                      0.066198    0.000697    0.332966 ^ clkbuf_1_1__f_clk/A (sky130_fd_sc_hd__clkbuf_16)
     8    0.024625    0.073259    0.226031    0.558998 ^ clkbuf_1_1__f_clk/X (sky130_fd_sc_hd__clkbuf_16)
                                                         clknet_1_1__leaf_clk (net)
                      0.073287    0.001234    0.560231 ^ _120_/CLK (sky130_fd_sc_hd__dfxtp_1)
                                  0.250000    0.810231   clock uncertainty
                                  0.000000    0.810231   clock reconvergence pessimism
                                 -0.103865    0.706366   library hold time
                                              0.706366   data required time
---------------------------------------------------------------------------------------------
                                              0.706366   data required time
                                             -2.711413   data arrival time
---------------------------------------------------------------------------------------------
                                              2.005047   slack (MET)


Startpoint: pc[7] (input port clocked by clk)
Endpoint: _127_ (rising edge-triggered flip-flop clocked by clk)
Path Group: clk
Path Type: min

Fanout         Cap        Slew       Delay        Time   Description
---------------------------------------------------------------------------------------------
                                  0.000000    0.000000   clock clk (rise edge)
                                  0.000000    0.000000   clock network delay (propagated)
                                  2.000000    2.000000 ^ input external delay
     1    0.002752    0.031928    0.015583    2.015583 ^ pc[7] (in)
                                                         pc[7] (net)
                      0.031928    0.000000    2.015583 ^ input13/A (sky130_fd_sc_hd__clkbuf_1)
     2    0.007701    0.159497    0.197079    2.212662 ^ input13/X (sky130_fd_sc_hd__clkbuf_1)
                                                         net13 (net)
                      0.159497    0.000505    2.213167 ^ _065_/A (sky130_fd_sc_hd__or4_4)
    10    0.039168    0.196275    0.373266    2.586433 ^ _065_/X (sky130_fd_sc_hd__or4_4)
                                                         _021_ (net)
                      0.196653    0.006075    2.592508 ^ _110_/B1 (sky130_fd_sc_hd__a21oi_1)
     1    0.002943    0.069627    0.119906    2.712414 v _110_/Y (sky130_fd_sc_hd__a21oi_1)
                                                         _011_ (net)
                      0.069628    0.000215    2.712628 v _127_/D (sky130_fd_sc_hd__dfxtp_1)
                                              2.712628   data arrival time

                                  0.000000    0.000000   clock clk (rise edge)
                                  0.000000    0.000000   clock source latency
     1    0.016703    0.127196    0.086034    0.086034 ^ clk (in)
                                                         clk (net)
                      0.127204    0.000000    0.086034 ^ clkbuf_0_clk/A (sky130_fd_sc_hd__clkbuf_16)
     2    0.019009    0.066198    0.246235    0.332269 ^ clkbuf_0_clk/X (sky130_fd_sc_hd__clkbuf_16)
                                                         clknet_0_clk (net)
                      0.066198    0.000697    0.332966 ^ clkbuf_1_1__f_clk/A (sky130_fd_sc_hd__clkbuf_16)
     8    0.024625    0.073259    0.226031    0.558998 ^ clkbuf_1_1__f_clk/X (sky130_fd_sc_hd__clkbuf_16)
                                                         clknet_1_1__leaf_clk (net)
                      0.073289    0.001267    0.560264 ^ _127_/CLK (sky130_fd_sc_hd__dfxtp_1)
                                  0.250000    0.810264   clock uncertainty
                                  0.000000    0.810264   clock reconvergence pessimism
                                 -0.104205    0.706060   library hold time
                                              0.706060   data required time
---------------------------------------------------------------------------------------------
                                              0.706060   data required time
                                             -2.712628   data arrival time
---------------------------------------------------------------------------------------------
                                              2.006569   slack (MET)


Startpoint: pc[7] (input port clocked by clk)
Endpoint: _125_ (rising edge-triggered flip-flop clocked by clk)
Path Group: clk
Path Type: min

Fanout         Cap        Slew       Delay        Time   Description
---------------------------------------------------------------------------------------------
                                  0.000000    0.000000   clock clk (rise edge)
                                  0.000000    0.000000   clock network delay (propagated)
                                  2.000000    2.000000 ^ input external delay
     1    0.002752    0.031928    0.015583    2.015583 ^ pc[7] (in)
                                                         pc[7] (net)
                      0.031928    0.000000    2.015583 ^ input13/A (sky130_fd_sc_hd__clkbuf_1)
     2    0.007701    0.159497    0.197079    2.212662 ^ input13/X (sky130_fd_sc_hd__clkbuf_1)
                                                         net13 (net)
                      0.159497    0.000505    2.213167 ^ _065_/A (sky130_fd_sc_hd__or4_4)
    10    0.039168    0.196275    0.373266    2.586433 ^ _065_/X (sky130_fd_sc_hd__or4_4)
                                                         _021_ (net)
                      0.196704    0.006585    2.593018 ^ _107_/B1 (sky130_fd_sc_hd__a21oi_1)
     1    0.003407    0.072729    0.124845    2.717863 v _107_/Y (sky130_fd_sc_hd__a21oi_1)
                                                         _009_ (net)
                      0.072729    0.000207    2.718070 v _125_/D (sky130_fd_sc_hd__dfxtp_1)
                                              2.718070   data arrival time

                                  0.000000    0.000000   clock clk (rise edge)
                                  0.000000    0.000000   clock source latency
     1    0.016703    0.127196    0.086034    0.086034 ^ clk (in)
                                                         clk (net)
                      0.127204    0.000000    0.086034 ^ clkbuf_0_clk/A (sky130_fd_sc_hd__clkbuf_16)
     2    0.019009    0.066198    0.246235    0.332269 ^ clkbuf_0_clk/X (sky130_fd_sc_hd__clkbuf_16)
                                                         clknet_0_clk (net)
                      0.066198    0.000697    0.332966 ^ clkbuf_1_1__f_clk/A (sky130_fd_sc_hd__clkbuf_16)
     8    0.024625    0.073259    0.226031    0.558998 ^ clkbuf_1_1__f_clk/X (sky130_fd_sc_hd__clkbuf_16)
                                                         clknet_1_1__leaf_clk (net)
                      0.073287    0.001230    0.560228 ^ _125_/CLK (sky130_fd_sc_hd__dfxtp_1)
                                  0.250000    0.810228   clock uncertainty
                                  0.000000    0.810228   clock reconvergence pessimism
                                 -0.105377    0.704850   library hold time
                                              0.704850   data required time
---------------------------------------------------------------------------------------------
                                              0.704850   data required time
                                             -2.718070   data arrival time
---------------------------------------------------------------------------------------------
                                              2.013220   slack (MET)


Startpoint: pc[7] (input port clocked by clk)
Endpoint: _121_ (rising edge-triggered flip-flop clocked by clk)
Path Group: clk
Path Type: min

Fanout         Cap        Slew       Delay        Time   Description
---------------------------------------------------------------------------------------------
                                  0.000000    0.000000   clock clk (rise edge)
                                  0.000000    0.000000   clock network delay (propagated)
                                  2.000000    2.000000 ^ input external delay
     1    0.002752    0.031928    0.015583    2.015583 ^ pc[7] (in)
                                                         pc[7] (net)
                      0.031928    0.000000    2.015583 ^ input13/A (sky130_fd_sc_hd__clkbuf_1)
     2    0.007701    0.159497    0.197079    2.212662 ^ input13/X (sky130_fd_sc_hd__clkbuf_1)
                                                         net13 (net)
                      0.159497    0.000505    2.213167 ^ _065_/A (sky130_fd_sc_hd__or4_4)
    10    0.039168    0.196275    0.373266    2.586433 ^ _065_/X (sky130_fd_sc_hd__or4_4)
                                                         _021_ (net)
                      0.196707    0.006607    2.593040 ^ _100_/B1 (sky130_fd_sc_hd__a21oi_1)
     1    0.003899    0.075334    0.128690    2.721730 v _100_/Y (sky130_fd_sc_hd__a21oi_1)
                                                         _005_ (net)
                      0.075334    0.000235    2.721964 v _121_/D (sky130_fd_sc_hd__dfxtp_1)
                                              2.721964   data arrival time

                                  0.000000    0.000000   clock clk (rise edge)
                                  0.000000    0.000000   clock source latency
     1    0.016703    0.127196    0.086034    0.086034 ^ clk (in)
                                                         clk (net)
                      0.127204    0.000000    0.086034 ^ clkbuf_0_clk/A (sky130_fd_sc_hd__clkbuf_16)
     2    0.019009    0.066198    0.246235    0.332269 ^ clkbuf_0_clk/X (sky130_fd_sc_hd__clkbuf_16)
                                                         clknet_0_clk (net)
                      0.066198    0.000697    0.332966 ^ clkbuf_1_1__f_clk/A (sky130_fd_sc_hd__clkbuf_16)
     8    0.024625    0.073259    0.226031    0.558998 ^ clkbuf_1_1__f_clk/X (sky130_fd_sc_hd__clkbuf_16)
                                                         clknet_1_1__leaf_clk (net)
                      0.073293    0.001329    0.560327 ^ _121_/CLK (sky130_fd_sc_hd__dfxtp_1)
                                  0.250000    0.810327   clock uncertainty
                                  0.000000    0.810327   clock reconvergence pessimism
                                 -0.106360    0.703966   library hold time
                                              0.703966   data required time
---------------------------------------------------------------------------------------------
                                              0.703966   data required time
                                             -2.721964   data arrival time
---------------------------------------------------------------------------------------------
                                              2.017998   slack (MET)


Startpoint: pc[7] (input port clocked by clk)
Endpoint: _123_ (rising edge-triggered flip-flop clocked by clk)
Path Group: clk
Path Type: min

Fanout         Cap        Slew       Delay        Time   Description
---------------------------------------------------------------------------------------------
                                  0.000000    0.000000   clock clk (rise edge)
                                  0.000000    0.000000   clock network delay (propagated)
                                  2.000000    2.000000 ^ input external delay
     1    0.002752    0.031928    0.015583    2.015583 ^ pc[7] (in)
                                                         pc[7] (net)
                      0.031928    0.000000    2.015583 ^ input13/A (sky130_fd_sc_hd__clkbuf_1)
     2    0.007701    0.159497    0.197079    2.212662 ^ input13/X (sky130_fd_sc_hd__clkbuf_1)
                                                         net13 (net)
                      0.159497    0.000505    2.213167 ^ _065_/A (sky130_fd_sc_hd__or4_4)
    10    0.039168    0.196275    0.373266    2.586433 ^ _065_/X (sky130_fd_sc_hd__or4_4)
                                                         _021_ (net)
                      0.196590    0.005382    2.591814 ^ _103_/B1 (sky130_fd_sc_hd__a21oi_1)
     1    0.004313    0.077510    0.131877    2.723691 v _103_/Y (sky130_fd_sc_hd__a21oi_1)
                                                         _007_ (net)
                      0.077510    0.000269    2.723961 v _123_/D (sky130_fd_sc_hd__dfxtp_1)
                                              2.723961   data arrival time

                                  0.000000    0.000000   clock clk (rise edge)
                                  0.000000    0.000000   clock source latency
     1    0.016703    0.127196    0.086034    0.086034 ^ clk (in)
                                                         clk (net)
                      0.127204    0.000000    0.086034 ^ clkbuf_0_clk/A (sky130_fd_sc_hd__clkbuf_16)
     2    0.019009    0.066198    0.246235    0.332269 ^ clkbuf_0_clk/X (sky130_fd_sc_hd__clkbuf_16)
                                                         clknet_0_clk (net)
                      0.066198    0.000697    0.332966 ^ clkbuf_1_1__f_clk/A (sky130_fd_sc_hd__clkbuf_16)
     8    0.024625    0.073259    0.226031    0.558998 ^ clkbuf_1_1__f_clk/X (sky130_fd_sc_hd__clkbuf_16)
                                                         clknet_1_1__leaf_clk (net)
                      0.073297    0.001402    0.560399 ^ _123_/CLK (sky130_fd_sc_hd__dfxtp_1)
                                  0.250000    0.810399   clock uncertainty
                                  0.000000    0.810399   clock reconvergence pessimism
                                 -0.107182    0.703218   library hold time
                                              0.703218   data required time
---------------------------------------------------------------------------------------------
                                              0.703218   data required time
                                             -2.723961   data arrival time
---------------------------------------------------------------------------------------------
                                              2.020743   slack (MET)


Startpoint: pc[7] (input port clocked by clk)
Endpoint: _129_ (rising edge-triggered flip-flop clocked by clk)
Path Group: clk
Path Type: min

Fanout         Cap        Slew       Delay        Time   Description
---------------------------------------------------------------------------------------------
                                  0.000000    0.000000   clock clk (rise edge)
                                  0.000000    0.000000   clock network delay (propagated)
                                  2.000000    2.000000 ^ input external delay
     1    0.002752    0.031928    0.015583    2.015583 ^ pc[7] (in)
                                                         pc[7] (net)
                      0.031928    0.000000    2.015583 ^ input13/A (sky130_fd_sc_hd__clkbuf_1)
     2    0.007701    0.159497    0.197079    2.212662 ^ input13/X (sky130_fd_sc_hd__clkbuf_1)
                                                         net13 (net)
                      0.159497    0.000505    2.213167 ^ _065_/A (sky130_fd_sc_hd__or4_4)
    10    0.039168    0.196275    0.373266    2.586433 ^ _065_/X (sky130_fd_sc_hd__or4_4)
                                                         _021_ (net)
                      0.196708    0.006622    2.593055 ^ _115_/B1 (sky130_fd_sc_hd__a21oi_1)
     1    0.004243    0.077158    0.131382    2.724437 v _115_/Y (sky130_fd_sc_hd__a21oi_1)
                                                         _013_ (net)
                      0.077158    0.000252    2.724689 v _129_/D (sky130_fd_sc_hd__dfxtp_1)
                                              2.724689   data arrival time

                                  0.000000    0.000000   clock clk (rise edge)
                                  0.000000    0.000000   clock source latency
     1    0.016703    0.127196    0.086034    0.086034 ^ clk (in)
                                                         clk (net)
                      0.127204    0.000000    0.086034 ^ clkbuf_0_clk/A (sky130_fd_sc_hd__clkbuf_16)
     2    0.019009    0.066198    0.246235    0.332269 ^ clkbuf_0_clk/X (sky130_fd_sc_hd__clkbuf_16)
                                                         clknet_0_clk (net)
                      0.066198    0.000697    0.332966 ^ clkbuf_1_1__f_clk/A (sky130_fd_sc_hd__clkbuf_16)
     8    0.024625    0.073259    0.226031    0.558998 ^ clkbuf_1_1__f_clk/X (sky130_fd_sc_hd__clkbuf_16)
                                                         clknet_1_1__leaf_clk (net)
                      0.073289    0.001260    0.560258 ^ _129_/CLK (sky130_fd_sc_hd__dfxtp_1)
                                  0.250000    0.810258   clock uncertainty
                                  0.000000    0.810258   clock reconvergence pessimism
                                 -0.107051    0.703207   library hold time
                                              0.703207   data required time
---------------------------------------------------------------------------------------------
                                              0.703207   data required time
                                             -2.724689   data arrival time
---------------------------------------------------------------------------------------------
                                              2.021483   slack (MET)


Startpoint: pc[7] (input port clocked by clk)
Endpoint: _122_ (rising edge-triggered flip-flop clocked by clk)
Path Group: clk
Path Type: min

Fanout         Cap        Slew       Delay        Time   Description
---------------------------------------------------------------------------------------------
                                  0.000000    0.000000   clock clk (rise edge)
                                  0.000000    0.000000   clock network delay (propagated)
                                  2.000000    2.000000 ^ input external delay
     1    0.002752    0.031928    0.015583    2.015583 ^ pc[7] (in)
                                                         pc[7] (net)
                      0.031928    0.000000    2.015583 ^ input13/A (sky130_fd_sc_hd__clkbuf_1)
     2    0.007701    0.159497    0.197079    2.212662 ^ input13/X (sky130_fd_sc_hd__clkbuf_1)
                                                         net13 (net)
                      0.159497    0.000433    2.213095 ^ _064_/A (sky130_fd_sc_hd__nor4_1)
     2    0.006941    0.079333    0.157925    2.371020 v _064_/Y (sky130_fd_sc_hd__nor4_1)
                                                         _020_ (net)
                      0.079334    0.000354    2.371374 v max_cap32/A (sky130_fd_sc_hd__buf_1)
     3    0.010527    0.130445    0.229787    2.601160 v max_cap32/X (sky130_fd_sc_hd__buf_1)
                                                         net32 (net)
                      0.130445    0.000401    2.601561 v _102_/B1 (sky130_fd_sc_hd__o21a_1)
     1    0.003143    0.060989    0.219613    2.821174 v _102_/X (sky130_fd_sc_hd__o21a_1)
                                                         _006_ (net)
                      0.060989    0.000229    2.821403 v _122_/D (sky130_fd_sc_hd__dfxtp_1)
                                              2.821403   data arrival time

                                  0.000000    0.000000   clock clk (rise edge)
                                  0.000000    0.000000   clock source latency
     1    0.016703    0.127196    0.086034    0.086034 ^ clk (in)
                                                         clk (net)
                      0.127204    0.000000    0.086034 ^ clkbuf_0_clk/A (sky130_fd_sc_hd__clkbuf_16)
     2    0.019009    0.066198    0.246235    0.332269 ^ clkbuf_0_clk/X (sky130_fd_sc_hd__clkbuf_16)
                                                         clknet_0_clk (net)
                      0.066198    0.000756    0.333025 ^ clkbuf_1_0__f_clk/A (sky130_fd_sc_hd__clkbuf_16)
     7    0.030132    0.080682    0.233578    0.566603 ^ clkbuf_1_0__f_clk/X (sky130_fd_sc_hd__clkbuf_16)
                                                         clknet_1_0__leaf_clk (net)
                      0.080717    0.001558    0.568161 ^ _122_/CLK (sky130_fd_sc_hd__dfxtp_1)
                                  0.250000    0.818161   clock uncertainty
                                  0.000000    0.818161   clock reconvergence pessimism
                                 -0.099156    0.719005   library hold time
                                              0.719005   data required time
---------------------------------------------------------------------------------------------
                                              0.719005   data required time
                                             -2.821403   data arrival time
---------------------------------------------------------------------------------------------
                                              2.102398   slack (MET)


Startpoint: pc[7] (input port clocked by clk)
Endpoint: _126_ (rising edge-triggered flip-flop clocked by clk)
Path Group: clk
Path Type: min

Fanout         Cap        Slew       Delay        Time   Description
---------------------------------------------------------------------------------------------
                                  0.000000    0.000000   clock clk (rise edge)
                                  0.000000    0.000000   clock network delay (propagated)
                                  2.000000    2.000000 ^ input external delay
     1    0.002752    0.031928    0.015583    2.015583 ^ pc[7] (in)
                                                         pc[7] (net)
                      0.031928    0.000000    2.015583 ^ input13/A (sky130_fd_sc_hd__clkbuf_1)
     2    0.007701    0.159497    0.197079    2.212662 ^ input13/X (sky130_fd_sc_hd__clkbuf_1)
                                                         net13 (net)
                      0.159497    0.000433    2.213095 ^ _064_/A (sky130_fd_sc_hd__nor4_1)
     2    0.006941    0.079333    0.157925    2.371020 v _064_/Y (sky130_fd_sc_hd__nor4_1)
                                                         _020_ (net)
                      0.079334    0.000354    2.371374 v max_cap32/A (sky130_fd_sc_hd__buf_1)
     3    0.010527    0.130445    0.229787    2.601160 v max_cap32/X (sky130_fd_sc_hd__buf_1)
                                                         net32 (net)
                      0.130446    0.000583    2.601743 v _108_/C1 (sky130_fd_sc_hd__o221a_1)
     1    0.003515    0.073350    0.251035    2.852778 v _108_/X (sky130_fd_sc_hd__o221a_1)
                                                         _010_ (net)
                      0.073350    0.000243    2.853021 v _126_/D (sky130_fd_sc_hd__dfxtp_1)
                                              2.853021   data arrival time

                                  0.000000    0.000000   clock clk (rise edge)
                                  0.000000    0.000000   clock source latency
     1    0.016703    0.127196    0.086034    0.086034 ^ clk (in)
                                                         clk (net)
                      0.127204    0.000000    0.086034 ^ clkbuf_0_clk/A (sky130_fd_sc_hd__clkbuf_16)
     2    0.019009    0.066198    0.246235    0.332269 ^ clkbuf_0_clk/X (sky130_fd_sc_hd__clkbuf_16)
                                                         clknet_0_clk (net)
                      0.066198    0.000756    0.333025 ^ clkbuf_1_0__f_clk/A (sky130_fd_sc_hd__clkbuf_16)
     7    0.030132    0.080682    0.233578    0.566603 ^ clkbuf_1_0__f_clk/X (sky130_fd_sc_hd__clkbuf_16)
                                                         clknet_1_0__leaf_clk (net)
                      0.080720    0.001607    0.568210 ^ _126_/CLK (sky130_fd_sc_hd__dfxtp_1)
                                  0.250000    0.818210   clock uncertainty
                                  0.000000    0.818210   clock reconvergence pessimism
                                 -0.103827    0.714384   library hold time
                                              0.714384   data required time
---------------------------------------------------------------------------------------------
                                              0.714384   data required time
                                             -2.853021   data arrival time
---------------------------------------------------------------------------------------------
                                              2.138637   slack (MET)


Startpoint: _128_ (rising edge-triggered flip-flop clocked by clk)
Endpoint: instruction[13] (output port clocked by clk)
Path Group: clk
Path Type: min

Fanout         Cap        Slew       Delay        Time   Description
---------------------------------------------------------------------------------------------
                                  0.000000    0.000000   clock clk (rise edge)
                                  0.000000    0.000000   clock source latency
     1    0.016703    0.127196    0.086034    0.086034 ^ clk (in)
                                                         clk (net)
                      0.127204    0.000000    0.086034 ^ clkbuf_0_clk/A (sky130_fd_sc_hd__clkbuf_16)
     2    0.019009    0.066198    0.246235    0.332269 ^ clkbuf_0_clk/X (sky130_fd_sc_hd__clkbuf_16)
                                                         clknet_0_clk (net)
                      0.066198    0.000756    0.333025 ^ clkbuf_1_0__f_clk/A (sky130_fd_sc_hd__clkbuf_16)
     7    0.030132    0.080682    0.233578    0.566603 ^ clkbuf_1_0__f_clk/X (sky130_fd_sc_hd__clkbuf_16)
                                                         clknet_1_0__leaf_clk (net)
                      0.080749    0.002038    0.568641 ^ _128_/CLK (sky130_fd_sc_hd__dfxtp_1)
     1    0.002329    0.044413    0.573990    1.142632 v _128_/Q (sky130_fd_sc_hd__dfxtp_1)
                                                         net20 (net)
                      0.044413    0.000147    1.142778 v output20/A (sky130_fd_sc_hd__buf_2)
     1    0.034192    0.166022    0.331887    1.474665 v output20/X (sky130_fd_sc_hd__buf_2)
                                                         instruction[13] (net)
                      0.166037    0.001704    1.476368 v instruction[13] (out)
                                              1.476368   data arrival time

                                  0.000000    0.000000   clock clk (rise edge)
                                  0.000000    0.000000   clock network delay (propagated)
                                  0.250000    0.250000   clock uncertainty
                                  0.000000    0.250000   clock reconvergence pessimism
                                 -2.000000   -1.750000   output external delay
                                             -1.750000   data required time
---------------------------------------------------------------------------------------------
                                             -1.750000   data required time
                                             -1.476368   data arrival time
---------------------------------------------------------------------------------------------
                                              3.226368   slack (MET)


Startpoint: _119_ (rising edge-triggered flip-flop clocked by clk)
Endpoint: instruction[3] (output port clocked by clk)
Path Group: clk
Path Type: min

Fanout         Cap        Slew       Delay        Time   Description
---------------------------------------------------------------------------------------------
                                  0.000000    0.000000   clock clk (rise edge)
                                  0.000000    0.000000   clock source latency
     1    0.016703    0.127196    0.086034    0.086034 ^ clk (in)
                                                         clk (net)
                      0.127204    0.000000    0.086034 ^ clkbuf_0_clk/A (sky130_fd_sc_hd__clkbuf_16)
     2    0.019009    0.066198    0.246235    0.332269 ^ clkbuf_0_clk/X (sky130_fd_sc_hd__clkbuf_16)
                                                         clknet_0_clk (net)
                      0.066198    0.000756    0.333025 ^ clkbuf_1_0__f_clk/A (sky130_fd_sc_hd__clkbuf_16)
     7    0.030132    0.080682    0.233578    0.566603 ^ clkbuf_1_0__f_clk/X (sky130_fd_sc_hd__clkbuf_16)
                                                         clknet_1_0__leaf_clk (net)
                      0.080716    0.001530    0.568133 ^ _119_/CLK (sky130_fd_sc_hd__dfxtp_1)
     1    0.003230    0.051782    0.581852    1.149985 v _119_/Q (sky130_fd_sc_hd__dfxtp_1)
                                                         net25 (net)
                      0.051782    0.000231    1.150216 v output25/A (sky130_fd_sc_hd__buf_2)
     1    0.034258    0.166249    0.335467    1.485683 v output25/X (sky130_fd_sc_hd__buf_2)
                                                         instruction[3] (net)
                      0.166265    0.001716    1.487399 v instruction[3] (out)
                                              1.487399   data arrival time

                                  0.000000    0.000000   clock clk (rise edge)
                                  0.000000    0.000000   clock network delay (propagated)
                                  0.250000    0.250000   clock uncertainty
                                  0.000000    0.250000   clock reconvergence pessimism
                                 -2.000000   -1.750000   output external delay
                                             -1.750000   data required time
---------------------------------------------------------------------------------------------
                                             -1.750000   data required time
                                             -1.487399   data arrival time
---------------------------------------------------------------------------------------------
                                              3.237398   slack (MET)


Startpoint: _120_ (rising edge-triggered flip-flop clocked by clk)
Endpoint: instruction[4] (output port clocked by clk)
Path Group: clk
Path Type: min

Fanout         Cap        Slew       Delay        Time   Description
---------------------------------------------------------------------------------------------
                                  0.000000    0.000000   clock clk (rise edge)
                                  0.000000    0.000000   clock source latency
     1    0.016703    0.127196    0.086034    0.086034 ^ clk (in)
                                                         clk (net)
                      0.127204    0.000000    0.086034 ^ clkbuf_0_clk/A (sky130_fd_sc_hd__clkbuf_16)
     2    0.019009    0.066198    0.246235    0.332269 ^ clkbuf_0_clk/X (sky130_fd_sc_hd__clkbuf_16)
                                                         clknet_0_clk (net)
                      0.066198    0.000697    0.332966 ^ clkbuf_1_1__f_clk/A (sky130_fd_sc_hd__clkbuf_16)
     8    0.024625    0.073259    0.226031    0.558998 ^ clkbuf_1_1__f_clk/X (sky130_fd_sc_hd__clkbuf_16)
                                                         clknet_1_1__leaf_clk (net)
                      0.073287    0.001234    0.560231 ^ _120_/CLK (sky130_fd_sc_hd__dfxtp_1)
     1    0.007154    0.082228    0.607853    1.168084 v _120_/Q (sky130_fd_sc_hd__dfxtp_1)
                                                         net26 (net)
                      0.082228    0.000418    1.168502 v output26/A (sky130_fd_sc_hd__buf_2)
     1    0.034110    0.165514    0.349065    1.517567 v output26/X (sky130_fd_sc_hd__buf_2)
                                                         instruction[4] (net)
                      0.165529    0.001639    1.519206 v instruction[4] (out)
                                              1.519206   data arrival time

                                  0.000000    0.000000   clock clk (rise edge)
                                  0.000000    0.000000   clock network delay (propagated)
                                  0.250000    0.250000   clock uncertainty
                                  0.000000    0.250000   clock reconvergence pessimism
                                 -2.000000   -1.750000   output external delay
                                             -1.750000   data required time
---------------------------------------------------------------------------------------------
                                             -1.750000   data required time
                                             -1.519206   data arrival time
---------------------------------------------------------------------------------------------
                                              3.269206   slack (MET)


Startpoint: _116_ (rising edge-triggered flip-flop clocked by clk)
Endpoint: instruction[0] (output port clocked by clk)
Path Group: clk
Path Type: min

Fanout         Cap        Slew       Delay        Time   Description
---------------------------------------------------------------------------------------------
                                  0.000000    0.000000   clock clk (rise edge)
                                  0.000000    0.000000   clock source latency
     1    0.016703    0.127196    0.086034    0.086034 ^ clk (in)
                                                         clk (net)
                      0.127204    0.000000    0.086034 ^ clkbuf_0_clk/A (sky130_fd_sc_hd__clkbuf_16)
     2    0.019009    0.066198    0.246235    0.332269 ^ clkbuf_0_clk/X (sky130_fd_sc_hd__clkbuf_16)
                                                         clknet_0_clk (net)
                      0.066198    0.000697    0.332966 ^ clkbuf_1_1__f_clk/A (sky130_fd_sc_hd__clkbuf_16)
     8    0.024625    0.073259    0.226031    0.558998 ^ clkbuf_1_1__f_clk/X (sky130_fd_sc_hd__clkbuf_16)
                                                         clknet_1_1__leaf_clk (net)
                      0.073294    0.001343    0.560341 ^ _116_/CLK (sky130_fd_sc_hd__dfxtp_1)
     1    0.007192    0.082600    0.607965    1.168306 v _116_/Q (sky130_fd_sc_hd__dfxtp_1)
                                                         net16 (net)
                      0.082600    0.000666    1.168972 v output16/A (sky130_fd_sc_hd__buf_2)
     1    0.034056    0.165300    0.349083    1.518055 v output16/X (sky130_fd_sc_hd__buf_2)
                                                         instruction[0] (net)
                      0.165314    0.001619    1.519674 v instruction[0] (out)
                                              1.519674   data arrival time

                                  0.000000    0.000000   clock clk (rise edge)
                                  0.000000    0.000000   clock network delay (propagated)
                                  0.250000    0.250000   clock uncertainty
                                  0.000000    0.250000   clock reconvergence pessimism
                                 -2.000000   -1.750000   output external delay
                                             -1.750000   data required time
---------------------------------------------------------------------------------------------
                                             -1.750000   data required time
                                             -1.519674   data arrival time
---------------------------------------------------------------------------------------------
                                              3.269674   slack (MET)


Startpoint: _126_ (rising edge-triggered flip-flop clocked by clk)
Endpoint: instruction[11] (output port clocked by clk)
Path Group: clk
Path Type: min

Fanout         Cap        Slew       Delay        Time   Description
---------------------------------------------------------------------------------------------
                                  0.000000    0.000000   clock clk (rise edge)
                                  0.000000    0.000000   clock source latency
     1    0.016703    0.127196    0.086034    0.086034 ^ clk (in)
                                                         clk (net)
                      0.127204    0.000000    0.086034 ^ clkbuf_0_clk/A (sky130_fd_sc_hd__clkbuf_16)
     2    0.019009    0.066198    0.246235    0.332269 ^ clkbuf_0_clk/X (sky130_fd_sc_hd__clkbuf_16)
                                                         clknet_0_clk (net)
                      0.066198    0.000756    0.333025 ^ clkbuf_1_0__f_clk/A (sky130_fd_sc_hd__clkbuf_16)
     7    0.030132    0.080682    0.233578    0.566603 ^ clkbuf_1_0__f_clk/X (sky130_fd_sc_hd__clkbuf_16)
                                                         clknet_1_0__leaf_clk (net)
                      0.080720    0.001607    0.568210 ^ _126_/CLK (sky130_fd_sc_hd__dfxtp_1)
     1    0.006738    0.078928    0.608339    1.176549 v _126_/Q (sky130_fd_sc_hd__dfxtp_1)
                                                         net18 (net)
                      0.078928    0.000489    1.177038 v output18/A (sky130_fd_sc_hd__buf_2)
     1    0.034444    0.166842    0.348542    1.525580 v output18/X (sky130_fd_sc_hd__buf_2)
                                                         instruction[11] (net)
                      0.166857    0.001661    1.527241 v instruction[11] (out)
                                              1.527241   data arrival time

                                  0.000000    0.000000   clock clk (rise edge)
                                  0.000000    0.000000   clock network delay (propagated)
                                  0.250000    0.250000   clock uncertainty
                                  0.000000    0.250000   clock reconvergence pessimism
                                 -2.000000   -1.750000   output external delay
                                             -1.750000   data required time
---------------------------------------------------------------------------------------------
                                             -1.750000   data required time
                                             -1.527241   data arrival time
---------------------------------------------------------------------------------------------
                                              3.277241   slack (MET)


Startpoint: _118_ (rising edge-triggered flip-flop clocked by clk)
Endpoint: instruction[2] (output port clocked by clk)
Path Group: clk
Path Type: min

Fanout         Cap        Slew       Delay        Time   Description
---------------------------------------------------------------------------------------------
                                  0.000000    0.000000   clock clk (rise edge)
                                  0.000000    0.000000   clock source latency
     1    0.016703    0.127196    0.086034    0.086034 ^ clk (in)
                                                         clk (net)
                      0.127204    0.000000    0.086034 ^ clkbuf_0_clk/A (sky130_fd_sc_hd__clkbuf_16)
     2    0.019009    0.066198    0.246235    0.332269 ^ clkbuf_0_clk/X (sky130_fd_sc_hd__clkbuf_16)
                                                         clknet_0_clk (net)
                      0.066198    0.000756    0.333025 ^ clkbuf_1_0__f_clk/A (sky130_fd_sc_hd__clkbuf_16)
     7    0.030132    0.080682    0.233578    0.566603 ^ clkbuf_1_0__f_clk/X (sky130_fd_sc_hd__clkbuf_16)
                                                         clknet_1_0__leaf_clk (net)
                      0.080762    0.002204    0.568808 ^ _118_/CLK (sky130_fd_sc_hd__dfxtp_1)
     1    0.006858    0.079882    0.609200    1.178008 v _118_/Q (sky130_fd_sc_hd__dfxtp_1)
                                                         net24 (net)
                      0.079882    0.000490    1.178498 v output24/A (sky130_fd_sc_hd__buf_2)
     1    0.034449    0.166846    0.349038    1.527537 v output24/X (sky130_fd_sc_hd__buf_2)
                                                         instruction[2] (net)
                      0.166860    0.001613    1.529150 v instruction[2] (out)
                                              1.529150   data arrival time

                                  0.000000    0.000000   clock clk (rise edge)
                                  0.000000    0.000000   clock network delay (propagated)
                                  0.250000    0.250000   clock uncertainty
                                  0.000000    0.250000   clock reconvergence pessimism
                                 -2.000000   -1.750000   output external delay
                                             -1.750000   data required time
---------------------------------------------------------------------------------------------
                                             -1.750000   data required time
                                             -1.529150   data arrival time
---------------------------------------------------------------------------------------------
                                              3.279150   slack (MET)


Startpoint: _117_ (rising edge-triggered flip-flop clocked by clk)
Endpoint: instruction[1] (output port clocked by clk)
Path Group: clk
Path Type: min

Fanout         Cap        Slew       Delay        Time   Description
---------------------------------------------------------------------------------------------
                                  0.000000    0.000000   clock clk (rise edge)
                                  0.000000    0.000000   clock source latency
     1    0.016703    0.127196    0.086034    0.086034 ^ clk (in)
                                                         clk (net)
                      0.127204    0.000000    0.086034 ^ clkbuf_0_clk/A (sky130_fd_sc_hd__clkbuf_16)
     2    0.019009    0.066198    0.246235    0.332269 ^ clkbuf_0_clk/X (sky130_fd_sc_hd__clkbuf_16)
                                                         clknet_0_clk (net)
                      0.066198    0.000756    0.333025 ^ clkbuf_1_0__f_clk/A (sky130_fd_sc_hd__clkbuf_16)
     7    0.030132    0.080682    0.233578    0.566603 ^ clkbuf_1_0__f_clk/X (sky130_fd_sc_hd__clkbuf_16)
                                                         clknet_1_0__leaf_clk (net)
                      0.080753    0.002092    0.568695 ^ _117_/CLK (sky130_fd_sc_hd__dfxtp_1)
     1    0.007353    0.083825    0.612609    1.181304 v _117_/Q (sky130_fd_sc_hd__dfxtp_1)
                                                         net23 (net)
                      0.083825    0.000527    1.181831 v output23/A (sky130_fd_sc_hd__buf_2)
     1    0.034449    0.166851    0.350940    1.532771 v output23/X (sky130_fd_sc_hd__buf_2)
                                                         instruction[1] (net)
                      0.166865    0.001613    1.534384 v instruction[1] (out)
                                              1.534384   data arrival time

                                  0.000000    0.000000   clock clk (rise edge)
                                  0.000000    0.000000   clock network delay (propagated)
                                  0.250000    0.250000   clock uncertainty
                                  0.000000    0.250000   clock reconvergence pessimism
                                 -2.000000   -1.750000   output external delay
                                             -1.750000   data required time
---------------------------------------------------------------------------------------------
                                             -1.750000   data required time
                                             -1.534384   data arrival time
---------------------------------------------------------------------------------------------
                                              3.284384   slack (MET)


Startpoint: _124_ (rising edge-triggered flip-flop clocked by clk)
Endpoint: instruction[9] (output port clocked by clk)
Path Group: clk
Path Type: min

Fanout         Cap        Slew       Delay        Time   Description
---------------------------------------------------------------------------------------------
                                  0.000000    0.000000   clock clk (rise edge)
                                  0.000000    0.000000   clock source latency
     1    0.016703    0.127196    0.086034    0.086034 ^ clk (in)
                                                         clk (net)
                      0.127204    0.000000    0.086034 ^ clkbuf_0_clk/A (sky130_fd_sc_hd__clkbuf_16)
     2    0.019009    0.066198    0.246235    0.332269 ^ clkbuf_0_clk/X (sky130_fd_sc_hd__clkbuf_16)
                                                         clknet_0_clk (net)
                      0.066198    0.000697    0.332966 ^ clkbuf_1_1__f_clk/A (sky130_fd_sc_hd__clkbuf_16)
     8    0.024625    0.073259    0.226031    0.558998 ^ clkbuf_1_1__f_clk/X (sky130_fd_sc_hd__clkbuf_16)
                                                         clknet_1_1__leaf_clk (net)
                      0.073295    0.001370    0.560367 ^ _124_/CLK (sky130_fd_sc_hd__dfxtp_1)
     2    0.008902    0.096340    0.619862    1.180229 v _124_/Q (sky130_fd_sc_hd__dfxtp_1)
                                                         net31 (net)
                      0.096470    0.000629    1.180858 v output31/A (sky130_fd_sc_hd__buf_2)
     1    0.034444    0.166863    0.356990    1.537849 v output31/X (sky130_fd_sc_hd__buf_2)
                                                         instruction[9] (net)
                      0.166878    0.001661    1.539509 v instruction[9] (out)
                                              1.539509   data arrival time

                                  0.000000    0.000000   clock clk (rise edge)
                                  0.000000    0.000000   clock network delay (propagated)
                                  0.250000    0.250000   clock uncertainty
                                  0.000000    0.250000   clock reconvergence pessimism
                                 -2.000000   -1.750000   output external delay
                                             -1.750000   data required time
---------------------------------------------------------------------------------------------
                                             -1.750000   data required time
                                             -1.539509   data arrival time
---------------------------------------------------------------------------------------------
                                              3.289510   slack (MET)


Startpoint: _122_ (rising edge-triggered flip-flop clocked by clk)
Endpoint: instruction[15] (output port clocked by clk)
Path Group: clk
Path Type: min

Fanout         Cap        Slew       Delay        Time   Description
---------------------------------------------------------------------------------------------
                                  0.000000    0.000000   clock clk (rise edge)
                                  0.000000    0.000000   clock source latency
     1    0.016703    0.127196    0.086034    0.086034 ^ clk (in)
                                                         clk (net)
                      0.127204    0.000000    0.086034 ^ clkbuf_0_clk/A (sky130_fd_sc_hd__clkbuf_16)
     2    0.019009    0.066198    0.246235    0.332269 ^ clkbuf_0_clk/X (sky130_fd_sc_hd__clkbuf_16)
                                                         clknet_0_clk (net)
                      0.066198    0.000756    0.333025 ^ clkbuf_1_0__f_clk/A (sky130_fd_sc_hd__clkbuf_16)
     7    0.030132    0.080682    0.233578    0.566603 ^ clkbuf_1_0__f_clk/X (sky130_fd_sc_hd__clkbuf_16)
                                                         clknet_1_0__leaf_clk (net)
                      0.080717    0.001558    0.568161 ^ _122_/CLK (sky130_fd_sc_hd__dfxtp_1)
     2    0.008229    0.090882    0.618612    1.186773 v _122_/Q (sky130_fd_sc_hd__dfxtp_1)
                                                         net22 (net)
                      0.090882    0.000582    1.187354 v output22/A (sky130_fd_sc_hd__buf_2)
     1    0.034480    0.167002    0.354401    1.541755 v output22/X (sky130_fd_sc_hd__buf_2)
                                                         instruction[15] (net)
                      0.167016    0.001668    1.543424 v instruction[15] (out)
                                              1.543424   data arrival time

                                  0.000000    0.000000   clock clk (rise edge)
                                  0.000000    0.000000   clock network delay (propagated)
                                  0.250000    0.250000   clock uncertainty
                                  0.000000    0.250000   clock reconvergence pessimism
                                 -2.000000   -1.750000   output external delay
                                             -1.750000   data required time
---------------------------------------------------------------------------------------------
                                             -1.750000   data required time
                                             -1.543424   data arrival time
---------------------------------------------------------------------------------------------
                                              3.293424   slack (MET)


Startpoint: _123_ (rising edge-triggered flip-flop clocked by clk)
Endpoint: instruction[8] (output port clocked by clk)
Path Group: clk
Path Type: min

Fanout         Cap        Slew       Delay        Time   Description
---------------------------------------------------------------------------------------------
                                  0.000000    0.000000   clock clk (rise edge)
                                  0.000000    0.000000   clock source latency
     1    0.016703    0.127196    0.086034    0.086034 ^ clk (in)
                                                         clk (net)
                      0.127204    0.000000    0.086034 ^ clkbuf_0_clk/A (sky130_fd_sc_hd__clkbuf_16)
     2    0.019009    0.066198    0.246235    0.332269 ^ clkbuf_0_clk/X (sky130_fd_sc_hd__clkbuf_16)
                                                         clknet_0_clk (net)
                      0.066198    0.000697    0.332966 ^ clkbuf_1_1__f_clk/A (sky130_fd_sc_hd__clkbuf_16)
     8    0.024625    0.073259    0.226031    0.558998 ^ clkbuf_1_1__f_clk/X (sky130_fd_sc_hd__clkbuf_16)
                                                         clknet_1_1__leaf_clk (net)
                      0.073297    0.001402    0.560399 ^ _123_/CLK (sky130_fd_sc_hd__dfxtp_1)
     1    0.009491    0.101250    0.623984    1.184384 v _123_/Q (sky130_fd_sc_hd__dfxtp_1)
                                                         net30 (net)
                      0.101252    0.000626    1.185009 v output30/A (sky130_fd_sc_hd__buf_2)
     1    0.034116    0.165565    0.358255    1.543264 v output30/X (sky130_fd_sc_hd__buf_2)
                                                         instruction[8] (net)
                      0.165580    0.001641    1.544905 v instruction[8] (out)
                                              1.544905   data arrival time

                                  0.000000    0.000000   clock clk (rise edge)
                                  0.000000    0.000000   clock network delay (propagated)
                                  0.250000    0.250000   clock uncertainty
                                  0.000000    0.250000   clock reconvergence pessimism
                                 -2.000000   -1.750000   output external delay
                                             -1.750000   data required time
---------------------------------------------------------------------------------------------
                                             -1.750000   data required time
                                             -1.544905   data arrival time
---------------------------------------------------------------------------------------------
                                              3.294905   slack (MET)


Startpoint: _121_ (rising edge-triggered flip-flop clocked by clk)
Endpoint: instruction[6] (output port clocked by clk)
Path Group: clk
Path Type: min

Fanout         Cap        Slew       Delay        Time   Description
---------------------------------------------------------------------------------------------
                                  0.000000    0.000000   clock clk (rise edge)
                                  0.000000    0.000000   clock source latency
     1    0.016703    0.127196    0.086034    0.086034 ^ clk (in)
                                                         clk (net)
                      0.127204    0.000000    0.086034 ^ clkbuf_0_clk/A (sky130_fd_sc_hd__clkbuf_16)
     2    0.019009    0.066198    0.246235    0.332269 ^ clkbuf_0_clk/X (sky130_fd_sc_hd__clkbuf_16)
                                                         clknet_0_clk (net)
                      0.066198    0.000697    0.332966 ^ clkbuf_1_1__f_clk/A (sky130_fd_sc_hd__clkbuf_16)
     8    0.024625    0.073259    0.226031    0.558998 ^ clkbuf_1_1__f_clk/X (sky130_fd_sc_hd__clkbuf_16)
                                                         clknet_1_1__leaf_clk (net)
                      0.073293    0.001329    0.560327 ^ _121_/CLK (sky130_fd_sc_hd__dfxtp_1)
     1    0.009516    0.101448    0.624175    1.184502 v _121_/Q (sky130_fd_sc_hd__dfxtp_1)
                                                         net28 (net)
                      0.101450    0.000625    1.185126 v output28/A (sky130_fd_sc_hd__buf_2)
     1    0.034105    0.165526    0.358315    1.543442 v output28/X (sky130_fd_sc_hd__buf_2)
                                                         instruction[6] (net)
                      0.165540    0.001643    1.545084 v instruction[6] (out)
                                              1.545084   data arrival time

                                  0.000000    0.000000   clock clk (rise edge)
                                  0.000000    0.000000   clock network delay (propagated)
                                  0.250000    0.250000   clock uncertainty
                                  0.000000    0.250000   clock reconvergence pessimism
                                 -2.000000   -1.750000   output external delay
                                             -1.750000   data required time
---------------------------------------------------------------------------------------------
                                             -1.750000   data required time
                                             -1.545084   data arrival time
---------------------------------------------------------------------------------------------
                                              3.295084   slack (MET)


Startpoint: _127_ (rising edge-triggered flip-flop clocked by clk)
Endpoint: instruction[12] (output port clocked by clk)
Path Group: clk
Path Type: min

Fanout         Cap        Slew       Delay        Time   Description
---------------------------------------------------------------------------------------------
                                  0.000000    0.000000   clock clk (rise edge)
                                  0.000000    0.000000   clock source latency
     1    0.016703    0.127196    0.086034    0.086034 ^ clk (in)
                                                         clk (net)
                      0.127204    0.000000    0.086034 ^ clkbuf_0_clk/A (sky130_fd_sc_hd__clkbuf_16)
     2    0.019009    0.066198    0.246235    0.332269 ^ clkbuf_0_clk/X (sky130_fd_sc_hd__clkbuf_16)
                                                         clknet_0_clk (net)
                      0.066198    0.000697    0.332966 ^ clkbuf_1_1__f_clk/A (sky130_fd_sc_hd__clkbuf_16)
     8    0.024625    0.073259    0.226031    0.558998 ^ clkbuf_1_1__f_clk/X (sky130_fd_sc_hd__clkbuf_16)
                                                         clknet_1_1__leaf_clk (net)
                      0.073289    0.001267    0.560264 ^ _127_/CLK (sky130_fd_sc_hd__dfxtp_1)
     1    0.009540    0.101637    0.624349    1.184613 v _127_/Q (sky130_fd_sc_hd__dfxtp_1)
                                                         net19 (net)
                      0.101639    0.000606    1.185219 v output19/A (sky130_fd_sc_hd__buf_2)
     1    0.034089    0.165461    0.358355    1.543574 v output19/X (sky130_fd_sc_hd__buf_2)
                                                         instruction[12] (net)
                      0.165476    0.001642    1.545216 v instruction[12] (out)
                                              1.545216   data arrival time

                                  0.000000    0.000000   clock clk (rise edge)
                                  0.000000    0.000000   clock network delay (propagated)
                                  0.250000    0.250000   clock uncertainty
                                  0.000000    0.250000   clock reconvergence pessimism
                                 -2.000000   -1.750000   output external delay
                                             -1.750000   data required time
---------------------------------------------------------------------------------------------
                                             -1.750000   data required time
                                             -1.545216   data arrival time
---------------------------------------------------------------------------------------------
                                              3.295216   slack (MET)


Startpoint: _129_ (rising edge-triggered flip-flop clocked by clk)
Endpoint: instruction[14] (output port clocked by clk)
Path Group: clk
Path Type: min

Fanout         Cap        Slew       Delay        Time   Description
---------------------------------------------------------------------------------------------
                                  0.000000    0.000000   clock clk (rise edge)
                                  0.000000    0.000000   clock source latency
     1    0.016703    0.127196    0.086034    0.086034 ^ clk (in)
                                                         clk (net)
                      0.127204    0.000000    0.086034 ^ clkbuf_0_clk/A (sky130_fd_sc_hd__clkbuf_16)
     2    0.019009    0.066198    0.246235    0.332269 ^ clkbuf_0_clk/X (sky130_fd_sc_hd__clkbuf_16)
                                                         clknet_0_clk (net)
                      0.066198    0.000697    0.332966 ^ clkbuf_1_1__f_clk/A (sky130_fd_sc_hd__clkbuf_16)
     8    0.024625    0.073259    0.226031    0.558998 ^ clkbuf_1_1__f_clk/X (sky130_fd_sc_hd__clkbuf_16)
                                                         clknet_1_1__leaf_clk (net)
                      0.073289    0.001260    0.560258 ^ _129_/CLK (sky130_fd_sc_hd__dfxtp_1)
     1    0.009650    0.102538    0.625102    1.185359 v _129_/Q (sky130_fd_sc_hd__dfxtp_1)
                                                         net21 (net)
                      0.102540    0.000625    1.185984 v output21/A (sky130_fd_sc_hd__buf_2)
     1    0.034050    0.165302    0.358679    1.544663 v output21/X (sky130_fd_sc_hd__buf_2)
                                                         instruction[14] (net)
                      0.165316    0.001619    1.546282 v instruction[14] (out)
                                              1.546282   data arrival time

                                  0.000000    0.000000   clock clk (rise edge)
                                  0.000000    0.000000   clock network delay (propagated)
                                  0.250000    0.250000   clock uncertainty
                                  0.000000    0.250000   clock reconvergence pessimism
                                 -2.000000   -1.750000   output external delay
                                             -1.750000   data required time
---------------------------------------------------------------------------------------------
                                             -1.750000   data required time
                                             -1.546282   data arrival time
---------------------------------------------------------------------------------------------
                                              3.296282   slack (MET)


Startpoint: _125_ (rising edge-triggered flip-flop clocked by clk)
Endpoint: instruction[10] (output port clocked by clk)
Path Group: clk
Path Type: min

Fanout         Cap        Slew       Delay        Time   Description
---------------------------------------------------------------------------------------------
                                  0.000000    0.000000   clock clk (rise edge)
                                  0.000000    0.000000   clock source latency
     1    0.016703    0.127196    0.086034    0.086034 ^ clk (in)
                                                         clk (net)
                      0.127204    0.000000    0.086034 ^ clkbuf_0_clk/A (sky130_fd_sc_hd__clkbuf_16)
     2    0.019009    0.066198    0.246235    0.332269 ^ clkbuf_0_clk/X (sky130_fd_sc_hd__clkbuf_16)
                                                         clknet_0_clk (net)
                      0.066198    0.000697    0.332966 ^ clkbuf_1_1__f_clk/A (sky130_fd_sc_hd__clkbuf_16)
     8    0.024625    0.073259    0.226031    0.558998 ^ clkbuf_1_1__f_clk/X (sky130_fd_sc_hd__clkbuf_16)
                                                         clknet_1_1__leaf_clk (net)
                      0.073287    0.001230    0.560228 ^ _125_/CLK (sky130_fd_sc_hd__dfxtp_1)
     1    0.010027    0.105635    0.627700    1.187928 v _125_/Q (sky130_fd_sc_hd__dfxtp_1)
                                                         net17 (net)
                      0.105638    0.000671    1.188599 v output17/A (sky130_fd_sc_hd__buf_2)
     1    0.034129    0.165625    0.360402    1.549001 v output17/X (sky130_fd_sc_hd__buf_2)
                                                         instruction[10] (net)
                      0.165640    0.001653    1.550655 v instruction[10] (out)
                                              1.550655   data arrival time

                                  0.000000    0.000000   clock clk (rise edge)
                                  0.000000    0.000000   clock network delay (propagated)
                                  0.250000    0.250000   clock uncertainty
                                  0.000000    0.250000   clock reconvergence pessimism
                                 -2.000000   -1.750000   output external delay
                                             -1.750000   data required time
---------------------------------------------------------------------------------------------
                                             -1.750000   data required time
                                             -1.550655   data arrival time
---------------------------------------------------------------------------------------------
                                              3.300654   slack (MET)


Startpoint: _124_ (rising edge-triggered flip-flop clocked by clk)
Endpoint: instruction[5] (output port clocked by clk)
Path Group: clk
Path Type: min

Fanout         Cap        Slew       Delay        Time   Description
---------------------------------------------------------------------------------------------
                                  0.000000    0.000000   clock clk (rise edge)
                                  0.000000    0.000000   clock source latency
     1    0.016703    0.127196    0.086034    0.086034 ^ clk (in)
                                                         clk (net)
                      0.127204    0.000000    0.086034 ^ clkbuf_0_clk/A (sky130_fd_sc_hd__clkbuf_16)
     2    0.019009    0.066198    0.246235    0.332269 ^ clkbuf_0_clk/X (sky130_fd_sc_hd__clkbuf_16)
                                                         clknet_0_clk (net)
                      0.066198    0.000697    0.332966 ^ clkbuf_1_1__f_clk/A (sky130_fd_sc_hd__clkbuf_16)
     8    0.024625    0.073259    0.226031    0.558998 ^ clkbuf_1_1__f_clk/X (sky130_fd_sc_hd__clkbuf_16)
                                                         clknet_1_1__leaf_clk (net)
                      0.073295    0.001370    0.560367 ^ _124_/CLK (sky130_fd_sc_hd__dfxtp_1)
     2    0.008902    0.096340    0.619862    1.180229 v _124_/Q (sky130_fd_sc_hd__dfxtp_1)
                                                         net31 (net)
                      0.096469    0.000600    1.180829 v _130_/A (sky130_fd_sc_hd__clkbuf_1)
     1    0.003342    0.055879    0.177486    1.358316 v _130_/X (sky130_fd_sc_hd__clkbuf_1)
                                                         net27 (net)
                      0.055879    0.000243    1.358559 v output27/A (sky130_fd_sc_hd__buf_2)
     1    0.034444    0.166951    0.337980    1.696539 v output27/X (sky130_fd_sc_hd__buf_2)
                                                         instruction[5] (net)
                      0.166966    0.001661    1.698200 v instruction[5] (out)
                                              1.698200   data arrival time

                                  0.000000    0.000000   clock clk (rise edge)
                                  0.000000    0.000000   clock network delay (propagated)
                                  0.250000    0.250000   clock uncertainty
                                  0.000000    0.250000   clock reconvergence pessimism
                                 -2.000000   -1.750000   output external delay
                                             -1.750000   data required time
---------------------------------------------------------------------------------------------
                                             -1.750000   data required time
                                             -1.698200   data arrival time
---------------------------------------------------------------------------------------------
                                              3.448200   slack (MET)


Startpoint: _122_ (rising edge-triggered flip-flop clocked by clk)
Endpoint: instruction[7] (output port clocked by clk)
Path Group: clk
Path Type: min

Fanout         Cap        Slew       Delay        Time   Description
---------------------------------------------------------------------------------------------
                                  0.000000    0.000000   clock clk (rise edge)
                                  0.000000    0.000000   clock source latency
     1    0.016703    0.127196    0.086034    0.086034 ^ clk (in)
                                                         clk (net)
                      0.127204    0.000000    0.086034 ^ clkbuf_0_clk/A (sky130_fd_sc_hd__clkbuf_16)
     2    0.019009    0.066198    0.246235    0.332269 ^ clkbuf_0_clk/X (sky130_fd_sc_hd__clkbuf_16)
                                                         clknet_0_clk (net)
                      0.066198    0.000756    0.333025 ^ clkbuf_1_0__f_clk/A (sky130_fd_sc_hd__clkbuf_16)
     7    0.030132    0.080682    0.233578    0.566603 ^ clkbuf_1_0__f_clk/X (sky130_fd_sc_hd__clkbuf_16)
                                                         clknet_1_0__leaf_clk (net)
                      0.080717    0.001558    0.568161 ^ _122_/CLK (sky130_fd_sc_hd__dfxtp_1)
     2    0.008229    0.090882    0.618612    1.186773 v _122_/Q (sky130_fd_sc_hd__dfxtp_1)
                                                         net22 (net)
                      0.090882    0.000551    1.187324 v _131_/A (sky130_fd_sc_hd__clkbuf_1)
     1    0.003374    0.056166    0.175122    1.362446 v _131_/X (sky130_fd_sc_hd__clkbuf_1)
                                                         net29 (net)
                      0.056166    0.000249    1.362695 v output29/A (sky130_fd_sc_hd__buf_2)
     1    0.034739    0.168135    0.339015    1.701710 v output29/X (sky130_fd_sc_hd__buf_2)
                                                         instruction[7] (net)
                      0.168151    0.001714    1.703424 v instruction[7] (out)
                                              1.703424   data arrival time

                                  0.000000    0.000000   clock clk (rise edge)
                                  0.000000    0.000000   clock network delay (propagated)
                                  0.250000    0.250000   clock uncertainty
                                  0.000000    0.250000   clock reconvergence pessimism
                                 -2.000000   -1.750000   output external delay
                                             -1.750000   data required time
---------------------------------------------------------------------------------------------
                                             -1.750000   data required time
                                             -1.703424   data arrival time
---------------------------------------------------------------------------------------------
                                              3.453424   slack (MET)



