109. Printing statistics.

=== ALU ===

   Number of wires:                697
   Number of wire bits:            745
   Number of public wires:           5
   Number of public wire bits:      53
   Number of ports:                  5
   Number of port bits:             53
   Number of memories:               0
   Number of memory bits:            0
   Number of processes:              0
   Number of cells:                709
     $_ANDNOT_                     251
     $_AND_                         11
     $_MUX_                        135
     $_NAND_                        52
     $_NOR_                         30
     $_NOT_                         31
     $_ORNOT_                       11
     $_OR_                         113
     $_XNOR_                        18
     $_XOR_                         57

   Area for cell type $_NOT_ is unknown!
   Area for cell type $_AND_ is unknown!
   Area for cell type $_NAND_ is unknown!
   Area for cell type $_OR_ is unknown!
   Area for cell type $_NOR_ is unknown!
   Area for cell type $_XOR_ is unknown!
   Area for cell type $_XNOR_ is unknown!
   Area for cell type $_ANDNOT_ is unknown!
   Area for cell type $_ORNOT_ is unknown!
   Area for cell type $_MUX_ is unknown!

