
===========================================================================
report_checks -path_delay max (Setup)
============================================================================
======================= min_ss_100C_1v60 Corner ===================================

Startpoint: ImmSrc[0] (input port clocked by __VIRTUAL_CLK__)
Endpoint: ImmExt[6] (output port clocked by __VIRTUAL_CLK__)
Path Group: __VIRTUAL_CLK__
Path Type: max

Fanout         Cap        Slew       Delay        Time   Description
---------------------------------------------------------------------------------------------
                      0.000000    0.000000    0.000000   clock __VIRTUAL_CLK__ (rise edge)
                                  0.000000    0.000000   clock network delay (ideal)
                                  5.000000    5.000000 ^ input external delay
     1    0.002692    0.031546    0.015203    5.015203 ^ ImmSrc[0] (in)
                                                         ImmSrc[0] (net)
                      0.031546    0.000000    5.015203 ^ input1/A (sky130_fd_sc_hd__buf_1)
     3    0.010268    0.205856    0.230447    5.245650 ^ input1/X (sky130_fd_sc_hd__buf_1)
                                                         net1 (net)
                      0.205856    0.000173    5.245823 ^ fanout31/A (sky130_fd_sc_hd__buf_2)
    10    0.029708    0.238494    0.383023    5.628847 ^ fanout31/X (sky130_fd_sc_hd__buf_2)
                                                         net31 (net)
                      0.238494    0.000492    5.629339 ^ _15_/A_N (sky130_fd_sc_hd__nand2b_4)
     9    0.038751    0.207436    0.405437    6.034776 ^ _15_/Y (sky130_fd_sc_hd__nand2b_4)
                                                         _03_ (net)
                      0.207517    0.000967    6.035744 ^ _16_/S (sky130_fd_sc_hd__mux2_1)
     1    0.002856    0.110510    0.749726    6.785469 v _16_/X (sky130_fd_sc_hd__mux2_1)
                                                         net25 (net)
                      0.110510    0.000037    6.785507 v output25/A (sky130_fd_sc_hd__buf_2)
     1    0.034256    0.165764    0.364065    7.149572 v output25/X (sky130_fd_sc_hd__buf_2)
                                                         ImmExt[6] (net)
                      0.165764    0.000345    7.149917 v ImmExt[6] (out)
                                              7.149917   data arrival time

                      0.000000   25.000000   25.000000   clock __VIRTUAL_CLK__ (rise edge)
                                  0.000000   25.000000   clock network delay (ideal)
                                 -0.250000   24.750000   clock uncertainty
                                  0.000000   24.750000   clock reconvergence pessimism
                                 -5.000000   19.750000   output external delay
                                             19.750000   data required time
---------------------------------------------------------------------------------------------
                                             19.750000   data required time
                                             -7.149917   data arrival time
---------------------------------------------------------------------------------------------
                                             12.600083   slack (MET)


Startpoint: ImmSrc[0] (input port clocked by __VIRTUAL_CLK__)
Endpoint: ImmExt[9] (output port clocked by __VIRTUAL_CLK__)
Path Group: __VIRTUAL_CLK__
Path Type: max

Fanout         Cap        Slew       Delay        Time   Description
---------------------------------------------------------------------------------------------
                      0.000000    0.000000    0.000000   clock __VIRTUAL_CLK__ (rise edge)
                                  0.000000    0.000000   clock network delay (ideal)
                                  5.000000    5.000000 ^ input external delay
     1    0.002692    0.031546    0.015203    5.015203 ^ ImmSrc[0] (in)
                                                         ImmSrc[0] (net)
                      0.031546    0.000000    5.015203 ^ input1/A (sky130_fd_sc_hd__buf_1)
     3    0.010268    0.205856    0.230447    5.245650 ^ input1/X (sky130_fd_sc_hd__buf_1)
                                                         net1 (net)
                      0.205856    0.000173    5.245823 ^ fanout31/A (sky130_fd_sc_hd__buf_2)
    10    0.029708    0.238494    0.383023    5.628847 ^ fanout31/X (sky130_fd_sc_hd__buf_2)
                                                         net31 (net)
                      0.238494    0.000492    5.629339 ^ _15_/A_N (sky130_fd_sc_hd__nand2b_4)
     9    0.038751    0.207436    0.405437    6.034776 ^ _15_/Y (sky130_fd_sc_hd__nand2b_4)
                                                         _03_ (net)
                      0.207511    0.000415    6.035192 ^ _19_/S (sky130_fd_sc_hd__mux2_1)
     1    0.002822    0.110175    0.749140    6.784332 v _19_/X (sky130_fd_sc_hd__mux2_1)
                                                         net28 (net)
                      0.110175    0.000036    6.784369 v output28/A (sky130_fd_sc_hd__buf_2)
     1    0.034319    0.166016    0.364097    7.148465 v output28/X (sky130_fd_sc_hd__buf_2)
                                                         ImmExt[9] (net)
                      0.166016    0.000357    7.148822 v ImmExt[9] (out)
                                              7.148822   data arrival time

                      0.000000   25.000000   25.000000   clock __VIRTUAL_CLK__ (rise edge)
                                  0.000000   25.000000   clock network delay (ideal)
                                 -0.250000   24.750000   clock uncertainty
                                  0.000000   24.750000   clock reconvergence pessimism
                                 -5.000000   19.750000   output external delay
                                             19.750000   data required time
---------------------------------------------------------------------------------------------
                                             19.750000   data required time
                                             -7.148822   data arrival time
---------------------------------------------------------------------------------------------
                                             12.601177   slack (MET)


Startpoint: ImmSrc[0] (input port clocked by __VIRTUAL_CLK__)
Endpoint: ImmExt[11] (output port clocked by __VIRTUAL_CLK__)
Path Group: __VIRTUAL_CLK__
Path Type: max

Fanout         Cap        Slew       Delay        Time   Description
---------------------------------------------------------------------------------------------
                      0.000000    0.000000    0.000000   clock __VIRTUAL_CLK__ (rise edge)
                                  0.000000    0.000000   clock network delay (ideal)
                                  5.000000    5.000000 ^ input external delay
     1    0.002692    0.031546    0.015203    5.015203 ^ ImmSrc[0] (in)
                                                         ImmSrc[0] (net)
                      0.031546    0.000000    5.015203 ^ input1/A (sky130_fd_sc_hd__buf_1)
     3    0.010268    0.205856    0.230447    5.245650 ^ input1/X (sky130_fd_sc_hd__buf_1)
                                                         net1 (net)
                      0.205856    0.000173    5.245823 ^ fanout31/A (sky130_fd_sc_hd__buf_2)
    10    0.029708    0.238494    0.383023    5.628847 ^ fanout31/X (sky130_fd_sc_hd__buf_2)
                                                         net31 (net)
                      0.238494    0.000492    5.629339 ^ _15_/A_N (sky130_fd_sc_hd__nand2b_4)
     9    0.038751    0.207436    0.405437    6.034776 ^ _15_/Y (sky130_fd_sc_hd__nand2b_4)
                                                         _03_ (net)
                      0.207521    0.001234    6.036010 ^ _21_/S (sky130_fd_sc_hd__mux2_1)
     1    0.002634    0.108293    0.745939    6.781950 v _21_/X (sky130_fd_sc_hd__mux2_1)
                                                         net15 (net)
                      0.108293    0.000031    6.781981 v output15/A (sky130_fd_sc_hd__buf_2)
     1    0.034256    0.165762    0.362997    7.144977 v output15/X (sky130_fd_sc_hd__buf_2)
                                                         ImmExt[11] (net)
                      0.165762    0.000345    7.145322 v ImmExt[11] (out)
                                              7.145322   data arrival time

                      0.000000   25.000000   25.000000   clock __VIRTUAL_CLK__ (rise edge)
                                  0.000000   25.000000   clock network delay (ideal)
                                 -0.250000   24.750000   clock uncertainty
                                  0.000000   24.750000   clock reconvergence pessimism
                                 -5.000000   19.750000   output external delay
                                             19.750000   data required time
---------------------------------------------------------------------------------------------
                                             19.750000   data required time
                                             -7.145322   data arrival time
---------------------------------------------------------------------------------------------
                                             12.604677   slack (MET)


Startpoint: ImmSrc[0] (input port clocked by __VIRTUAL_CLK__)
Endpoint: ImmExt[7] (output port clocked by __VIRTUAL_CLK__)
Path Group: __VIRTUAL_CLK__
Path Type: max

Fanout         Cap        Slew       Delay        Time   Description
---------------------------------------------------------------------------------------------
                      0.000000    0.000000    0.000000   clock __VIRTUAL_CLK__ (rise edge)
                                  0.000000    0.000000   clock network delay (ideal)
                                  5.000000    5.000000 ^ input external delay
     1    0.002692    0.031546    0.015203    5.015203 ^ ImmSrc[0] (in)
                                                         ImmSrc[0] (net)
                      0.031546    0.000000    5.015203 ^ input1/A (sky130_fd_sc_hd__buf_1)
     3    0.010268    0.205856    0.230447    5.245650 ^ input1/X (sky130_fd_sc_hd__buf_1)
                                                         net1 (net)
                      0.205856    0.000173    5.245823 ^ fanout31/A (sky130_fd_sc_hd__buf_2)
    10    0.029708    0.238494    0.383023    5.628847 ^ fanout31/X (sky130_fd_sc_hd__buf_2)
                                                         net31 (net)
                      0.238494    0.000492    5.629339 ^ _15_/A_N (sky130_fd_sc_hd__nand2b_4)
     9    0.038751    0.207436    0.405437    6.034776 ^ _15_/Y (sky130_fd_sc_hd__nand2b_4)
                                                         _03_ (net)
                      0.207520    0.001134    6.035910 ^ _17_/S (sky130_fd_sc_hd__mux2_1)
     1    0.002193    0.106222    0.738387    6.774297 v _17_/X (sky130_fd_sc_hd__mux2_1)
                                                         net26 (net)
                      0.106222    0.000022    6.774319 v output26/A (sky130_fd_sc_hd__buf_2)
     1    0.034256    0.165758    0.361998    7.136316 v output26/X (sky130_fd_sc_hd__buf_2)
                                                         ImmExt[7] (net)
                      0.165758    0.000345    7.136661 v ImmExt[7] (out)
                                              7.136661   data arrival time

                      0.000000   25.000000   25.000000   clock __VIRTUAL_CLK__ (rise edge)
                                  0.000000   25.000000   clock network delay (ideal)
                                 -0.250000   24.750000   clock uncertainty
                                  0.000000   24.750000   clock reconvergence pessimism
                                 -5.000000   19.750000   output external delay
                                             19.750000   data required time
---------------------------------------------------------------------------------------------
                                             19.750000   data required time
                                             -7.136661   data arrival time
---------------------------------------------------------------------------------------------
                                             12.613338   slack (MET)


Startpoint: ImmSrc[0] (input port clocked by __VIRTUAL_CLK__)
Endpoint: ImmExt[10] (output port clocked by __VIRTUAL_CLK__)
Path Group: __VIRTUAL_CLK__
Path Type: max

Fanout         Cap        Slew       Delay        Time   Description
---------------------------------------------------------------------------------------------
                      0.000000    0.000000    0.000000   clock __VIRTUAL_CLK__ (rise edge)
                                  0.000000    0.000000   clock network delay (ideal)
                                  5.000000    5.000000 ^ input external delay
     1    0.002692    0.031546    0.015203    5.015203 ^ ImmSrc[0] (in)
                                                         ImmSrc[0] (net)
                      0.031546    0.000000    5.015203 ^ input1/A (sky130_fd_sc_hd__buf_1)
     3    0.010268    0.205856    0.230447    5.245650 ^ input1/X (sky130_fd_sc_hd__buf_1)
                                                         net1 (net)
                      0.205856    0.000173    5.245823 ^ fanout31/A (sky130_fd_sc_hd__buf_2)
    10    0.029708    0.238494    0.383023    5.628847 ^ fanout31/X (sky130_fd_sc_hd__buf_2)
                                                         net31 (net)
                      0.238494    0.000492    5.629339 ^ _15_/A_N (sky130_fd_sc_hd__nand2b_4)
     9    0.038751    0.207436    0.405437    6.034776 ^ _15_/Y (sky130_fd_sc_hd__nand2b_4)
                                                         _03_ (net)
                      0.207514    0.000759    6.035535 ^ _20_/S (sky130_fd_sc_hd__mux2_1)
     1    0.002144    0.105648    0.737542    6.773077 v _20_/X (sky130_fd_sc_hd__mux2_1)
                                                         net14 (net)
                      0.105648    0.000021    6.773098 v output14/A (sky130_fd_sc_hd__buf_2)
     1    0.033973    0.164588    0.360926    7.134023 v output14/X (sky130_fd_sc_hd__buf_2)
                                                         ImmExt[10] (net)
                      0.164588    0.000183    7.134206 v ImmExt[10] (out)
                                              7.134206   data arrival time

                      0.000000   25.000000   25.000000   clock __VIRTUAL_CLK__ (rise edge)
                                  0.000000   25.000000   clock network delay (ideal)
                                 -0.250000   24.750000   clock uncertainty
                                  0.000000   24.750000   clock reconvergence pessimism
                                 -5.000000   19.750000   output external delay
                                             19.750000   data required time
---------------------------------------------------------------------------------------------
                                             19.750000   data required time
                                             -7.134206   data arrival time
---------------------------------------------------------------------------------------------
                                             12.615793   slack (MET)


Startpoint: ImmSrc[0] (input port clocked by __VIRTUAL_CLK__)
Endpoint: ImmExt[8] (output port clocked by __VIRTUAL_CLK__)
Path Group: __VIRTUAL_CLK__
Path Type: max

Fanout         Cap        Slew       Delay        Time   Description
---------------------------------------------------------------------------------------------
                      0.000000    0.000000    0.000000   clock __VIRTUAL_CLK__ (rise edge)
                                  0.000000    0.000000   clock network delay (ideal)
                                  5.000000    5.000000 ^ input external delay
     1    0.002692    0.031546    0.015203    5.015203 ^ ImmSrc[0] (in)
                                                         ImmSrc[0] (net)
                      0.031546    0.000000    5.015203 ^ input1/A (sky130_fd_sc_hd__buf_1)
     3    0.010268    0.205856    0.230447    5.245650 ^ input1/X (sky130_fd_sc_hd__buf_1)
                                                         net1 (net)
                      0.205856    0.000173    5.245823 ^ fanout31/A (sky130_fd_sc_hd__buf_2)
    10    0.029708    0.238494    0.383023    5.628847 ^ fanout31/X (sky130_fd_sc_hd__buf_2)
                                                         net31 (net)
                      0.238494    0.000492    5.629339 ^ _15_/A_N (sky130_fd_sc_hd__nand2b_4)
     9    0.038751    0.207436    0.405437    6.034776 ^ _15_/Y (sky130_fd_sc_hd__nand2b_4)
                                                         _03_ (net)
                      0.207520    0.001173    6.035950 ^ _18_/S (sky130_fd_sc_hd__mux2_1)
     1    0.002068    0.104763    0.736248    6.772198 v _18_/X (sky130_fd_sc_hd__mux2_1)
                                                         net27 (net)
                      0.104763    0.000020    6.772218 v output27/A (sky130_fd_sc_hd__buf_2)
     1    0.034315    0.165995    0.361476    7.133694 v output27/X (sky130_fd_sc_hd__buf_2)
                                                         ImmExt[8] (net)
                      0.165995    0.000357    7.134051 v ImmExt[8] (out)
                                              7.134051   data arrival time

                      0.000000   25.000000   25.000000   clock __VIRTUAL_CLK__ (rise edge)
                                  0.000000   25.000000   clock network delay (ideal)
                                 -0.250000   24.750000   clock uncertainty
                                  0.000000   24.750000   clock reconvergence pessimism
                                 -5.000000   19.750000   output external delay
                                             19.750000   data required time
---------------------------------------------------------------------------------------------
                                             19.750000   data required time
                                             -7.134051   data arrival time
---------------------------------------------------------------------------------------------
                                             12.615949   slack (MET)


Startpoint: ImmSrc[0] (input port clocked by __VIRTUAL_CLK__)
Endpoint: ImmExt[12] (output port clocked by __VIRTUAL_CLK__)
Path Group: __VIRTUAL_CLK__
Path Type: max

Fanout         Cap        Slew       Delay        Time   Description
---------------------------------------------------------------------------------------------
                      0.000000    0.000000    0.000000   clock __VIRTUAL_CLK__ (rise edge)
                                  0.000000    0.000000   clock network delay (ideal)
                                  5.000000    5.000000 ^ input external delay
     1    0.002692    0.031546    0.015203    5.015203 ^ ImmSrc[0] (in)
                                                         ImmSrc[0] (net)
                      0.031546    0.000000    5.015203 ^ input1/A (sky130_fd_sc_hd__buf_1)
     3    0.010268    0.205856    0.230447    5.245650 ^ input1/X (sky130_fd_sc_hd__buf_1)
                                                         net1 (net)
                      0.205856    0.000173    5.245823 ^ fanout31/A (sky130_fd_sc_hd__buf_2)
    10    0.029708    0.238494    0.383023    5.628847 ^ fanout31/X (sky130_fd_sc_hd__buf_2)
                                                         net31 (net)
                      0.238494    0.000492    5.629339 ^ _15_/A_N (sky130_fd_sc_hd__nand2b_4)
     9    0.038751    0.207436    0.405437    6.034776 ^ _15_/Y (sky130_fd_sc_hd__nand2b_4)
                                                         _03_ (net)
                      0.207522    0.001257    6.036034 ^ _22_/S (sky130_fd_sc_hd__mux2_1)
     1    0.001893    0.102715    0.733246    6.769280 v _22_/X (sky130_fd_sc_hd__mux2_1)
                                                         net16 (net)
                      0.102715    0.000016    6.769296 v output16/A (sky130_fd_sc_hd__buf_2)
     1    0.034331    0.166052    0.360536    7.129832 v output16/X (sky130_fd_sc_hd__buf_2)
                                                         ImmExt[12] (net)
                      0.166052    0.000357    7.130189 v ImmExt[12] (out)
                                              7.130189   data arrival time

                      0.000000   25.000000   25.000000   clock __VIRTUAL_CLK__ (rise edge)
                                  0.000000   25.000000   clock network delay (ideal)
                                 -0.250000   24.750000   clock uncertainty
                                  0.000000   24.750000   clock reconvergence pessimism
                                 -5.000000   19.750000   output external delay
                                             19.750000   data required time
---------------------------------------------------------------------------------------------
                                             19.750000   data required time
                                             -7.130189   data arrival time
---------------------------------------------------------------------------------------------
                                             12.619809   slack (MET)


Startpoint: ImmSrc[0] (input port clocked by __VIRTUAL_CLK__)
Endpoint: ImmExt[1] (output port clocked by __VIRTUAL_CLK__)
Path Group: __VIRTUAL_CLK__
Path Type: max

Fanout         Cap        Slew       Delay        Time   Description
---------------------------------------------------------------------------------------------
                      0.000000    0.000000    0.000000   clock __VIRTUAL_CLK__ (rise edge)
                                  0.000000    0.000000   clock network delay (ideal)
                                  5.000000    5.000000 v input external delay
     1    0.002563    0.017565    0.008470    5.008470 v ImmSrc[0] (in)
                                                         ImmSrc[0] (net)
                      0.017565    0.000000    5.008470 v input1/A (sky130_fd_sc_hd__buf_1)
     3    0.009955    0.124399    0.197665    5.206136 v input1/X (sky130_fd_sc_hd__buf_1)
                                                         net1 (net)
                      0.124399    0.000167    5.206303 v fanout31/A (sky130_fd_sc_hd__buf_2)
    10    0.028332    0.142458    0.351733    5.558035 v fanout31/X (sky130_fd_sc_hd__buf_2)
                                                         net31 (net)
                      0.142458    0.000371    5.558406 v _08_/B (sky130_fd_sc_hd__or3b_1)
     1    0.002003    0.130147    0.806298    6.364705 v _08_/X (sky130_fd_sc_hd__or3b_1)
                                                         _01_ (net)
                      0.130147    0.000017    6.364722 v _09_/B1_N (sky130_fd_sc_hd__a21bo_1)
     1    0.003133    0.067159    0.366112    6.730834 ^ _09_/X (sky130_fd_sc_hd__a21bo_1)
                                                         net20 (net)
                      0.067159    0.000034    6.730868 ^ output20/A (sky130_fd_sc_hd__buf_2)
     1    0.033910    0.269373    0.340653    7.071521 ^ output20/X (sky130_fd_sc_hd__buf_2)
                                                         ImmExt[1] (net)
                      0.269373    0.000166    7.071687 ^ ImmExt[1] (out)
                                              7.071687   data arrival time

                      0.000000   25.000000   25.000000   clock __VIRTUAL_CLK__ (rise edge)
                                  0.000000   25.000000   clock network delay (ideal)
                                 -0.250000   24.750000   clock uncertainty
                                  0.000000   24.750000   clock reconvergence pessimism
                                 -5.000000   19.750000   output external delay
                                             19.750000   data required time
---------------------------------------------------------------------------------------------
                                             19.750000   data required time
                                             -7.071687   data arrival time
---------------------------------------------------------------------------------------------
                                             12.678312   slack (MET)


Startpoint: ImmSrc[0] (input port clocked by __VIRTUAL_CLK__)
Endpoint: ImmExt[0] (output port clocked by __VIRTUAL_CLK__)
Path Group: __VIRTUAL_CLK__
Path Type: max

Fanout         Cap        Slew       Delay        Time   Description
---------------------------------------------------------------------------------------------
                      0.000000    0.000000    0.000000   clock __VIRTUAL_CLK__ (rise edge)
                                  0.000000    0.000000   clock network delay (ideal)
                                  5.000000    5.000000 v input external delay
     1    0.002563    0.017565    0.008470    5.008470 v ImmSrc[0] (in)
                                                         ImmSrc[0] (net)
                      0.017565    0.000000    5.008470 v input1/A (sky130_fd_sc_hd__buf_1)
     3    0.009955    0.124399    0.197665    5.206136 v input1/X (sky130_fd_sc_hd__buf_1)
                                                         net1 (net)
                      0.124399    0.000167    5.206303 v fanout31/A (sky130_fd_sc_hd__buf_2)
    10    0.028332    0.142458    0.351733    5.558035 v fanout31/X (sky130_fd_sc_hd__buf_2)
                                                         net31 (net)
                      0.142458    0.000137    5.558172 v _06_/B (sky130_fd_sc_hd__or3b_1)
     1    0.001709    0.126479    0.800113    6.358285 v _06_/X (sky130_fd_sc_hd__or3b_1)
                                                         _00_ (net)
                      0.126479    0.000006    6.358292 v _07_/B1_N (sky130_fd_sc_hd__a21bo_1)
     1    0.003203    0.067948    0.365083    6.723375 ^ _07_/X (sky130_fd_sc_hd__a21bo_1)
                                                         net13 (net)
                      0.067948    0.000044    6.723419 ^ output13/A (sky130_fd_sc_hd__buf_2)
     1    0.034251    0.271949    0.342701    7.066120 ^ output13/X (sky130_fd_sc_hd__buf_2)
                                                         ImmExt[0] (net)
                      0.271949    0.000345    7.066465 ^ ImmExt[0] (out)
                                              7.066465   data arrival time

                      0.000000   25.000000   25.000000   clock __VIRTUAL_CLK__ (rise edge)
                                  0.000000   25.000000   clock network delay (ideal)
                                 -0.250000   24.750000   clock uncertainty
                                  0.000000   24.750000   clock reconvergence pessimism
                                 -5.000000   19.750000   output external delay
                                             19.750000   data required time
---------------------------------------------------------------------------------------------
                                             19.750000   data required time
                                             -7.066465   data arrival time
---------------------------------------------------------------------------------------------
                                             12.683535   slack (MET)


Startpoint: instr[15] (input port clocked by __VIRTUAL_CLK__)
Endpoint: ImmExt[2] (output port clocked by __VIRTUAL_CLK__)
Path Group: __VIRTUAL_CLK__
Path Type: max

Fanout         Cap        Slew       Delay        Time   Description
---------------------------------------------------------------------------------------------
                      0.000000    0.000000    0.000000   clock __VIRTUAL_CLK__ (rise edge)
                                  0.000000    0.000000   clock network delay (ideal)
                                  5.000000    5.000000 ^ input external delay
     1    0.002534    0.030497    0.014363    5.014363 ^ instr[15] (in)
                                                         instr[15] (net)
                      0.030497    0.000000    5.014363 ^ input8/A (sky130_fd_sc_hd__clkbuf_1)
     2    0.005768    0.124659    0.171658    5.186021 ^ input8/X (sky130_fd_sc_hd__clkbuf_1)
                                                         net8 (net)
                      0.124659    0.000061    5.186082 ^ fanout30/A (sky130_fd_sc_hd__buf_2)
    10    0.030718    0.245852    0.350332    5.536415 ^ fanout30/X (sky130_fd_sc_hd__buf_2)
                                                         net30 (net)
                      0.245852    0.000508    5.536923 ^ _10_/C_N (sky130_fd_sc_hd__nor3b_1)
     2    0.005379    0.399184    0.474484    6.011406 ^ _10_/Y (sky130_fd_sc_hd__nor3b_1)
                                                         _02_ (net)
                      0.399184    0.000020    6.011426 ^ max_cap29/A (sky130_fd_sc_hd__buf_1)
     3    0.009943    0.201262    0.356939    6.368366 ^ max_cap29/X (sky130_fd_sc_hd__buf_1)
                                                         net29 (net)
                      0.201262    0.000094    6.368459 ^ _11_/B1 (sky130_fd_sc_hd__a21o_1)
     1    0.003253    0.070205    0.196987    6.565446 ^ _11_/X (sky130_fd_sc_hd__a21o_1)
                                                         net21 (net)
                      0.070205    0.000036    6.565482 ^ output21/A (sky130_fd_sc_hd__buf_2)
     1    0.034105    0.270843    0.343030    6.908512 ^ output21/X (sky130_fd_sc_hd__buf_2)
                                                         ImmExt[2] (net)
                      0.270843    0.000242    6.908755 ^ ImmExt[2] (out)
                                              6.908755   data arrival time

                      0.000000   25.000000   25.000000   clock __VIRTUAL_CLK__ (rise edge)
                                  0.000000   25.000000   clock network delay (ideal)
                                 -0.250000   24.750000   clock uncertainty
                                  0.000000   24.750000   clock reconvergence pessimism
                                 -5.000000   19.750000   output external delay
                                             19.750000   data required time
---------------------------------------------------------------------------------------------
                                             19.750000   data required time
                                             -6.908755   data arrival time
---------------------------------------------------------------------------------------------
                                             12.841245   slack (MET)


Startpoint: instr[15] (input port clocked by __VIRTUAL_CLK__)
Endpoint: ImmExt[3] (output port clocked by __VIRTUAL_CLK__)
Path Group: __VIRTUAL_CLK__
Path Type: max

Fanout         Cap        Slew       Delay        Time   Description
---------------------------------------------------------------------------------------------
                      0.000000    0.000000    0.000000   clock __VIRTUAL_CLK__ (rise edge)
                                  0.000000    0.000000   clock network delay (ideal)
                                  5.000000    5.000000 ^ input external delay
     1    0.002534    0.030497    0.014363    5.014363 ^ instr[15] (in)
                                                         instr[15] (net)
                      0.030497    0.000000    5.014363 ^ input8/A (sky130_fd_sc_hd__clkbuf_1)
     2    0.005768    0.124659    0.171658    5.186021 ^ input8/X (sky130_fd_sc_hd__clkbuf_1)
                                                         net8 (net)
                      0.124659    0.000061    5.186082 ^ fanout30/A (sky130_fd_sc_hd__buf_2)
    10    0.030718    0.245852    0.350332    5.536415 ^ fanout30/X (sky130_fd_sc_hd__buf_2)
                                                         net30 (net)
                      0.245852    0.000508    5.536923 ^ _10_/C_N (sky130_fd_sc_hd__nor3b_1)
     2    0.005379    0.399184    0.474484    6.011406 ^ _10_/Y (sky130_fd_sc_hd__nor3b_1)
                                                         _02_ (net)
                      0.399184    0.000020    6.011426 ^ max_cap29/A (sky130_fd_sc_hd__buf_1)
     3    0.009943    0.201262    0.356939    6.368366 ^ max_cap29/X (sky130_fd_sc_hd__buf_1)
                                                         net29 (net)
                      0.201262    0.000103    6.368469 ^ _12_/B1 (sky130_fd_sc_hd__a21o_1)
     1    0.003050    0.067845    0.194899    6.563368 ^ _12_/X (sky130_fd_sc_hd__a21o_1)
                                                         net22 (net)
                      0.067845    0.000041    6.563409 ^ output22/A (sky130_fd_sc_hd__buf_2)
     1    0.033920    0.269453    0.341025    6.904433 ^ output22/X (sky130_fd_sc_hd__buf_2)
                                                         ImmExt[3] (net)
                      0.269453    0.000165    6.904598 ^ ImmExt[3] (out)
                                              6.904598   data arrival time

                      0.000000   25.000000   25.000000   clock __VIRTUAL_CLK__ (rise edge)
                                  0.000000   25.000000   clock network delay (ideal)
                                 -0.250000   24.750000   clock uncertainty
                                  0.000000   24.750000   clock reconvergence pessimism
                                 -5.000000   19.750000   output external delay
                                             19.750000   data required time
---------------------------------------------------------------------------------------------
                                             19.750000   data required time
                                             -6.904598   data arrival time
---------------------------------------------------------------------------------------------
                                             12.845402   slack (MET)


Startpoint: instr[15] (input port clocked by __VIRTUAL_CLK__)
Endpoint: ImmExt[5] (output port clocked by __VIRTUAL_CLK__)
Path Group: __VIRTUAL_CLK__
Path Type: max

Fanout         Cap        Slew       Delay        Time   Description
---------------------------------------------------------------------------------------------
                      0.000000    0.000000    0.000000   clock __VIRTUAL_CLK__ (rise edge)
                                  0.000000    0.000000   clock network delay (ideal)
                                  5.000000    5.000000 ^ input external delay
     1    0.002534    0.030497    0.014363    5.014363 ^ instr[15] (in)
                                                         instr[15] (net)
                      0.030497    0.000000    5.014363 ^ input8/A (sky130_fd_sc_hd__clkbuf_1)
     2    0.005768    0.124659    0.171658    5.186021 ^ input8/X (sky130_fd_sc_hd__clkbuf_1)
                                                         net8 (net)
                      0.124659    0.000061    5.186082 ^ fanout30/A (sky130_fd_sc_hd__buf_2)
    10    0.030718    0.245852    0.350332    5.536415 ^ fanout30/X (sky130_fd_sc_hd__buf_2)
                                                         net30 (net)
                      0.245852    0.000508    5.536923 ^ _10_/C_N (sky130_fd_sc_hd__nor3b_1)
     2    0.005379    0.399184    0.474484    6.011406 ^ _10_/Y (sky130_fd_sc_hd__nor3b_1)
                                                         _02_ (net)
                      0.399184    0.000020    6.011426 ^ max_cap29/A (sky130_fd_sc_hd__buf_1)
     3    0.009943    0.201262    0.356939    6.368366 ^ max_cap29/X (sky130_fd_sc_hd__buf_1)
                                                         net29 (net)
                      0.201262    0.000070    6.368436 ^ _14_/B1 (sky130_fd_sc_hd__a21o_1)
     1    0.002728    0.064163    0.191596    6.560031 ^ _14_/X (sky130_fd_sc_hd__a21o_1)
                                                         net24 (net)
                      0.064163    0.000024    6.560055 ^ output24/A (sky130_fd_sc_hd__buf_2)
     1    0.034102    0.270814    0.340247    6.900302 ^ output24/X (sky130_fd_sc_hd__buf_2)
                                                         ImmExt[5] (net)
                      0.270814    0.000242    6.900544 ^ ImmExt[5] (out)
                                              6.900544   data arrival time

                      0.000000   25.000000   25.000000   clock __VIRTUAL_CLK__ (rise edge)
                                  0.000000   25.000000   clock network delay (ideal)
                                 -0.250000   24.750000   clock uncertainty
                                  0.000000   24.750000   clock reconvergence pessimism
                                 -5.000000   19.750000   output external delay
                                             19.750000   data required time
---------------------------------------------------------------------------------------------
                                             19.750000   data required time
                                             -6.900544   data arrival time
---------------------------------------------------------------------------------------------
                                             12.849455   slack (MET)


Startpoint: ImmSrc[0] (input port clocked by __VIRTUAL_CLK__)
Endpoint: ImmExt[14] (output port clocked by __VIRTUAL_CLK__)
Path Group: __VIRTUAL_CLK__
Path Type: max

Fanout         Cap        Slew       Delay        Time   Description
---------------------------------------------------------------------------------------------
                      0.000000    0.000000    0.000000   clock __VIRTUAL_CLK__ (rise edge)
                                  0.000000    0.000000   clock network delay (ideal)
                                  5.000000    5.000000 ^ input external delay
     1    0.002692    0.031546    0.015203    5.015203 ^ ImmSrc[0] (in)
                                                         ImmSrc[0] (net)
                      0.031546    0.000000    5.015203 ^ input1/A (sky130_fd_sc_hd__buf_1)
     3    0.010268    0.205856    0.230447    5.245650 ^ input1/X (sky130_fd_sc_hd__buf_1)
                                                         net1 (net)
                      0.205856    0.000173    5.245823 ^ fanout31/A (sky130_fd_sc_hd__buf_2)
    10    0.029708    0.238494    0.383023    5.628847 ^ fanout31/X (sky130_fd_sc_hd__buf_2)
                                                         net31 (net)
                      0.238494    0.000493    5.629339 ^ _25_/A_N (sky130_fd_sc_hd__and3b_1)
     1    0.003572    0.076642    0.426327    6.055666 v _25_/X (sky130_fd_sc_hd__and3b_1)
                                                         _05_ (net)
                      0.076642    0.000035    6.055701 v _26_/B1 (sky130_fd_sc_hd__a21o_1)
     1    0.003235    0.063303    0.281295    6.336996 v _26_/X (sky130_fd_sc_hd__a21o_1)
                                                         net18 (net)
                      0.063303    0.000041    6.337037 v output18/A (sky130_fd_sc_hd__buf_2)
     1    0.033914    0.164395    0.340717    6.677753 v output18/X (sky130_fd_sc_hd__buf_2)
                                                         ImmExt[14] (net)
                      0.164395    0.000166    6.677919 v ImmExt[14] (out)
                                              6.677919   data arrival time

                      0.000000   25.000000   25.000000   clock __VIRTUAL_CLK__ (rise edge)
                                  0.000000   25.000000   clock network delay (ideal)
                                 -0.250000   24.750000   clock uncertainty
                                  0.000000   24.750000   clock reconvergence pessimism
                                 -5.000000   19.750000   output external delay
                                             19.750000   data required time
---------------------------------------------------------------------------------------------
                                             19.750000   data required time
                                             -6.677919   data arrival time
---------------------------------------------------------------------------------------------
                                             13.072081   slack (MET)


Startpoint: ImmSrc[0] (input port clocked by __VIRTUAL_CLK__)
Endpoint: ImmExt[13] (output port clocked by __VIRTUAL_CLK__)
Path Group: __VIRTUAL_CLK__
Path Type: max

Fanout         Cap        Slew       Delay        Time   Description
---------------------------------------------------------------------------------------------
                      0.000000    0.000000    0.000000   clock __VIRTUAL_CLK__ (rise edge)
                                  0.000000    0.000000   clock network delay (ideal)
                                  5.000000    5.000000 v input external delay
     1    0.002563    0.017565    0.008470    5.008470 v ImmSrc[0] (in)
                                                         ImmSrc[0] (net)
                      0.017565    0.000000    5.008470 v input1/A (sky130_fd_sc_hd__buf_1)
     3    0.009955    0.124399    0.197665    5.206136 v input1/X (sky130_fd_sc_hd__buf_1)
                                                         net1 (net)
                      0.124399    0.000167    5.206303 v fanout31/A (sky130_fd_sc_hd__buf_2)
    10    0.028332    0.142458    0.351733    5.558035 v fanout31/X (sky130_fd_sc_hd__buf_2)
                                                         net31 (net)
                      0.142458    0.000470    5.558506 v _15_/A_N (sky130_fd_sc_hd__nand2b_4)
     9    0.037146    0.186525    0.388230    5.946736 v _15_/Y (sky130_fd_sc_hd__nand2b_4)
                                                         _03_ (net)
                      0.186525    0.000399    5.947135 v _24_/A2 (sky130_fd_sc_hd__a21o_1)
     1    0.002827    0.059872    0.362222    6.309357 v _24_/X (sky130_fd_sc_hd__a21o_1)
                                                         net17 (net)
                      0.059872    0.000036    6.309393 v output17/A (sky130_fd_sc_hd__buf_2)
     1    0.034240    0.165754    0.340056    6.649449 v output17/X (sky130_fd_sc_hd__buf_2)
                                                         ImmExt[13] (net)
                      0.165754    0.000352    6.649800 v ImmExt[13] (out)
                                              6.649800   data arrival time

                      0.000000   25.000000   25.000000   clock __VIRTUAL_CLK__ (rise edge)
                                  0.000000   25.000000   clock network delay (ideal)
                                 -0.250000   24.750000   clock uncertainty
                                  0.000000   24.750000   clock reconvergence pessimism
                                 -5.000000   19.750000   output external delay
                                             19.750000   data required time
---------------------------------------------------------------------------------------------
                                             19.750000   data required time
                                             -6.649800   data arrival time
---------------------------------------------------------------------------------------------
                                             13.100199   slack (MET)


Startpoint: instr[15] (input port clocked by __VIRTUAL_CLK__)
Endpoint: ImmExt[4] (output port clocked by __VIRTUAL_CLK__)
Path Group: __VIRTUAL_CLK__
Path Type: max

Fanout         Cap        Slew       Delay        Time   Description
---------------------------------------------------------------------------------------------
                      0.000000    0.000000    0.000000   clock __VIRTUAL_CLK__ (rise edge)
                                  0.000000    0.000000   clock network delay (ideal)
                                  5.000000    5.000000 ^ input external delay
     1    0.002534    0.030497    0.014363    5.014363 ^ instr[15] (in)
                                                         instr[15] (net)
                      0.030497    0.000000    5.014363 ^ input8/A (sky130_fd_sc_hd__clkbuf_1)
     2    0.005768    0.124659    0.171658    5.186021 ^ input8/X (sky130_fd_sc_hd__clkbuf_1)
                                                         net8 (net)
                      0.124659    0.000061    5.186082 ^ fanout30/A (sky130_fd_sc_hd__buf_2)
    10    0.030718    0.245852    0.350332    5.536415 ^ fanout30/X (sky130_fd_sc_hd__buf_2)
                                                         net30 (net)
                      0.245852    0.000508    5.536923 ^ _10_/C_N (sky130_fd_sc_hd__nor3b_1)
     2    0.005379    0.399184    0.474484    6.011406 ^ _10_/Y (sky130_fd_sc_hd__nor3b_1)
                                                         _02_ (net)
                      0.399184    0.000028    6.011435 ^ _13_/B1 (sky130_fd_sc_hd__a21o_1)
     1    0.003004    0.067096    0.251291    6.262726 ^ _13_/X (sky130_fd_sc_hd__a21o_1)
                                                         net23 (net)
                      0.067096    0.000040    6.262766 ^ output23/A (sky130_fd_sc_hd__buf_2)
     1    0.034102    0.270818    0.341591    6.604357 ^ output23/X (sky130_fd_sc_hd__buf_2)
                                                         ImmExt[4] (net)
                      0.270818    0.000242    6.604599 ^ ImmExt[4] (out)
                                              6.604599   data arrival time

                      0.000000   25.000000   25.000000   clock __VIRTUAL_CLK__ (rise edge)
                                  0.000000   25.000000   clock network delay (ideal)
                                 -0.250000   24.750000   clock uncertainty
                                  0.000000   24.750000   clock reconvergence pessimism
                                 -5.000000   19.750000   output external delay
                                             19.750000   data required time
---------------------------------------------------------------------------------------------
                                             19.750000   data required time
                                             -6.604599   data arrival time
---------------------------------------------------------------------------------------------
                                             13.145400   slack (MET)


Startpoint: instr[15] (input port clocked by __VIRTUAL_CLK__)
Endpoint: ImmExt[15] (output port clocked by __VIRTUAL_CLK__)
Path Group: __VIRTUAL_CLK__
Path Type: max

Fanout         Cap        Slew       Delay        Time   Description
---------------------------------------------------------------------------------------------
                      0.000000    0.000000    0.000000   clock __VIRTUAL_CLK__ (rise edge)
                                  0.000000    0.000000   clock network delay (ideal)
                                  5.000000    5.000000 ^ input external delay
     1    0.002534    0.030497    0.014363    5.014363 ^ instr[15] (in)
                                                         instr[15] (net)
                      0.030497    0.000000    5.014363 ^ input8/A (sky130_fd_sc_hd__clkbuf_1)
     2    0.005768    0.124659    0.171658    5.186021 ^ input8/X (sky130_fd_sc_hd__clkbuf_1)
                                                         net8 (net)
                      0.124659    0.000045    5.186066 ^ _27_/A (sky130_fd_sc_hd__clkbuf_1)
     1    0.001930    0.060190    0.161420    5.347486 ^ _27_/X (sky130_fd_sc_hd__clkbuf_1)
                                                         net19 (net)
                      0.060190    0.000008    5.347495 ^ output19/A (sky130_fd_sc_hd__buf_2)
     1    0.033934    0.269545    0.337582    5.685077 ^ output19/X (sky130_fd_sc_hd__buf_2)
                                                         ImmExt[15] (net)
                      0.269545    0.000174    5.685251 ^ ImmExt[15] (out)
                                              5.685251   data arrival time

                      0.000000   25.000000   25.000000   clock __VIRTUAL_CLK__ (rise edge)
                                  0.000000   25.000000   clock network delay (ideal)
                                 -0.250000   24.750000   clock uncertainty
                                  0.000000   24.750000   clock reconvergence pessimism
                                 -5.000000   19.750000   output external delay
                                             19.750000   data required time
---------------------------------------------------------------------------------------------
                                             19.750000   data required time
                                             -5.685251   data arrival time
---------------------------------------------------------------------------------------------
                                             14.064749   slack (MET)



