
===========================================================================
report_checks -path_delay min (Hold)
============================================================================
======================= min_ss_100C_1v60 Corner ===================================

Startpoint: instr[15] (input port clocked by __VIRTUAL_CLK__)
Endpoint: ImmExt[15] (output port clocked by __VIRTUAL_CLK__)
Path Group: __VIRTUAL_CLK__
Path Type: min

Fanout         Cap        Slew       Delay        Time   Description
---------------------------------------------------------------------------------------------
                      0.000000    0.000000    0.000000   clock __VIRTUAL_CLK__ (rise edge)
                                  0.000000    0.000000   clock network delay (ideal)
                                  5.000000    5.000000 v input external delay
     1    0.002405    0.016965    0.007968    5.007968 v instr[15] (in)
                                                         instr[15] (net)
                      0.016965    0.000000    5.007968 v input8/A (sky130_fd_sc_hd__clkbuf_1)
     2    0.005511    0.077797    0.160592    5.168561 v input8/X (sky130_fd_sc_hd__clkbuf_1)
                                                         net8 (net)
                      0.077797    0.000043    5.168603 v _27_/A (sky130_fd_sc_hd__clkbuf_1)
     1    0.001802    0.041863    0.153929    5.322532 v _27_/X (sky130_fd_sc_hd__clkbuf_1)
                                                         net19 (net)
                      0.041863    0.000008    5.322540 v output19/A (sky130_fd_sc_hd__buf_2)
     1    0.033934    0.164580    0.330947    5.653488 v output19/X (sky130_fd_sc_hd__buf_2)
                                                         ImmExt[15] (net)
                      0.164580    0.000174    5.653662 v ImmExt[15] (out)
                                              5.653662   data arrival time

                      0.000000    0.000000    0.000000   clock __VIRTUAL_CLK__ (rise edge)
                                  0.000000    0.000000   clock network delay (ideal)
                                  0.250000    0.250000   clock uncertainty
                                  0.000000    0.250000   clock reconvergence pessimism
                                 -5.000000   -4.750000   output external delay
                                             -4.750000   data required time
---------------------------------------------------------------------------------------------
                                             -4.750000   data required time
                                             -5.653662   data arrival time
---------------------------------------------------------------------------------------------
                                             10.403663   slack (MET)


Startpoint: instr[6] (input port clocked by __VIRTUAL_CLK__)
Endpoint: ImmExt[6] (output port clocked by __VIRTUAL_CLK__)
Path Group: __VIRTUAL_CLK__
Path Type: min

Fanout         Cap        Slew       Delay        Time   Description
---------------------------------------------------------------------------------------------
                      0.000000    0.000000    0.000000   clock __VIRTUAL_CLK__ (rise edge)
                                  0.000000    0.000000   clock network delay (ideal)
                                  5.000000    5.000000 ^ input external delay
     1    0.002697    0.031577    0.015226    5.015226 ^ instr[6] (in)
                                                         instr[6] (net)
                      0.031577    0.000000    5.015226 ^ input9/A (sky130_fd_sc_hd__clkbuf_1)
     1    0.002799    0.072501    0.133033    5.148259 ^ input9/X (sky130_fd_sc_hd__clkbuf_1)
                                                         net9 (net)
                      0.072501    0.000032    5.148291 ^ _16_/A0 (sky130_fd_sc_hd__mux2_1)
     1    0.002984    0.074346    0.227206    5.375497 ^ _16_/X (sky130_fd_sc_hd__mux2_1)
                                                         net25 (net)
                      0.074346    0.000039    5.375535 ^ output25/A (sky130_fd_sc_hd__buf_2)
     1    0.034256    0.271994    0.345659    5.721194 ^ output25/X (sky130_fd_sc_hd__buf_2)
                                                         ImmExt[6] (net)
                      0.271994    0.000345    5.721539 ^ ImmExt[6] (out)
                                              5.721539   data arrival time

                      0.000000    0.000000    0.000000   clock __VIRTUAL_CLK__ (rise edge)
                                  0.000000    0.000000   clock network delay (ideal)
                                  0.250000    0.250000   clock uncertainty
                                  0.000000    0.250000   clock reconvergence pessimism
                                 -5.000000   -4.750000   output external delay
                                             -4.750000   data required time
---------------------------------------------------------------------------------------------
                                             -4.750000   data required time
                                             -5.721539   data arrival time
---------------------------------------------------------------------------------------------
                                             10.471539   slack (MET)


Startpoint: instr[7] (input port clocked by __VIRTUAL_CLK__)
Endpoint: ImmExt[7] (output port clocked by __VIRTUAL_CLK__)
Path Group: __VIRTUAL_CLK__
Path Type: min

Fanout         Cap        Slew       Delay        Time   Description
---------------------------------------------------------------------------------------------
                      0.000000    0.000000    0.000000   clock __VIRTUAL_CLK__ (rise edge)
                                  0.000000    0.000000   clock network delay (ideal)
                                  5.000000    5.000000 ^ input external delay
     1    0.002732    0.031806    0.015410    5.015410 ^ instr[7] (in)
                                                         instr[7] (net)
                      0.031806    0.000000    5.015410 ^ input10/A (sky130_fd_sc_hd__clkbuf_1)
     1    0.003741    0.088693    0.145818    5.161229 ^ input10/X (sky130_fd_sc_hd__clkbuf_1)
                                                         net10 (net)
                      0.088693    0.000059    5.161287 ^ _17_/A0 (sky130_fd_sc_hd__mux2_1)
     1    0.002321    0.066740    0.225184    5.386472 ^ _17_/X (sky130_fd_sc_hd__mux2_1)
                                                         net26 (net)
                      0.066740    0.000024    5.386496 ^ output26/A (sky130_fd_sc_hd__buf_2)
     1    0.034256    0.271982    0.342172    5.728667 ^ output26/X (sky130_fd_sc_hd__buf_2)
                                                         ImmExt[7] (net)
                      0.271982    0.000345    5.729012 ^ ImmExt[7] (out)
                                              5.729012   data arrival time

                      0.000000    0.000000    0.000000   clock __VIRTUAL_CLK__ (rise edge)
                                  0.000000    0.000000   clock network delay (ideal)
                                  0.250000    0.250000   clock uncertainty
                                  0.000000    0.250000   clock reconvergence pessimism
                                 -5.000000   -4.750000   output external delay
                                             -4.750000   data required time
---------------------------------------------------------------------------------------------
                                             -4.750000   data required time
                                             -5.729012   data arrival time
---------------------------------------------------------------------------------------------
                                             10.479012   slack (MET)


Startpoint: instr[8] (input port clocked by __VIRTUAL_CLK__)
Endpoint: ImmExt[8] (output port clocked by __VIRTUAL_CLK__)
Path Group: __VIRTUAL_CLK__
Path Type: min

Fanout         Cap        Slew       Delay        Time   Description
---------------------------------------------------------------------------------------------
                      0.000000    0.000000    0.000000   clock __VIRTUAL_CLK__ (rise edge)
                                  0.000000    0.000000   clock network delay (ideal)
                                  5.000000    5.000000 ^ input external delay
     1    0.002520    0.030407    0.014290    5.014290 ^ instr[8] (in)
                                                         instr[8] (net)
                      0.030407    0.000000    5.014290 ^ input11/A (sky130_fd_sc_hd__clkbuf_1)
     1    0.003953    0.092347    0.148049    5.162339 ^ input11/X (sky130_fd_sc_hd__clkbuf_1)
                                                         net11 (net)
                      0.092347    0.000053    5.162392 ^ _18_/A0 (sky130_fd_sc_hd__mux2_1)
     1    0.002196    0.065052    0.225049    5.387441 ^ _18_/X (sky130_fd_sc_hd__mux2_1)
                                                         net27 (net)
                      0.065052    0.000021    5.387463 ^ output27/A (sky130_fd_sc_hd__buf_2)
     1    0.034315    0.272423    0.341705    5.729168 ^ output27/X (sky130_fd_sc_hd__buf_2)
                                                         ImmExt[8] (net)
                      0.272423    0.000357    5.729525 ^ ImmExt[8] (out)
                                              5.729525   data arrival time

                      0.000000    0.000000    0.000000   clock __VIRTUAL_CLK__ (rise edge)
                                  0.000000    0.000000   clock network delay (ideal)
                                  0.250000    0.250000   clock uncertainty
                                  0.000000    0.250000   clock reconvergence pessimism
                                 -5.000000   -4.750000   output external delay
                                             -4.750000   data required time
---------------------------------------------------------------------------------------------
                                             -4.750000   data required time
                                             -5.729525   data arrival time
---------------------------------------------------------------------------------------------
                                             10.479526   slack (MET)


Startpoint: instr[9] (input port clocked by __VIRTUAL_CLK__)
Endpoint: ImmExt[0] (output port clocked by __VIRTUAL_CLK__)
Path Group: __VIRTUAL_CLK__
Path Type: min

Fanout         Cap        Slew       Delay        Time   Description
---------------------------------------------------------------------------------------------
                      0.000000    0.000000    0.000000   clock __VIRTUAL_CLK__ (rise edge)
                                  0.000000    0.000000   clock network delay (ideal)
                                  5.000000    5.000000 ^ input external delay
     1    0.003031    0.033782    0.016995    5.016995 ^ instr[9] (in)
                                                         instr[9] (net)
                      0.033782    0.000000    5.016995 ^ input12/A (sky130_fd_sc_hd__clkbuf_1)
     2    0.005757    0.124476    0.172991    5.189986 ^ input12/X (sky130_fd_sc_hd__clkbuf_1)
                                                         net12 (net)
                      0.124476    0.000099    5.190084 ^ _07_/A2 (sky130_fd_sc_hd__a21bo_1)
     1    0.003203    0.064532    0.229675    5.419759 ^ _07_/X (sky130_fd_sc_hd__a21bo_1)
                                                         net13 (net)
                      0.064532    0.000044    5.419804 ^ output13/A (sky130_fd_sc_hd__buf_2)
     1    0.034251    0.271944    0.341136    5.760940 ^ output13/X (sky130_fd_sc_hd__buf_2)
                                                         ImmExt[0] (net)
                      0.271944    0.000345    5.761284 ^ ImmExt[0] (out)
                                              5.761284   data arrival time

                      0.000000    0.000000    0.000000   clock __VIRTUAL_CLK__ (rise edge)
                                  0.000000    0.000000   clock network delay (ideal)
                                  0.250000    0.250000   clock uncertainty
                                  0.000000    0.250000   clock reconvergence pessimism
                                 -5.000000   -4.750000   output external delay
                                             -4.750000   data required time
---------------------------------------------------------------------------------------------
                                             -4.750000   data required time
                                             -5.761284   data arrival time
---------------------------------------------------------------------------------------------
                                             10.511285   slack (MET)


Startpoint: instr[12] (input port clocked by __VIRTUAL_CLK__)
Endpoint: ImmExt[3] (output port clocked by __VIRTUAL_CLK__)
Path Group: __VIRTUAL_CLK__
Path Type: min

Fanout         Cap        Slew       Delay        Time   Description
---------------------------------------------------------------------------------------------
                      0.000000    0.000000    0.000000   clock __VIRTUAL_CLK__ (rise edge)
                                  0.000000    0.000000   clock network delay (ideal)
                                  5.000000    5.000000 ^ input external delay
     1    0.003010    0.033644    0.016885    5.016885 ^ instr[12] (in)
                                                         instr[12] (net)
                      0.033644    0.000000    5.016885 ^ input5/A (sky130_fd_sc_hd__clkbuf_1)
     2    0.006033    0.129429    0.176500    5.193386 ^ input5/X (sky130_fd_sc_hd__clkbuf_1)
                                                         net5 (net)
                      0.129429    0.000105    5.193491 ^ _12_/A2 (sky130_fd_sc_hd__a21o_1)
     1    0.003050    0.062411    0.235805    5.429296 ^ _12_/X (sky130_fd_sc_hd__a21o_1)
                                                         net22 (net)
                      0.062411    0.000041    5.429336 ^ output22/A (sky130_fd_sc_hd__buf_2)
     1    0.033920    0.269444    0.338534    5.767870 ^ output22/X (sky130_fd_sc_hd__buf_2)
                                                         ImmExt[3] (net)
                      0.269444    0.000165    5.768035 ^ ImmExt[3] (out)
                                              5.768035   data arrival time

                      0.000000    0.000000    0.000000   clock __VIRTUAL_CLK__ (rise edge)
                                  0.000000    0.000000   clock network delay (ideal)
                                  0.250000    0.250000   clock uncertainty
                                  0.000000    0.250000   clock reconvergence pessimism
                                 -5.000000   -4.750000   output external delay
                                             -4.750000   data required time
---------------------------------------------------------------------------------------------
                                             -4.750000   data required time
                                             -5.768035   data arrival time
---------------------------------------------------------------------------------------------
                                             10.518035   slack (MET)


Startpoint: instr[10] (input port clocked by __VIRTUAL_CLK__)
Endpoint: ImmExt[1] (output port clocked by __VIRTUAL_CLK__)
Path Group: __VIRTUAL_CLK__
Path Type: min

Fanout         Cap        Slew       Delay        Time   Description
---------------------------------------------------------------------------------------------
                      0.000000    0.000000    0.000000   clock __VIRTUAL_CLK__ (rise edge)
                                  0.000000    0.000000   clock network delay (ideal)
                                  5.000000    5.000000 ^ input external delay
     1    0.002747    0.031905    0.015489    5.015490 ^ instr[10] (in)
                                                         instr[10] (net)
                      0.031905    0.000000    5.015490 ^ input3/A (sky130_fd_sc_hd__clkbuf_1)
     2    0.006603    0.139675    0.183098    5.198587 ^ input3/X (sky130_fd_sc_hd__clkbuf_1)
                                                         net3 (net)
                      0.139675    0.000098    5.198686 ^ _09_/A2 (sky130_fd_sc_hd__a21bo_1)
     1    0.003133    0.063767    0.234595    5.433280 ^ _09_/X (sky130_fd_sc_hd__a21bo_1)
                                                         net20 (net)
                      0.063767    0.000034    5.433315 ^ output20/A (sky130_fd_sc_hd__buf_2)
     1    0.033910    0.269368    0.339099    5.772413 ^ output20/X (sky130_fd_sc_hd__buf_2)
                                                         ImmExt[1] (net)
                      0.269368    0.000166    5.772579 ^ ImmExt[1] (out)
                                              5.772579   data arrival time

                      0.000000    0.000000    0.000000   clock __VIRTUAL_CLK__ (rise edge)
                                  0.000000    0.000000   clock network delay (ideal)
                                  0.250000    0.250000   clock uncertainty
                                  0.000000    0.250000   clock reconvergence pessimism
                                 -5.000000   -4.750000   output external delay
                                             -4.750000   data required time
---------------------------------------------------------------------------------------------
                                             -4.750000   data required time
                                             -5.772579   data arrival time
---------------------------------------------------------------------------------------------
                                             10.522578   slack (MET)


Startpoint: instr[12] (input port clocked by __VIRTUAL_CLK__)
Endpoint: ImmExt[12] (output port clocked by __VIRTUAL_CLK__)
Path Group: __VIRTUAL_CLK__
Path Type: min

Fanout         Cap        Slew       Delay        Time   Description
---------------------------------------------------------------------------------------------
                      0.000000    0.000000    0.000000   clock __VIRTUAL_CLK__ (rise edge)
                                  0.000000    0.000000   clock network delay (ideal)
                                  5.000000    5.000000 ^ input external delay
     1    0.003010    0.033644    0.016885    5.016885 ^ instr[12] (in)
                                                         instr[12] (net)
                      0.033644    0.000000    5.016885 ^ input5/A (sky130_fd_sc_hd__clkbuf_1)
     2    0.006033    0.129429    0.176500    5.193386 ^ input5/X (sky130_fd_sc_hd__clkbuf_1)
                                                         net5 (net)
                      0.129429    0.000054    5.193439 ^ _22_/A0 (sky130_fd_sc_hd__mux2_1)
     1    0.002021    0.063337    0.238410    5.431849 ^ _22_/X (sky130_fd_sc_hd__mux2_1)
                                                         net16 (net)
                      0.063337    0.000017    5.431867 ^ output16/A (sky130_fd_sc_hd__buf_2)
     1    0.034331    0.272533    0.341000    5.772866 ^ output16/X (sky130_fd_sc_hd__buf_2)
                                                         ImmExt[12] (net)
                      0.272533    0.000357    5.773223 ^ ImmExt[12] (out)
                                              5.773223   data arrival time

                      0.000000    0.000000    0.000000   clock __VIRTUAL_CLK__ (rise edge)
                                  0.000000    0.000000   clock network delay (ideal)
                                  0.250000    0.250000   clock uncertainty
                                  0.000000    0.250000   clock reconvergence pessimism
                                 -5.000000   -4.750000   output external delay
                                             -4.750000   data required time
---------------------------------------------------------------------------------------------
                                             -4.750000   data required time
                                             -5.773223   data arrival time
---------------------------------------------------------------------------------------------
                                             10.523224   slack (MET)


Startpoint: instr[11] (input port clocked by __VIRTUAL_CLK__)
Endpoint: ImmExt[2] (output port clocked by __VIRTUAL_CLK__)
Path Group: __VIRTUAL_CLK__
Path Type: min

Fanout         Cap        Slew       Delay        Time   Description
---------------------------------------------------------------------------------------------
                      0.000000    0.000000    0.000000   clock __VIRTUAL_CLK__ (rise edge)
                                  0.000000    0.000000   clock network delay (ideal)
                                  5.000000    5.000000 ^ input external delay
     1    0.003002    0.033593    0.016844    5.016844 ^ instr[11] (in)
                                                         instr[11] (net)
                      0.033593    0.000000    5.016844 ^ input4/A (sky130_fd_sc_hd__clkbuf_1)
     2    0.006490    0.137632    0.182392    5.199236 ^ input4/X (sky130_fd_sc_hd__clkbuf_1)
                                                         net4 (net)
                      0.137632    0.000091    5.199327 ^ _11_/A2 (sky130_fd_sc_hd__a21o_1)
     1    0.003253    0.064695    0.241273    5.440600 ^ _11_/X (sky130_fd_sc_hd__a21o_1)
                                                         net21 (net)
                      0.064695    0.000036    5.440636 ^ output21/A (sky130_fd_sc_hd__buf_2)
     1    0.034105    0.270834    0.340505    5.781140 ^ output21/X (sky130_fd_sc_hd__buf_2)
                                                         ImmExt[2] (net)
                      0.270834    0.000242    5.781383 ^ ImmExt[2] (out)
                                              5.781383   data arrival time

                      0.000000    0.000000    0.000000   clock __VIRTUAL_CLK__ (rise edge)
                                  0.000000    0.000000   clock network delay (ideal)
                                  0.250000    0.250000   clock uncertainty
                                  0.000000    0.250000   clock reconvergence pessimism
                                 -5.000000   -4.750000   output external delay
                                             -4.750000   data required time
---------------------------------------------------------------------------------------------
                                             -4.750000   data required time
                                             -5.781383   data arrival time
---------------------------------------------------------------------------------------------
                                             10.531383   slack (MET)


Startpoint: instr[9] (input port clocked by __VIRTUAL_CLK__)
Endpoint: ImmExt[9] (output port clocked by __VIRTUAL_CLK__)
Path Group: __VIRTUAL_CLK__
Path Type: min

Fanout         Cap        Slew       Delay        Time   Description
---------------------------------------------------------------------------------------------
                      0.000000    0.000000    0.000000   clock __VIRTUAL_CLK__ (rise edge)
                                  0.000000    0.000000   clock network delay (ideal)
                                  5.000000    5.000000 ^ input external delay
     1    0.003031    0.033782    0.016995    5.016995 ^ instr[9] (in)
                                                         instr[9] (net)
                      0.033782    0.000000    5.016995 ^ input12/A (sky130_fd_sc_hd__clkbuf_1)
     2    0.005757    0.124476    0.172991    5.189986 ^ input12/X (sky130_fd_sc_hd__clkbuf_1)
                                                         net12 (net)
                      0.124476    0.000070    5.190056 ^ _19_/A0 (sky130_fd_sc_hd__mux2_1)
     1    0.002950    0.073946    0.248818    5.438873 ^ _19_/X (sky130_fd_sc_hd__mux2_1)
                                                         net28 (net)
                      0.073946    0.000038    5.438912 ^ output28/A (sky130_fd_sc_hd__buf_2)
     1    0.034319    0.272464    0.345801    5.784713 ^ output28/X (sky130_fd_sc_hd__buf_2)
                                                         ImmExt[9] (net)
                      0.272464    0.000357    5.785070 ^ ImmExt[9] (out)
                                              5.785070   data arrival time

                      0.000000    0.000000    0.000000   clock __VIRTUAL_CLK__ (rise edge)
                                  0.000000    0.000000   clock network delay (ideal)
                                  0.250000    0.250000   clock uncertainty
                                  0.000000    0.250000   clock reconvergence pessimism
                                 -5.000000   -4.750000   output external delay
                                             -4.750000   data required time
---------------------------------------------------------------------------------------------
                                             -4.750000   data required time
                                             -5.785070   data arrival time
---------------------------------------------------------------------------------------------
                                             10.535070   slack (MET)


Startpoint: instr[10] (input port clocked by __VIRTUAL_CLK__)
Endpoint: ImmExt[10] (output port clocked by __VIRTUAL_CLK__)
Path Group: __VIRTUAL_CLK__
Path Type: min

Fanout         Cap        Slew       Delay        Time   Description
---------------------------------------------------------------------------------------------
                      0.000000    0.000000    0.000000   clock __VIRTUAL_CLK__ (rise edge)
                                  0.000000    0.000000   clock network delay (ideal)
                                  5.000000    5.000000 ^ input external delay
     1    0.002747    0.031905    0.015489    5.015490 ^ instr[10] (in)
                                                         instr[10] (net)
                      0.031905    0.000000    5.015490 ^ input3/A (sky130_fd_sc_hd__clkbuf_1)
     2    0.006603    0.139675    0.183098    5.198587 ^ input3/X (sky130_fd_sc_hd__clkbuf_1)
                                                         net3 (net)
                      0.139675    0.000041    5.198629 ^ _20_/A0 (sky130_fd_sc_hd__mux2_1)
     1    0.002272    0.066184    0.246128    5.444757 ^ _20_/X (sky130_fd_sc_hd__mux2_1)
                                                         net14 (net)
                      0.066184    0.000022    5.444779 ^ output14/A (sky130_fd_sc_hd__buf_2)
     1    0.033973    0.269844    0.340529    5.785308 ^ output14/X (sky130_fd_sc_hd__buf_2)
                                                         ImmExt[10] (net)
                      0.269844    0.000183    5.785491 ^ ImmExt[10] (out)
                                              5.785491   data arrival time

                      0.000000    0.000000    0.000000   clock __VIRTUAL_CLK__ (rise edge)
                                  0.000000    0.000000   clock network delay (ideal)
                                  0.250000    0.250000   clock uncertainty
                                  0.000000    0.250000   clock reconvergence pessimism
                                 -5.000000   -4.750000   output external delay
                                             -4.750000   data required time
---------------------------------------------------------------------------------------------
                                             -4.750000   data required time
                                             -5.785491   data arrival time
---------------------------------------------------------------------------------------------
                                             10.535491   slack (MET)


Startpoint: instr[11] (input port clocked by __VIRTUAL_CLK__)
Endpoint: ImmExt[11] (output port clocked by __VIRTUAL_CLK__)
Path Group: __VIRTUAL_CLK__
Path Type: min

Fanout         Cap        Slew       Delay        Time   Description
---------------------------------------------------------------------------------------------
                      0.000000    0.000000    0.000000   clock __VIRTUAL_CLK__ (rise edge)
                                  0.000000    0.000000   clock network delay (ideal)
                                  5.000000    5.000000 ^ input external delay
     1    0.003002    0.033593    0.016844    5.016844 ^ instr[11] (in)
                                                         instr[11] (net)
                      0.033593    0.000000    5.016844 ^ input4/A (sky130_fd_sc_hd__clkbuf_1)
     2    0.006490    0.137632    0.182392    5.199236 ^ input4/X (sky130_fd_sc_hd__clkbuf_1)
                                                         net4 (net)
                      0.137632    0.000063    5.199298 ^ _21_/A0 (sky130_fd_sc_hd__mux2_1)
     1    0.002762    0.071766    0.251870    5.451169 ^ _21_/X (sky130_fd_sc_hd__mux2_1)
                                                         net15 (net)
                      0.071766    0.000033    5.451201 ^ output15/A (sky130_fd_sc_hd__buf_2)
     1    0.034256    0.271991    0.344476    5.795678 ^ output15/X (sky130_fd_sc_hd__buf_2)
                                                         ImmExt[11] (net)
                      0.271991    0.000345    5.796022 ^ ImmExt[11] (out)
                                              5.796022   data arrival time

                      0.000000    0.000000    0.000000   clock __VIRTUAL_CLK__ (rise edge)
                                  0.000000    0.000000   clock network delay (ideal)
                                  0.250000    0.250000   clock uncertainty
                                  0.000000    0.250000   clock reconvergence pessimism
                                 -5.000000   -4.750000   output external delay
                                             -4.750000   data required time
---------------------------------------------------------------------------------------------
                                             -4.750000   data required time
                                             -5.796022   data arrival time
---------------------------------------------------------------------------------------------
                                             10.546023   slack (MET)


Startpoint: instr[13] (input port clocked by __VIRTUAL_CLK__)
Endpoint: ImmExt[4] (output port clocked by __VIRTUAL_CLK__)
Path Group: __VIRTUAL_CLK__
Path Type: min

Fanout         Cap        Slew       Delay        Time   Description
---------------------------------------------------------------------------------------------
                      0.000000    0.000000    0.000000   clock __VIRTUAL_CLK__ (rise edge)
                                  0.000000    0.000000   clock network delay (ideal)
                                  5.000000    5.000000 ^ input external delay
     1    0.002944    0.033210    0.016537    5.016537 ^ instr[13] (in)
                                                         instr[13] (net)
                      0.033210    0.000000    5.016537 ^ input6/A (sky130_fd_sc_hd__buf_1)
     3    0.008574    0.175219    0.209286    5.225823 ^ input6/X (sky130_fd_sc_hd__buf_1)
                                                         net6 (net)
                      0.175219    0.000169    5.225993 ^ _13_/A2 (sky130_fd_sc_hd__a21o_1)
     1    0.003004    0.066870    0.253108    5.479100 ^ _13_/X (sky130_fd_sc_hd__a21o_1)
                                                         net23 (net)
                      0.066870    0.000040    5.479140 ^ output23/A (sky130_fd_sc_hd__buf_2)
     1    0.034102    0.270818    0.341487    5.820627 ^ output23/X (sky130_fd_sc_hd__buf_2)
                                                         ImmExt[4] (net)
                      0.270818    0.000242    5.820869 ^ ImmExt[4] (out)
                                              5.820869   data arrival time

                      0.000000    0.000000    0.000000   clock __VIRTUAL_CLK__ (rise edge)
                                  0.000000    0.000000   clock network delay (ideal)
                                  0.250000    0.250000   clock uncertainty
                                  0.000000    0.250000   clock reconvergence pessimism
                                 -5.000000   -4.750000   output external delay
                                             -4.750000   data required time
---------------------------------------------------------------------------------------------
                                             -4.750000   data required time
                                             -5.820869   data arrival time
---------------------------------------------------------------------------------------------
                                             10.570868   slack (MET)


Startpoint: instr[14] (input port clocked by __VIRTUAL_CLK__)
Endpoint: ImmExt[5] (output port clocked by __VIRTUAL_CLK__)
Path Group: __VIRTUAL_CLK__
Path Type: min

Fanout         Cap        Slew       Delay        Time   Description
---------------------------------------------------------------------------------------------
                      0.000000    0.000000    0.000000   clock __VIRTUAL_CLK__ (rise edge)
                                  0.000000    0.000000   clock network delay (ideal)
                                  5.000000    5.000000 ^ input external delay
     1    0.002760    0.031992    0.015559    5.015559 ^ instr[14] (in)
                                                         instr[14] (net)
                      0.031992    0.000000    5.015559 ^ input7/A (sky130_fd_sc_hd__buf_1)
     3    0.009844    0.198161    0.225151    5.240710 ^ input7/X (sky130_fd_sc_hd__buf_1)
                                                         net7 (net)
                      0.198161    0.000153    5.240863 ^ _14_/A2 (sky130_fd_sc_hd__a21o_1)
     1    0.002728    0.058839    0.258950    5.499814 ^ _14_/X (sky130_fd_sc_hd__a21o_1)
                                                         net24 (net)
                      0.058839    0.000024    5.499837 ^ output24/A (sky130_fd_sc_hd__buf_2)
     1    0.034102    0.270806    0.337807    5.837644 ^ output24/X (sky130_fd_sc_hd__buf_2)
                                                         ImmExt[5] (net)
                      0.270806    0.000242    5.837886 ^ ImmExt[5] (out)
                                              5.837886   data arrival time

                      0.000000    0.000000    0.000000   clock __VIRTUAL_CLK__ (rise edge)
                                  0.000000    0.000000   clock network delay (ideal)
                                  0.250000    0.250000   clock uncertainty
                                  0.000000    0.250000   clock reconvergence pessimism
                                 -5.000000   -4.750000   output external delay
                                             -4.750000   data required time
---------------------------------------------------------------------------------------------
                                             -4.750000   data required time
                                             -5.837886   data arrival time
---------------------------------------------------------------------------------------------
                                             10.587887   slack (MET)


Startpoint: instr[13] (input port clocked by __VIRTUAL_CLK__)
Endpoint: ImmExt[13] (output port clocked by __VIRTUAL_CLK__)
Path Group: __VIRTUAL_CLK__
Path Type: min

Fanout         Cap        Slew       Delay        Time   Description
---------------------------------------------------------------------------------------------
                      0.000000    0.000000    0.000000   clock __VIRTUAL_CLK__ (rise edge)
                                  0.000000    0.000000   clock network delay (ideal)
                                  5.000000    5.000000 ^ input external delay
     1    0.002944    0.033210    0.016537    5.016537 ^ instr[13] (in)
                                                         instr[13] (net)
                      0.033210    0.000000    5.016537 ^ input6/A (sky130_fd_sc_hd__buf_1)
     3    0.008574    0.175219    0.209286    5.225823 ^ input6/X (sky130_fd_sc_hd__buf_1)
                                                         net6 (net)
                      0.175219    0.000123    5.225947 ^ _23_/B (sky130_fd_sc_hd__and3b_1)
     1    0.002832    0.090676    0.333520    5.559467 ^ _23_/X (sky130_fd_sc_hd__and3b_1)
                                                         _04_ (net)
                      0.090676    0.000014    5.559481 ^ _24_/B1 (sky130_fd_sc_hd__a21o_1)
     1    0.002955    0.059754    0.148643    5.708124 ^ _24_/X (sky130_fd_sc_hd__a21o_1)
                                                         net17 (net)
                      0.059754    0.000038    5.708162 ^ output17/A (sky130_fd_sc_hd__buf_2)
     1    0.034240    0.271851    0.338878    6.047040 ^ output17/X (sky130_fd_sc_hd__buf_2)
                                                         ImmExt[13] (net)
                      0.271851    0.000352    6.047391 ^ ImmExt[13] (out)
                                              6.047391   data arrival time

                      0.000000    0.000000    0.000000   clock __VIRTUAL_CLK__ (rise edge)
                                  0.000000    0.000000   clock network delay (ideal)
                                  0.250000    0.250000   clock uncertainty
                                  0.000000    0.250000   clock reconvergence pessimism
                                 -5.000000   -4.750000   output external delay
                                             -4.750000   data required time
---------------------------------------------------------------------------------------------
                                             -4.750000   data required time
                                             -6.047391   data arrival time
---------------------------------------------------------------------------------------------
                                             10.797392   slack (MET)


Startpoint: instr[14] (input port clocked by __VIRTUAL_CLK__)
Endpoint: ImmExt[14] (output port clocked by __VIRTUAL_CLK__)
Path Group: __VIRTUAL_CLK__
Path Type: min

Fanout         Cap        Slew       Delay        Time   Description
---------------------------------------------------------------------------------------------
                      0.000000    0.000000    0.000000   clock __VIRTUAL_CLK__ (rise edge)
                                  0.000000    0.000000   clock network delay (ideal)
                                  5.000000    5.000000 ^ input external delay
     1    0.002760    0.031992    0.015559    5.015559 ^ instr[14] (in)
                                                         instr[14] (net)
                      0.031992    0.000000    5.015559 ^ input7/A (sky130_fd_sc_hd__buf_1)
     3    0.009844    0.198161    0.225151    5.240710 ^ input7/X (sky130_fd_sc_hd__buf_1)
                                                         net7 (net)
                      0.198161    0.000192    5.240902 ^ _25_/B (sky130_fd_sc_hd__and3b_1)
     1    0.003835    0.100876    0.356504    5.597407 ^ _25_/X (sky130_fd_sc_hd__and3b_1)
                                                         _05_ (net)
                      0.100876    0.000037    5.597444 ^ _26_/B1 (sky130_fd_sc_hd__a21o_1)
     1    0.003363    0.064658    0.156956    5.754400 ^ _26_/X (sky130_fd_sc_hd__a21o_1)
                                                         net18 (net)
                      0.064658    0.000043    5.754443 ^ output18/A (sky130_fd_sc_hd__buf_2)
     1    0.033914    0.269404    0.339532    6.093975 ^ output18/X (sky130_fd_sc_hd__buf_2)
                                                         ImmExt[14] (net)
                      0.269404    0.000166    6.094141 ^ ImmExt[14] (out)
                                              6.094141   data arrival time

                      0.000000    0.000000    0.000000   clock __VIRTUAL_CLK__ (rise edge)
                                  0.000000    0.000000   clock network delay (ideal)
                                  0.250000    0.250000   clock uncertainty
                                  0.000000    0.250000   clock reconvergence pessimism
                                 -5.000000   -4.750000   output external delay
                                             -4.750000   data required time
---------------------------------------------------------------------------------------------
                                             -4.750000   data required time
                                             -6.094141   data arrival time
---------------------------------------------------------------------------------------------
                                             10.844141   slack (MET)



