
===========================================================================
report_checks -unconstrained
===========================================================================
======================= min_tt_025C_1v80 Corner ===================================

Startpoint: ImmSrc[0] (input port clocked by __VIRTUAL_CLK__)
Endpoint: ImmExt[6] (output port clocked by __VIRTUAL_CLK__)
Path Group: __VIRTUAL_CLK__
Path Type: max

Fanout         Cap        Slew       Delay        Time   Description
---------------------------------------------------------------------------------------------
                      0.000000    0.000000    0.000000   clock __VIRTUAL_CLK__ (rise edge)
                                  0.000000    0.000000   clock network delay (ideal)
                                  5.000000    5.000000 ^ input external delay
     1    0.002758    0.019554    0.010153    5.010153 ^ ImmSrc[0] (in)
                                                         ImmSrc[0] (net)
                      0.019554    0.000000    5.010153 ^ input1/A (sky130_fd_sc_hd__buf_1)
     3    0.010419    0.129393    0.132201    5.142354 ^ input1/X (sky130_fd_sc_hd__buf_1)
                                                         net1 (net)
                      0.129393    0.000176    5.142530 ^ fanout31/A (sky130_fd_sc_hd__buf_2)
    10    0.030034    0.150817    0.214585    5.357115 ^ fanout31/X (sky130_fd_sc_hd__buf_2)
                                                         net31 (net)
                      0.150817    0.000497    5.357612 ^ _15_/A_N (sky130_fd_sc_hd__nand2b_4)
     9    0.039909    0.135107    0.220555    5.578167 ^ _15_/Y (sky130_fd_sc_hd__nand2b_4)
                                                         _03_ (net)
                      0.135119    0.001001    5.579168 ^ _16_/S (sky130_fd_sc_hd__mux2_1)
     1    0.002878    0.055593    0.332318    5.911486 v _16_/X (sky130_fd_sc_hd__mux2_1)
                                                         net25 (net)
                      0.055593    0.000037    5.911523 v output25/A (sky130_fd_sc_hd__buf_2)
     1    0.034256    0.089292    0.184952    6.096476 v output25/X (sky130_fd_sc_hd__buf_2)
                                                         ImmExt[6] (net)
                      0.089292    0.000345    6.096820 v ImmExt[6] (out)
                                              6.096820   data arrival time

                      0.000000   25.000000   25.000000   clock __VIRTUAL_CLK__ (rise edge)
                                  0.000000   25.000000   clock network delay (ideal)
                                 -0.250000   24.750000   clock uncertainty
                                  0.000000   24.750000   clock reconvergence pessimism
                                 -5.000000   19.750000   output external delay
                                             19.750000   data required time
---------------------------------------------------------------------------------------------
                                             19.750000   data required time
                                             -6.096820   data arrival time
---------------------------------------------------------------------------------------------
                                             13.653178   slack (MET)




===========================================================================
report_checks --slack_max -0.01
============================================================================
======================= min_tt_025C_1v80 Corner ===================================

No paths found.


===========================================================================
 report_check_types -max_slew -max_cap -max_fanout -violators
============================================================================
======================= min_tt_025C_1v80 Corner ===================================



===========================================================================
report_parasitic_annotation -report_unannotated
============================================================================
Found 6 unannotated drivers.
 instr[0]
 instr[1]
 instr[2]
 instr[3]
 instr[4]
 instr[5]
Found 0 partially unannotated drivers.

===========================================================================
max slew violation count 0
max fanout violation count 0
max cap violation count 0
============================================================================

===========================================================================
check_setup -verbose -unconstrained_endpoints -multiple_clock -no_clock -no_input_delay -loops -generated_clocks
===========================================================================
