
===========================================================================
report_checks -path_delay max (Setup)
============================================================================
======================= min_tt_025C_1v80 Corner ===================================

Startpoint: ImmSrc[0] (input port clocked by __VIRTUAL_CLK__)
Endpoint: ImmExt[6] (output port clocked by __VIRTUAL_CLK__)
Path Group: __VIRTUAL_CLK__
Path Type: max

Fanout         Cap        Slew       Delay        Time   Description
---------------------------------------------------------------------------------------------
                      0.000000    0.000000    0.000000   clock __VIRTUAL_CLK__ (rise edge)
                                  0.000000    0.000000   clock network delay (ideal)
                                  5.000000    5.000000 ^ input external delay
     1    0.002758    0.019554    0.010153    5.010153 ^ ImmSrc[0] (in)
                                                         ImmSrc[0] (net)
                      0.019554    0.000000    5.010153 ^ input1/A (sky130_fd_sc_hd__buf_1)
     3    0.010419    0.129393    0.132201    5.142354 ^ input1/X (sky130_fd_sc_hd__buf_1)
                                                         net1 (net)
                      0.129393    0.000176    5.142530 ^ fanout31/A (sky130_fd_sc_hd__buf_2)
    10    0.030034    0.150817    0.214585    5.357115 ^ fanout31/X (sky130_fd_sc_hd__buf_2)
                                                         net31 (net)
                      0.150817    0.000497    5.357612 ^ _15_/A_N (sky130_fd_sc_hd__nand2b_4)
     9    0.039909    0.135107    0.220555    5.578167 ^ _15_/Y (sky130_fd_sc_hd__nand2b_4)
                                                         _03_ (net)
                      0.135119    0.001001    5.579168 ^ _16_/S (sky130_fd_sc_hd__mux2_1)
     1    0.002878    0.055593    0.332318    5.911486 v _16_/X (sky130_fd_sc_hd__mux2_1)
                                                         net25 (net)
                      0.055593    0.000037    5.911523 v output25/A (sky130_fd_sc_hd__buf_2)
     1    0.034256    0.089292    0.184952    6.096476 v output25/X (sky130_fd_sc_hd__buf_2)
                                                         ImmExt[6] (net)
                      0.089292    0.000345    6.096820 v ImmExt[6] (out)
                                              6.096820   data arrival time

                      0.000000   25.000000   25.000000   clock __VIRTUAL_CLK__ (rise edge)
                                  0.000000   25.000000   clock network delay (ideal)
                                 -0.250000   24.750000   clock uncertainty
                                  0.000000   24.750000   clock reconvergence pessimism
                                 -5.000000   19.750000   output external delay
                                             19.750000   data required time
---------------------------------------------------------------------------------------------
                                             19.750000   data required time
                                             -6.096820   data arrival time
---------------------------------------------------------------------------------------------
                                             13.653178   slack (MET)


Startpoint: ImmSrc[0] (input port clocked by __VIRTUAL_CLK__)
Endpoint: ImmExt[9] (output port clocked by __VIRTUAL_CLK__)
Path Group: __VIRTUAL_CLK__
Path Type: max

Fanout         Cap        Slew       Delay        Time   Description
---------------------------------------------------------------------------------------------
                      0.000000    0.000000    0.000000   clock __VIRTUAL_CLK__ (rise edge)
                                  0.000000    0.000000   clock network delay (ideal)
                                  5.000000    5.000000 ^ input external delay
     1    0.002758    0.019554    0.010153    5.010153 ^ ImmSrc[0] (in)
                                                         ImmSrc[0] (net)
                      0.019554    0.000000    5.010153 ^ input1/A (sky130_fd_sc_hd__buf_1)
     3    0.010419    0.129393    0.132201    5.142354 ^ input1/X (sky130_fd_sc_hd__buf_1)
                                                         net1 (net)
                      0.129393    0.000176    5.142530 ^ fanout31/A (sky130_fd_sc_hd__buf_2)
    10    0.030034    0.150817    0.214585    5.357115 ^ fanout31/X (sky130_fd_sc_hd__buf_2)
                                                         net31 (net)
                      0.150817    0.000497    5.357612 ^ _15_/A_N (sky130_fd_sc_hd__nand2b_4)
     9    0.039909    0.135107    0.220555    5.578167 ^ _15_/Y (sky130_fd_sc_hd__nand2b_4)
                                                         _03_ (net)
                      0.135109    0.000428    5.578595 ^ _19_/S (sky130_fd_sc_hd__mux2_1)
     1    0.002844    0.055384    0.331996    5.910590 v _19_/X (sky130_fd_sc_hd__mux2_1)
                                                         net28 (net)
                      0.055384    0.000037    5.910627 v output28/A (sky130_fd_sc_hd__buf_2)
     1    0.034319    0.089432    0.184965    6.095592 v output28/X (sky130_fd_sc_hd__buf_2)
                                                         ImmExt[9] (net)
                      0.089433    0.000357    6.095949 v ImmExt[9] (out)
                                              6.095949   data arrival time

                      0.000000   25.000000   25.000000   clock __VIRTUAL_CLK__ (rise edge)
                                  0.000000   25.000000   clock network delay (ideal)
                                 -0.250000   24.750000   clock uncertainty
                                  0.000000   24.750000   clock reconvergence pessimism
                                 -5.000000   19.750000   output external delay
                                             19.750000   data required time
---------------------------------------------------------------------------------------------
                                             19.750000   data required time
                                             -6.095949   data arrival time
---------------------------------------------------------------------------------------------
                                             13.654051   slack (MET)


Startpoint: ImmSrc[0] (input port clocked by __VIRTUAL_CLK__)
Endpoint: ImmExt[11] (output port clocked by __VIRTUAL_CLK__)
Path Group: __VIRTUAL_CLK__
Path Type: max

Fanout         Cap        Slew       Delay        Time   Description
---------------------------------------------------------------------------------------------
                      0.000000    0.000000    0.000000   clock __VIRTUAL_CLK__ (rise edge)
                                  0.000000    0.000000   clock network delay (ideal)
                                  5.000000    5.000000 ^ input external delay
     1    0.002758    0.019554    0.010153    5.010153 ^ ImmSrc[0] (in)
                                                         ImmSrc[0] (net)
                      0.019554    0.000000    5.010153 ^ input1/A (sky130_fd_sc_hd__buf_1)
     3    0.010419    0.129393    0.132201    5.142354 ^ input1/X (sky130_fd_sc_hd__buf_1)
                                                         net1 (net)
                      0.129393    0.000176    5.142530 ^ fanout31/A (sky130_fd_sc_hd__buf_2)
    10    0.030034    0.150817    0.214585    5.357115 ^ fanout31/X (sky130_fd_sc_hd__buf_2)
                                                         net31 (net)
                      0.150817    0.000497    5.357612 ^ _15_/A_N (sky130_fd_sc_hd__nand2b_4)
     9    0.039909    0.135107    0.220555    5.578167 ^ _15_/Y (sky130_fd_sc_hd__nand2b_4)
                                                         _03_ (net)
                      0.135126    0.001278    5.579444 ^ _21_/S (sky130_fd_sc_hd__mux2_1)
     1    0.002656    0.054244    0.330236    5.909681 v _21_/X (sky130_fd_sc_hd__mux2_1)
                                                         net15 (net)
                      0.054244    0.000032    5.909712 v output15/A (sky130_fd_sc_hd__buf_2)
     1    0.034256    0.089291    0.184339    6.094051 v output15/X (sky130_fd_sc_hd__buf_2)
                                                         ImmExt[11] (net)
                      0.089291    0.000345    6.094396 v ImmExt[11] (out)
                                              6.094396   data arrival time

                      0.000000   25.000000   25.000000   clock __VIRTUAL_CLK__ (rise edge)
                                  0.000000   25.000000   clock network delay (ideal)
                                 -0.250000   24.750000   clock uncertainty
                                  0.000000   24.750000   clock reconvergence pessimism
                                 -5.000000   19.750000   output external delay
                                             19.750000   data required time
---------------------------------------------------------------------------------------------
                                             19.750000   data required time
                                             -6.094396   data arrival time
---------------------------------------------------------------------------------------------
                                             13.655603   slack (MET)


Startpoint: ImmSrc[0] (input port clocked by __VIRTUAL_CLK__)
Endpoint: ImmExt[7] (output port clocked by __VIRTUAL_CLK__)
Path Group: __VIRTUAL_CLK__
Path Type: max

Fanout         Cap        Slew       Delay        Time   Description
---------------------------------------------------------------------------------------------
                      0.000000    0.000000    0.000000   clock __VIRTUAL_CLK__ (rise edge)
                                  0.000000    0.000000   clock network delay (ideal)
                                  5.000000    5.000000 ^ input external delay
     1    0.002758    0.019554    0.010153    5.010153 ^ ImmSrc[0] (in)
                                                         ImmSrc[0] (net)
                      0.019554    0.000000    5.010153 ^ input1/A (sky130_fd_sc_hd__buf_1)
     3    0.010419    0.129393    0.132201    5.142354 ^ input1/X (sky130_fd_sc_hd__buf_1)
                                                         net1 (net)
                      0.129393    0.000176    5.142530 ^ fanout31/A (sky130_fd_sc_hd__buf_2)
    10    0.030034    0.150817    0.214585    5.357115 ^ fanout31/X (sky130_fd_sc_hd__buf_2)
                                                         net31 (net)
                      0.150817    0.000497    5.357612 ^ _15_/A_N (sky130_fd_sc_hd__nand2b_4)
     9    0.039909    0.135107    0.220555    5.578167 ^ _15_/Y (sky130_fd_sc_hd__nand2b_4)
                                                         _03_ (net)
                      0.135123    0.001174    5.579341 ^ _17_/S (sky130_fd_sc_hd__mux2_1)
     1    0.002215    0.051897    0.326080    5.905420 v _17_/X (sky130_fd_sc_hd__mux2_1)
                                                         net26 (net)
                      0.051897    0.000022    5.905443 v output26/A (sky130_fd_sc_hd__buf_2)
     1    0.034256    0.089298    0.183300    6.088743 v output26/X (sky130_fd_sc_hd__buf_2)
                                                         ImmExt[7] (net)
                      0.089298    0.000345    6.089087 v ImmExt[7] (out)
                                              6.089087   data arrival time

                      0.000000   25.000000   25.000000   clock __VIRTUAL_CLK__ (rise edge)
                                  0.000000   25.000000   clock network delay (ideal)
                                 -0.250000   24.750000   clock uncertainty
                                  0.000000   24.750000   clock reconvergence pessimism
                                 -5.000000   19.750000   output external delay
                                             19.750000   data required time
---------------------------------------------------------------------------------------------
                                             19.750000   data required time
                                             -6.089087   data arrival time
---------------------------------------------------------------------------------------------
                                             13.660912   slack (MET)


Startpoint: ImmSrc[0] (input port clocked by __VIRTUAL_CLK__)
Endpoint: ImmExt[8] (output port clocked by __VIRTUAL_CLK__)
Path Group: __VIRTUAL_CLK__
Path Type: max

Fanout         Cap        Slew       Delay        Time   Description
---------------------------------------------------------------------------------------------
                      0.000000    0.000000    0.000000   clock __VIRTUAL_CLK__ (rise edge)
                                  0.000000    0.000000   clock network delay (ideal)
                                  5.000000    5.000000 ^ input external delay
     1    0.002758    0.019554    0.010153    5.010153 ^ ImmSrc[0] (in)
                                                         ImmSrc[0] (net)
                      0.019554    0.000000    5.010153 ^ input1/A (sky130_fd_sc_hd__buf_1)
     3    0.010419    0.129393    0.132201    5.142354 ^ input1/X (sky130_fd_sc_hd__buf_1)
                                                         net1 (net)
                      0.129393    0.000176    5.142530 ^ fanout31/A (sky130_fd_sc_hd__buf_2)
    10    0.030034    0.150817    0.214585    5.357115 ^ fanout31/X (sky130_fd_sc_hd__buf_2)
                                                         net31 (net)
                      0.150817    0.000497    5.357612 ^ _15_/A_N (sky130_fd_sc_hd__nand2b_4)
     9    0.039909    0.135107    0.220555    5.578167 ^ _15_/Y (sky130_fd_sc_hd__nand2b_4)
                                                         _03_ (net)
                      0.135124    0.001215    5.579382 ^ _18_/S (sky130_fd_sc_hd__mux2_1)
     1    0.002090    0.051438    0.324904    5.904286 v _18_/X (sky130_fd_sc_hd__mux2_1)
                                                         net27 (net)
                      0.051438    0.000020    5.904306 v output27/A (sky130_fd_sc_hd__buf_2)
     1    0.034315    0.089434    0.183205    6.087511 v output27/X (sky130_fd_sc_hd__buf_2)
                                                         ImmExt[8] (net)
                      0.089435    0.000357    6.087868 v ImmExt[8] (out)
                                              6.087868   data arrival time

                      0.000000   25.000000   25.000000   clock __VIRTUAL_CLK__ (rise edge)
                                  0.000000   25.000000   clock network delay (ideal)
                                 -0.250000   24.750000   clock uncertainty
                                  0.000000   24.750000   clock reconvergence pessimism
                                 -5.000000   19.750000   output external delay
                                             19.750000   data required time
---------------------------------------------------------------------------------------------
                                             19.750000   data required time
                                             -6.087868   data arrival time
---------------------------------------------------------------------------------------------
                                             13.662131   slack (MET)


Startpoint: ImmSrc[0] (input port clocked by __VIRTUAL_CLK__)
Endpoint: ImmExt[10] (output port clocked by __VIRTUAL_CLK__)
Path Group: __VIRTUAL_CLK__
Path Type: max

Fanout         Cap        Slew       Delay        Time   Description
---------------------------------------------------------------------------------------------
                      0.000000    0.000000    0.000000   clock __VIRTUAL_CLK__ (rise edge)
                                  0.000000    0.000000   clock network delay (ideal)
                                  5.000000    5.000000 ^ input external delay
     1    0.002758    0.019554    0.010153    5.010153 ^ ImmSrc[0] (in)
                                                         ImmSrc[0] (net)
                      0.019554    0.000000    5.010153 ^ input1/A (sky130_fd_sc_hd__buf_1)
     3    0.010419    0.129393    0.132201    5.142354 ^ input1/X (sky130_fd_sc_hd__buf_1)
                                                         net1 (net)
                      0.129393    0.000176    5.142530 ^ fanout31/A (sky130_fd_sc_hd__buf_2)
    10    0.030034    0.150817    0.214585    5.357115 ^ fanout31/X (sky130_fd_sc_hd__buf_2)
                                                         net31 (net)
                      0.150817    0.000497    5.357612 ^ _15_/A_N (sky130_fd_sc_hd__nand2b_4)
     9    0.039909    0.135107    0.220555    5.578167 ^ _15_/Y (sky130_fd_sc_hd__nand2b_4)
                                                         _03_ (net)
                      0.135114    0.000784    5.578951 ^ _20_/S (sky130_fd_sc_hd__mux2_1)
     1    0.002166    0.051739    0.325615    5.904566 v _20_/X (sky130_fd_sc_hd__mux2_1)
                                                         net14 (net)
                      0.051739    0.000021    5.904587 v output14/A (sky130_fd_sc_hd__buf_2)
     1    0.033973    0.088616    0.182833    6.087420 v output14/X (sky130_fd_sc_hd__buf_2)
                                                         ImmExt[10] (net)
                      0.088616    0.000183    6.087604 v ImmExt[10] (out)
                                              6.087604   data arrival time

                      0.000000   25.000000   25.000000   clock __VIRTUAL_CLK__ (rise edge)
                                  0.000000   25.000000   clock network delay (ideal)
                                 -0.250000   24.750000   clock uncertainty
                                  0.000000   24.750000   clock reconvergence pessimism
                                 -5.000000   19.750000   output external delay
                                             19.750000   data required time
---------------------------------------------------------------------------------------------
                                             19.750000   data required time
                                             -6.087604   data arrival time
---------------------------------------------------------------------------------------------
                                             13.662396   slack (MET)


Startpoint: ImmSrc[0] (input port clocked by __VIRTUAL_CLK__)
Endpoint: ImmExt[12] (output port clocked by __VIRTUAL_CLK__)
Path Group: __VIRTUAL_CLK__
Path Type: max

Fanout         Cap        Slew       Delay        Time   Description
---------------------------------------------------------------------------------------------
                      0.000000    0.000000    0.000000   clock __VIRTUAL_CLK__ (rise edge)
                                  0.000000    0.000000   clock network delay (ideal)
                                  5.000000    5.000000 ^ input external delay
     1    0.002758    0.019554    0.010153    5.010153 ^ ImmSrc[0] (in)
                                                         ImmSrc[0] (net)
                      0.019554    0.000000    5.010153 ^ input1/A (sky130_fd_sc_hd__buf_1)
     3    0.010419    0.129393    0.132201    5.142354 ^ input1/X (sky130_fd_sc_hd__buf_1)
                                                         net1 (net)
                      0.129393    0.000176    5.142530 ^ fanout31/A (sky130_fd_sc_hd__buf_2)
    10    0.030034    0.150817    0.214585    5.357115 ^ fanout31/X (sky130_fd_sc_hd__buf_2)
                                                         net31 (net)
                      0.150817    0.000497    5.357612 ^ _15_/A_N (sky130_fd_sc_hd__nand2b_4)
     9    0.039909    0.135107    0.220555    5.578167 ^ _15_/Y (sky130_fd_sc_hd__nand2b_4)
                                                         _03_ (net)
                      0.135127    0.001302    5.579469 ^ _22_/S (sky130_fd_sc_hd__mux2_1)
     1    0.001915    0.050610    0.323253    5.902722 v _22_/X (sky130_fd_sc_hd__mux2_1)
                                                         net16 (net)
                      0.050610    0.000016    5.902739 v output16/A (sky130_fd_sc_hd__buf_2)
     1    0.034331    0.089473    0.182875    6.085614 v output16/X (sky130_fd_sc_hd__buf_2)
                                                         ImmExt[12] (net)
                      0.089473    0.000357    6.085971 v ImmExt[12] (out)
                                              6.085971   data arrival time

                      0.000000   25.000000   25.000000   clock __VIRTUAL_CLK__ (rise edge)
                                  0.000000   25.000000   clock network delay (ideal)
                                 -0.250000   24.750000   clock uncertainty
                                  0.000000   24.750000   clock reconvergence pessimism
                                 -5.000000   19.750000   output external delay
                                             19.750000   data required time
---------------------------------------------------------------------------------------------
                                             19.750000   data required time
                                             -6.085971   data arrival time
---------------------------------------------------------------------------------------------
                                             13.664028   slack (MET)


Startpoint: instr[15] (input port clocked by __VIRTUAL_CLK__)
Endpoint: ImmExt[2] (output port clocked by __VIRTUAL_CLK__)
Path Group: __VIRTUAL_CLK__
Path Type: max

Fanout         Cap        Slew       Delay        Time   Description
---------------------------------------------------------------------------------------------
                      0.000000    0.000000    0.000000   clock __VIRTUAL_CLK__ (rise edge)
                                  0.000000    0.000000   clock network delay (ideal)
                                  5.000000    5.000000 ^ input external delay
     1    0.002600    0.018878    0.009595    5.009594 ^ instr[15] (in)
                                                         instr[15] (net)
                      0.018878    0.000000    5.009594 ^ input8/A (sky130_fd_sc_hd__clkbuf_1)
     2    0.005888    0.078318    0.096169    5.105764 ^ input8/X (sky130_fd_sc_hd__clkbuf_1)
                                                         net8 (net)
                      0.078318    0.000063    5.105826 ^ fanout30/A (sky130_fd_sc_hd__buf_2)
    10    0.031324    0.156575    0.200708    5.306535 ^ fanout30/X (sky130_fd_sc_hd__buf_2)
                                                         net30 (net)
                      0.156575    0.000520    5.307055 ^ _10_/C_N (sky130_fd_sc_hd__nor3b_1)
     2    0.005474    0.236100    0.254413    5.561468 ^ _10_/Y (sky130_fd_sc_hd__nor3b_1)
                                                         _02_ (net)
                      0.236100    0.000020    5.561488 ^ max_cap29/A (sky130_fd_sc_hd__buf_1)
     3    0.010030    0.125571    0.176076    5.737564 ^ max_cap29/X (sky130_fd_sc_hd__buf_1)
                                                         net29 (net)
                      0.125571    0.000095    5.737659 ^ _11_/B1 (sky130_fd_sc_hd__a21o_1)
     1    0.003307    0.042063    0.100746    5.838405 ^ _11_/X (sky130_fd_sc_hd__a21o_1)
                                                         net21 (net)
                      0.042063    0.000037    5.838441 ^ output21/A (sky130_fd_sc_hd__buf_2)
     1    0.034105    0.169373    0.196593    6.035035 ^ output21/X (sky130_fd_sc_hd__buf_2)
                                                         ImmExt[2] (net)
                      0.169373    0.000242    6.035277 ^ ImmExt[2] (out)
                                              6.035277   data arrival time

                      0.000000   25.000000   25.000000   clock __VIRTUAL_CLK__ (rise edge)
                                  0.000000   25.000000   clock network delay (ideal)
                                 -0.250000   24.750000   clock uncertainty
                                  0.000000   24.750000   clock reconvergence pessimism
                                 -5.000000   19.750000   output external delay
                                             19.750000   data required time
---------------------------------------------------------------------------------------------
                                             19.750000   data required time
                                             -6.035277   data arrival time
---------------------------------------------------------------------------------------------
                                             13.714723   slack (MET)


Startpoint: instr[15] (input port clocked by __VIRTUAL_CLK__)
Endpoint: ImmExt[3] (output port clocked by __VIRTUAL_CLK__)
Path Group: __VIRTUAL_CLK__
Path Type: max

Fanout         Cap        Slew       Delay        Time   Description
---------------------------------------------------------------------------------------------
                      0.000000    0.000000    0.000000   clock __VIRTUAL_CLK__ (rise edge)
                                  0.000000    0.000000   clock network delay (ideal)
                                  5.000000    5.000000 ^ input external delay
     1    0.002600    0.018878    0.009595    5.009594 ^ instr[15] (in)
                                                         instr[15] (net)
                      0.018878    0.000000    5.009594 ^ input8/A (sky130_fd_sc_hd__clkbuf_1)
     2    0.005888    0.078318    0.096169    5.105764 ^ input8/X (sky130_fd_sc_hd__clkbuf_1)
                                                         net8 (net)
                      0.078318    0.000063    5.105826 ^ fanout30/A (sky130_fd_sc_hd__buf_2)
    10    0.031324    0.156575    0.200708    5.306535 ^ fanout30/X (sky130_fd_sc_hd__buf_2)
                                                         net30 (net)
                      0.156575    0.000520    5.307055 ^ _10_/C_N (sky130_fd_sc_hd__nor3b_1)
     2    0.005474    0.236100    0.254413    5.561468 ^ _10_/Y (sky130_fd_sc_hd__nor3b_1)
                                                         _02_ (net)
                      0.236100    0.000020    5.561488 ^ max_cap29/A (sky130_fd_sc_hd__buf_1)
     3    0.010030    0.125571    0.176076    5.737564 ^ max_cap29/X (sky130_fd_sc_hd__buf_1)
                                                         net29 (net)
                      0.125571    0.000104    5.737668 ^ _12_/B1 (sky130_fd_sc_hd__a21o_1)
     1    0.003104    0.040553    0.099435    5.837103 ^ _12_/X (sky130_fd_sc_hd__a21o_1)
                                                         net22 (net)
                      0.040553    0.000042    5.837145 ^ output22/A (sky130_fd_sc_hd__buf_2)
     1    0.033920    0.168499    0.195457    6.032601 ^ output22/X (sky130_fd_sc_hd__buf_2)
                                                         ImmExt[3] (net)
                      0.168499    0.000165    6.032766 ^ ImmExt[3] (out)
                                              6.032766   data arrival time

                      0.000000   25.000000   25.000000   clock __VIRTUAL_CLK__ (rise edge)
                                  0.000000   25.000000   clock network delay (ideal)
                                 -0.250000   24.750000   clock uncertainty
                                  0.000000   24.750000   clock reconvergence pessimism
                                 -5.000000   19.750000   output external delay
                                             19.750000   data required time
---------------------------------------------------------------------------------------------
                                             19.750000   data required time
                                             -6.032766   data arrival time
---------------------------------------------------------------------------------------------
                                             13.717233   slack (MET)


Startpoint: instr[15] (input port clocked by __VIRTUAL_CLK__)
Endpoint: ImmExt[5] (output port clocked by __VIRTUAL_CLK__)
Path Group: __VIRTUAL_CLK__
Path Type: max

Fanout         Cap        Slew       Delay        Time   Description
---------------------------------------------------------------------------------------------
                      0.000000    0.000000    0.000000   clock __VIRTUAL_CLK__ (rise edge)
                                  0.000000    0.000000   clock network delay (ideal)
                                  5.000000    5.000000 ^ input external delay
     1    0.002600    0.018878    0.009595    5.009594 ^ instr[15] (in)
                                                         instr[15] (net)
                      0.018878    0.000000    5.009594 ^ input8/A (sky130_fd_sc_hd__clkbuf_1)
     2    0.005888    0.078318    0.096169    5.105764 ^ input8/X (sky130_fd_sc_hd__clkbuf_1)
                                                         net8 (net)
                      0.078318    0.000063    5.105826 ^ fanout30/A (sky130_fd_sc_hd__buf_2)
    10    0.031324    0.156575    0.200708    5.306535 ^ fanout30/X (sky130_fd_sc_hd__buf_2)
                                                         net30 (net)
                      0.156575    0.000520    5.307055 ^ _10_/C_N (sky130_fd_sc_hd__nor3b_1)
     2    0.005474    0.236100    0.254413    5.561468 ^ _10_/Y (sky130_fd_sc_hd__nor3b_1)
                                                         _02_ (net)
                      0.236100    0.000020    5.561488 ^ max_cap29/A (sky130_fd_sc_hd__buf_1)
     3    0.010030    0.125571    0.176076    5.737564 ^ max_cap29/X (sky130_fd_sc_hd__buf_1)
                                                         net29 (net)
                      0.125571    0.000071    5.737635 ^ _14_/B1 (sky130_fd_sc_hd__a21o_1)
     1    0.002782    0.038168    0.097363    5.834998 ^ _14_/X (sky130_fd_sc_hd__a21o_1)
                                                         net24 (net)
                      0.038168    0.000024    5.835022 ^ output24/A (sky130_fd_sc_hd__buf_2)
     1    0.034102    0.169345    0.195094    6.030117 ^ output24/X (sky130_fd_sc_hd__buf_2)
                                                         ImmExt[5] (net)
                      0.169345    0.000242    6.030359 ^ ImmExt[5] (out)
                                              6.030359   data arrival time

                      0.000000   25.000000   25.000000   clock __VIRTUAL_CLK__ (rise edge)
                                  0.000000   25.000000   clock network delay (ideal)
                                 -0.250000   24.750000   clock uncertainty
                                  0.000000   24.750000   clock reconvergence pessimism
                                 -5.000000   19.750000   output external delay
                                             19.750000   data required time
---------------------------------------------------------------------------------------------
                                             19.750000   data required time
                                             -6.030359   data arrival time
---------------------------------------------------------------------------------------------
                                             13.719641   slack (MET)


Startpoint: ImmSrc[0] (input port clocked by __VIRTUAL_CLK__)
Endpoint: ImmExt[1] (output port clocked by __VIRTUAL_CLK__)
Path Group: __VIRTUAL_CLK__
Path Type: max

Fanout         Cap        Slew       Delay        Time   Description
---------------------------------------------------------------------------------------------
                      0.000000    0.000000    0.000000   clock __VIRTUAL_CLK__ (rise edge)
                                  0.000000    0.000000   clock network delay (ideal)
                                  5.000000    5.000000 v input external delay
     1    0.002582    0.008129    0.004051    5.004051 v ImmSrc[0] (in)
                                                         ImmSrc[0] (net)
                      0.008129    0.000000    5.004051 v input1/A (sky130_fd_sc_hd__buf_1)
     3    0.010008    0.064497    0.104738    5.108788 v input1/X (sky130_fd_sc_hd__buf_1)
                                                         net1 (net)
                      0.064497    0.000168    5.108956 v fanout31/A (sky130_fd_sc_hd__buf_2)
    10    0.028221    0.076463    0.177649    5.286605 v fanout31/X (sky130_fd_sc_hd__buf_2)
                                                         net31 (net)
                      0.076464    0.000369    5.286974 v _08_/B (sky130_fd_sc_hd__or3b_1)
     1    0.002064    0.060608    0.343990    5.630964 v _08_/X (sky130_fd_sc_hd__or3b_1)
                                                         _01_ (net)
                      0.060608    0.000018    5.630982 v _09_/B1_N (sky130_fd_sc_hd__a21bo_1)
     1    0.003187    0.039918    0.178097    5.809079 ^ _09_/X (sky130_fd_sc_hd__a21bo_1)
                                                         net20 (net)
                      0.039918    0.000035    5.809114 ^ output20/A (sky130_fd_sc_hd__buf_2)
     1    0.033910    0.168451    0.195178    6.004292 ^ output20/X (sky130_fd_sc_hd__buf_2)
                                                         ImmExt[1] (net)
                      0.168451    0.000166    6.004457 ^ ImmExt[1] (out)
                                              6.004457   data arrival time

                      0.000000   25.000000   25.000000   clock __VIRTUAL_CLK__ (rise edge)
                                  0.000000   25.000000   clock network delay (ideal)
                                 -0.250000   24.750000   clock uncertainty
                                  0.000000   24.750000   clock reconvergence pessimism
                                 -5.000000   19.750000   output external delay
                                             19.750000   data required time
---------------------------------------------------------------------------------------------
                                             19.750000   data required time
                                             -6.004457   data arrival time
---------------------------------------------------------------------------------------------
                                             13.745542   slack (MET)


Startpoint: ImmSrc[0] (input port clocked by __VIRTUAL_CLK__)
Endpoint: ImmExt[0] (output port clocked by __VIRTUAL_CLK__)
Path Group: __VIRTUAL_CLK__
Path Type: max

Fanout         Cap        Slew       Delay        Time   Description
---------------------------------------------------------------------------------------------
                      0.000000    0.000000    0.000000   clock __VIRTUAL_CLK__ (rise edge)
                                  0.000000    0.000000   clock network delay (ideal)
                                  5.000000    5.000000 v input external delay
     1    0.002582    0.008129    0.004051    5.004051 v ImmSrc[0] (in)
                                                         ImmSrc[0] (net)
                      0.008129    0.000000    5.004051 v input1/A (sky130_fd_sc_hd__buf_1)
     3    0.010008    0.064497    0.104738    5.108788 v input1/X (sky130_fd_sc_hd__buf_1)
                                                         net1 (net)
                      0.064497    0.000168    5.108956 v fanout31/A (sky130_fd_sc_hd__buf_2)
    10    0.028221    0.076463    0.177649    5.286605 v fanout31/X (sky130_fd_sc_hd__buf_2)
                                                         net31 (net)
                      0.076463    0.000137    5.286742 v _06_/B (sky130_fd_sc_hd__or3b_1)
     1    0.001770    0.059850    0.340788    5.627530 v _06_/X (sky130_fd_sc_hd__or3b_1)
                                                         _00_ (net)
                      0.059850    0.000006    5.627536 v _07_/B1_N (sky130_fd_sc_hd__a21bo_1)
     1    0.003257    0.040416    0.178200    5.805736 ^ _07_/X (sky130_fd_sc_hd__a21bo_1)
                                                         net13 (net)
                      0.040416    0.000045    5.805781 ^ output13/A (sky130_fd_sc_hd__buf_2)
     1    0.034251    0.170047    0.196379    6.002160 ^ output13/X (sky130_fd_sc_hd__buf_2)
                                                         ImmExt[0] (net)
                      0.170047    0.000345    6.002505 ^ ImmExt[0] (out)
                                              6.002505   data arrival time

                      0.000000   25.000000   25.000000   clock __VIRTUAL_CLK__ (rise edge)
                                  0.000000   25.000000   clock network delay (ideal)
                                 -0.250000   24.750000   clock uncertainty
                                  0.000000   24.750000   clock reconvergence pessimism
                                 -5.000000   19.750000   output external delay
                                             19.750000   data required time
---------------------------------------------------------------------------------------------
                                             19.750000   data required time
                                             -6.002505   data arrival time
---------------------------------------------------------------------------------------------
                                             13.747494   slack (MET)


Startpoint: ImmSrc[0] (input port clocked by __VIRTUAL_CLK__)
Endpoint: ImmExt[14] (output port clocked by __VIRTUAL_CLK__)
Path Group: __VIRTUAL_CLK__
Path Type: max

Fanout         Cap        Slew       Delay        Time   Description
---------------------------------------------------------------------------------------------
                      0.000000    0.000000    0.000000   clock __VIRTUAL_CLK__ (rise edge)
                                  0.000000    0.000000   clock network delay (ideal)
                                  5.000000    5.000000 ^ input external delay
     1    0.002758    0.019554    0.010153    5.010153 ^ ImmSrc[0] (in)
                                                         ImmSrc[0] (net)
                      0.019554    0.000000    5.010153 ^ input1/A (sky130_fd_sc_hd__buf_1)
     3    0.010419    0.129393    0.132201    5.142354 ^ input1/X (sky130_fd_sc_hd__buf_1)
                                                         net1 (net)
                      0.129393    0.000176    5.142530 ^ fanout31/A (sky130_fd_sc_hd__buf_2)
    10    0.030034    0.150817    0.214585    5.357115 ^ fanout31/X (sky130_fd_sc_hd__buf_2)
                                                         net31 (net)
                      0.150817    0.000497    5.357612 ^ _15_/A_N (sky130_fd_sc_hd__nand2b_4)
     9    0.039909    0.135107    0.220555    5.578167 ^ _15_/Y (sky130_fd_sc_hd__nand2b_4)
                                                         _03_ (net)
                      0.135111    0.000574    5.578741 ^ _26_/A2 (sky130_fd_sc_hd__a21o_1)
     1    0.003417    0.042944    0.133033    5.711774 ^ _26_/X (sky130_fd_sc_hd__a21o_1)
                                                         net18 (net)
                      0.042944    0.000044    5.711818 ^ output18/A (sky130_fd_sc_hd__buf_2)
     1    0.033914    0.168467    0.196353    5.908171 ^ output18/X (sky130_fd_sc_hd__buf_2)
                                                         ImmExt[14] (net)
                      0.168467    0.000166    5.908336 ^ ImmExt[14] (out)
                                              5.908336   data arrival time

                      0.000000   25.000000   25.000000   clock __VIRTUAL_CLK__ (rise edge)
                                  0.000000   25.000000   clock network delay (ideal)
                                 -0.250000   24.750000   clock uncertainty
                                  0.000000   24.750000   clock reconvergence pessimism
                                 -5.000000   19.750000   output external delay
                                             19.750000   data required time
---------------------------------------------------------------------------------------------
                                             19.750000   data required time
                                             -5.908336   data arrival time
---------------------------------------------------------------------------------------------
                                             13.841663   slack (MET)


Startpoint: ImmSrc[0] (input port clocked by __VIRTUAL_CLK__)
Endpoint: ImmExt[13] (output port clocked by __VIRTUAL_CLK__)
Path Group: __VIRTUAL_CLK__
Path Type: max

Fanout         Cap        Slew       Delay        Time   Description
---------------------------------------------------------------------------------------------
                      0.000000    0.000000    0.000000   clock __VIRTUAL_CLK__ (rise edge)
                                  0.000000    0.000000   clock network delay (ideal)
                                  5.000000    5.000000 ^ input external delay
     1    0.002758    0.019554    0.010153    5.010153 ^ ImmSrc[0] (in)
                                                         ImmSrc[0] (net)
                      0.019554    0.000000    5.010153 ^ input1/A (sky130_fd_sc_hd__buf_1)
     3    0.010419    0.129393    0.132201    5.142354 ^ input1/X (sky130_fd_sc_hd__buf_1)
                                                         net1 (net)
                      0.129393    0.000176    5.142530 ^ fanout31/A (sky130_fd_sc_hd__buf_2)
    10    0.030034    0.150817    0.214585    5.357115 ^ fanout31/X (sky130_fd_sc_hd__buf_2)
                                                         net31 (net)
                      0.150817    0.000497    5.357612 ^ _15_/A_N (sky130_fd_sc_hd__nand2b_4)
     9    0.039909    0.135107    0.220555    5.578167 ^ _15_/Y (sky130_fd_sc_hd__nand2b_4)
                                                         _03_ (net)
                      0.135109    0.000428    5.578595 ^ _24_/A2 (sky130_fd_sc_hd__a21o_1)
     1    0.003009    0.039913    0.130222    5.708817 ^ _24_/X (sky130_fd_sc_hd__a21o_1)
                                                         net17 (net)
                      0.039913    0.000039    5.708856 ^ output17/A (sky130_fd_sc_hd__buf_2)
     1    0.034240    0.169995    0.196143    5.904999 ^ output17/X (sky130_fd_sc_hd__buf_2)
                                                         ImmExt[13] (net)
                      0.169995    0.000352    5.905351 ^ ImmExt[13] (out)
                                              5.905351   data arrival time

                      0.000000   25.000000   25.000000   clock __VIRTUAL_CLK__ (rise edge)
                                  0.000000   25.000000   clock network delay (ideal)
                                 -0.250000   24.750000   clock uncertainty
                                  0.000000   24.750000   clock reconvergence pessimism
                                 -5.000000   19.750000   output external delay
                                             19.750000   data required time
---------------------------------------------------------------------------------------------
                                             19.750000   data required time
                                             -5.905351   data arrival time
---------------------------------------------------------------------------------------------
                                             13.844648   slack (MET)


Startpoint: instr[15] (input port clocked by __VIRTUAL_CLK__)
Endpoint: ImmExt[4] (output port clocked by __VIRTUAL_CLK__)
Path Group: __VIRTUAL_CLK__
Path Type: max

Fanout         Cap        Slew       Delay        Time   Description
---------------------------------------------------------------------------------------------
                      0.000000    0.000000    0.000000   clock __VIRTUAL_CLK__ (rise edge)
                                  0.000000    0.000000   clock network delay (ideal)
                                  5.000000    5.000000 ^ input external delay
     1    0.002600    0.018878    0.009595    5.009594 ^ instr[15] (in)
                                                         instr[15] (net)
                      0.018878    0.000000    5.009594 ^ input8/A (sky130_fd_sc_hd__clkbuf_1)
     2    0.005888    0.078318    0.096169    5.105764 ^ input8/X (sky130_fd_sc_hd__clkbuf_1)
                                                         net8 (net)
                      0.078318    0.000063    5.105826 ^ fanout30/A (sky130_fd_sc_hd__buf_2)
    10    0.031324    0.156575    0.200708    5.306535 ^ fanout30/X (sky130_fd_sc_hd__buf_2)
                                                         net30 (net)
                      0.156575    0.000520    5.307055 ^ _10_/C_N (sky130_fd_sc_hd__nor3b_1)
     2    0.005474    0.236100    0.254413    5.561468 ^ _10_/Y (sky130_fd_sc_hd__nor3b_1)
                                                         _02_ (net)
                      0.236100    0.000029    5.561497 ^ _13_/B1 (sky130_fd_sc_hd__a21o_1)
     1    0.003058    0.040613    0.115266    5.676762 ^ _13_/X (sky130_fd_sc_hd__a21o_1)
                                                         net23 (net)
                      0.040613    0.000040    5.676803 ^ output23/A (sky130_fd_sc_hd__buf_2)
     1    0.034102    0.169339    0.196031    5.872834 ^ output23/X (sky130_fd_sc_hd__buf_2)
                                                         ImmExt[4] (net)
                      0.169339    0.000242    5.873076 ^ ImmExt[4] (out)
                                              5.873076   data arrival time

                      0.000000   25.000000   25.000000   clock __VIRTUAL_CLK__ (rise edge)
                                  0.000000   25.000000   clock network delay (ideal)
                                 -0.250000   24.750000   clock uncertainty
                                  0.000000   24.750000   clock reconvergence pessimism
                                 -5.000000   19.750000   output external delay
                                             19.750000   data required time
---------------------------------------------------------------------------------------------
                                             19.750000   data required time
                                             -5.873076   data arrival time
---------------------------------------------------------------------------------------------
                                             13.876924   slack (MET)


Startpoint: instr[15] (input port clocked by __VIRTUAL_CLK__)
Endpoint: ImmExt[15] (output port clocked by __VIRTUAL_CLK__)
Path Group: __VIRTUAL_CLK__
Path Type: max

Fanout         Cap        Slew       Delay        Time   Description
---------------------------------------------------------------------------------------------
                      0.000000    0.000000    0.000000   clock __VIRTUAL_CLK__ (rise edge)
                                  0.000000    0.000000   clock network delay (ideal)
                                  5.000000    5.000000 ^ input external delay
     1    0.002600    0.018878    0.009595    5.009594 ^ instr[15] (in)
                                                         instr[15] (net)
                      0.018878    0.000000    5.009594 ^ input8/A (sky130_fd_sc_hd__clkbuf_1)
     2    0.005888    0.078318    0.096169    5.105764 ^ input8/X (sky130_fd_sc_hd__clkbuf_1)
                                                         net8 (net)
                      0.078318    0.000046    5.105810 ^ _27_/A (sky130_fd_sc_hd__clkbuf_1)
     1    0.001984    0.036923    0.083271    5.189080 ^ _27_/X (sky130_fd_sc_hd__clkbuf_1)
                                                         net19 (net)
                      0.036923    0.000009    5.189089 ^ output19/A (sky130_fd_sc_hd__buf_2)
     1    0.033934    0.168555    0.194107    5.383196 ^ output19/X (sky130_fd_sc_hd__buf_2)
                                                         ImmExt[15] (net)
                      0.168555    0.000174    5.383370 ^ ImmExt[15] (out)
                                              5.383370   data arrival time

                      0.000000   25.000000   25.000000   clock __VIRTUAL_CLK__ (rise edge)
                                  0.000000   25.000000   clock network delay (ideal)
                                 -0.250000   24.750000   clock uncertainty
                                  0.000000   24.750000   clock reconvergence pessimism
                                 -5.000000   19.750000   output external delay
                                             19.750000   data required time
---------------------------------------------------------------------------------------------
                                             19.750000   data required time
                                             -5.383370   data arrival time
---------------------------------------------------------------------------------------------
                                             14.366630   slack (MET)



