
==========================================================================
resizer report_tns
--------------------------------------------------------------------------
tns max 0.00

==========================================================================
resizer report_wns
--------------------------------------------------------------------------
wns max 0.00

==========================================================================
resizer report_worst_slack
--------------------------------------------------------------------------
worst slack max 6.60

==========================================================================
resizer report_clock_min_period
--------------------------------------------------------------------------
virt period_min = 3.40 fmax = 293.76

==========================================================================
resizer report_checks -path_delay min
--------------------------------------------------------------------------
Startpoint: memory[5][14]$_DFFE_PP_
            (rising edge-triggered flip-flop clocked by virt)
Endpoint: mem_read_data[14] (output port clocked by virt)
Path Group: virt
Path Type: min

Fanout     Cap    Slew   Delay    Time   Description
-----------------------------------------------------------------------------
                  0.00    0.00    0.00   clock virt (rise edge)
                          0.00    0.00   clock network delay (ideal)
                  0.00    0.00    0.00 ^ memory[5][14]$_DFFE_PP_/CLK (sky130_fd_sc_hd__edfxtp_1)
     1    0.00    0.04    0.29    0.29 ^ memory[5][14]$_DFFE_PP_/Q (sky130_fd_sc_hd__edfxtp_1)
                                         memory[5][14] (net)
                  0.04    0.00    0.29 ^ _245_/A1 (sky130_fd_sc_hd__mux2_2)
     1    0.00    0.04    0.14    0.43 ^ _245_/X (sky130_fd_sc_hd__mux2_2)
                                         _076_ (net)
                  0.04    0.00    0.43 ^ _246_/B (sky130_fd_sc_hd__nand2_1)
     1    0.00    0.03    0.05    0.47 v _246_/Y (sky130_fd_sc_hd__nand2_1)
                                         _077_ (net)
                  0.03    0.00    0.47 v _253_/A1 (sky130_fd_sc_hd__a31oi_1)
     1    0.00    0.13    0.14    0.62 ^ _253_/Y (sky130_fd_sc_hd__a31oi_1)
                                         net27 (net)
                  0.13    0.00    0.62 ^ output27/A (sky130_fd_sc_hd__clkdlybuf4s50_1)
     1    0.00    0.04    0.48    1.10 ^ output27/X (sky130_fd_sc_hd__clkdlybuf4s50_1)
                                         mem_read_data[14] (net)
                  0.04    0.00    1.10 ^ mem_read_data[14] (out)
                                  1.10   data arrival time

                  0.00    0.00    0.00   clock virt (rise edge)
                          0.00    0.00   clock network delay (ideal)
                          0.00    0.00   clock reconvergence pessimism
                         -2.00   -2.00   output external delay
                                 -2.00   data required time
-----------------------------------------------------------------------------
                                 -2.00   data required time
                                 -1.10   data arrival time
-----------------------------------------------------------------------------
                                  3.10   slack (MET)



==========================================================================
resizer report_checks -path_delay max
--------------------------------------------------------------------------
Startpoint: memory[0][12]$_DFFE_PP_
            (rising edge-triggered flip-flop clocked by virt)
Endpoint: mem_read_data[12] (output port clocked by virt)
Path Group: virt
Path Type: max

Fanout     Cap    Slew   Delay    Time   Description
-----------------------------------------------------------------------------
                  0.00    0.00    0.00   clock virt (rise edge)
                          0.00    0.00   clock network delay (ideal)
                  0.00    0.00    0.00 ^ memory[0][12]$_DFFE_PP_/CLK (sky130_fd_sc_hd__edfxtp_1)
     1    0.00    0.06    0.33    0.33 v memory[0][12]$_DFFE_PP_/Q (sky130_fd_sc_hd__edfxtp_1)
                                         memory[0][12] (net)
                  0.06    0.00    0.33 v _229_/A0 (sky130_fd_sc_hd__mux2_2)
     1    0.00    0.05    0.26    0.59 v _229_/X (sky130_fd_sc_hd__mux2_2)
                                         _062_ (net)
                  0.05    0.00    0.59 v _231_/A2 (sky130_fd_sc_hd__a22oi_1)
     1    0.01    0.23    0.24    0.82 ^ _231_/Y (sky130_fd_sc_hd__a22oi_1)
                                         _064_ (net)
                  0.23    0.00    0.82 ^ _235_/A2 (sky130_fd_sc_hd__a31oi_1)
     1    0.01    0.10    0.15    0.97 v _235_/Y (sky130_fd_sc_hd__a31oi_1)
                                         net25 (net)
                  0.10    0.00    0.97 v output25/A (sky130_fd_sc_hd__clkdlybuf4s50_1)
     1    0.00    0.04    0.43    1.40 v output25/X (sky130_fd_sc_hd__clkdlybuf4s50_1)
                                         mem_read_data[12] (net)
                  0.04    0.00    1.40 v mem_read_data[12] (out)
                                  1.40   data arrival time

                  0.00   10.00   10.00   clock virt (rise edge)
                          0.00   10.00   clock network delay (ideal)
                          0.00   10.00   clock reconvergence pessimism
                         -2.00    8.00   output external delay
                                  8.00   data required time
-----------------------------------------------------------------------------
                                  8.00   data required time
                                 -1.40   data arrival time
-----------------------------------------------------------------------------
                                  6.60   slack (MET)



==========================================================================
resizer report_checks -unconstrained
--------------------------------------------------------------------------
Startpoint: memory[0][12]$_DFFE_PP_
            (rising edge-triggered flip-flop clocked by virt)
Endpoint: mem_read_data[12] (output port clocked by virt)
Path Group: virt
Path Type: max

Fanout     Cap    Slew   Delay    Time   Description
-----------------------------------------------------------------------------
                  0.00    0.00    0.00   clock virt (rise edge)
                          0.00    0.00   clock network delay (ideal)
                  0.00    0.00    0.00 ^ memory[0][12]$_DFFE_PP_/CLK (sky130_fd_sc_hd__edfxtp_1)
     1    0.00    0.06    0.33    0.33 v memory[0][12]$_DFFE_PP_/Q (sky130_fd_sc_hd__edfxtp_1)
                                         memory[0][12] (net)
                  0.06    0.00    0.33 v _229_/A0 (sky130_fd_sc_hd__mux2_2)
     1    0.00    0.05    0.26    0.59 v _229_/X (sky130_fd_sc_hd__mux2_2)
                                         _062_ (net)
                  0.05    0.00    0.59 v _231_/A2 (sky130_fd_sc_hd__a22oi_1)
     1    0.01    0.23    0.24    0.82 ^ _231_/Y (sky130_fd_sc_hd__a22oi_1)
                                         _064_ (net)
                  0.23    0.00    0.82 ^ _235_/A2 (sky130_fd_sc_hd__a31oi_1)
     1    0.01    0.10    0.15    0.97 v _235_/Y (sky130_fd_sc_hd__a31oi_1)
                                         net25 (net)
                  0.10    0.00    0.97 v output25/A (sky130_fd_sc_hd__clkdlybuf4s50_1)
     1    0.00    0.04    0.43    1.40 v output25/X (sky130_fd_sc_hd__clkdlybuf4s50_1)
                                         mem_read_data[12] (net)
                  0.04    0.00    1.40 v mem_read_data[12] (out)
                                  1.40   data arrival time

                  0.00   10.00   10.00   clock virt (rise edge)
                          0.00   10.00   clock network delay (ideal)
                          0.00   10.00   clock reconvergence pessimism
                         -2.00    8.00   output external delay
                                  8.00   data required time
-----------------------------------------------------------------------------
                                  8.00   data required time
                                 -1.40   data arrival time
-----------------------------------------------------------------------------
                                  6.60   slack (MET)



==========================================================================
resizer report_check_types -max_slew -max_cap -max_fanout -violators
--------------------------------------------------------------------------

==========================================================================
resizer max_slew_check_slack
--------------------------------------------------------------------------
0.7328681945800781

==========================================================================
resizer max_slew_check_limit
--------------------------------------------------------------------------
1.4953149557113647

==========================================================================
resizer max_slew_check_slack_limit
--------------------------------------------------------------------------
0.4901

==========================================================================
resizer max_fanout_check_slack
--------------------------------------------------------------------------
1.0000000150474662e+30

==========================================================================
resizer max_fanout_check_limit
--------------------------------------------------------------------------
1.0000000150474662e+30

==========================================================================
resizer max_capacitance_check_slack
--------------------------------------------------------------------------
0.04466898739337921

==========================================================================
resizer max_capacitance_check_limit
--------------------------------------------------------------------------
0.08240699768066406

==========================================================================
resizer max_capacitance_check_slack_limit
--------------------------------------------------------------------------
0.5421

==========================================================================
resizer max_slew_violation_count
--------------------------------------------------------------------------
max slew violation count 0

==========================================================================
resizer max_fanout_violation_count
--------------------------------------------------------------------------
max fanout violation count 0

==========================================================================
resizer max_cap_violation_count
--------------------------------------------------------------------------
max cap violation count 0

==========================================================================
resizer setup_violation_count
--------------------------------------------------------------------------
setup violation count 0

==========================================================================
resizer hold_violation_count
--------------------------------------------------------------------------
hold violation count 0

==========================================================================
resizer report_checks -path_delay max reg to reg
--------------------------------------------------------------------------
No paths found.

==========================================================================
resizer report_checks -path_delay min reg to reg
--------------------------------------------------------------------------
No paths found.

==========================================================================
resizer critical path target clock latency max path
--------------------------------------------------------------------------
0

==========================================================================
resizer critical path target clock latency min path
--------------------------------------------------------------------------
0

==========================================================================
resizer critical path source clock latency min path
--------------------------------------------------------------------------
0

==========================================================================
resizer critical path delay
--------------------------------------------------------------------------
1.4042

==========================================================================
resizer critical path slack
--------------------------------------------------------------------------
6.5958

==========================================================================
resizer slack div critical path delay
--------------------------------------------------------------------------
469.719413

==========================================================================
resizer report_power
--------------------------------------------------------------------------
Group                  Internal  Switching    Leakage      Total
                          Power      Power      Power      Power (Watts)
----------------------------------------------------------------
Sequential             6.20e-04   2.68e-06   1.16e-09   6.23e-04  88.4%
Combinational          3.79e-05   4.39e-05   6.43e-10   8.18e-05  11.6%
Clock                  0.00e+00   0.00e+00   0.00e+00   0.00e+00   0.0%
Macro                  0.00e+00   0.00e+00   0.00e+00   0.00e+00   0.0%
Pad                    0.00e+00   0.00e+00   0.00e+00   0.00e+00   0.0%
----------------------------------------------------------------
Total                  6.58e-04   4.66e-05   1.81e-09   7.04e-04 100.0%
                          93.4%       6.6%       0.0%
