
==========================================================================
global route report_tns
--------------------------------------------------------------------------
tns max 0.00

==========================================================================
global route report_wns
--------------------------------------------------------------------------
wns max 0.00

==========================================================================
global route report_worst_slack
--------------------------------------------------------------------------
worst slack max 6.07

==========================================================================
global route report_clock_min_period
--------------------------------------------------------------------------
virt period_min = 3.93 fmax = 254.25

==========================================================================
global route report_clock_skew
--------------------------------------------------------------------------
Clock virt
No launch/capture paths found.


==========================================================================
global route report_checks -path_delay min
--------------------------------------------------------------------------
Startpoint: memory[5][4]$_DFFE_PP_
            (rising edge-triggered flip-flop clocked by virt)
Endpoint: mem_read_data[4] (output port clocked by virt)
Path Group: virt
Path Type: min

Fanout     Cap    Slew   Delay    Time   Description
-----------------------------------------------------------------------------
                          0.00    0.00   clock virt (rise edge)
                          0.00    0.00   clock source latency
     1    0.03    0.00    0.00    0.00 ^ clk (in)
                                         clk (net)
                  0.00    0.00    0.00 ^ clkbuf_0_clk/A (sky130_fd_sc_hd__clkbuf_16)
    16    0.18    0.20    0.23    0.23 ^ clkbuf_0_clk/X (sky130_fd_sc_hd__clkbuf_16)
                                         clknet_0_clk (net)
                  0.20    0.00    0.23 ^ clkbuf_4_14_0_clk/A (sky130_fd_sc_hd__clkbuf_16)
     8    0.03    0.06    0.19    0.42 ^ clkbuf_4_14_0_clk/X (sky130_fd_sc_hd__clkbuf_16)
                                         clknet_4_14_0_clk (net)
                  0.06    0.00    0.42 ^ memory[5][4]$_DFFE_PP_/CLK (sky130_fd_sc_hd__edfxtp_1)
     1    0.00    0.05    0.32    0.73 ^ memory[5][4]$_DFFE_PP_/Q (sky130_fd_sc_hd__edfxtp_1)
                                         memory[5][4] (net)
                  0.05    0.00    0.73 ^ _290_/A1 (sky130_fd_sc_hd__mux2_2)
     1    0.00    0.04    0.14    0.87 ^ _290_/X (sky130_fd_sc_hd__mux2_2)
                                         _116_ (net)
                  0.04    0.00    0.87 ^ _291_/B (sky130_fd_sc_hd__nand2_1)
     1    0.00    0.03    0.05    0.92 v _291_/Y (sky130_fd_sc_hd__nand2_1)
                                         _117_ (net)
                  0.03    0.00    0.92 v _298_/A1 (sky130_fd_sc_hd__a31oi_1)
     1    0.01    0.14    0.15    1.07 ^ _298_/Y (sky130_fd_sc_hd__a31oi_1)
                                         net32 (net)
                  0.14    0.00    1.07 ^ output32/A (sky130_fd_sc_hd__clkdlybuf4s50_1)
     1    0.00    0.04    0.49    1.56 ^ output32/X (sky130_fd_sc_hd__clkdlybuf4s50_1)
                                         mem_read_data[4] (net)
                  0.04    0.00    1.56 ^ mem_read_data[4] (out)
                                  1.56   data arrival time

                          0.00    0.00   clock virt (rise edge)
                          0.00    0.00   clock network delay (propagated)
                          0.00    0.00   clock reconvergence pessimism
                         -2.00   -2.00   output external delay
                                 -2.00   data required time
-----------------------------------------------------------------------------
                                 -2.00   data required time
                                 -1.56   data arrival time
-----------------------------------------------------------------------------
                                  3.56   slack (MET)



==========================================================================
global route report_checks -path_delay max
--------------------------------------------------------------------------
Startpoint: memory[0][12]$_DFFE_PP_
            (rising edge-triggered flip-flop clocked by virt)
Endpoint: mem_read_data[12] (output port clocked by virt)
Path Group: virt
Path Type: max

Fanout     Cap    Slew   Delay    Time   Description
-----------------------------------------------------------------------------
                          0.00    0.00   clock virt (rise edge)
                          0.00    0.00   clock source latency
     1    0.03    0.00    0.00    0.00 ^ clk (in)
                                         clk (net)
                  0.00    0.00    0.00 ^ clkbuf_0_clk/A (sky130_fd_sc_hd__clkbuf_16)
    16    0.18    0.20    0.23    0.23 ^ clkbuf_0_clk/X (sky130_fd_sc_hd__clkbuf_16)
                                         clknet_0_clk (net)
                  0.20    0.00    0.23 ^ clkbuf_4_9_0_clk/A (sky130_fd_sc_hd__clkbuf_16)
     6    0.03    0.05    0.19    0.42 ^ clkbuf_4_9_0_clk/X (sky130_fd_sc_hd__clkbuf_16)
                                         clknet_4_9_0_clk (net)
                  0.05    0.00    0.42 ^ memory[0][12]$_DFFE_PP_/CLK (sky130_fd_sc_hd__edfxtp_1)
     1    0.00    0.08    0.37    0.79 v memory[0][12]$_DFFE_PP_/Q (sky130_fd_sc_hd__edfxtp_1)
                                         memory[0][12] (net)
                  0.08    0.00    0.79 v _229_/A0 (sky130_fd_sc_hd__mux2_2)
     1    0.00    0.05    0.27    1.05 v _229_/X (sky130_fd_sc_hd__mux2_2)
                                         _062_ (net)
                  0.05    0.00    1.05 v _231_/A2 (sky130_fd_sc_hd__a22oi_1)
     1    0.01    0.26    0.26    1.31 ^ _231_/Y (sky130_fd_sc_hd__a22oi_1)
                                         _064_ (net)
                  0.26    0.00    1.31 ^ _235_/A2 (sky130_fd_sc_hd__a31oi_1)
     1    0.01    0.11    0.16    1.47 v _235_/Y (sky130_fd_sc_hd__a31oi_1)
                                         net25 (net)
                  0.11    0.00    1.47 v output25/A (sky130_fd_sc_hd__clkdlybuf4s50_1)
     1    0.00    0.06    0.46    1.93 v output25/X (sky130_fd_sc_hd__clkdlybuf4s50_1)
                                         mem_read_data[12] (net)
                  0.06    0.00    1.93 v mem_read_data[12] (out)
                                  1.93   data arrival time

                         10.00   10.00   clock virt (rise edge)
                          0.00   10.00   clock network delay (propagated)
                          0.00   10.00   clock reconvergence pessimism
                         -2.00    8.00   output external delay
                                  8.00   data required time
-----------------------------------------------------------------------------
                                  8.00   data required time
                                 -1.93   data arrival time
-----------------------------------------------------------------------------
                                  6.07   slack (MET)



==========================================================================
global route report_checks -unconstrained
--------------------------------------------------------------------------
Startpoint: memory[0][12]$_DFFE_PP_
            (rising edge-triggered flip-flop clocked by virt)
Endpoint: mem_read_data[12] (output port clocked by virt)
Path Group: virt
Path Type: max

Fanout     Cap    Slew   Delay    Time   Description
-----------------------------------------------------------------------------
                          0.00    0.00   clock virt (rise edge)
                          0.00    0.00   clock source latency
     1    0.03    0.00    0.00    0.00 ^ clk (in)
                                         clk (net)
                  0.00    0.00    0.00 ^ clkbuf_0_clk/A (sky130_fd_sc_hd__clkbuf_16)
    16    0.18    0.20    0.23    0.23 ^ clkbuf_0_clk/X (sky130_fd_sc_hd__clkbuf_16)
                                         clknet_0_clk (net)
                  0.20    0.00    0.23 ^ clkbuf_4_9_0_clk/A (sky130_fd_sc_hd__clkbuf_16)
     6    0.03    0.05    0.19    0.42 ^ clkbuf_4_9_0_clk/X (sky130_fd_sc_hd__clkbuf_16)
                                         clknet_4_9_0_clk (net)
                  0.05    0.00    0.42 ^ memory[0][12]$_DFFE_PP_/CLK (sky130_fd_sc_hd__edfxtp_1)
     1    0.00    0.08    0.37    0.79 v memory[0][12]$_DFFE_PP_/Q (sky130_fd_sc_hd__edfxtp_1)
                                         memory[0][12] (net)
                  0.08    0.00    0.79 v _229_/A0 (sky130_fd_sc_hd__mux2_2)
     1    0.00    0.05    0.27    1.05 v _229_/X (sky130_fd_sc_hd__mux2_2)
                                         _062_ (net)
                  0.05    0.00    1.05 v _231_/A2 (sky130_fd_sc_hd__a22oi_1)
     1    0.01    0.26    0.26    1.31 ^ _231_/Y (sky130_fd_sc_hd__a22oi_1)
                                         _064_ (net)
                  0.26    0.00    1.31 ^ _235_/A2 (sky130_fd_sc_hd__a31oi_1)
     1    0.01    0.11    0.16    1.47 v _235_/Y (sky130_fd_sc_hd__a31oi_1)
                                         net25 (net)
                  0.11    0.00    1.47 v output25/A (sky130_fd_sc_hd__clkdlybuf4s50_1)
     1    0.00    0.06    0.46    1.93 v output25/X (sky130_fd_sc_hd__clkdlybuf4s50_1)
                                         mem_read_data[12] (net)
                  0.06    0.00    1.93 v mem_read_data[12] (out)
                                  1.93   data arrival time

                         10.00   10.00   clock virt (rise edge)
                          0.00   10.00   clock network delay (propagated)
                          0.00   10.00   clock reconvergence pessimism
                         -2.00    8.00   output external delay
                                  8.00   data required time
-----------------------------------------------------------------------------
                                  8.00   data required time
                                 -1.93   data arrival time
-----------------------------------------------------------------------------
                                  6.07   slack (MET)



==========================================================================
global route report_check_types -max_slew -max_cap -max_fanout -violators
--------------------------------------------------------------------------

==========================================================================
global route max_slew_check_slack
--------------------------------------------------------------------------
0.6486236453056335

==========================================================================
global route max_slew_check_limit
--------------------------------------------------------------------------
1.4953149557113647

==========================================================================
global route max_slew_check_slack_limit
--------------------------------------------------------------------------
0.4338

==========================================================================
global route max_fanout_check_slack
--------------------------------------------------------------------------
1.0000000150474662e+30

==========================================================================
global route max_fanout_check_limit
--------------------------------------------------------------------------
1.0000000150474662e+30

==========================================================================
global route max_capacitance_check_slack
--------------------------------------------------------------------------
0.04370173066854477

==========================================================================
global route max_capacitance_check_limit
--------------------------------------------------------------------------
0.05036399886012077

==========================================================================
global route max_capacitance_check_slack_limit
--------------------------------------------------------------------------
0.8677

==========================================================================
global route max_slew_violation_count
--------------------------------------------------------------------------
max slew violation count 0

==========================================================================
global route max_fanout_violation_count
--------------------------------------------------------------------------
max fanout violation count 0

==========================================================================
global route max_cap_violation_count
--------------------------------------------------------------------------
max cap violation count 0

==========================================================================
global route setup_violation_count
--------------------------------------------------------------------------
setup violation count 0

==========================================================================
global route hold_violation_count
--------------------------------------------------------------------------
hold violation count 0

==========================================================================
global route report_checks -path_delay max reg to reg
--------------------------------------------------------------------------
No paths found.

==========================================================================
global route report_checks -path_delay min reg to reg
--------------------------------------------------------------------------
No paths found.

==========================================================================
global route critical path target clock latency max path
--------------------------------------------------------------------------
0

==========================================================================
global route critical path target clock latency min path
--------------------------------------------------------------------------
0

==========================================================================
global route critical path source clock latency min path
--------------------------------------------------------------------------
0

==========================================================================
global route critical path delay
--------------------------------------------------------------------------
1.9331

==========================================================================
global route critical path slack
--------------------------------------------------------------------------
6.0669

==========================================================================
global route slack div critical path delay
--------------------------------------------------------------------------
313.843050

==========================================================================
global route report_power
--------------------------------------------------------------------------
Group                  Internal  Switching    Leakage      Total
                          Power      Power      Power      Power (Watts)
----------------------------------------------------------------
Sequential             6.09e-04   4.67e-06   1.16e-09   6.14e-04  45.3%
Combinational          3.81e-05   5.15e-05   6.43e-10   8.97e-05   6.6%
Clock                  4.12e-04   2.41e-04   2.90e-10   6.53e-04  48.1%
Macro                  0.00e+00   0.00e+00   0.00e+00   0.00e+00   0.0%
Pad                    0.00e+00   0.00e+00   0.00e+00   0.00e+00   0.0%
----------------------------------------------------------------
Total                  1.06e-03   2.97e-04   2.10e-09   1.36e-03 100.0%
                          78.1%      21.9%       0.0%
