Reading timing models for corner nom_tt_025C_1v80…
Reading timing library for the 'nom_tt_025C_1v80' corner at '/home/githi/.volare/volare/sky130/versions/0fe599b2afb6708d281543108caf8310912f54af/sky130A/libs.ref/sky130_fd_sc_hd/lib/sky130_fd_sc_hd__tt_025C_1v80.lib'…
Reading timing models for corner nom_ff_n40C_1v95…
Reading timing library for the 'nom_ff_n40C_1v95' corner at '/home/githi/.volare/volare/sky130/versions/0fe599b2afb6708d281543108caf8310912f54af/sky130A/libs.ref/sky130_fd_sc_hd/lib/sky130_fd_sc_hd__ff_n40C_1v95.lib'…
Reading timing models for corner nom_ss_100C_1v60…
Reading timing library for the 'nom_ss_100C_1v60' corner at '/home/githi/.volare/volare/sky130/versions/0fe599b2afb6708d281543108caf8310912f54af/sky130A/libs.ref/sky130_fd_sc_hd/lib/sky130_fd_sc_hd__ss_100C_1v60.lib'…
Reading OpenROAD database at '/home/githi/openlane2/my_designs/Register_file/runs/RUN_2025-11-16_16-40-53/33-openroad-detailedplacement/Register_file.odb'…
Reading design constraints file at '/nix/store/hp4xwjqw4rax5g0gz3fivr2n1hy2sig4-python3-3.11.9-env/lib/python3.11/site-packages/openlane/scripts/base.sdc'…
[INFO] Using clock clk…
[INFO] Setting output delay to: 5
[INFO] Setting input delay to: 5
[INFO] Setting load to: 0.033442
[INFO] Setting clock uncertainty to: 0.25
[INFO] Setting clock transition to: 0.1499999999999999944488848768742172978818416595458984375
[INFO] Setting timing derate to: 5%
[INFO] Setting RC values…
[INFO] Configuring cts characterization…
[INFO] Performing clock tree synthesis…
[INFO] Looking for the following net(s): clk
[INFO] Running Clock Tree Synthesis…
[INFO CTS-0050] Root buffer is sky130_fd_sc_hd__clkbuf_16.
[INFO CTS-0051] Sink buffer is sky130_fd_sc_hd__clkbuf_8.
[INFO CTS-0052] The following clock buffers will be used for CTS:
                    sky130_fd_sc_hd__clkbuf_2
                    sky130_fd_sc_hd__clkbuf_4
                    sky130_fd_sc_hd__clkbuf_8
[INFO CTS-0049] Characterization buffer is sky130_fd_sc_hd__clkbuf_8.
[INFO CTS-0007] Net "clk" found for clock "clk".
[INFO CTS-0010]  Clock net "clk" has 112 sinks.
[INFO CTS-0008] TritonCTS found 1 clock nets.
[INFO CTS-0097] Characterization used 3 buffer(s) types.
[INFO CTS-0200] 0 placement blockages have been identified.
[INFO CTS-0201] 0 placed hard macros will be treated like blockages.
[INFO CTS-0027] Generating H-Tree topology for net clk.
[INFO CTS-0028]  Total number of sinks: 112.
[INFO CTS-0029]  Sinks will be clustered in groups of up to 25 and with maximum cluster diameter of 50.0 um.
[INFO CTS-0030]  Number of static layers: 0.
[INFO CTS-0020]  Wire segment unit: 13600  dbu (13 um).
[INFO CTS-0023]  Original sink region: [(7165, 15020), (104155, 110100)].
[INFO CTS-0024]  Normalized sink region: [(0.526838, 1.10441), (7.65846, 8.09559)].
[INFO CTS-0025]     Width:  7.1316.
[INFO CTS-0026]     Height: 6.9912.
 Level 1
    Direction: Horizontal
    Sinks per sub-region: 56
    Sub-region size: 3.5658 X 6.9912
[INFO CTS-0034]     Segment length (rounded): 2.
 Level 2
    Direction: Vertical
    Sinks per sub-region: 28
    Sub-region size: 3.5658 X 3.4956
[INFO CTS-0034]     Segment length (rounded): 1.
 Level 3
    Direction: Horizontal
    Sinks per sub-region: 14
    Sub-region size: 1.7829 X 3.4956
[INFO CTS-0034]     Segment length (rounded): 1.
[INFO CTS-0032]  Stop criterion found. Max number of sinks is 15.
[INFO CTS-0035]  Number of sinks covered: 112.
[INFO CTS-0018]     Created 9 clock buffers.
[INFO CTS-0012]     Minimum number of buffers in the clock path: 2.
[INFO CTS-0013]     Maximum number of buffers in the clock path: 2.
[INFO CTS-0015]     Created 9 clock nets.
[INFO CTS-0016]     Fanout distribution for the current clock = 12:1, 13:3, 14:2, 16:1, 17:1..
[INFO CTS-0017]     Max level of the clock tree: 3.
[INFO CTS-0098] Clock net "clk"
[INFO CTS-0099]  Sinks 119
[INFO CTS-0100]  Leaf buffers 0
[INFO CTS-0101]  Average sink wire length 164.67 um
[INFO CTS-0102]  Path depth 2 - 2
[INFO CTS-0207]  Leaf load cells 7
[INFO] Repairing long wires on clock nets…
[INFO RSZ-0058] Using max wire length 6335um.
Setting global connections for newly added cells…
[INFO] Setting global connections...
Updating metrics…
Cell type report:                       Count       Area
  Fill cell                                78     292.78
  Tap cell                                164     205.20
  Clock buffer                             10     232.72
  Timing Repair Buffer                    100     619.34
  Clock inverter                            6     107.60
  Sequential cell                         112    2242.15
  Multi-Input combinational cell          286    3301.92
  Total                                   756    7001.72
Writing OpenROAD database to '/home/githi/openlane2/my_designs/Register_file/runs/RUN_2025-11-16_16-40-53/34-openroad-cts/Register_file.odb'…
Writing netlist to '/home/githi/openlane2/my_designs/Register_file/runs/RUN_2025-11-16_16-40-53/34-openroad-cts/Register_file.nl.v'…
Writing powered netlist to '/home/githi/openlane2/my_designs/Register_file/runs/RUN_2025-11-16_16-40-53/34-openroad-cts/Register_file.pnl.v'…
Writing layout to '/home/githi/openlane2/my_designs/Register_file/runs/RUN_2025-11-16_16-40-53/34-openroad-cts/Register_file.def'…
Writing timing constraints to '/home/githi/openlane2/my_designs/Register_file/runs/RUN_2025-11-16_16-40-53/34-openroad-cts/Register_file.sdc'…
[INFO] Legalizing…
Placement Analysis
---------------------------------
total displacement        281.8 u
average displacement        0.4 u
max displacement           10.9 u
original HPWL           11739.7 u
legalized HPWL          12239.2 u
delta HPWL                    4 %

[INFO DPL-0020] Mirrored 136 instances
[INFO DPL-0021] HPWL before           12239.2 u
[INFO DPL-0022] HPWL after            11958.3 u
[INFO DPL-0023] HPWL delta               -2.3 %
Setting global connections for newly added cells…
[INFO] Setting global connections...
Updating metrics…
Cell type report:                       Count       Area
  Fill cell                                78     292.78
  Tap cell                                164     205.20
  Clock buffer                             10     232.72
  Timing Repair Buffer                    100     619.34
  Clock inverter                            6     107.60
  Sequential cell                         112    2242.15
  Multi-Input combinational cell          286    3301.92
  Total                                   756    7001.72
Writing OpenROAD database to '/home/githi/openlane2/my_designs/Register_file/runs/RUN_2025-11-16_16-40-53/34-openroad-cts/Register_file.odb'…
Writing netlist to '/home/githi/openlane2/my_designs/Register_file/runs/RUN_2025-11-16_16-40-53/34-openroad-cts/Register_file.nl.v'…
Writing powered netlist to '/home/githi/openlane2/my_designs/Register_file/runs/RUN_2025-11-16_16-40-53/34-openroad-cts/Register_file.pnl.v'…
Writing layout to '/home/githi/openlane2/my_designs/Register_file/runs/RUN_2025-11-16_16-40-53/34-openroad-cts/Register_file.def'…
Writing timing constraints to '/home/githi/openlane2/my_designs/Register_file/runs/RUN_2025-11-16_16-40-53/34-openroad-cts/Register_file.sdc'…
%OL_CREATE_REPORT cts.rpt
[INFO CTS-0003] Total number of Clock Roots: 1.
[INFO CTS-0004] Total number of Buffers Inserted: 9.
[INFO CTS-0005] Total number of Clock Subnets: 9.
[INFO CTS-0006] Total number of Sinks: 112.
%OL_END_REPORT
