Clock: clk
Sources: clk 
Generated: no
Virtual: yes
Propagated: no
Period: 25.000000

===========================================================================
report_clock_properties
============================================================================
Clock                   Period          Waveform
----------------------------------------------------
clk                  25.000000    0.000000 12.500000

===========================================================================
report_clock_latency
============================================================================
Clock clk
rise -> rise
    min     max
0.000000 0.000000 source latency
0.399010         network latency _565_/CLK
        0.404071 network latency _572_/CLK
---------------
0.399010 0.404071 latency
        0.005061 skew

fall -> fall
    min     max
0.000000 0.000000 source latency
0.358876         network latency _565_/CLK
        0.363129 network latency _572_/CLK
---------------
0.358876 0.363129 latency
        0.004253 skew



===========================================================================
report_clock_min_period
============================================================================
clk period_min = 1.49 fmax = 670.65
