Reading OpenROAD database at '/Users/talhaibrahim/my_designs/SignExtender/runs/RUN_2025-11-13_18-01-06/18-openroad-tapendcapinsertion/Sign_Extender.odb'…
Reading library file at '/Users/talhaibrahim/.volare/volare/sky130/versions/0fe599b2afb6708d281543108caf8310912f54af/sky130A/libs.ref/sky130_fd_sc_hd/lib/sky130_fd_sc_hd__tt_025C_1v80.lib'…
Reading design constraints file at '/nix/store/b5k0h8cjlpypdp7lb98p9n8qqanyralc-python3-3.11.9-env/lib/python3.11/site-packages/openlane/scripts/base.sdc'…
[WARNING STA-0366] port '__VIRTUAL_CLK__' not found.
[INFO] Using clock __VIRTUAL_CLK__…
[INFO] Setting output delay to: 5
[INFO] Setting input delay to: 5
[WARNING STA-0366] port '__VIRTUAL_CLK__' not found.
[INFO] Setting load to: 0.033442
[INFO] Setting clock uncertainty to: 0.25
[INFO] Setting clock transition to: 0.1499999999999999944488848768742172978818416595458984375
[WARNING STA-0419] transition time can not be specified for virtual clocks.
[INFO] Setting timing derate to: 5%
[WARNING STA-0450] virtual clock __VIRTUAL_CLK__ can not be propagated.
[INFO] Setting global connections...
[INFO PDN-0001] Inserting grid: stdcell_grid
Setting global connections for newly added cells…
[INFO] Setting global connections...
Updating metrics…
Cell type report:                       Count       Area
  Fill cell                                34     127.62
  Tap cell                                 28      35.03
  Buffer                                    1       5.00
  Multi-Input combinational cell           21     210.20
  Total                                    84     377.86
Writing OpenROAD database to '/Users/talhaibrahim/my_designs/SignExtender/runs/RUN_2025-11-13_18-01-06/20-openroad-generatepdn/Sign_Extender.odb'…
Writing netlist to '/Users/talhaibrahim/my_designs/SignExtender/runs/RUN_2025-11-13_18-01-06/20-openroad-generatepdn/Sign_Extender.nl.v'…
Writing powered netlist to '/Users/talhaibrahim/my_designs/SignExtender/runs/RUN_2025-11-13_18-01-06/20-openroad-generatepdn/Sign_Extender.pnl.v'…
Writing layout to '/Users/talhaibrahim/my_designs/SignExtender/runs/RUN_2025-11-13_18-01-06/20-openroad-generatepdn/Sign_Extender.def'…
Writing timing constraints to '/Users/talhaibrahim/my_designs/SignExtender/runs/RUN_2025-11-13_18-01-06/20-openroad-generatepdn/Sign_Extender.sdc'…
[INFO PSM-0040] All shapes on net VPWR are connected.
[INFO PSM-0040] All shapes on net VGND are connected.
