
===========================================================================
report_checks -path_delay min (Hold)
============================================================================
======================= nom_ff_n40C_1v95 Corner ===================================

Startpoint: SrcA[0] (input port clocked by __VIRTUAL_CLK__)
Endpoint: ALU_result[0] (output port clocked by __VIRTUAL_CLK__)
Path Group: __VIRTUAL_CLK__
Path Type: min

Fanout         Cap        Slew       Delay        Time   Description
---------------------------------------------------------------------------------------------
                      0.000000    0.000000    0.000000   clock __VIRTUAL_CLK__ (rise edge)
                                  0.000000    0.000000   clock network delay (ideal)
                                  5.000000    5.000000 ^ input external delay
     8    0.023110    0.083454    0.055949    5.055949 ^ SrcA[0] (in)
                                                         SrcA[0] (net)
                      0.083454    0.000000    5.055949 ^ _415_/A1 (sky130_fd_sc_hd__a211o_2)
     2    0.035045    0.129097    0.159804    5.215753 ^ _415_/X (sky130_fd_sc_hd__a211o_2)
                                                         ALU_result[0] (net)
                      0.129097    0.000000    5.215753 ^ ALU_result[0] (out)
                                              5.215753   data arrival time

                      0.000000    0.000000    0.000000   clock __VIRTUAL_CLK__ (rise edge)
                                  0.000000    0.000000   clock network delay (ideal)
                                  0.250000    0.250000   clock uncertainty
                                  0.000000    0.250000   clock reconvergence pessimism
                                 -5.000000   -4.750000   output external delay
                                             -4.750000   data required time
---------------------------------------------------------------------------------------------
                                             -4.750000   data required time
                                             -5.215753   data arrival time
---------------------------------------------------------------------------------------------
                                              9.965753   slack (MET)


Startpoint: ALU_control[2] (input port clocked by __VIRTUAL_CLK__)
Endpoint: ALU_result[1] (output port clocked by __VIRTUAL_CLK__)
Path Group: __VIRTUAL_CLK__
Path Type: min

Fanout         Cap        Slew       Delay        Time   Description
---------------------------------------------------------------------------------------------
                      0.000000    0.000000    0.000000   clock __VIRTUAL_CLK__ (rise edge)
                                  0.000000    0.000000   clock network delay (ideal)
                                  5.000000    5.000000 v input external delay
     9    0.021439    0.034215    0.022577    5.022578 v ALU_control[2] (in)
                                                         ALU_control[2] (net)
                      0.034215    0.000000    5.022578 v _385_/B (sky130_fd_sc_hd__nand3b_2)
     5    0.018311    0.086294    0.091926    5.114504 ^ _385_/Y (sky130_fd_sc_hd__nand3b_2)
                                                         _340_ (net)
                      0.086294    0.000000    5.114504 ^ _443_/B2 (sky130_fd_sc_hd__o22a_2)
     1    0.004614    0.026641    0.071529    5.186033 ^ _443_/X (sky130_fd_sc_hd__o22a_2)
                                                         _021_ (net)
                      0.026641    0.000000    5.186033 ^ _444_/B (sky130_fd_sc_hd__nand2_2)
     2    0.035130    0.091095    0.082767    5.268800 v _444_/Y (sky130_fd_sc_hd__nand2_2)
                                                         ALU_result[1] (net)
                      0.091095    0.000000    5.268800 v ALU_result[1] (out)
                                              5.268800   data arrival time

                      0.000000    0.000000    0.000000   clock __VIRTUAL_CLK__ (rise edge)
                                  0.000000    0.000000   clock network delay (ideal)
                                  0.250000    0.250000   clock uncertainty
                                  0.000000    0.250000   clock reconvergence pessimism
                                 -5.000000   -4.750000   output external delay
                                             -4.750000   data required time
---------------------------------------------------------------------------------------------
                                             -4.750000   data required time
                                             -5.268800   data arrival time
---------------------------------------------------------------------------------------------
                                             10.018801   slack (MET)


Startpoint: SrcA[6] (input port clocked by __VIRTUAL_CLK__)
Endpoint: ALU_result[6] (output port clocked by __VIRTUAL_CLK__)
Path Group: __VIRTUAL_CLK__
Path Type: min

Fanout         Cap        Slew       Delay        Time   Description
---------------------------------------------------------------------------------------------
                      0.000000    0.000000    0.000000   clock __VIRTUAL_CLK__ (rise edge)
                                  0.000000    0.000000   clock network delay (ideal)
                                  5.000000    5.000000 v input external delay
    16    0.042193    0.065291    0.045556    5.045556 v SrcA[6] (in)
                                                         SrcA[6] (net)
                      0.065291    0.000000    5.045556 v _575_/B1 (sky130_fd_sc_hd__a21oi_2)
     1    0.002523    0.038242    0.053893    5.099449 ^ _575_/Y (sky130_fd_sc_hd__a21oi_2)
                                                         _148_ (net)
                      0.038242    0.000000    5.099449 ^ _577_/A2 (sky130_fd_sc_hd__o311a_2)
     1    0.004594    0.029767    0.103241    5.202690 ^ _577_/X (sky130_fd_sc_hd__o311a_2)
                                                         _150_ (net)
                      0.029767    0.000000    5.202690 ^ _578_/B1 (sky130_fd_sc_hd__o21ai_2)
     2    0.034879    0.074601    0.066981    5.269670 v _578_/Y (sky130_fd_sc_hd__o21ai_2)
                                                         ALU_result[6] (net)
                      0.074601    0.000000    5.269670 v ALU_result[6] (out)
                                              5.269670   data arrival time

                      0.000000    0.000000    0.000000   clock __VIRTUAL_CLK__ (rise edge)
                                  0.000000    0.000000   clock network delay (ideal)
                                  0.250000    0.250000   clock uncertainty
                                  0.000000    0.250000   clock reconvergence pessimism
                                 -5.000000   -4.750000   output external delay
                                             -4.750000   data required time
---------------------------------------------------------------------------------------------
                                             -4.750000   data required time
                                             -5.269670   data arrival time
---------------------------------------------------------------------------------------------
                                             10.019670   slack (MET)


Startpoint: SrcA[8] (input port clocked by __VIRTUAL_CLK__)
Endpoint: ALU_result[8] (output port clocked by __VIRTUAL_CLK__)
Path Group: __VIRTUAL_CLK__
Path Type: min

Fanout         Cap        Slew       Delay        Time   Description
---------------------------------------------------------------------------------------------
                      0.000000    0.000000    0.000000   clock __VIRTUAL_CLK__ (rise edge)
                                  0.000000    0.000000   clock network delay (ideal)
                                  5.000000    5.000000 v input external delay
    13    0.028558    0.044875    0.030460    5.030460 v SrcA[8] (in)
                                                         SrcA[8] (net)
                      0.044875    0.000000    5.030460 v _621_/A (sky130_fd_sc_hd__nand2_2)
     2    0.004102    0.027956    0.041632    5.072092 ^ _621_/Y (sky130_fd_sc_hd__nand2_2)
                                                         _192_ (net)
                      0.027956    0.000000    5.072092 ^ _622_/B1 (sky130_fd_sc_hd__o211a_2)
     1    0.002561    0.025701    0.077836    5.149928 ^ _622_/X (sky130_fd_sc_hd__o211a_2)
                                                         _193_ (net)
                      0.025701    0.000000    5.149928 ^ _623_/C1 (sky130_fd_sc_hd__a211o_2)
     2    0.035127    0.129408    0.130200    5.280128 ^ _623_/X (sky130_fd_sc_hd__a211o_2)
                                                         ALU_result[8] (net)
                      0.129408    0.000000    5.280128 ^ ALU_result[8] (out)
                                              5.280128   data arrival time

                      0.000000    0.000000    0.000000   clock __VIRTUAL_CLK__ (rise edge)
                                  0.000000    0.000000   clock network delay (ideal)
                                  0.250000    0.250000   clock uncertainty
                                  0.000000    0.250000   clock reconvergence pessimism
                                 -5.000000   -4.750000   output external delay
                                             -4.750000   data required time
---------------------------------------------------------------------------------------------
                                             -4.750000   data required time
                                             -5.280128   data arrival time
---------------------------------------------------------------------------------------------
                                             10.030128   slack (MET)


Startpoint: SrcA[12] (input port clocked by __VIRTUAL_CLK__)
Endpoint: ALU_result[13] (output port clocked by __VIRTUAL_CLK__)
Path Group: __VIRTUAL_CLK__
Path Type: min

Fanout         Cap        Slew       Delay        Time   Description
---------------------------------------------------------------------------------------------
                      0.000000    0.000000    0.000000   clock __VIRTUAL_CLK__ (rise edge)
                                  0.000000    0.000000   clock network delay (ideal)
                                  5.000000    5.000000 v input external delay
    15    0.032373    0.050587    0.034683    5.034684 v SrcA[12] (in)
                                                         SrcA[12] (net)
                      0.050587    0.000000    5.034684 v _686_/A (sky130_fd_sc_hd__nand2_2)
     4    0.013411    0.060146    0.068745    5.103428 ^ _686_/Y (sky130_fd_sc_hd__nand2_2)
                                                         _253_ (net)
                      0.060146    0.000000    5.103428 ^ _711_/A1 (sky130_fd_sc_hd__a31o_2)
     1    0.004721    0.029764    0.090344    5.193773 ^ _711_/X (sky130_fd_sc_hd__a31o_2)
                                                         _277_ (net)
                      0.029764    0.000000    5.193773 ^ _723_/A2 (sky130_fd_sc_hd__o21ai_2)
     2    0.037574    0.080033    0.088114    5.281887 v _723_/Y (sky130_fd_sc_hd__o21ai_2)
                                                         ALU_result[13] (net)
                      0.080033    0.000000    5.281887 v ALU_result[13] (out)
                                              5.281887   data arrival time

                      0.000000    0.000000    0.000000   clock __VIRTUAL_CLK__ (rise edge)
                                  0.000000    0.000000   clock network delay (ideal)
                                  0.250000    0.250000   clock uncertainty
                                  0.000000    0.250000   clock reconvergence pessimism
                                 -5.000000   -4.750000   output external delay
                                             -4.750000   data required time
---------------------------------------------------------------------------------------------
                                             -4.750000   data required time
                                             -5.281887   data arrival time
---------------------------------------------------------------------------------------------
                                             10.031887   slack (MET)


Startpoint: SrcA[9] (input port clocked by __VIRTUAL_CLK__)
Endpoint: ALU_result[9] (output port clocked by __VIRTUAL_CLK__)
Path Group: __VIRTUAL_CLK__
Path Type: min

Fanout         Cap        Slew       Delay        Time   Description
---------------------------------------------------------------------------------------------
                      0.000000    0.000000    0.000000   clock __VIRTUAL_CLK__ (rise edge)
                                  0.000000    0.000000   clock network delay (ideal)
                                  5.000000    5.000000 v input external delay
    12    0.024200    0.038350    0.025635    5.025635 v SrcA[9] (in)
                                                         SrcA[9] (net)
                      0.038350    0.000000    5.025635 v _380_/A (sky130_fd_sc_hd__inv_2)
     5    0.017270    0.064054    0.065258    5.090893 ^ _380_/Y (sky130_fd_sc_hd__inv_2)
                                                         _335_ (net)
                      0.064054    0.000000    5.090893 ^ _626_/A (sky130_fd_sc_hd__xnor2_2)
     3    0.007158    0.032774    0.049455    5.140348 v _626_/Y (sky130_fd_sc_hd__xnor2_2)
                                                         _196_ (net)
                      0.032774    0.000000    5.140348 v _628_/B1 (sky130_fd_sc_hd__a21oi_2)
     1    0.004684    0.047593    0.050689    5.191037 ^ _628_/Y (sky130_fd_sc_hd__a21oi_2)
                                                         _198_ (net)
                      0.047593    0.000000    5.191037 ^ _639_/A3 (sky130_fd_sc_hd__o31ai_2)
     2    0.034970    0.070370    0.092355    5.283391 v _639_/Y (sky130_fd_sc_hd__o31ai_2)
                                                         ALU_result[9] (net)
                      0.070370    0.000000    5.283391 v ALU_result[9] (out)
                                              5.283391   data arrival time

                      0.000000    0.000000    0.000000   clock __VIRTUAL_CLK__ (rise edge)
                                  0.000000    0.000000   clock network delay (ideal)
                                  0.250000    0.250000   clock uncertainty
                                  0.000000    0.250000   clock reconvergence pessimism
                                 -5.000000   -4.750000   output external delay
                                             -4.750000   data required time
---------------------------------------------------------------------------------------------
                                             -4.750000   data required time
                                             -5.283391   data arrival time
---------------------------------------------------------------------------------------------
                                             10.033391   slack (MET)


Startpoint: SrcA[15] (input port clocked by __VIRTUAL_CLK__)
Endpoint: ALU_result[15] (output port clocked by __VIRTUAL_CLK__)
Path Group: __VIRTUAL_CLK__
Path Type: min

Fanout         Cap        Slew       Delay        Time   Description
---------------------------------------------------------------------------------------------
                      0.000000    0.000000    0.000000   clock __VIRTUAL_CLK__ (rise edge)
                                  0.000000    0.000000   clock network delay (ideal)
                                  5.000000    5.000000 v input external delay
    15    0.036868    0.057318    0.039660    5.039660 v SrcA[15] (in)
                                                         SrcA[15] (net)
                      0.057318    0.000000    5.039660 v _757_/A1 (sky130_fd_sc_hd__a21oi_2)
     1    0.002470    0.033303    0.078841    5.118501 ^ _757_/Y (sky130_fd_sc_hd__a21oi_2)
                                                         _321_ (net)
                      0.033303    0.000000    5.118501 ^ _761_/B1 (sky130_fd_sc_hd__o211a_2)
     2    0.006286    0.040814    0.092240    5.210742 ^ _761_/X (sky130_fd_sc_hd__o211a_2)
                                                         _325_ (net)
                      0.040814    0.000000    5.210742 ^ _762_/B (sky130_fd_sc_hd__nand2_2)
     1    0.033442    0.087444    0.083220    5.293961 v _762_/Y (sky130_fd_sc_hd__nand2_2)
                                                         ALU_result[15] (net)
                      0.087444    0.000000    5.293961 v ALU_result[15] (out)
                                              5.293961   data arrival time

                      0.000000    0.000000    0.000000   clock __VIRTUAL_CLK__ (rise edge)
                                  0.000000    0.000000   clock network delay (ideal)
                                  0.250000    0.250000   clock uncertainty
                                  0.000000    0.250000   clock reconvergence pessimism
                                 -5.000000   -4.750000   output external delay
                                             -4.750000   data required time
---------------------------------------------------------------------------------------------
                                             -4.750000   data required time
                                             -5.293961   data arrival time
---------------------------------------------------------------------------------------------
                                             10.043961   slack (MET)


Startpoint: ALU_control[3] (input port clocked by __VIRTUAL_CLK__)
Endpoint: ALU_result[10] (output port clocked by __VIRTUAL_CLK__)
Path Group: __VIRTUAL_CLK__
Path Type: min

Fanout         Cap        Slew       Delay        Time   Description
---------------------------------------------------------------------------------------------
                      0.000000    0.000000    0.000000   clock __VIRTUAL_CLK__ (rise edge)
                                  0.000000    0.000000   clock network delay (ideal)
                                  5.000000    5.000000 ^ input external delay
     9    0.020818    0.075817    0.050624    5.050624 ^ ALU_control[3] (in)
                                                         ALU_control[3] (net)
                      0.075817    0.000000    5.050624 ^ _417_/C (sky130_fd_sc_hd__or3_2)
     7    0.022652    0.090512    0.127504    5.178128 ^ _417_/X (sky130_fd_sc_hd__or3_2)
                                                         _371_ (net)
                      0.090512    0.000000    5.178128 ^ _662_/A1 (sky130_fd_sc_hd__o31ai_2)
     2    0.034969    0.070592    0.116403    5.294531 v _662_/Y (sky130_fd_sc_hd__o31ai_2)
                                                         ALU_result[10] (net)
                      0.070592    0.000000    5.294531 v ALU_result[10] (out)
                                              5.294531   data arrival time

                      0.000000    0.000000    0.000000   clock __VIRTUAL_CLK__ (rise edge)
                                  0.000000    0.000000   clock network delay (ideal)
                                  0.250000    0.250000   clock uncertainty
                                  0.000000    0.250000   clock reconvergence pessimism
                                 -5.000000   -4.750000   output external delay
                                             -4.750000   data required time
---------------------------------------------------------------------------------------------
                                             -4.750000   data required time
                                             -5.294531   data arrival time
---------------------------------------------------------------------------------------------
                                             10.044531   slack (MET)


Startpoint: SrcA[4] (input port clocked by __VIRTUAL_CLK__)
Endpoint: ALU_result[4] (output port clocked by __VIRTUAL_CLK__)
Path Group: __VIRTUAL_CLK__
Path Type: min

Fanout         Cap        Slew       Delay        Time   Description
---------------------------------------------------------------------------------------------
                      0.000000    0.000000    0.000000   clock __VIRTUAL_CLK__ (rise edge)
                                  0.000000    0.000000   clock network delay (ideal)
                                  5.000000    5.000000 v input external delay
    14    0.038688    0.060043    0.041675    5.041675 v SrcA[4] (in)
                                                         SrcA[4] (net)
                      0.060043    0.000000    5.041675 v _525_/A1 (sky130_fd_sc_hd__o21ai_2)
     1    0.004704    0.032886    0.101486    5.143161 ^ _525_/Y (sky130_fd_sc_hd__o21ai_2)
                                                         _100_ (net)
                      0.032886    0.000000    5.143161 ^ _526_/A2 (sky130_fd_sc_hd__o211ai_2)
     1    0.002268    0.020743    0.036679    5.179840 v _526_/Y (sky130_fd_sc_hd__o211ai_2)
                                                         _101_ (net)
                      0.020743    0.000000    5.179840 v _527_/B1 (sky130_fd_sc_hd__a31o_2)
     2    0.037615    0.070859    0.128253    5.308092 v _527_/X (sky130_fd_sc_hd__a31o_2)
                                                         ALU_result[4] (net)
                      0.070859    0.000000    5.308092 v ALU_result[4] (out)
                                              5.308092   data arrival time

                      0.000000    0.000000    0.000000   clock __VIRTUAL_CLK__ (rise edge)
                                  0.000000    0.000000   clock network delay (ideal)
                                  0.250000    0.250000   clock uncertainty
                                  0.000000    0.250000   clock reconvergence pessimism
                                 -5.000000   -4.750000   output external delay
                                             -4.750000   data required time
---------------------------------------------------------------------------------------------
                                             -4.750000   data required time
                                             -5.308092   data arrival time
---------------------------------------------------------------------------------------------
                                             10.058092   slack (MET)


Startpoint: SrcA[6] (input port clocked by __VIRTUAL_CLK__)
Endpoint: ALU_result[7] (output port clocked by __VIRTUAL_CLK__)
Path Group: __VIRTUAL_CLK__
Path Type: min

Fanout         Cap        Slew       Delay        Time   Description
---------------------------------------------------------------------------------------------
                      0.000000    0.000000    0.000000   clock __VIRTUAL_CLK__ (rise edge)
                                  0.000000    0.000000   clock network delay (ideal)
                                  5.000000    5.000000 v input external delay
    16    0.042193    0.065291    0.045556    5.045556 v SrcA[6] (in)
                                                         SrcA[6] (net)
                      0.065291    0.000000    5.045556 v _556_/A (sky130_fd_sc_hd__nand2_2)
     2    0.006878    0.040378    0.057026    5.102582 ^ _556_/Y (sky130_fd_sc_hd__nand2_2)
                                                         _129_ (net)
                      0.040378    0.000000    5.102582 ^ _582_/A (sky130_fd_sc_hd__nand3_2)
     1    0.002262    0.024085    0.027586    5.130168 v _582_/Y (sky130_fd_sc_hd__nand3_2)
                                                         _154_ (net)
                      0.024085    0.000000    5.130168 v _597_/A2 (sky130_fd_sc_hd__a31o_2)
     2    0.034929    0.067023    0.200042    5.330210 v _597_/X (sky130_fd_sc_hd__a31o_2)
                                                         ALU_result[7] (net)
                      0.067023    0.000000    5.330210 v ALU_result[7] (out)
                                              5.330210   data arrival time

                      0.000000    0.000000    0.000000   clock __VIRTUAL_CLK__ (rise edge)
                                  0.000000    0.000000   clock network delay (ideal)
                                  0.250000    0.250000   clock uncertainty
                                  0.000000    0.250000   clock reconvergence pessimism
                                 -5.000000   -4.750000   output external delay
                                             -4.750000   data required time
---------------------------------------------------------------------------------------------
                                             -4.750000   data required time
                                             -5.330210   data arrival time
---------------------------------------------------------------------------------------------
                                             10.080211   slack (MET)


Startpoint: SrcA[4] (input port clocked by __VIRTUAL_CLK__)
Endpoint: ALU_result[5] (output port clocked by __VIRTUAL_CLK__)
Path Group: __VIRTUAL_CLK__
Path Type: min

Fanout         Cap        Slew       Delay        Time   Description
---------------------------------------------------------------------------------------------
                      0.000000    0.000000    0.000000   clock __VIRTUAL_CLK__ (rise edge)
                                  0.000000    0.000000   clock network delay (ideal)
                                  5.000000    5.000000 v input external delay
    14    0.038688    0.060043    0.041675    5.041675 v SrcA[4] (in)
                                                         SrcA[4] (net)
                      0.060043    0.000000    5.041675 v _507_/A (sky130_fd_sc_hd__nand2_2)
     4    0.011706    0.055405    0.068125    5.109800 ^ _507_/Y (sky130_fd_sc_hd__nand2_2)
                                                         _082_ (net)
                      0.055405    0.000000    5.109800 ^ _534_/A (sky130_fd_sc_hd__nand3_2)
     1    0.002262    0.023431    0.029996    5.139796 v _534_/Y (sky130_fd_sc_hd__nand3_2)
                                                         _108_ (net)
                      0.023431    0.000000    5.139796 v _553_/A2 (sky130_fd_sc_hd__a31o_2)
     2    0.037533    0.070772    0.204019    5.343815 v _553_/X (sky130_fd_sc_hd__a31o_2)
                                                         ALU_result[5] (net)
                      0.070772    0.000000    5.343815 v ALU_result[5] (out)
                                              5.343815   data arrival time

                      0.000000    0.000000    0.000000   clock __VIRTUAL_CLK__ (rise edge)
                                  0.000000    0.000000   clock network delay (ideal)
                                  0.250000    0.250000   clock uncertainty
                                  0.000000    0.250000   clock reconvergence pessimism
                                 -5.000000   -4.750000   output external delay
                                             -4.750000   data required time
---------------------------------------------------------------------------------------------
                                             -4.750000   data required time
                                             -5.343815   data arrival time
---------------------------------------------------------------------------------------------
                                             10.093815   slack (MET)


Startpoint: ALU_control[3] (input port clocked by __VIRTUAL_CLK__)
Endpoint: ALU_result[12] (output port clocked by __VIRTUAL_CLK__)
Path Group: __VIRTUAL_CLK__
Path Type: min

Fanout         Cap        Slew       Delay        Time   Description
---------------------------------------------------------------------------------------------
                      0.000000    0.000000    0.000000   clock __VIRTUAL_CLK__ (rise edge)
                                  0.000000    0.000000   clock network delay (ideal)
                                  5.000000    5.000000 ^ input external delay
     9    0.020818    0.075817    0.050624    5.050624 ^ ALU_control[3] (in)
                                                         ALU_control[3] (net)
                      0.075817    0.000000    5.050624 ^ _417_/C (sky130_fd_sc_hd__or3_2)
     7    0.022652    0.090512    0.127504    5.178128 ^ _417_/X (sky130_fd_sc_hd__or3_2)
                                                         _371_ (net)
                      0.090512    0.000000    5.178128 ^ _691_/B (sky130_fd_sc_hd__or3b_2)
     2    0.006187    0.037415    0.092781    5.270910 ^ _691_/X (sky130_fd_sc_hd__or3b_2)
                                                         _258_ (net)
                      0.037415    0.000000    5.270910 ^ _704_/A (sky130_fd_sc_hd__nand2_2)
     1    0.033442    0.087618    0.078265    5.349174 v _704_/Y (sky130_fd_sc_hd__nand2_2)
                                                         ALU_result[12] (net)
                      0.087618    0.000000    5.349174 v ALU_result[12] (out)
                                              5.349174   data arrival time

                      0.000000    0.000000    0.000000   clock __VIRTUAL_CLK__ (rise edge)
                                  0.000000    0.000000   clock network delay (ideal)
                                  0.250000    0.250000   clock uncertainty
                                  0.000000    0.250000   clock reconvergence pessimism
                                 -5.000000   -4.750000   output external delay
                                             -4.750000   data required time
---------------------------------------------------------------------------------------------
                                             -4.750000   data required time
                                             -5.349174   data arrival time
---------------------------------------------------------------------------------------------
                                             10.099175   slack (MET)


Startpoint: SrcA[14] (input port clocked by __VIRTUAL_CLK__)
Endpoint: ALU_result[14] (output port clocked by __VIRTUAL_CLK__)
Path Group: __VIRTUAL_CLK__
Path Type: min

Fanout         Cap        Slew       Delay        Time   Description
---------------------------------------------------------------------------------------------
                      0.000000    0.000000    0.000000   clock __VIRTUAL_CLK__ (rise edge)
                                  0.000000    0.000000   clock network delay (ideal)
                                  5.000000    5.000000 v input external delay
    13    0.032308    0.050490    0.034611    5.034612 v SrcA[14] (in)
                                                         SrcA[14] (net)
                      0.050490    0.000000    5.034612 v _733_/A (sky130_fd_sc_hd__nand2_2)
     1    0.002470    0.024251    0.038902    5.073514 ^ _733_/Y (sky130_fd_sc_hd__nand2_2)
                                                         _298_ (net)
                      0.024251    0.000000    5.073514 ^ _734_/B1 (sky130_fd_sc_hd__o211a_2)
     1    0.001603    0.021771    0.073221    5.146735 ^ _734_/X (sky130_fd_sc_hd__o211a_2)
                                                         _299_ (net)
                      0.021771    0.000000    5.146735 ^ _743_/A (sky130_fd_sc_hd__or4_2)
     1    0.002557    0.020199    0.064043    5.210778 ^ _743_/X (sky130_fd_sc_hd__or4_2)
                                                         _308_ (net)
                      0.020199    0.000000    5.210778 ^ _744_/B1 (sky130_fd_sc_hd__a31o_2)
     2    0.035137    0.155987    0.142988    5.353766 ^ _744_/X (sky130_fd_sc_hd__a31o_2)
                                                         ALU_result[14] (net)
                      0.155987    0.000000    5.353766 ^ ALU_result[14] (out)
                                              5.353766   data arrival time

                      0.000000    0.000000    0.000000   clock __VIRTUAL_CLK__ (rise edge)
                                  0.000000    0.000000   clock network delay (ideal)
                                  0.250000    0.250000   clock uncertainty
                                  0.000000    0.250000   clock reconvergence pessimism
                                 -5.000000   -4.750000   output external delay
                                             -4.750000   data required time
---------------------------------------------------------------------------------------------
                                             -4.750000   data required time
                                             -5.353766   data arrival time
---------------------------------------------------------------------------------------------
                                             10.103767   slack (MET)


Startpoint: SrcA[11] (input port clocked by __VIRTUAL_CLK__)
Endpoint: ALU_result[11] (output port clocked by __VIRTUAL_CLK__)
Path Group: __VIRTUAL_CLK__
Path Type: min

Fanout         Cap        Slew       Delay        Time   Description
---------------------------------------------------------------------------------------------
                      0.000000    0.000000    0.000000   clock __VIRTUAL_CLK__ (rise edge)
                                  0.000000    0.000000   clock network delay (ideal)
                                  5.000000    5.000000 v input external delay
    15    0.039091    0.060647    0.042121    5.042121 v SrcA[11] (in)
                                                         SrcA[11] (net)
                      0.060647    0.000000    5.042121 v _668_/A (sky130_fd_sc_hd__nand2_2)
     1    0.002470    0.026136    0.042124    5.084246 ^ _668_/Y (sky130_fd_sc_hd__nand2_2)
                                                         _236_ (net)
                      0.026136    0.000000    5.084246 ^ _669_/B1 (sky130_fd_sc_hd__o211a_2)
     1    0.002556    0.025682    0.077364    5.161610 ^ _669_/X (sky130_fd_sc_hd__o211a_2)
                                                         _237_ (net)
                      0.025682    0.000000    5.161610 ^ _677_/B1 (sky130_fd_sc_hd__a211o_2)
     1    0.002557    0.017226    0.052449    5.214058 ^ _677_/X (sky130_fd_sc_hd__a211o_2)
                                                         _245_ (net)
                      0.017226    0.000000    5.214058 ^ _678_/B1 (sky130_fd_sc_hd__a31o_2)
     2    0.038147    0.168683    0.150739    5.364798 ^ _678_/X (sky130_fd_sc_hd__a31o_2)
                                                         ALU_result[11] (net)
                      0.168683    0.000000    5.364798 ^ ALU_result[11] (out)
                                              5.364798   data arrival time

                      0.000000    0.000000    0.000000   clock __VIRTUAL_CLK__ (rise edge)
                                  0.000000    0.000000   clock network delay (ideal)
                                  0.250000    0.250000   clock uncertainty
                                  0.000000    0.250000   clock reconvergence pessimism
                                 -5.000000   -4.750000   output external delay
                                             -4.750000   data required time
---------------------------------------------------------------------------------------------
                                             -4.750000   data required time
                                             -5.364798   data arrival time
---------------------------------------------------------------------------------------------
                                             10.114799   slack (MET)


Startpoint: ALU_control[1] (input port clocked by __VIRTUAL_CLK__)
Endpoint: ALU_result[3] (output port clocked by __VIRTUAL_CLK__)
Path Group: __VIRTUAL_CLK__
Path Type: min

Fanout         Cap        Slew       Delay        Time   Description
---------------------------------------------------------------------------------------------
                      0.000000    0.000000    0.000000   clock __VIRTUAL_CLK__ (rise edge)
                                  0.000000    0.000000   clock network delay (ideal)
                                  5.000000    5.000000 v input external delay
    11    0.025445    0.040214    0.027013    5.027013 v ALU_control[1] (in)
                                                         ALU_control[1] (net)
                      0.040214    0.000000    5.027013 v _416_/A_N (sky130_fd_sc_hd__and2b_2)
     8    0.022018    0.090465    0.181067    5.208080 ^ _416_/X (sky130_fd_sc_hd__and2b_2)
                                                         _370_ (net)
                      0.090465    0.000000    5.208080 ^ _502_/A1 (sky130_fd_sc_hd__a21o_2)
     2    0.034961    0.136292    0.161948    5.370028 ^ _502_/X (sky130_fd_sc_hd__a21o_2)
                                                         ALU_result[3] (net)
                      0.136292    0.000000    5.370028 ^ ALU_result[3] (out)
                                              5.370028   data arrival time

                      0.000000    0.000000    0.000000   clock __VIRTUAL_CLK__ (rise edge)
                                  0.000000    0.000000   clock network delay (ideal)
                                  0.250000    0.250000   clock uncertainty
                                  0.000000    0.250000   clock reconvergence pessimism
                                 -5.000000   -4.750000   output external delay
                                             -4.750000   data required time
---------------------------------------------------------------------------------------------
                                             -4.750000   data required time
                                             -5.370028   data arrival time
---------------------------------------------------------------------------------------------
                                             10.120028   slack (MET)


Startpoint: SrcA[15] (input port clocked by __VIRTUAL_CLK__)
Endpoint: zero (output port clocked by __VIRTUAL_CLK__)
Path Group: __VIRTUAL_CLK__
Path Type: min

Fanout         Cap        Slew       Delay        Time   Description
---------------------------------------------------------------------------------------------
                      0.000000    0.000000    0.000000   clock __VIRTUAL_CLK__ (rise edge)
                                  0.000000    0.000000   clock network delay (ideal)
                                  5.000000    5.000000 ^ input external delay
    15    0.040080    0.139997    0.095368    5.095368 ^ SrcA[15] (in)
                                                         SrcA[15] (net)
                      0.139997    0.000000    5.095368 ^ _757_/A1 (sky130_fd_sc_hd__a21oi_2)
     1    0.002282    0.012292    0.028864    5.124232 v _757_/Y (sky130_fd_sc_hd__a21oi_2)
                                                         _321_ (net)
                      0.012292    0.000000    5.124232 v _761_/B1 (sky130_fd_sc_hd__o211a_2)
     2    0.005823    0.021785    0.080024    5.204256 v _761_/X (sky130_fd_sc_hd__o211a_2)
                                                         _325_ (net)
                      0.021785    0.000000    5.204256 v _768_/C (sky130_fd_sc_hd__and4b_2)
     1    0.033442    0.074989    0.187831    5.392087 v _768_/X (sky130_fd_sc_hd__and4b_2)
                                                         zero (net)
                      0.074989    0.000000    5.392087 v zero (out)
                                              5.392087   data arrival time

                      0.000000    0.000000    0.000000   clock __VIRTUAL_CLK__ (rise edge)
                                  0.000000    0.000000   clock network delay (ideal)
                                  0.250000    0.250000   clock uncertainty
                                  0.000000    0.250000   clock reconvergence pessimism
                                 -5.000000   -4.750000   output external delay
                                             -4.750000   data required time
---------------------------------------------------------------------------------------------
                                             -4.750000   data required time
                                             -5.392087   data arrival time
---------------------------------------------------------------------------------------------
                                             10.142087   slack (MET)


Startpoint: ALU_control[1] (input port clocked by __VIRTUAL_CLK__)
Endpoint: ALU_result[2] (output port clocked by __VIRTUAL_CLK__)
Path Group: __VIRTUAL_CLK__
Path Type: min

Fanout         Cap        Slew       Delay        Time   Description
---------------------------------------------------------------------------------------------
                      0.000000    0.000000    0.000000   clock __VIRTUAL_CLK__ (rise edge)
                                  0.000000    0.000000   clock network delay (ideal)
                                  5.000000    5.000000 v input external delay
    11    0.025445    0.040214    0.027013    5.027013 v ALU_control[1] (in)
                                                         ALU_control[1] (net)
                      0.040214    0.000000    5.027013 v _416_/A_N (sky130_fd_sc_hd__and2b_2)
     8    0.022018    0.090465    0.181067    5.208080 ^ _416_/X (sky130_fd_sc_hd__and2b_2)
                                                         _370_ (net)
                      0.090465    0.000000    5.208080 ^ _476_/A1 (sky130_fd_sc_hd__a31o_2)
     2    0.035142    0.156038    0.185261    5.393341 ^ _476_/X (sky130_fd_sc_hd__a31o_2)
                                                         ALU_result[2] (net)
                      0.156038    0.000000    5.393341 ^ ALU_result[2] (out)
                                              5.393341   data arrival time

                      0.000000    0.000000    0.000000   clock __VIRTUAL_CLK__ (rise edge)
                                  0.000000    0.000000   clock network delay (ideal)
                                  0.250000    0.250000   clock uncertainty
                                  0.000000    0.250000   clock reconvergence pessimism
                                 -5.000000   -4.750000   output external delay
                                             -4.750000   data required time
---------------------------------------------------------------------------------------------
                                             -4.750000   data required time
                                             -5.393341   data arrival time
---------------------------------------------------------------------------------------------
                                             10.143341   slack (MET)



