Clock: clk
Sources: clk 
Generated: no
Virtual: no
Propagated: no
Period: 25.000000

===========================================================================
report_clock_properties
============================================================================
Clock                   Period          Waveform
----------------------------------------------------
clk                  25.000000    0.000000 12.500000

===========================================================================
report_clock_latency
============================================================================
Clock clk
rise -> rise
    min     max
0.000000 0.000000 source latency
0.509305         network latency _540_/CLK
        0.509305 network latency _540_/CLK
---------------
0.509305 0.509305 latency
        0.000000 skew

fall -> fall
    min     max
0.000000 0.000000 source latency
0.218026         network latency _540_/CLK
        0.218026 network latency _540_/CLK
---------------
0.218026 0.218026 latency
        0.000000 skew



===========================================================================
report_clock_min_period
============================================================================
clk period_min = 0.67 fmax = 1500.55
