
===========================================================================
report_checks -path_delay min (Hold)
============================================================================
======================= nom_tt_025C_1v80 Corner ===================================

Startpoint: SrcA[0] (input port clocked by __VIRTUAL_CLK__)
Endpoint: ALU_result[0] (output port clocked by __VIRTUAL_CLK__)
Path Group: __VIRTUAL_CLK__
Path Type: min

Fanout         Cap        Slew       Delay        Time   Description
---------------------------------------------------------------------------------------------
                      0.000000    0.000000    0.000000   clock __VIRTUAL_CLK__ (rise edge)
                                  0.000000    0.000000   clock network delay (ideal)
                                  5.000000    5.000000 ^ input external delay
     1    0.002854    0.019963    0.010511    5.010511 ^ SrcA[0] (in)
                                                         SrcA[0] (net)
                      0.019963    0.000000    5.010511 ^ input5/A (sky130_fd_sc_hd__buf_2)
     8    0.038456    0.189639    0.201378    5.211889 ^ input5/X (sky130_fd_sc_hd__buf_2)
                                                         net5 (net)
                      0.189671    0.002058    5.213948 ^ _415_/A1 (sky130_fd_sc_hd__a211o_1)
     2    0.005467    0.057384    0.166698    5.380646 ^ _415_/X (sky130_fd_sc_hd__a211o_1)
                                                         net37 (net)
                      0.057384    0.000132    5.380778 ^ output37/A (sky130_fd_sc_hd__buf_2)
     1    0.035253    0.174790    0.205740    5.586518 ^ output37/X (sky130_fd_sc_hd__buf_2)
                                                         ALU_result[0] (net)
                      0.174793    0.000929    5.587447 ^ ALU_result[0] (out)
                                              5.587447   data arrival time

                      0.000000    0.000000    0.000000   clock __VIRTUAL_CLK__ (rise edge)
                                  0.000000    0.000000   clock network delay (ideal)
                                  0.250000    0.250000   clock uncertainty
                                  0.000000    0.250000   clock reconvergence pessimism
                                 -5.000000   -4.750000   output external delay
                                             -4.750000   data required time
---------------------------------------------------------------------------------------------
                                             -4.750000   data required time
                                             -5.587447   data arrival time
---------------------------------------------------------------------------------------------
                                             10.337447   slack (MET)


Startpoint: ALU_control[3] (input port clocked by __VIRTUAL_CLK__)
Endpoint: ALU_result[10] (output port clocked by __VIRTUAL_CLK__)
Path Group: __VIRTUAL_CLK__
Path Type: min

Fanout         Cap        Slew       Delay        Time   Description
---------------------------------------------------------------------------------------------
                      0.000000    0.000000    0.000000   clock __VIRTUAL_CLK__ (rise edge)
                                  0.000000    0.000000   clock network delay (ideal)
                                  5.000000    5.000000 ^ input external delay
     1    0.003310    0.021938    0.012107    5.012107 ^ ALU_control[3] (in)
                                                         ALU_control[3] (net)
                      0.021938    0.000000    5.012107 ^ input4/A (sky130_fd_sc_hd__clkbuf_2)
     9    0.023170    0.130997    0.158451    5.170558 ^ input4/X (sky130_fd_sc_hd__clkbuf_2)
                                                         net4 (net)
                      0.130997    0.000469    5.171028 ^ _417_/C (sky130_fd_sc_hd__or3_4)
     7    0.045409    0.139079    0.221601    5.392629 ^ _417_/X (sky130_fd_sc_hd__or3_4)
                                                         _371_ (net)
                      0.139239    0.003114    5.395742 ^ _662_/A1 (sky130_fd_sc_hd__o31ai_1)
     2    0.005697    0.061140    0.112207    5.507949 v _662_/Y (sky130_fd_sc_hd__o31ai_1)
                                                         net38 (net)
                      0.061140    0.000161    5.508110 v output38/A (sky130_fd_sc_hd__buf_2)
     1    0.034656    0.090372    0.187838    5.695948 v output38/X (sky130_fd_sc_hd__buf_2)
                                                         ALU_result[10] (net)
                      0.090379    0.000827    5.696775 v ALU_result[10] (out)
                                              5.696775   data arrival time

                      0.000000    0.000000    0.000000   clock __VIRTUAL_CLK__ (rise edge)
                                  0.000000    0.000000   clock network delay (ideal)
                                  0.250000    0.250000   clock uncertainty
                                  0.000000    0.250000   clock reconvergence pessimism
                                 -5.000000   -4.750000   output external delay
                                             -4.750000   data required time
---------------------------------------------------------------------------------------------
                                             -4.750000   data required time
                                             -5.696775   data arrival time
---------------------------------------------------------------------------------------------
                                             10.446775   slack (MET)


Startpoint: ALU_control[3] (input port clocked by __VIRTUAL_CLK__)
Endpoint: ALU_result[9] (output port clocked by __VIRTUAL_CLK__)
Path Group: __VIRTUAL_CLK__
Path Type: min

Fanout         Cap        Slew       Delay        Time   Description
---------------------------------------------------------------------------------------------
                      0.000000    0.000000    0.000000   clock __VIRTUAL_CLK__ (rise edge)
                                  0.000000    0.000000   clock network delay (ideal)
                                  5.000000    5.000000 ^ input external delay
     1    0.003310    0.021938    0.012107    5.012107 ^ ALU_control[3] (in)
                                                         ALU_control[3] (net)
                      0.021938    0.000000    5.012107 ^ input4/A (sky130_fd_sc_hd__clkbuf_2)
     9    0.023170    0.130997    0.158451    5.170558 ^ input4/X (sky130_fd_sc_hd__clkbuf_2)
                                                         net4 (net)
                      0.130997    0.000469    5.171028 ^ _417_/C (sky130_fd_sc_hd__or3_4)
     7    0.045409    0.139079    0.221601    5.392629 ^ _417_/X (sky130_fd_sc_hd__or3_4)
                                                         _371_ (net)
                      0.139232    0.003016    5.395645 ^ _639_/A1 (sky130_fd_sc_hd__o31ai_1)
     2    0.009240    0.076708    0.132180    5.527824 v _639_/Y (sky130_fd_sc_hd__o31ai_1)
                                                         net52 (net)
                      0.076708    0.000312    5.528137 v output52/A (sky130_fd_sc_hd__buf_2)
     1    0.034844    0.090802    0.195258    5.723394 v output52/X (sky130_fd_sc_hd__buf_2)
                                                         ALU_result[9] (net)
                      0.090809    0.000845    5.724239 v ALU_result[9] (out)
                                              5.724239   data arrival time

                      0.000000    0.000000    0.000000   clock __VIRTUAL_CLK__ (rise edge)
                                  0.000000    0.000000   clock network delay (ideal)
                                  0.250000    0.250000   clock uncertainty
                                  0.000000    0.250000   clock reconvergence pessimism
                                 -5.000000   -4.750000   output external delay
                                             -4.750000   data required time
---------------------------------------------------------------------------------------------
                                             -4.750000   data required time
                                             -5.724239   data arrival time
---------------------------------------------------------------------------------------------
                                             10.474239   slack (MET)


Startpoint: SrcB[8] (input port clocked by __VIRTUAL_CLK__)
Endpoint: ALU_result[8] (output port clocked by __VIRTUAL_CLK__)
Path Group: __VIRTUAL_CLK__
Path Type: min

Fanout         Cap        Slew       Delay        Time   Description
---------------------------------------------------------------------------------------------
                      0.000000    0.000000    0.000000   clock __VIRTUAL_CLK__ (rise edge)
                                  0.000000    0.000000   clock network delay (ideal)
                                  5.000000    5.000000 ^ input external delay
     1    0.002962    0.020429    0.010888    5.010888 ^ SrcB[8] (in)
                                                         SrcB[8] (net)
                      0.020429    0.000000    5.010888 ^ input35/A (sky130_fd_sc_hd__clkbuf_2)
     6    0.024590    0.138381    0.162859    5.173747 ^ input35/X (sky130_fd_sc_hd__clkbuf_2)
                                                         net35 (net)
                      0.138433    0.000887    5.174634 ^ _617_/A2 (sky130_fd_sc_hd__o211a_1)
     1    0.002163    0.036265    0.143257    5.317892 ^ _617_/X (sky130_fd_sc_hd__o211a_1)
                                                         _188_ (net)
                      0.036265    0.000042    5.317934 ^ _620_/B (sky130_fd_sc_hd__or4_1)
     1    0.003687    0.045151    0.100046    5.417980 ^ _620_/X (sky130_fd_sc_hd__or4_1)
                                                         _191_ (net)
                      0.045151    0.000113    5.418093 ^ _623_/B1 (sky130_fd_sc_hd__a211o_1)
     2    0.006622    0.066518    0.112211    5.530303 ^ _623_/X (sky130_fd_sc_hd__a211o_1)
                                                         net51 (net)
                      0.066518    0.000207    5.530511 ^ output51/A (sky130_fd_sc_hd__buf_2)
     1    0.034094    0.169472    0.205403    5.735914 ^ output51/X (sky130_fd_sc_hd__buf_2)
                                                         ALU_result[8] (net)
                      0.169472    0.000706    5.736619 ^ ALU_result[8] (out)
                                              5.736619   data arrival time

                      0.000000    0.000000    0.000000   clock __VIRTUAL_CLK__ (rise edge)
                                  0.000000    0.000000   clock network delay (ideal)
                                  0.250000    0.250000   clock uncertainty
                                  0.000000    0.250000   clock reconvergence pessimism
                                 -5.000000   -4.750000   output external delay
                                             -4.750000   data required time
---------------------------------------------------------------------------------------------
                                             -4.750000   data required time
                                             -5.736619   data arrival time
---------------------------------------------------------------------------------------------
                                             10.486620   slack (MET)


Startpoint: ALU_control[1] (input port clocked by __VIRTUAL_CLK__)
Endpoint: ALU_result[15] (output port clocked by __VIRTUAL_CLK__)
Path Group: __VIRTUAL_CLK__
Path Type: min

Fanout         Cap        Slew       Delay        Time   Description
---------------------------------------------------------------------------------------------
                      0.000000    0.000000    0.000000   clock __VIRTUAL_CLK__ (rise edge)
                                  0.000000    0.000000   clock network delay (ideal)
                                  5.000000    5.000000 ^ input external delay
     1    0.003729    0.023771    0.013598    5.013597 ^ ALU_control[1] (in)
                                                         ALU_control[1] (net)
                      0.023772    0.000000    5.013597 ^ input2/A (sky130_fd_sc_hd__clkbuf_1)
     2    0.005449    0.073417    0.094341    5.107938 ^ input2/X (sky130_fd_sc_hd__clkbuf_1)
                                                         net2 (net)
                      0.073417    0.000147    5.108085 ^ _404_/A (sky130_fd_sc_hd__nor3b_1)
     2    0.006914    0.048724    0.066623    5.174708 v _404_/Y (sky130_fd_sc_hd__nor3b_1)
                                                         _359_ (net)
                      0.048724    0.000183    5.174891 v _407_/B (sky130_fd_sc_hd__nand2_2)
     4    0.026548    0.143554    0.140233    5.315124 ^ _407_/Y (sky130_fd_sc_hd__nand2_2)
                                                         _362_ (net)
                      0.143586    0.001784    5.316908 ^ _761_/A1 (sky130_fd_sc_hd__o211a_1)
     2    0.007701    0.076991    0.201318    5.518227 ^ _761_/X (sky130_fd_sc_hd__o211a_1)
                                                         _325_ (net)
                      0.076991    0.000263    5.518490 ^ _762_/B (sky130_fd_sc_hd__nand2_1)
     1    0.002663    0.030775    0.055263    5.573753 v _762_/Y (sky130_fd_sc_hd__nand2_1)
                                                         net43 (net)
                      0.030775    0.000080    5.573833 v output43/A (sky130_fd_sc_hd__buf_2)
     1    0.034578    0.090349    0.174430    5.748263 v output43/X (sky130_fd_sc_hd__buf_2)
                                                         ALU_result[15] (net)
                      0.090356    0.000811    5.749074 v ALU_result[15] (out)
                                              5.749074   data arrival time

                      0.000000    0.000000    0.000000   clock __VIRTUAL_CLK__ (rise edge)
                                  0.000000    0.000000   clock network delay (ideal)
                                  0.250000    0.250000   clock uncertainty
                                  0.000000    0.250000   clock reconvergence pessimism
                                 -5.000000   -4.750000   output external delay
                                             -4.750000   data required time
---------------------------------------------------------------------------------------------
                                             -4.750000   data required time
                                             -5.749074   data arrival time
---------------------------------------------------------------------------------------------
                                             10.499074   slack (MET)


Startpoint: ALU_control[3] (input port clocked by __VIRTUAL_CLK__)
Endpoint: ALU_result[12] (output port clocked by __VIRTUAL_CLK__)
Path Group: __VIRTUAL_CLK__
Path Type: min

Fanout         Cap        Slew       Delay        Time   Description
---------------------------------------------------------------------------------------------
                      0.000000    0.000000    0.000000   clock __VIRTUAL_CLK__ (rise edge)
                                  0.000000    0.000000   clock network delay (ideal)
                                  5.000000    5.000000 ^ input external delay
     1    0.003310    0.021938    0.012107    5.012107 ^ ALU_control[3] (in)
                                                         ALU_control[3] (net)
                      0.021938    0.000000    5.012107 ^ input4/A (sky130_fd_sc_hd__clkbuf_2)
     9    0.023170    0.130997    0.158451    5.170558 ^ input4/X (sky130_fd_sc_hd__clkbuf_2)
                                                         net4 (net)
                      0.130997    0.000469    5.171028 ^ _417_/C (sky130_fd_sc_hd__or3_4)
     7    0.045409    0.139079    0.221601    5.392629 ^ _417_/X (sky130_fd_sc_hd__or3_4)
                                                         _371_ (net)
                      0.139260    0.003413    5.396041 ^ _691_/B (sky130_fd_sc_hd__or3b_1)
     2    0.005887    0.063874    0.144717    5.540758 ^ _691_/X (sky130_fd_sc_hd__or3b_1)
                                                         _258_ (net)
                      0.063874    0.000176    5.540934 ^ _704_/A (sky130_fd_sc_hd__nand2_1)
     1    0.002077    0.029756    0.045020    5.585954 v _704_/Y (sky130_fd_sc_hd__nand2_1)
                                                         net40 (net)
                      0.029756    0.000059    5.586012 v output40/A (sky130_fd_sc_hd__buf_2)
     1    0.034633    0.090476    0.174092    5.760104 v output40/X (sky130_fd_sc_hd__buf_2)
                                                         ALU_result[12] (net)
                      0.090483    0.000813    5.760917 v ALU_result[12] (out)
                                              5.760917   data arrival time

                      0.000000    0.000000    0.000000   clock __VIRTUAL_CLK__ (rise edge)
                                  0.000000    0.000000   clock network delay (ideal)
                                  0.250000    0.250000   clock uncertainty
                                  0.000000    0.250000   clock reconvergence pessimism
                                 -5.000000   -4.750000   output external delay
                                             -4.750000   data required time
---------------------------------------------------------------------------------------------
                                             -4.750000   data required time
                                             -5.760917   data arrival time
---------------------------------------------------------------------------------------------
                                             10.510917   slack (MET)


Startpoint: ALU_control[1] (input port clocked by __VIRTUAL_CLK__)
Endpoint: ALU_result[1] (output port clocked by __VIRTUAL_CLK__)
Path Group: __VIRTUAL_CLK__
Path Type: min

Fanout         Cap        Slew       Delay        Time   Description
---------------------------------------------------------------------------------------------
                      0.000000    0.000000    0.000000   clock __VIRTUAL_CLK__ (rise edge)
                                  0.000000    0.000000   clock network delay (ideal)
                                  5.000000    5.000000 ^ input external delay
     1    0.003729    0.023771    0.013598    5.013597 ^ ALU_control[1] (in)
                                                         ALU_control[1] (net)
                      0.023772    0.000000    5.013597 ^ input2/A (sky130_fd_sc_hd__clkbuf_1)
     2    0.005449    0.073417    0.094341    5.107938 ^ input2/X (sky130_fd_sc_hd__clkbuf_1)
                                                         net2 (net)
                      0.073417    0.000147    5.108085 ^ _404_/A (sky130_fd_sc_hd__nor3b_1)
     2    0.006914    0.048724    0.066623    5.174708 v _404_/Y (sky130_fd_sc_hd__nor3b_1)
                                                         _359_ (net)
                      0.048724    0.000183    5.174891 v _407_/B (sky130_fd_sc_hd__nand2_2)
     4    0.026548    0.143554    0.140233    5.315124 ^ _407_/Y (sky130_fd_sc_hd__nand2_2)
                                                         _362_ (net)
                      0.143559    0.000739    5.315863 ^ _431_/A2 (sky130_fd_sc_hd__o311a_1)
     1    0.005379    0.068269    0.195225    5.511088 ^ _431_/X (sky130_fd_sc_hd__o311a_1)
                                                         _009_ (net)
                      0.068269    0.000142    5.511230 ^ _444_/A (sky130_fd_sc_hd__nand2_1)
     2    0.005997    0.050503    0.068167    5.579397 v _444_/Y (sky130_fd_sc_hd__nand2_1)
                                                         net44 (net)
                      0.050503    0.000202    5.579599 v output44/A (sky130_fd_sc_hd__buf_2)
     1    0.036088    0.092738    0.185535    5.765134 v output44/X (sky130_fd_sc_hd__buf_2)
                                                         ALU_result[1] (net)
                      0.092752    0.001095    5.766229 v ALU_result[1] (out)
                                              5.766229   data arrival time

                      0.000000    0.000000    0.000000   clock __VIRTUAL_CLK__ (rise edge)
                                  0.000000    0.000000   clock network delay (ideal)
                                  0.250000    0.250000   clock uncertainty
                                  0.000000    0.250000   clock reconvergence pessimism
                                 -5.000000   -4.750000   output external delay
                                             -4.750000   data required time
---------------------------------------------------------------------------------------------
                                             -4.750000   data required time
                                             -5.766229   data arrival time
---------------------------------------------------------------------------------------------
                                             10.516229   slack (MET)


Startpoint: ALU_control[3] (input port clocked by __VIRTUAL_CLK__)
Endpoint: ALU_result[13] (output port clocked by __VIRTUAL_CLK__)
Path Group: __VIRTUAL_CLK__
Path Type: min

Fanout         Cap        Slew       Delay        Time   Description
---------------------------------------------------------------------------------------------
                      0.000000    0.000000    0.000000   clock __VIRTUAL_CLK__ (rise edge)
                                  0.000000    0.000000   clock network delay (ideal)
                                  5.000000    5.000000 ^ input external delay
     1    0.003310    0.021938    0.012107    5.012107 ^ ALU_control[3] (in)
                                                         ALU_control[3] (net)
                      0.021938    0.000000    5.012107 ^ input4/A (sky130_fd_sc_hd__clkbuf_2)
     9    0.023170    0.130997    0.158451    5.170558 ^ input4/X (sky130_fd_sc_hd__clkbuf_2)
                                                         net4 (net)
                      0.130997    0.000469    5.171028 ^ _417_/C (sky130_fd_sc_hd__or3_4)
     7    0.045409    0.139079    0.221601    5.392629 ^ _417_/X (sky130_fd_sc_hd__or3_4)
                                                         _371_ (net)
                      0.139270    0.003538    5.396166 ^ _711_/B1 (sky130_fd_sc_hd__a31o_1)
     1    0.002892    0.042790    0.114704    5.510870 ^ _711_/X (sky130_fd_sc_hd__a31o_1)
                                                         _277_ (net)
                      0.042790    0.000083    5.510954 ^ _723_/A2 (sky130_fd_sc_hd__o21ai_1)
     2    0.007656    0.061873    0.076403    5.587357 v _723_/Y (sky130_fd_sc_hd__o21ai_1)
                                                         net41 (net)
                      0.061873    0.000122    5.587479 v output41/A (sky130_fd_sc_hd__buf_2)
     1    0.034942    0.091001    0.188678    5.776156 v output41/X (sky130_fd_sc_hd__buf_2)
                                                         ALU_result[13] (net)
                      0.091008    0.000861    5.777018 v ALU_result[13] (out)
                                              5.777018   data arrival time

                      0.000000    0.000000    0.000000   clock __VIRTUAL_CLK__ (rise edge)
                                  0.000000    0.000000   clock network delay (ideal)
                                  0.250000    0.250000   clock uncertainty
                                  0.000000    0.250000   clock reconvergence pessimism
                                 -5.000000   -4.750000   output external delay
                                             -4.750000   data required time
---------------------------------------------------------------------------------------------
                                             -4.750000   data required time
                                             -5.777018   data arrival time
---------------------------------------------------------------------------------------------
                                             10.527018   slack (MET)


Startpoint: SrcB[5] (input port clocked by __VIRTUAL_CLK__)
Endpoint: ALU_result[5] (output port clocked by __VIRTUAL_CLK__)
Path Group: __VIRTUAL_CLK__
Path Type: min

Fanout         Cap        Slew       Delay        Time   Description
---------------------------------------------------------------------------------------------
                      0.000000    0.000000    0.000000   clock __VIRTUAL_CLK__ (rise edge)
                                  0.000000    0.000000   clock network delay (ideal)
                                  5.000000    5.000000 ^ input external delay
     1    0.002959    0.020414    0.010876    5.010876 ^ SrcB[5] (in)
                                                         SrcB[5] (net)
                      0.020414    0.000000    5.010876 ^ input32/A (sky130_fd_sc_hd__clkbuf_2)
     7    0.027576    0.153941    0.173700    5.184576 ^ input32/X (sky130_fd_sc_hd__clkbuf_2)
                                                         net32 (net)
                      0.153946    0.000770    5.185346 ^ _551_/A2 (sky130_fd_sc_hd__a311o_1)
     1    0.001625    0.035321    0.169788    5.355134 ^ _551_/X (sky130_fd_sc_hd__a311o_1)
                                                         _125_ (net)
                      0.035321    0.000031    5.355165 ^ _552_/A_N (sky130_fd_sc_hd__nand2b_1)
     1    0.004723    0.063074    0.101873    5.457037 ^ _552_/Y (sky130_fd_sc_hd__nand2b_1)
                                                         _126_ (net)
                      0.063074    0.000159    5.457196 ^ _553_/B1 (sky130_fd_sc_hd__a31o_1)
     2    0.006273    0.070237    0.116674    5.573870 ^ _553_/X (sky130_fd_sc_hd__a31o_1)
                                                         net48 (net)
                      0.070237    0.000123    5.573994 ^ output48/A (sky130_fd_sc_hd__buf_2)
     1    0.034162    0.169802    0.207033    5.781026 ^ output48/X (sky130_fd_sc_hd__buf_2)
                                                         ALU_result[5] (net)
                      0.169803    0.000658    5.781684 ^ ALU_result[5] (out)
                                              5.781684   data arrival time

                      0.000000    0.000000    0.000000   clock __VIRTUAL_CLK__ (rise edge)
                                  0.000000    0.000000   clock network delay (ideal)
                                  0.250000    0.250000   clock uncertainty
                                  0.000000    0.250000   clock reconvergence pessimism
                                 -5.000000   -4.750000   output external delay
                                             -4.750000   data required time
---------------------------------------------------------------------------------------------
                                             -4.750000   data required time
                                             -5.781684   data arrival time
---------------------------------------------------------------------------------------------
                                             10.531684   slack (MET)


Startpoint: SrcB[6] (input port clocked by __VIRTUAL_CLK__)
Endpoint: ALU_result[6] (output port clocked by __VIRTUAL_CLK__)
Path Group: __VIRTUAL_CLK__
Path Type: min

Fanout         Cap        Slew       Delay        Time   Description
---------------------------------------------------------------------------------------------
                      0.000000    0.000000    0.000000   clock __VIRTUAL_CLK__ (rise edge)
                                  0.000000    0.000000   clock network delay (ideal)
                                  5.000000    5.000000 v input external delay
     1    0.002773    0.008561    0.004389    5.004389 v SrcB[6] (in)
                                                         SrcB[6] (net)
                      0.008561    0.000000    5.004389 v input33/A (sky130_fd_sc_hd__buf_1)
     5    0.017212    0.104526    0.135152    5.139541 v input33/X (sky130_fd_sc_hd__buf_1)
                                                         net33 (net)
                      0.104527    0.000389    5.139931 v _573_/A2 (sky130_fd_sc_hd__o21ai_1)
     1    0.002242    0.075076    0.126399    5.266330 ^ _573_/Y (sky130_fd_sc_hd__o21ai_1)
                                                         _146_ (net)
                      0.075076    0.000065    5.266396 ^ _574_/A0 (sky130_fd_sc_hd__mux2_1)
     1    0.003802    0.048977    0.132361    5.398757 ^ _574_/X (sky130_fd_sc_hd__mux2_1)
                                                         _147_ (net)
                      0.048977    0.000121    5.398878 ^ _577_/C1 (sky130_fd_sc_hd__o311a_1)
     1    0.003652    0.053158    0.150866    5.549744 ^ _577_/X (sky130_fd_sc_hd__o311a_1)
                                                         _150_ (net)
                      0.053158    0.000119    5.549862 ^ _578_/B1 (sky130_fd_sc_hd__o21ai_1)
     2    0.008286    0.066421    0.089719    5.639581 v _578_/Y (sky130_fd_sc_hd__o21ai_1)
                                                         net49 (net)
                      0.066421    0.000204    5.639786 v output49/A (sky130_fd_sc_hd__buf_2)
     1    0.034158    0.089258    0.189405    5.829190 v output49/X (sky130_fd_sc_hd__buf_2)
                                                         ALU_result[6] (net)
                      0.089263    0.000706    5.829896 v ALU_result[6] (out)
                                              5.829896   data arrival time

                      0.000000    0.000000    0.000000   clock __VIRTUAL_CLK__ (rise edge)
                                  0.000000    0.000000   clock network delay (ideal)
                                  0.250000    0.250000   clock uncertainty
                                  0.000000    0.250000   clock reconvergence pessimism
                                 -5.000000   -4.750000   output external delay
                                             -4.750000   data required time
---------------------------------------------------------------------------------------------
                                             -4.750000   data required time
                                             -5.829896   data arrival time
---------------------------------------------------------------------------------------------
                                             10.579896   slack (MET)


Startpoint: SrcA[3] (input port clocked by __VIRTUAL_CLK__)
Endpoint: ALU_result[4] (output port clocked by __VIRTUAL_CLK__)
Path Group: __VIRTUAL_CLK__
Path Type: min

Fanout         Cap        Slew       Delay        Time   Description
---------------------------------------------------------------------------------------------
                      0.000000    0.000000    0.000000   clock __VIRTUAL_CLK__ (rise edge)
                                  0.000000    0.000000   clock network delay (ideal)
                                  5.000000    5.000000 ^ input external delay
     1    0.003110    0.021069    0.011407    5.011407 ^ SrcA[3] (in)
                                                         SrcA[3] (net)
                      0.021069    0.000000    5.011407 ^ input14/A (sky130_fd_sc_hd__buf_1)
     5    0.015507    0.187190    0.172566    5.183973 ^ input14/X (sky130_fd_sc_hd__buf_1)
                                                         net14 (net)
                      0.187191    0.000287    5.184260 ^ _481_/A (sky130_fd_sc_hd__nor2_1)
     4    0.019018    0.088333    0.143580    5.327840 v _481_/Y (sky130_fd_sc_hd__nor2_1)
                                                         _057_ (net)
                      0.088350    0.001027    5.328867 v _511_/A1 (sky130_fd_sc_hd__o21ai_1)
     1    0.002785    0.075089    0.139978    5.468844 ^ _511_/Y (sky130_fd_sc_hd__o21ai_1)
                                                         _086_ (net)
                      0.075089    0.000080    5.468925 ^ _527_/A3 (sky130_fd_sc_hd__a31o_1)
     2    0.005395    0.062696    0.159860    5.628785 ^ _527_/X (sky130_fd_sc_hd__a31o_1)
                                                         net47 (net)
                      0.062696    0.000095    5.628880 ^ output47/A (sky130_fd_sc_hd__buf_2)
     1    0.034204    0.169968    0.204355    5.833235 ^ output47/X (sky130_fd_sc_hd__buf_2)
                                                         ALU_result[4] (net)
                      0.169968    0.000717    5.833951 ^ ALU_result[4] (out)
                                              5.833951   data arrival time

                      0.000000    0.000000    0.000000   clock __VIRTUAL_CLK__ (rise edge)
                                  0.000000    0.000000   clock network delay (ideal)
                                  0.250000    0.250000   clock uncertainty
                                  0.000000    0.250000   clock reconvergence pessimism
                                 -5.000000   -4.750000   output external delay
                                             -4.750000   data required time
---------------------------------------------------------------------------------------------
                                             -4.750000   data required time
                                             -5.833951   data arrival time
---------------------------------------------------------------------------------------------
                                             10.583952   slack (MET)


Startpoint: SrcB[14] (input port clocked by __VIRTUAL_CLK__)
Endpoint: ALU_result[14] (output port clocked by __VIRTUAL_CLK__)
Path Group: __VIRTUAL_CLK__
Path Type: min

Fanout         Cap        Slew       Delay        Time   Description
---------------------------------------------------------------------------------------------
                      0.000000    0.000000    0.000000   clock __VIRTUAL_CLK__ (rise edge)
                                  0.000000    0.000000   clock network delay (ideal)
                                  5.000000    5.000000 ^ input external delay
     1    0.002468    0.018319    0.009153    5.009153 ^ SrcB[14] (in)
                                                         SrcB[14] (net)
                      0.018319    0.000000    5.009153 ^ input26/A (sky130_fd_sc_hd__dlymetal6s2s_1)
     5    0.018097    0.197110    0.186543    5.195696 ^ input26/X (sky130_fd_sc_hd__dlymetal6s2s_1)
                                                         net26 (net)
                      0.197113    0.000559    5.196255 ^ _725_/A (sky130_fd_sc_hd__xor2_1)
     2    0.004542    0.043003    0.104915    5.301169 v _725_/X (sky130_fd_sc_hd__xor2_1)
                                                         _290_ (net)
                      0.043003    0.000123    5.301293 v _726_/B (sky130_fd_sc_hd__nand2_1)
     1    0.002968    0.039612    0.061241    5.362534 ^ _726_/Y (sky130_fd_sc_hd__nand2_1)
                                                         _291_ (net)
                      0.039612    0.000087    5.362620 ^ _728_/A (sky130_fd_sc_hd__nand2_1)
     2    0.007537    0.060660    0.066839    5.429459 v _728_/Y (sky130_fd_sc_hd__nand2_1)
                                                         _293_ (net)
                      0.060662    0.000218    5.429677 v _732_/A (sky130_fd_sc_hd__nand2_1)
     1    0.002739    0.038684    0.059702    5.489378 ^ _732_/Y (sky130_fd_sc_hd__nand2_1)
                                                         _297_ (net)
                      0.038684    0.000078    5.489457 ^ _744_/A3 (sky130_fd_sc_hd__a31o_1)
     2    0.005438    0.062892    0.151105    5.640562 ^ _744_/X (sky130_fd_sc_hd__a31o_1)
                                                         net42 (net)
                      0.062892    0.000125    5.640687 ^ output42/A (sky130_fd_sc_hd__buf_2)
     1    0.034490    0.171316    0.205322    5.846008 ^ output42/X (sky130_fd_sc_hd__buf_2)
                                                         ALU_result[14] (net)
                      0.171317    0.000797    5.846805 ^ ALU_result[14] (out)
                                              5.846805   data arrival time

                      0.000000    0.000000    0.000000   clock __VIRTUAL_CLK__ (rise edge)
                                  0.000000    0.000000   clock network delay (ideal)
                                  0.250000    0.250000   clock uncertainty
                                  0.000000    0.250000   clock reconvergence pessimism
                                 -5.000000   -4.750000   output external delay
                                             -4.750000   data required time
---------------------------------------------------------------------------------------------
                                             -4.750000   data required time
                                             -5.846805   data arrival time
---------------------------------------------------------------------------------------------
                                             10.596806   slack (MET)


Startpoint: SrcB[15] (input port clocked by __VIRTUAL_CLK__)
Endpoint: zero (output port clocked by __VIRTUAL_CLK__)
Path Group: __VIRTUAL_CLK__
Path Type: min

Fanout         Cap        Slew       Delay        Time   Description
---------------------------------------------------------------------------------------------
                      0.000000    0.000000    0.000000   clock __VIRTUAL_CLK__ (rise edge)
                                  0.000000    0.000000   clock network delay (ideal)
                                  5.000000    5.000000 ^ input external delay
     1    0.002837    0.019891    0.010446    5.010447 ^ SrcB[15] (in)
                                                         SrcB[15] (net)
                      0.019891    0.000000    5.010447 ^ input27/A (sky130_fd_sc_hd__buf_1)
     3    0.009211    0.115694    0.122789    5.133235 ^ input27/X (sky130_fd_sc_hd__buf_1)
                                                         net27 (net)
                      0.115695    0.000255    5.133491 ^ _755_/A1 (sky130_fd_sc_hd__a221o_1)
     1    0.002862    0.045780    0.154852    5.288342 ^ _755_/X (sky130_fd_sc_hd__a221o_1)
                                                         _319_ (net)
                      0.045780    0.000082    5.288424 ^ _757_/A2 (sky130_fd_sc_hd__a21oi_1)
     1    0.004626    0.032375    0.068328    5.356752 v _757_/Y (sky130_fd_sc_hd__a21oi_1)
                                                         _321_ (net)
                      0.032375    0.000161    5.356913 v _761_/B1 (sky130_fd_sc_hd__o211a_1)
     2    0.007433    0.051349    0.136665    5.493578 v _761_/X (sky130_fd_sc_hd__o211a_1)
                                                         _325_ (net)
                      0.051350    0.000251    5.493829 v _768_/C (sky130_fd_sc_hd__and4b_1)
     1    0.002176    0.032568    0.178028    5.671857 v _768_/X (sky130_fd_sc_hd__and4b_1)
                                                         net53 (net)
                      0.032568    0.000062    5.671919 v output53/A (sky130_fd_sc_hd__buf_2)
     1    0.034595    0.090374    0.175235    5.847154 v output53/X (sky130_fd_sc_hd__buf_2)
                                                         zero (net)
                      0.090381    0.000812    5.847966 v zero (out)
                                              5.847966   data arrival time

                      0.000000    0.000000    0.000000   clock __VIRTUAL_CLK__ (rise edge)
                                  0.000000    0.000000   clock network delay (ideal)
                                  0.250000    0.250000   clock uncertainty
                                  0.000000    0.250000   clock reconvergence pessimism
                                 -5.000000   -4.750000   output external delay
                                             -4.750000   data required time
---------------------------------------------------------------------------------------------
                                             -4.750000   data required time
                                             -5.847966   data arrival time
---------------------------------------------------------------------------------------------
                                             10.597965   slack (MET)


Startpoint: SrcA[3] (input port clocked by __VIRTUAL_CLK__)
Endpoint: ALU_result[3] (output port clocked by __VIRTUAL_CLK__)
Path Group: __VIRTUAL_CLK__
Path Type: min

Fanout         Cap        Slew       Delay        Time   Description
---------------------------------------------------------------------------------------------
                      0.000000    0.000000    0.000000   clock __VIRTUAL_CLK__ (rise edge)
                                  0.000000    0.000000   clock network delay (ideal)
                                  5.000000    5.000000 ^ input external delay
     1    0.003110    0.021069    0.011407    5.011407 ^ SrcA[3] (in)
                                                         SrcA[3] (net)
                      0.021069    0.000000    5.011407 ^ input14/A (sky130_fd_sc_hd__buf_1)
     5    0.015507    0.187190    0.172566    5.183973 ^ input14/X (sky130_fd_sc_hd__buf_1)
                                                         net14 (net)
                      0.187191    0.000394    5.184367 ^ _492_/A2 (sky130_fd_sc_hd__o211a_1)
     1    0.003249    0.044831    0.160291    5.344658 ^ _492_/X (sky130_fd_sc_hd__o211a_1)
                                                         _068_ (net)
                      0.044831    0.000069    5.344727 ^ _497_/B1 (sky130_fd_sc_hd__a211o_1)
     1    0.004158    0.046719    0.097208    5.441936 ^ _497_/X (sky130_fd_sc_hd__a211o_1)
                                                         _073_ (net)
                      0.046719    0.000139    5.442074 ^ _501_/C1 (sky130_fd_sc_hd__a221o_1)
     1    0.005723    0.066512    0.116743    5.558817 ^ _501_/X (sky130_fd_sc_hd__a221o_1)
                                                         _077_ (net)
                      0.066512    0.000226    5.559043 ^ _502_/B1 (sky130_fd_sc_hd__a21o_1)
     2    0.004584    0.048982    0.092766    5.651809 ^ _502_/X (sky130_fd_sc_hd__a21o_1)
                                                         net46 (net)
                      0.048982    0.000123    5.651932 ^ output46/A (sky130_fd_sc_hd__buf_2)
     1    0.034145    0.169580    0.199060    5.850993 ^ output46/X (sky130_fd_sc_hd__buf_2)
                                                         ALU_result[3] (net)
                      0.169580    0.000699    5.851692 ^ ALU_result[3] (out)
                                              5.851692   data arrival time

                      0.000000    0.000000    0.000000   clock __VIRTUAL_CLK__ (rise edge)
                                  0.000000    0.000000   clock network delay (ideal)
                                  0.250000    0.250000   clock uncertainty
                                  0.000000    0.250000   clock reconvergence pessimism
                                 -5.000000   -4.750000   output external delay
                                             -4.750000   data required time
---------------------------------------------------------------------------------------------
                                             -4.750000   data required time
                                             -5.851692   data arrival time
---------------------------------------------------------------------------------------------
                                             10.601692   slack (MET)


Startpoint: SrcA[6] (input port clocked by __VIRTUAL_CLK__)
Endpoint: ALU_result[7] (output port clocked by __VIRTUAL_CLK__)
Path Group: __VIRTUAL_CLK__
Path Type: min

Fanout         Cap        Slew       Delay        Time   Description
---------------------------------------------------------------------------------------------
                      0.000000    0.000000    0.000000   clock __VIRTUAL_CLK__ (rise edge)
                                  0.000000    0.000000   clock network delay (ideal)
                                  5.000000    5.000000 v input external delay
     1    0.003189    0.009535    0.005093    5.005093 v SrcA[6] (in)
                                                         SrcA[6] (net)
                      0.009536    0.000000    5.005093 v input17/A (sky130_fd_sc_hd__clkbuf_1)
     2    0.008923    0.058539    0.100573    5.105666 v input17/X (sky130_fd_sc_hd__clkbuf_1)
                                                         net17 (net)
                      0.058539    0.000188    5.105854 v fanout92/A (sky130_fd_sc_hd__buf_2)
    10    0.034038    0.089193    0.185217    5.291071 v fanout92/X (sky130_fd_sc_hd__buf_2)
                                                         net92 (net)
                      0.089201    0.000850    5.291920 v _556_/A (sky130_fd_sc_hd__nand2_1)
     2    0.006976    0.075601    0.099285    5.391205 ^ _556_/Y (sky130_fd_sc_hd__nand2_1)
                                                         _129_ (net)
                      0.075601    0.000190    5.391395 ^ _582_/A (sky130_fd_sc_hd__nand3_1)
     1    0.002672    0.052319    0.066835    5.458230 v _582_/Y (sky130_fd_sc_hd__nand3_1)
                                                         _154_ (net)
                      0.052319    0.000053    5.458282 v _597_/A2 (sky130_fd_sc_hd__a31o_1)
     2    0.006907    0.052781    0.223281    5.681563 v _597_/X (sky130_fd_sc_hd__a31o_1)
                                                         net50 (net)
                      0.052781    0.000163    5.681726 v output50/A (sky130_fd_sc_hd__buf_2)
     1    0.033943    0.088745    0.182880    5.864607 v output50/X (sky130_fd_sc_hd__buf_2)
                                                         ALU_result[7] (net)
                      0.088749    0.000613    5.865220 v ALU_result[7] (out)
                                              5.865220   data arrival time

                      0.000000    0.000000    0.000000   clock __VIRTUAL_CLK__ (rise edge)
                                  0.000000    0.000000   clock network delay (ideal)
                                  0.250000    0.250000   clock uncertainty
                                  0.000000    0.250000   clock reconvergence pessimism
                                 -5.000000   -4.750000   output external delay
                                             -4.750000   data required time
---------------------------------------------------------------------------------------------
                                             -4.750000   data required time
                                             -5.865220   data arrival time
---------------------------------------------------------------------------------------------
                                             10.615220   slack (MET)


Startpoint: SrcB[3] (input port clocked by __VIRTUAL_CLK__)
Endpoint: ALU_result[2] (output port clocked by __VIRTUAL_CLK__)
Path Group: __VIRTUAL_CLK__
Path Type: min

Fanout         Cap        Slew       Delay        Time   Description
---------------------------------------------------------------------------------------------
                      0.000000    0.000000    0.000000   clock __VIRTUAL_CLK__ (rise edge)
                                  0.000000    0.000000   clock network delay (ideal)
                                  5.000000    5.000000 ^ input external delay
     1    0.003068    0.020887    0.011259    5.011260 ^ SrcB[3] (in)
                                                         SrcB[3] (net)
                      0.020887    0.000000    5.011260 ^ input30/A (sky130_fd_sc_hd__clkbuf_1)
     1    0.004071    0.058012    0.082395    5.093654 ^ input30/X (sky130_fd_sc_hd__clkbuf_1)
                                                         net30 (net)
                      0.058012    0.000128    5.093782 ^ fanout70/A (sky130_fd_sc_hd__clkbuf_2)
     6    0.025716    0.144496    0.180020    5.273801 ^ fanout70/X (sky130_fd_sc_hd__clkbuf_2)
                                                         net70 (net)
                      0.144558    0.001193    5.274995 ^ _474_/A1 (sky130_fd_sc_hd__a31o_1)
     1    0.003035    0.042274    0.153345    5.428340 ^ _474_/X (sky130_fd_sc_hd__a31o_1)
                                                         _051_ (net)
                      0.042274    0.000088    5.428428 ^ _475_/A2 (sky130_fd_sc_hd__a21o_1)
     1    0.005492    0.056126    0.118963    5.547391 ^ _475_/X (sky130_fd_sc_hd__a21o_1)
                                                         _052_ (net)
                      0.056126    0.000214    5.547605 ^ _476_/B1 (sky130_fd_sc_hd__a31o_1)
     2    0.005782    0.065837    0.111215    5.658819 ^ _476_/X (sky130_fd_sc_hd__a31o_1)
                                                         net45 (net)
                      0.065837    0.000084    5.658903 ^ output45/A (sky130_fd_sc_hd__buf_2)
     1    0.035376    0.175490    0.209266    5.868169 ^ output45/X (sky130_fd_sc_hd__buf_2)
                                                         ALU_result[2] (net)
                      0.175492    0.000920    5.869090 ^ ALU_result[2] (out)
                                              5.869090   data arrival time

                      0.000000    0.000000    0.000000   clock __VIRTUAL_CLK__ (rise edge)
                                  0.000000    0.000000   clock network delay (ideal)
                                  0.250000    0.250000   clock uncertainty
                                  0.000000    0.250000   clock reconvergence pessimism
                                 -5.000000   -4.750000   output external delay
                                             -4.750000   data required time
---------------------------------------------------------------------------------------------
                                             -4.750000   data required time
                                             -5.869090   data arrival time
---------------------------------------------------------------------------------------------
                                             10.619090   slack (MET)


Startpoint: SrcB[11] (input port clocked by __VIRTUAL_CLK__)
Endpoint: ALU_result[11] (output port clocked by __VIRTUAL_CLK__)
Path Group: __VIRTUAL_CLK__
Path Type: min

Fanout         Cap        Slew       Delay        Time   Description
---------------------------------------------------------------------------------------------
                      0.000000    0.000000    0.000000   clock __VIRTUAL_CLK__ (rise edge)
                                  0.000000    0.000000   clock network delay (ideal)
                                  5.000000    5.000000 ^ input external delay
     1    0.003066    0.020880    0.011259    5.011259 ^ SrcB[11] (in)
                                                         SrcB[11] (net)
                      0.020880    0.000000    5.011259 ^ input23/A (sky130_fd_sc_hd__dlymetal6s2s_1)
     5    0.020871    0.223026    0.205452    5.216711 ^ input23/X (sky130_fd_sc_hd__dlymetal6s2s_1)
                                                         net23 (net)
                      0.223031    0.000854    5.217565 ^ _674_/A2 (sky130_fd_sc_hd__o211a_1)
     1    0.001835    0.035400    0.155951    5.373516 ^ _674_/X (sky130_fd_sc_hd__o211a_1)
                                                         _242_ (net)
                      0.035400    0.000036    5.373551 ^ _676_/C (sky130_fd_sc_hd__or4_1)
     1    0.003530    0.043700    0.096361    5.469913 ^ _676_/X (sky130_fd_sc_hd__or4_1)
                                                         _244_ (net)
                      0.043700    0.000107    5.470020 ^ _677_/C1 (sky130_fd_sc_hd__a211o_1)
     1    0.004722    0.051228    0.096242    5.566262 ^ _677_/X (sky130_fd_sc_hd__a211o_1)
                                                         _245_ (net)
                      0.051228    0.000167    5.566429 ^ _678_/B1 (sky130_fd_sc_hd__a31o_1)
     2    0.005883    0.066691    0.110300    5.676729 ^ _678_/X (sky130_fd_sc_hd__a31o_1)
                                                         net39 (net)
                      0.066691    0.000134    5.676863 ^ output39/A (sky130_fd_sc_hd__buf_2)
     1    0.034888    0.173213    0.207983    5.884846 ^ output39/X (sky130_fd_sc_hd__buf_2)
                                                         ALU_result[11] (net)
                      0.173215    0.000887    5.885733 ^ ALU_result[11] (out)
                                              5.885733   data arrival time

                      0.000000    0.000000    0.000000   clock __VIRTUAL_CLK__ (rise edge)
                                  0.000000    0.000000   clock network delay (ideal)
                                  0.250000    0.250000   clock uncertainty
                                  0.000000    0.250000   clock reconvergence pessimism
                                 -5.000000   -4.750000   output external delay
                                             -4.750000   data required time
---------------------------------------------------------------------------------------------
                                             -4.750000   data required time
                                             -5.885733   data arrival time
---------------------------------------------------------------------------------------------
                                             10.635733   slack (MET)



