Reading OpenROAD database at '/home/githi/openlane2/my_designs/Register_file/runs/RUN_2025-11-16_16-40-53/23-openroad-globalplacementskipio/Register_file.odb'…
Reading library file at '/home/githi/.volare/volare/sky130/versions/0fe599b2afb6708d281543108caf8310912f54af/sky130A/libs.ref/sky130_fd_sc_hd/lib/sky130_fd_sc_hd__tt_025C_1v80.lib'…
Reading design constraints file at '/nix/store/hp4xwjqw4rax5g0gz3fivr2n1hy2sig4-python3-3.11.9-env/lib/python3.11/site-packages/openlane/scripts/base.sdc'…
[INFO] Using clock clk…
[INFO] Setting output delay to: 5
[INFO] Setting input delay to: 5
[INFO] Setting load to: 0.033442
[INFO] Setting clock uncertainty to: 0.25
[INFO] Setting clock transition to: 0.1499999999999999944488848768742172978818416595458984375
[INFO] Setting timing derate to: 5%
[INFO] place_pins args: -min_distance 3
Found 0 macro blocks.
[INFO PPL-0010] Tentative 0 to set up sections.
[INFO PPL-0001] Number of slots           150
[INFO PPL-0002] Number of I/O             59
[INFO PPL-0003] Number of I/O w/sink      59
[INFO PPL-0004] Number of I/O w/o sink    0
[INFO PPL-0005] Slots per section         200
[INFO PPL-0006] Slots increase factor     0.01
[INFO PPL-0008] Successfully assigned pins to sections.
[INFO PPL-0012] I/O nets HPWL: 3536.28 um.
Setting global connections for newly added cells…
[INFO] Setting global connections...
Updating metrics…
Cell type report:                       Count       Area
  Fill cell                                78     292.78
  Tap cell                                164     205.20
  Sequential cell                         112    2382.28
  Multi-Input combinational cell          286    3318.18
  Total                                   640    6198.44
Writing OpenROAD database to '/home/githi/openlane2/my_designs/Register_file/runs/RUN_2025-11-16_16-40-53/24-openroad-ioplacement/Register_file.odb'…
Writing netlist to '/home/githi/openlane2/my_designs/Register_file/runs/RUN_2025-11-16_16-40-53/24-openroad-ioplacement/Register_file.nl.v'…
Writing powered netlist to '/home/githi/openlane2/my_designs/Register_file/runs/RUN_2025-11-16_16-40-53/24-openroad-ioplacement/Register_file.pnl.v'…
Writing layout to '/home/githi/openlane2/my_designs/Register_file/runs/RUN_2025-11-16_16-40-53/24-openroad-ioplacement/Register_file.def'…
Writing timing constraints to '/home/githi/openlane2/my_designs/Register_file/runs/RUN_2025-11-16_16-40-53/24-openroad-ioplacement/Register_file.sdc'…
