94. Printing statistics.

=== Control_unit ===

   Number of wires:                 52
   Number of wire bits:             61
   Number of public wires:          10
   Number of public wire bits:      19
   Number of ports:                 10
   Number of port bits:             19
   Number of memories:               0
   Number of memory bits:            0
   Number of processes:              0
   Number of cells:                 53
     $_ANDNOT_                      22
     $_AND_                          2
     $_MUX_                          2
     $_NAND_                         4
     $_NOR_                          3
     $_NOT_                          2
     $_ORNOT_                        6
     $_OR_                          11
     $_XNOR_                         1

   Area for cell type $_NOT_ is unknown!
   Area for cell type $_AND_ is unknown!
   Area for cell type $_NAND_ is unknown!
   Area for cell type $_OR_ is unknown!
   Area for cell type $_NOR_ is unknown!
   Area for cell type $_XNOR_ is unknown!
   Area for cell type $_ANDNOT_ is unknown!
   Area for cell type $_ORNOT_ is unknown!
   Area for cell type $_MUX_ is unknown!

