108. Printing statistics.

=== Control_unit ===

   Number of wires:                 21
   Number of wire bits:             30
   Number of public wires:          10
   Number of public wire bits:      19
   Number of ports:                 10
   Number of port bits:             19
   Number of memories:               0
   Number of memory bits:            0
   Number of processes:              0
   Number of cells:                 22
     sky130_fd_sc_hd__a21o_2         1
     sky130_fd_sc_hd__a221o_2        1
     sky130_fd_sc_hd__a22o_2         1
     sky130_fd_sc_hd__a31o_2         1
     sky130_fd_sc_hd__a32o_2         1
     sky130_fd_sc_hd__and2_2         1
     sky130_fd_sc_hd__and2b_2        2
     sky130_fd_sc_hd__and3b_2        3
     sky130_fd_sc_hd__and4_2         1
     sky130_fd_sc_hd__inv_2          1
     sky130_fd_sc_hd__nand2_2        1
     sky130_fd_sc_hd__nand2b_2       1
     sky130_fd_sc_hd__nor2_2         1
     sky130_fd_sc_hd__nor3_2         1
     sky130_fd_sc_hd__nor4_2         1
     sky130_fd_sc_hd__o21ai_2        1
     sky130_fd_sc_hd__or2_2          2
     sky130_fd_sc_hd__xor2_2         1

   Chip area for module '\Control_unit': 200.192000
     of which used for sequential elements: 0.000000 (0.00%)

