Reading OpenROAD database at '/home/githi/openlane2/my_designs/Control_unit/runs/RUN_2025-11-16_16-53-36/18-openroad-tapendcapinsertion/Control_unit.odb'…
Reading library file at '/home/githi/.volare/volare/sky130/versions/0fe599b2afb6708d281543108caf8310912f54af/sky130A/libs.ref/sky130_fd_sc_hd/lib/sky130_fd_sc_hd__tt_025C_1v80.lib'…
Reading design constraints file at '/nix/store/hp4xwjqw4rax5g0gz3fivr2n1hy2sig4-python3-3.11.9-env/lib/python3.11/site-packages/openlane/scripts/base.sdc'…
[WARNING STA-0366] port 'clk' not found.
[INFO] Using clock clk…
[INFO] Setting output delay to: 5
[INFO] Setting input delay to: 5
[WARNING STA-0366] port 'clk' not found.
[INFO] Setting load to: 0.033442
[INFO] Setting clock uncertainty to: 0.25
[INFO] Setting clock transition to: 0.1499999999999999944488848768742172978818416595458984375
[WARNING STA-0419] transition time can not be specified for virtual clocks.
[INFO] Setting timing derate to: 5%
[WARNING STA-0450] virtual clock clk can not be propagated.
[INFO] Setting global connections...
[INFO PDN-0001] Inserting grid: stdcell_grid
Setting global connections for newly added cells…
[INFO] Setting global connections...
Updating metrics…
Cell type report:                       Count       Area
  Fill cell                                16      60.06
  Tap cell                                  5       6.26
  Inverter                                  1       3.75
  Multi-Input combinational cell           21     196.44
  Total                                    43     266.51
Writing OpenROAD database to '/home/githi/openlane2/my_designs/Control_unit/runs/RUN_2025-11-16_16-53-36/20-openroad-generatepdn/Control_unit.odb'…
Writing netlist to '/home/githi/openlane2/my_designs/Control_unit/runs/RUN_2025-11-16_16-53-36/20-openroad-generatepdn/Control_unit.nl.v'…
Writing powered netlist to '/home/githi/openlane2/my_designs/Control_unit/runs/RUN_2025-11-16_16-53-36/20-openroad-generatepdn/Control_unit.pnl.v'…
Writing layout to '/home/githi/openlane2/my_designs/Control_unit/runs/RUN_2025-11-16_16-53-36/20-openroad-generatepdn/Control_unit.def'…
Writing timing constraints to '/home/githi/openlane2/my_designs/Control_unit/runs/RUN_2025-11-16_16-53-36/20-openroad-generatepdn/Control_unit.sdc'…
[INFO PSM-0040] All shapes on net VPWR are connected.
[INFO PSM-0040] All shapes on net VGND are connected.
