Reading OpenROAD database at '/Users/talhaibrahim/my_designs/alu/runs/RUN_2025-11-04_14-58-09/23-openroad-globalplacementskipio/ALU.odb'…
Reading library file at '/Users/talhaibrahim/.volare/volare/sky130/versions/0fe599b2afb6708d281543108caf8310912f54af/sky130A/libs.ref/sky130_fd_sc_hd/lib/sky130_fd_sc_hd__tt_025C_1v80.lib'…
Reading design constraints file at '/nix/store/b5k0h8cjlpypdp7lb98p9n8qqanyralc-python3-3.11.9-env/lib/python3.11/site-packages/openlane/scripts/base.sdc'…
[WARNING STA-0366] port '__VIRTUAL_CLK__' not found.
[INFO] Using clock __VIRTUAL_CLK__…
[INFO] Setting output delay to: 5
[INFO] Setting input delay to: 5
[WARNING STA-0366] port '__VIRTUAL_CLK__' not found.
[INFO] Setting load to: 0.033442
[INFO] Setting clock uncertainty to: 0.25
[INFO] Setting clock transition to: 0.1499999999999999944488848768742172978818416595458984375
[WARNING STA-0419] transition time can not be specified for virtual clocks.
[INFO] Setting timing derate to: 5%
[WARNING STA-0450] virtual clock __VIRTUAL_CLK__ can not be propagated.
[INFO] place_pins args: -min_distance 3
Found 0 macro blocks.
[INFO PPL-0010] Tentative 0 to set up sections.
[INFO PPL-0001] Number of slots           128
[INFO PPL-0002] Number of I/O             53
[INFO PPL-0003] Number of I/O w/sink      53
[INFO PPL-0004] Number of I/O w/o sink    0
[INFO PPL-0005] Slots per section         200
[INFO PPL-0006] Slots increase factor     0.01
[INFO PPL-0008] Successfully assigned pins to sections.
[INFO PPL-0012] I/O nets HPWL: 2861.66 um.
Setting global connections for newly added cells…
[INFO] Setting global connections...
Updating metrics…
Cell type report:                       Count       Area
  Fill cell                                64     240.23
  Tap cell                                102     127.62
  Inverter                                 12      45.04
  Multi-Input combinational cell          381    3926.27
  Total                                   559    4339.16
Writing OpenROAD database to '/Users/talhaibrahim/my_designs/alu/runs/RUN_2025-11-04_14-58-09/24-openroad-ioplacement/ALU.odb'…
Writing netlist to '/Users/talhaibrahim/my_designs/alu/runs/RUN_2025-11-04_14-58-09/24-openroad-ioplacement/ALU.nl.v'…
Writing powered netlist to '/Users/talhaibrahim/my_designs/alu/runs/RUN_2025-11-04_14-58-09/24-openroad-ioplacement/ALU.pnl.v'…
Writing layout to '/Users/talhaibrahim/my_designs/alu/runs/RUN_2025-11-04_14-58-09/24-openroad-ioplacement/ALU.def'…
Writing timing constraints to '/Users/talhaibrahim/my_designs/alu/runs/RUN_2025-11-04_14-58-09/24-openroad-ioplacement/ALU.sdc'…
