
===========================================================================
report_checks -unconstrained
===========================================================================
======================= max_tt_025C_1v80 Corner ===================================

Startpoint: ImmSrc[0] (input port clocked by __VIRTUAL_CLK__)
Endpoint: ImmExt[6] (output port clocked by __VIRTUAL_CLK__)
Path Group: __VIRTUAL_CLK__
Path Type: max

Fanout         Cap        Slew       Delay        Time   Description
---------------------------------------------------------------------------------------------
                      0.000000    0.000000    0.000000   clock __VIRTUAL_CLK__ (rise edge)
                                  0.000000    0.000000   clock network delay (ideal)
                                  5.000000    5.000000 ^ input external delay
     1    0.002849    0.019943    0.010535    5.010535 ^ ImmSrc[0] (in)
                                                         ImmSrc[0] (net)
                      0.019943    0.000000    5.010535 ^ input1/A (sky130_fd_sc_hd__buf_1)
     3    0.011304    0.139490    0.139010    5.149545 ^ input1/X (sky130_fd_sc_hd__buf_1)
                                                         net1 (net)
                      0.139494    0.000668    5.150213 ^ fanout31/A (sky130_fd_sc_hd__buf_2)
    10    0.031487    0.157306    0.220987    5.371200 ^ fanout31/X (sky130_fd_sc_hd__buf_2)
                                                         net31 (net)
                      0.157399    0.002119    5.373319 ^ _15_/A_N (sky130_fd_sc_hd__nand2b_4)
     9    0.042011    0.141140    0.224746    5.598065 ^ _15_/Y (sky130_fd_sc_hd__nand2b_4)
                                                         _03_ (net)
                      0.141374    0.004594    5.602659 ^ _16_/S (sky130_fd_sc_hd__mux2_1)
     1    0.003159    0.057382    0.335822    5.938481 v _16_/X (sky130_fd_sc_hd__mux2_1)
                                                         net25 (net)
                      0.057382    0.000191    5.938673 v output25/A (sky130_fd_sc_hd__buf_2)
     1    0.034377    0.090080    0.185004    6.123676 v output25/X (sky130_fd_sc_hd__buf_2)
                                                         ImmExt[6] (net)
                      0.090112    0.001593    6.125269 v ImmExt[6] (out)
                                              6.125269   data arrival time

                      0.000000   25.000000   25.000000   clock __VIRTUAL_CLK__ (rise edge)
                                  0.000000   25.000000   clock network delay (ideal)
                                 -0.250000   24.750000   clock uncertainty
                                  0.000000   24.750000   clock reconvergence pessimism
                                 -5.000000   19.750000   output external delay
                                             19.750000   data required time
---------------------------------------------------------------------------------------------
                                             19.750000   data required time
                                             -6.125269   data arrival time
---------------------------------------------------------------------------------------------
                                             13.624730   slack (MET)




===========================================================================
report_checks --slack_max -0.01
============================================================================
======================= max_tt_025C_1v80 Corner ===================================

No paths found.


===========================================================================
 report_check_types -max_slew -max_cap -max_fanout -violators
============================================================================
======================= max_tt_025C_1v80 Corner ===================================



===========================================================================
report_parasitic_annotation -report_unannotated
============================================================================
Found 6 unannotated drivers.
 instr[0]
 instr[1]
 instr[2]
 instr[3]
 instr[4]
 instr[5]
Found 0 partially unannotated drivers.

===========================================================================
max slew violation count 0
max fanout violation count 0
max cap violation count 0
============================================================================

===========================================================================
check_setup -verbose -unconstrained_endpoints -multiple_clock -no_clock -no_input_delay -loops -generated_clocks
===========================================================================
