Reading timing models for corner nom_tt_025C_1v80…
Reading timing library for the 'nom_tt_025C_1v80' corner at '/home/kuman/.volare/volare/sky130/versions/0fe599b2afb6708d281543108caf8310912f54af/sky130A/libs.ref/sky130_fd_sc_hd/lib/sky130_fd_sc_hd__tt_025C_1v80.lib'…
Reading timing models for corner nom_ff_n40C_1v95…
Reading timing library for the 'nom_ff_n40C_1v95' corner at '/home/kuman/.volare/volare/sky130/versions/0fe599b2afb6708d281543108caf8310912f54af/sky130A/libs.ref/sky130_fd_sc_hd/lib/sky130_fd_sc_hd__ff_n40C_1v95.lib'…
Reading timing models for corner nom_ss_100C_1v60…
Reading timing library for the 'nom_ss_100C_1v60' corner at '/home/kuman/.volare/volare/sky130/versions/0fe599b2afb6708d281543108caf8310912f54af/sky130A/libs.ref/sky130_fd_sc_hd/lib/sky130_fd_sc_hd__ss_100C_1v60.lib'…
Reading OpenROAD database at '/home/kuman/my_designs/instruction_memory/runs/RUN_2025-11-17_17-05-55/27-openroad-globalplacement/Instruction_Memory_16.odb'…
Reading design constraints file at '/nix/store/ss2cw3sxbrwwx9jl0rrppbw4kgcmgi2n-python3-3.11.9-env/lib/python3.11/site-packages/openlane/scripts/base.sdc'…
[INFO] Using clock clk…
[INFO] Setting output delay to: 2
[INFO] Setting input delay to: 2
[INFO] Setting load to: 0.033442
[INFO] Setting clock uncertainty to: 0.25
[INFO] Setting clock transition to: 0.1499999999999999944488848768742172978818416595458984375
[INFO] Setting timing derate to: 5%
[INFO] Setting RC values…
[INFO RSZ-0027] Inserted 15 input buffers.
[INFO RSZ-0028] Inserted 16 output buffers.
[INFO RSZ-0058] Using max wire length 6335um.
Iteration | Resized | Buffers | Nets repaired | Remaining
---------------------------------------------------------
        0 |       0 |       0 |             0 |       122
       10 |       9 |       0 |             0 |       112
       20 |      19 |       0 |             0 |       102
       30 |      29 |       0 |             0 |        92
       40 |      39 |       0 |             0 |        82
       50 |      49 |       1 |             1 |        72
       60 |      59 |       1 |             1 |        62
       70 |      69 |       1 |             1 |        52
       80 |      78 |       1 |             1 |        42
       90 |      85 |       1 |             1 |        32
      100 |      95 |       4 |             3 |        22
      110 |     100 |       4 |             3 |        12
      120 |     100 |       4 |             3 |         2
    final |     100 |       4 |             3 |         0
---------------------------------------------------------
[INFO RSZ-0034] Found 1 slew violations.
[INFO RSZ-0035] Found 2 fanout violations.
[INFO RSZ-0038] Inserted 4 buffers in 3 nets.
[INFO RSZ-0039] Resized 100 instances.
Placement Analysis
---------------------------------
total displacement        161.9 u
average displacement        0.4 u
max displacement            4.6 u
original HPWL            2644.3 u
legalized HPWL           2687.9 u
delta HPWL                    2 %

[INFO DPL-0020] Mirrored 43 instances
[INFO DPL-0021] HPWL before            2687.9 u
[INFO DPL-0022] HPWL after             2588.9 u
[INFO DPL-0023] HPWL delta               -3.7 %
[INFO] Setting RC values…
Setting global connections for newly added cells…
[INFO] Setting global connections...
Updating metrics…
Cell type report:                       Count       Area
  Fill cell                                92     345.33
  Tap cell                                216     270.26
  Buffer                                    2       7.51
  Timing Repair Buffer                     35     171.41
  Inverter                                  4      15.01
  Sequential cell                          14     280.27
  Multi-Input combinational cell           54     384.12
  Total                                   417    1473.91
Writing OpenROAD database to '/home/kuman/my_designs/instruction_memory/runs/RUN_2025-11-17_17-05-55/31-openroad-repairdesignpostgpl/Instruction_Memory_16.odb'…
Writing netlist to '/home/kuman/my_designs/instruction_memory/runs/RUN_2025-11-17_17-05-55/31-openroad-repairdesignpostgpl/Instruction_Memory_16.nl.v'…
Writing powered netlist to '/home/kuman/my_designs/instruction_memory/runs/RUN_2025-11-17_17-05-55/31-openroad-repairdesignpostgpl/Instruction_Memory_16.pnl.v'…
Writing layout to '/home/kuman/my_designs/instruction_memory/runs/RUN_2025-11-17_17-05-55/31-openroad-repairdesignpostgpl/Instruction_Memory_16.def'…
Writing timing constraints to '/home/kuman/my_designs/instruction_memory/runs/RUN_2025-11-17_17-05-55/31-openroad-repairdesignpostgpl/Instruction_Memory_16.sdc'…
