Clock: clk
Sources: clk 
Generated: no
Virtual: no
Propagated: no
Period: 25.000000

===========================================================================
report_clock_properties
============================================================================
Clock                   Period          Waveform
----------------------------------------------------
clk                  25.000000    0.000000 12.500000

===========================================================================
report_clock_latency
============================================================================
Clock clk
rise -> rise
    min     max
0.000000 0.000000 source latency
0.582444         network latency _550_/CLK
        0.582444 network latency _550_/CLK
---------------
0.582444 0.582444 latency
        0.000000 skew

fall -> fall
    min     max
0.000000 0.000000 source latency
0.248919         network latency _550_/CLK
        0.248919 network latency _550_/CLK
---------------
0.248919 0.248919 latency
        0.000000 skew



===========================================================================
report_clock_min_period
============================================================================
clk period_min = 0.67 fmax = 1497.41
