Reading OpenROAD database at '/Users/talhaibrahim/my_designs/alu/runs/RUN_2025-11-04_14-58-09/24-openroad-ioplacement/ALU.odb'…
Reading library file at '/Users/talhaibrahim/.volare/volare/sky130/versions/0fe599b2afb6708d281543108caf8310912f54af/sky130A/libs.ref/sky130_fd_sc_hd/lib/sky130_fd_sc_hd__tt_025C_1v80.lib'…
Reading design constraints file at '/nix/store/b5k0h8cjlpypdp7lb98p9n8qqanyralc-python3-3.11.9-env/lib/python3.11/site-packages/openlane/scripts/base.sdc'…
[WARNING STA-0366] port '__VIRTUAL_CLK__' not found.
[INFO] Using clock __VIRTUAL_CLK__…
[INFO] Setting output delay to: 5
[INFO] Setting input delay to: 5
[WARNING STA-0366] port '__VIRTUAL_CLK__' not found.
[INFO] Setting load to: 0.033442
[INFO] Setting clock uncertainty to: 0.25
[INFO] Setting clock transition to: 0.1499999999999999944488848768742172978818416595458984375
[WARNING STA-0419] transition time can not be specified for virtual clocks.
[INFO] Setting timing derate to: 5%
[WARNING STA-0450] virtual clock __VIRTUAL_CLK__ can not be propagated.
[INFO] Setting RC values…
[INFO] Setting signal min routing layer to: met1 and clock min routing layer to met1. 
[INFO] Setting signal max routing layer to: met5 and clock max routing layer to met5. 
+ global_placement -density 0.63044 -timing_driven -routability_driven -pad_right 0 -pad_left 0 -init_wirelength_coef 0.25
[INFO GPL-0002] DBU: 1000
[INFO GPL-0003] SiteSize: (  0.460  2.720 ) um
[INFO GPL-0004] CoreBBox: (  5.520 10.880 ) ( 94.300 97.920 ) um
[INFO GPL-0006] NumInstances:               559
[INFO GPL-0007] NumPlaceInstances:          393
[INFO GPL-0008] NumFixedInstances:          166
[INFO GPL-0009] NumDummyInstances:            0
[INFO GPL-0010] NumNets:                    429
[INFO GPL-0011] NumPins:                   1713
[INFO GPL-0012] DieBBox:  (  0.000  0.000 ) ( 100.160 110.880 ) um
[INFO GPL-0013] CoreBBox: (  5.520 10.880 ) ( 94.300 97.920 ) um
[INFO GPL-0016] CoreArea:              7727.411 um^2
[INFO GPL-0017] NonPlaceInstsArea:      367.853 um^2
[INFO GPL-0018] PlaceInstsArea:        3971.309 um^2
[INFO GPL-0019] Util:                    53.961 %
[INFO GPL-0020] StdInstsArea:          3971.309 um^2
[INFO GPL-0021] MacroInstsArea:           0.000 um^2
[InitialPlace]  Iter: 1 CG residual: 0.00000010 HPWL: 11414294
[InitialPlace]  Iter: 2 CG residual: 0.00000012 HPWL: 6857491
[InitialPlace]  Iter: 3 CG residual: 0.00000009 HPWL: 6854550
[InitialPlace]  Iter: 4 CG residual: 0.00000012 HPWL: 6875090
[InitialPlace]  Iter: 5 CG residual: 0.00000010 HPWL: 6870097
[INFO GPL-0031] FillerInit:NumGCells:       461
[INFO GPL-0032] FillerInit:NumGNets:        429
[INFO GPL-0033] FillerInit:NumGPins:       1713
[INFO GPL-0023] TargetDensity:            0.630
[INFO GPL-0024] AvrgPlaceInstArea:       10.105 um^2
[INFO GPL-0025] IdealBinArea:            16.029 um^2
[INFO GPL-0026] IdealBinCnt:                482
[INFO GPL-0027] TotalBinArea:          7727.411 um^2
[INFO GPL-0028] BinCnt:        16     16
[INFO GPL-0029] BinSize: (  5.549  5.440 )
[INFO GPL-0030] NumBins: 256
[NesterovSolve] Iter:    1 overflow: 0.924 HPWL: 4458015
[NesterovSolve] Iter:   10 overflow: 0.820 HPWL: 5304484
[NesterovSolve] Iter:   20 overflow: 0.800 HPWL: 5360159
[NesterovSolve] Iter:   30 overflow: 0.810 HPWL: 5313947
[NesterovSolve] Iter:   40 overflow: 0.808 HPWL: 5327774
[NesterovSolve] Iter:   50 overflow: 0.809 HPWL: 5325148
[NesterovSolve] Iter:   60 overflow: 0.809 HPWL: 5323996
[NesterovSolve] Iter:   70 overflow: 0.808 HPWL: 5327631
[NesterovSolve] Iter:   80 overflow: 0.808 HPWL: 5326579
[NesterovSolve] Iter:   90 overflow: 0.808 HPWL: 5328744
[NesterovSolve] Iter:  100 overflow: 0.808 HPWL: 5330920
[NesterovSolve] Iter:  110 overflow: 0.807 HPWL: 5334626
[NesterovSolve] Iter:  120 overflow: 0.805 HPWL: 5341444
[NesterovSolve] Iter:  130 overflow: 0.803 HPWL: 5351629
[NesterovSolve] Iter:  140 overflow: 0.800 HPWL: 5368228
[NesterovSolve] Iter:  150 overflow: 0.796 HPWL: 5393961
[NesterovSolve] Iter:  160 overflow: 0.792 HPWL: 5432726
[NesterovSolve] Iter:  170 overflow: 0.785 HPWL: 5491621
[INFO GPL-0100] Timing-driven: executing resizer for reweighting nets.
[INFO GPL-0101] Timing-driven: worst slack 1.02e-08
[INFO GPL-0103] Timing-driven: weighted 42 nets.
[NesterovSolve] Iter:  180 overflow: 0.786 HPWL: 5502875
[NesterovSolve] Iter:  190 overflow: 0.765 HPWL: 5668190
[NesterovSolve] Iter:  200 overflow: 0.748 HPWL: 5785784
[NesterovSolve] Iter:  210 overflow: 0.721 HPWL: 5968710
[NesterovSolve] Iter:  220 overflow: 0.689 HPWL: 6182300
[NesterovSolve] Iter:  230 overflow: 0.651 HPWL: 6378219
[INFO GPL-0100] Timing-driven: executing resizer for reweighting nets.
[INFO GPL-0101] Timing-driven: worst slack 1.01e-08
[INFO GPL-0103] Timing-driven: weighted 42 nets.
[NesterovSolve] Iter:  240 overflow: 0.598 HPWL: 6662691
[NesterovSolve] Snapshot saved at iter = 239
[NesterovSolve] Iter:  250 overflow: 0.565 HPWL: 6869927
[NesterovSolve] Iter:  260 overflow: 0.514 HPWL: 7112417
[INFO GPL-0100] Timing-driven: executing resizer for reweighting nets.
[INFO GPL-0101] Timing-driven: worst slack 1.01e-08
[INFO GPL-0103] Timing-driven: weighted 42 nets.
[NesterovSolve] Iter:  270 overflow: 0.458 HPWL: 7357169
[NesterovSolve] Iter:  280 overflow: 0.397 HPWL: 7564108
[NesterovSolve] Iter:  290 overflow: 0.344 HPWL: 7729753
[NesterovSolve] Iter:  300 overflow: 0.304 HPWL: 7823856
[INFO GPL-0075] Routability numCall: 1 inflationIterCnt: 1 bloatIterCnt: 0
[INFO GPL-0036] TileBBox: (    0    0 ) ( 6900 6900 ) DBU
[INFO GPL-0038] TileCnt:      14   16
[INFO GPL-0040] NumTiles: 224
[INFO GPL-0081] TotalRouteOverflow: 0
[INFO GPL-0082] OverflowTileCnt: 0
[INFO GPL-0083] 0.5%RC: 0.9856058359146118
[INFO GPL-0084] 1.0%RC: 0.9448896646499634
[INFO GPL-0085] 2.0%RC: 0.9103607177734375
[INFO GPL-0086] 5.0%RC: 0.8532751252253851
[INFO GPL-0087] FinalRC: 0.96524775
[INFO GPL-0077] FinalRC lower than targetRC(1.01), routability not needed.
[INFO GPL-0100] Timing-driven: executing resizer for reweighting nets.
[INFO GPL-0101] Timing-driven: worst slack 9.85e-09
[INFO GPL-0103] Timing-driven: weighted 42 nets.
[NesterovSolve] Iter:  310 overflow: 0.267 HPWL: 7913550
[NesterovSolve] Iter:  320 overflow: 0.238 HPWL: 8024606
[NesterovSolve] Iter:  330 overflow: 0.209 HPWL: 8110894
[INFO GPL-0100] Timing-driven: executing resizer for reweighting nets.
[INFO GPL-0101] Timing-driven: worst slack 1.01e-08
[INFO GPL-0103] Timing-driven: weighted 42 nets.
[NesterovSolve] Iter:  340 overflow: 0.184 HPWL: 8180474
[NesterovSolve] Iter:  350 overflow: 0.155 HPWL: 8239053
[INFO GPL-0100] Timing-driven: executing resizer for reweighting nets.
[INFO GPL-0101] Timing-driven: worst slack 1.03e-08
[INFO GPL-0103] Timing-driven: weighted 41 nets.
[NesterovSolve] Iter:  360 overflow: 0.131 HPWL: 8285677
[NesterovSolve] Iter:  370 overflow: 0.109 HPWL: 8314911
[NesterovSolve] Finished with Overflow: 0.099902
[INFO] Setting RC values…
Setting global connections for newly added cells…
[INFO] Setting global connections...
Updating metrics…
Cell type report:                       Count       Area
  Fill cell                                64     240.23
  Tap cell                                102     127.62
  Inverter                                 12      45.04
  Multi-Input combinational cell          381    3926.27
  Total                                   559    4339.16
Writing OpenROAD database to '/Users/talhaibrahim/my_designs/alu/runs/RUN_2025-11-04_14-58-09/27-openroad-globalplacement/ALU.odb'…
Writing netlist to '/Users/talhaibrahim/my_designs/alu/runs/RUN_2025-11-04_14-58-09/27-openroad-globalplacement/ALU.nl.v'…
Writing powered netlist to '/Users/talhaibrahim/my_designs/alu/runs/RUN_2025-11-04_14-58-09/27-openroad-globalplacement/ALU.pnl.v'…
Writing layout to '/Users/talhaibrahim/my_designs/alu/runs/RUN_2025-11-04_14-58-09/27-openroad-globalplacement/ALU.def'…
Writing timing constraints to '/Users/talhaibrahim/my_designs/alu/runs/RUN_2025-11-04_14-58-09/27-openroad-globalplacement/ALU.sdc'…
