
===========================================================================
report_checks -unconstrained
===========================================================================
======================= max_ss_100C_1v60 Corner ===================================

Startpoint: A1[2] (input port clocked by clk)
Endpoint: RD1[3] (output port clocked by clk)
Path Group: clk
Path Type: max

Fanout         Cap        Slew       Delay        Time   Description
---------------------------------------------------------------------------------------------
                                  0.000000    0.000000   clock clk (rise edge)
                                  0.000000    0.000000   clock network delay (propagated)
                                  5.000000    5.000000 ^ input external delay
     1    0.003407    0.036295    0.019046    5.019046 ^ A1[2] (in)
                                                         A1[2] (net)
                      0.036295    0.000000    5.019046 ^ input3/A (sky130_fd_sc_hd__buf_1)
     2    0.025884    0.490943    0.431998    5.451045 ^ input3/X (sky130_fd_sc_hd__buf_1)
                                                         net3 (net)
                      0.490957    0.002180    5.453225 ^ fanout94/A (sky130_fd_sc_hd__clkbuf_4)
    10    0.056837    0.280447    0.585132    6.038357 ^ fanout94/X (sky130_fd_sc_hd__clkbuf_4)
                                                         net94 (net)
                      0.280456    0.002280    6.040637 ^ fanout93/A (sky130_fd_sc_hd__buf_2)
    10    0.045934    0.359950    0.496943    6.537581 ^ fanout93/X (sky130_fd_sc_hd__buf_2)
                                                         net93 (net)
                      0.360026    0.005072    6.542653 ^ _264_/A_N (sky130_fd_sc_hd__and2b_1)
     2    0.012890    0.146923    0.546067    7.088720 v _264_/X (sky130_fd_sc_hd__and2b_1)
                                                         _121_ (net)
                      0.146923    0.000572    7.089292 v fanout79/A (sky130_fd_sc_hd__clkbuf_4)
    10    0.055596    0.206590    0.412664    7.501956 v fanout79/X (sky130_fd_sc_hd__clkbuf_4)
                                                         net79 (net)
                      0.206640    0.003172    7.505127 v _276_/B2 (sky130_fd_sc_hd__a22o_1)
     1    0.004328    0.085648    0.425688    7.930815 v _276_/X (sky130_fd_sc_hd__a22o_1)
                                                         _131_ (net)
                      0.085648    0.000311    7.931126 v _277_/A2 (sky130_fd_sc_hd__o21a_1)
     1    0.006201    0.094821    0.345204    8.276330 v _277_/X (sky130_fd_sc_hd__o21a_1)
                                                         net36 (net)
                      0.094822    0.000559    8.276889 v output36/A (sky130_fd_sc_hd__buf_2)
     1    0.034332    0.166442    0.355771    8.632660 v output36/X (sky130_fd_sc_hd__buf_2)
                                                         RD1[3] (net)
                      0.166459    0.001752    8.634413 v RD1[3] (out)
                                              8.634413   data arrival time

                                 25.000000   25.000000   clock clk (rise edge)
                                  0.000000   25.000000   clock network delay (propagated)
                                 -0.250000   24.750000   clock uncertainty
                                  0.000000   24.750000   clock reconvergence pessimism
                                 -5.000000   19.750000   output external delay
                                             19.750000   data required time
---------------------------------------------------------------------------------------------
                                             19.750000   data required time
                                             -8.634413   data arrival time
---------------------------------------------------------------------------------------------
                                             11.115587   slack (MET)




===========================================================================
report_checks --slack_max -0.01
============================================================================
======================= max_ss_100C_1v60 Corner ===================================

No paths found.


===========================================================================
 report_check_types -max_slew -max_cap -max_fanout -violators
============================================================================
======================= max_ss_100C_1v60 Corner ===================================

max fanout

Pin                                   Limit Fanout  Slack
---------------------------------------------------------
clkbuf_3_4__f_clk/X                      10     17     -7 (VIOLATED)
clkbuf_3_6__f_clk/X                      10     17     -7 (VIOLATED)
clkbuf_3_0__f_clk/X                      10     15     -5 (VIOLATED)
clkbuf_3_1__f_clk/X                      10     15     -5 (VIOLATED)
clkbuf_3_2__f_clk/X                      10     14     -4 (VIOLATED)
clkbuf_3_3__f_clk/X                      10     14     -4 (VIOLATED)
clkbuf_3_7__f_clk/X                      10     14     -4 (VIOLATED)
clkbuf_3_5__f_clk/X                      10     13     -3 (VIOLATED)



===========================================================================
report_parasitic_annotation -report_unannotated
============================================================================
Found 7 unannotated drivers.
 clkload0/Y
 clkload1/Y
 clkload2/Y
 clkload3/Y
 clkload4/Y
 clkload5/X
 clkload6/Y
Found 0 partially unannotated drivers.

===========================================================================
max slew violation count 0
max fanout violation count 8
max cap violation count 0
============================================================================

===========================================================================
check_setup -verbose -unconstrained_endpoints -multiple_clock -no_clock -no_input_delay -loops -generated_clocks
===========================================================================
