
===========================================================================
report_checks -path_delay min (Hold)
============================================================================
======================= max_tt_025C_1v80 Corner ===================================

Startpoint: SrcA[0] (input port clocked by __VIRTUAL_CLK__)
Endpoint: ALU_result[0] (output port clocked by __VIRTUAL_CLK__)
Path Group: __VIRTUAL_CLK__
Path Type: min

Fanout         Cap        Slew       Delay        Time   Description
---------------------------------------------------------------------------------------------
                      0.000000    0.000000    0.000000   clock __VIRTUAL_CLK__ (rise edge)
                                  0.000000    0.000000   clock network delay (ideal)
                                  5.000000    5.000000 ^ input external delay
     1    0.002915    0.020226    0.010764    5.010764 ^ SrcA[0] (in)
                                                         SrcA[0] (net)
                      0.020226    0.000000    5.010764 ^ input5/A (sky130_fd_sc_hd__buf_2)
     8    0.040468    0.199363    0.206698    5.217462 ^ input5/X (sky130_fd_sc_hd__buf_2)
                                                         net5 (net)
                      0.199496    0.004250    5.221712 ^ _415_/A1 (sky130_fd_sc_hd__a211o_1)
     2    0.005714    0.059400    0.170492    5.392204 ^ _415_/X (sky130_fd_sc_hd__a211o_1)
                                                         net37 (net)
                      0.059400    0.000325    5.392529 ^ output37/A (sky130_fd_sc_hd__buf_2)
     1    0.035459    0.175898    0.206495    5.599024 ^ output37/X (sky130_fd_sc_hd__buf_2)
                                                         ALU_result[0] (net)
                      0.175978    0.001867    5.600891 ^ ALU_result[0] (out)
                                              5.600891   data arrival time

                      0.000000    0.000000    0.000000   clock __VIRTUAL_CLK__ (rise edge)
                                  0.000000    0.000000   clock network delay (ideal)
                                  0.250000    0.250000   clock uncertainty
                                  0.000000    0.250000   clock reconvergence pessimism
                                 -5.000000   -4.750000   output external delay
                                             -4.750000   data required time
---------------------------------------------------------------------------------------------
                                             -4.750000   data required time
                                             -5.600891   data arrival time
---------------------------------------------------------------------------------------------
                                             10.350890   slack (MET)


Startpoint: ALU_control[3] (input port clocked by __VIRTUAL_CLK__)
Endpoint: ALU_result[10] (output port clocked by __VIRTUAL_CLK__)
Path Group: __VIRTUAL_CLK__
Path Type: min

Fanout         Cap        Slew       Delay        Time   Description
---------------------------------------------------------------------------------------------
                      0.000000    0.000000    0.000000   clock __VIRTUAL_CLK__ (rise edge)
                                  0.000000    0.000000   clock network delay (ideal)
                                  5.000000    5.000000 ^ input external delay
     1    0.003374    0.022229    0.012376    5.012376 ^ ALU_control[3] (in)
                                                         ALU_control[3] (net)
                      0.022231    0.000000    5.012376 ^ input4/A (sky130_fd_sc_hd__clkbuf_2)
     9    0.023845    0.134563    0.160679    5.173055 ^ input4/X (sky130_fd_sc_hd__clkbuf_2)
                                                         net4 (net)
                      0.134617    0.001018    5.174073 ^ _417_/C (sky130_fd_sc_hd__or3_4)
     7    0.048315    0.147808    0.227042    5.401116 ^ _417_/X (sky130_fd_sc_hd__or3_4)
                                                         _371_ (net)
                      0.148169    0.005385    5.406501 ^ _662_/A1 (sky130_fd_sc_hd__o31ai_1)
     2    0.005960    0.062917    0.115865    5.522366 v _662_/Y (sky130_fd_sc_hd__o31ai_1)
                                                         net38 (net)
                      0.062918    0.000365    5.522731 v output38/A (sky130_fd_sc_hd__buf_2)
     1    0.034714    0.090865    0.188037    5.710768 v output38/X (sky130_fd_sc_hd__buf_2)
                                                         ALU_result[10] (net)
                      0.090903    0.001724    5.712492 v ALU_result[10] (out)
                                              5.712492   data arrival time

                      0.000000    0.000000    0.000000   clock __VIRTUAL_CLK__ (rise edge)
                                  0.000000    0.000000   clock network delay (ideal)
                                  0.250000    0.250000   clock uncertainty
                                  0.000000    0.250000   clock reconvergence pessimism
                                 -5.000000   -4.750000   output external delay
                                             -4.750000   data required time
---------------------------------------------------------------------------------------------
                                             -4.750000   data required time
                                             -5.712492   data arrival time
---------------------------------------------------------------------------------------------
                                             10.462492   slack (MET)


Startpoint: ALU_control[3] (input port clocked by __VIRTUAL_CLK__)
Endpoint: ALU_result[9] (output port clocked by __VIRTUAL_CLK__)
Path Group: __VIRTUAL_CLK__
Path Type: min

Fanout         Cap        Slew       Delay        Time   Description
---------------------------------------------------------------------------------------------
                      0.000000    0.000000    0.000000   clock __VIRTUAL_CLK__ (rise edge)
                                  0.000000    0.000000   clock network delay (ideal)
                                  5.000000    5.000000 ^ input external delay
     1    0.003374    0.022229    0.012376    5.012376 ^ ALU_control[3] (in)
                                                         ALU_control[3] (net)
                      0.022231    0.000000    5.012376 ^ input4/A (sky130_fd_sc_hd__clkbuf_2)
     9    0.023845    0.134563    0.160679    5.173055 ^ input4/X (sky130_fd_sc_hd__clkbuf_2)
                                                         net4 (net)
                      0.134617    0.001018    5.174073 ^ _417_/C (sky130_fd_sc_hd__or3_4)
     7    0.048315    0.147808    0.227042    5.401116 ^ _417_/X (sky130_fd_sc_hd__or3_4)
                                                         _371_ (net)
                      0.148152    0.005233    5.406349 ^ _639_/A1 (sky130_fd_sc_hd__o31ai_1)
     2    0.009821    0.080340    0.137799    5.544148 v _639_/Y (sky130_fd_sc_hd__o31ai_1)
                                                         net52 (net)
                      0.080343    0.000630    5.544778 v output52/A (sky130_fd_sc_hd__buf_2)
     1    0.034898    0.091289    0.196287    5.741065 v output52/X (sky130_fd_sc_hd__buf_2)
                                                         ALU_result[9] (net)
                      0.091328    0.001747    5.742812 v ALU_result[9] (out)
                                              5.742812   data arrival time

                      0.000000    0.000000    0.000000   clock __VIRTUAL_CLK__ (rise edge)
                                  0.000000    0.000000   clock network delay (ideal)
                                  0.250000    0.250000   clock uncertainty
                                  0.000000    0.250000   clock reconvergence pessimism
                                 -5.000000   -4.750000   output external delay
                                             -4.750000   data required time
---------------------------------------------------------------------------------------------
                                             -4.750000   data required time
                                             -5.742812   data arrival time
---------------------------------------------------------------------------------------------
                                             10.492812   slack (MET)


Startpoint: SrcB[8] (input port clocked by __VIRTUAL_CLK__)
Endpoint: ALU_result[8] (output port clocked by __VIRTUAL_CLK__)
Path Group: __VIRTUAL_CLK__
Path Type: min

Fanout         Cap        Slew       Delay        Time   Description
---------------------------------------------------------------------------------------------
                      0.000000    0.000000    0.000000   clock __VIRTUAL_CLK__ (rise edge)
                                  0.000000    0.000000   clock network delay (ideal)
                                  5.000000    5.000000 ^ input external delay
     1    0.003005    0.020612    0.011080    5.011081 ^ SrcB[8] (in)
                                                         SrcB[8] (net)
                      0.020613    0.000000    5.011081 ^ input35/A (sky130_fd_sc_hd__clkbuf_2)
     6    0.025482    0.143140    0.165587    5.176667 ^ input35/X (sky130_fd_sc_hd__clkbuf_2)
                                                         net35 (net)
                      0.143176    0.001852    5.178520 ^ _617_/A2 (sky130_fd_sc_hd__o211a_1)
     1    0.002196    0.036562    0.144331    5.322850 ^ _617_/X (sky130_fd_sc_hd__o211a_1)
                                                         _188_ (net)
                      0.036562    0.000100    5.322950 ^ _620_/B (sky130_fd_sc_hd__or4_1)
     1    0.003857    0.046581    0.101217    5.424168 ^ _620_/X (sky130_fd_sc_hd__or4_1)
                                                         _191_ (net)
                      0.046581    0.000258    5.424425 ^ _623_/B1 (sky130_fd_sc_hd__a211o_1)
     2    0.006950    0.069208    0.114567    5.538991 ^ _623_/X (sky130_fd_sc_hd__a211o_1)
                                                         net51 (net)
                      0.069210    0.000483    5.539474 ^ output51/A (sky130_fd_sc_hd__buf_2)
     1    0.034141    0.169878    0.205847    5.745322 ^ output51/X (sky130_fd_sc_hd__buf_2)
                                                         ALU_result[8] (net)
                      0.169953    0.001703    5.747025 ^ ALU_result[8] (out)
                                              5.747025   data arrival time

                      0.000000    0.000000    0.000000   clock __VIRTUAL_CLK__ (rise edge)
                                  0.000000    0.000000   clock network delay (ideal)
                                  0.250000    0.250000   clock uncertainty
                                  0.000000    0.250000   clock reconvergence pessimism
                                 -5.000000   -4.750000   output external delay
                                             -4.750000   data required time
---------------------------------------------------------------------------------------------
                                             -4.750000   data required time
                                             -5.747025   data arrival time
---------------------------------------------------------------------------------------------
                                             10.497024   slack (MET)


Startpoint: SrcB[15] (input port clocked by __VIRTUAL_CLK__)
Endpoint: ALU_result[15] (output port clocked by __VIRTUAL_CLK__)
Path Group: __VIRTUAL_CLK__
Path Type: min

Fanout         Cap        Slew       Delay        Time   Description
---------------------------------------------------------------------------------------------
                      0.000000    0.000000    0.000000   clock __VIRTUAL_CLK__ (rise edge)
                                  0.000000    0.000000   clock network delay (ideal)
                                  5.000000    5.000000 ^ input external delay
     1    0.002884    0.020090    0.010655    5.010655 ^ SrcB[15] (in)
                                                         SrcB[15] (net)
                      0.020091    0.000000    5.010655 ^ input27/A (sky130_fd_sc_hd__buf_1)
     3    0.009417    0.118062    0.124372    5.135026 ^ input27/X (sky130_fd_sc_hd__buf_1)
                                                         net27 (net)
                      0.118065    0.000498    5.135524 ^ _755_/A1 (sky130_fd_sc_hd__a221o_1)
     1    0.002917    0.046234    0.156135    5.291659 ^ _755_/X (sky130_fd_sc_hd__a221o_1)
                                                         _319_ (net)
                      0.046235    0.000205    5.291864 ^ _757_/A2 (sky130_fd_sc_hd__a21oi_1)
     1    0.004863    0.033296    0.069679    5.361543 v _757_/Y (sky130_fd_sc_hd__a21oi_1)
                                                         _321_ (net)
                      0.033300    0.000353    5.361896 v _761_/B1 (sky130_fd_sc_hd__o211a_1)
     2    0.007870    0.053588    0.138979    5.500875 v _761_/X (sky130_fd_sc_hd__o211a_1)
                                                         _325_ (net)
                      0.053592    0.000524    5.501399 v _762_/B (sky130_fd_sc_hd__nand2_1)
     1    0.002951    0.042704    0.065791    5.567190 ^ _762_/Y (sky130_fd_sc_hd__nand2_1)
                                                         net43 (net)
                      0.042705    0.000199    5.567389 ^ output43/A (sky130_fd_sc_hd__buf_2)
     1    0.034637    0.172069    0.197593    5.764982 ^ output43/X (sky130_fd_sc_hd__buf_2)
                                                         ALU_result[15] (net)
                      0.172093    0.001690    5.766672 ^ ALU_result[15] (out)
                                              5.766672   data arrival time

                      0.000000    0.000000    0.000000   clock __VIRTUAL_CLK__ (rise edge)
                                  0.000000    0.000000   clock network delay (ideal)
                                  0.250000    0.250000   clock uncertainty
                                  0.000000    0.250000   clock reconvergence pessimism
                                 -5.000000   -4.750000   output external delay
                                             -4.750000   data required time
---------------------------------------------------------------------------------------------
                                             -4.750000   data required time
                                             -5.766672   data arrival time
---------------------------------------------------------------------------------------------
                                             10.516672   slack (MET)


Startpoint: ALU_control[3] (input port clocked by __VIRTUAL_CLK__)
Endpoint: ALU_result[12] (output port clocked by __VIRTUAL_CLK__)
Path Group: __VIRTUAL_CLK__
Path Type: min

Fanout         Cap        Slew       Delay        Time   Description
---------------------------------------------------------------------------------------------
                      0.000000    0.000000    0.000000   clock __VIRTUAL_CLK__ (rise edge)
                                  0.000000    0.000000   clock network delay (ideal)
                                  5.000000    5.000000 ^ input external delay
     1    0.003374    0.022229    0.012376    5.012376 ^ ALU_control[3] (in)
                                                         ALU_control[3] (net)
                      0.022231    0.000000    5.012376 ^ input4/A (sky130_fd_sc_hd__clkbuf_2)
     9    0.023845    0.134563    0.160679    5.173055 ^ input4/X (sky130_fd_sc_hd__clkbuf_2)
                                                         net4 (net)
                      0.134617    0.001018    5.174073 ^ _417_/C (sky130_fd_sc_hd__or3_4)
     7    0.048315    0.147808    0.227042    5.401116 ^ _417_/X (sky130_fd_sc_hd__or3_4)
                                                         _371_ (net)
                      0.148240    0.005986    5.407102 ^ _691_/B (sky130_fd_sc_hd__or3b_1)
     2    0.005990    0.064779    0.147298    5.554400 ^ _691_/X (sky130_fd_sc_hd__or3b_1)
                                                         _258_ (net)
                      0.064780    0.000424    5.554823 ^ _704_/A (sky130_fd_sc_hd__nand2_1)
     1    0.002131    0.030196    0.045526    5.600350 v _704_/Y (sky130_fd_sc_hd__nand2_1)
                                                         net40 (net)
                      0.030197    0.000143    5.600493 v output40/A (sky130_fd_sc_hd__buf_2)
     1    0.034687    0.090943    0.173691    5.774184 v output40/X (sky130_fd_sc_hd__buf_2)
                                                         ALU_result[12] (net)
                      0.090980    0.001692    5.775876 v ALU_result[12] (out)
                                              5.775876   data arrival time

                      0.000000    0.000000    0.000000   clock __VIRTUAL_CLK__ (rise edge)
                                  0.000000    0.000000   clock network delay (ideal)
                                  0.250000    0.250000   clock uncertainty
                                  0.000000    0.250000   clock reconvergence pessimism
                                 -5.000000   -4.750000   output external delay
                                             -4.750000   data required time
---------------------------------------------------------------------------------------------
                                             -4.750000   data required time
                                             -5.775876   data arrival time
---------------------------------------------------------------------------------------------
                                             10.525876   slack (MET)


Startpoint: ALU_control[1] (input port clocked by __VIRTUAL_CLK__)
Endpoint: ALU_result[1] (output port clocked by __VIRTUAL_CLK__)
Path Group: __VIRTUAL_CLK__
Path Type: min

Fanout         Cap        Slew       Delay        Time   Description
---------------------------------------------------------------------------------------------
                      0.000000    0.000000    0.000000   clock __VIRTUAL_CLK__ (rise edge)
                                  0.000000    0.000000   clock network delay (ideal)
                                  5.000000    5.000000 ^ input external delay
     1    0.003838    0.024246    0.014057    5.014057 ^ ALU_control[1] (in)
                                                         ALU_control[1] (net)
                      0.024249    0.000000    5.014057 ^ input2/A (sky130_fd_sc_hd__clkbuf_1)
     2    0.005553    0.074595    0.095223    5.109280 ^ input2/X (sky130_fd_sc_hd__clkbuf_1)
                                                         net2 (net)
                      0.074595    0.000364    5.109644 ^ _404_/A (sky130_fd_sc_hd__nor3b_1)
     2    0.007042    0.049359    0.067404    5.177048 v _404_/Y (sky130_fd_sc_hd__nor3b_1)
                                                         _359_ (net)
                      0.049363    0.000435    5.177483 v _407_/B (sky130_fd_sc_hd__nand2_2)
     4    0.028671    0.153428    0.147059    5.324542 ^ _407_/Y (sky130_fd_sc_hd__nand2_2)
                                                         _362_ (net)
                      0.153452    0.001604    5.326146 ^ _431_/A2 (sky130_fd_sc_hd__o311a_1)
     1    0.005508    0.069432    0.198050    5.524197 ^ _431_/X (sky130_fd_sc_hd__o311a_1)
                                                         _009_ (net)
                      0.069432    0.000228    5.524425 ^ _444_/A (sky130_fd_sc_hd__nand2_1)
     2    0.006263    0.052344    0.069832    5.594257 v _444_/Y (sky130_fd_sc_hd__nand2_1)
                                                         net44 (net)
                      0.052369    0.000461    5.594718 v output44/A (sky130_fd_sc_hd__buf_2)
     1    0.036258    0.092463    0.185988    5.780706 v output44/X (sky130_fd_sc_hd__buf_2)
                                                         ALU_result[1] (net)
                      0.092518    0.002054    5.782760 v ALU_result[1] (out)
                                              5.782760   data arrival time

                      0.000000    0.000000    0.000000   clock __VIRTUAL_CLK__ (rise edge)
                                  0.000000    0.000000   clock network delay (ideal)
                                  0.250000    0.250000   clock uncertainty
                                  0.000000    0.250000   clock reconvergence pessimism
                                 -5.000000   -4.750000   output external delay
                                             -4.750000   data required time
---------------------------------------------------------------------------------------------
                                             -4.750000   data required time
                                             -5.782760   data arrival time
---------------------------------------------------------------------------------------------
                                             10.532761   slack (MET)


Startpoint: SrcB[5] (input port clocked by __VIRTUAL_CLK__)
Endpoint: ALU_result[5] (output port clocked by __VIRTUAL_CLK__)
Path Group: __VIRTUAL_CLK__
Path Type: min

Fanout         Cap        Slew       Delay        Time   Description
---------------------------------------------------------------------------------------------
                      0.000000    0.000000    0.000000   clock __VIRTUAL_CLK__ (rise edge)
                                  0.000000    0.000000   clock network delay (ideal)
                                  5.000000    5.000000 ^ input external delay
     1    0.003007    0.020624    0.011090    5.011090 ^ SrcB[5] (in)
                                                         SrcB[5] (net)
                      0.020624    0.000000    5.011090 ^ input32/A (sky130_fd_sc_hd__clkbuf_2)
     7    0.028384    0.158222    0.176087    5.187177 ^ input32/X (sky130_fd_sc_hd__clkbuf_2)
                                                         net32 (net)
                      0.158251    0.001781    5.188957 ^ _551_/A2 (sky130_fd_sc_hd__a311o_1)
     1    0.001638    0.035430    0.170991    5.359949 ^ _551_/X (sky130_fd_sc_hd__a311o_1)
                                                         _125_ (net)
                      0.035430    0.000075    5.360023 ^ _552_/A_N (sky130_fd_sc_hd__nand2b_1)
     1    0.004934    0.065041    0.103348    5.463372 ^ _552_/Y (sky130_fd_sc_hd__nand2b_1)
                                                         _126_ (net)
                      0.065042    0.000352    5.463723 ^ _553_/B1 (sky130_fd_sc_hd__a31o_1)
     2    0.006425    0.071617    0.118214    5.581937 ^ _553_/X (sky130_fd_sc_hd__a31o_1)
                                                         net48 (net)
                      0.071617    0.000286    5.582223 ^ output48/A (sky130_fd_sc_hd__buf_2)
     1    0.034228    0.170291    0.207064    5.789287 ^ output48/X (sky130_fd_sc_hd__buf_2)
                                                         ALU_result[5] (net)
                      0.170364    0.001648    5.790934 ^ ALU_result[5] (out)
                                              5.790934   data arrival time

                      0.000000    0.000000    0.000000   clock __VIRTUAL_CLK__ (rise edge)
                                  0.000000    0.000000   clock network delay (ideal)
                                  0.250000    0.250000   clock uncertainty
                                  0.000000    0.250000   clock reconvergence pessimism
                                 -5.000000   -4.750000   output external delay
                                             -4.750000   data required time
---------------------------------------------------------------------------------------------
                                             -4.750000   data required time
                                             -5.790934   data arrival time
---------------------------------------------------------------------------------------------
                                             10.540934   slack (MET)


Startpoint: ALU_control[3] (input port clocked by __VIRTUAL_CLK__)
Endpoint: ALU_result[13] (output port clocked by __VIRTUAL_CLK__)
Path Group: __VIRTUAL_CLK__
Path Type: min

Fanout         Cap        Slew       Delay        Time   Description
---------------------------------------------------------------------------------------------
                      0.000000    0.000000    0.000000   clock __VIRTUAL_CLK__ (rise edge)
                                  0.000000    0.000000   clock network delay (ideal)
                                  5.000000    5.000000 ^ input external delay
     1    0.003374    0.022229    0.012376    5.012376 ^ ALU_control[3] (in)
                                                         ALU_control[3] (net)
                      0.022231    0.000000    5.012376 ^ input4/A (sky130_fd_sc_hd__clkbuf_2)
     9    0.023845    0.134563    0.160679    5.173055 ^ input4/X (sky130_fd_sc_hd__clkbuf_2)
                                                         net4 (net)
                      0.134617    0.001018    5.174073 ^ _417_/C (sky130_fd_sc_hd__or3_4)
     7    0.048315    0.147808    0.227042    5.401116 ^ _417_/X (sky130_fd_sc_hd__or3_4)
                                                         _371_ (net)
                      0.148282    0.006310    5.407425 ^ _711_/B1 (sky130_fd_sc_hd__a31o_1)
     1    0.002927    0.043333    0.116612    5.524037 ^ _711_/X (sky130_fd_sc_hd__a31o_1)
                                                         _277_ (net)
                      0.043333    0.000214    5.524251 ^ _723_/A2 (sky130_fd_sc_hd__o21ai_1)
     2    0.007956    0.063975    0.078000    5.602251 v _723_/Y (sky130_fd_sc_hd__o21ai_1)
                                                         net41 (net)
                      0.063998    0.000301    5.602552 v output41/A (sky130_fd_sc_hd__buf_2)
     1    0.034995    0.091485    0.189019    5.791571 v output41/X (sky130_fd_sc_hd__buf_2)
                                                         ALU_result[13] (net)
                      0.091526    0.001767    5.793337 v ALU_result[13] (out)
                                              5.793337   data arrival time

                      0.000000    0.000000    0.000000   clock __VIRTUAL_CLK__ (rise edge)
                                  0.000000    0.000000   clock network delay (ideal)
                                  0.250000    0.250000   clock uncertainty
                                  0.000000    0.250000   clock reconvergence pessimism
                                 -5.000000   -4.750000   output external delay
                                             -4.750000   data required time
---------------------------------------------------------------------------------------------
                                             -4.750000   data required time
                                             -5.793337   data arrival time
---------------------------------------------------------------------------------------------
                                             10.543337   slack (MET)


Startpoint: SrcB[6] (input port clocked by __VIRTUAL_CLK__)
Endpoint: ALU_result[6] (output port clocked by __VIRTUAL_CLK__)
Path Group: __VIRTUAL_CLK__
Path Type: min

Fanout         Cap        Slew       Delay        Time   Description
---------------------------------------------------------------------------------------------
                      0.000000    0.000000    0.000000   clock __VIRTUAL_CLK__ (rise edge)
                                  0.000000    0.000000   clock network delay (ideal)
                                  5.000000    5.000000 v input external delay
     1    0.002811    0.008641    0.004494    5.004494 v SrcB[6] (in)
                                                         SrcB[6] (net)
                      0.008648    0.000000    5.004494 v input33/A (sky130_fd_sc_hd__buf_1)
     5    0.017813    0.107983    0.137430    5.141924 v input33/X (sky130_fd_sc_hd__buf_1)
                                                         net33 (net)
                      0.107988    0.000810    5.142735 v _573_/A2 (sky130_fd_sc_hd__o21ai_1)
     1    0.002333    0.076690    0.128971    5.271705 ^ _573_/Y (sky130_fd_sc_hd__o21ai_1)
                                                         _146_ (net)
                      0.076690    0.000163    5.271868 ^ _574_/A0 (sky130_fd_sc_hd__mux2_1)
     1    0.004047    0.050857    0.134500    5.406367 ^ _574_/X (sky130_fd_sc_hd__mux2_1)
                                                         _147_ (net)
                      0.050857    0.000260    5.406627 ^ _577_/C1 (sky130_fd_sc_hd__o311a_1)
     1    0.003829    0.054670    0.152756    5.559383 ^ _577_/X (sky130_fd_sc_hd__o311a_1)
                                                         _150_ (net)
                      0.054670    0.000239    5.559623 ^ _578_/B1 (sky130_fd_sc_hd__o21ai_1)
     2    0.009003    0.071450    0.094178    5.653800 v _578_/Y (sky130_fd_sc_hd__o21ai_1)
                                                         net49 (net)
                      0.071478    0.000500    5.654301 v output49/A (sky130_fd_sc_hd__buf_2)
     1    0.034193    0.089744    0.190981    5.845282 v output49/X (sky130_fd_sc_hd__buf_2)
                                                         ALU_result[6] (net)
                      0.089782    0.001701    5.846983 v ALU_result[6] (out)
                                              5.846983   data arrival time

                      0.000000    0.000000    0.000000   clock __VIRTUAL_CLK__ (rise edge)
                                  0.000000    0.000000   clock network delay (ideal)
                                  0.250000    0.250000   clock uncertainty
                                  0.000000    0.250000   clock reconvergence pessimism
                                 -5.000000   -4.750000   output external delay
                                             -4.750000   data required time
---------------------------------------------------------------------------------------------
                                             -4.750000   data required time
                                             -5.846983   data arrival time
---------------------------------------------------------------------------------------------
                                             10.596983   slack (MET)


Startpoint: SrcA[3] (input port clocked by __VIRTUAL_CLK__)
Endpoint: ALU_result[4] (output port clocked by __VIRTUAL_CLK__)
Path Group: __VIRTUAL_CLK__
Path Type: min

Fanout         Cap        Slew       Delay        Time   Description
---------------------------------------------------------------------------------------------
                      0.000000    0.000000    0.000000   clock __VIRTUAL_CLK__ (rise edge)
                                  0.000000    0.000000   clock network delay (ideal)
                                  5.000000    5.000000 ^ input external delay
     1    0.003173    0.021341    0.011667    5.011667 ^ SrcA[3] (in)
                                                         SrcA[3] (net)
                      0.021350    0.000000    5.011667 ^ input14/A (sky130_fd_sc_hd__buf_1)
     5    0.016231    0.195503    0.178029    5.189696 ^ input14/X (sky130_fd_sc_hd__buf_1)
                                                         net14 (net)
                      0.195507    0.000782    5.190478 ^ _481_/A (sky130_fd_sc_hd__nor2_1)
     4    0.020524    0.095015    0.150847    5.341326 v _481_/Y (sky130_fd_sc_hd__nor2_1)
                                                         _057_ (net)
                      0.095089    0.002214    5.343540 v _511_/A1 (sky130_fd_sc_hd__o21ai_1)
     1    0.002823    0.075892    0.142931    5.486472 ^ _511_/Y (sky130_fd_sc_hd__o21ai_1)
                                                         _086_ (net)
                      0.075892    0.000206    5.486678 ^ _527_/A3 (sky130_fd_sc_hd__a31o_1)
     2    0.005489    0.063541    0.160644    5.647322 ^ _527_/X (sky130_fd_sc_hd__a31o_1)
                                                         net47 (net)
                      0.063541    0.000201    5.647522 ^ output47/A (sky130_fd_sc_hd__buf_2)
     1    0.034252    0.170272    0.204125    5.851647 ^ output47/X (sky130_fd_sc_hd__buf_2)
                                                         ALU_result[4] (net)
                      0.170347    0.001715    5.853362 ^ ALU_result[4] (out)
                                              5.853362   data arrival time

                      0.000000    0.000000    0.000000   clock __VIRTUAL_CLK__ (rise edge)
                                  0.000000    0.000000   clock network delay (ideal)
                                  0.250000    0.250000   clock uncertainty
                                  0.000000    0.250000   clock reconvergence pessimism
                                 -5.000000   -4.750000   output external delay
                                             -4.750000   data required time
---------------------------------------------------------------------------------------------
                                             -4.750000   data required time
                                             -5.853362   data arrival time
---------------------------------------------------------------------------------------------
                                             10.603362   slack (MET)


Startpoint: SrcB[15] (input port clocked by __VIRTUAL_CLK__)
Endpoint: zero (output port clocked by __VIRTUAL_CLK__)
Path Group: __VIRTUAL_CLK__
Path Type: min

Fanout         Cap        Slew       Delay        Time   Description
---------------------------------------------------------------------------------------------
                      0.000000    0.000000    0.000000   clock __VIRTUAL_CLK__ (rise edge)
                                  0.000000    0.000000   clock network delay (ideal)
                                  5.000000    5.000000 ^ input external delay
     1    0.002884    0.020090    0.010655    5.010655 ^ SrcB[15] (in)
                                                         SrcB[15] (net)
                      0.020091    0.000000    5.010655 ^ input27/A (sky130_fd_sc_hd__buf_1)
     3    0.009417    0.118062    0.124372    5.135026 ^ input27/X (sky130_fd_sc_hd__buf_1)
                                                         net27 (net)
                      0.118065    0.000498    5.135524 ^ _755_/A1 (sky130_fd_sc_hd__a221o_1)
     1    0.002917    0.046234    0.156135    5.291659 ^ _755_/X (sky130_fd_sc_hd__a221o_1)
                                                         _319_ (net)
                      0.046235    0.000205    5.291864 ^ _757_/A2 (sky130_fd_sc_hd__a21oi_1)
     1    0.004863    0.033296    0.069679    5.361543 v _757_/Y (sky130_fd_sc_hd__a21oi_1)
                                                         _321_ (net)
                      0.033300    0.000353    5.361896 v _761_/B1 (sky130_fd_sc_hd__o211a_1)
     2    0.007870    0.053588    0.138979    5.500875 v _761_/X (sky130_fd_sc_hd__o211a_1)
                                                         _325_ (net)
                      0.053592    0.000516    5.501390 v _768_/C (sky130_fd_sc_hd__and4b_1)
     1    0.002217    0.032750    0.179312    5.680703 v _768_/X (sky130_fd_sc_hd__and4b_1)
                                                         net53 (net)
                      0.032750    0.000148    5.680851 v output53/A (sky130_fd_sc_hd__buf_2)
     1    0.034665    0.090875    0.174754    5.855605 v output53/X (sky130_fd_sc_hd__buf_2)
                                                         zero (net)
                      0.090912    0.001689    5.857294 v zero (out)
                                              5.857294   data arrival time

                      0.000000    0.000000    0.000000   clock __VIRTUAL_CLK__ (rise edge)
                                  0.000000    0.000000   clock network delay (ideal)
                                  0.250000    0.250000   clock uncertainty
                                  0.000000    0.250000   clock reconvergence pessimism
                                 -5.000000   -4.750000   output external delay
                                             -4.750000   data required time
---------------------------------------------------------------------------------------------
                                             -4.750000   data required time
                                             -5.857294   data arrival time
---------------------------------------------------------------------------------------------
                                             10.607294   slack (MET)


Startpoint: SrcB[14] (input port clocked by __VIRTUAL_CLK__)
Endpoint: ALU_result[14] (output port clocked by __VIRTUAL_CLK__)
Path Group: __VIRTUAL_CLK__
Path Type: min

Fanout         Cap        Slew       Delay        Time   Description
---------------------------------------------------------------------------------------------
                      0.000000    0.000000    0.000000   clock __VIRTUAL_CLK__ (rise edge)
                                  0.000000    0.000000   clock network delay (ideal)
                                  5.000000    5.000000 ^ input external delay
     1    0.002532    0.018583    0.009418    5.009418 ^ SrcB[14] (in)
                                                         SrcB[14] (net)
                      0.018586    0.000000    5.009418 ^ input26/A (sky130_fd_sc_hd__dlymetal6s2s_1)
     5    0.018662    0.202418    0.190073    5.199491 ^ input26/X (sky130_fd_sc_hd__dlymetal6s2s_1)
                                                         net26 (net)
                      0.202427    0.001080    5.200572 ^ _725_/A (sky130_fd_sc_hd__xor2_1)
     2    0.004629    0.043376    0.106505    5.307077 v _725_/X (sky130_fd_sc_hd__xor2_1)
                                                         _290_ (net)
                      0.043377    0.000302    5.307379 v _726_/B (sky130_fd_sc_hd__nand2_1)
     1    0.003003    0.040242    0.061595    5.368974 ^ _726_/Y (sky130_fd_sc_hd__nand2_1)
                                                         _291_ (net)
                      0.040244    0.000208    5.369182 ^ _728_/A (sky130_fd_sc_hd__nand2_1)
     2    0.007782    0.062335    0.068099    5.437281 v _728_/Y (sky130_fd_sc_hd__nand2_1)
                                                         _293_ (net)
                      0.062342    0.000531    5.437812 v _732_/A (sky130_fd_sc_hd__nand2_1)
     1    0.002777    0.039250    0.060597    5.498409 ^ _732_/Y (sky130_fd_sc_hd__nand2_1)
                                                         _297_ (net)
                      0.039250    0.000203    5.498612 ^ _744_/A3 (sky130_fd_sc_hd__a31o_1)
     2    0.005580    0.064192    0.152137    5.650749 ^ _744_/X (sky130_fd_sc_hd__a31o_1)
                                                         net42 (net)
                      0.064192    0.000308    5.651057 ^ output42/A (sky130_fd_sc_hd__buf_2)
     1    0.034546    0.171635    0.205375    5.856432 ^ output42/X (sky130_fd_sc_hd__buf_2)
                                                         ALU_result[14] (net)
                      0.171709    0.001671    5.858103 ^ ALU_result[14] (out)
                                              5.858103   data arrival time

                      0.000000    0.000000    0.000000   clock __VIRTUAL_CLK__ (rise edge)
                                  0.000000    0.000000   clock network delay (ideal)
                                  0.250000    0.250000   clock uncertainty
                                  0.000000    0.250000   clock reconvergence pessimism
                                 -5.000000   -4.750000   output external delay
                                             -4.750000   data required time
---------------------------------------------------------------------------------------------
                                             -4.750000   data required time
                                             -5.858103   data arrival time
---------------------------------------------------------------------------------------------
                                             10.608103   slack (MET)


Startpoint: SrcA[3] (input port clocked by __VIRTUAL_CLK__)
Endpoint: ALU_result[3] (output port clocked by __VIRTUAL_CLK__)
Path Group: __VIRTUAL_CLK__
Path Type: min

Fanout         Cap        Slew       Delay        Time   Description
---------------------------------------------------------------------------------------------
                      0.000000    0.000000    0.000000   clock __VIRTUAL_CLK__ (rise edge)
                                  0.000000    0.000000   clock network delay (ideal)
                                  5.000000    5.000000 ^ input external delay
     1    0.003173    0.021341    0.011667    5.011667 ^ SrcA[3] (in)
                                                         SrcA[3] (net)
                      0.021350    0.000000    5.011667 ^ input14/A (sky130_fd_sc_hd__buf_1)
     5    0.016231    0.195503    0.178029    5.189696 ^ input14/X (sky130_fd_sc_hd__buf_1)
                                                         net14 (net)
                      0.195509    0.000897    5.190593 ^ _492_/A2 (sky130_fd_sc_hd__o211a_1)
     1    0.003303    0.045362    0.162188    5.352781 ^ _492_/X (sky130_fd_sc_hd__o211a_1)
                                                         _068_ (net)
                      0.045362    0.000157    5.352938 ^ _497_/B1 (sky130_fd_sc_hd__a211o_1)
     1    0.004305    0.047843    0.098203    5.451140 ^ _497_/X (sky130_fd_sc_hd__a211o_1)
                                                         _073_ (net)
                      0.047844    0.000335    5.451476 ^ _501_/C1 (sky130_fd_sc_hd__a221o_1)
     1    0.006310    0.071782    0.121058    5.572534 ^ _501_/X (sky130_fd_sc_hd__a221o_1)
                                                         _077_ (net)
                      0.071783    0.000486    5.573020 ^ _502_/B1 (sky130_fd_sc_hd__a21o_1)
     2    0.004696    0.049897    0.094776    5.667796 ^ _502_/X (sky130_fd_sc_hd__a21o_1)
                                                         net46 (net)
                      0.049898    0.000309    5.668104 ^ output46/A (sky130_fd_sc_hd__buf_2)
     1    0.034187    0.169891    0.198947    5.867052 ^ output46/X (sky130_fd_sc_hd__buf_2)
                                                         ALU_result[3] (net)
                      0.169961    0.001554    5.868605 ^ ALU_result[3] (out)
                                              5.868605   data arrival time

                      0.000000    0.000000    0.000000   clock __VIRTUAL_CLK__ (rise edge)
                                  0.000000    0.000000   clock network delay (ideal)
                                  0.250000    0.250000   clock uncertainty
                                  0.000000    0.250000   clock reconvergence pessimism
                                 -5.000000   -4.750000   output external delay
                                             -4.750000   data required time
---------------------------------------------------------------------------------------------
                                             -4.750000   data required time
                                             -5.868605   data arrival time
---------------------------------------------------------------------------------------------
                                             10.618605   slack (MET)


Startpoint: SrcA[6] (input port clocked by __VIRTUAL_CLK__)
Endpoint: ALU_result[7] (output port clocked by __VIRTUAL_CLK__)
Path Group: __VIRTUAL_CLK__
Path Type: min

Fanout         Cap        Slew       Delay        Time   Description
---------------------------------------------------------------------------------------------
                      0.000000    0.000000    0.000000   clock __VIRTUAL_CLK__ (rise edge)
                                  0.000000    0.000000   clock network delay (ideal)
                                  5.000000    5.000000 v input external delay
     1    0.003304    0.009793    0.005330    5.005330 v SrcA[6] (in)
                                                         SrcA[6] (net)
                      0.009795    0.000000    5.005330 v input17/A (sky130_fd_sc_hd__clkbuf_1)
     2    0.009507    0.061821    0.102953    5.108283 v input17/X (sky130_fd_sc_hd__clkbuf_1)
                                                         net17 (net)
                      0.061824    0.000492    5.108775 v fanout92/A (sky130_fd_sc_hd__buf_2)
    10    0.035510    0.092907    0.188167    5.296942 v fanout92/X (sky130_fd_sc_hd__buf_2)
                                                         net92 (net)
                      0.092968    0.002165    5.299107 v _556_/A (sky130_fd_sc_hd__nand2_1)
     2    0.007146    0.077281    0.101894    5.401000 ^ _556_/Y (sky130_fd_sc_hd__nand2_1)
                                                         _129_ (net)
                      0.077282    0.000462    5.401463 ^ _582_/A (sky130_fd_sc_hd__nand3_1)
     1    0.002717    0.052944    0.067673    5.469136 v _582_/Y (sky130_fd_sc_hd__nand3_1)
                                                         _154_ (net)
                      0.052944    0.000124    5.469260 v _597_/A2 (sky130_fd_sc_hd__a31o_1)
     2    0.007359    0.055089    0.225728    5.694988 v _597_/X (sky130_fd_sc_hd__a31o_1)
                                                         net50 (net)
                      0.055091    0.000410    5.695398 v output50/A (sky130_fd_sc_hd__buf_2)
     1    0.033975    0.089214    0.183210    5.878608 v output50/X (sky130_fd_sc_hd__buf_2)
                                                         ALU_result[7] (net)
                      0.089246    0.001588    5.880196 v ALU_result[7] (out)
                                              5.880196   data arrival time

                      0.000000    0.000000    0.000000   clock __VIRTUAL_CLK__ (rise edge)
                                  0.000000    0.000000   clock network delay (ideal)
                                  0.250000    0.250000   clock uncertainty
                                  0.000000    0.250000   clock reconvergence pessimism
                                 -5.000000   -4.750000   output external delay
                                             -4.750000   data required time
---------------------------------------------------------------------------------------------
                                             -4.750000   data required time
                                             -5.880196   data arrival time
---------------------------------------------------------------------------------------------
                                             10.630196   slack (MET)


Startpoint: SrcB[3] (input port clocked by __VIRTUAL_CLK__)
Endpoint: ALU_result[2] (output port clocked by __VIRTUAL_CLK__)
Path Group: __VIRTUAL_CLK__
Path Type: min

Fanout         Cap        Slew       Delay        Time   Description
---------------------------------------------------------------------------------------------
                      0.000000    0.000000    0.000000   clock __VIRTUAL_CLK__ (rise edge)
                                  0.000000    0.000000   clock network delay (ideal)
                                  5.000000    5.000000 ^ input external delay
     1    0.003128    0.021149    0.011511    5.011511 ^ SrcB[3] (in)
                                                         SrcB[3] (net)
                      0.021157    0.000000    5.011511 ^ input30/A (sky130_fd_sc_hd__clkbuf_1)
     1    0.004205    0.059503    0.083506    5.095017 ^ input30/X (sky130_fd_sc_hd__clkbuf_1)
                                                         net30 (net)
                      0.059503    0.000261    5.095278 ^ fanout70/A (sky130_fd_sc_hd__clkbuf_2)
     6    0.027497    0.153423    0.186438    5.281716 ^ fanout70/X (sky130_fd_sc_hd__clkbuf_2)
                                                         net70 (net)
                      0.153474    0.002293    5.284009 ^ _474_/A1 (sky130_fd_sc_hd__a31o_1)
     1    0.003122    0.042986    0.156047    5.440056 ^ _474_/X (sky130_fd_sc_hd__a31o_1)
                                                         _051_ (net)
                      0.042987    0.000214    5.440270 ^ _475_/A2 (sky130_fd_sc_hd__a21o_1)
     1    0.005949    0.059853    0.121888    5.562158 ^ _475_/X (sky130_fd_sc_hd__a21o_1)
                                                         _052_ (net)
                      0.059855    0.000454    5.562612 ^ _476_/B1 (sky130_fd_sc_hd__a31o_1)
     2    0.005954    0.067407    0.113447    5.676058 ^ _476_/X (sky130_fd_sc_hd__a31o_1)
                                                         net45 (net)
                      0.067407    0.000201    5.676259 ^ output45/A (sky130_fd_sc_hd__buf_2)
     1    0.035523    0.176240    0.209675    5.885934 ^ output45/X (sky130_fd_sc_hd__buf_2)
                                                         ALU_result[2] (net)
                      0.176320    0.001848    5.887783 ^ ALU_result[2] (out)
                                              5.887783   data arrival time

                      0.000000    0.000000    0.000000   clock __VIRTUAL_CLK__ (rise edge)
                                  0.000000    0.000000   clock network delay (ideal)
                                  0.250000    0.250000   clock uncertainty
                                  0.000000    0.250000   clock reconvergence pessimism
                                 -5.000000   -4.750000   output external delay
                                             -4.750000   data required time
---------------------------------------------------------------------------------------------
                                             -4.750000   data required time
                                             -5.887783   data arrival time
---------------------------------------------------------------------------------------------
                                             10.637782   slack (MET)


Startpoint: SrcB[11] (input port clocked by __VIRTUAL_CLK__)
Endpoint: ALU_result[11] (output port clocked by __VIRTUAL_CLK__)
Path Group: __VIRTUAL_CLK__
Path Type: min

Fanout         Cap        Slew       Delay        Time   Description
---------------------------------------------------------------------------------------------
                      0.000000    0.000000    0.000000   clock __VIRTUAL_CLK__ (rise edge)
                                  0.000000    0.000000   clock network delay (ideal)
                                  5.000000    5.000000 ^ input external delay
     1    0.003153    0.021254    0.011596    5.011596 ^ SrcB[11] (in)
                                                         SrcB[11] (net)
                      0.021262    0.000000    5.011596 ^ input23/A (sky130_fd_sc_hd__dlymetal6s2s_1)
     5    0.021574    0.229668    0.209693    5.221289 ^ input23/X (sky130_fd_sc_hd__dlymetal6s2s_1)
                                                         net23 (net)
                      0.229691    0.001871    5.223160 ^ _674_/A2 (sky130_fd_sc_hd__o211a_1)
     1    0.001843    0.035459    0.157190    5.380350 ^ _674_/X (sky130_fd_sc_hd__o211a_1)
                                                         _242_ (net)
                      0.035459    0.000086    5.380436 ^ _676_/C (sky130_fd_sc_hd__or4_1)
     1    0.003710    0.045194    0.097493    5.477929 ^ _676_/X (sky130_fd_sc_hd__or4_1)
                                                         _244_ (net)
                      0.045195    0.000245    5.478174 ^ _677_/C1 (sky130_fd_sc_hd__a211o_1)
     1    0.005075    0.054073    0.098821    5.576994 ^ _677_/X (sky130_fd_sc_hd__a211o_1)
                                                         _245_ (net)
                      0.054075    0.000384    5.577378 ^ _678_/B1 (sky130_fd_sc_hd__a31o_1)
     2    0.005993    0.067699    0.111939    5.689318 ^ _678_/X (sky130_fd_sc_hd__a31o_1)
                                                         net39 (net)
                      0.067699    0.000292    5.689610 ^ output39/A (sky130_fd_sc_hd__buf_2)
     1    0.034989    0.173744    0.208034    5.897643 ^ output39/X (sky130_fd_sc_hd__buf_2)
                                                         ALU_result[11] (net)
                      0.173823    0.001804    5.899447 ^ ALU_result[11] (out)
                                              5.899447   data arrival time

                      0.000000    0.000000    0.000000   clock __VIRTUAL_CLK__ (rise edge)
                                  0.000000    0.000000   clock network delay (ideal)
                                  0.250000    0.250000   clock uncertainty
                                  0.000000    0.250000   clock reconvergence pessimism
                                 -5.000000   -4.750000   output external delay
                                             -4.750000   data required time
---------------------------------------------------------------------------------------------
                                             -4.750000   data required time
                                             -5.899447   data arrival time
---------------------------------------------------------------------------------------------
                                             10.649447   slack (MET)



