
 /----------------------------------------------------------------------------\
 |  yosys -- Yosys Open SYnthesis Suite                                       |
 |  Copyright (C) 2012 - 2024  Claire Xenia Wolf <claire@yosyshq.com>         |
 |  Distributed under an ISC-like license, type "license" to see terms        |
 \----------------------------------------------------------------------------/
 Yosys 0.46 (git sha1 e97731b9dda91fa5fa53ed87df7c34163ba59a41, clang++ 17.0.6 -fPIC -O3)
Loaded SDC plugin

1. Executing Liberty frontend: /home/kuman/.volare/volare/sky130/versions/0fe599b2afb6708d281543108caf8310912f54af/sky130A/libs.ref/sky130_fd_sc_hd/lib/sky130_fd_sc_hd__tt_025C_1v80.lib
Imported 428 cell types from liberty file.
[INFO] Using SDC file '/home/kuman/my_designs/instruction_memory/runs/RUN_2025-11-17_17-05-55/06-yosys-synthesis/synthesis.abc.sdc' for ABC…

2. Executing Verilog-2005 frontend: Instructionmemory.v
Parsing SystemVerilog input from `Instructionmemory.v' to AST representation.
Storing AST representation for module `$abstract\Instruction_Memory_16'.
Successfully finished Verilog frontend.

3. Executing HIERARCHY pass (managing design hierarchy).

4. Executing AST frontend in derive mode using pre-parsed AST for module `\Instruction_Memory_16'.
Generating RTLIL representation for module `\Instruction_Memory_16'.

4.1. Analyzing design hierarchy..
Top module:  \Instruction_Memory_16

4.2. Analyzing design hierarchy..
Top module:  \Instruction_Memory_16
Removing unused module `$abstract\Instruction_Memory_16'.
Removed 1 unused modules.
Renaming module Instruction_Memory_16 to Instruction_Memory_16.

5. Generating Graphviz representation of design.
Writing dot description to `/home/kuman/my_designs/instruction_memory/runs/RUN_2025-11-17_17-05-55/06-yosys-synthesis/hierarchy.dot'.
Dumping module Instruction_Memory_16 to page 1.

6. Executing TRIBUF pass.

7. Executing HIERARCHY pass (managing design hierarchy).

7.1. Analyzing design hierarchy..
Top module:  \Instruction_Memory_16

7.2. Analyzing design hierarchy..
Top module:  \Instruction_Memory_16
Removed 0 unused modules.

8. Executing PROC_CLEAN pass (remove empty switches from decision trees).
Cleaned up 0 empty switches.

9. Executing PROC_RMDEAD pass (remove dead branches from decision trees).
Marked 1 switch rules as full_case in process $proc$Instructionmemory.v:14$1 in module Instruction_Memory_16.
Removed a total of 0 dead cases.

10. Executing PROC_PRUNE pass (remove redundant assignments in processes).
Removed 0 redundant assignments.
Promoted 2 assignments to connections.

11. Executing PROC_INIT pass (extract init attributes).

12. Executing PROC_ARST pass (detect async resets in processes).

13. Executing PROC_ROM pass (convert switches to ROMs).
Converted 1 switch.

14. Executing PROC_MUX pass (convert decision trees to multiplexers).
Creating decoders for process `\Instruction_Memory_16.$proc$Instructionmemory.v:48$2'.
Creating decoders for process `\Instruction_Memory_16.$proc$Instructionmemory.v:14$1'.
     1/1: $1\rom_out[15:0]

15. Executing PROC_DLATCH pass (convert process syncs to latches).
No latch inferred for signal `\Instruction_Memory_16.\rom_out' from process `\Instruction_Memory_16.$proc$Instructionmemory.v:14$1'.

16. Executing PROC_DFF pass (convert process syncs to FFs).
Creating register for signal `\Instruction_Memory_16.\instruction' using process `\Instruction_Memory_16.$proc$Instructionmemory.v:48$2'.
  created $dff cell `$procdff$10' with positive edge clock.

17. Executing PROC_MEMWR pass (convert process memory writes to cells).

18. Executing PROC_CLEAN pass (remove empty switches from decision trees).
Removing empty process `Instruction_Memory_16.$proc$Instructionmemory.v:48$2'.
Found and cleaned up 1 empty switch in `\Instruction_Memory_16.$proc$Instructionmemory.v:14$1'.
Removing empty process `Instruction_Memory_16.$proc$Instructionmemory.v:14$1'.
Cleaned up 1 empty switch.

19. Executing CHECK pass (checking for obvious problems).
Checking module Instruction_Memory_16...
Found and reported 0 problems.

20. Executing OPT_EXPR pass (perform const folding).
Optimizing module Instruction_Memory_16.
<suppressed ~1 debug messages>

21. Executing FLATTEN pass (flatten design).

22. Executing OPT_EXPR pass (perform const folding).
Optimizing module Instruction_Memory_16.

23. Executing OPT_CLEAN pass (remove unused cells and wires).
Finding unused cells or wires in module \Instruction_Memory_16..
Removed 0 unused cells and 4 unused wires.
<suppressed ~1 debug messages>

24. Executing OPT_EXPR pass (perform const folding).
Optimizing module Instruction_Memory_16.

25. Executing OPT_MERGE pass (detect identical cells).
Finding identical cells in module `\Instruction_Memory_16'.
Removed a total of 0 cells.

26. Executing OPT_MUXTREE pass (detect dead branches in mux trees).
Running muxtree optimizer on module \Instruction_Memory_16..
  Creating internal representation of mux trees.
  Evaluating internal representation of mux trees.
  Analyzing evaluation results.
Removed 0 multiplexer ports.
<suppressed ~1 debug messages>

27. Executing OPT_REDUCE pass (consolidate $*mux and $reduce_* inputs).
  Optimizing cells in module \Instruction_Memory_16.
Performed a total of 0 changes.

28. Executing OPT_MERGE pass (detect identical cells).
Finding identical cells in module `\Instruction_Memory_16'.
Removed a total of 0 cells.

29. Executing OPT_DFF pass (perform DFF optimizations).

30. Executing OPT_CLEAN pass (remove unused cells and wires).
Finding unused cells or wires in module \Instruction_Memory_16..

31. Executing OPT_EXPR pass (perform const folding).
Optimizing module Instruction_Memory_16.

32. Executing FSM pass (extract and optimize FSM).

32.1. Executing FSM_DETECT pass (finding FSMs in design).

32.2. Executing FSM_EXTRACT pass (extracting FSM from design).

32.3. Executing FSM_OPT pass (simple optimizations of FSMs).

32.4. Executing OPT_CLEAN pass (remove unused cells and wires).
Finding unused cells or wires in module \Instruction_Memory_16..

32.5. Executing FSM_OPT pass (simple optimizations of FSMs).

32.6. Executing FSM_RECODE pass (re-assigning FSM state encoding).

32.7. Executing FSM_INFO pass (dumping all available information on FSM cells).

32.8. Executing FSM_MAP pass (mapping FSMs to basic logic).

33. Executing OPT_EXPR pass (perform const folding).
Optimizing module Instruction_Memory_16.

34. Executing OPT_MERGE pass (detect identical cells).
Finding identical cells in module `\Instruction_Memory_16'.
Removed a total of 0 cells.

35. Executing OPT_MUXTREE pass (detect dead branches in mux trees).
Running muxtree optimizer on module \Instruction_Memory_16..
  Creating internal representation of mux trees.
  Evaluating internal representation of mux trees.
  Analyzing evaluation results.
Removed 0 multiplexer ports.
<suppressed ~1 debug messages>

36. Executing OPT_REDUCE pass (consolidate $*mux and $reduce_* inputs).
  Optimizing cells in module \Instruction_Memory_16.
Performed a total of 0 changes.

37. Executing OPT_MERGE pass (detect identical cells).
Finding identical cells in module `\Instruction_Memory_16'.
Removed a total of 0 cells.

38. Executing OPT_DFF pass (perform DFF optimizations).
Adding SRST signal on $procdff$10 ($dff) from module Instruction_Memory_16 (D = $auto$proc_rom.cc:154:do_switch$3, Q = \instruction, rval = 16'0000000000000000).

39. Executing OPT_CLEAN pass (remove unused cells and wires).
Finding unused cells or wires in module \Instruction_Memory_16..
Removed 1 unused cells and 1 unused wires.
<suppressed ~2 debug messages>

40. Executing OPT_EXPR pass (perform const folding).
Optimizing module Instruction_Memory_16.

41. Rerunning OPT passes. (Maybe there is more to do…)

42. Executing OPT_MUXTREE pass (detect dead branches in mux trees).
Running muxtree optimizer on module \Instruction_Memory_16..
  Creating internal representation of mux trees.
  No muxes found in this module.
Removed 0 multiplexer ports.

43. Executing OPT_REDUCE pass (consolidate $*mux and $reduce_* inputs).
  Optimizing cells in module \Instruction_Memory_16.
Performed a total of 0 changes.

44. Executing OPT_MERGE pass (detect identical cells).
Finding identical cells in module `\Instruction_Memory_16'.
Removed a total of 0 cells.

45. Executing OPT_DFF pass (perform DFF optimizations).

46. Executing OPT_CLEAN pass (remove unused cells and wires).
Finding unused cells or wires in module \Instruction_Memory_16..

47. Executing OPT_EXPR pass (perform const folding).
Optimizing module Instruction_Memory_16.

48. Executing WREDUCE pass (reducing word size of cells).
Removed top 27 address bits (of 32) from memory init port Instruction_Memory_16.$auto$mem.cc:328:emit$6 ($auto$proc_rom.cc:155:do_switch$4).
Removed top 1 bits (of 16) from wire Instruction_Memory_16.word_index.

49. Executing PEEPOPT pass (run peephole optimizers).

50. Executing OPT_CLEAN pass (remove unused cells and wires).
Finding unused cells or wires in module \Instruction_Memory_16..
Removed 0 unused cells and 1 unused wires.
<suppressed ~1 debug messages>

51. Executing ALUMACC pass (create $alu and $macc cells).
Extracting $alu and $macc cells in module Instruction_Memory_16:
  created 0 $alu and 0 $macc cells.

52. Executing SHARE pass (SAT-based resource sharing).

53. Executing OPT_EXPR pass (perform const folding).
Optimizing module Instruction_Memory_16.

54. Executing OPT_MERGE pass (detect identical cells).
Finding identical cells in module `\Instruction_Memory_16'.
Removed a total of 0 cells.

55. Executing OPT_MUXTREE pass (detect dead branches in mux trees).
Running muxtree optimizer on module \Instruction_Memory_16..
  Creating internal representation of mux trees.
  No muxes found in this module.
Removed 0 multiplexer ports.

56. Executing OPT_REDUCE pass (consolidate $*mux and $reduce_* inputs).
  Optimizing cells in module \Instruction_Memory_16.
Performed a total of 0 changes.

57. Executing OPT_MERGE pass (detect identical cells).
Finding identical cells in module `\Instruction_Memory_16'.
Removed a total of 0 cells.

58. Executing OPT_DFF pass (perform DFF optimizations).

59. Executing OPT_CLEAN pass (remove unused cells and wires).
Finding unused cells or wires in module \Instruction_Memory_16..

60. Executing OPT_EXPR pass (perform const folding).
Optimizing module Instruction_Memory_16.

61. Executing MEMORY pass.

61.1. Executing OPT_MEM pass (optimize memories).
Performed a total of 0 transformations.

61.2. Executing OPT_MEM_PRIORITY pass (removing unnecessary memory write priority relations).
Performed a total of 0 transformations.

61.3. Executing OPT_MEM_FEEDBACK pass (finding memory read-to-write feedback paths).

61.4. Executing MEMORY_BMUX2ROM pass (converting muxes to ROMs).

61.5. Executing MEMORY_DFF pass (merging $dff cells to $memrd).
Checking read port `$auto$proc_rom.cc:155:do_switch$4'[0] in module `\Instruction_Memory_16': merging output FF to cell.

61.6. Executing OPT_CLEAN pass (remove unused cells and wires).
Finding unused cells or wires in module \Instruction_Memory_16..
Removed 1 unused cells and 17 unused wires.
<suppressed ~2 debug messages>

61.7. Executing MEMORY_SHARE pass (consolidating $memrd/$memwr cells).

61.8. Executing OPT_MEM_WIDEN pass (optimize memories where all ports are wide).
Performed a total of 0 transformations.

61.9. Executing OPT_CLEAN pass (remove unused cells and wires).
Finding unused cells or wires in module \Instruction_Memory_16..

61.10. Executing MEMORY_COLLECT pass (generating $mem cells).

62. Executing OPT_CLEAN pass (remove unused cells and wires).
Finding unused cells or wires in module \Instruction_Memory_16..

63. Executing OPT_EXPR pass (perform const folding).
Optimizing module Instruction_Memory_16.
<suppressed ~1 debug messages>

64. Executing OPT_MERGE pass (detect identical cells).
Finding identical cells in module `\Instruction_Memory_16'.
Removed a total of 0 cells.

65. Executing OPT_DFF pass (perform DFF optimizations).

66. Executing OPT_CLEAN pass (remove unused cells and wires).
Finding unused cells or wires in module \Instruction_Memory_16..

67. Executing MEMORY_MAP pass (converting memories to logic and flip-flops).
Mapping memory $auto$proc_rom.cc:155:do_switch$4 in module \Instruction_Memory_16:
  created 32 $dff cells and 0 static cells of width 16.
Extracted data FF from read port 0 of Instruction_Memory_16.$auto$proc_rom.cc:155:do_switch$4: $$auto$proc_rom.cc:155:do_switch$4$rdreg[0]
  read interface: 1 $dff and 31 $mux cells.
  write interface: 0 write mux blocks.

68. Executing OPT_EXPR pass (perform const folding).
Optimizing module Instruction_Memory_16.
<suppressed ~8 debug messages>

69. Executing OPT_MERGE pass (detect identical cells).
Finding identical cells in module `\Instruction_Memory_16'.
Removed a total of 0 cells.

70. Executing OPT_MUXTREE pass (detect dead branches in mux trees).
Running muxtree optimizer on module \Instruction_Memory_16..
  Creating internal representation of mux trees.
  Evaluating internal representation of mux trees.
  Analyzing evaluation results.
Removed 0 multiplexer ports.
<suppressed ~1 debug messages>

71. Executing OPT_REDUCE pass (consolidate $*mux and $reduce_* inputs).
  Optimizing cells in module \Instruction_Memory_16.
    Consolidated identical input bits for $mux cell $memory$auto$proc_rom.cc:155:do_switch$4$rdmux[0][4][10]$107:
      Old ports: A=16'1011111011101111, B=16'1100101011111110, Y=$memory$auto$proc_rom.cc:155:do_switch$4$rdmux[0][3][5]$a$69
      New ports: A=2'01, B=2'10, Y={ $memory$auto$proc_rom.cc:155:do_switch$4$rdmux[0][3][5]$a$69 [4] $memory$auto$proc_rom.cc:155:do_switch$4$rdmux[0][3][5]$a$69 [0] }
      New connections: { $memory$auto$proc_rom.cc:155:do_switch$4$rdmux[0][3][5]$a$69 [15:5] $memory$auto$proc_rom.cc:155:do_switch$4$rdmux[0][3][5]$a$69 [3:1] } = { 1'1 $memory$auto$proc_rom.cc:155:do_switch$4$rdmux[0][3][5]$a$69 [4] $memory$auto$proc_rom.cc:155:do_switch$4$rdmux[0][3][5]$a$69 [0] $memory$auto$proc_rom.cc:155:do_switch$4$rdmux[0][3][5]$a$69 [0] 1'1 $memory$auto$proc_rom.cc:155:do_switch$4$rdmux[0][3][5]$a$69 [0] 8'10111111 }
    Consolidated identical input bits for $mux cell $memory$auto$proc_rom.cc:155:do_switch$4$rdmux[0][4][11]$110:
      Old ports: A=16'1101111010101101, B=16'1100000011011110, Y=$memory$auto$proc_rom.cc:155:do_switch$4$rdmux[0][3][5]$b$70
      New ports: A=2'01, B=2'10, Y=$memory$auto$proc_rom.cc:155:do_switch$4$rdmux[0][3][5]$b$70 [1:0]
      New connections: $memory$auto$proc_rom.cc:155:do_switch$4$rdmux[0][3][5]$b$70 [15:2] = { 3'110 $memory$auto$proc_rom.cc:155:do_switch$4$rdmux[0][3][5]$b$70 [0] $memory$auto$proc_rom.cc:155:do_switch$4$rdmux[0][3][5]$b$70 [0] $memory$auto$proc_rom.cc:155:do_switch$4$rdmux[0][3][5]$b$70 [0] $memory$auto$proc_rom.cc:155:do_switch$4$rdmux[0][3][5]$b$70 [0] 2'01 $memory$auto$proc_rom.cc:155:do_switch$4$rdmux[0][3][5]$b$70 [1:0] $memory$auto$proc_rom.cc:155:do_switch$4$rdmux[0][3][5]$b$70 [1] 2'11 }
    Consolidated identical input bits for $mux cell $memory$auto$proc_rom.cc:155:do_switch$4$rdmux[0][4][13]$116:
      Old ports: A=16'0000000000000011, B=16'0000000000000100, Y=$memory$auto$proc_rom.cc:155:do_switch$4$rdmux[0][3][6]$b$73
      New ports: A=2'01, B=2'10, Y={ $memory$auto$proc_rom.cc:155:do_switch$4$rdmux[0][3][6]$b$73 [2] $memory$auto$proc_rom.cc:155:do_switch$4$rdmux[0][3][6]$b$73 [0] }
      New connections: { $memory$auto$proc_rom.cc:155:do_switch$4$rdmux[0][3][6]$b$73 [15:3] $memory$auto$proc_rom.cc:155:do_switch$4$rdmux[0][3][6]$b$73 [1] } = { 13'0000000000000 $memory$auto$proc_rom.cc:155:do_switch$4$rdmux[0][3][6]$b$73 [0] }
    Consolidated identical input bits for $mux cell $memory$auto$proc_rom.cc:155:do_switch$4$rdmux[0][4][14]$119:
      Old ports: A=16'0000000000000101, B=16'0000000000000110, Y=$memory$auto$proc_rom.cc:155:do_switch$4$rdmux[0][3][7]$a$75
      New ports: A=2'01, B=2'10, Y=$memory$auto$proc_rom.cc:155:do_switch$4$rdmux[0][3][7]$a$75 [1:0]
      New connections: $memory$auto$proc_rom.cc:155:do_switch$4$rdmux[0][3][7]$a$75 [15:2] = 14'00000000000001
    Consolidated identical input bits for $mux cell $memory$auto$proc_rom.cc:155:do_switch$4$rdmux[0][4][3]$86:
      Old ports: A=16'1111111111111111, B=16'0000000000000000, Y=$memory$auto$proc_rom.cc:155:do_switch$4$rdmux[0][3][1]$b$58
      New ports: A=1'1, B=1'0, Y=$memory$auto$proc_rom.cc:155:do_switch$4$rdmux[0][3][1]$b$58 [0]
      New connections: $memory$auto$proc_rom.cc:155:do_switch$4$rdmux[0][3][1]$b$58 [15:1] = { $memory$auto$proc_rom.cc:155:do_switch$4$rdmux[0][3][1]$b$58 [0] $memory$auto$proc_rom.cc:155:do_switch$4$rdmux[0][3][1]$b$58 [0] $memory$auto$proc_rom.cc:155:do_switch$4$rdmux[0][3][1]$b$58 [0] $memory$auto$proc_rom.cc:155:do_switch$4$rdmux[0][3][1]$b$58 [0] $memory$auto$proc_rom.cc:155:do_switch$4$rdmux[0][3][1]$b$58 [0] $memory$auto$proc_rom.cc:155:do_switch$4$rdmux[0][3][1]$b$58 [0] $memory$auto$proc_rom.cc:155:do_switch$4$rdmux[0][3][1]$b$58 [0] $memory$auto$proc_rom.cc:155:do_switch$4$rdmux[0][3][1]$b$58 [0] $memory$auto$proc_rom.cc:155:do_switch$4$rdmux[0][3][1]$b$58 [0] $memory$auto$proc_rom.cc:155:do_switch$4$rdmux[0][3][1]$b$58 [0] $memory$auto$proc_rom.cc:155:do_switch$4$rdmux[0][3][1]$b$58 [0] $memory$auto$proc_rom.cc:155:do_switch$4$rdmux[0][3][1]$b$58 [0] $memory$auto$proc_rom.cc:155:do_switch$4$rdmux[0][3][1]$b$58 [0] $memory$auto$proc_rom.cc:155:do_switch$4$rdmux[0][3][1]$b$58 [0] $memory$auto$proc_rom.cc:155:do_switch$4$rdmux[0][3][1]$b$58 [0] }
    Consolidated identical input bits for $mux cell $memory$auto$proc_rom.cc:155:do_switch$4$rdmux[0][4][2]$83:
      Old ports: A=16'1010101010101010, B=16'0101010101010101, Y=$memory$auto$proc_rom.cc:155:do_switch$4$rdmux[0][3][1]$a$57
      New ports: A=2'10, B=2'01, Y=$memory$auto$proc_rom.cc:155:do_switch$4$rdmux[0][3][1]$a$57 [1:0]
      New connections: $memory$auto$proc_rom.cc:155:do_switch$4$rdmux[0][3][1]$a$57 [15:2] = { $memory$auto$proc_rom.cc:155:do_switch$4$rdmux[0][3][1]$a$57 [1:0] $memory$auto$proc_rom.cc:155:do_switch$4$rdmux[0][3][1]$a$57 [1:0] $memory$auto$proc_rom.cc:155:do_switch$4$rdmux[0][3][1]$a$57 [1:0] $memory$auto$proc_rom.cc:155:do_switch$4$rdmux[0][3][1]$a$57 [1:0] $memory$auto$proc_rom.cc:155:do_switch$4$rdmux[0][3][1]$a$57 [1:0] $memory$auto$proc_rom.cc:155:do_switch$4$rdmux[0][3][1]$a$57 [1:0] $memory$auto$proc_rom.cc:155:do_switch$4$rdmux[0][3][1]$a$57 [1:0] }
    Consolidated identical input bits for $mux cell $memory$auto$proc_rom.cc:155:do_switch$4$rdmux[0][4][1]$80:
      Old ports: A=16'1001101010111100, B=16'1101111011110000, Y=$memory$auto$proc_rom.cc:155:do_switch$4$rdmux[0][3][0]$b$55
      New ports: A=2'01, B=2'10, Y={ $memory$auto$proc_rom.cc:155:do_switch$4$rdmux[0][3][0]$b$55 [6] $memory$auto$proc_rom.cc:155:do_switch$4$rdmux[0][3][0]$b$55 [2] }
      New connections: { $memory$auto$proc_rom.cc:155:do_switch$4$rdmux[0][3][0]$b$55 [15:7] $memory$auto$proc_rom.cc:155:do_switch$4$rdmux[0][3][0]$b$55 [5:3] $memory$auto$proc_rom.cc:155:do_switch$4$rdmux[0][3][0]$b$55 [1:0] } = { 1'1 $memory$auto$proc_rom.cc:155:do_switch$4$rdmux[0][3][0]$b$55 [6] 3'011 $memory$auto$proc_rom.cc:155:do_switch$4$rdmux[0][3][0]$b$55 [6] 5'10111 $memory$auto$proc_rom.cc:155:do_switch$4$rdmux[0][3][0]$b$55 [2] 2'00 }
    Consolidated identical input bits for $mux cell $memory$auto$proc_rom.cc:155:do_switch$4$rdmux[0][4][0]$77:
      Old ports: A=16'0001001000110100, B=16'0101011001111000, Y=$memory$auto$proc_rom.cc:155:do_switch$4$rdmux[0][3][0]$a$54
      New ports: A=2'01, B=2'10, Y=$memory$auto$proc_rom.cc:155:do_switch$4$rdmux[0][3][0]$a$54 [3:2]
      New connections: { $memory$auto$proc_rom.cc:155:do_switch$4$rdmux[0][3][0]$a$54 [15:4] $memory$auto$proc_rom.cc:155:do_switch$4$rdmux[0][3][0]$a$54 [1:0] } = { 1'0 $memory$auto$proc_rom.cc:155:do_switch$4$rdmux[0][3][0]$a$54 [3] 3'010 $memory$auto$proc_rom.cc:155:do_switch$4$rdmux[0][3][0]$a$54 [3] 3'100 $memory$auto$proc_rom.cc:155:do_switch$4$rdmux[0][3][0]$a$54 [3] 4'1100 }
    Consolidated identical input bits for $mux cell $memory$auto$proc_rom.cc:155:do_switch$4$rdmux[0][4][9]$104:
      Old ports: A=16'0011001100110011, B=16'0100010001000100, Y=$memory$auto$proc_rom.cc:155:do_switch$4$rdmux[0][3][4]$b$67
      New ports: A=2'01, B=2'10, Y={ $memory$auto$proc_rom.cc:155:do_switch$4$rdmux[0][3][4]$b$67 [2] $memory$auto$proc_rom.cc:155:do_switch$4$rdmux[0][3][4]$b$67 [0] }
      New connections: { $memory$auto$proc_rom.cc:155:do_switch$4$rdmux[0][3][4]$b$67 [15:3] $memory$auto$proc_rom.cc:155:do_switch$4$rdmux[0][3][4]$b$67 [1] } = { 1'0 $memory$auto$proc_rom.cc:155:do_switch$4$rdmux[0][3][4]$b$67 [2] $memory$auto$proc_rom.cc:155:do_switch$4$rdmux[0][3][4]$b$67 [0] $memory$auto$proc_rom.cc:155:do_switch$4$rdmux[0][3][4]$b$67 [0] 1'0 $memory$auto$proc_rom.cc:155:do_switch$4$rdmux[0][3][4]$b$67 [2] $memory$auto$proc_rom.cc:155:do_switch$4$rdmux[0][3][4]$b$67 [0] $memory$auto$proc_rom.cc:155:do_switch$4$rdmux[0][3][4]$b$67 [0] 1'0 $memory$auto$proc_rom.cc:155:do_switch$4$rdmux[0][3][4]$b$67 [2] $memory$auto$proc_rom.cc:155:do_switch$4$rdmux[0][3][4]$b$67 [0] $memory$auto$proc_rom.cc:155:do_switch$4$rdmux[0][3][4]$b$67 [0] 1'0 $memory$auto$proc_rom.cc:155:do_switch$4$rdmux[0][3][4]$b$67 [0] }
    Consolidated identical input bits for $mux cell $memory$auto$proc_rom.cc:155:do_switch$4$rdmux[0][4][12]$113:
      Old ports: A=16'0000000000000001, B=16'0000000000000010, Y=$memory$auto$proc_rom.cc:155:do_switch$4$rdmux[0][3][6]$a$72
      New ports: A=2'01, B=2'10, Y=$memory$auto$proc_rom.cc:155:do_switch$4$rdmux[0][3][6]$a$72 [1:0]
      New connections: $memory$auto$proc_rom.cc:155:do_switch$4$rdmux[0][3][6]$a$72 [15:2] = 14'00000000000000
    Consolidated identical input bits for $mux cell $memory$auto$proc_rom.cc:155:do_switch$4$rdmux[0][4][8]$101:
      Old ports: A=16'0001000100010001, B=16'0010001000100010, Y=$memory$auto$proc_rom.cc:155:do_switch$4$rdmux[0][3][4]$a$66
      New ports: A=2'01, B=2'10, Y=$memory$auto$proc_rom.cc:155:do_switch$4$rdmux[0][3][4]$a$66 [1:0]
      New connections: $memory$auto$proc_rom.cc:155:do_switch$4$rdmux[0][3][4]$a$66 [15:2] = { 2'00 $memory$auto$proc_rom.cc:155:do_switch$4$rdmux[0][3][4]$a$66 [1:0] 2'00 $memory$auto$proc_rom.cc:155:do_switch$4$rdmux[0][3][4]$a$66 [1:0] 2'00 $memory$auto$proc_rom.cc:155:do_switch$4$rdmux[0][3][4]$a$66 [1:0] 2'00 }
    Consolidated identical input bits for $mux cell $memory$auto$proc_rom.cc:155:do_switch$4$rdmux[0][4][15]$122:
      Old ports: A=16'0000000000000111, B=16'0000000000001000, Y=$memory$auto$proc_rom.cc:155:do_switch$4$rdmux[0][3][7]$b$76
      New ports: A=2'01, B=2'10, Y={ $memory$auto$proc_rom.cc:155:do_switch$4$rdmux[0][3][7]$b$76 [3] $memory$auto$proc_rom.cc:155:do_switch$4$rdmux[0][3][7]$b$76 [0] }
      New connections: { $memory$auto$proc_rom.cc:155:do_switch$4$rdmux[0][3][7]$b$76 [15:4] $memory$auto$proc_rom.cc:155:do_switch$4$rdmux[0][3][7]$b$76 [2:1] } = { 12'000000000000 $memory$auto$proc_rom.cc:155:do_switch$4$rdmux[0][3][7]$b$76 [0] $memory$auto$proc_rom.cc:155:do_switch$4$rdmux[0][3][7]$b$76 [0] }
  Optimizing cells in module \Instruction_Memory_16.
    Consolidated identical input bits for $mux cell $memory$auto$proc_rom.cc:155:do_switch$4$rdmux[0][3][7]$74:
      Old ports: A=$memory$auto$proc_rom.cc:155:do_switch$4$rdmux[0][3][7]$a$75, B=$memory$auto$proc_rom.cc:155:do_switch$4$rdmux[0][3][7]$b$76, Y=$memory$auto$proc_rom.cc:155:do_switch$4$rdmux[0][2][3]$b$52
      New ports: A={ 2'01 $memory$auto$proc_rom.cc:155:do_switch$4$rdmux[0][3][7]$a$75 [1:0] }, B={ $memory$auto$proc_rom.cc:155:do_switch$4$rdmux[0][3][7]$b$76 [3] $memory$auto$proc_rom.cc:155:do_switch$4$rdmux[0][3][7]$b$76 [0] $memory$auto$proc_rom.cc:155:do_switch$4$rdmux[0][3][7]$b$76 [0] $memory$auto$proc_rom.cc:155:do_switch$4$rdmux[0][3][7]$b$76 [0] }, Y=$memory$auto$proc_rom.cc:155:do_switch$4$rdmux[0][2][3]$b$52 [3:0]
      New connections: $memory$auto$proc_rom.cc:155:do_switch$4$rdmux[0][2][3]$b$52 [15:4] = 12'000000000000
    Consolidated identical input bits for $mux cell $memory$auto$proc_rom.cc:155:do_switch$4$rdmux[0][3][6]$71:
      Old ports: A=$memory$auto$proc_rom.cc:155:do_switch$4$rdmux[0][3][6]$a$72, B=$memory$auto$proc_rom.cc:155:do_switch$4$rdmux[0][3][6]$b$73, Y=$memory$auto$proc_rom.cc:155:do_switch$4$rdmux[0][2][3]$a$51
      New ports: A={ 1'0 $memory$auto$proc_rom.cc:155:do_switch$4$rdmux[0][3][6]$a$72 [1:0] }, B={ $memory$auto$proc_rom.cc:155:do_switch$4$rdmux[0][3][6]$b$73 [2] $memory$auto$proc_rom.cc:155:do_switch$4$rdmux[0][3][6]$b$73 [0] $memory$auto$proc_rom.cc:155:do_switch$4$rdmux[0][3][6]$b$73 [0] }, Y=$memory$auto$proc_rom.cc:155:do_switch$4$rdmux[0][2][3]$a$51 [2:0]
      New connections: $memory$auto$proc_rom.cc:155:do_switch$4$rdmux[0][2][3]$a$51 [15:3] = 13'0000000000000
    Consolidated identical input bits for $mux cell $memory$auto$proc_rom.cc:155:do_switch$4$rdmux[0][3][5]$68:
      Old ports: A=$memory$auto$proc_rom.cc:155:do_switch$4$rdmux[0][3][5]$a$69, B=$memory$auto$proc_rom.cc:155:do_switch$4$rdmux[0][3][5]$b$70, Y=$memory$auto$proc_rom.cc:155:do_switch$4$rdmux[0][2][2]$b$49
      New ports: A={ $memory$auto$proc_rom.cc:155:do_switch$4$rdmux[0][3][5]$a$69 [4] $memory$auto$proc_rom.cc:155:do_switch$4$rdmux[0][3][5]$a$69 [0] 1'1 $memory$auto$proc_rom.cc:155:do_switch$4$rdmux[0][3][5]$a$69 [4] 1'1 $memory$auto$proc_rom.cc:155:do_switch$4$rdmux[0][3][5]$a$69 [0] }, B={ 2'10 $memory$auto$proc_rom.cc:155:do_switch$4$rdmux[0][3][5]$b$70 [0] $memory$auto$proc_rom.cc:155:do_switch$4$rdmux[0][3][5]$b$70 [1] $memory$auto$proc_rom.cc:155:do_switch$4$rdmux[0][3][5]$b$70 [1:0] }, Y={ $memory$auto$proc_rom.cc:155:do_switch$4$rdmux[0][2][2]$b$49 [14:13] $memory$auto$proc_rom.cc:155:do_switch$4$rdmux[0][2][2]$b$49 [5:4] $memory$auto$proc_rom.cc:155:do_switch$4$rdmux[0][2][2]$b$49 [1:0] }
      New connections: { $memory$auto$proc_rom.cc:155:do_switch$4$rdmux[0][2][2]$b$49 [15] $memory$auto$proc_rom.cc:155:do_switch$4$rdmux[0][2][2]$b$49 [12:6] $memory$auto$proc_rom.cc:155:do_switch$4$rdmux[0][2][2]$b$49 [3:2] } = { 1'1 $memory$auto$proc_rom.cc:155:do_switch$4$rdmux[0][2][2]$b$49 [0] $memory$auto$proc_rom.cc:155:do_switch$4$rdmux[0][2][2]$b$49 [5] $memory$auto$proc_rom.cc:155:do_switch$4$rdmux[0][2][2]$b$49 [0] $memory$auto$proc_rom.cc:155:do_switch$4$rdmux[0][2][2]$b$49 [5] 2'01 $memory$auto$proc_rom.cc:155:do_switch$4$rdmux[0][2][2]$b$49 [1] 2'11 }
    Consolidated identical input bits for $mux cell $memory$auto$proc_rom.cc:155:do_switch$4$rdmux[0][3][4]$65:
      Old ports: A=$memory$auto$proc_rom.cc:155:do_switch$4$rdmux[0][3][4]$a$66, B=$memory$auto$proc_rom.cc:155:do_switch$4$rdmux[0][3][4]$b$67, Y=$memory$auto$proc_rom.cc:155:do_switch$4$rdmux[0][2][2]$a$48
      New ports: A={ 1'0 $memory$auto$proc_rom.cc:155:do_switch$4$rdmux[0][3][4]$a$66 [1:0] }, B={ $memory$auto$proc_rom.cc:155:do_switch$4$rdmux[0][3][4]$b$67 [2] $memory$auto$proc_rom.cc:155:do_switch$4$rdmux[0][3][4]$b$67 [0] $memory$auto$proc_rom.cc:155:do_switch$4$rdmux[0][3][4]$b$67 [0] }, Y=$memory$auto$proc_rom.cc:155:do_switch$4$rdmux[0][2][2]$a$48 [2:0]
      New connections: $memory$auto$proc_rom.cc:155:do_switch$4$rdmux[0][2][2]$a$48 [15:3] = { 1'0 $memory$auto$proc_rom.cc:155:do_switch$4$rdmux[0][2][2]$a$48 [2:0] 1'0 $memory$auto$proc_rom.cc:155:do_switch$4$rdmux[0][2][2]$a$48 [2:0] 1'0 $memory$auto$proc_rom.cc:155:do_switch$4$rdmux[0][2][2]$a$48 [2:0] 1'0 }
    Consolidated identical input bits for $mux cell $memory$auto$proc_rom.cc:155:do_switch$4$rdmux[0][3][1]$56:
      Old ports: A=$memory$auto$proc_rom.cc:155:do_switch$4$rdmux[0][3][1]$a$57, B=$memory$auto$proc_rom.cc:155:do_switch$4$rdmux[0][3][1]$b$58, Y=$memory$auto$proc_rom.cc:155:do_switch$4$rdmux[0][2][0]$b$43
      New ports: A=$memory$auto$proc_rom.cc:155:do_switch$4$rdmux[0][3][1]$a$57 [1:0], B={ $memory$auto$proc_rom.cc:155:do_switch$4$rdmux[0][3][1]$b$58 [0] $memory$auto$proc_rom.cc:155:do_switch$4$rdmux[0][3][1]$b$58 [0] }, Y=$memory$auto$proc_rom.cc:155:do_switch$4$rdmux[0][2][0]$b$43 [1:0]
      New connections: $memory$auto$proc_rom.cc:155:do_switch$4$rdmux[0][2][0]$b$43 [15:2] = { $memory$auto$proc_rom.cc:155:do_switch$4$rdmux[0][2][0]$b$43 [1:0] $memory$auto$proc_rom.cc:155:do_switch$4$rdmux[0][2][0]$b$43 [1:0] $memory$auto$proc_rom.cc:155:do_switch$4$rdmux[0][2][0]$b$43 [1:0] $memory$auto$proc_rom.cc:155:do_switch$4$rdmux[0][2][0]$b$43 [1:0] $memory$auto$proc_rom.cc:155:do_switch$4$rdmux[0][2][0]$b$43 [1:0] $memory$auto$proc_rom.cc:155:do_switch$4$rdmux[0][2][0]$b$43 [1:0] $memory$auto$proc_rom.cc:155:do_switch$4$rdmux[0][2][0]$b$43 [1:0] }
    Consolidated identical input bits for $mux cell $memory$auto$proc_rom.cc:155:do_switch$4$rdmux[0][3][0]$53:
      Old ports: A=$memory$auto$proc_rom.cc:155:do_switch$4$rdmux[0][3][0]$a$54, B=$memory$auto$proc_rom.cc:155:do_switch$4$rdmux[0][3][0]$b$55, Y=$memory$auto$proc_rom.cc:155:do_switch$4$rdmux[0][2][0]$a$42
      New ports: A={ 1'0 $memory$auto$proc_rom.cc:155:do_switch$4$rdmux[0][3][0]$a$54 [3] $memory$auto$proc_rom.cc:155:do_switch$4$rdmux[0][3][0]$a$54 [3:2] }, B={ 1'1 $memory$auto$proc_rom.cc:155:do_switch$4$rdmux[0][3][0]$b$55 [6] $memory$auto$proc_rom.cc:155:do_switch$4$rdmux[0][3][0]$b$55 [2] $memory$auto$proc_rom.cc:155:do_switch$4$rdmux[0][3][0]$b$55 [2] }, Y={ $memory$auto$proc_rom.cc:155:do_switch$4$rdmux[0][2][0]$a$42 [7:6] $memory$auto$proc_rom.cc:155:do_switch$4$rdmux[0][2][0]$a$42 [3:2] }
      New connections: { $memory$auto$proc_rom.cc:155:do_switch$4$rdmux[0][2][0]$a$42 [15:8] $memory$auto$proc_rom.cc:155:do_switch$4$rdmux[0][2][0]$a$42 [5:4] $memory$auto$proc_rom.cc:155:do_switch$4$rdmux[0][2][0]$a$42 [1:0] } = { $memory$auto$proc_rom.cc:155:do_switch$4$rdmux[0][2][0]$a$42 [7:6] 2'01 $memory$auto$proc_rom.cc:155:do_switch$4$rdmux[0][2][0]$a$42 [7:6] 6'101100 }
  Optimizing cells in module \Instruction_Memory_16.
    Consolidated identical input bits for $mux cell $memory$auto$proc_rom.cc:155:do_switch$4$rdmux[0][2][3]$50:
      Old ports: A=$memory$auto$proc_rom.cc:155:do_switch$4$rdmux[0][2][3]$a$51, B=$memory$auto$proc_rom.cc:155:do_switch$4$rdmux[0][2][3]$b$52, Y=$memory$auto$proc_rom.cc:155:do_switch$4$rdmux[0][1][1]$b$40
      New ports: A={ 1'0 $memory$auto$proc_rom.cc:155:do_switch$4$rdmux[0][2][3]$a$51 [2:0] }, B=$memory$auto$proc_rom.cc:155:do_switch$4$rdmux[0][2][3]$b$52 [3:0], Y=$memory$auto$proc_rom.cc:155:do_switch$4$rdmux[0][1][1]$b$40 [3:0]
      New connections: $memory$auto$proc_rom.cc:155:do_switch$4$rdmux[0][1][1]$b$40 [15:4] = 12'000000000000
    Consolidated identical input bits for $mux cell $memory$auto$proc_rom.cc:155:do_switch$4$rdmux[0][2][2]$47:
      Old ports: A=$memory$auto$proc_rom.cc:155:do_switch$4$rdmux[0][2][2]$a$48, B=$memory$auto$proc_rom.cc:155:do_switch$4$rdmux[0][2][2]$b$49, Y=$memory$auto$proc_rom.cc:155:do_switch$4$rdmux[0][1][1]$a$39
      New ports: A={ $memory$auto$proc_rom.cc:155:do_switch$4$rdmux[0][2][2]$a$48 [2:1] 1'0 $memory$auto$proc_rom.cc:155:do_switch$4$rdmux[0][2][2]$a$48 [2] $memory$auto$proc_rom.cc:155:do_switch$4$rdmux[0][2][2]$a$48 [0] $memory$auto$proc_rom.cc:155:do_switch$4$rdmux[0][2][2]$a$48 [2:0] 1'0 $memory$auto$proc_rom.cc:155:do_switch$4$rdmux[0][2][2]$a$48 [2:0] }, B={ $memory$auto$proc_rom.cc:155:do_switch$4$rdmux[0][2][2]$b$49 [14:13] $memory$auto$proc_rom.cc:155:do_switch$4$rdmux[0][2][2]$b$49 [5] $memory$auto$proc_rom.cc:155:do_switch$4$rdmux[0][2][2]$b$49 [0] 1'0 $memory$auto$proc_rom.cc:155:do_switch$4$rdmux[0][2][2]$b$49 [1] $memory$auto$proc_rom.cc:155:do_switch$4$rdmux[0][2][2]$b$49 [5:4] 2'11 $memory$auto$proc_rom.cc:155:do_switch$4$rdmux[0][2][2]$b$49 [1:0] }, Y={ $memory$auto$proc_rom.cc:155:do_switch$4$rdmux[0][1][1]$a$39 [14:13] $memory$auto$proc_rom.cc:155:do_switch$4$rdmux[0][1][1]$a$39 [11:10] $memory$auto$proc_rom.cc:155:do_switch$4$rdmux[0][1][1]$a$39 [8] $memory$auto$proc_rom.cc:155:do_switch$4$rdmux[0][1][1]$a$39 [6:0] }
      New connections: { $memory$auto$proc_rom.cc:155:do_switch$4$rdmux[0][1][1]$a$39 [15] $memory$auto$proc_rom.cc:155:do_switch$4$rdmux[0][1][1]$a$39 [12] $memory$auto$proc_rom.cc:155:do_switch$4$rdmux[0][1][1]$a$39 [9] $memory$auto$proc_rom.cc:155:do_switch$4$rdmux[0][1][1]$a$39 [7] } = { $memory$auto$proc_rom.cc:155:do_switch$4$rdmux[0][1][1]$a$39 [3] $memory$auto$proc_rom.cc:155:do_switch$4$rdmux[0][1][1]$a$39 [0] $memory$auto$proc_rom.cc:155:do_switch$4$rdmux[0][1][1]$a$39 [5] $memory$auto$proc_rom.cc:155:do_switch$4$rdmux[0][1][1]$a$39 [3] }
    Consolidated identical input bits for $mux cell $memory$auto$proc_rom.cc:155:do_switch$4$rdmux[0][2][0]$41:
      Old ports: A=$memory$auto$proc_rom.cc:155:do_switch$4$rdmux[0][2][0]$a$42, B=$memory$auto$proc_rom.cc:155:do_switch$4$rdmux[0][2][0]$b$43, Y=$memory$auto$proc_rom.cc:155:do_switch$4$rdmux[0][1][0]$a$36
      New ports: A={ $memory$auto$proc_rom.cc:155:do_switch$4$rdmux[0][2][0]$a$42 [7:6] 2'11 $memory$auto$proc_rom.cc:155:do_switch$4$rdmux[0][2][0]$a$42 [3:2] 2'00 }, B={ $memory$auto$proc_rom.cc:155:do_switch$4$rdmux[0][2][0]$b$43 [1:0] $memory$auto$proc_rom.cc:155:do_switch$4$rdmux[0][2][0]$b$43 [1:0] $memory$auto$proc_rom.cc:155:do_switch$4$rdmux[0][2][0]$b$43 [1:0] $memory$auto$proc_rom.cc:155:do_switch$4$rdmux[0][2][0]$b$43 [1:0] }, Y=$memory$auto$proc_rom.cc:155:do_switch$4$rdmux[0][1][0]$a$36 [7:0]
      New connections: $memory$auto$proc_rom.cc:155:do_switch$4$rdmux[0][1][0]$a$36 [15:8] = { $memory$auto$proc_rom.cc:155:do_switch$4$rdmux[0][1][0]$a$36 [7:6] $memory$auto$proc_rom.cc:155:do_switch$4$rdmux[0][1][0]$a$36 [1] $memory$auto$proc_rom.cc:155:do_switch$4$rdmux[0][1][0]$a$36 [4] $memory$auto$proc_rom.cc:155:do_switch$4$rdmux[0][1][0]$a$36 [7:5] $memory$auto$proc_rom.cc:155:do_switch$4$rdmux[0][1][0]$a$36 [0] }
  Optimizing cells in module \Instruction_Memory_16.
    Consolidated identical input bits for $mux cell $memory$auto$proc_rom.cc:155:do_switch$4$rdmux[0][1][1]$38:
      Old ports: A=$memory$auto$proc_rom.cc:155:do_switch$4$rdmux[0][1][1]$a$39, B=$memory$auto$proc_rom.cc:155:do_switch$4$rdmux[0][1][1]$b$40, Y=$memory$auto$proc_rom.cc:155:do_switch$4$rdmux[0][0][0]$b$34
      New ports: A={ $memory$auto$proc_rom.cc:155:do_switch$4$rdmux[0][1][1]$a$39 [14:13] $memory$auto$proc_rom.cc:155:do_switch$4$rdmux[0][1][1]$a$39 [0] $memory$auto$proc_rom.cc:155:do_switch$4$rdmux[0][1][1]$a$39 [11:10] $memory$auto$proc_rom.cc:155:do_switch$4$rdmux[0][1][1]$a$39 [8] $memory$auto$proc_rom.cc:155:do_switch$4$rdmux[0][1][1]$a$39 [3] $memory$auto$proc_rom.cc:155:do_switch$4$rdmux[0][1][1]$a$39 [6:0] }, B={ 10'0000000000 $memory$auto$proc_rom.cc:155:do_switch$4$rdmux[0][1][1]$b$40 [3:0] }, Y={ $memory$auto$proc_rom.cc:155:do_switch$4$rdmux[0][0][0]$b$34 [14:10] $memory$auto$proc_rom.cc:155:do_switch$4$rdmux[0][0][0]$b$34 [8:0] }
      New connections: { $memory$auto$proc_rom.cc:155:do_switch$4$rdmux[0][0][0]$b$34 [15] $memory$auto$proc_rom.cc:155:do_switch$4$rdmux[0][0][0]$b$34 [9] } = { $memory$auto$proc_rom.cc:155:do_switch$4$rdmux[0][0][0]$b$34 [7] $memory$auto$proc_rom.cc:155:do_switch$4$rdmux[0][0][0]$b$34 [5] }
    Consolidated identical input bits for $mux cell $memory$auto$proc_rom.cc:155:do_switch$4$rdmux[0][1][0]$35:
      Old ports: A=$memory$auto$proc_rom.cc:155:do_switch$4$rdmux[0][1][0]$a$36, B=16'0000000000000000, Y=$memory$auto$proc_rom.cc:155:do_switch$4$rdmux[0][0][0]$a$33
      New ports: A=$memory$auto$proc_rom.cc:155:do_switch$4$rdmux[0][1][0]$a$36 [7:0], B=8'00000000, Y=$memory$auto$proc_rom.cc:155:do_switch$4$rdmux[0][0][0]$a$33 [7:0]
      New connections: $memory$auto$proc_rom.cc:155:do_switch$4$rdmux[0][0][0]$a$33 [15:8] = { $memory$auto$proc_rom.cc:155:do_switch$4$rdmux[0][0][0]$a$33 [7:6] $memory$auto$proc_rom.cc:155:do_switch$4$rdmux[0][0][0]$a$33 [1] $memory$auto$proc_rom.cc:155:do_switch$4$rdmux[0][0][0]$a$33 [4] $memory$auto$proc_rom.cc:155:do_switch$4$rdmux[0][0][0]$a$33 [7:5] $memory$auto$proc_rom.cc:155:do_switch$4$rdmux[0][0][0]$a$33 [0] }
  Optimizing cells in module \Instruction_Memory_16.
    Consolidated identical input bits for $mux cell $memory$auto$proc_rom.cc:155:do_switch$4$rdmux[0][0][0]$32:
      Old ports: A=$memory$auto$proc_rom.cc:155:do_switch$4$rdmux[0][0][0]$a$33, B=$memory$auto$proc_rom.cc:155:do_switch$4$rdmux[0][0][0]$b$34, Y=$$auto$proc_rom.cc:155:do_switch$4$rdreg[0]$d
      New ports: A={ $memory$auto$proc_rom.cc:155:do_switch$4$rdmux[0][0][0]$a$33 [6] $memory$auto$proc_rom.cc:155:do_switch$4$rdmux[0][0][0]$a$33 [1] $memory$auto$proc_rom.cc:155:do_switch$4$rdmux[0][0][0]$a$33 [4] $memory$auto$proc_rom.cc:155:do_switch$4$rdmux[0][0][0]$a$33 [7:6] $memory$auto$proc_rom.cc:155:do_switch$4$rdmux[0][0][0]$a$33 [0] $memory$auto$proc_rom.cc:155:do_switch$4$rdmux[0][0][0]$a$33 [7:0] }, B={ $memory$auto$proc_rom.cc:155:do_switch$4$rdmux[0][0][0]$b$34 [14:10] $memory$auto$proc_rom.cc:155:do_switch$4$rdmux[0][0][0]$b$34 [8:0] }, Y={ $$auto$proc_rom.cc:155:do_switch$4$rdreg[0]$d [14:10] $$auto$proc_rom.cc:155:do_switch$4$rdreg[0]$d [8:0] }
      New connections: { $$auto$proc_rom.cc:155:do_switch$4$rdreg[0]$d [15] $$auto$proc_rom.cc:155:do_switch$4$rdreg[0]$d [9] } = { $$auto$proc_rom.cc:155:do_switch$4$rdreg[0]$d [7] $$auto$proc_rom.cc:155:do_switch$4$rdreg[0]$d [5] }
  Optimizing cells in module \Instruction_Memory_16.
Performed a total of 24 changes.

72. Executing OPT_MERGE pass (detect identical cells).
Finding identical cells in module `\Instruction_Memory_16'.
<suppressed ~30 debug messages>
Removed a total of 10 cells.

73. Executing OPT_SHARE pass.

74. Executing OPT_DFF pass (perform DFF optimizations).

75. Executing OPT_CLEAN pass (remove unused cells and wires).
Finding unused cells or wires in module \Instruction_Memory_16..
Removed 1 unused cells and 50 unused wires.
<suppressed ~2 debug messages>

76. Executing OPT_EXPR pass (perform const folding).
Optimizing module Instruction_Memory_16.
<suppressed ~1 debug messages>

77. Rerunning OPT passes. (Maybe there is more to do…)

78. Executing OPT_MUXTREE pass (detect dead branches in mux trees).
Running muxtree optimizer on module \Instruction_Memory_16..
  Creating internal representation of mux trees.
  Evaluating internal representation of mux trees.
  Analyzing evaluation results.
Removed 0 multiplexer ports.
<suppressed ~3 debug messages>

79. Executing OPT_REDUCE pass (consolidate $*mux and $reduce_* inputs).
  Optimizing cells in module \Instruction_Memory_16.
    Consolidated identical input bits for $mux cell $memory$auto$proc_rom.cc:155:do_switch$4$rdmux[0][3][0]$53:
      Old ports: A={ 1'0 $memory$auto$proc_rom.cc:155:do_switch$4$rdmux[0][3][0]$a$54 [14] $memory$auto$proc_rom.cc:155:do_switch$4$rdmux[0][3][0]$a$54 [14] $memory$auto$proc_rom.cc:155:do_switch$4$rdmux[0][3][0]$a$54 [2] }, B={ 1'1 $memory$auto$proc_rom.cc:155:do_switch$4$rdmux[0][3][0]$a$54 [14] $memory$auto$proc_rom.cc:155:do_switch$4$rdmux[0][3][0]$a$54 [2] $memory$auto$proc_rom.cc:155:do_switch$4$rdmux[0][3][0]$a$54 [2] }, Y={ $memory$auto$proc_rom.cc:155:do_switch$4$rdmux[0][2][0]$a$42 [15:14] $memory$auto$proc_rom.cc:155:do_switch$4$rdmux[0][2][0]$a$42 [3:2] }
      New ports: A={ 1'0 $memory$auto$proc_rom.cc:155:do_switch$4$rdmux[0][3][0]$a$54 [14] }, B={ 1'1 $memory$auto$proc_rom.cc:155:do_switch$4$rdmux[0][3][0]$a$54 [2] }, Y={ $memory$auto$proc_rom.cc:155:do_switch$4$rdmux[0][2][0]$a$42 [15] $memory$auto$proc_rom.cc:155:do_switch$4$rdmux[0][2][0]$a$42 [3] }
      New connections: { $memory$auto$proc_rom.cc:155:do_switch$4$rdmux[0][2][0]$a$42 [14] $memory$auto$proc_rom.cc:155:do_switch$4$rdmux[0][2][0]$a$42 [2] } = { $memory$auto$proc_rom.cc:155:do_switch$4$rdmux[0][3][0]$a$54 [14] $memory$auto$proc_rom.cc:155:do_switch$4$rdmux[0][3][0]$a$54 [2] }
    Consolidated identical input bits for $mux cell $memory$auto$proc_rom.cc:155:do_switch$4$rdmux[0][3][5]$68:
      Old ports: A={ $memory$auto$proc_rom.cc:155:do_switch$4$rdmux[0][3][0]$a$54 [14] $memory$auto$proc_rom.cc:155:do_switch$4$rdmux[0][3][0]$a$54 [2] 1'1 $memory$auto$proc_rom.cc:155:do_switch$4$rdmux[0][3][0]$a$54 [14] 1'1 $memory$auto$proc_rom.cc:155:do_switch$4$rdmux[0][3][0]$a$54 [2] }, B={ 2'10 $memory$auto$proc_rom.cc:155:do_switch$4$rdmux[0][3][0]$a$54 [2] $memory$auto$proc_rom.cc:155:do_switch$4$rdmux[0][3][0]$a$54 [14] $memory$auto$proc_rom.cc:155:do_switch$4$rdmux[0][3][0]$a$54 [14] $memory$auto$proc_rom.cc:155:do_switch$4$rdmux[0][3][0]$a$54 [2] }, Y={ $memory$auto$proc_rom.cc:155:do_switch$4$rdmux[0][2][2]$b$49 [14:13] $memory$auto$proc_rom.cc:155:do_switch$4$rdmux[0][2][2]$b$49 [11] $memory$auto$proc_rom.cc:155:do_switch$4$rdmux[0][2][2]$b$49 [4] $memory$auto$proc_rom.cc:155:do_switch$4$rdmux[0][2][2]$b$49 [6] $memory$auto$proc_rom.cc:155:do_switch$4$rdmux[0][2][2]$b$49 [12] }
      New ports: A={ $memory$auto$proc_rom.cc:155:do_switch$4$rdmux[0][3][0]$a$54 [14] $memory$auto$proc_rom.cc:155:do_switch$4$rdmux[0][3][0]$a$54 [2] 2'11 }, B={ 2'10 $memory$auto$proc_rom.cc:155:do_switch$4$rdmux[0][3][0]$a$54 [2] $memory$auto$proc_rom.cc:155:do_switch$4$rdmux[0][3][0]$a$54 [14] }, Y={ $memory$auto$proc_rom.cc:155:do_switch$4$rdmux[0][2][2]$b$49 [14:13] $memory$auto$proc_rom.cc:155:do_switch$4$rdmux[0][2][2]$b$49 [11] $memory$auto$proc_rom.cc:155:do_switch$4$rdmux[0][2][2]$b$49 [6] }
      New connections: { $memory$auto$proc_rom.cc:155:do_switch$4$rdmux[0][2][2]$b$49 [4] $memory$auto$proc_rom.cc:155:do_switch$4$rdmux[0][2][2]$b$49 [12] } = { $memory$auto$proc_rom.cc:155:do_switch$4$rdmux[0][3][0]$a$54 [14] $memory$auto$proc_rom.cc:155:do_switch$4$rdmux[0][3][0]$a$54 [2] }
    Consolidated identical input bits for $mux cell $memory$auto$proc_rom.cc:155:do_switch$4$rdmux[0][3][6]$71:
      Old ports: A={ 1'0 $memory$auto$proc_rom.cc:155:do_switch$4$rdmux[0][3][0]$a$54 [14] $memory$auto$proc_rom.cc:155:do_switch$4$rdmux[0][3][0]$a$54 [2] }, B={ $memory$auto$proc_rom.cc:155:do_switch$4$rdmux[0][3][0]$a$54 [14] $memory$auto$proc_rom.cc:155:do_switch$4$rdmux[0][3][0]$a$54 [2] $memory$auto$proc_rom.cc:155:do_switch$4$rdmux[0][3][0]$a$54 [2] }, Y=$memory$auto$proc_rom.cc:155:do_switch$4$rdmux[0][2][2]$a$48 [14:12]
      New ports: A={ 1'0 $memory$auto$proc_rom.cc:155:do_switch$4$rdmux[0][3][0]$a$54 [14] }, B={ $memory$auto$proc_rom.cc:155:do_switch$4$rdmux[0][3][0]$a$54 [14] $memory$auto$proc_rom.cc:155:do_switch$4$rdmux[0][3][0]$a$54 [2] }, Y=$memory$auto$proc_rom.cc:155:do_switch$4$rdmux[0][2][2]$a$48 [14:13]
      New connections: $memory$auto$proc_rom.cc:155:do_switch$4$rdmux[0][2][2]$a$48 [12] = $memory$auto$proc_rom.cc:155:do_switch$4$rdmux[0][3][0]$a$54 [2]
    Consolidated identical input bits for $mux cell $memory$auto$proc_rom.cc:155:do_switch$4$rdmux[0][3][7]$74:
      Old ports: A={ 2'01 $memory$auto$proc_rom.cc:155:do_switch$4$rdmux[0][3][0]$a$54 [14] $memory$auto$proc_rom.cc:155:do_switch$4$rdmux[0][3][0]$a$54 [2] }, B={ $memory$auto$proc_rom.cc:155:do_switch$4$rdmux[0][3][0]$a$54 [14] $memory$auto$proc_rom.cc:155:do_switch$4$rdmux[0][3][0]$a$54 [2] $memory$auto$proc_rom.cc:155:do_switch$4$rdmux[0][3][0]$a$54 [2] $memory$auto$proc_rom.cc:155:do_switch$4$rdmux[0][3][0]$a$54 [2] }, Y=$memory$auto$proc_rom.cc:155:do_switch$4$rdmux[0][2][3]$b$52 [3:0]
      New ports: A={ 2'01 $memory$auto$proc_rom.cc:155:do_switch$4$rdmux[0][3][0]$a$54 [14] }, B={ $memory$auto$proc_rom.cc:155:do_switch$4$rdmux[0][3][0]$a$54 [14] $memory$auto$proc_rom.cc:155:do_switch$4$rdmux[0][3][0]$a$54 [2] $memory$auto$proc_rom.cc:155:do_switch$4$rdmux[0][3][0]$a$54 [2] }, Y=$memory$auto$proc_rom.cc:155:do_switch$4$rdmux[0][2][3]$b$52 [3:1]
      New connections: $memory$auto$proc_rom.cc:155:do_switch$4$rdmux[0][2][3]$b$52 [0] = $memory$auto$proc_rom.cc:155:do_switch$4$rdmux[0][3][0]$a$54 [2]
  Optimizing cells in module \Instruction_Memory_16.
    Consolidated identical input bits for $mux cell $memory$auto$proc_rom.cc:155:do_switch$4$rdmux[0][2][2]$47:
      Old ports: A={ $memory$auto$proc_rom.cc:155:do_switch$4$rdmux[0][2][2]$a$48 [14:13] 1'0 $memory$auto$proc_rom.cc:155:do_switch$4$rdmux[0][2][2]$a$48 [14] $memory$auto$proc_rom.cc:155:do_switch$4$rdmux[0][2][2]$a$48 [12] $memory$auto$proc_rom.cc:155:do_switch$4$rdmux[0][2][2]$a$48 [14:12] 1'0 $memory$auto$proc_rom.cc:155:do_switch$4$rdmux[0][2][2]$a$48 [14:12] }, B={ $memory$auto$proc_rom.cc:155:do_switch$4$rdmux[0][2][2]$b$49 [14:13] $memory$auto$proc_rom.cc:155:do_switch$4$rdmux[0][2][2]$b$49 [11] $memory$auto$proc_rom.cc:155:do_switch$4$rdmux[0][2][2]$b$49 [12] 1'0 $memory$auto$proc_rom.cc:155:do_switch$4$rdmux[0][2][2]$b$49 [6] $memory$auto$proc_rom.cc:155:do_switch$4$rdmux[0][2][2]$b$49 [11] $memory$auto$proc_rom.cc:155:do_switch$4$rdmux[0][2][2]$b$49 [4] 2'11 $memory$auto$proc_rom.cc:155:do_switch$4$rdmux[0][2][2]$b$49 [6] $memory$auto$proc_rom.cc:155:do_switch$4$rdmux[0][2][2]$b$49 [12] }, Y={ $memory$auto$proc_rom.cc:155:do_switch$4$rdmux[0][1][1]$a$39 [14:13] $memory$auto$proc_rom.cc:155:do_switch$4$rdmux[0][1][1]$a$39 [11:10] $memory$auto$proc_rom.cc:155:do_switch$4$rdmux[0][1][1]$a$39 [8] $memory$auto$proc_rom.cc:155:do_switch$4$rdmux[0][1][1]$a$39 [6] $memory$auto$proc_rom.cc:155:do_switch$4$rdmux[0][1][1]$a$39 [9] $memory$auto$proc_rom.cc:155:do_switch$4$rdmux[0][1][1]$a$39 [4] $memory$auto$proc_rom.cc:155:do_switch$4$rdmux[0][1][1]$a$39 [15] $memory$auto$proc_rom.cc:155:do_switch$4$rdmux[0][1][1]$a$39 [2:1] $memory$auto$proc_rom.cc:155:do_switch$4$rdmux[0][1][1]$a$39 [12] }
      New ports: A={ $memory$auto$proc_rom.cc:155:do_switch$4$rdmux[0][2][2]$a$48 [14:13] 1'0 $memory$auto$proc_rom.cc:155:do_switch$4$rdmux[0][2][2]$a$48 [14] $memory$auto$proc_rom.cc:155:do_switch$4$rdmux[0][3][0]$a$54 [2] $memory$auto$proc_rom.cc:155:do_switch$4$rdmux[0][2][2]$a$48 [14:13] $memory$auto$proc_rom.cc:155:do_switch$4$rdmux[0][3][0]$a$54 [2] 1'0 $memory$auto$proc_rom.cc:155:do_switch$4$rdmux[0][2][2]$a$48 [14:13] }, B={ $memory$auto$proc_rom.cc:155:do_switch$4$rdmux[0][2][2]$b$49 [14:13] $memory$auto$proc_rom.cc:155:do_switch$4$rdmux[0][2][2]$b$49 [11] $memory$auto$proc_rom.cc:155:do_switch$4$rdmux[0][3][0]$a$54 [2] 1'0 $memory$auto$proc_rom.cc:155:do_switch$4$rdmux[0][2][2]$b$49 [6] $memory$auto$proc_rom.cc:155:do_switch$4$rdmux[0][2][2]$b$49 [11] $memory$auto$proc_rom.cc:155:do_switch$4$rdmux[0][3][0]$a$54 [14] 2'11 $memory$auto$proc_rom.cc:155:do_switch$4$rdmux[0][2][2]$b$49 [6] }, Y={ $memory$auto$proc_rom.cc:155:do_switch$4$rdmux[0][1][1]$a$39 [14:13] $memory$auto$proc_rom.cc:155:do_switch$4$rdmux[0][1][1]$a$39 [11:10] $memory$auto$proc_rom.cc:155:do_switch$4$rdmux[0][1][1]$a$39 [8] $memory$auto$proc_rom.cc:155:do_switch$4$rdmux[0][1][1]$a$39 [6] $memory$auto$proc_rom.cc:155:do_switch$4$rdmux[0][1][1]$a$39 [9] $memory$auto$proc_rom.cc:155:do_switch$4$rdmux[0][1][1]$a$39 [4] $memory$auto$proc_rom.cc:155:do_switch$4$rdmux[0][1][1]$a$39 [15] $memory$auto$proc_rom.cc:155:do_switch$4$rdmux[0][1][1]$a$39 [2:1] }
      New connections: $memory$auto$proc_rom.cc:155:do_switch$4$rdmux[0][1][1]$a$39 [12] = $memory$auto$proc_rom.cc:155:do_switch$4$rdmux[0][3][0]$a$54 [2]
    Consolidated identical input bits for $mux cell $memory$auto$proc_rom.cc:155:do_switch$4$rdmux[0][2][3]$50:
      Old ports: A={ 1'0 $memory$auto$proc_rom.cc:155:do_switch$4$rdmux[0][2][2]$a$48 [14:12] }, B=$memory$auto$proc_rom.cc:155:do_switch$4$rdmux[0][2][3]$b$52 [3:0], Y=$memory$auto$proc_rom.cc:155:do_switch$4$rdmux[0][1][1]$b$40 [3:0]
      New ports: A={ 1'0 $memory$auto$proc_rom.cc:155:do_switch$4$rdmux[0][2][2]$a$48 [14:13] }, B=$memory$auto$proc_rom.cc:155:do_switch$4$rdmux[0][2][3]$b$52 [3:1], Y=$memory$auto$proc_rom.cc:155:do_switch$4$rdmux[0][1][1]$b$40 [3:1]
      New connections: $memory$auto$proc_rom.cc:155:do_switch$4$rdmux[0][1][1]$b$40 [0] = $memory$auto$proc_rom.cc:155:do_switch$4$rdmux[0][3][0]$a$54 [2]
  Optimizing cells in module \Instruction_Memory_16.
    Consolidated identical input bits for $mux cell $memory$auto$proc_rom.cc:155:do_switch$4$rdmux[0][1][1]$38:
      Old ports: A={ $memory$auto$proc_rom.cc:155:do_switch$4$rdmux[0][1][1]$a$39 [14:10] $memory$auto$proc_rom.cc:155:do_switch$4$rdmux[0][1][1]$a$39 [8] $memory$auto$proc_rom.cc:155:do_switch$4$rdmux[0][1][1]$a$39 [15] $memory$auto$proc_rom.cc:155:do_switch$4$rdmux[0][1][1]$a$39 [6] $memory$auto$proc_rom.cc:155:do_switch$4$rdmux[0][1][1]$a$39 [9] $memory$auto$proc_rom.cc:155:do_switch$4$rdmux[0][1][1]$a$39 [4] $memory$auto$proc_rom.cc:155:do_switch$4$rdmux[0][1][1]$a$39 [15] $memory$auto$proc_rom.cc:155:do_switch$4$rdmux[0][1][1]$a$39 [2:1] $memory$auto$proc_rom.cc:155:do_switch$4$rdmux[0][1][1]$a$39 [12] }, B={ 10'0000000000 $memory$auto$proc_rom.cc:155:do_switch$4$rdmux[0][1][1]$b$40 [3:0] }, Y={ $memory$auto$proc_rom.cc:155:do_switch$4$rdmux[0][0][0]$b$34 [14:10] $memory$auto$proc_rom.cc:155:do_switch$4$rdmux[0][0][0]$b$34 [8] $memory$auto$proc_rom.cc:155:do_switch$4$rdmux[0][0][0]$b$34 [15] $memory$auto$proc_rom.cc:155:do_switch$4$rdmux[0][0][0]$b$34 [6] $memory$auto$proc_rom.cc:155:do_switch$4$rdmux[0][0][0]$b$34 [9] $memory$auto$proc_rom.cc:155:do_switch$4$rdmux[0][0][0]$b$34 [4:0] }
      New ports: A={ $memory$auto$proc_rom.cc:155:do_switch$4$rdmux[0][1][1]$a$39 [14:13] $memory$auto$proc_rom.cc:155:do_switch$4$rdmux[0][3][0]$a$54 [2] $memory$auto$proc_rom.cc:155:do_switch$4$rdmux[0][1][1]$a$39 [11:10] $memory$auto$proc_rom.cc:155:do_switch$4$rdmux[0][1][1]$a$39 [8] $memory$auto$proc_rom.cc:155:do_switch$4$rdmux[0][1][1]$a$39 [15] $memory$auto$proc_rom.cc:155:do_switch$4$rdmux[0][1][1]$a$39 [6] $memory$auto$proc_rom.cc:155:do_switch$4$rdmux[0][1][1]$a$39 [9] $memory$auto$proc_rom.cc:155:do_switch$4$rdmux[0][1][1]$a$39 [4] $memory$auto$proc_rom.cc:155:do_switch$4$rdmux[0][1][1]$a$39 [15] $memory$auto$proc_rom.cc:155:do_switch$4$rdmux[0][1][1]$a$39 [2:1] }, B={ 10'0000000000 $memory$auto$proc_rom.cc:155:do_switch$4$rdmux[0][1][1]$b$40 [3:1] }, Y={ $memory$auto$proc_rom.cc:155:do_switch$4$rdmux[0][0][0]$b$34 [14:10] $memory$auto$proc_rom.cc:155:do_switch$4$rdmux[0][0][0]$b$34 [8] $memory$auto$proc_rom.cc:155:do_switch$4$rdmux[0][0][0]$b$34 [15] $memory$auto$proc_rom.cc:155:do_switch$4$rdmux[0][0][0]$b$34 [6] $memory$auto$proc_rom.cc:155:do_switch$4$rdmux[0][0][0]$b$34 [9] $memory$auto$proc_rom.cc:155:do_switch$4$rdmux[0][0][0]$b$34 [4:1] }
      New connections: $memory$auto$proc_rom.cc:155:do_switch$4$rdmux[0][0][0]$b$34 [0] = $memory$auto$proc_rom.cc:155:do_switch$4$rdmux[0][3][0]$a$54 [2]
  Optimizing cells in module \Instruction_Memory_16.
Performed a total of 7 changes.

80. Executing OPT_MERGE pass (detect identical cells).
Finding identical cells in module `\Instruction_Memory_16'.
Removed a total of 0 cells.

81. Executing OPT_SHARE pass.

82. Executing OPT_DFF pass (perform DFF optimizations).

83. Executing OPT_CLEAN pass (remove unused cells and wires).
Finding unused cells or wires in module \Instruction_Memory_16..
Removed 0 unused cells and 1 unused wires.
<suppressed ~1 debug messages>

84. Executing OPT_EXPR pass (perform const folding).
Optimizing module Instruction_Memory_16.

85. Rerunning OPT passes. (Maybe there is more to do…)

86. Executing OPT_MUXTREE pass (detect dead branches in mux trees).
Running muxtree optimizer on module \Instruction_Memory_16..
  Creating internal representation of mux trees.
  Evaluating internal representation of mux trees.
  Analyzing evaluation results.
Removed 0 multiplexer ports.
<suppressed ~3 debug messages>

87. Executing OPT_REDUCE pass (consolidate $*mux and $reduce_* inputs).
  Optimizing cells in module \Instruction_Memory_16.
Performed a total of 0 changes.

88. Executing OPT_MERGE pass (detect identical cells).
Finding identical cells in module `\Instruction_Memory_16'.
Removed a total of 0 cells.

89. Executing OPT_SHARE pass.

90. Executing OPT_DFF pass (perform DFF optimizations).

91. Executing OPT_CLEAN pass (remove unused cells and wires).
Finding unused cells or wires in module \Instruction_Memory_16..

92. Executing OPT_EXPR pass (perform const folding).
Optimizing module Instruction_Memory_16.

93. Executing TECHMAP pass (map to technology primitives).

93.1. Executing Verilog-2005 frontend: /nix/store/9r0bh7sp051dpm8km8bqlb028anpd3v3-yosys/bin/../share/yosys/techmap.v
Parsing Verilog input from `/nix/store/9r0bh7sp051dpm8km8bqlb028anpd3v3-yosys/bin/../share/yosys/techmap.v' to AST representation.
Generating RTLIL representation for module `\_90_simplemap_bool_ops'.
Generating RTLIL representation for module `\_90_simplemap_reduce_ops'.
Generating RTLIL representation for module `\_90_simplemap_logic_ops'.
Generating RTLIL representation for module `\_90_simplemap_compare_ops'.
Generating RTLIL representation for module `\_90_simplemap_various'.
Generating RTLIL representation for module `\_90_simplemap_registers'.
Generating RTLIL representation for module `\_90_shift_ops_shr_shl_sshl_sshr'.
Generating RTLIL representation for module `\_90_shift_shiftx'.
Generating RTLIL representation for module `\_90_fa'.
Generating RTLIL representation for module `\_90_lcu_brent_kung'.
Generating RTLIL representation for module `\_90_alu'.
Generating RTLIL representation for module `\_90_macc'.
Generating RTLIL representation for module `\_90_alumacc'.
Generating RTLIL representation for module `\$__div_mod_u'.
Generating RTLIL representation for module `\$__div_mod_trunc'.
Generating RTLIL representation for module `\_90_div'.
Generating RTLIL representation for module `\_90_mod'.
Generating RTLIL representation for module `\$__div_mod_floor'.
Generating RTLIL representation for module `\_90_divfloor'.
Generating RTLIL representation for module `\_90_modfloor'.
Generating RTLIL representation for module `\_90_pow'.
Generating RTLIL representation for module `\_90_pmux'.
Generating RTLIL representation for module `\_90_demux'.
Generating RTLIL representation for module `\_90_lut'.
Successfully finished Verilog frontend.

93.2. Continuing TECHMAP pass.
Using extmapper simplemap for cells of type $mux.
Using extmapper simplemap for cells of type $sdff.
Using extmapper simplemap for cells of type $logic_not.
Using extmapper simplemap for cells of type $not.
No more expansions possible.
<suppressed ~89 debug messages>

94. Executing OPT_EXPR pass (perform const folding).
Optimizing module Instruction_Memory_16.
<suppressed ~20 debug messages>

95. Executing OPT_MERGE pass (detect identical cells).
Finding identical cells in module `\Instruction_Memory_16'.
<suppressed ~27 debug messages>
Removed a total of 9 cells.

96. Executing OPT_DFF pass (perform DFF optimizations).

97. Executing OPT_CLEAN pass (remove unused cells and wires).
Finding unused cells or wires in module \Instruction_Memory_16..
Removed 1 unused cells and 4 unused wires.
<suppressed ~2 debug messages>

98. Executing OPT_EXPR pass (perform const folding).
Optimizing module Instruction_Memory_16.
<suppressed ~2 debug messages>

99. Executing OPT_MERGE pass (detect identical cells).
Finding identical cells in module `\Instruction_Memory_16'.
Removed a total of 0 cells.

100. Executing OPT_DFF pass (perform DFF optimizations).

101. Executing OPT_CLEAN pass (remove unused cells and wires).
Finding unused cells or wires in module \Instruction_Memory_16..
Removed 0 unused cells and 2 unused wires.
<suppressed ~1 debug messages>

102. Executing ABC pass (technology mapping using ABC).

102.1. Extracting gate netlist of module `\Instruction_Memory_16' to `<abc-temp-dir>/input.blif'..
Extracted 71 gates and 88 wires to a netlist network with 15 inputs and 15 outputs.

102.1.1. Executing ABC.
Running ABC command: "/nix/store/6l3aj1gi4lja8z5s4lan2k2cfz9mqkrz-yosys-abc/bin/abc" -s -f <abc-temp-dir>/abc.script 2>&1
ABC: ABC command line: "source <abc-temp-dir>/abc.script".
ABC: 
ABC: + read_blif <abc-temp-dir>/input.blif 
ABC: + read_library <abc-temp-dir>/stdcells.genlib 
ABC: Entered genlib library with 13 gates from file "<abc-temp-dir>/stdcells.genlib".
ABC: + strash 
ABC: + dretime 
ABC: + map 
ABC: + write_blif <abc-temp-dir>/output.blif 

102.1.2. Re-integrating ABC results.
ABC RESULTS:              XNOR cells:        1
ABC RESULTS:               NOT cells:        4
ABC RESULTS:             ORNOT cells:        2
ABC RESULTS:              NAND cells:        2
ABC RESULTS:               XOR cells:        2
ABC RESULTS:               AND cells:        3
ABC RESULTS:                OR cells:       14
ABC RESULTS:               NOR cells:        2
ABC RESULTS:            ANDNOT cells:       19
ABC RESULTS:               MUX cells:       28
ABC RESULTS:        internal signals:       58
ABC RESULTS:           input signals:       15
ABC RESULTS:          output signals:       15
Removing temp directory.

103. Executing OPT pass (performing simple optimizations).

103.1. Executing OPT_EXPR pass (perform const folding).
Optimizing module Instruction_Memory_16.
<suppressed ~21 debug messages>

103.2. Executing OPT_MERGE pass (detect identical cells).
Finding identical cells in module `\Instruction_Memory_16'.
<suppressed ~6 debug messages>
Removed a total of 2 cells.

103.3. Executing OPT_DFF pass (perform DFF optimizations).

103.4. Executing OPT_CLEAN pass (remove unused cells and wires).
Finding unused cells or wires in module \Instruction_Memory_16..
Removed 1 unused cells and 43 unused wires.
<suppressed ~2 debug messages>

103.5. Finished fast OPT passes.

104. Executing HIERARCHY pass (managing design hierarchy).

104.1. Analyzing design hierarchy..
Top module:  \Instruction_Memory_16

104.2. Analyzing design hierarchy..
Top module:  \Instruction_Memory_16
Removed 0 unused modules.

105. Executing CHECK pass (checking for obvious problems).
Checking module Instruction_Memory_16...
Found and reported 0 problems.

106. Printing statistics.

=== Instruction_Memory_16 ===

   Number of wires:                 65
   Number of wire bits:            124
   Number of public wires:           4
   Number of public wire bits:      48
   Number of ports:                  3
   Number of port bits:             33
   Number of memories:               0
   Number of memory bits:            0
   Number of processes:              0
   Number of cells:                 88
     $_ANDNOT_                      19
     $_AND_                          2
     $_MUX_                         28
     $_NAND_                         1
     $_NOR_                          2
     $_NOT_                          3
     $_ORNOT_                        2
     $_OR_                          14
     $_SDFF_PP0_                    14
     $_XNOR_                         1
     $_XOR_                          2

107. Generating Graphviz representation of design.
Writing dot description to `/home/kuman/my_designs/instruction_memory/runs/RUN_2025-11-17_17-05-55/06-yosys-synthesis/primitive_techmap.dot'.
Dumping module Instruction_Memory_16 to page 1.

108. Executing OPT pass (performing simple optimizations).

108.1. Executing OPT_EXPR pass (perform const folding).
Optimizing module Instruction_Memory_16.

108.2. Executing OPT_MERGE pass (detect identical cells).
Finding identical cells in module `\Instruction_Memory_16'.
Removed a total of 0 cells.

108.3. Executing OPT_MUXTREE pass (detect dead branches in mux trees).
Running muxtree optimizer on module \Instruction_Memory_16..
  Creating internal representation of mux trees.
  No muxes found in this module.
Removed 0 multiplexer ports.

108.4. Executing OPT_REDUCE pass (consolidate $*mux and $reduce_* inputs).
  Optimizing cells in module \Instruction_Memory_16.
Performed a total of 0 changes.

108.5. Executing OPT_MERGE pass (detect identical cells).
Finding identical cells in module `\Instruction_Memory_16'.
Removed a total of 0 cells.

108.6. Executing OPT_DFF pass (perform DFF optimizations).

108.7. Executing OPT_CLEAN pass (remove unused cells and wires).
Finding unused cells or wires in module \Instruction_Memory_16..

108.8. Executing OPT_EXPR pass (perform const folding).
Optimizing module Instruction_Memory_16.

108.9. Finished OPT passes. (There is nothing left to do.)

109. Executing OPT_CLEAN pass (remove unused cells and wires).
Finding unused cells or wires in module \Instruction_Memory_16..
Removed 0 unused cells and 1 unused wires.
<suppressed ~1 debug messages>
{
   "creator": "Yosys 0.46 (git sha1 e97731b9dda91fa5fa53ed87df7c34163ba59a41, clang++ 17.0.6 -fPIC -O3)",
   "invocation": "stat -json -liberty /home/kuman/my_designs/instruction_memory/runs/RUN_2025-11-17_17-05-55/tmp/75d415672fab4e79b4ea43d9aab55ce0.lib ",
   "modules": {
      "\\Instruction_Memory_16": {
         "num_wires":         64,
         "num_wire_bits":     109,
         "num_pub_wires":     3,
         "num_pub_wire_bits": 33,
         "num_ports":         3,
         "num_port_bits":     33,
         "num_memories":      0,
         "num_memory_bits":   0,
         "num_processes":     0,
         "num_cells":         88,
         "num_cells_by_type": {
            "$_ANDNOT_": 19,
            "$_AND_": 2,
            "$_MUX_": 28,
            "$_NAND_": 1,
            "$_NOR_": 2,
            "$_NOT_": 3,
            "$_ORNOT_": 2,
            "$_OR_": 14,
            "$_SDFF_PP0_": 14,
            "$_XNOR_": 1,
            "$_XOR_": 2
         }
      }
   },
      "design": {
         "num_wires":         64,
         "num_wire_bits":     109,
         "num_pub_wires":     3,
         "num_pub_wire_bits": 33,
         "num_ports":         3,
         "num_port_bits":     33,
         "num_memories":      0,
         "num_memory_bits":   0,
         "num_processes":     0,
         "num_cells":         88,
         "num_cells_by_type": {
            "$_ANDNOT_": 19,
            "$_AND_": 2,
            "$_MUX_": 28,
            "$_NAND_": 1,
            "$_NOR_": 2,
            "$_NOT_": 3,
            "$_ORNOT_": 2,
            "$_OR_": 14,
            "$_SDFF_PP0_": 14,
            "$_XNOR_": 1,
            "$_XOR_": 2
         }
      }
}

110. Printing statistics.

=== Instruction_Memory_16 ===

   Number of wires:                 64
   Number of wire bits:            109
   Number of public wires:           3
   Number of public wire bits:      33
   Number of ports:                  3
   Number of port bits:             33
   Number of memories:               0
   Number of memory bits:            0
   Number of processes:              0
   Number of cells:                 88
     $_ANDNOT_                      19
     $_AND_                          2
     $_MUX_                         28
     $_NAND_                         1
     $_NOR_                          2
     $_NOT_                          3
     $_ORNOT_                        2
     $_OR_                          14
     $_SDFF_PP0_                    14
     $_XNOR_                         1
     $_XOR_                          2

   Area for cell type $_NOT_ is unknown!
   Area for cell type $_AND_ is unknown!
   Area for cell type $_NAND_ is unknown!
   Area for cell type $_OR_ is unknown!
   Area for cell type $_NOR_ is unknown!
   Area for cell type $_XOR_ is unknown!
   Area for cell type $_XNOR_ is unknown!
   Area for cell type $_ANDNOT_ is unknown!
   Area for cell type $_ORNOT_ is unknown!
   Area for cell type $_MUX_ is unknown!
   Area for cell type $_SDFF_PP0_ is unknown!

[INFO] Applying tri-state buffer mapping from '/home/kuman/.volare/volare/sky130/versions/0fe599b2afb6708d281543108caf8310912f54af/sky130A/libs.tech/openlane/sky130_fd_sc_hd/tribuff_map.v'…

111. Executing TECHMAP pass (map to technology primitives).

111.1. Executing Verilog-2005 frontend: /home/kuman/.volare/volare/sky130/versions/0fe599b2afb6708d281543108caf8310912f54af/sky130A/libs.tech/openlane/sky130_fd_sc_hd/tribuff_map.v
Parsing Verilog input from `/home/kuman/.volare/volare/sky130/versions/0fe599b2afb6708d281543108caf8310912f54af/sky130A/libs.tech/openlane/sky130_fd_sc_hd/tribuff_map.v' to AST representation.
Generating RTLIL representation for module `\$_TBUF_'.
Successfully finished Verilog frontend.

111.2. Continuing TECHMAP pass.
No more expansions possible.
<suppressed ~3 debug messages>

112. Executing SIMPLEMAP pass (map simple cells to gate primitives).
[INFO] Applying latch mapping from '/home/kuman/.volare/volare/sky130/versions/0fe599b2afb6708d281543108caf8310912f54af/sky130A/libs.tech/openlane/sky130_fd_sc_hd/latch_map.v'…

113. Executing TECHMAP pass (map to technology primitives).

113.1. Executing Verilog-2005 frontend: /home/kuman/.volare/volare/sky130/versions/0fe599b2afb6708d281543108caf8310912f54af/sky130A/libs.tech/openlane/sky130_fd_sc_hd/latch_map.v
Parsing Verilog input from `/home/kuman/.volare/volare/sky130/versions/0fe599b2afb6708d281543108caf8310912f54af/sky130A/libs.tech/openlane/sky130_fd_sc_hd/latch_map.v' to AST representation.
Generating RTLIL representation for module `\$_DLATCH_P_'.
Generating RTLIL representation for module `\$_DLATCH_N_'.
Successfully finished Verilog frontend.

113.2. Continuing TECHMAP pass.
No more expansions possible.
<suppressed ~4 debug messages>

114. Executing SIMPLEMAP pass (map simple cells to gate primitives).

115. Executing DFFLIBMAP pass (mapping DFF cells to sequential cells from liberty file).
  cell sky130_fd_sc_hd__dfxtp_2 (noninv, pins=3, area=21.27) is a direct match for cell type $_DFF_P_.
  cell sky130_fd_sc_hd__dfrtp_2 (noninv, pins=4, area=26.28) is a direct match for cell type $_DFF_PN0_.
  cell sky130_fd_sc_hd__dfstp_2 (noninv, pins=4, area=26.28) is a direct match for cell type $_DFF_PN1_.
  cell sky130_fd_sc_hd__dfbbn_2 (noninv, pins=6, area=35.03) is a direct match for cell type $_DFFSR_NNN_.
  final dff cell mappings:
    unmapped dff cell: $_DFF_N_
    \sky130_fd_sc_hd__dfxtp_2 _DFF_P_ (.CLK( C), .D( D), .Q( Q));
    unmapped dff cell: $_DFF_NN0_
    unmapped dff cell: $_DFF_NN1_
    unmapped dff cell: $_DFF_NP0_
    unmapped dff cell: $_DFF_NP1_
    \sky130_fd_sc_hd__dfrtp_2 _DFF_PN0_ (.CLK( C), .D( D), .Q( Q), .RESET_B( R));
    \sky130_fd_sc_hd__dfstp_2 _DFF_PN1_ (.CLK( C), .D( D), .Q( Q), .SET_B( R));
    unmapped dff cell: $_DFF_PP0_
    unmapped dff cell: $_DFF_PP1_
    \sky130_fd_sc_hd__dfbbn_2 _DFFSR_NNN_ (.CLK_N( C), .D( D), .Q( Q), .Q_N(~Q), .RESET_B( R), .SET_B( S));
    unmapped dff cell: $_DFFSR_NNP_
    unmapped dff cell: $_DFFSR_NPN_
    unmapped dff cell: $_DFFSR_NPP_
    unmapped dff cell: $_DFFSR_PNN_
    unmapped dff cell: $_DFFSR_PNP_
    unmapped dff cell: $_DFFSR_PPN_
    unmapped dff cell: $_DFFSR_PPP_

115.1. Executing DFFLEGALIZE pass (convert FFs to types supported by the target).
Mapping DFF cells in module `\Instruction_Memory_16':
  mapped 14 $_DFF_P_ cells to \sky130_fd_sc_hd__dfxtp_2 cells.
{
   "creator": "Yosys 0.46 (git sha1 e97731b9dda91fa5fa53ed87df7c34163ba59a41, clang++ 17.0.6 -fPIC -O3)",
   "invocation": "stat -json -liberty /home/kuman/my_designs/instruction_memory/runs/RUN_2025-11-17_17-05-55/tmp/75d415672fab4e79b4ea43d9aab55ce0.lib ",
   "modules": {
      "\\Instruction_Memory_16": {
         "num_wires":         78,
         "num_wire_bits":     123,
         "num_pub_wires":     3,
         "num_pub_wire_bits": 33,
         "num_ports":         3,
         "num_port_bits":     33,
         "num_memories":      0,
         "num_memory_bits":   0,
         "num_processes":     0,
         "num_cells":         102,
         "area":              297.785600,
         "num_cells_by_type": {
            "$_ANDNOT_": 19,
            "$_AND_": 2,
            "$_MUX_": 42,
            "$_NAND_": 1,
            "$_NOR_": 2,
            "$_NOT_": 3,
            "$_ORNOT_": 2,
            "$_OR_": 14,
            "$_XNOR_": 1,
            "$_XOR_": 2,
            "sky130_fd_sc_hd__dfxtp_2": 14
         }
      }
   },
      "design": {
         "num_wires":         78,
         "num_wire_bits":     123,
         "num_pub_wires":     3,
         "num_pub_wire_bits": 33,
         "num_ports":         3,
         "num_port_bits":     33,
         "num_memories":      0,
         "num_memory_bits":   0,
         "num_processes":     0,
         "num_cells":         102,
         "area":              297.785600,
         "num_cells_by_type": {
            "$_ANDNOT_": 19,
            "$_AND_": 2,
            "$_MUX_": 42,
            "$_NAND_": 1,
            "$_NOR_": 2,
            "$_NOT_": 3,
            "$_ORNOT_": 2,
            "$_OR_": 14,
            "$_XNOR_": 1,
            "$_XOR_": 2,
            "sky130_fd_sc_hd__dfxtp_2": 14
         }
      }
}

116. Printing statistics.

=== Instruction_Memory_16 ===

   Number of wires:                 78
   Number of wire bits:            123
   Number of public wires:           3
   Number of public wire bits:      33
   Number of ports:                  3
   Number of port bits:             33
   Number of memories:               0
   Number of memory bits:            0
   Number of processes:              0
   Number of cells:                102
     $_ANDNOT_                      19
     $_AND_                          2
     $_MUX_                         42
     $_NAND_                         1
     $_NOR_                          2
     $_NOT_                          3
     $_ORNOT_                        2
     $_OR_                          14
     $_XNOR_                         1
     $_XOR_                          2
     sky130_fd_sc_hd__dfxtp_2       14

   Area for cell type $_NOT_ is unknown!
   Area for cell type $_AND_ is unknown!
   Area for cell type $_NAND_ is unknown!
   Area for cell type $_OR_ is unknown!
   Area for cell type $_NOR_ is unknown!
   Area for cell type $_XOR_ is unknown!
   Area for cell type $_XNOR_ is unknown!
   Area for cell type $_ANDNOT_ is unknown!
   Area for cell type $_ORNOT_ is unknown!
   Area for cell type $_MUX_ is unknown!

   Chip area for module '\Instruction_Memory_16': 297.785600
     of which used for sequential elements: 297.785600 (100.00%)

[INFO] Using generated ABC script '/home/kuman/my_designs/instruction_memory/runs/RUN_2025-11-17_17-05-55/06-yosys-synthesis/AREA_0.abc'…

117. Executing ABC pass (technology mapping using ABC).

117.1. Extracting gate netlist of module `\Instruction_Memory_16' to `/tmp/yosys-abc-Mn3OUq/input.blif'..
Extracted 88 gates and 104 wires to a netlist network with 15 inputs and 14 outputs.

117.1.1. Executing ABC.
Running ABC command: "/nix/store/6l3aj1gi4lja8z5s4lan2k2cfz9mqkrz-yosys-abc/bin/abc" -s -f /tmp/yosys-abc-Mn3OUq/abc.script 2>&1
ABC: ABC command line: "source /tmp/yosys-abc-Mn3OUq/abc.script".
ABC: 
ABC: + read_blif /tmp/yosys-abc-Mn3OUq/input.blif 
ABC: + read_lib -w /home/kuman/my_designs/instruction_memory/runs/RUN_2025-11-17_17-05-55/tmp/75d415672fab4e79b4ea43d9aab55ce0.lib 
ABC: Parsing finished successfully.  Parsing time =     0.03 sec
ABC: Scl_LibertyReadGenlib() skipped sequential cell "sky130_fd_sc_hd__dfbbn_2".
ABC: Scl_LibertyReadGenlib() skipped sequential cell "sky130_fd_sc_hd__dfrbp_2".
ABC: Scl_LibertyReadGenlib() skipped sequential cell "sky130_fd_sc_hd__dfrtp_2".
ABC: Scl_LibertyReadGenlib() skipped sequential cell "sky130_fd_sc_hd__dfrtp_4".
ABC: Scl_LibertyReadGenlib() skipped sequential cell "sky130_fd_sc_hd__dfsbp_2".
ABC: Scl_LibertyReadGenlib() skipped sequential cell "sky130_fd_sc_hd__dfstp_2".
ABC: Scl_LibertyReadGenlib() skipped sequential cell "sky130_fd_sc_hd__dfstp_4".
ABC: Scl_LibertyReadGenlib() skipped sequential cell "sky130_fd_sc_hd__dfxbp_2".
ABC: Scl_LibertyReadGenlib() skipped sequential cell "sky130_fd_sc_hd__dfxtp_2".
ABC: Scl_LibertyReadGenlib() skipped sequential cell "sky130_fd_sc_hd__dfxtp_4".
ABC: Scl_LibertyReadGenlib() skipped sequential cell "sky130_fd_sc_hd__dlxtn_1".
ABC: Scl_LibertyReadGenlib() skipped sequential cell "sky130_fd_sc_hd__dlxtn_2".
ABC: Scl_LibertyReadGenlib() skipped sequential cell "sky130_fd_sc_hd__dlxtn_4".
ABC: Scl_LibertyReadGenlib() skipped sequential cell "sky130_fd_sc_hd__dlxtp_1".
ABC: Scl_LibertyReadGenlib() skipped three-state cell "sky130_fd_sc_hd__ebufn_2".
ABC: Scl_LibertyReadGenlib() skipped three-state cell "sky130_fd_sc_hd__ebufn_4".
ABC: Scl_LibertyReadGenlib() skipped three-state cell "sky130_fd_sc_hd__ebufn_8".
ABC: Library "sky130_fd_sc_hd__tt_025C_1v80" from "/home/kuman/my_designs/instruction_memory/runs/RUN_2025-11-17_17-05-55/tmp/75d415672fab4e79b4ea43d9aab55ce0.lib" has 175 cells (17 skipped: 14 seq; 3 tri-state; 0 no func; 0 dont_use).  Time =     0.05 sec
ABC: Memory =    9.54 MB. Time =     0.05 sec
ABC: Warning: Detected 2 multi-output gates (for example, "sky130_fd_sc_hd__fa_1").
ABC: + read_constr -v /home/kuman/my_designs/instruction_memory/runs/RUN_2025-11-17_17-05-55/06-yosys-synthesis/synthesis.abc.sdc 
ABC: Setting driving cell to be "sky130_fd_sc_hd__inv_2/Y".
ABC: Setting output load to be 33.442001.
ABC: + source /home/kuman/my_designs/instruction_memory/runs/RUN_2025-11-17_17-05-55/06-yosys-synthesis/AREA_0.abc 
ABC: Error: The network is combinational.
ABC: Cannot find the default PI driving cell (sky130_fd_sc_hd__inv_2/Y) in the library.
ABC: WireLoad = "none"  Gates =     58 (  6.9 %)   Cap = 13.3 ff (  2.6 %)   Area =      487.97 ( 89.7 %)   Delay =  1864.47 ps  ( 22.4 %)               
ABC: Path  0 --       7 : 0    1 pi                       A =   0.00  Df =   0.0   -0.0 ps  S =   0.0 ps  Cin =  0.0 ff  Cout =   1.5 ff  Cmax =   0.0 ff  G =    0  
ABC: Path  1 --      34 : 4    2 sky130_fd_sc_hd__or4_2   A =   8.76  Df = 664.3 -563.8 ps  S = 112.7 ps  Cin =  1.5 ff  Cout =   6.2 ff  Cmax = 310.4 ff  G =  387  
ABC: Path  2 --      37 : 4   10 sky130_fd_sc_hd__or4_2   A =   8.76  Df =1464.5-1108.7 ps  S = 238.8 ps  Cin =  1.5 ff  Cout =  47.1 ff  Cmax = 310.4 ff  G = 2942  
ABC: Path  3 --      45 : 3    1 sky130_fd_sc_hd__a21oi_2 A =   8.76  Df =1864.5-1281.4 ps  S = 418.3 ps  Cin =  4.6 ff  Cout =  33.4 ff  Cmax = 128.2 ff  G =  733  
ABC: Start-point = pi6 (\pc [13]).  End-point = po0 ($auto$rtlil.cc:2739:MuxGate$387).
ABC: netlist                       : i/o =   15/   14  lat =    0  nd =    58  edge =    169  area =488.05  delay = 3.00  lev = 3
ABC: + write_blif /tmp/yosys-abc-Mn3OUq/output.blif 

117.1.2. Re-integrating ABC results.
ABC RESULTS:   sky130_fd_sc_hd__inv_2 cells:        4
ABC RESULTS:   sky130_fd_sc_hd__nor4_2 cells:        1
ABC RESULTS:   sky130_fd_sc_hd__nand2_2 cells:        2
ABC RESULTS:   sky130_fd_sc_hd__xnor2_2 cells:        1
ABC RESULTS:   sky130_fd_sc_hd__nand2b_2 cells:        2
ABC RESULTS:   sky130_fd_sc_hd__and4bb_2 cells:        1
ABC RESULTS:   sky130_fd_sc_hd__a21o_2 cells:        1
ABC RESULTS:   sky130_fd_sc_hd__and2b_2 cells:        1
ABC RESULTS:   sky130_fd_sc_hd__and2_2 cells:        1
ABC RESULTS:   sky130_fd_sc_hd__a311o_2 cells:        1
ABC RESULTS:   sky130_fd_sc_hd__and3_2 cells:        1
ABC RESULTS:   sky130_fd_sc_hd__o31a_2 cells:        1
ABC RESULTS:   sky130_fd_sc_hd__o21bai_2 cells:        1
ABC RESULTS:   sky130_fd_sc_hd__or3_2 cells:        3
ABC RESULTS:   sky130_fd_sc_hd__nor2_2 cells:        6
ABC RESULTS:   sky130_fd_sc_hd__o211a_2 cells:        2
ABC RESULTS:   sky130_fd_sc_hd__or4_2 cells:        4
ABC RESULTS:   sky130_fd_sc_hd__o221a_2 cells:        1
ABC RESULTS:   sky130_fd_sc_hd__or2_2 cells:        3
ABC RESULTS:   sky130_fd_sc_hd__o21a_2 cells:        2
ABC RESULTS:   sky130_fd_sc_hd__a211o_2 cells:        6
ABC RESULTS:   sky130_fd_sc_hd__or3b_2 cells:        1
ABC RESULTS:   sky130_fd_sc_hd__a21oi_2 cells:       12
ABC RESULTS:        internal signals:       75
ABC RESULTS:           input signals:       15
ABC RESULTS:          output signals:       14
Removing temp directory.

118. Executing SETUNDEF pass (replace undef values with defined constants).

119. Executing HILOMAP pass (mapping to constant drivers).

120. Executing SPLITNETS pass (splitting up multi-bit signals).

121. Executing OPT_CLEAN pass (remove unused cells and wires).
Finding unused cells or wires in module \Instruction_Memory_16..
Removed 0 unused cells and 105 unused wires.
<suppressed ~1 debug messages>

122. Executing INSBUF pass (insert buffer cells for connected wires).
Add Instruction_Memory_16/$auto$insbuf.cc:97:execute$473: \instruction [9] -> \instruction [5]
Add Instruction_Memory_16/$auto$insbuf.cc:97:execute$474: \instruction [15] -> \instruction [7]

123. Executing CHECK pass (checking for obvious problems).
Checking module Instruction_Memory_16...
Found and reported 0 problems.
{
   "creator": "Yosys 0.46 (git sha1 e97731b9dda91fa5fa53ed87df7c34163ba59a41, clang++ 17.0.6 -fPIC -O3)",
   "invocation": "stat -json -liberty /home/kuman/my_designs/instruction_memory/runs/RUN_2025-11-17_17-05-55/tmp/75d415672fab4e79b4ea43d9aab55ce0.lib ",
   "modules": {
      "\\Instruction_Memory_16": {
         "num_wires":         61,
         "num_wire_bits":     91,
         "num_pub_wires":     3,
         "num_pub_wire_bits": 33,
         "num_ports":         3,
         "num_port_bits":     33,
         "num_memories":      0,
         "num_memory_bits":   0,
         "num_processes":     0,
         "num_cells":         74,
         "area":              795.763200,
         "num_cells_by_type": {
            "sky130_fd_sc_hd__a211o_2": 6,
            "sky130_fd_sc_hd__a21o_2": 1,
            "sky130_fd_sc_hd__a21oi_2": 12,
            "sky130_fd_sc_hd__a311o_2": 1,
            "sky130_fd_sc_hd__and2_2": 1,
            "sky130_fd_sc_hd__and2b_2": 1,
            "sky130_fd_sc_hd__and3_2": 1,
            "sky130_fd_sc_hd__and4bb_2": 1,
            "sky130_fd_sc_hd__buf_2": 2,
            "sky130_fd_sc_hd__dfxtp_2": 14,
            "sky130_fd_sc_hd__inv_2": 4,
            "sky130_fd_sc_hd__nand2_2": 2,
            "sky130_fd_sc_hd__nand2b_2": 2,
            "sky130_fd_sc_hd__nor2_2": 6,
            "sky130_fd_sc_hd__nor4_2": 1,
            "sky130_fd_sc_hd__o211a_2": 2,
            "sky130_fd_sc_hd__o21a_2": 2,
            "sky130_fd_sc_hd__o21bai_2": 1,
            "sky130_fd_sc_hd__o221a_2": 1,
            "sky130_fd_sc_hd__o31a_2": 1,
            "sky130_fd_sc_hd__or2_2": 3,
            "sky130_fd_sc_hd__or3_2": 3,
            "sky130_fd_sc_hd__or3b_2": 1,
            "sky130_fd_sc_hd__or4_2": 4,
            "sky130_fd_sc_hd__xnor2_2": 1
         }
      }
   },
      "design": {
         "num_wires":         61,
         "num_wire_bits":     91,
         "num_pub_wires":     3,
         "num_pub_wire_bits": 33,
         "num_ports":         3,
         "num_port_bits":     33,
         "num_memories":      0,
         "num_memory_bits":   0,
         "num_processes":     0,
         "num_cells":         74,
         "area":              795.763200,
         "num_cells_by_type": {
            "sky130_fd_sc_hd__a211o_2": 6,
            "sky130_fd_sc_hd__a21o_2": 1,
            "sky130_fd_sc_hd__a21oi_2": 12,
            "sky130_fd_sc_hd__a311o_2": 1,
            "sky130_fd_sc_hd__and2_2": 1,
            "sky130_fd_sc_hd__and2b_2": 1,
            "sky130_fd_sc_hd__and3_2": 1,
            "sky130_fd_sc_hd__and4bb_2": 1,
            "sky130_fd_sc_hd__buf_2": 2,
            "sky130_fd_sc_hd__dfxtp_2": 14,
            "sky130_fd_sc_hd__inv_2": 4,
            "sky130_fd_sc_hd__nand2_2": 2,
            "sky130_fd_sc_hd__nand2b_2": 2,
            "sky130_fd_sc_hd__nor2_2": 6,
            "sky130_fd_sc_hd__nor4_2": 1,
            "sky130_fd_sc_hd__o211a_2": 2,
            "sky130_fd_sc_hd__o21a_2": 2,
            "sky130_fd_sc_hd__o21bai_2": 1,
            "sky130_fd_sc_hd__o221a_2": 1,
            "sky130_fd_sc_hd__o31a_2": 1,
            "sky130_fd_sc_hd__or2_2": 3,
            "sky130_fd_sc_hd__or3_2": 3,
            "sky130_fd_sc_hd__or3b_2": 1,
            "sky130_fd_sc_hd__or4_2": 4,
            "sky130_fd_sc_hd__xnor2_2": 1
         }
      }
}

124. Printing statistics.

=== Instruction_Memory_16 ===

   Number of wires:                 61
   Number of wire bits:             91
   Number of public wires:           3
   Number of public wire bits:      33
   Number of ports:                  3
   Number of port bits:             33
   Number of memories:               0
   Number of memory bits:            0
   Number of processes:              0
   Number of cells:                 74
     sky130_fd_sc_hd__a211o_2        6
     sky130_fd_sc_hd__a21o_2         1
     sky130_fd_sc_hd__a21oi_2       12
     sky130_fd_sc_hd__a311o_2        1
     sky130_fd_sc_hd__and2_2         1
     sky130_fd_sc_hd__and2b_2        1
     sky130_fd_sc_hd__and3_2         1
     sky130_fd_sc_hd__and4bb_2       1
     sky130_fd_sc_hd__buf_2          2
     sky130_fd_sc_hd__dfxtp_2       14
     sky130_fd_sc_hd__inv_2          4
     sky130_fd_sc_hd__nand2_2        2
     sky130_fd_sc_hd__nand2b_2       2
     sky130_fd_sc_hd__nor2_2         6
     sky130_fd_sc_hd__nor4_2         1
     sky130_fd_sc_hd__o211a_2        2
     sky130_fd_sc_hd__o21a_2         2
     sky130_fd_sc_hd__o21bai_2       1
     sky130_fd_sc_hd__o221a_2        1
     sky130_fd_sc_hd__o31a_2         1
     sky130_fd_sc_hd__or2_2          3
     sky130_fd_sc_hd__or3_2          3
     sky130_fd_sc_hd__or3b_2         1
     sky130_fd_sc_hd__or4_2          4
     sky130_fd_sc_hd__xnor2_2        1

   Chip area for module '\Instruction_Memory_16': 795.763200
     of which used for sequential elements: 297.785600 (37.42%)

125. Executing Verilog backend.
Dumping module `\Instruction_Memory_16'.

126. Executing JSON backend.
