Reading timing models for corner min_ff_n40C_1v95…
Reading cell library for the 'min_ff_n40C_1v95' corner at '/home/githi/.volare/volare/sky130/versions/0fe599b2afb6708d281543108caf8310912f54af/sky130A/libs.ref/sky130_fd_sc_hd/lib/sky130_fd_sc_hd__ff_n40C_1v95.lib'…
Reading top-level netlist at '/home/githi/openlane2/my_designs/Control_unit/runs/RUN_2025-11-16_16-53-36/51-openroad-fillinsertion/Control_unit.nl.v'…
Linking design 'Control_unit' from netlist…
Warning: /home/githi/openlane2/my_designs/Control_unit/runs/RUN_2025-11-16_16-53-36/51-openroad-fillinsertion/Control_unit.nl.v line 158, module sky130_fd_sc_hd__tapvpwrvgnd_1 not found. Creating black box for TAP_TAPCELL_ROW_0_16.
Warning: /home/githi/openlane2/my_designs/Control_unit/runs/RUN_2025-11-16_16-53-36/51-openroad-fillinsertion/Control_unit.nl.v line 210, module sky130_fd_sc_hd__fill_1 not found. Creating black box for FILLER_0_13.
Warning: /home/githi/openlane2/my_designs/Control_unit/runs/RUN_2025-11-16_16-53-36/51-openroad-fillinsertion/Control_unit.nl.v line 212, module sky130_fd_sc_hd__fill_2 not found. Creating black box for FILLER_0_35.
Warning: /home/githi/openlane2/my_designs/Control_unit/runs/RUN_2025-11-16_16-53-36/51-openroad-fillinsertion/Control_unit.nl.v line 216, module sky130_ef_sc_hd__decap_12 not found. Creating black box for FILLER_2_7.
Reading design constraints file at '/nix/store/hp4xwjqw4rax5g0gz3fivr2n1hy2sig4-python3-3.11.9-env/lib/python3.11/site-packages/openlane/scripts/base.sdc'…
Warning: base.sdc line 15, port 'clk' not found.
[INFO] Using clock clk…
[INFO] Setting output delay to: 5
[INFO] Setting input delay to: 5
Warning: base.sdc line 32, port 'clk' not found.
[INFO] Setting load to: 0.033442
[INFO] Setting clock uncertainty to: 0.25
[INFO] Setting clock transition to: 0.1499999999999999944488848768742172978818416595458984375
Warning: base.sdc line 69, transition time can not be specified for virtual clocks.
[INFO] Setting timing derate to: 5%
Warning: base.sdc line 79, virtual clock clk can not be propagated.
Reading top-level design parasitics for the 'min_ff_n40C_1v95' corner at '/home/githi/openlane2/my_designs/Control_unit/runs/RUN_2025-11-16_16-53-36/53-openroad-rcx/min/Control_unit.min.spef'…
%OL_CREATE_REPORT min.rpt

===========================================================================
report_checks -path_delay min (Hold)
============================================================================
======================= min_ff_n40C_1v95 Corner ===================================

Startpoint: opcode[0] (input port clocked by clk)
Endpoint: RegWrite (output port clocked by clk)
Path Group: clk
Path Type: min

Fanout         Cap        Slew       Delay        Time   Description
---------------------------------------------------------------------------------------------
                      0.000000    0.000000    0.000000   clock clk (rise edge)
                                  0.000000    0.000000   clock network delay (ideal)
                                  5.000000    5.000000 ^ input external delay
     1    0.002791    0.013884    0.007196    5.007196 ^ opcode[0] (in)
                                                         opcode[0] (net)
                      0.013884    0.000000    5.007196 ^ input5/A (sky130_fd_sc_hd__buf_1)
     3    0.010821    0.099511    0.094729    5.101925 ^ input5/X (sky130_fd_sc_hd__buf_1)
                                                         net5 (net)
                      0.099512    0.000148    5.102073 ^ _17_/A2 (sky130_fd_sc_hd__o21ai_1)
     1    0.002024    0.025469    0.033742    5.135816 v _17_/Y (sky130_fd_sc_hd__o21ai_1)
                                                         net18 (net)
                      0.025469    0.000017    5.135832 v output18/A (sky130_fd_sc_hd__buf_2)
     1    0.034358    0.062715    0.115882    5.251714 v output18/X (sky130_fd_sc_hd__buf_2)
                                                         RegWrite (net)
                      0.062715    0.000176    5.251890 v RegWrite (out)
                                              5.251890   data arrival time

                      0.000000    0.000000    0.000000   clock clk (rise edge)
                                  0.000000    0.000000   clock network delay (ideal)
                                  0.250000    0.250000   clock uncertainty
                                  0.000000    0.250000   clock reconvergence pessimism
                                 -5.000000   -4.750000   output external delay
                                             -4.750000   data required time
---------------------------------------------------------------------------------------------
                                             -4.750000   data required time
                                             -5.251890   data arrival time
---------------------------------------------------------------------------------------------
                                             10.001890   slack (MET)


Startpoint: func[3] (input port clocked by clk)
Endpoint: ALUControl[3] (output port clocked by clk)
Path Group: clk
Path Type: min

Fanout         Cap        Slew       Delay        Time   Description
---------------------------------------------------------------------------------------------
                      0.000000    0.000000    0.000000   clock clk (rise edge)
                                  0.000000    0.000000   clock network delay (ideal)
                                  5.000000    5.000000 v input external delay
     1    0.003545    0.005823    0.002915    5.002915 v func[3] (in)
                                                         func[3] (net)
                      0.005823    0.000000    5.002915 v input4/A (sky130_fd_sc_hd__clkbuf_1)
     3    0.006963    0.033137    0.060335    5.063250 v input4/X (sky130_fd_sc_hd__clkbuf_1)
                                                         net4 (net)
                      0.033137    0.000075    5.063324 v _27_/A (sky130_fd_sc_hd__and2_1)
     1    0.002092    0.021595    0.080783    5.144107 v _27_/X (sky130_fd_sc_hd__and2_1)
                                                         net12 (net)
                      0.021595    0.000019    5.144126 v output12/A (sky130_fd_sc_hd__buf_2)
     1    0.034126    0.062386    0.114056    5.258182 v output12/X (sky130_fd_sc_hd__buf_2)
                                                         ALUControl[3] (net)
                      0.062386    0.000233    5.258415 v ALUControl[3] (out)
                                              5.258415   data arrival time

                      0.000000    0.000000    0.000000   clock clk (rise edge)
                                  0.000000    0.000000   clock network delay (ideal)
                                  0.250000    0.250000   clock uncertainty
                                  0.000000    0.250000   clock reconvergence pessimism
                                 -5.000000   -4.750000   output external delay
                                             -4.750000   data required time
---------------------------------------------------------------------------------------------
                                             -4.750000   data required time
                                             -5.258415   data arrival time
---------------------------------------------------------------------------------------------
                                             10.008416   slack (MET)


Startpoint: func[2] (input port clocked by clk)
Endpoint: ALUControl[2] (output port clocked by clk)
Path Group: clk
Path Type: min

Fanout         Cap        Slew       Delay        Time   Description
---------------------------------------------------------------------------------------------
                      0.000000    0.000000    0.000000   clock clk (rise edge)
                                  0.000000    0.000000   clock network delay (ideal)
                                  5.000000    5.000000 v input external delay
     1    0.002519    0.004321    0.002010    5.002009 v func[2] (in)
                                                         func[2] (net)
                      0.004321    0.000000    5.002009 v input3/A (sky130_fd_sc_hd__buf_1)
     3    0.008545    0.038830    0.064757    5.066766 v input3/X (sky130_fd_sc_hd__buf_1)
                                                         net3 (net)
                      0.038830    0.000069    5.066835 v _26_/B2 (sky130_fd_sc_hd__a32o_1)
     1    0.002100    0.018759    0.082727    5.149562 v _26_/X (sky130_fd_sc_hd__a32o_1)
                                                         net11 (net)
                      0.018759    0.000018    5.149580 v output11/A (sky130_fd_sc_hd__buf_2)
     1    0.034492    0.062980    0.113391    5.262971 v output11/X (sky130_fd_sc_hd__buf_2)
                                                         ALUControl[2] (net)
                      0.062982    0.000402    5.263373 v ALUControl[2] (out)
                                              5.263373   data arrival time

                      0.000000    0.000000    0.000000   clock clk (rise edge)
                                  0.000000    0.000000   clock network delay (ideal)
                                  0.250000    0.250000   clock uncertainty
                                  0.000000    0.250000   clock reconvergence pessimism
                                 -5.000000   -4.750000   output external delay
                                             -4.750000   data required time
---------------------------------------------------------------------------------------------
                                             -4.750000   data required time
                                             -5.263373   data arrival time
---------------------------------------------------------------------------------------------
                                             10.013373   slack (MET)


Startpoint: func[1] (input port clocked by clk)
Endpoint: ALUControl[1] (output port clocked by clk)
Path Group: clk
Path Type: min

Fanout         Cap        Slew       Delay        Time   Description
---------------------------------------------------------------------------------------------
                      0.000000    0.000000    0.000000   clock clk (rise edge)
                                  0.000000    0.000000   clock network delay (ideal)
                                  5.000000    5.000000 v input external delay
     1    0.003991    0.006484    0.003320    5.003320 v func[1] (in)
                                                         func[1] (net)
                      0.006484    0.000000    5.003320 v input2/A (sky130_fd_sc_hd__buf_1)
     4    0.011214    0.048263    0.073401    5.076721 v input2/X (sky130_fd_sc_hd__buf_1)
                                                         net2 (net)
                      0.048263    0.000151    5.076872 v _25_/A1 (sky130_fd_sc_hd__a22o_1)
     1    0.002133    0.020802    0.106829    5.183701 v _25_/X (sky130_fd_sc_hd__a22o_1)
                                                         net10 (net)
                      0.020802    0.000019    5.183720 v output10/A (sky130_fd_sc_hd__buf_2)
     1    0.034058    0.062260    0.113727    5.297448 v output10/X (sky130_fd_sc_hd__buf_2)
                                                         ALUControl[1] (net)
                      0.062260    0.000183    5.297630 v ALUControl[1] (out)
                                              5.297630   data arrival time

                      0.000000    0.000000    0.000000   clock clk (rise edge)
                                  0.000000    0.000000   clock network delay (ideal)
                                  0.250000    0.250000   clock uncertainty
                                  0.000000    0.250000   clock reconvergence pessimism
                                 -5.000000   -4.750000   output external delay
                                             -4.750000   data required time
---------------------------------------------------------------------------------------------
                                             -4.750000   data required time
                                             -5.297630   data arrival time
---------------------------------------------------------------------------------------------
                                             10.047630   slack (MET)


Startpoint: opcode[1] (input port clocked by clk)
Endpoint: MemWrite (output port clocked by clk)
Path Group: clk
Path Type: min

Fanout         Cap        Slew       Delay        Time   Description
---------------------------------------------------------------------------------------------
                      0.000000    0.000000    0.000000   clock clk (rise edge)
                                  0.000000    0.000000   clock network delay (ideal)
                                  5.000000    5.000000 v input external delay
     1    0.002946    0.004942    0.002392    5.002392 v opcode[1] (in)
                                                         opcode[1] (net)
                      0.004942    0.000000    5.002392 v input6/A (sky130_fd_sc_hd__buf_1)
     5    0.013958    0.058411    0.080751    5.083144 v input6/X (sky130_fd_sc_hd__buf_1)
                                                         net6 (net)
                      0.058411    0.000119    5.083263 v _14_/C (sky130_fd_sc_hd__and3b_1)
     1    0.002284    0.021940    0.117338    5.200601 v _14_/X (sky130_fd_sc_hd__and3b_1)
                                                         net16 (net)
                      0.021940    0.000021    5.200622 v output16/A (sky130_fd_sc_hd__buf_2)
     1    0.034446    0.062920    0.114478    5.315101 v output16/X (sky130_fd_sc_hd__buf_2)
                                                         MemWrite (net)
                      0.062922    0.000375    5.315476 v MemWrite (out)
                                              5.315476   data arrival time

                      0.000000    0.000000    0.000000   clock clk (rise edge)
                                  0.000000    0.000000   clock network delay (ideal)
                                  0.250000    0.250000   clock uncertainty
                                  0.000000    0.250000   clock reconvergence pessimism
                                 -5.000000   -4.750000   output external delay
                                             -4.750000   data required time
---------------------------------------------------------------------------------------------
                                             -4.750000   data required time
                                             -5.315476   data arrival time
---------------------------------------------------------------------------------------------
                                             10.065475   slack (MET)


Startpoint: opcode[1] (input port clocked by clk)
Endpoint: ResultSrc (output port clocked by clk)
Path Group: clk
Path Type: min

Fanout         Cap        Slew       Delay        Time   Description
---------------------------------------------------------------------------------------------
                      0.000000    0.000000    0.000000   clock clk (rise edge)
                                  0.000000    0.000000   clock network delay (ideal)
                                  5.000000    5.000000 v input external delay
     1    0.002946    0.004942    0.002392    5.002392 v opcode[1] (in)
                                                         opcode[1] (net)
                      0.004942    0.000000    5.002392 v input6/A (sky130_fd_sc_hd__buf_1)
     5    0.013958    0.058411    0.080751    5.083144 v input6/X (sky130_fd_sc_hd__buf_1)
                                                         net6 (net)
                      0.058411    0.000119    5.083263 v _11_/A (sky130_fd_sc_hd__inv_2)
     4    0.011126    0.044835    0.058591    5.141854 ^ _11_/Y (sky130_fd_sc_hd__inv_2)
                                                         _00_ (net)
                      0.044835    0.000041    5.141895 ^ _12_/B (sky130_fd_sc_hd__or2_1)
     2    0.005319    0.045205    0.073931    5.215826 ^ _12_/X (sky130_fd_sc_hd__or2_1)
                                                         _01_ (net)
                      0.045205    0.000044    5.215870 ^ _13_/B (sky130_fd_sc_hd__nor2_1)
     1    0.002190    0.017194    0.021094    5.236964 v _13_/Y (sky130_fd_sc_hd__nor2_1)
                                                         net19 (net)
                      0.017194    0.000012    5.236976 v output19/A (sky130_fd_sc_hd__buf_2)
     1    0.034077    0.062282    0.112441    5.349417 v output19/X (sky130_fd_sc_hd__buf_2)
                                                         ResultSrc (net)
                      0.062282    0.000225    5.349642 v ResultSrc (out)
                                              5.349642   data arrival time

                      0.000000    0.000000    0.000000   clock clk (rise edge)
                                  0.000000    0.000000   clock network delay (ideal)
                                  0.250000    0.250000   clock uncertainty
                                  0.000000    0.250000   clock reconvergence pessimism
                                 -5.000000   -4.750000   output external delay
                                             -4.750000   data required time
---------------------------------------------------------------------------------------------
                                             -4.750000   data required time
                                             -5.349642   data arrival time
---------------------------------------------------------------------------------------------
                                             10.099643   slack (MET)


Startpoint: opcode[1] (input port clocked by clk)
Endpoint: ALUSrc (output port clocked by clk)
Path Group: clk
Path Type: min

Fanout         Cap        Slew       Delay        Time   Description
---------------------------------------------------------------------------------------------
                      0.000000    0.000000    0.000000   clock clk (rise edge)
                                  0.000000    0.000000   clock network delay (ideal)
                                  5.000000    5.000000 v input external delay
     1    0.002946    0.004942    0.002392    5.002392 v opcode[1] (in)
                                                         opcode[1] (net)
                      0.004942    0.000000    5.002392 v input6/A (sky130_fd_sc_hd__buf_1)
     5    0.013958    0.058411    0.080751    5.083144 v input6/X (sky130_fd_sc_hd__buf_1)
                                                         net6 (net)
                      0.058411    0.000119    5.083263 v _11_/A (sky130_fd_sc_hd__inv_2)
     4    0.011126    0.044835    0.058591    5.141854 ^ _11_/Y (sky130_fd_sc_hd__inv_2)
                                                         _00_ (net)
                      0.044835    0.000041    5.141895 ^ _12_/B (sky130_fd_sc_hd__or2_1)
     2    0.005319    0.045205    0.073931    5.215826 ^ _12_/X (sky130_fd_sc_hd__or2_1)
                                                         _01_ (net)
                      0.045205    0.000043    5.215869 ^ _16_/A (sky130_fd_sc_hd__nand2_1)
     1    0.002619    0.021825    0.026397    5.242265 v _16_/Y (sky130_fd_sc_hd__nand2_1)
                                                         net13 (net)
                      0.021825    0.000029    5.242294 v output13/A (sky130_fd_sc_hd__buf_2)
     1    0.034190    0.062494    0.114199    5.356493 v output13/X (sky130_fd_sc_hd__buf_2)
                                                         ALUSrc (net)
                      0.062494    0.000260    5.356754 v ALUSrc (out)
                                              5.356754   data arrival time

                      0.000000    0.000000    0.000000   clock clk (rise edge)
                                  0.000000    0.000000   clock network delay (ideal)
                                  0.250000    0.250000   clock uncertainty
                                  0.000000    0.250000   clock reconvergence pessimism
                                 -5.000000   -4.750000   output external delay
                                             -4.750000   data required time
---------------------------------------------------------------------------------------------
                                             -4.750000   data required time
                                             -5.356754   data arrival time
---------------------------------------------------------------------------------------------
                                             10.106754   slack (MET)


Startpoint: func[0] (input port clocked by clk)
Endpoint: ALUControl[0] (output port clocked by clk)
Path Group: clk
Path Type: min

Fanout         Cap        Slew       Delay        Time   Description
---------------------------------------------------------------------------------------------
                      0.000000    0.000000    0.000000   clock clk (rise edge)
                                  0.000000    0.000000   clock network delay (ideal)
                                  5.000000    5.000000 ^ input external delay
     1    0.003034    0.014751    0.007835    5.007835 ^ func[0] (in)
                                                         func[0] (net)
                      0.014751    0.000000    5.007835 ^ input1/A (sky130_fd_sc_hd__buf_1)
     5    0.016041    0.143946    0.125387    5.133223 ^ input1/X (sky130_fd_sc_hd__buf_1)
                                                         net1 (net)
                      0.143946    0.000134    5.133357 ^ _22_/B2 (sky130_fd_sc_hd__a221o_1)
     1    0.002373    0.025779    0.090466    5.223823 ^ _22_/X (sky130_fd_sc_hd__a221o_1)
                                                         net9 (net)
                      0.025779    0.000022    5.223845 ^ output9/A (sky130_fd_sc_hd__buf_2)
     1    0.034320    0.128388    0.136047    5.359891 ^ output9/X (sky130_fd_sc_hd__buf_2)
                                                         ALUControl[0] (net)
                      0.128389    0.000254    5.360145 ^ ALUControl[0] (out)
                                              5.360145   data arrival time

                      0.000000    0.000000    0.000000   clock clk (rise edge)
                                  0.000000    0.000000   clock network delay (ideal)
                                  0.250000    0.250000   clock uncertainty
                                  0.000000    0.250000   clock reconvergence pessimism
                                 -5.000000   -4.750000   output external delay
                                             -4.750000   data required time
---------------------------------------------------------------------------------------------
                                             -4.750000   data required time
                                             -5.360145   data arrival time
---------------------------------------------------------------------------------------------
                                             10.110145   slack (MET)


Startpoint: opcode[1] (input port clocked by clk)
Endpoint: ImmSrc[1] (output port clocked by clk)
Path Group: clk
Path Type: min

Fanout         Cap        Slew       Delay        Time   Description
---------------------------------------------------------------------------------------------
                      0.000000    0.000000    0.000000   clock clk (rise edge)
                                  0.000000    0.000000   clock network delay (ideal)
                                  5.000000    5.000000 ^ input external delay
     1    0.003134    0.015109    0.008101    5.008101 ^ opcode[1] (in)
                                                         opcode[1] (net)
                      0.015109    0.000000    5.008101 ^ input6/A (sky130_fd_sc_hd__buf_1)
     5    0.015027    0.135310    0.119571    5.127672 ^ input6/X (sky130_fd_sc_hd__buf_1)
                                                         net6 (net)
                      0.135310    0.000113    5.127785 ^ _28_/A_N (sky130_fd_sc_hd__and3b_1)
     2    0.004507    0.028786    0.122137    5.249922 v _28_/X (sky130_fd_sc_hd__and3b_1)
                                                         net15 (net)
                      0.028786    0.000013    5.249935 v output15/A (sky130_fd_sc_hd__buf_2)
     1    0.034103    0.062366    0.116834    5.366769 v output15/X (sky130_fd_sc_hd__buf_2)
                                                         ImmSrc[1] (net)
                      0.062367    0.000242    5.367012 v ImmSrc[1] (out)
                                              5.367012   data arrival time

                      0.000000    0.000000    0.000000   clock clk (rise edge)
                                  0.000000    0.000000   clock network delay (ideal)
                                  0.250000    0.250000   clock uncertainty
                                  0.000000    0.250000   clock reconvergence pessimism
                                 -5.000000   -4.750000   output external delay
                                             -4.750000   data required time
---------------------------------------------------------------------------------------------
                                             -4.750000   data required time
                                             -5.367012   data arrival time
---------------------------------------------------------------------------------------------
                                             10.117011   slack (MET)


Startpoint: opcode[1] (input port clocked by clk)
Endpoint: ImmSrc[0] (output port clocked by clk)
Path Group: clk
Path Type: min

Fanout         Cap        Slew       Delay        Time   Description
---------------------------------------------------------------------------------------------
                      0.000000    0.000000    0.000000   clock clk (rise edge)
                                  0.000000    0.000000   clock network delay (ideal)
                                  5.000000    5.000000 ^ input external delay
     1    0.003134    0.015109    0.008101    5.008101 ^ opcode[1] (in)
                                                         opcode[1] (net)
                      0.015109    0.000000    5.008101 ^ input6/A (sky130_fd_sc_hd__buf_1)
     5    0.015027    0.135310    0.119571    5.127672 ^ input6/X (sky130_fd_sc_hd__buf_1)
                                                         net6 (net)
                      0.135310    0.000128    5.127800 ^ _11_/A (sky130_fd_sc_hd__inv_2)
     4    0.010607    0.041415    0.034223    5.162023 v _11_/Y (sky130_fd_sc_hd__inv_2)
                                                         _00_ (net)
                      0.041415    0.000099    5.162121 v _20_/B (sky130_fd_sc_hd__and3b_1)
     2    0.005780    0.032501    0.113756    5.275877 v _20_/X (sky130_fd_sc_hd__and3b_1)
                                                         net14 (net)
                      0.032501    0.000045    5.275922 v output14/A (sky130_fd_sc_hd__buf_2)
     1    0.034034    0.062265    0.118234    5.394156 v output14/X (sky130_fd_sc_hd__buf_2)
                                                         ImmSrc[0] (net)
                      0.062265    0.000242    5.394398 v ImmSrc[0] (out)
                                              5.394398   data arrival time

                      0.000000    0.000000    0.000000   clock clk (rise edge)
                                  0.000000    0.000000   clock network delay (ideal)
                                  0.250000    0.250000   clock uncertainty
                                  0.000000    0.250000   clock reconvergence pessimism
                                 -5.000000   -4.750000   output external delay
                                             -4.750000   data required time
---------------------------------------------------------------------------------------------
                                             -4.750000   data required time
                                             -5.394398   data arrival time
---------------------------------------------------------------------------------------------
                                             10.144399   slack (MET)


Startpoint: func[3] (input port clocked by clk)
Endpoint: PCSrc (output port clocked by clk)
Path Group: clk
Path Type: min

Fanout         Cap        Slew       Delay        Time   Description
---------------------------------------------------------------------------------------------
                      0.000000    0.000000    0.000000   clock clk (rise edge)
                                  0.000000    0.000000   clock network delay (ideal)
                                  5.000000    5.000000 ^ input external delay
     1    0.003731    0.017262    0.009662    5.009663 ^ func[3] (in)
                                                         func[3] (net)
                      0.017262    0.000000    5.009663 ^ input4/A (sky130_fd_sc_hd__clkbuf_1)
     3    0.007389    0.070536    0.075620    5.085283 ^ input4/X (sky130_fd_sc_hd__clkbuf_1)
                                                         net4 (net)
                      0.070536    0.000073    5.085356 ^ _29_/C (sky130_fd_sc_hd__and4_1)
     1    0.002745    0.035925    0.108594    5.193950 ^ _29_/X (sky130_fd_sc_hd__and4_1)
                                                         _08_ (net)
                      0.035925    0.000024    5.193974 ^ _32_/A2 (sky130_fd_sc_hd__a21o_1)
     1    0.002700    0.024621    0.065068    5.259042 ^ _32_/X (sky130_fd_sc_hd__a21o_1)
                                                         net17 (net)
                      0.024621    0.000027    5.259069 ^ output17/A (sky130_fd_sc_hd__buf_2)
     1    0.034154    0.127802    0.135283    5.394352 ^ output17/X (sky130_fd_sc_hd__buf_2)
                                                         PCSrc (net)
                      0.127803    0.000260    5.394613 ^ PCSrc (out)
                                              5.394613   data arrival time

                      0.000000    0.000000    0.000000   clock clk (rise edge)
                                  0.000000    0.000000   clock network delay (ideal)
                                  0.250000    0.250000   clock uncertainty
                                  0.000000    0.250000   clock reconvergence pessimism
                                 -5.000000   -4.750000   output external delay
                                             -4.750000   data required time
---------------------------------------------------------------------------------------------
                                             -4.750000   data required time
                                             -5.394613   data arrival time
---------------------------------------------------------------------------------------------
                                             10.144612   slack (MET)



%OL_END_REPORT
%OL_CREATE_REPORT max.rpt

===========================================================================
report_checks -path_delay max (Setup)
============================================================================
======================= min_ff_n40C_1v95 Corner ===================================

Startpoint: opcode[0] (input port clocked by clk)
Endpoint: ALUControl[0] (output port clocked by clk)
Path Group: clk
Path Type: max

Fanout         Cap        Slew       Delay        Time   Description
---------------------------------------------------------------------------------------------
                      0.000000    0.000000    0.000000   clock clk (rise edge)
                                  0.000000    0.000000   clock network delay (ideal)
                                  5.000000    5.000000 ^ input external delay
     1    0.002791    0.013884    0.007196    5.007196 ^ opcode[0] (in)
                                                         opcode[0] (net)
                      0.013884    0.000000    5.007196 ^ input5/A (sky130_fd_sc_hd__buf_1)
     3    0.010821    0.099511    0.094729    5.101925 ^ input5/X (sky130_fd_sc_hd__buf_1)
                                                         net5 (net)
                      0.099511    0.000063    5.101987 ^ fanout23/A (sky130_fd_sc_hd__buf_1)
     6    0.015722    0.141364    0.135520    5.237507 ^ fanout23/X (sky130_fd_sc_hd__buf_1)
                                                         net23 (net)
                      0.141364    0.000174    5.237681 ^ _15_/B (sky130_fd_sc_hd__nand2b_1)
     3    0.008444    0.059899    0.066540    5.304221 v _15_/Y (sky130_fd_sc_hd__nand2b_1)
                                                         _02_ (net)
                      0.059899    0.000083    5.304304 v _18_/D (sky130_fd_sc_hd__nor4_1)
     2    0.006732    0.248707    0.187089    5.491393 ^ _18_/Y (sky130_fd_sc_hd__nor4_1)
                                                         _03_ (net)
                      0.248707    0.000059    5.491451 ^ max_cap20/A (sky130_fd_sc_hd__clkbuf_1)
     2    0.005627    0.057005    0.076475    5.567926 ^ max_cap20/X (sky130_fd_sc_hd__clkbuf_1)
                                                         net20 (net)
                      0.057005    0.000048    5.567975 ^ _22_/A1 (sky130_fd_sc_hd__a221o_1)
     1    0.002373    0.029378    0.078081    5.646055 ^ _22_/X (sky130_fd_sc_hd__a221o_1)
                                                         net9 (net)
                      0.029378    0.000022    5.646078 ^ output9/A (sky130_fd_sc_hd__buf_2)
     1    0.034320    0.128379    0.137137    5.783215 ^ output9/X (sky130_fd_sc_hd__buf_2)
                                                         ALUControl[0] (net)
                      0.128380    0.000254    5.783468 ^ ALUControl[0] (out)
                                              5.783468   data arrival time

                      0.000000   25.000000   25.000000   clock clk (rise edge)
                                  0.000000   25.000000   clock network delay (ideal)
                                 -0.250000   24.750000   clock uncertainty
                                  0.000000   24.750000   clock reconvergence pessimism
                                 -5.000000   19.750000   output external delay
                                             19.750000   data required time
---------------------------------------------------------------------------------------------
                                             19.750000   data required time
                                             -5.783468   data arrival time
---------------------------------------------------------------------------------------------
                                             13.966532   slack (MET)


Startpoint: opcode[0] (input port clocked by clk)
Endpoint: ALUControl[1] (output port clocked by clk)
Path Group: clk
Path Type: max

Fanout         Cap        Slew       Delay        Time   Description
---------------------------------------------------------------------------------------------
                      0.000000    0.000000    0.000000   clock clk (rise edge)
                                  0.000000    0.000000   clock network delay (ideal)
                                  5.000000    5.000000 ^ input external delay
     1    0.002791    0.013884    0.007196    5.007196 ^ opcode[0] (in)
                                                         opcode[0] (net)
                      0.013884    0.000000    5.007196 ^ input5/A (sky130_fd_sc_hd__buf_1)
     3    0.010821    0.099511    0.094729    5.101925 ^ input5/X (sky130_fd_sc_hd__buf_1)
                                                         net5 (net)
                      0.099511    0.000063    5.101987 ^ fanout23/A (sky130_fd_sc_hd__buf_1)
     6    0.015722    0.141364    0.135520    5.237507 ^ fanout23/X (sky130_fd_sc_hd__buf_1)
                                                         net23 (net)
                      0.141364    0.000174    5.237681 ^ _15_/B (sky130_fd_sc_hd__nand2b_1)
     3    0.008444    0.059899    0.066540    5.304221 v _15_/Y (sky130_fd_sc_hd__nand2b_1)
                                                         _02_ (net)
                      0.059899    0.000083    5.304304 v _18_/D (sky130_fd_sc_hd__nor4_1)
     2    0.006732    0.248707    0.187089    5.491393 ^ _18_/Y (sky130_fd_sc_hd__nor4_1)
                                                         _03_ (net)
                      0.248707    0.000059    5.491451 ^ max_cap20/A (sky130_fd_sc_hd__clkbuf_1)
     2    0.005627    0.057005    0.076475    5.567926 ^ max_cap20/X (sky130_fd_sc_hd__clkbuf_1)
                                                         net20 (net)
                      0.057005    0.000043    5.567969 ^ _25_/B2 (sky130_fd_sc_hd__a22o_1)
     1    0.002292    0.028290    0.069052    5.637021 ^ _25_/X (sky130_fd_sc_hd__a22o_1)
                                                         net10 (net)
                      0.028290    0.000021    5.637042 ^ output10/A (sky130_fd_sc_hd__buf_2)
     1    0.034058    0.127438    0.136211    5.773252 ^ output10/X (sky130_fd_sc_hd__buf_2)
                                                         ALUControl[1] (net)
                      0.127438    0.000183    5.773436 ^ ALUControl[1] (out)
                                              5.773436   data arrival time

                      0.000000   25.000000   25.000000   clock clk (rise edge)
                                  0.000000   25.000000   clock network delay (ideal)
                                 -0.250000   24.750000   clock uncertainty
                                  0.000000   24.750000   clock reconvergence pessimism
                                 -5.000000   19.750000   output external delay
                                             19.750000   data required time
---------------------------------------------------------------------------------------------
                                             19.750000   data required time
                                             -5.773436   data arrival time
---------------------------------------------------------------------------------------------
                                             13.976563   slack (MET)


Startpoint: opcode[0] (input port clocked by clk)
Endpoint: ALUControl[2] (output port clocked by clk)
Path Group: clk
Path Type: max

Fanout         Cap        Slew       Delay        Time   Description
---------------------------------------------------------------------------------------------
                      0.000000    0.000000    0.000000   clock clk (rise edge)
                                  0.000000    0.000000   clock network delay (ideal)
                                  5.000000    5.000000 ^ input external delay
     1    0.002791    0.013884    0.007196    5.007196 ^ opcode[0] (in)
                                                         opcode[0] (net)
                      0.013884    0.000000    5.007196 ^ input5/A (sky130_fd_sc_hd__buf_1)
     3    0.010821    0.099511    0.094729    5.101925 ^ input5/X (sky130_fd_sc_hd__buf_1)
                                                         net5 (net)
                      0.099511    0.000063    5.101987 ^ fanout23/A (sky130_fd_sc_hd__buf_1)
     6    0.015722    0.141364    0.135520    5.237507 ^ fanout23/X (sky130_fd_sc_hd__buf_1)
                                                         net23 (net)
                      0.141364    0.000174    5.237681 ^ _15_/B (sky130_fd_sc_hd__nand2b_1)
     3    0.008444    0.059899    0.066540    5.304221 v _15_/Y (sky130_fd_sc_hd__nand2b_1)
                                                         _02_ (net)
                      0.059899    0.000083    5.304304 v _18_/D (sky130_fd_sc_hd__nor4_1)
     2    0.006732    0.248707    0.187089    5.491393 ^ _18_/Y (sky130_fd_sc_hd__nor4_1)
                                                         _03_ (net)
                      0.248707    0.000076    5.491469 ^ _26_/A3 (sky130_fd_sc_hd__a32o_1)
     1    0.002259    0.033302    0.103951    5.595420 ^ _26_/X (sky130_fd_sc_hd__a32o_1)
                                                         net11 (net)
                      0.033302    0.000020    5.595440 ^ output11/A (sky130_fd_sc_hd__buf_2)
     1    0.034492    0.129008    0.138649    5.734088 ^ output11/X (sky130_fd_sc_hd__buf_2)
                                                         ALUControl[2] (net)
                      0.129010    0.000403    5.734491 ^ ALUControl[2] (out)
                                              5.734491   data arrival time

                      0.000000   25.000000   25.000000   clock clk (rise edge)
                                  0.000000   25.000000   clock network delay (ideal)
                                 -0.250000   24.750000   clock uncertainty
                                  0.000000   24.750000   clock reconvergence pessimism
                                 -5.000000   19.750000   output external delay
                                             19.750000   data required time
---------------------------------------------------------------------------------------------
                                             19.750000   data required time
                                             -5.734491   data arrival time
---------------------------------------------------------------------------------------------
                                             14.015509   slack (MET)


Startpoint: opcode[0] (input port clocked by clk)
Endpoint: PCSrc (output port clocked by clk)
Path Group: clk
Path Type: max

Fanout         Cap        Slew       Delay        Time   Description
---------------------------------------------------------------------------------------------
                      0.000000    0.000000    0.000000   clock clk (rise edge)
                                  0.000000    0.000000   clock network delay (ideal)
                                  5.000000    5.000000 ^ input external delay
     1    0.002791    0.013884    0.007196    5.007196 ^ opcode[0] (in)
                                                         opcode[0] (net)
                      0.013884    0.000000    5.007196 ^ input5/A (sky130_fd_sc_hd__buf_1)
     3    0.010821    0.099511    0.094729    5.101925 ^ input5/X (sky130_fd_sc_hd__buf_1)
                                                         net5 (net)
                      0.099511    0.000063    5.101987 ^ fanout23/A (sky130_fd_sc_hd__buf_1)
     6    0.015722    0.141364    0.135520    5.237507 ^ fanout23/X (sky130_fd_sc_hd__buf_1)
                                                         net23 (net)
                      0.141364    0.000119    5.237627 ^ _28_/B (sky130_fd_sc_hd__and3b_1)
     2    0.004933    0.049471    0.117971    5.355598 ^ _28_/X (sky130_fd_sc_hd__and3b_1)
                                                         net15 (net)
                      0.049471    0.000029    5.355627 ^ _31_/B1 (sky130_fd_sc_hd__a31o_1)
     1    0.003043    0.033441    0.055820    5.411447 ^ _31_/X (sky130_fd_sc_hd__a31o_1)
                                                         _10_ (net)
                      0.033441    0.000028    5.411474 ^ _32_/B1 (sky130_fd_sc_hd__a21o_1)
     1    0.002700    0.026425    0.046099    5.457573 ^ _32_/X (sky130_fd_sc_hd__a21o_1)
                                                         net17 (net)
                      0.026425    0.000027    5.457600 ^ output17/A (sky130_fd_sc_hd__buf_2)
     1    0.034154    0.127798    0.135830    5.593430 ^ output17/X (sky130_fd_sc_hd__buf_2)
                                                         PCSrc (net)
                      0.127799    0.000260    5.593689 ^ PCSrc (out)
                                              5.593689   data arrival time

                      0.000000   25.000000   25.000000   clock clk (rise edge)
                                  0.000000   25.000000   clock network delay (ideal)
                                 -0.250000   24.750000   clock uncertainty
                                  0.000000   24.750000   clock reconvergence pessimism
                                 -5.000000   19.750000   output external delay
                                             19.750000   data required time
---------------------------------------------------------------------------------------------
                                             19.750000   data required time
                                             -5.593689   data arrival time
---------------------------------------------------------------------------------------------
                                             14.156310   slack (MET)


Startpoint: opcode[2] (input port clocked by clk)
Endpoint: ALUControl[3] (output port clocked by clk)
Path Group: clk
Path Type: max

Fanout         Cap        Slew       Delay        Time   Description
---------------------------------------------------------------------------------------------
                      0.000000    0.000000    0.000000   clock clk (rise edge)
                                  0.000000    0.000000   clock network delay (ideal)
                                  5.000000    5.000000 v input external delay
     1    0.002558    0.004377    0.002044    5.002044 v opcode[2] (in)
                                                         opcode[2] (net)
                      0.004377    0.000000    5.002044 v input7/A (sky130_fd_sc_hd__buf_1)
     3    0.009730    0.042741    0.068365    5.070409 v input7/X (sky130_fd_sc_hd__buf_1)
                                                         net7 (net)
                      0.042741    0.000114    5.070523 v _21_/A (sky130_fd_sc_hd__nor3_1)
     1    0.003311    0.108642    0.126401    5.196924 ^ _21_/Y (sky130_fd_sc_hd__nor3_1)
                                                         _05_ (net)
                      0.108642    0.000039    5.196962 ^ wire21/A (sky130_fd_sc_hd__buf_1)
     4    0.011718    0.107306    0.112590    5.309553 ^ wire21/X (sky130_fd_sc_hd__buf_1)
                                                         net21 (net)
                      0.107306    0.000074    5.309627 ^ _27_/B (sky130_fd_sc_hd__and2_1)
     1    0.002251    0.030320    0.083175    5.392802 ^ _27_/X (sky130_fd_sc_hd__and2_1)
                                                         net12 (net)
                      0.030320    0.000020    5.392822 ^ output12/A (sky130_fd_sc_hd__buf_2)
     1    0.034126    0.127682    0.136958    5.529779 ^ output12/X (sky130_fd_sc_hd__buf_2)
                                                         ALUControl[3] (net)
                      0.127683    0.000233    5.530013 ^ ALUControl[3] (out)
                                              5.530013   data arrival time

                      0.000000   25.000000   25.000000   clock clk (rise edge)
                                  0.000000   25.000000   clock network delay (ideal)
                                 -0.250000   24.750000   clock uncertainty
                                  0.000000   24.750000   clock reconvergence pessimism
                                 -5.000000   19.750000   output external delay
                                             19.750000   data required time
---------------------------------------------------------------------------------------------
                                             19.750000   data required time
                                             -5.530013   data arrival time
---------------------------------------------------------------------------------------------
                                             14.219987   slack (MET)


Startpoint: opcode[2] (input port clocked by clk)
Endpoint: ResultSrc (output port clocked by clk)
Path Group: clk
Path Type: max

Fanout         Cap        Slew       Delay        Time   Description
---------------------------------------------------------------------------------------------
                      0.000000    0.000000    0.000000   clock clk (rise edge)
                                  0.000000    0.000000   clock network delay (ideal)
                                  5.000000    5.000000 v input external delay
     1    0.002558    0.004377    0.002044    5.002044 v opcode[2] (in)
                                                         opcode[2] (net)
                      0.004377    0.000000    5.002044 v input7/A (sky130_fd_sc_hd__buf_1)
     3    0.009730    0.042741    0.068365    5.070409 v input7/X (sky130_fd_sc_hd__buf_1)
                                                         net7 (net)
                      0.042741    0.000085    5.070494 v fanout22/A (sky130_fd_sc_hd__buf_1)
     6    0.014779    0.061823    0.097917    5.168411 v fanout22/X (sky130_fd_sc_hd__buf_1)
                                                         net22 (net)
                      0.061823    0.000187    5.168598 v _12_/A (sky130_fd_sc_hd__or2_1)
     2    0.004891    0.039426    0.149555    5.318153 v _12_/X (sky130_fd_sc_hd__or2_1)
                                                         _01_ (net)
                      0.039426    0.000040    5.318193 v _13_/B (sky130_fd_sc_hd__nor2_1)
     1    0.002349    0.050842    0.053986    5.372180 ^ _13_/Y (sky130_fd_sc_hd__nor2_1)
                                                         net19 (net)
                      0.050842    0.000013    5.372192 ^ output19/A (sky130_fd_sc_hd__buf_2)
     1    0.034077    0.127400    0.143062    5.515254 ^ output19/X (sky130_fd_sc_hd__buf_2)
                                                         ResultSrc (net)
                      0.127400    0.000226    5.515480 ^ ResultSrc (out)
                                              5.515480   data arrival time

                      0.000000   25.000000   25.000000   clock clk (rise edge)
                                  0.000000   25.000000   clock network delay (ideal)
                                 -0.250000   24.750000   clock uncertainty
                                  0.000000   24.750000   clock reconvergence pessimism
                                 -5.000000   19.750000   output external delay
                                             19.750000   data required time
---------------------------------------------------------------------------------------------
                                             19.750000   data required time
                                             -5.515480   data arrival time
---------------------------------------------------------------------------------------------
                                             14.234520   slack (MET)


Startpoint: opcode[0] (input port clocked by clk)
Endpoint: RegWrite (output port clocked by clk)
Path Group: clk
Path Type: max

Fanout         Cap        Slew       Delay        Time   Description
---------------------------------------------------------------------------------------------
                      0.000000    0.000000    0.000000   clock clk (rise edge)
                                  0.000000    0.000000   clock network delay (ideal)
                                  5.000000    5.000000 ^ input external delay
     1    0.002791    0.013884    0.007196    5.007196 ^ opcode[0] (in)
                                                         opcode[0] (net)
                      0.013884    0.000000    5.007196 ^ input5/A (sky130_fd_sc_hd__buf_1)
     3    0.010821    0.099511    0.094729    5.101925 ^ input5/X (sky130_fd_sc_hd__buf_1)
                                                         net5 (net)
                      0.099511    0.000063    5.101987 ^ fanout23/A (sky130_fd_sc_hd__buf_1)
     6    0.015722    0.141364    0.135520    5.237507 ^ fanout23/X (sky130_fd_sc_hd__buf_1)
                                                         net23 (net)
                      0.141364    0.000174    5.237681 ^ _15_/B (sky130_fd_sc_hd__nand2b_1)
     3    0.008444    0.059899    0.066540    5.304221 v _15_/Y (sky130_fd_sc_hd__nand2b_1)
                                                         _02_ (net)
                      0.059899    0.000035    5.304256 v _17_/B1 (sky130_fd_sc_hd__o21ai_1)
     1    0.002183    0.063309    0.052624    5.356880 ^ _17_/Y (sky130_fd_sc_hd__o21ai_1)
                                                         net18 (net)
                      0.063309    0.000019    5.356899 ^ output18/A (sky130_fd_sc_hd__buf_2)
     1    0.034358    0.128386    0.146819    5.503717 ^ output18/X (sky130_fd_sc_hd__buf_2)
                                                         RegWrite (net)
                      0.128386    0.000176    5.503893 ^ RegWrite (out)
                                              5.503893   data arrival time

                      0.000000   25.000000   25.000000   clock clk (rise edge)
                                  0.000000   25.000000   clock network delay (ideal)
                                 -0.250000   24.750000   clock uncertainty
                                  0.000000   24.750000   clock reconvergence pessimism
                                 -5.000000   19.750000   output external delay
                                             19.750000   data required time
---------------------------------------------------------------------------------------------
                                             19.750000   data required time
                                             -5.503893   data arrival time
---------------------------------------------------------------------------------------------
                                             14.246106   slack (MET)


Startpoint: opcode[2] (input port clocked by clk)
Endpoint: ImmSrc[0] (output port clocked by clk)
Path Group: clk
Path Type: max

Fanout         Cap        Slew       Delay        Time   Description
---------------------------------------------------------------------------------------------
                      0.000000    0.000000    0.000000   clock clk (rise edge)
                                  0.000000    0.000000   clock network delay (ideal)
                                  5.000000    5.000000 ^ input external delay
     1    0.002746    0.013723    0.007076    5.007076 ^ opcode[2] (in)
                                                         opcode[2] (net)
                      0.013723    0.000000    5.007076 ^ input7/A (sky130_fd_sc_hd__buf_1)
     3    0.010333    0.095364    0.091845    5.098921 ^ input7/X (sky130_fd_sc_hd__buf_1)
                                                         net7 (net)
                      0.095364    0.000091    5.099011 ^ fanout22/A (sky130_fd_sc_hd__buf_1)
     6    0.015688    0.141090    0.135022    5.234034 ^ fanout22/X (sky130_fd_sc_hd__buf_1)
                                                         net22 (net)
                      0.141090    0.000126    5.234159 ^ _20_/C (sky130_fd_sc_hd__and3b_1)
     2    0.006262    0.058169    0.124190    5.358349 ^ _20_/X (sky130_fd_sc_hd__and3b_1)
                                                         net14 (net)
                      0.058169    0.000049    5.358398 ^ output14/A (sky130_fd_sc_hd__buf_2)
     1    0.034034    0.127247    0.144795    5.503193 ^ output14/X (sky130_fd_sc_hd__buf_2)
                                                         ImmSrc[0] (net)
                      0.127247    0.000242    5.503436 ^ ImmSrc[0] (out)
                                              5.503436   data arrival time

                      0.000000   25.000000   25.000000   clock clk (rise edge)
                                  0.000000   25.000000   clock network delay (ideal)
                                 -0.250000   24.750000   clock uncertainty
                                  0.000000   24.750000   clock reconvergence pessimism
                                 -5.000000   19.750000   output external delay
                                             19.750000   data required time
---------------------------------------------------------------------------------------------
                                             19.750000   data required time
                                             -5.503436   data arrival time
---------------------------------------------------------------------------------------------
                                             14.246564   slack (MET)


Startpoint: opcode[0] (input port clocked by clk)
Endpoint: ImmSrc[1] (output port clocked by clk)
Path Group: clk
Path Type: max

Fanout         Cap        Slew       Delay        Time   Description
---------------------------------------------------------------------------------------------
                      0.000000    0.000000    0.000000   clock clk (rise edge)
                                  0.000000    0.000000   clock network delay (ideal)
                                  5.000000    5.000000 ^ input external delay
     1    0.002791    0.013884    0.007196    5.007196 ^ opcode[0] (in)
                                                         opcode[0] (net)
                      0.013884    0.000000    5.007196 ^ input5/A (sky130_fd_sc_hd__buf_1)
     3    0.010821    0.099511    0.094729    5.101925 ^ input5/X (sky130_fd_sc_hd__buf_1)
                                                         net5 (net)
                      0.099511    0.000063    5.101987 ^ fanout23/A (sky130_fd_sc_hd__buf_1)
     6    0.015722    0.141364    0.135520    5.237507 ^ fanout23/X (sky130_fd_sc_hd__buf_1)
                                                         net23 (net)
                      0.141364    0.000119    5.237627 ^ _28_/B (sky130_fd_sc_hd__and3b_1)
     2    0.004933    0.049471    0.117971    5.355598 ^ _28_/X (sky130_fd_sc_hd__and3b_1)
                                                         net15 (net)
                      0.049471    0.000014    5.355612 ^ output15/A (sky130_fd_sc_hd__buf_2)
     1    0.034103    0.127499    0.142700    5.498312 ^ output15/X (sky130_fd_sc_hd__buf_2)
                                                         ImmSrc[1] (net)
                      0.127535    0.000242    5.498555 ^ ImmSrc[1] (out)
                                              5.498555   data arrival time

                      0.000000   25.000000   25.000000   clock clk (rise edge)
                                  0.000000   25.000000   clock network delay (ideal)
                                 -0.250000   24.750000   clock uncertainty
                                  0.000000   24.750000   clock reconvergence pessimism
                                 -5.000000   19.750000   output external delay
                                             19.750000   data required time
---------------------------------------------------------------------------------------------
                                             19.750000   data required time
                                             -5.498555   data arrival time
---------------------------------------------------------------------------------------------
                                             14.251445   slack (MET)


Startpoint: opcode[0] (input port clocked by clk)
Endpoint: ALUSrc (output port clocked by clk)
Path Group: clk
Path Type: max

Fanout         Cap        Slew       Delay        Time   Description
---------------------------------------------------------------------------------------------
                      0.000000    0.000000    0.000000   clock clk (rise edge)
                                  0.000000    0.000000   clock network delay (ideal)
                                  5.000000    5.000000 ^ input external delay
     1    0.002791    0.013884    0.007196    5.007196 ^ opcode[0] (in)
                                                         opcode[0] (net)
                      0.013884    0.000000    5.007196 ^ input5/A (sky130_fd_sc_hd__buf_1)
     3    0.010821    0.099511    0.094729    5.101925 ^ input5/X (sky130_fd_sc_hd__buf_1)
                                                         net5 (net)
                      0.099511    0.000063    5.101987 ^ fanout23/A (sky130_fd_sc_hd__buf_1)
     6    0.015722    0.141364    0.135520    5.237507 ^ fanout23/X (sky130_fd_sc_hd__buf_1)
                                                         net23 (net)
                      0.141364    0.000174    5.237681 ^ _15_/B (sky130_fd_sc_hd__nand2b_1)
     3    0.008444    0.059899    0.066540    5.304221 v _15_/Y (sky130_fd_sc_hd__nand2b_1)
                                                         _02_ (net)
                      0.059899    0.000068    5.304289 v _16_/B (sky130_fd_sc_hd__nand2_1)
     1    0.002778    0.035850    0.054394    5.358683 ^ _16_/Y (sky130_fd_sc_hd__nand2_1)
                                                         net13 (net)
                      0.035850    0.000031    5.358713 ^ output13/A (sky130_fd_sc_hd__buf_2)
     1    0.034190    0.127902    0.138773    5.497487 ^ output13/X (sky130_fd_sc_hd__buf_2)
                                                         ALUSrc (net)
                      0.127903    0.000260    5.497747 ^ ALUSrc (out)
                                              5.497747   data arrival time

                      0.000000   25.000000   25.000000   clock clk (rise edge)
                                  0.000000   25.000000   clock network delay (ideal)
                                 -0.250000   24.750000   clock uncertainty
                                  0.000000   24.750000   clock reconvergence pessimism
                                 -5.000000   19.750000   output external delay
                                             19.750000   data required time
---------------------------------------------------------------------------------------------
                                             19.750000   data required time
                                             -5.497747   data arrival time
---------------------------------------------------------------------------------------------
                                             14.252254   slack (MET)


Startpoint: opcode[0] (input port clocked by clk)
Endpoint: MemWrite (output port clocked by clk)
Path Group: clk
Path Type: max

Fanout         Cap        Slew       Delay        Time   Description
---------------------------------------------------------------------------------------------
                      0.000000    0.000000    0.000000   clock clk (rise edge)
                                  0.000000    0.000000   clock network delay (ideal)
                                  5.000000    5.000000 ^ input external delay
     1    0.002791    0.013884    0.007196    5.007196 ^ opcode[0] (in)
                                                         opcode[0] (net)
                      0.013884    0.000000    5.007196 ^ input5/A (sky130_fd_sc_hd__buf_1)
     3    0.010821    0.099511    0.094729    5.101925 ^ input5/X (sky130_fd_sc_hd__buf_1)
                                                         net5 (net)
                      0.099511    0.000063    5.101987 ^ fanout23/A (sky130_fd_sc_hd__buf_1)
     6    0.015722    0.141364    0.135520    5.237507 ^ fanout23/X (sky130_fd_sc_hd__buf_1)
                                                         net23 (net)
                      0.141364    0.000077    5.237584 ^ _14_/B (sky130_fd_sc_hd__and3b_1)
     1    0.002443    0.033642    0.103533    5.341117 ^ _14_/X (sky130_fd_sc_hd__and3b_1)
                                                         net16 (net)
                      0.033642    0.000023    5.341140 ^ output16/A (sky130_fd_sc_hd__buf_2)
     1    0.034446    0.128836    0.138655    5.479795 ^ output16/X (sky130_fd_sc_hd__buf_2)
                                                         MemWrite (net)
                      0.128838    0.000375    5.480170 ^ MemWrite (out)
                                              5.480170   data arrival time

                      0.000000   25.000000   25.000000   clock clk (rise edge)
                                  0.000000   25.000000   clock network delay (ideal)
                                 -0.250000   24.750000   clock uncertainty
                                  0.000000   24.750000   clock reconvergence pessimism
                                 -5.000000   19.750000   output external delay
                                             19.750000   data required time
---------------------------------------------------------------------------------------------
                                             19.750000   data required time
                                             -5.480170   data arrival time
---------------------------------------------------------------------------------------------
                                             14.269830   slack (MET)



%OL_END_REPORT
%OL_CREATE_REPORT checks.rpt

===========================================================================
report_checks -unconstrained
===========================================================================
======================= min_ff_n40C_1v95 Corner ===================================

Startpoint: opcode[0] (input port clocked by clk)
Endpoint: ALUControl[0] (output port clocked by clk)
Path Group: clk
Path Type: max

Fanout         Cap        Slew       Delay        Time   Description
---------------------------------------------------------------------------------------------
                      0.000000    0.000000    0.000000   clock clk (rise edge)
                                  0.000000    0.000000   clock network delay (ideal)
                                  5.000000    5.000000 ^ input external delay
     1    0.002791    0.013884    0.007196    5.007196 ^ opcode[0] (in)
                                                         opcode[0] (net)
                      0.013884    0.000000    5.007196 ^ input5/A (sky130_fd_sc_hd__buf_1)
     3    0.010821    0.099511    0.094729    5.101925 ^ input5/X (sky130_fd_sc_hd__buf_1)
                                                         net5 (net)
                      0.099511    0.000063    5.101987 ^ fanout23/A (sky130_fd_sc_hd__buf_1)
     6    0.015722    0.141364    0.135520    5.237507 ^ fanout23/X (sky130_fd_sc_hd__buf_1)
                                                         net23 (net)
                      0.141364    0.000174    5.237681 ^ _15_/B (sky130_fd_sc_hd__nand2b_1)
     3    0.008444    0.059899    0.066540    5.304221 v _15_/Y (sky130_fd_sc_hd__nand2b_1)
                                                         _02_ (net)
                      0.059899    0.000083    5.304304 v _18_/D (sky130_fd_sc_hd__nor4_1)
     2    0.006732    0.248707    0.187089    5.491393 ^ _18_/Y (sky130_fd_sc_hd__nor4_1)
                                                         _03_ (net)
                      0.248707    0.000059    5.491451 ^ max_cap20/A (sky130_fd_sc_hd__clkbuf_1)
     2    0.005627    0.057005    0.076475    5.567926 ^ max_cap20/X (sky130_fd_sc_hd__clkbuf_1)
                                                         net20 (net)
                      0.057005    0.000048    5.567975 ^ _22_/A1 (sky130_fd_sc_hd__a221o_1)
     1    0.002373    0.029378    0.078081    5.646055 ^ _22_/X (sky130_fd_sc_hd__a221o_1)
                                                         net9 (net)
                      0.029378    0.000022    5.646078 ^ output9/A (sky130_fd_sc_hd__buf_2)
     1    0.034320    0.128379    0.137137    5.783215 ^ output9/X (sky130_fd_sc_hd__buf_2)
                                                         ALUControl[0] (net)
                      0.128380    0.000254    5.783468 ^ ALUControl[0] (out)
                                              5.783468   data arrival time

                      0.000000   25.000000   25.000000   clock clk (rise edge)
                                  0.000000   25.000000   clock network delay (ideal)
                                 -0.250000   24.750000   clock uncertainty
                                  0.000000   24.750000   clock reconvergence pessimism
                                 -5.000000   19.750000   output external delay
                                             19.750000   data required time
---------------------------------------------------------------------------------------------
                                             19.750000   data required time
                                             -5.783468   data arrival time
---------------------------------------------------------------------------------------------
                                             13.966532   slack (MET)




===========================================================================
report_checks --slack_max -0.01
============================================================================
======================= min_ff_n40C_1v95 Corner ===================================

No paths found.


===========================================================================
 report_check_types -max_slew -max_cap -max_fanout -violators
============================================================================
======================= min_ff_n40C_1v95 Corner ===================================



===========================================================================
report_parasitic_annotation -report_unannotated
============================================================================
Found 0 unannotated drivers.
Found 0 partially unannotated drivers.

===========================================================================
max slew violation count 0
%OL_METRIC_I design__max_slew_violation__count__corner:min_ff_n40C_1v95 0
max fanout violation count 0
%OL_METRIC_I design__max_fanout_violation__count__corner:min_ff_n40C_1v95 0
max cap violation count 0
%OL_METRIC_I design__max_cap_violation__count__corner:min_ff_n40C_1v95 0
============================================================================

===========================================================================
check_setup -verbose -unconstrained_endpoints -multiple_clock -no_clock -no_input_delay -loops -generated_clocks
===========================================================================
%OL_END_REPORT
%OL_CREATE_REPORT power.rpt

===========================================================================
 report_power
============================================================================
======================= min_ff_n40C_1v95 Corner ===================================

Group                    Internal    Switching      Leakage        Total
                            Power        Power        Power        Power (Watts)
------------------------------------------------------------------------
Sequential           0.000000e+00 0.000000e+00 0.000000e+00 0.000000e+00   0.0%
Combinational        2.073241e-06 4.424184e-06 2.408412e-10 6.497667e-06 100.0%
Clock                0.000000e+00 0.000000e+00 1.216800e-10 1.216800e-10   0.0%
Macro                0.000000e+00 0.000000e+00 0.000000e+00 0.000000e+00   0.0%
Pad                  0.000000e+00 0.000000e+00 0.000000e+00 0.000000e+00   0.0%
------------------------------------------------------------------------
Total                2.073241e-06 4.424184e-06 3.625212e-10 6.497788e-06 100.0%
                            31.9%        68.1%         0.0%
%OL_METRIC_F power__internal__total 2.0732411485369084e-6
%OL_METRIC_F power__switching__total 4.424184226081707e-6
%OL_METRIC_F power__leakage__total 3.625212074975792e-10
%OL_METRIC_F power__total 6.497788035630947e-6

%OL_END_REPORT
%OL_CREATE_REPORT skew.min.rpt

===========================================================================
Clock Skew (Hold)
============================================================================
%OL_METRIC_F clock__skew__worst_hold__corner:min_ff_n40C_1v95 0.0
======================= min_ff_n40C_1v95 Corner ===================================

Clock clk
No launch/capture paths found.

%OL_END_REPORT
%OL_CREATE_REPORT skew.max.rpt

===========================================================================
Clock Skew (Setup)
============================================================================
%OL_METRIC_F clock__skew__worst_setup__corner:min_ff_n40C_1v95 0.0
======================= min_ff_n40C_1v95 Corner ===================================

Clock clk
No launch/capture paths found.

%OL_END_REPORT
%OL_CREATE_REPORT ws.min.rpt

===========================================================================
Worst Slack (Hold)
============================================================================
%OL_METRIC_F timing__hold__ws__corner:min_ff_n40C_1v95 10.001890265775188
min_ff_n40C_1v95: 10.001890265775188
%OL_END_REPORT
%OL_CREATE_REPORT ws.max.rpt

===========================================================================
Worst Slack (Setup)
============================================================================
%OL_METRIC_F timing__setup__ws__corner:min_ff_n40C_1v95 13.9665314377977
min_ff_n40C_1v95: 13.9665314377977
%OL_END_REPORT
%OL_CREATE_REPORT tns.min.rpt

===========================================================================
Total Negative Slack (Hold)
============================================================================
%OL_METRIC_F timing__hold__tns__corner:min_ff_n40C_1v95 0.0
min_ff_n40C_1v95: 0.0
%OL_END_REPORT
%OL_CREATE_REPORT tns.max.rpt

===========================================================================
Total Negative Slack (Setup)
============================================================================
%OL_METRIC_F timing__setup__tns__corner:min_ff_n40C_1v95 0.0
min_ff_n40C_1v95: 0.0
%OL_END_REPORT
%OL_CREATE_REPORT wns.min.rpt

===========================================================================
Worst Negative Slack (Hold)
============================================================================
%OL_METRIC_F timing__hold__wns__corner:min_ff_n40C_1v95 0
min_ff_n40C_1v95: 0
%OL_END_REPORT
%OL_CREATE_REPORT wns.max.rpt

===========================================================================
Worst Negative Slack (Setup)
============================================================================
%OL_METRIC_F timing__setup__wns__corner:min_ff_n40C_1v95 0.0
min_ff_n40C_1v95: 0.0
%OL_END_REPORT
%OL_CREATE_REPORT violator_list.rpt

===========================================================================
Violator List
============================================================================
%OL_METRIC_I timing__hold_vio__count__corner:min_ff_n40C_1v95 0
%OL_METRIC_F timing__hold_r2r__ws__corner:min_ff_n40C_1v95 inf
%OL_METRIC_I timing__hold_r2r_vio__count__corner:min_ff_n40C_1v95 0
%OL_METRIC_I timing__setup_vio__count__corner:min_ff_n40C_1v95 0
%OL_METRIC_F timing__setup_r2r__ws__corner:min_ff_n40C_1v95 inf
%OL_METRIC_I timing__setup_r2r_vio__count__corner:min_ff_n40C_1v95 0
%OL_END_REPORT
%OL_CREATE_REPORT unpropagated.rpt
clk
%OL_END_REPORT
%OL_CREATE_REPORT clock.rpt
Clock: clk
Sources: 
Generated: no
Virtual: yes
Propagated: no
Period: 25.000000

===========================================================================
report_clock_properties
============================================================================
Clock                   Period          Waveform
----------------------------------------------------
clk                  25.000000    0.000000 12.500000

===========================================================================
report_clock_latency
============================================================================
Clock clk


===========================================================================
report_clock_min_period
============================================================================
clk period_min = 0.00 fmax = inf
%OL_END_REPORT
Writing SDF files for all corners…
Removing Clock latencies before writing libs…
Writing timing models for all corners…
Writing timing models for the min_ff_n40C_1v95 corner to /home/githi/openlane2/my_designs/Control_unit/runs/RUN_2025-11-16_16-53-36/54-openroad-stapostpnr/min_ff_n40C_1v95/Control_unit__min_ff_n40C_1v95.lib…
