
===========================================================================
report_checks -path_delay max (Setup)
============================================================================
======================= nom_tt_025C_1v80 Corner ===================================

Startpoint: pc[13] (input port clocked by clk)
Endpoint: _116_ (rising edge-triggered flip-flop clocked by clk)
Path Group: clk
Path Type: max

Fanout         Cap        Slew       Delay        Time   Description
---------------------------------------------------------------------------------------------
                                  0.000000    0.000000   clock clk (rise edge)
                                  0.000000    0.000000   clock network delay (propagated)
                                  2.000000    2.000000 v input external delay
     1    0.002662    0.008312    0.004182    2.004182 v pc[13] (in)
                                                         pc[13] (net)
                      0.008312    0.000000    2.004182 v _062_/A (sky130_fd_sc_hd__or4_2)
     2    0.006156    0.115737    0.670429    2.674611 v _062_/X (sky130_fd_sc_hd__or4_2)
                                                         _018_ (net)
                      0.115737    0.000016    2.674627 v _065_/C (sky130_fd_sc_hd__or4_2)
    10    0.050109    0.233324    0.824049    3.498676 v _065_/X (sky130_fd_sc_hd__or4_2)
                                                         _021_ (net)
                      0.233327    0.001315    3.499991 v _073_/B1 (sky130_fd_sc_hd__a21oi_2)
     1    0.003363    0.105554    0.171254    3.671245 ^ _073_/Y (sky130_fd_sc_hd__a21oi_2)
                                                         _000_ (net)
                      0.105554    0.000020    3.671265 ^ _116_/D (sky130_fd_sc_hd__dfxtp_2)
                                              3.671265   data arrival time

                                 10.000000   10.000000   clock clk (rise edge)
                                  0.000000   10.000000   clock source latency
    14    0.044526    0.204558    0.141980   10.141980 ^ clk (in)
                                                         clk (net)
                      0.204561    0.000000   10.141980 ^ _116_/CLK (sky130_fd_sc_hd__dfxtp_2)
                                 -0.250000    9.891980   clock uncertainty
                                  0.000000    9.891980   clock reconvergence pessimism
                                 -0.048957    9.843022   library setup time
                                              9.843022   data required time
---------------------------------------------------------------------------------------------
                                              9.843022   data required time
                                             -3.671265   data arrival time
---------------------------------------------------------------------------------------------
                                              6.171758   slack (MET)


Startpoint: pc[13] (input port clocked by clk)
Endpoint: _123_ (rising edge-triggered flip-flop clocked by clk)
Path Group: clk
Path Type: max

Fanout         Cap        Slew       Delay        Time   Description
---------------------------------------------------------------------------------------------
                                  0.000000    0.000000   clock clk (rise edge)
                                  0.000000    0.000000   clock network delay (propagated)
                                  2.000000    2.000000 v input external delay
     1    0.002662    0.008312    0.004182    2.004182 v pc[13] (in)
                                                         pc[13] (net)
                      0.008312    0.000000    2.004182 v _062_/A (sky130_fd_sc_hd__or4_2)
     2    0.006156    0.115737    0.670429    2.674611 v _062_/X (sky130_fd_sc_hd__or4_2)
                                                         _018_ (net)
                      0.115737    0.000016    2.674627 v _065_/C (sky130_fd_sc_hd__or4_2)
    10    0.050109    0.233324    0.824049    3.498676 v _065_/X (sky130_fd_sc_hd__or4_2)
                                                         _021_ (net)
                      0.233327    0.001293    3.499969 v _103_/B1 (sky130_fd_sc_hd__a21oi_2)
     1    0.003298    0.105027    0.170706    3.670675 ^ _103_/Y (sky130_fd_sc_hd__a21oi_2)
                                                         _007_ (net)
                      0.105027    0.000020    3.670695 ^ _123_/D (sky130_fd_sc_hd__dfxtp_2)
                                              3.670695   data arrival time

                                 10.000000   10.000000   clock clk (rise edge)
                                  0.000000   10.000000   clock source latency
    14    0.044526    0.204558    0.141964   10.141964 ^ clk (in)
                                                         clk (net)
                      0.204561    0.000000   10.141964 ^ _123_/CLK (sky130_fd_sc_hd__dfxtp_2)
                                 -0.250000    9.891964   clock uncertainty
                                  0.000000    9.891964   clock reconvergence pessimism
                                 -0.048838    9.843125   library setup time
                                              9.843125   data required time
---------------------------------------------------------------------------------------------
                                              9.843125   data required time
                                             -3.670695   data arrival time
---------------------------------------------------------------------------------------------
                                              6.172431   slack (MET)


Startpoint: pc[13] (input port clocked by clk)
Endpoint: _129_ (rising edge-triggered flip-flop clocked by clk)
Path Group: clk
Path Type: max

Fanout         Cap        Slew       Delay        Time   Description
---------------------------------------------------------------------------------------------
                                  0.000000    0.000000   clock clk (rise edge)
                                  0.000000    0.000000   clock network delay (propagated)
                                  2.000000    2.000000 v input external delay
     1    0.002662    0.008312    0.004182    2.004182 v pc[13] (in)
                                                         pc[13] (net)
                      0.008312    0.000000    2.004182 v _062_/A (sky130_fd_sc_hd__or4_2)
     2    0.006156    0.115737    0.670429    2.674611 v _062_/X (sky130_fd_sc_hd__or4_2)
                                                         _018_ (net)
                      0.115737    0.000016    2.674627 v _065_/C (sky130_fd_sc_hd__or4_2)
    10    0.050109    0.233324    0.824049    3.498676 v _065_/X (sky130_fd_sc_hd__or4_2)
                                                         _021_ (net)
                      0.233330    0.001528    3.500203 v _115_/B1 (sky130_fd_sc_hd__a21oi_2)
     1    0.003140    0.103696    0.169337    3.669541 ^ _115_/Y (sky130_fd_sc_hd__a21oi_2)
                                                         _013_ (net)
                      0.103696    0.000018    3.669558 ^ _129_/D (sky130_fd_sc_hd__dfxtp_2)
                                              3.669558   data arrival time

                                 10.000000   10.000000   clock clk (rise edge)
                                  0.000000   10.000000   clock source latency
    14    0.044526    0.204558    0.142129   10.142129 ^ clk (in)
                                                         clk (net)
                      0.204563    0.000000   10.142129 ^ _129_/CLK (sky130_fd_sc_hd__dfxtp_2)
                                 -0.250000    9.892129   clock uncertainty
                                  0.000000    9.892129   clock reconvergence pessimism
                                 -0.048537    9.843592   library setup time
                                              9.843592   data required time
---------------------------------------------------------------------------------------------
                                              9.843592   data required time
                                             -3.669558   data arrival time
---------------------------------------------------------------------------------------------
                                              6.174034   slack (MET)


Startpoint: pc[13] (input port clocked by clk)
Endpoint: _121_ (rising edge-triggered flip-flop clocked by clk)
Path Group: clk
Path Type: max

Fanout         Cap        Slew       Delay        Time   Description
---------------------------------------------------------------------------------------------
                                  0.000000    0.000000   clock clk (rise edge)
                                  0.000000    0.000000   clock network delay (propagated)
                                  2.000000    2.000000 v input external delay
     1    0.002662    0.008312    0.004182    2.004182 v pc[13] (in)
                                                         pc[13] (net)
                      0.008312    0.000000    2.004182 v _062_/A (sky130_fd_sc_hd__or4_2)
     2    0.006156    0.115737    0.670429    2.674611 v _062_/X (sky130_fd_sc_hd__or4_2)
                                                         _018_ (net)
                      0.115737    0.000016    2.674627 v _065_/C (sky130_fd_sc_hd__or4_2)
    10    0.050109    0.233324    0.824049    3.498676 v _065_/X (sky130_fd_sc_hd__or4_2)
                                                         _021_ (net)
                      0.233330    0.001523    3.500199 v _100_/B1 (sky130_fd_sc_hd__a21oi_2)
     1    0.003062    0.102955    0.168588    3.668787 ^ _100_/Y (sky130_fd_sc_hd__a21oi_2)
                                                         _005_ (net)
                      0.102955    0.000016    3.668802 ^ _121_/D (sky130_fd_sc_hd__dfxtp_2)
                                              3.668802   data arrival time

                                 10.000000   10.000000   clock clk (rise edge)
                                  0.000000   10.000000   clock source latency
    14    0.044526    0.204558    0.142124   10.142124 ^ clk (in)
                                                         clk (net)
                      0.204563    0.000000   10.142124 ^ _121_/CLK (sky130_fd_sc_hd__dfxtp_2)
                                 -0.250000    9.892124   clock uncertainty
                                  0.000000    9.892124   clock reconvergence pessimism
                                 -0.048369    9.843755   library setup time
                                              9.843755   data required time
---------------------------------------------------------------------------------------------
                                              9.843755   data required time
                                             -3.668802   data arrival time
---------------------------------------------------------------------------------------------
                                              6.174953   slack (MET)


Startpoint: pc[13] (input port clocked by clk)
Endpoint: _128_ (rising edge-triggered flip-flop clocked by clk)
Path Group: clk
Path Type: max

Fanout         Cap        Slew       Delay        Time   Description
---------------------------------------------------------------------------------------------
                                  0.000000    0.000000   clock clk (rise edge)
                                  0.000000    0.000000   clock network delay (propagated)
                                  2.000000    2.000000 v input external delay
     1    0.002662    0.008312    0.004182    2.004182 v pc[13] (in)
                                                         pc[13] (net)
                      0.008312    0.000000    2.004182 v _062_/A (sky130_fd_sc_hd__or4_2)
     2    0.006156    0.115737    0.670429    2.674611 v _062_/X (sky130_fd_sc_hd__or4_2)
                                                         _018_ (net)
                      0.115737    0.000016    2.674627 v _065_/C (sky130_fd_sc_hd__or4_2)
    10    0.050109    0.233324    0.824049    3.498676 v _065_/X (sky130_fd_sc_hd__or4_2)
                                                         _021_ (net)
                      0.233324    0.000637    3.499313 v _113_/B1 (sky130_fd_sc_hd__a21oi_2)
     1    0.002761    0.100953    0.165675    3.664987 ^ _113_/Y (sky130_fd_sc_hd__a21oi_2)
                                                         _012_ (net)
                      0.100953    0.000012    3.665000 ^ _128_/D (sky130_fd_sc_hd__dfxtp_2)
                                              3.665000   data arrival time

                                 10.000000   10.000000   clock clk (rise edge)
                                  0.000000   10.000000   clock source latency
    14    0.044526    0.204558    0.141408   10.141408 ^ clk (in)
                                                         clk (net)
                      0.204558    0.000000   10.141408 ^ _128_/CLK (sky130_fd_sc_hd__dfxtp_2)
                                 -0.250000    9.891408   clock uncertainty
                                  0.000000    9.891408   clock reconvergence pessimism
                                 -0.047918    9.843490   library setup time
                                              9.843490   data required time
---------------------------------------------------------------------------------------------
                                              9.843490   data required time
                                             -3.665000   data arrival time
---------------------------------------------------------------------------------------------
                                              6.178490   slack (MET)


Startpoint: pc[13] (input port clocked by clk)
Endpoint: _118_ (rising edge-triggered flip-flop clocked by clk)
Path Group: clk
Path Type: max

Fanout         Cap        Slew       Delay        Time   Description
---------------------------------------------------------------------------------------------
                                  0.000000    0.000000   clock clk (rise edge)
                                  0.000000    0.000000   clock network delay (propagated)
                                  2.000000    2.000000 v input external delay
     1    0.002662    0.008312    0.004182    2.004182 v pc[13] (in)
                                                         pc[13] (net)
                      0.008312    0.000000    2.004182 v _062_/A (sky130_fd_sc_hd__or4_2)
     2    0.006156    0.115737    0.670429    2.674611 v _062_/X (sky130_fd_sc_hd__or4_2)
                                                         _018_ (net)
                      0.115737    0.000016    2.674627 v _065_/C (sky130_fd_sc_hd__or4_2)
    10    0.050109    0.233324    0.824049    3.498676 v _065_/X (sky130_fd_sc_hd__or4_2)
                                                         _021_ (net)
                      0.233325    0.001125    3.499801 v _088_/B1 (sky130_fd_sc_hd__a21oi_2)
     1    0.002487    0.098246    0.163022    3.662822 ^ _088_/Y (sky130_fd_sc_hd__a21oi_2)
                                                         _002_ (net)
                      0.098246    0.000010    3.662832 ^ _118_/D (sky130_fd_sc_hd__dfxtp_2)
                                              3.662832   data arrival time

                                 10.000000   10.000000   clock clk (rise edge)
                                  0.000000   10.000000   clock source latency
    14    0.044526    0.204558    0.141796   10.141796 ^ clk (in)
                                                         clk (net)
                      0.204560    0.000000   10.141796 ^ _118_/CLK (sky130_fd_sc_hd__dfxtp_2)
                                 -0.250000    9.891796   clock uncertainty
                                  0.000000    9.891796   clock reconvergence pessimism
                                 -0.047305    9.844491   library setup time
                                              9.844491   data required time
---------------------------------------------------------------------------------------------
                                              9.844491   data required time
                                             -3.662832   data arrival time
---------------------------------------------------------------------------------------------
                                              6.181658   slack (MET)


Startpoint: pc[13] (input port clocked by clk)
Endpoint: _125_ (rising edge-triggered flip-flop clocked by clk)
Path Group: clk
Path Type: max

Fanout         Cap        Slew       Delay        Time   Description
---------------------------------------------------------------------------------------------
                                  0.000000    0.000000   clock clk (rise edge)
                                  0.000000    0.000000   clock network delay (propagated)
                                  2.000000    2.000000 v input external delay
     1    0.002662    0.008312    0.004182    2.004182 v pc[13] (in)
                                                         pc[13] (net)
                      0.008312    0.000000    2.004182 v _062_/A (sky130_fd_sc_hd__or4_2)
     2    0.006156    0.115737    0.670429    2.674611 v _062_/X (sky130_fd_sc_hd__or4_2)
                                                         _018_ (net)
                      0.115737    0.000016    2.674627 v _065_/C (sky130_fd_sc_hd__or4_2)
    10    0.050109    0.233324    0.824049    3.498676 v _065_/X (sky130_fd_sc_hd__or4_2)
                                                         _021_ (net)
                      0.233330    0.001535    3.500211 v _107_/B1 (sky130_fd_sc_hd__a21oi_2)
     1    0.002468    0.098067    0.162847    3.663059 ^ _107_/Y (sky130_fd_sc_hd__a21oi_2)
                                                         _009_ (net)
                      0.098067    0.000008    3.663067 ^ _125_/D (sky130_fd_sc_hd__dfxtp_2)
                                              3.663067   data arrival time

                                 10.000000   10.000000   clock clk (rise edge)
                                  0.000000   10.000000   clock source latency
    14    0.044526    0.204558    0.142131   10.142131 ^ clk (in)
                                                         clk (net)
                      0.204563    0.000000   10.142131 ^ _125_/CLK (sky130_fd_sc_hd__dfxtp_2)
                                 -0.250000    9.892131   clock uncertainty
                                  0.000000    9.892131   clock reconvergence pessimism
                                 -0.047264    9.844867   library setup time
                                              9.844867   data required time
---------------------------------------------------------------------------------------------
                                              9.844867   data required time
                                             -3.663067   data arrival time
---------------------------------------------------------------------------------------------
                                              6.181800   slack (MET)


Startpoint: pc[13] (input port clocked by clk)
Endpoint: _120_ (rising edge-triggered flip-flop clocked by clk)
Path Group: clk
Path Type: max

Fanout         Cap        Slew       Delay        Time   Description
---------------------------------------------------------------------------------------------
                                  0.000000    0.000000   clock clk (rise edge)
                                  0.000000    0.000000   clock network delay (propagated)
                                  2.000000    2.000000 v input external delay
     1    0.002662    0.008312    0.004182    2.004182 v pc[13] (in)
                                                         pc[13] (net)
                      0.008312    0.000000    2.004182 v _062_/A (sky130_fd_sc_hd__or4_2)
     2    0.006156    0.115737    0.670429    2.674611 v _062_/X (sky130_fd_sc_hd__or4_2)
                                                         _018_ (net)
                      0.115737    0.000016    2.674627 v _065_/C (sky130_fd_sc_hd__or4_2)
    10    0.050109    0.233324    0.824049    3.498676 v _065_/X (sky130_fd_sc_hd__or4_2)
                                                         _021_ (net)
                      0.233328    0.001384    3.500060 v _097_/B1 (sky130_fd_sc_hd__a21oi_2)
     1    0.002442    0.097810    0.162595    3.662655 ^ _097_/Y (sky130_fd_sc_hd__a21oi_2)
                                                         _004_ (net)
                      0.097810    0.000007    3.662662 ^ _120_/D (sky130_fd_sc_hd__dfxtp_2)
                                              3.662662   data arrival time

                                 10.000000   10.000000   clock clk (rise edge)
                                  0.000000   10.000000   clock source latency
    14    0.044526    0.204558    0.142033   10.142034 ^ clk (in)
                                                         clk (net)
                      0.204562    0.000000   10.142034 ^ _120_/CLK (sky130_fd_sc_hd__dfxtp_2)
                                 -0.250000    9.892034   clock uncertainty
                                  0.000000    9.892034   clock reconvergence pessimism
                                 -0.047206    9.844827   library setup time
                                              9.844827   data required time
---------------------------------------------------------------------------------------------
                                              9.844827   data required time
                                             -3.662662   data arrival time
---------------------------------------------------------------------------------------------
                                              6.182164   slack (MET)


Startpoint: pc[13] (input port clocked by clk)
Endpoint: _117_ (rising edge-triggered flip-flop clocked by clk)
Path Group: clk
Path Type: max

Fanout         Cap        Slew       Delay        Time   Description
---------------------------------------------------------------------------------------------
                                  0.000000    0.000000   clock clk (rise edge)
                                  0.000000    0.000000   clock network delay (propagated)
                                  2.000000    2.000000 v input external delay
     1    0.002662    0.008312    0.004182    2.004182 v pc[13] (in)
                                                         pc[13] (net)
                      0.008312    0.000000    2.004182 v _062_/A (sky130_fd_sc_hd__or4_2)
     2    0.006156    0.115737    0.670429    2.674611 v _062_/X (sky130_fd_sc_hd__or4_2)
                                                         _018_ (net)
                      0.115737    0.000016    2.674627 v _065_/C (sky130_fd_sc_hd__or4_2)
    10    0.050109    0.233324    0.824049    3.498676 v _065_/X (sky130_fd_sc_hd__or4_2)
                                                         _021_ (net)
                      0.233324    0.000850    3.499526 v _079_/B1 (sky130_fd_sc_hd__a21oi_2)
     1    0.002437    0.097759    0.162545    3.662071 ^ _079_/Y (sky130_fd_sc_hd__a21oi_2)
                                                         _001_ (net)
                      0.097759    0.000009    3.662080 ^ _117_/D (sky130_fd_sc_hd__dfxtp_2)
                                              3.662080   data arrival time

                                 10.000000   10.000000   clock clk (rise edge)
                                  0.000000   10.000000   clock source latency
    14    0.044526    0.204558    0.141635   10.141635 ^ clk (in)
                                                         clk (net)
                      0.204559    0.000000   10.141635 ^ _117_/CLK (sky130_fd_sc_hd__dfxtp_2)
                                 -0.250000    9.891635   clock uncertainty
                                  0.000000    9.891635   clock reconvergence pessimism
                                 -0.047196    9.844440   library setup time
                                              9.844440   data required time
---------------------------------------------------------------------------------------------
                                              9.844440   data required time
                                             -3.662080   data arrival time
---------------------------------------------------------------------------------------------
                                              6.182360   slack (MET)


Startpoint: pc[13] (input port clocked by clk)
Endpoint: _127_ (rising edge-triggered flip-flop clocked by clk)
Path Group: clk
Path Type: max

Fanout         Cap        Slew       Delay        Time   Description
---------------------------------------------------------------------------------------------
                                  0.000000    0.000000   clock clk (rise edge)
                                  0.000000    0.000000   clock network delay (propagated)
                                  2.000000    2.000000 v input external delay
     1    0.002662    0.008312    0.004182    2.004182 v pc[13] (in)
                                                         pc[13] (net)
                      0.008312    0.000000    2.004182 v _062_/A (sky130_fd_sc_hd__or4_2)
     2    0.006156    0.115737    0.670429    2.674611 v _062_/X (sky130_fd_sc_hd__or4_2)
                                                         _018_ (net)
                      0.115737    0.000016    2.674627 v _065_/C (sky130_fd_sc_hd__or4_2)
    10    0.050109    0.233324    0.824049    3.498676 v _065_/X (sky130_fd_sc_hd__or4_2)
                                                         _021_ (net)
                      0.233327    0.001346    3.500022 v _110_/B1 (sky130_fd_sc_hd__a21oi_2)
     1    0.002424    0.097630    0.162419    3.662441 ^ _110_/Y (sky130_fd_sc_hd__a21oi_2)
                                                         _011_ (net)
                      0.097630    0.000008    3.662448 ^ _127_/D (sky130_fd_sc_hd__dfxtp_2)
                                              3.662448   data arrival time

                                 10.000000   10.000000   clock clk (rise edge)
                                  0.000000   10.000000   clock source latency
    14    0.044526    0.204558    0.142006   10.142007 ^ clk (in)
                                                         clk (net)
                      0.204562    0.000000   10.142007 ^ _127_/CLK (sky130_fd_sc_hd__dfxtp_2)
                                 -0.250000    9.892007   clock uncertainty
                                  0.000000    9.892007   clock reconvergence pessimism
                                 -0.047166    9.844841   library setup time
                                              9.844841   data required time
---------------------------------------------------------------------------------------------
                                              9.844841   data required time
                                             -3.662448   data arrival time
---------------------------------------------------------------------------------------------
                                              6.182393   slack (MET)


Startpoint: pc[13] (input port clocked by clk)
Endpoint: _126_ (rising edge-triggered flip-flop clocked by clk)
Path Group: clk
Path Type: max

Fanout         Cap        Slew       Delay        Time   Description
---------------------------------------------------------------------------------------------
                                  0.000000    0.000000   clock clk (rise edge)
                                  0.000000    0.000000   clock network delay (propagated)
                                  2.000000    2.000000 v input external delay
     1    0.002662    0.008312    0.004182    2.004182 v pc[13] (in)
                                                         pc[13] (net)
                      0.008312    0.000000    2.004182 v _062_/A (sky130_fd_sc_hd__or4_2)
     2    0.006156    0.115737    0.670429    2.674611 v _062_/X (sky130_fd_sc_hd__or4_2)
                                                         _018_ (net)
                      0.115737    0.000011    2.674622 v _064_/C (sky130_fd_sc_hd__nor4_2)
     4    0.012584    0.390307    0.375191    3.049813 ^ _064_/Y (sky130_fd_sc_hd__nor4_2)
                                                         _020_ (net)
                      0.390307    0.000087    3.049900 ^ _108_/C1 (sky130_fd_sc_hd__o221a_2)
     1    0.003354    0.045732    0.259391    3.309290 ^ _108_/X (sky130_fd_sc_hd__o221a_2)
                                                         _010_ (net)
                      0.045732    0.000024    3.309315 ^ _126_/D (sky130_fd_sc_hd__dfxtp_2)
                                              3.309315   data arrival time

                                 10.000000   10.000000   clock clk (rise edge)
                                  0.000000   10.000000   clock source latency
    14    0.044526    0.204558    0.141842   10.141842 ^ clk (in)
                                                         clk (net)
                      0.204560    0.000000   10.141842 ^ _126_/CLK (sky130_fd_sc_hd__dfxtp_2)
                                 -0.250000    9.891842   clock uncertainty
                                  0.000000    9.891842   clock reconvergence pessimism
                                 -0.035436    9.856406   library setup time
                                              9.856406   data required time
---------------------------------------------------------------------------------------------
                                              9.856406   data required time
                                             -3.309315   data arrival time
---------------------------------------------------------------------------------------------
                                              6.547092   slack (MET)


Startpoint: pc[13] (input port clocked by clk)
Endpoint: _124_ (rising edge-triggered flip-flop clocked by clk)
Path Group: clk
Path Type: max

Fanout         Cap        Slew       Delay        Time   Description
---------------------------------------------------------------------------------------------
                                  0.000000    0.000000   clock clk (rise edge)
                                  0.000000    0.000000   clock network delay (propagated)
                                  2.000000    2.000000 v input external delay
     1    0.002662    0.008312    0.004182    2.004182 v pc[13] (in)
                                                         pc[13] (net)
                      0.008312    0.000000    2.004182 v _062_/A (sky130_fd_sc_hd__or4_2)
     2    0.006156    0.115737    0.670429    2.674611 v _062_/X (sky130_fd_sc_hd__or4_2)
                                                         _018_ (net)
                      0.115737    0.000011    2.674622 v _064_/C (sky130_fd_sc_hd__nor4_2)
     4    0.012584    0.390307    0.375191    3.049813 ^ _064_/Y (sky130_fd_sc_hd__nor4_2)
                                                         _020_ (net)
                      0.390307    0.000091    3.049905 ^ _105_/C1 (sky130_fd_sc_hd__o211a_2)
     1    0.003572    0.048815    0.251482    3.301386 ^ _105_/X (sky130_fd_sc_hd__o211a_2)
                                                         _008_ (net)
                      0.048815    0.000027    3.301414 ^ _124_/D (sky130_fd_sc_hd__dfxtp_2)
                                              3.301414   data arrival time

                                 10.000000   10.000000   clock clk (rise edge)
                                  0.000000   10.000000   clock source latency
    14    0.044526    0.204558    0.141850   10.141850 ^ clk (in)
                                                         clk (net)
                      0.204560    0.000000   10.141850 ^ _124_/CLK (sky130_fd_sc_hd__dfxtp_2)
                                 -0.250000    9.891850   clock uncertainty
                                  0.000000    9.891850   clock reconvergence pessimism
                                 -0.036133    9.855718   library setup time
                                              9.855718   data required time
---------------------------------------------------------------------------------------------
                                              9.855718   data required time
                                             -3.301414   data arrival time
---------------------------------------------------------------------------------------------
                                              6.554304   slack (MET)


Startpoint: pc[13] (input port clocked by clk)
Endpoint: _119_ (rising edge-triggered flip-flop clocked by clk)
Path Group: clk
Path Type: max

Fanout         Cap        Slew       Delay        Time   Description
---------------------------------------------------------------------------------------------
                                  0.000000    0.000000   clock clk (rise edge)
                                  0.000000    0.000000   clock network delay (propagated)
                                  2.000000    2.000000 v input external delay
     1    0.002662    0.008312    0.004182    2.004182 v pc[13] (in)
                                                         pc[13] (net)
                      0.008312    0.000000    2.004182 v _062_/A (sky130_fd_sc_hd__or4_2)
     2    0.006156    0.115737    0.670429    2.674611 v _062_/X (sky130_fd_sc_hd__or4_2)
                                                         _018_ (net)
                      0.115737    0.000011    2.674622 v _064_/C (sky130_fd_sc_hd__nor4_2)
     4    0.012584    0.390307    0.375191    3.049813 ^ _064_/Y (sky130_fd_sc_hd__nor4_2)
                                                         _020_ (net)
                      0.390307    0.000045    3.049859 ^ _094_/B1 (sky130_fd_sc_hd__o31a_2)
     1    0.003356    0.042074    0.217506    3.267365 ^ _094_/X (sky130_fd_sc_hd__o31a_2)
                                                         _003_ (net)
                      0.042074    0.000023    3.267388 ^ _119_/D (sky130_fd_sc_hd__dfxtp_2)
                                              3.267388   data arrival time

                                 10.000000   10.000000   clock clk (rise edge)
                                  0.000000   10.000000   clock source latency
    14    0.044526    0.204558    0.141718   10.141718 ^ clk (in)
                                                         clk (net)
                      0.204559    0.000000   10.141718 ^ _119_/CLK (sky130_fd_sc_hd__dfxtp_2)
                                 -0.250000    9.891718   clock uncertainty
                                  0.000000    9.891718   clock reconvergence pessimism
                                 -0.034609    9.857109   library setup time
                                              9.857109   data required time
---------------------------------------------------------------------------------------------
                                              9.857109   data required time
                                             -3.267388   data arrival time
---------------------------------------------------------------------------------------------
                                              6.589721   slack (MET)


Startpoint: pc[13] (input port clocked by clk)
Endpoint: _122_ (rising edge-triggered flip-flop clocked by clk)
Path Group: clk
Path Type: max

Fanout         Cap        Slew       Delay        Time   Description
---------------------------------------------------------------------------------------------
                                  0.000000    0.000000   clock clk (rise edge)
                                  0.000000    0.000000   clock network delay (propagated)
                                  2.000000    2.000000 v input external delay
     1    0.002662    0.008312    0.004182    2.004182 v pc[13] (in)
                                                         pc[13] (net)
                      0.008312    0.000000    2.004182 v _062_/A (sky130_fd_sc_hd__or4_2)
     2    0.006156    0.115737    0.670429    2.674611 v _062_/X (sky130_fd_sc_hd__or4_2)
                                                         _018_ (net)
                      0.115737    0.000011    2.674622 v _064_/C (sky130_fd_sc_hd__nor4_2)
     4    0.012584    0.390307    0.375191    3.049813 ^ _064_/Y (sky130_fd_sc_hd__nor4_2)
                                                         _020_ (net)
                      0.390307    0.000086    3.049899 ^ _102_/B1 (sky130_fd_sc_hd__o21a_2)
     1    0.002900    0.037018    0.198755    3.248654 ^ _102_/X (sky130_fd_sc_hd__o21a_2)
                                                         _006_ (net)
                      0.037018    0.000017    3.248671 ^ _122_/D (sky130_fd_sc_hd__dfxtp_2)
                                              3.248671   data arrival time

                                 10.000000   10.000000   clock clk (rise edge)
                                  0.000000   10.000000   clock source latency
    14    0.044526    0.204558    0.141824   10.141825 ^ clk (in)
                                                         clk (net)
                      0.204560    0.000000   10.141825 ^ _122_/CLK (sky130_fd_sc_hd__dfxtp_2)
                                 -0.250000    9.891825   clock uncertainty
                                  0.000000    9.891825   clock reconvergence pessimism
                                 -0.033466    9.858358   library setup time
                                              9.858358   data required time
---------------------------------------------------------------------------------------------
                                              9.858358   data required time
                                             -3.248671   data arrival time
---------------------------------------------------------------------------------------------
                                              6.609687   slack (MET)


Startpoint: _124_ (rising edge-triggered flip-flop clocked by clk)
Endpoint: instruction[5] (output port clocked by clk)
Path Group: clk
Path Type: max

Fanout         Cap        Slew       Delay        Time   Description
---------------------------------------------------------------------------------------------
                                  0.000000    0.000000   clock clk (rise edge)
                                  0.000000    0.000000   clock source latency
    14    0.044526    0.204558    0.141850    0.141850 ^ clk (in)
                                                         clk (net)
                      0.204560    0.000000    0.141850 ^ _124_/CLK (sky130_fd_sc_hd__dfxtp_2)
     2    0.039453    0.201844    0.487339    0.629190 ^ _124_/Q (sky130_fd_sc_hd__dfxtp_2)
                                                         instruction[9] (net)
                      0.201844    0.000587    0.629776 ^ _130_/A (sky130_fd_sc_hd__buf_2)
     1    0.035307    0.175458    0.251718    0.881494 ^ _130_/X (sky130_fd_sc_hd__buf_2)
                                                         instruction[5] (net)
                      0.175458    0.000415    0.881909 ^ instruction[5] (out)
                                              0.881909   data arrival time

                                 10.000000   10.000000   clock clk (rise edge)
                                  0.000000   10.000000   clock network delay (propagated)
                                 -0.250000    9.750000   clock uncertainty
                                  0.000000    9.750000   clock reconvergence pessimism
                                 -2.000000    7.750000   output external delay
                                              7.750000   data required time
---------------------------------------------------------------------------------------------
                                              7.750000   data required time
                                             -0.881909   data arrival time
---------------------------------------------------------------------------------------------
                                              6.868091   slack (MET)


Startpoint: _122_ (rising edge-triggered flip-flop clocked by clk)
Endpoint: instruction[7] (output port clocked by clk)
Path Group: clk
Path Type: max

Fanout         Cap        Slew       Delay        Time   Description
---------------------------------------------------------------------------------------------
                                  0.000000    0.000000   clock clk (rise edge)
                                  0.000000    0.000000   clock source latency
    14    0.044526    0.204558    0.141825    0.141825 ^ clk (in)
                                                         clk (net)
                      0.204560    0.000000    0.141825 ^ _122_/CLK (sky130_fd_sc_hd__dfxtp_2)
     2    0.038896    0.199109    0.485508    0.627333 ^ _122_/Q (sky130_fd_sc_hd__dfxtp_2)
                                                         instruction[15] (net)
                      0.199109    0.000480    0.627813 ^ _131_/A (sky130_fd_sc_hd__buf_2)
     1    0.035245    0.175169    0.250781    0.878593 ^ _131_/X (sky130_fd_sc_hd__buf_2)
                                                         instruction[7] (net)
                      0.175169    0.000406    0.878999 ^ instruction[7] (out)
                                              0.878999   data arrival time

                                 10.000000   10.000000   clock clk (rise edge)
                                  0.000000   10.000000   clock network delay (propagated)
                                 -0.250000    9.750000   clock uncertainty
                                  0.000000    9.750000   clock reconvergence pessimism
                                 -2.000000    7.750000   output external delay
                                              7.750000   data required time
---------------------------------------------------------------------------------------------
                                              7.750000   data required time
                                             -0.878999   data arrival time
---------------------------------------------------------------------------------------------
                                              6.871001   slack (MET)


Startpoint: _124_ (rising edge-triggered flip-flop clocked by clk)
Endpoint: instruction[9] (output port clocked by clk)
Path Group: clk
Path Type: max

Fanout         Cap        Slew       Delay        Time   Description
---------------------------------------------------------------------------------------------
                                  0.000000    0.000000   clock clk (rise edge)
                                  0.000000    0.000000   clock source latency
    14    0.044526    0.204558    0.141850    0.141850 ^ clk (in)
                                                         clk (net)
                      0.204560    0.000000    0.141850 ^ _124_/CLK (sky130_fd_sc_hd__dfxtp_2)
     2    0.039453    0.201844    0.487339    0.629190 ^ _124_/Q (sky130_fd_sc_hd__dfxtp_2)
                                                         instruction[9] (net)
                      0.201846    0.000974    0.630164 ^ instruction[9] (out)
                                              0.630164   data arrival time

                                 10.000000   10.000000   clock clk (rise edge)
                                  0.000000   10.000000   clock network delay (propagated)
                                 -0.250000    9.750000   clock uncertainty
                                  0.000000    9.750000   clock reconvergence pessimism
                                 -2.000000    7.750000   output external delay
                                              7.750000   data required time
---------------------------------------------------------------------------------------------
                                              7.750000   data required time
                                             -0.630164   data arrival time
---------------------------------------------------------------------------------------------
                                              7.119836   slack (MET)


Startpoint: _125_ (rising edge-triggered flip-flop clocked by clk)
Endpoint: instruction[10] (output port clocked by clk)
Path Group: clk
Path Type: max

Fanout         Cap        Slew       Delay        Time   Description
---------------------------------------------------------------------------------------------
                                  0.000000    0.000000   clock clk (rise edge)
                                  0.000000    0.000000   clock source latency
    14    0.044526    0.204558    0.142131    0.142131 ^ clk (in)
                                                         clk (net)
                      0.204563    0.000000    0.142131 ^ _125_/CLK (sky130_fd_sc_hd__dfxtp_2)
     1    0.038866    0.198963    0.485408    0.627539 ^ _125_/Q (sky130_fd_sc_hd__dfxtp_2)
                                                         instruction[10] (net)
                      0.198964    0.000861    0.628400 ^ instruction[10] (out)
                                              0.628400   data arrival time

                                 10.000000   10.000000   clock clk (rise edge)
                                  0.000000   10.000000   clock network delay (propagated)
                                 -0.250000    9.750000   clock uncertainty
                                  0.000000    9.750000   clock reconvergence pessimism
                                 -2.000000    7.750000   output external delay
                                              7.750000   data required time
---------------------------------------------------------------------------------------------
                                              7.750000   data required time
                                             -0.628400   data arrival time
---------------------------------------------------------------------------------------------
                                              7.121600   slack (MET)


Startpoint: _122_ (rising edge-triggered flip-flop clocked by clk)
Endpoint: instruction[15] (output port clocked by clk)
Path Group: clk
Path Type: max

Fanout         Cap        Slew       Delay        Time   Description
---------------------------------------------------------------------------------------------
                                  0.000000    0.000000   clock clk (rise edge)
                                  0.000000    0.000000   clock source latency
    14    0.044526    0.204558    0.141825    0.141825 ^ clk (in)
                                                         clk (net)
                      0.204560    0.000000    0.141825 ^ _122_/CLK (sky130_fd_sc_hd__dfxtp_2)
     2    0.038896    0.199109    0.485508    0.627333 ^ _122_/Q (sky130_fd_sc_hd__dfxtp_2)
                                                         instruction[15] (net)
                      0.199110    0.000860    0.628193 ^ instruction[15] (out)
                                              0.628193   data arrival time

                                 10.000000   10.000000   clock clk (rise edge)
                                  0.000000   10.000000   clock network delay (propagated)
                                 -0.250000    9.750000   clock uncertainty
                                  0.000000    9.750000   clock reconvergence pessimism
                                 -2.000000    7.750000   output external delay
                                              7.750000   data required time
---------------------------------------------------------------------------------------------
                                              7.750000   data required time
                                             -0.628193   data arrival time
---------------------------------------------------------------------------------------------
                                              7.121808   slack (MET)


Startpoint: _127_ (rising edge-triggered flip-flop clocked by clk)
Endpoint: instruction[12] (output port clocked by clk)
Path Group: clk
Path Type: max

Fanout         Cap        Slew       Delay        Time   Description
---------------------------------------------------------------------------------------------
                                  0.000000    0.000000   clock clk (rise edge)
                                  0.000000    0.000000   clock source latency
    14    0.044526    0.204558    0.142007    0.142007 ^ clk (in)
                                                         clk (net)
                      0.204562    0.000000    0.142007 ^ _127_/CLK (sky130_fd_sc_hd__dfxtp_2)
     1    0.038478    0.197055    0.484139    0.626145 ^ _127_/Q (sky130_fd_sc_hd__dfxtp_2)
                                                         instruction[12] (net)
                      0.197055    0.000770    0.626915 ^ instruction[12] (out)
                                              0.626915   data arrival time

                                 10.000000   10.000000   clock clk (rise edge)
                                  0.000000   10.000000   clock network delay (propagated)
                                 -0.250000    9.750000   clock uncertainty
                                  0.000000    9.750000   clock reconvergence pessimism
                                 -2.000000    7.750000   output external delay
                                              7.750000   data required time
---------------------------------------------------------------------------------------------
                                              7.750000   data required time
                                             -0.626915   data arrival time
---------------------------------------------------------------------------------------------
                                              7.123085   slack (MET)


Startpoint: _129_ (rising edge-triggered flip-flop clocked by clk)
Endpoint: instruction[14] (output port clocked by clk)
Path Group: clk
Path Type: max

Fanout         Cap        Slew       Delay        Time   Description
---------------------------------------------------------------------------------------------
                                  0.000000    0.000000   clock clk (rise edge)
                                  0.000000    0.000000   clock source latency
    14    0.044526    0.204558    0.142129    0.142129 ^ clk (in)
                                                         clk (net)
                      0.204563    0.000000    0.142129 ^ _129_/CLK (sky130_fd_sc_hd__dfxtp_2)
     1    0.038323    0.196300    0.483625    0.625753 ^ _129_/Q (sky130_fd_sc_hd__dfxtp_2)
                                                         instruction[14] (net)
                      0.196300    0.000750    0.626503 ^ instruction[14] (out)
                                              0.626503   data arrival time

                                 10.000000   10.000000   clock clk (rise edge)
                                  0.000000   10.000000   clock network delay (propagated)
                                 -0.250000    9.750000   clock uncertainty
                                  0.000000    9.750000   clock reconvergence pessimism
                                 -2.000000    7.750000   output external delay
                                              7.750000   data required time
---------------------------------------------------------------------------------------------
                                              7.750000   data required time
                                             -0.626503   data arrival time
---------------------------------------------------------------------------------------------
                                              7.123497   slack (MET)


Startpoint: _123_ (rising edge-triggered flip-flop clocked by clk)
Endpoint: instruction[8] (output port clocked by clk)
Path Group: clk
Path Type: max

Fanout         Cap        Slew       Delay        Time   Description
---------------------------------------------------------------------------------------------
                                  0.000000    0.000000   clock clk (rise edge)
                                  0.000000    0.000000   clock source latency
    14    0.044526    0.204558    0.141963    0.141963 ^ clk (in)
                                                         clk (net)
                      0.204561    0.000000    0.141963 ^ _123_/CLK (sky130_fd_sc_hd__dfxtp_2)
     1    0.038342    0.196396    0.483678    0.625641 ^ _123_/Q (sky130_fd_sc_hd__dfxtp_2)
                                                         instruction[8] (net)
                      0.196396    0.000767    0.626408 ^ instruction[8] (out)
                                              0.626408   data arrival time

                                 10.000000   10.000000   clock clk (rise edge)
                                  0.000000   10.000000   clock network delay (propagated)
                                 -0.250000    9.750000   clock uncertainty
                                  0.000000    9.750000   clock reconvergence pessimism
                                 -2.000000    7.750000   output external delay
                                              7.750000   data required time
---------------------------------------------------------------------------------------------
                                              7.750000   data required time
                                             -0.626408   data arrival time
---------------------------------------------------------------------------------------------
                                              7.123592   slack (MET)


Startpoint: _120_ (rising edge-triggered flip-flop clocked by clk)
Endpoint: instruction[4] (output port clocked by clk)
Path Group: clk
Path Type: max

Fanout         Cap        Slew       Delay        Time   Description
---------------------------------------------------------------------------------------------
                                  0.000000    0.000000   clock clk (rise edge)
                                  0.000000    0.000000   clock source latency
    14    0.044526    0.204558    0.142033    0.142033 ^ clk (in)
                                                         clk (net)
                      0.204562    0.000000    0.142033 ^ _120_/CLK (sky130_fd_sc_hd__dfxtp_2)
     1    0.038245    0.195911    0.483375    0.625407 ^ _120_/Q (sky130_fd_sc_hd__dfxtp_2)
                                                         instruction[4] (net)
                      0.195911    0.000720    0.626128 ^ instruction[4] (out)
                                              0.626128   data arrival time

                                 10.000000   10.000000   clock clk (rise edge)
                                  0.000000   10.000000   clock network delay (propagated)
                                 -0.250000    9.750000   clock uncertainty
                                  0.000000    9.750000   clock reconvergence pessimism
                                 -2.000000    7.750000   output external delay
                                              7.750000   data required time
---------------------------------------------------------------------------------------------
                                              7.750000   data required time
                                             -0.626128   data arrival time
---------------------------------------------------------------------------------------------
                                              7.123872   slack (MET)


Startpoint: _116_ (rising edge-triggered flip-flop clocked by clk)
Endpoint: instruction[0] (output port clocked by clk)
Path Group: clk
Path Type: max

Fanout         Cap        Slew       Delay        Time   Description
---------------------------------------------------------------------------------------------
                                  0.000000    0.000000   clock clk (rise edge)
                                  0.000000    0.000000   clock source latency
    14    0.044526    0.204558    0.141980    0.141980 ^ clk (in)
                                                         clk (net)
                      0.204561    0.000000    0.141980 ^ _116_/CLK (sky130_fd_sc_hd__dfxtp_2)
     1    0.038222    0.195803    0.483284    0.625264 ^ _116_/Q (sky130_fd_sc_hd__dfxtp_2)
                                                         instruction[0] (net)
                      0.195803    0.000738    0.626002 ^ instruction[0] (out)
                                              0.626002   data arrival time

                                 10.000000   10.000000   clock clk (rise edge)
                                  0.000000   10.000000   clock network delay (propagated)
                                 -0.250000    9.750000   clock uncertainty
                                  0.000000    9.750000   clock reconvergence pessimism
                                 -2.000000    7.750000   output external delay
                                              7.750000   data required time
---------------------------------------------------------------------------------------------
                                              7.750000   data required time
                                             -0.626002   data arrival time
---------------------------------------------------------------------------------------------
                                              7.123998   slack (MET)


Startpoint: _121_ (rising edge-triggered flip-flop clocked by clk)
Endpoint: instruction[6] (output port clocked by clk)
Path Group: clk
Path Type: max

Fanout         Cap        Slew       Delay        Time   Description
---------------------------------------------------------------------------------------------
                                  0.000000    0.000000   clock clk (rise edge)
                                  0.000000    0.000000   clock source latency
    14    0.044526    0.204558    0.142124    0.142124 ^ clk (in)
                                                         clk (net)
                      0.204563    0.000000    0.142124 ^ _121_/CLK (sky130_fd_sc_hd__dfxtp_2)
     1    0.038177    0.195582    0.483145    0.625269 ^ _121_/Q (sky130_fd_sc_hd__dfxtp_2)
                                                         instruction[6] (net)
                      0.195582    0.000718    0.625988 ^ instruction[6] (out)
                                              0.625988   data arrival time

                                 10.000000   10.000000   clock clk (rise edge)
                                  0.000000   10.000000   clock network delay (propagated)
                                 -0.250000    9.750000   clock uncertainty
                                  0.000000    9.750000   clock reconvergence pessimism
                                 -2.000000    7.750000   output external delay
                                              7.750000   data required time
---------------------------------------------------------------------------------------------
                                              7.750000   data required time
                                             -0.625988   data arrival time
---------------------------------------------------------------------------------------------
                                              7.124012   slack (MET)


Startpoint: _117_ (rising edge-triggered flip-flop clocked by clk)
Endpoint: instruction[1] (output port clocked by clk)
Path Group: clk
Path Type: max

Fanout         Cap        Slew       Delay        Time   Description
---------------------------------------------------------------------------------------------
                                  0.000000    0.000000   clock clk (rise edge)
                                  0.000000    0.000000   clock source latency
    14    0.044526    0.204558    0.141636    0.141636 ^ clk (in)
                                                         clk (net)
                      0.204559    0.000000    0.141636 ^ _117_/CLK (sky130_fd_sc_hd__dfxtp_2)
     1    0.037941    0.194482    0.482133    0.623769 ^ _117_/Q (sky130_fd_sc_hd__dfxtp_2)
                                                         instruction[1] (net)
                      0.194484    0.001021    0.624790 ^ instruction[1] (out)
                                              0.624790   data arrival time

                                 10.000000   10.000000   clock clk (rise edge)
                                  0.000000   10.000000   clock network delay (propagated)
                                 -0.250000    9.750000   clock uncertainty
                                  0.000000    9.750000   clock reconvergence pessimism
                                 -2.000000    7.750000   output external delay
                                              7.750000   data required time
---------------------------------------------------------------------------------------------
                                              7.750000   data required time
                                             -0.624790   data arrival time
---------------------------------------------------------------------------------------------
                                              7.125210   slack (MET)


Startpoint: _118_ (rising edge-triggered flip-flop clocked by clk)
Endpoint: instruction[2] (output port clocked by clk)
Path Group: clk
Path Type: max

Fanout         Cap        Slew       Delay        Time   Description
---------------------------------------------------------------------------------------------
                                  0.000000    0.000000   clock clk (rise edge)
                                  0.000000    0.000000   clock source latency
    14    0.044526    0.204558    0.141796    0.141796 ^ clk (in)
                                                         clk (net)
                      0.204560    0.000000    0.141796 ^ _118_/CLK (sky130_fd_sc_hd__dfxtp_2)
     1    0.037824    0.193907    0.481743    0.623539 ^ _118_/Q (sky130_fd_sc_hd__dfxtp_2)
                                                         instruction[2] (net)
                      0.193909    0.001004    0.624543 ^ instruction[2] (out)
                                              0.624543   data arrival time

                                 10.000000   10.000000   clock clk (rise edge)
                                  0.000000   10.000000   clock network delay (propagated)
                                 -0.250000    9.750000   clock uncertainty
                                  0.000000    9.750000   clock reconvergence pessimism
                                 -2.000000    7.750000   output external delay
                                              7.750000   data required time
---------------------------------------------------------------------------------------------
                                              7.750000   data required time
                                             -0.624543   data arrival time
---------------------------------------------------------------------------------------------
                                              7.125457   slack (MET)


Startpoint: _126_ (rising edge-triggered flip-flop clocked by clk)
Endpoint: instruction[11] (output port clocked by clk)
Path Group: clk
Path Type: max

Fanout         Cap        Slew       Delay        Time   Description
---------------------------------------------------------------------------------------------
                                  0.000000    0.000000   clock clk (rise edge)
                                  0.000000    0.000000   clock source latency
    14    0.044526    0.204558    0.141842    0.141842 ^ clk (in)
                                                         clk (net)
                      0.204560    0.000000    0.141842 ^ _126_/CLK (sky130_fd_sc_hd__dfxtp_2)
     1    0.037354    0.191596    0.480209    0.622052 ^ _126_/Q (sky130_fd_sc_hd__dfxtp_2)
                                                         instruction[11] (net)
                      0.191598    0.000889    0.622941 ^ instruction[11] (out)
                                              0.622941   data arrival time

                                 10.000000   10.000000   clock clk (rise edge)
                                  0.000000   10.000000   clock network delay (propagated)
                                 -0.250000    9.750000   clock uncertainty
                                  0.000000    9.750000   clock reconvergence pessimism
                                 -2.000000    7.750000   output external delay
                                              7.750000   data required time
---------------------------------------------------------------------------------------------
                                              7.750000   data required time
                                             -0.622941   data arrival time
---------------------------------------------------------------------------------------------
                                              7.127059   slack (MET)


Startpoint: _119_ (rising edge-triggered flip-flop clocked by clk)
Endpoint: instruction[3] (output port clocked by clk)
Path Group: clk
Path Type: max

Fanout         Cap        Slew       Delay        Time   Description
---------------------------------------------------------------------------------------------
                                  0.000000    0.000000   clock clk (rise edge)
                                  0.000000    0.000000   clock source latency
    14    0.044526    0.204558    0.141718    0.141718 ^ clk (in)
                                                         clk (net)
                      0.204559    0.000000    0.141718 ^ _119_/CLK (sky130_fd_sc_hd__dfxtp_2)
     1    0.035820    0.184040    0.475273    0.616991 ^ _119_/Q (sky130_fd_sc_hd__dfxtp_2)
                                                         instruction[3] (net)
                      0.184040    0.000419    0.617409 ^ instruction[3] (out)
                                              0.617409   data arrival time

                                 10.000000   10.000000   clock clk (rise edge)
                                  0.000000   10.000000   clock network delay (propagated)
                                 -0.250000    9.750000   clock uncertainty
                                  0.000000    9.750000   clock reconvergence pessimism
                                 -2.000000    7.750000   output external delay
                                              7.750000   data required time
---------------------------------------------------------------------------------------------
                                              7.750000   data required time
                                             -0.617409   data arrival time
---------------------------------------------------------------------------------------------
                                              7.132591   slack (MET)


Startpoint: _128_ (rising edge-triggered flip-flop clocked by clk)
Endpoint: instruction[13] (output port clocked by clk)
Path Group: clk
Path Type: max

Fanout         Cap        Slew       Delay        Time   Description
---------------------------------------------------------------------------------------------
                                  0.000000    0.000000   clock clk (rise edge)
                                  0.000000    0.000000   clock source latency
    14    0.044526    0.204558    0.141408    0.141408 ^ clk (in)
                                                         clk (net)
                      0.204558    0.000000    0.141408 ^ _128_/CLK (sky130_fd_sc_hd__dfxtp_2)
     1    0.035254    0.181569    0.473400    0.614808 ^ _128_/Q (sky130_fd_sc_hd__dfxtp_2)
                                                         instruction[13] (net)
                      0.181569    0.000283    0.615091 ^ instruction[13] (out)
                                              0.615091   data arrival time

                                 10.000000   10.000000   clock clk (rise edge)
                                  0.000000   10.000000   clock network delay (propagated)
                                 -0.250000    9.750000   clock uncertainty
                                  0.000000    9.750000   clock reconvergence pessimism
                                 -2.000000    7.750000   output external delay
                                              7.750000   data required time
---------------------------------------------------------------------------------------------
                                              7.750000   data required time
                                             -0.615091   data arrival time
---------------------------------------------------------------------------------------------
                                              7.134909   slack (MET)



