Reading technology LEF file at '/home/githi/.volare/volare/sky130/versions/0fe599b2afb6708d281543108caf8310912f54af/sky130A/libs.ref/sky130_fd_sc_hd/techlef/sky130_fd_sc_hd__nom.tlef'…
[INFO ODB-0227] LEF file: /home/githi/.volare/volare/sky130/versions/0fe599b2afb6708d281543108caf8310912f54af/sky130A/libs.ref/sky130_fd_sc_hd/techlef/sky130_fd_sc_hd__nom.tlef, created 14 layers, 25 vias
Reading cell LEF file at '/home/githi/.volare/volare/sky130/versions/0fe599b2afb6708d281543108caf8310912f54af/sky130A/libs.ref/sky130_fd_sc_hd/lef/sky130_ef_sc_hd.lef'…
[WARNING ODB-0220] WARNING (LEFPARS-2008): NOWIREEXTENSIONATPIN statement is obsolete in version 5.6 or later.
The NOWIREEXTENSIONATPIN statement will be ignored. See file /home/githi/.volare/volare/sky130/versions/0fe599b2afb6708d281543108caf8310912f54af/sky130A/libs.ref/sky130_fd_sc_hd/lef/sky130_ef_sc_hd.lef at line 2.

[INFO ODB-0227] LEF file: /home/githi/.volare/volare/sky130/versions/0fe599b2afb6708d281543108caf8310912f54af/sky130A/libs.ref/sky130_fd_sc_hd/lef/sky130_ef_sc_hd.lef, created 4 library cells
Reading cell LEF file at '/home/githi/.volare/volare/sky130/versions/0fe599b2afb6708d281543108caf8310912f54af/sky130A/libs.ref/sky130_fd_sc_hd/lef/sky130_fd_sc_hd.lef'…
[WARNING ODB-0220] WARNING (LEFPARS-2008): NOWIREEXTENSIONATPIN statement is obsolete in version 5.6 or later.
The NOWIREEXTENSIONATPIN statement will be ignored. See file /home/githi/.volare/volare/sky130/versions/0fe599b2afb6708d281543108caf8310912f54af/sky130A/libs.ref/sky130_fd_sc_hd/lef/sky130_fd_sc_hd.lef at line 2.

[INFO ODB-0227] LEF file: /home/githi/.volare/volare/sky130/versions/0fe599b2afb6708d281543108caf8310912f54af/sky130A/libs.ref/sky130_fd_sc_hd/lef/sky130_fd_sc_hd.lef, created 437 library cells
[INFO ODB-0127] Reading DEF file: /home/githi/openlane2/my_designs/Register_file/runs/RUN_2025-11-16_16-40-53/52-odb-cellfrequencytables/Register_file.def
[INFO ODB-0128] Design: Register_file
[INFO ODB-0130]     Created 61 pins.
[INFO ODB-0131]     Created 1401 components and 7310 component-terminals.
[INFO ODB-0132]     Created 2 special nets and 5276 connections.
[INFO ODB-0133]     Created 646 nets and 2027 connections.
[INFO ODB-0134] Finished DEF file: /home/githi/openlane2/my_designs/Register_file/runs/RUN_2025-11-16_16-40-53/52-odb-cellfrequencytables/Register_file.def
Using RCX ruleset '/home/githi/.volare/volare/sky130/versions/0fe599b2afb6708d281543108caf8310912f54af/sky130A/libs.tech/openlane/rules.openrcx.sky130A.nom.calibre'…
[INFO RCX-0431] Defined process_corner CURRENT_CORNER with ext_model_index 0
[INFO RCX-0029] Defined extraction corner CURRENT_CORNER
[INFO RCX-0435] Reading extraction model file /home/githi/.volare/volare/sky130/versions/0fe599b2afb6708d281543108caf8310912f54af/sky130A/libs.tech/openlane/rules.openrcx.sky130A.nom.calibre ...
[INFO RCX-0436] RC segment generation Register_file (max_merge_res 50.0) ...
[INFO RCX-0040] Final 2270 rc segments
[INFO RCX-0439] Coupling Cap extraction Register_file ...
[INFO RCX-0440] Coupling threshhold is 0.1000 fF, coupling capacitance less than 0.1000 fF will be grounded.
[INFO RCX-0442] 52% of 4407 wires extracted
[INFO RCX-0442] 100% of 4407 wires extracted
[INFO RCX-0045] Extract 646 nets, 2916 rsegs, 2916 caps, 5047 ccs
Setting global connections for newly added cells…
[INFO] Setting global connections...
Updating metrics…
Cell type report:                       Count       Area
  Fill cell                               611    3490.85
  Tap cell                                164     205.20
  Standard cell                           626    7624.81
  Total                                  1401   11320.86
Writing extracted parasitics to '/home/githi/openlane2/my_designs/Register_file/runs/RUN_2025-11-16_16-40-53/53-openroad-rcx/nom/Register_file.nom.spef'…
[INFO RCX-0443] 646 nets finished
