
===========================================================================
report_checks -path_delay min (Hold)
============================================================================
======================= nom_ff_n40C_1v95 Corner ===================================

Startpoint: instr[15] (input port clocked by __VIRTUAL_CLK__)
Endpoint: ImmExt[15] (output port clocked by __VIRTUAL_CLK__)
Path Group: __VIRTUAL_CLK__
Path Type: min

Fanout         Cap        Slew       Delay        Time   Description
---------------------------------------------------------------------------------------------
                      0.000000    0.000000    0.000000   clock __VIRTUAL_CLK__ (rise edge)
                                  0.000000    0.000000   clock network delay (ideal)
                                  5.000000    5.000000 v input external delay
    11    0.020869    0.033362    0.021946    5.021946 v instr[15] (in)
                                                         instr[15] (net)
                      0.033362    0.000000    5.021946 v _27_/A (sky130_fd_sc_hd__buf_2)
     1    0.033442    0.061564    0.118009    5.139955 v _27_/X (sky130_fd_sc_hd__buf_2)
                                                         ImmExt[15] (net)
                      0.061564    0.000000    5.139955 v ImmExt[15] (out)
                                              5.139955   data arrival time

                      0.000000    0.000000    0.000000   clock __VIRTUAL_CLK__ (rise edge)
                                  0.000000    0.000000   clock network delay (ideal)
                                  0.250000    0.250000   clock uncertainty
                                  0.000000    0.250000   clock reconvergence pessimism
                                 -5.000000   -4.750000   output external delay
                                             -4.750000   data required time
---------------------------------------------------------------------------------------------
                                             -4.750000   data required time
                                             -5.139955   data arrival time
---------------------------------------------------------------------------------------------
                                              9.889956   slack (MET)


Startpoint: instr[11] (input port clocked by __VIRTUAL_CLK__)
Endpoint: ImmExt[2] (output port clocked by __VIRTUAL_CLK__)
Path Group: __VIRTUAL_CLK__
Path Type: min

Fanout         Cap        Slew       Delay        Time   Description
---------------------------------------------------------------------------------------------
                      0.000000    0.000000    0.000000   clock __VIRTUAL_CLK__ (rise edge)
                                  0.000000    0.000000   clock network delay (ideal)
                                  5.000000    5.000000 ^ input external delay
     2    0.004120    0.019291    0.010666    5.010666 ^ instr[11] (in)
                                                         instr[11] (net)
                      0.019291    0.000000    5.010666 ^ _11_/A2 (sky130_fd_sc_hd__a21o_2)
     1    0.033442    0.130835    0.146492    5.157158 ^ _11_/X (sky130_fd_sc_hd__a21o_2)
                                                         ImmExt[2] (net)
                      0.130835    0.000000    5.157158 ^ ImmExt[2] (out)
                                              5.157158   data arrival time

                      0.000000    0.000000    0.000000   clock __VIRTUAL_CLK__ (rise edge)
                                  0.000000    0.000000   clock network delay (ideal)
                                  0.250000    0.250000   clock uncertainty
                                  0.000000    0.250000   clock reconvergence pessimism
                                 -5.000000   -4.750000   output external delay
                                             -4.750000   data required time
---------------------------------------------------------------------------------------------
                                             -4.750000   data required time
                                             -5.157158   data arrival time
---------------------------------------------------------------------------------------------
                                              9.907158   slack (MET)


Startpoint: instr[12] (input port clocked by __VIRTUAL_CLK__)
Endpoint: ImmExt[3] (output port clocked by __VIRTUAL_CLK__)
Path Group: __VIRTUAL_CLK__
Path Type: min

Fanout         Cap        Slew       Delay        Time   Description
---------------------------------------------------------------------------------------------
                      0.000000    0.000000    0.000000   clock __VIRTUAL_CLK__ (rise edge)
                                  0.000000    0.000000   clock network delay (ideal)
                                  5.000000    5.000000 ^ input external delay
     2    0.004120    0.019291    0.010666    5.010666 ^ instr[12] (in)
                                                         instr[12] (net)
                      0.019291    0.000000    5.010666 ^ _12_/A2 (sky130_fd_sc_hd__a21o_2)
     1    0.033442    0.130835    0.146492    5.157158 ^ _12_/X (sky130_fd_sc_hd__a21o_2)
                                                         ImmExt[3] (net)
                      0.130835    0.000000    5.157158 ^ ImmExt[3] (out)
                                              5.157158   data arrival time

                      0.000000    0.000000    0.000000   clock __VIRTUAL_CLK__ (rise edge)
                                  0.000000    0.000000   clock network delay (ideal)
                                  0.250000    0.250000   clock uncertainty
                                  0.000000    0.250000   clock reconvergence pessimism
                                 -5.000000   -4.750000   output external delay
                                             -4.750000   data required time
---------------------------------------------------------------------------------------------
                                             -4.750000   data required time
                                             -5.157158   data arrival time
---------------------------------------------------------------------------------------------
                                              9.907158   slack (MET)


Startpoint: instr[13] (input port clocked by __VIRTUAL_CLK__)
Endpoint: ImmExt[4] (output port clocked by __VIRTUAL_CLK__)
Path Group: __VIRTUAL_CLK__
Path Type: min

Fanout         Cap        Slew       Delay        Time   Description
---------------------------------------------------------------------------------------------
                      0.000000    0.000000    0.000000   clock __VIRTUAL_CLK__ (rise edge)
                                  0.000000    0.000000   clock network delay (ideal)
                                  5.000000    5.000000 ^ input external delay
     3    0.005704    0.024859    0.014628    5.014628 ^ instr[13] (in)
                                                         instr[13] (net)
                      0.024859    0.000000    5.014628 ^ _13_/A2 (sky130_fd_sc_hd__a21o_2)
     1    0.033442    0.130835    0.147800    5.162428 ^ _13_/X (sky130_fd_sc_hd__a21o_2)
                                                         ImmExt[4] (net)
                      0.130835    0.000000    5.162428 ^ ImmExt[4] (out)
                                              5.162428   data arrival time

                      0.000000    0.000000    0.000000   clock __VIRTUAL_CLK__ (rise edge)
                                  0.000000    0.000000   clock network delay (ideal)
                                  0.250000    0.250000   clock uncertainty
                                  0.000000    0.250000   clock reconvergence pessimism
                                 -5.000000   -4.750000   output external delay
                                             -4.750000   data required time
---------------------------------------------------------------------------------------------
                                             -4.750000   data required time
                                             -5.162428   data arrival time
---------------------------------------------------------------------------------------------
                                              9.912429   slack (MET)


Startpoint: instr[14] (input port clocked by __VIRTUAL_CLK__)
Endpoint: ImmExt[5] (output port clocked by __VIRTUAL_CLK__)
Path Group: __VIRTUAL_CLK__
Path Type: min

Fanout         Cap        Slew       Delay        Time   Description
---------------------------------------------------------------------------------------------
                      0.000000    0.000000    0.000000   clock __VIRTUAL_CLK__ (rise edge)
                                  0.000000    0.000000   clock network delay (ideal)
                                  5.000000    5.000000 ^ input external delay
     3    0.005704    0.024859    0.014628    5.014628 ^ instr[14] (in)
                                                         instr[14] (net)
                      0.024859    0.000000    5.014628 ^ _14_/A2 (sky130_fd_sc_hd__a21o_2)
     1    0.033442    0.130835    0.147800    5.162428 ^ _14_/X (sky130_fd_sc_hd__a21o_2)
                                                         ImmExt[5] (net)
                      0.130835    0.000000    5.162428 ^ ImmExt[5] (out)
                                              5.162428   data arrival time

                      0.000000    0.000000    0.000000   clock __VIRTUAL_CLK__ (rise edge)
                                  0.000000    0.000000   clock network delay (ideal)
                                  0.250000    0.250000   clock uncertainty
                                  0.000000    0.250000   clock reconvergence pessimism
                                 -5.000000   -4.750000   output external delay
                                             -4.750000   data required time
---------------------------------------------------------------------------------------------
                                             -4.750000   data required time
                                             -5.162428   data arrival time
---------------------------------------------------------------------------------------------
                                              9.912429   slack (MET)


Startpoint: instr[9] (input port clocked by __VIRTUAL_CLK__)
Endpoint: ImmExt[0] (output port clocked by __VIRTUAL_CLK__)
Path Group: __VIRTUAL_CLK__
Path Type: min

Fanout         Cap        Slew       Delay        Time   Description
---------------------------------------------------------------------------------------------
                      0.000000    0.000000    0.000000   clock __VIRTUAL_CLK__ (rise edge)
                                  0.000000    0.000000   clock network delay (ideal)
                                  5.000000    5.000000 ^ input external delay
     2    0.004176    0.019498    0.010812    5.010812 ^ instr[9] (in)
                                                         instr[9] (net)
                      0.019498    0.000000    5.010812 ^ _07_/A2 (sky130_fd_sc_hd__a21bo_2)
     1    0.033442    0.140680    0.155470    5.166282 ^ _07_/X (sky130_fd_sc_hd__a21bo_2)
                                                         ImmExt[0] (net)
                      0.140680    0.000000    5.166282 ^ ImmExt[0] (out)
                                              5.166282   data arrival time

                      0.000000    0.000000    0.000000   clock __VIRTUAL_CLK__ (rise edge)
                                  0.000000    0.000000   clock network delay (ideal)
                                  0.250000    0.250000   clock uncertainty
                                  0.000000    0.250000   clock reconvergence pessimism
                                 -5.000000   -4.750000   output external delay
                                             -4.750000   data required time
---------------------------------------------------------------------------------------------
                                             -4.750000   data required time
                                             -5.166282   data arrival time
---------------------------------------------------------------------------------------------
                                              9.916283   slack (MET)


Startpoint: instr[10] (input port clocked by __VIRTUAL_CLK__)
Endpoint: ImmExt[1] (output port clocked by __VIRTUAL_CLK__)
Path Group: __VIRTUAL_CLK__
Path Type: min

Fanout         Cap        Slew       Delay        Time   Description
---------------------------------------------------------------------------------------------
                      0.000000    0.000000    0.000000   clock __VIRTUAL_CLK__ (rise edge)
                                  0.000000    0.000000   clock network delay (ideal)
                                  5.000000    5.000000 ^ input external delay
     2    0.004176    0.019498    0.010812    5.010812 ^ instr[10] (in)
                                                         instr[10] (net)
                      0.019498    0.000000    5.010812 ^ _09_/A2 (sky130_fd_sc_hd__a21bo_2)
     1    0.033442    0.140680    0.155470    5.166282 ^ _09_/X (sky130_fd_sc_hd__a21bo_2)
                                                         ImmExt[1] (net)
                      0.140680    0.000000    5.166282 ^ ImmExt[1] (out)
                                              5.166282   data arrival time

                      0.000000    0.000000    0.000000   clock __VIRTUAL_CLK__ (rise edge)
                                  0.000000    0.000000   clock network delay (ideal)
                                  0.250000    0.250000   clock uncertainty
                                  0.000000    0.250000   clock reconvergence pessimism
                                 -5.000000   -4.750000   output external delay
                                             -4.750000   data required time
---------------------------------------------------------------------------------------------
                                             -4.750000   data required time
                                             -5.166282   data arrival time
---------------------------------------------------------------------------------------------
                                              9.916283   slack (MET)


Startpoint: instr[15] (input port clocked by __VIRTUAL_CLK__)
Endpoint: ImmExt[13] (output port clocked by __VIRTUAL_CLK__)
Path Group: __VIRTUAL_CLK__
Path Type: min

Fanout         Cap        Slew       Delay        Time   Description
---------------------------------------------------------------------------------------------
                      0.000000    0.000000    0.000000   clock __VIRTUAL_CLK__ (rise edge)
                                  0.000000    0.000000   clock network delay (ideal)
                                  5.000000    5.000000 v input external delay
    11    0.020869    0.033362    0.021946    5.021946 v instr[15] (in)
                                                         instr[15] (net)
                      0.033362    0.000000    5.021946 v _24_/A1 (sky130_fd_sc_hd__a21o_2)
     1    0.033442    0.066508    0.168733    5.190680 v _24_/X (sky130_fd_sc_hd__a21o_2)
                                                         ImmExt[13] (net)
                      0.066508    0.000000    5.190680 v ImmExt[13] (out)
                                              5.190680   data arrival time

                      0.000000    0.000000    0.000000   clock __VIRTUAL_CLK__ (rise edge)
                                  0.000000    0.000000   clock network delay (ideal)
                                  0.250000    0.250000   clock uncertainty
                                  0.000000    0.250000   clock reconvergence pessimism
                                 -5.000000   -4.750000   output external delay
                                             -4.750000   data required time
---------------------------------------------------------------------------------------------
                                             -4.750000   data required time
                                             -5.190680   data arrival time
---------------------------------------------------------------------------------------------
                                              9.940680   slack (MET)


Startpoint: instr[15] (input port clocked by __VIRTUAL_CLK__)
Endpoint: ImmExt[14] (output port clocked by __VIRTUAL_CLK__)
Path Group: __VIRTUAL_CLK__
Path Type: min

Fanout         Cap        Slew       Delay        Time   Description
---------------------------------------------------------------------------------------------
                      0.000000    0.000000    0.000000   clock __VIRTUAL_CLK__ (rise edge)
                                  0.000000    0.000000   clock network delay (ideal)
                                  5.000000    5.000000 v input external delay
    11    0.020869    0.033362    0.021946    5.021946 v instr[15] (in)
                                                         instr[15] (net)
                      0.033362    0.000000    5.021946 v _26_/A1 (sky130_fd_sc_hd__a21o_2)
     1    0.033442    0.066508    0.168733    5.190680 v _26_/X (sky130_fd_sc_hd__a21o_2)
                                                         ImmExt[14] (net)
                      0.066508    0.000000    5.190680 v ImmExt[14] (out)
                                              5.190680   data arrival time

                      0.000000    0.000000    0.000000   clock __VIRTUAL_CLK__ (rise edge)
                                  0.000000    0.000000   clock network delay (ideal)
                                  0.250000    0.250000   clock uncertainty
                                  0.000000    0.250000   clock reconvergence pessimism
                                 -5.000000   -4.750000   output external delay
                                             -4.750000   data required time
---------------------------------------------------------------------------------------------
                                             -4.750000   data required time
                                             -5.190680   data arrival time
---------------------------------------------------------------------------------------------
                                              9.940680   slack (MET)


Startpoint: instr[6] (input port clocked by __VIRTUAL_CLK__)
Endpoint: ImmExt[6] (output port clocked by __VIRTUAL_CLK__)
Path Group: __VIRTUAL_CLK__
Path Type: min

Fanout         Cap        Slew       Delay        Time   Description
---------------------------------------------------------------------------------------------
                      0.000000    0.000000    0.000000   clock __VIRTUAL_CLK__ (rise edge)
                                  0.000000    0.000000   clock network delay (ideal)
                                  5.000000    5.000000 ^ input external delay
     1    0.001695    0.010359    0.004318    5.004318 ^ instr[6] (in)
                                                         instr[6] (net)
                      0.010359    0.000000    5.004318 ^ _16_/A0 (sky130_fd_sc_hd__mux2_1)
     1    0.033442    0.225028    0.206856    5.211174 ^ _16_/X (sky130_fd_sc_hd__mux2_1)
                                                         ImmExt[6] (net)
                      0.225028    0.000000    5.211174 ^ ImmExt[6] (out)
                                              5.211174   data arrival time

                      0.000000    0.000000    0.000000   clock __VIRTUAL_CLK__ (rise edge)
                                  0.000000    0.000000   clock network delay (ideal)
                                  0.250000    0.250000   clock uncertainty
                                  0.000000    0.250000   clock reconvergence pessimism
                                 -5.000000   -4.750000   output external delay
                                             -4.750000   data required time
---------------------------------------------------------------------------------------------
                                             -4.750000   data required time
                                             -5.211174   data arrival time
---------------------------------------------------------------------------------------------
                                              9.961174   slack (MET)


Startpoint: instr[7] (input port clocked by __VIRTUAL_CLK__)
Endpoint: ImmExt[7] (output port clocked by __VIRTUAL_CLK__)
Path Group: __VIRTUAL_CLK__
Path Type: min

Fanout         Cap        Slew       Delay        Time   Description
---------------------------------------------------------------------------------------------
                      0.000000    0.000000    0.000000   clock __VIRTUAL_CLK__ (rise edge)
                                  0.000000    0.000000   clock network delay (ideal)
                                  5.000000    5.000000 ^ input external delay
     1    0.001695    0.010359    0.004318    5.004318 ^ instr[7] (in)
                                                         instr[7] (net)
                      0.010359    0.000000    5.004318 ^ _17_/A0 (sky130_fd_sc_hd__mux2_1)
     1    0.033442    0.225028    0.206856    5.211174 ^ _17_/X (sky130_fd_sc_hd__mux2_1)
                                                         ImmExt[7] (net)
                      0.225028    0.000000    5.211174 ^ ImmExt[7] (out)
                                              5.211174   data arrival time

                      0.000000    0.000000    0.000000   clock __VIRTUAL_CLK__ (rise edge)
                                  0.000000    0.000000   clock network delay (ideal)
                                  0.250000    0.250000   clock uncertainty
                                  0.000000    0.250000   clock reconvergence pessimism
                                 -5.000000   -4.750000   output external delay
                                             -4.750000   data required time
---------------------------------------------------------------------------------------------
                                             -4.750000   data required time
                                             -5.211174   data arrival time
---------------------------------------------------------------------------------------------
                                              9.961174   slack (MET)


Startpoint: instr[8] (input port clocked by __VIRTUAL_CLK__)
Endpoint: ImmExt[8] (output port clocked by __VIRTUAL_CLK__)
Path Group: __VIRTUAL_CLK__
Path Type: min

Fanout         Cap        Slew       Delay        Time   Description
---------------------------------------------------------------------------------------------
                      0.000000    0.000000    0.000000   clock __VIRTUAL_CLK__ (rise edge)
                                  0.000000    0.000000   clock network delay (ideal)
                                  5.000000    5.000000 ^ input external delay
     1    0.001695    0.010359    0.004318    5.004318 ^ instr[8] (in)
                                                         instr[8] (net)
                      0.010359    0.000000    5.004318 ^ _18_/A0 (sky130_fd_sc_hd__mux2_1)
     1    0.033442    0.225028    0.206856    5.211174 ^ _18_/X (sky130_fd_sc_hd__mux2_1)
                                                         ImmExt[8] (net)
                      0.225028    0.000000    5.211174 ^ ImmExt[8] (out)
                                              5.211174   data arrival time

                      0.000000    0.000000    0.000000   clock __VIRTUAL_CLK__ (rise edge)
                                  0.000000    0.000000   clock network delay (ideal)
                                  0.250000    0.250000   clock uncertainty
                                  0.000000    0.250000   clock reconvergence pessimism
                                 -5.000000   -4.750000   output external delay
                                             -4.750000   data required time
---------------------------------------------------------------------------------------------
                                             -4.750000   data required time
                                             -5.211174   data arrival time
---------------------------------------------------------------------------------------------
                                              9.961174   slack (MET)


Startpoint: instr[11] (input port clocked by __VIRTUAL_CLK__)
Endpoint: ImmExt[11] (output port clocked by __VIRTUAL_CLK__)
Path Group: __VIRTUAL_CLK__
Path Type: min

Fanout         Cap        Slew       Delay        Time   Description
---------------------------------------------------------------------------------------------
                      0.000000    0.000000    0.000000   clock __VIRTUAL_CLK__ (rise edge)
                                  0.000000    0.000000   clock network delay (ideal)
                                  5.000000    5.000000 ^ input external delay
     2    0.004120    0.019291    0.010666    5.010666 ^ instr[11] (in)
                                                         instr[11] (net)
                      0.019291    0.000000    5.010666 ^ _21_/A0 (sky130_fd_sc_hd__mux2_1)
     1    0.033442    0.225028    0.209044    5.219710 ^ _21_/X (sky130_fd_sc_hd__mux2_1)
                                                         ImmExt[11] (net)
                      0.225028    0.000000    5.219710 ^ ImmExt[11] (out)
                                              5.219710   data arrival time

                      0.000000    0.000000    0.000000   clock __VIRTUAL_CLK__ (rise edge)
                                  0.000000    0.000000   clock network delay (ideal)
                                  0.250000    0.250000   clock uncertainty
                                  0.000000    0.250000   clock reconvergence pessimism
                                 -5.000000   -4.750000   output external delay
                                             -4.750000   data required time
---------------------------------------------------------------------------------------------
                                             -4.750000   data required time
                                             -5.219710   data arrival time
---------------------------------------------------------------------------------------------
                                              9.969709   slack (MET)


Startpoint: instr[12] (input port clocked by __VIRTUAL_CLK__)
Endpoint: ImmExt[12] (output port clocked by __VIRTUAL_CLK__)
Path Group: __VIRTUAL_CLK__
Path Type: min

Fanout         Cap        Slew       Delay        Time   Description
---------------------------------------------------------------------------------------------
                      0.000000    0.000000    0.000000   clock __VIRTUAL_CLK__ (rise edge)
                                  0.000000    0.000000   clock network delay (ideal)
                                  5.000000    5.000000 ^ input external delay
     2    0.004120    0.019291    0.010666    5.010666 ^ instr[12] (in)
                                                         instr[12] (net)
                      0.019291    0.000000    5.010666 ^ _22_/A0 (sky130_fd_sc_hd__mux2_1)
     1    0.033442    0.225028    0.209044    5.219710 ^ _22_/X (sky130_fd_sc_hd__mux2_1)
                                                         ImmExt[12] (net)
                      0.225028    0.000000    5.219710 ^ ImmExt[12] (out)
                                              5.219710   data arrival time

                      0.000000    0.000000    0.000000   clock __VIRTUAL_CLK__ (rise edge)
                                  0.000000    0.000000   clock network delay (ideal)
                                  0.250000    0.250000   clock uncertainty
                                  0.000000    0.250000   clock reconvergence pessimism
                                 -5.000000   -4.750000   output external delay
                                             -4.750000   data required time
---------------------------------------------------------------------------------------------
                                             -4.750000   data required time
                                             -5.219710   data arrival time
---------------------------------------------------------------------------------------------
                                              9.969709   slack (MET)


Startpoint: instr[10] (input port clocked by __VIRTUAL_CLK__)
Endpoint: ImmExt[10] (output port clocked by __VIRTUAL_CLK__)
Path Group: __VIRTUAL_CLK__
Path Type: min

Fanout         Cap        Slew       Delay        Time   Description
---------------------------------------------------------------------------------------------
                      0.000000    0.000000    0.000000   clock __VIRTUAL_CLK__ (rise edge)
                                  0.000000    0.000000   clock network delay (ideal)
                                  5.000000    5.000000 ^ input external delay
     2    0.004176    0.019498    0.010812    5.010812 ^ instr[10] (in)
                                                         instr[10] (net)
                      0.019498    0.000000    5.010812 ^ _20_/A0 (sky130_fd_sc_hd__mux2_1)
     1    0.033442    0.225028    0.209095    5.219907 ^ _20_/X (sky130_fd_sc_hd__mux2_1)
                                                         ImmExt[10] (net)
                      0.225028    0.000000    5.219907 ^ ImmExt[10] (out)
                                              5.219907   data arrival time

                      0.000000    0.000000    0.000000   clock __VIRTUAL_CLK__ (rise edge)
                                  0.000000    0.000000   clock network delay (ideal)
                                  0.250000    0.250000   clock uncertainty
                                  0.000000    0.250000   clock reconvergence pessimism
                                 -5.000000   -4.750000   output external delay
                                             -4.750000   data required time
---------------------------------------------------------------------------------------------
                                             -4.750000   data required time
                                             -5.219907   data arrival time
---------------------------------------------------------------------------------------------
                                              9.969907   slack (MET)


Startpoint: instr[9] (input port clocked by __VIRTUAL_CLK__)
Endpoint: ImmExt[9] (output port clocked by __VIRTUAL_CLK__)
Path Group: __VIRTUAL_CLK__
Path Type: min

Fanout         Cap        Slew       Delay        Time   Description
---------------------------------------------------------------------------------------------
                      0.000000    0.000000    0.000000   clock __VIRTUAL_CLK__ (rise edge)
                                  0.000000    0.000000   clock network delay (ideal)
                                  5.000000    5.000000 ^ input external delay
     2    0.004176    0.019498    0.010812    5.010812 ^ instr[9] (in)
                                                         instr[9] (net)
                      0.019498    0.000000    5.010812 ^ _19_/A0 (sky130_fd_sc_hd__mux2_1)
     1    0.033442    0.225028    0.209095    5.219907 ^ _19_/X (sky130_fd_sc_hd__mux2_1)
                                                         ImmExt[9] (net)
                      0.225028    0.000000    5.219907 ^ ImmExt[9] (out)
                                              5.219907   data arrival time

                      0.000000    0.000000    0.000000   clock __VIRTUAL_CLK__ (rise edge)
                                  0.000000    0.000000   clock network delay (ideal)
                                  0.250000    0.250000   clock uncertainty
                                  0.000000    0.250000   clock reconvergence pessimism
                                 -5.000000   -4.750000   output external delay
                                             -4.750000   data required time
---------------------------------------------------------------------------------------------
                                             -4.750000   data required time
                                             -5.219907   data arrival time
---------------------------------------------------------------------------------------------
                                              9.969907   slack (MET)



