Clock: clk
Sources: clk 
Generated: no
Virtual: yes
Propagated: no
Period: 25.000000

===========================================================================
report_clock_properties
============================================================================
Clock                   Period          Waveform
----------------------------------------------------
clk                  25.000000    0.000000 12.500000

===========================================================================
report_clock_latency
============================================================================
Clock clk
rise -> rise
    min     max
0.000000 0.000000 source latency
0.874478         network latency _613_/CLK
        0.879028 network latency _572_/CLK
---------------
0.874478 0.879028 latency
        0.004550 skew

fall -> fall
    min     max
0.000000 0.000000 source latency
0.427089         network latency _613_/CLK
        0.431312 network latency _572_/CLK
---------------
0.427089 0.431312 latency
        0.004222 skew



===========================================================================
report_clock_min_period
============================================================================
clk period_min = 0.97 fmax = 1031.83
