Clock: clk
Sources: clk 
Generated: no
Virtual: no
Propagated: no
Period: 25.000000

===========================================================================
report_clock_properties
============================================================================
Clock                   Period          Waveform
----------------------------------------------------
clk                  25.000000    0.000000 12.500000

===========================================================================
report_clock_latency
============================================================================
Clock clk
rise -> rise
    min     max
0.000000 0.000000 source latency
0.647999         network latency _540_/CLK
        0.647999 network latency _540_/CLK
---------------
0.647999 0.647999 latency
        0.000000 skew

fall -> fall
    min     max
0.000000 0.000000 source latency
0.307560         network latency _540_/CLK
        0.307560 network latency _540_/CLK
---------------
0.307560 0.307560 latency
        0.000000 skew



===========================================================================
report_clock_min_period
============================================================================
clk period_min = 0.95 fmax = 1054.99
