117. Printing statistics.

=== Data_Memory ===

   Number of wires:                292
   Number of wire bits:            457
   Number of public wires:          14
   Number of public wire bits:     179
   Number of ports:                  6
   Number of port bits:             51
   Number of memories:               0
   Number of memory bits:            0
   Number of processes:              0
   Number of cells:                422
     $_ANDNOT_                      24
     $_MUX_                        256
     $_NAND_                         1
     $_NOT_                          2
     $_ORNOT_                        2
     $_OR_                           9
     sky130_fd_sc_hd__dfxtp_2      128

   Area for cell type $_NOT_ is unknown!
   Area for cell type $_NAND_ is unknown!
   Area for cell type $_OR_ is unknown!
   Area for cell type $_ANDNOT_ is unknown!
   Area for cell type $_ORNOT_ is unknown!
   Area for cell type $_MUX_ is unknown!

   Chip area for module '\Data_Memory': 2722.611200
     of which used for sequential elements: 2722.611200 (100.00%)

