111. Printing statistics.

=== Data_Memory ===

   Number of wires:                164
   Number of wire bits:            329
   Number of public wires:          14
   Number of public wire bits:     179
   Number of ports:                  6
   Number of port bits:             51
   Number of memories:               0
   Number of memory bits:            0
   Number of processes:              0
   Number of cells:                294
     $_ANDNOT_                      24
     $_DFFE_PP_                    128
     $_MUX_                        128
     $_NAND_                         1
     $_NOT_                          2
     $_ORNOT_                        2
     $_OR_                           9

   Area for cell type $_NOT_ is unknown!
   Area for cell type $_NAND_ is unknown!
   Area for cell type $_OR_ is unknown!
   Area for cell type $_ANDNOT_ is unknown!
   Area for cell type $_ORNOT_ is unknown!
   Area for cell type $_MUX_ is unknown!
   Area for cell type $_DFFE_PP_ is unknown!

