110. Printing statistics.

=== Register_file ===

   Number of wires:                270
   Number of wire bits:            441
   Number of public wires:          16
   Number of public wire bits:     187
   Number of ports:                  8
   Number of port bits:             59
   Number of memories:               0
   Number of memory bits:            0
   Number of processes:              0
   Number of cells:                414
     $_ANDNOT_                      44
     $_AND_                          1
     $_DFFE_PP_                    128
     $_MUX_                        224
     $_NAND_                         1
     $_NOR_                          1
     $_NOT_                          3
     $_ORNOT_                        2
     $_OR_                          10

   Area for cell type $_NOT_ is unknown!
   Area for cell type $_AND_ is unknown!
   Area for cell type $_NAND_ is unknown!
   Area for cell type $_OR_ is unknown!
   Area for cell type $_NOR_ is unknown!
   Area for cell type $_ANDNOT_ is unknown!
   Area for cell type $_ORNOT_ is unknown!
   Area for cell type $_MUX_ is unknown!
   Area for cell type $_DFFE_PP_ is unknown!

