
===========================================================================
report_checks -path_delay max (Setup)
============================================================================
======================= nom_tt_025C_1v80 Corner ===================================

Startpoint: pc[13] (input port clocked by clk)
Endpoint: _116_ (rising edge-triggered flip-flop clocked by clk)
Path Group: clk
Path Type: max

Fanout         Cap        Slew       Delay        Time   Description
---------------------------------------------------------------------------------------------
                                  0.000000    0.000000   clock clk (rise edge)
                                  0.000000    0.000000   clock network delay (propagated)
                                  2.000000    2.000000 v input external delay
     1    0.002641    0.008256    0.004168    2.004168 v pc[13] (in)
                                                         pc[13] (net)
                      0.008256    0.000000    2.004168 v input4/A (sky130_fd_sc_hd__clkbuf_1)
     1    0.002790    0.026430    0.071988    2.076156 v input4/X (sky130_fd_sc_hd__clkbuf_1)
                                                         net4 (net)
                      0.026430    0.000067    2.076223 v _062_/A (sky130_fd_sc_hd__or4_1)
     2    0.007870    0.115878    0.555947    2.632171 v _062_/X (sky130_fd_sc_hd__or4_1)
                                                         _018_ (net)
                      0.115878    0.000247    2.632418 v _065_/C (sky130_fd_sc_hd__or4_4)
    10    0.035113    0.134563    0.580106    3.212523 v _065_/X (sky130_fd_sc_hd__or4_4)
                                                         _021_ (net)
                      0.134636    0.002889    3.215412 v _073_/B1 (sky130_fd_sc_hd__a21oi_1)
     1    0.004392    0.134538    0.166289    3.381702 ^ _073_/Y (sky130_fd_sc_hd__a21oi_1)
                                                         _000_ (net)
                      0.134538    0.000159    3.381861 ^ _116_/D (sky130_fd_sc_hd__dfxtp_1)
                                              3.381861   data arrival time

                                 10.000000   10.000000   clock clk (rise edge)
                                  0.000000   10.000000   clock source latency
     1    0.015976    0.077780    0.053201   10.053202 ^ clk (in)
                                                         clk (net)
                      0.077786    0.000000   10.053202 ^ clkbuf_0_clk/A (sky130_fd_sc_hd__clkbuf_16)
     2    0.018790    0.040844    0.136244   10.189445 ^ clkbuf_0_clk/X (sky130_fd_sc_hd__clkbuf_16)
                                                         clknet_0_clk (net)
                      0.040845    0.000307   10.189753 ^ clkbuf_1_1__f_clk/A (sky130_fd_sc_hd__clkbuf_16)
     8    0.025074    0.046361    0.128589   10.318341 ^ clkbuf_1_1__f_clk/X (sky130_fd_sc_hd__clkbuf_16)
                                                         clknet_1_1__leaf_clk (net)
                      0.046372    0.000654   10.318995 ^ _116_/CLK (sky130_fd_sc_hd__dfxtp_1)
                                 -0.250000   10.068995   clock uncertainty
                                  0.000000   10.068995   clock reconvergence pessimism
                                 -0.074485    9.994510   library setup time
                                              9.994510   data required time
---------------------------------------------------------------------------------------------
                                              9.994510   data required time
                                             -3.381861   data arrival time
---------------------------------------------------------------------------------------------
                                              6.612648   slack (MET)


Startpoint: pc[13] (input port clocked by clk)
Endpoint: _123_ (rising edge-triggered flip-flop clocked by clk)
Path Group: clk
Path Type: max

Fanout         Cap        Slew       Delay        Time   Description
---------------------------------------------------------------------------------------------
                                  0.000000    0.000000   clock clk (rise edge)
                                  0.000000    0.000000   clock network delay (propagated)
                                  2.000000    2.000000 v input external delay
     1    0.002641    0.008256    0.004168    2.004168 v pc[13] (in)
                                                         pc[13] (net)
                      0.008256    0.000000    2.004168 v input4/A (sky130_fd_sc_hd__clkbuf_1)
     1    0.002790    0.026430    0.071988    2.076156 v input4/X (sky130_fd_sc_hd__clkbuf_1)
                                                         net4 (net)
                      0.026430    0.000067    2.076223 v _062_/A (sky130_fd_sc_hd__or4_1)
     2    0.007870    0.115878    0.555947    2.632171 v _062_/X (sky130_fd_sc_hd__or4_1)
                                                         _018_ (net)
                      0.115878    0.000247    2.632418 v _065_/C (sky130_fd_sc_hd__or4_4)
    10    0.035113    0.134563    0.580106    3.212523 v _065_/X (sky130_fd_sc_hd__or4_4)
                                                         _021_ (net)
                      0.134625    0.002702    3.215225 v _103_/B1 (sky130_fd_sc_hd__a21oi_1)
     1    0.004230    0.131701    0.164005    3.379230 ^ _103_/Y (sky130_fd_sc_hd__a21oi_1)
                                                         _007_ (net)
                      0.131701    0.000135    3.379365 ^ _123_/D (sky130_fd_sc_hd__dfxtp_1)
                                              3.379365   data arrival time

                                 10.000000   10.000000   clock clk (rise edge)
                                  0.000000   10.000000   clock source latency
     1    0.015976    0.077780    0.053201   10.053202 ^ clk (in)
                                                         clk (net)
                      0.077786    0.000000   10.053202 ^ clkbuf_0_clk/A (sky130_fd_sc_hd__clkbuf_16)
     2    0.018790    0.040844    0.136244   10.189445 ^ clkbuf_0_clk/X (sky130_fd_sc_hd__clkbuf_16)
                                                         clknet_0_clk (net)
                      0.040845    0.000307   10.189753 ^ clkbuf_1_1__f_clk/A (sky130_fd_sc_hd__clkbuf_16)
     8    0.025074    0.046361    0.128589   10.318341 ^ clkbuf_1_1__f_clk/X (sky130_fd_sc_hd__clkbuf_16)
                                                         clknet_1_1__leaf_clk (net)
                      0.046372    0.000676   10.319017 ^ _123_/CLK (sky130_fd_sc_hd__dfxtp_1)
                                 -0.250000   10.069017   clock uncertainty
                                  0.000000   10.069017   clock reconvergence pessimism
                                 -0.073830    9.995187   library setup time
                                              9.995187   data required time
---------------------------------------------------------------------------------------------
                                              9.995187   data required time
                                             -3.379365   data arrival time
---------------------------------------------------------------------------------------------
                                              6.615822   slack (MET)


Startpoint: pc[13] (input port clocked by clk)
Endpoint: _129_ (rising edge-triggered flip-flop clocked by clk)
Path Group: clk
Path Type: max

Fanout         Cap        Slew       Delay        Time   Description
---------------------------------------------------------------------------------------------
                                  0.000000    0.000000   clock clk (rise edge)
                                  0.000000    0.000000   clock network delay (propagated)
                                  2.000000    2.000000 v input external delay
     1    0.002641    0.008256    0.004168    2.004168 v pc[13] (in)
                                                         pc[13] (net)
                      0.008256    0.000000    2.004168 v input4/A (sky130_fd_sc_hd__clkbuf_1)
     1    0.002790    0.026430    0.071988    2.076156 v input4/X (sky130_fd_sc_hd__clkbuf_1)
                                                         net4 (net)
                      0.026430    0.000067    2.076223 v _062_/A (sky130_fd_sc_hd__or4_1)
     2    0.007870    0.115878    0.555947    2.632171 v _062_/X (sky130_fd_sc_hd__or4_1)
                                                         _018_ (net)
                      0.115878    0.000247    2.632418 v _065_/C (sky130_fd_sc_hd__or4_4)
    10    0.035113    0.134563    0.580106    3.212523 v _065_/X (sky130_fd_sc_hd__or4_4)
                                                         _021_ (net)
                      0.134657    0.003212    3.215735 v _115_/B1 (sky130_fd_sc_hd__a21oi_1)
     1    0.004080    0.129074    0.161887    3.377623 ^ _115_/Y (sky130_fd_sc_hd__a21oi_1)
                                                         _013_ (net)
                      0.129074    0.000147    3.377770 ^ _129_/D (sky130_fd_sc_hd__dfxtp_1)
                                              3.377770   data arrival time

                                 10.000000   10.000000   clock clk (rise edge)
                                  0.000000   10.000000   clock source latency
     1    0.015976    0.077780    0.053201   10.053202 ^ clk (in)
                                                         clk (net)
                      0.077786    0.000000   10.053202 ^ clkbuf_0_clk/A (sky130_fd_sc_hd__clkbuf_16)
     2    0.018790    0.040844    0.136244   10.189445 ^ clkbuf_0_clk/X (sky130_fd_sc_hd__clkbuf_16)
                                                         clknet_0_clk (net)
                      0.040845    0.000307   10.189753 ^ clkbuf_1_1__f_clk/A (sky130_fd_sc_hd__clkbuf_16)
     8    0.025074    0.046361    0.128589   10.318341 ^ clkbuf_1_1__f_clk/X (sky130_fd_sc_hd__clkbuf_16)
                                                         clknet_1_1__leaf_clk (net)
                      0.046369    0.000584   10.318925 ^ _129_/CLK (sky130_fd_sc_hd__dfxtp_1)
                                 -0.250000   10.068925   clock uncertainty
                                  0.000000   10.068925   clock reconvergence pessimism
                                 -0.073223    9.995702   library setup time
                                              9.995702   data required time
---------------------------------------------------------------------------------------------
                                              9.995702   data required time
                                             -3.377770   data arrival time
---------------------------------------------------------------------------------------------
                                              6.617932   slack (MET)


Startpoint: pc[13] (input port clocked by clk)
Endpoint: _121_ (rising edge-triggered flip-flop clocked by clk)
Path Group: clk
Path Type: max

Fanout         Cap        Slew       Delay        Time   Description
---------------------------------------------------------------------------------------------
                                  0.000000    0.000000   clock clk (rise edge)
                                  0.000000    0.000000   clock network delay (propagated)
                                  2.000000    2.000000 v input external delay
     1    0.002641    0.008256    0.004168    2.004168 v pc[13] (in)
                                                         pc[13] (net)
                      0.008256    0.000000    2.004168 v input4/A (sky130_fd_sc_hd__clkbuf_1)
     1    0.002790    0.026430    0.071988    2.076156 v input4/X (sky130_fd_sc_hd__clkbuf_1)
                                                         net4 (net)
                      0.026430    0.000067    2.076223 v _062_/A (sky130_fd_sc_hd__or4_1)
     2    0.007870    0.115878    0.555947    2.632171 v _062_/X (sky130_fd_sc_hd__or4_1)
                                                         _018_ (net)
                      0.115878    0.000247    2.632418 v _065_/C (sky130_fd_sc_hd__or4_4)
    10    0.035113    0.134563    0.580106    3.212523 v _065_/X (sky130_fd_sc_hd__or4_4)
                                                         _021_ (net)
                      0.134656    0.003204    3.215727 v _100_/B1 (sky130_fd_sc_hd__a21oi_1)
     1    0.003818    0.124492    0.158198    3.373925 ^ _100_/Y (sky130_fd_sc_hd__a21oi_1)
                                                         _005_ (net)
                      0.124492    0.000119    3.374043 ^ _121_/D (sky130_fd_sc_hd__dfxtp_1)
                                              3.374043   data arrival time

                                 10.000000   10.000000   clock clk (rise edge)
                                  0.000000   10.000000   clock source latency
     1    0.015976    0.077780    0.053201   10.053202 ^ clk (in)
                                                         clk (net)
                      0.077786    0.000000   10.053202 ^ clkbuf_0_clk/A (sky130_fd_sc_hd__clkbuf_16)
     2    0.018790    0.040844    0.136244   10.189445 ^ clkbuf_0_clk/X (sky130_fd_sc_hd__clkbuf_16)
                                                         clknet_0_clk (net)
                      0.040845    0.000307   10.189753 ^ clkbuf_1_1__f_clk/A (sky130_fd_sc_hd__clkbuf_16)
     8    0.025074    0.046361    0.128589   10.318341 ^ clkbuf_1_1__f_clk/X (sky130_fd_sc_hd__clkbuf_16)
                                                         clknet_1_1__leaf_clk (net)
                      0.046370    0.000613   10.318954 ^ _121_/CLK (sky130_fd_sc_hd__dfxtp_1)
                                 -0.250000   10.068954   clock uncertainty
                                  0.000000   10.068954   clock reconvergence pessimism
                                 -0.072165    9.996790   library setup time
                                              9.996790   data required time
---------------------------------------------------------------------------------------------
                                              9.996790   data required time
                                             -3.374043   data arrival time
---------------------------------------------------------------------------------------------
                                              6.622746   slack (MET)


Startpoint: pc[13] (input port clocked by clk)
Endpoint: _125_ (rising edge-triggered flip-flop clocked by clk)
Path Group: clk
Path Type: max

Fanout         Cap        Slew       Delay        Time   Description
---------------------------------------------------------------------------------------------
                                  0.000000    0.000000   clock clk (rise edge)
                                  0.000000    0.000000   clock network delay (propagated)
                                  2.000000    2.000000 v input external delay
     1    0.002641    0.008256    0.004168    2.004168 v pc[13] (in)
                                                         pc[13] (net)
                      0.008256    0.000000    2.004168 v input4/A (sky130_fd_sc_hd__clkbuf_1)
     1    0.002790    0.026430    0.071988    2.076156 v input4/X (sky130_fd_sc_hd__clkbuf_1)
                                                         net4 (net)
                      0.026430    0.000067    2.076223 v _062_/A (sky130_fd_sc_hd__or4_1)
     2    0.007870    0.115878    0.555947    2.632171 v _062_/X (sky130_fd_sc_hd__or4_1)
                                                         _018_ (net)
                      0.115878    0.000247    2.632418 v _065_/C (sky130_fd_sc_hd__or4_4)
    10    0.035113    0.134563    0.580106    3.212523 v _065_/X (sky130_fd_sc_hd__or4_4)
                                                         _021_ (net)
                      0.134656    0.003202    3.215725 v _107_/B1 (sky130_fd_sc_hd__a21oi_1)
     1    0.003300    0.115406    0.150866    3.366591 ^ _107_/Y (sky130_fd_sc_hd__a21oi_1)
                                                         _009_ (net)
                      0.115406    0.000105    3.366696 ^ _125_/D (sky130_fd_sc_hd__dfxtp_1)
                                              3.366696   data arrival time

                                 10.000000   10.000000   clock clk (rise edge)
                                  0.000000   10.000000   clock source latency
     1    0.015976    0.077780    0.053201   10.053202 ^ clk (in)
                                                         clk (net)
                      0.077786    0.000000   10.053202 ^ clkbuf_0_clk/A (sky130_fd_sc_hd__clkbuf_16)
     2    0.018790    0.040844    0.136244   10.189445 ^ clkbuf_0_clk/X (sky130_fd_sc_hd__clkbuf_16)
                                                         clknet_0_clk (net)
                      0.040845    0.000307   10.189753 ^ clkbuf_1_1__f_clk/A (sky130_fd_sc_hd__clkbuf_16)
     8    0.025074    0.046361    0.128589   10.318341 ^ clkbuf_1_1__f_clk/X (sky130_fd_sc_hd__clkbuf_16)
                                                         clknet_1_1__leaf_clk (net)
                      0.046369    0.000577   10.318918 ^ _125_/CLK (sky130_fd_sc_hd__dfxtp_1)
                                 -0.250000   10.068918   clock uncertainty
                                  0.000000   10.068918   clock reconvergence pessimism
                                 -0.070065    9.998854   library setup time
                                              9.998854   data required time
---------------------------------------------------------------------------------------------
                                              9.998854   data required time
                                             -3.366696   data arrival time
---------------------------------------------------------------------------------------------
                                              6.632158   slack (MET)


Startpoint: pc[13] (input port clocked by clk)
Endpoint: _127_ (rising edge-triggered flip-flop clocked by clk)
Path Group: clk
Path Type: max

Fanout         Cap        Slew       Delay        Time   Description
---------------------------------------------------------------------------------------------
                                  0.000000    0.000000   clock clk (rise edge)
                                  0.000000    0.000000   clock network delay (propagated)
                                  2.000000    2.000000 v input external delay
     1    0.002641    0.008256    0.004168    2.004168 v pc[13] (in)
                                                         pc[13] (net)
                      0.008256    0.000000    2.004168 v input4/A (sky130_fd_sc_hd__clkbuf_1)
     1    0.002790    0.026430    0.071988    2.076156 v input4/X (sky130_fd_sc_hd__clkbuf_1)
                                                         net4 (net)
                      0.026430    0.000067    2.076223 v _062_/A (sky130_fd_sc_hd__or4_1)
     2    0.007870    0.115878    0.555947    2.632171 v _062_/X (sky130_fd_sc_hd__or4_1)
                                                         _018_ (net)
                      0.115878    0.000247    2.632418 v _065_/C (sky130_fd_sc_hd__or4_4)
    10    0.035113    0.134563    0.580106    3.212523 v _065_/X (sky130_fd_sc_hd__or4_4)
                                                         _021_ (net)
                      0.134639    0.002939    3.215462 v _110_/B1 (sky130_fd_sc_hd__a21oi_1)
     1    0.002907    0.108518    0.145296    3.360758 ^ _110_/Y (sky130_fd_sc_hd__a21oi_1)
                                                         _011_ (net)
                      0.108518    0.000089    3.360848 ^ _127_/D (sky130_fd_sc_hd__dfxtp_1)
                                              3.360848   data arrival time

                                 10.000000   10.000000   clock clk (rise edge)
                                  0.000000   10.000000   clock source latency
     1    0.015976    0.077780    0.053201   10.053202 ^ clk (in)
                                                         clk (net)
                      0.077786    0.000000   10.053202 ^ clkbuf_0_clk/A (sky130_fd_sc_hd__clkbuf_16)
     2    0.018790    0.040844    0.136244   10.189445 ^ clkbuf_0_clk/X (sky130_fd_sc_hd__clkbuf_16)
                                                         clknet_0_clk (net)
                      0.040845    0.000307   10.189753 ^ clkbuf_1_1__f_clk/A (sky130_fd_sc_hd__clkbuf_16)
     8    0.025074    0.046361    0.128589   10.318341 ^ clkbuf_1_1__f_clk/X (sky130_fd_sc_hd__clkbuf_16)
                                                         clknet_1_1__leaf_clk (net)
                      0.046370    0.000609   10.318951 ^ _127_/CLK (sky130_fd_sc_hd__dfxtp_1)
                                 -0.250000   10.068951   clock uncertainty
                                  0.000000   10.068951   clock reconvergence pessimism
                                 -0.068473   10.000477   library setup time
                                             10.000477   data required time
---------------------------------------------------------------------------------------------
                                             10.000477   data required time
                                             -3.360848   data arrival time
---------------------------------------------------------------------------------------------
                                              6.639629   slack (MET)


Startpoint: pc[13] (input port clocked by clk)
Endpoint: _120_ (rising edge-triggered flip-flop clocked by clk)
Path Group: clk
Path Type: max

Fanout         Cap        Slew       Delay        Time   Description
---------------------------------------------------------------------------------------------
                                  0.000000    0.000000   clock clk (rise edge)
                                  0.000000    0.000000   clock network delay (propagated)
                                  2.000000    2.000000 v input external delay
     1    0.002641    0.008256    0.004168    2.004168 v pc[13] (in)
                                                         pc[13] (net)
                      0.008256    0.000000    2.004168 v input4/A (sky130_fd_sc_hd__clkbuf_1)
     1    0.002790    0.026430    0.071988    2.076156 v input4/X (sky130_fd_sc_hd__clkbuf_1)
                                                         net4 (net)
                      0.026430    0.000067    2.076223 v _062_/A (sky130_fd_sc_hd__or4_1)
     2    0.007870    0.115878    0.555947    2.632171 v _062_/X (sky130_fd_sc_hd__or4_1)
                                                         _018_ (net)
                      0.115878    0.000247    2.632418 v _065_/C (sky130_fd_sc_hd__or4_4)
    10    0.035113    0.134563    0.580106    3.212523 v _065_/X (sky130_fd_sc_hd__or4_4)
                                                         _021_ (net)
                      0.134645    0.003043    3.215566 v _097_/B1 (sky130_fd_sc_hd__a21oi_1)
     1    0.002808    0.106792    0.143908    3.359474 ^ _097_/Y (sky130_fd_sc_hd__a21oi_1)
                                                         _004_ (net)
                      0.106792    0.000064    3.359538 ^ _120_/D (sky130_fd_sc_hd__dfxtp_1)
                                              3.359538   data arrival time

                                 10.000000   10.000000   clock clk (rise edge)
                                  0.000000   10.000000   clock source latency
     1    0.015976    0.077780    0.053201   10.053202 ^ clk (in)
                                                         clk (net)
                      0.077786    0.000000   10.053202 ^ clkbuf_0_clk/A (sky130_fd_sc_hd__clkbuf_16)
     2    0.018790    0.040844    0.136244   10.189445 ^ clkbuf_0_clk/X (sky130_fd_sc_hd__clkbuf_16)
                                                         clknet_0_clk (net)
                      0.040845    0.000307   10.189753 ^ clkbuf_1_1__f_clk/A (sky130_fd_sc_hd__clkbuf_16)
     8    0.025074    0.046361    0.128589   10.318341 ^ clkbuf_1_1__f_clk/X (sky130_fd_sc_hd__clkbuf_16)
                                                         clknet_1_1__leaf_clk (net)
                      0.046369    0.000576   10.318917 ^ _120_/CLK (sky130_fd_sc_hd__dfxtp_1)
                                 -0.250000   10.068917   clock uncertainty
                                  0.000000   10.068917   clock reconvergence pessimism
                                 -0.068075   10.000843   library setup time
                                             10.000843   data required time
---------------------------------------------------------------------------------------------
                                             10.000843   data required time
                                             -3.359538   data arrival time
---------------------------------------------------------------------------------------------
                                              6.641305   slack (MET)


Startpoint: pc[13] (input port clocked by clk)
Endpoint: _126_ (rising edge-triggered flip-flop clocked by clk)
Path Group: clk
Path Type: max

Fanout         Cap        Slew       Delay        Time   Description
---------------------------------------------------------------------------------------------
                                  0.000000    0.000000   clock clk (rise edge)
                                  0.000000    0.000000   clock network delay (propagated)
                                  2.000000    2.000000 v input external delay
     1    0.002641    0.008256    0.004168    2.004168 v pc[13] (in)
                                                         pc[13] (net)
                      0.008256    0.000000    2.004168 v input4/A (sky130_fd_sc_hd__clkbuf_1)
     1    0.002790    0.026430    0.071988    2.076156 v input4/X (sky130_fd_sc_hd__clkbuf_1)
                                                         net4 (net)
                      0.026430    0.000067    2.076223 v _062_/A (sky130_fd_sc_hd__or4_1)
     2    0.007870    0.115878    0.555947    2.632171 v _062_/X (sky130_fd_sc_hd__or4_1)
                                                         _018_ (net)
                      0.115878    0.000190    2.632360 v _064_/C (sky130_fd_sc_hd__nor4_1)
     2    0.007086    0.365487    0.360866    2.993226 ^ _064_/Y (sky130_fd_sc_hd__nor4_1)
                                                         _020_ (net)
                      0.365487    0.000191    2.993418 ^ max_cap32/A (sky130_fd_sc_hd__buf_1)
     3    0.010636    0.132841    0.192978    3.186396 ^ max_cap32/X (sky130_fd_sc_hd__buf_1)
                                                         net32 (net)
                      0.132841    0.000311    3.186706 ^ _108_/C1 (sky130_fd_sc_hd__o221a_1)
     1    0.003413    0.059201    0.188527    3.375233 ^ _108_/X (sky130_fd_sc_hd__o221a_1)
                                                         _010_ (net)
                      0.059201    0.000108    3.375341 ^ _126_/D (sky130_fd_sc_hd__dfxtp_1)
                                              3.375341   data arrival time

                                 10.000000   10.000000   clock clk (rise edge)
                                  0.000000   10.000000   clock source latency
     1    0.015976    0.077780    0.053201   10.053202 ^ clk (in)
                                                         clk (net)
                      0.077786    0.000000   10.053202 ^ clkbuf_0_clk/A (sky130_fd_sc_hd__clkbuf_16)
     2    0.018790    0.040844    0.136244   10.189445 ^ clkbuf_0_clk/X (sky130_fd_sc_hd__clkbuf_16)
                                                         clknet_0_clk (net)
                      0.040845    0.000353   10.189797 ^ clkbuf_1_0__f_clk/A (sky130_fd_sc_hd__clkbuf_16)
     7    0.029906    0.050921    0.132756   10.322554 ^ clkbuf_1_0__f_clk/X (sky130_fd_sc_hd__clkbuf_16)
                                                         clknet_1_0__leaf_clk (net)
                      0.050924    0.000750   10.323303 ^ _126_/CLK (sky130_fd_sc_hd__dfxtp_1)
                                 -0.250000   10.073303   clock uncertainty
                                  0.000000   10.073303   clock reconvergence pessimism
                                 -0.056426   10.016877   library setup time
                                             10.016877   data required time
---------------------------------------------------------------------------------------------
                                             10.016877   data required time
                                             -3.375341   data arrival time
---------------------------------------------------------------------------------------------
                                              6.641536   slack (MET)


Startpoint: pc[13] (input port clocked by clk)
Endpoint: _117_ (rising edge-triggered flip-flop clocked by clk)
Path Group: clk
Path Type: max

Fanout         Cap        Slew       Delay        Time   Description
---------------------------------------------------------------------------------------------
                                  0.000000    0.000000   clock clk (rise edge)
                                  0.000000    0.000000   clock network delay (propagated)
                                  2.000000    2.000000 v input external delay
     1    0.002641    0.008256    0.004168    2.004168 v pc[13] (in)
                                                         pc[13] (net)
                      0.008256    0.000000    2.004168 v input4/A (sky130_fd_sc_hd__clkbuf_1)
     1    0.002790    0.026430    0.071988    2.076156 v input4/X (sky130_fd_sc_hd__clkbuf_1)
                                                         net4 (net)
                      0.026430    0.000067    2.076223 v _062_/A (sky130_fd_sc_hd__or4_1)
     2    0.007870    0.115878    0.555947    2.632171 v _062_/X (sky130_fd_sc_hd__or4_1)
                                                         _018_ (net)
                      0.115878    0.000247    2.632418 v _065_/C (sky130_fd_sc_hd__or4_4)
    10    0.035113    0.134563    0.580106    3.212523 v _065_/X (sky130_fd_sc_hd__or4_4)
                                                         _021_ (net)
                      0.134592    0.001989    3.214512 v _079_/B1 (sky130_fd_sc_hd__a21oi_1)
     1    0.003101    0.111911    0.148026    3.362538 ^ _079_/Y (sky130_fd_sc_hd__a21oi_1)
                                                         _001_ (net)
                      0.111911    0.000095    3.362633 ^ _117_/D (sky130_fd_sc_hd__dfxtp_1)
                                              3.362633   data arrival time

                                 10.000000   10.000000   clock clk (rise edge)
                                  0.000000   10.000000   clock source latency
     1    0.015976    0.077780    0.053201   10.053202 ^ clk (in)
                                                         clk (net)
                      0.077786    0.000000   10.053202 ^ clkbuf_0_clk/A (sky130_fd_sc_hd__clkbuf_16)
     2    0.018790    0.040844    0.136244   10.189445 ^ clkbuf_0_clk/X (sky130_fd_sc_hd__clkbuf_16)
                                                         clknet_0_clk (net)
                      0.040845    0.000353   10.189797 ^ clkbuf_1_0__f_clk/A (sky130_fd_sc_hd__clkbuf_16)
     7    0.029906    0.050921    0.132756   10.322554 ^ clkbuf_1_0__f_clk/X (sky130_fd_sc_hd__clkbuf_16)
                                                         clknet_1_0__leaf_clk (net)
                      0.050926    0.000911   10.323465 ^ _117_/CLK (sky130_fd_sc_hd__dfxtp_1)
                                 -0.250000   10.073465   clock uncertainty
                                  0.000000   10.073465   clock reconvergence pessimism
                                 -0.068593   10.004872   library setup time
                                             10.004872   data required time
---------------------------------------------------------------------------------------------
                                             10.004872   data required time
                                             -3.362633   data arrival time
---------------------------------------------------------------------------------------------
                                              6.642239   slack (MET)


Startpoint: pc[13] (input port clocked by clk)
Endpoint: _118_ (rising edge-triggered flip-flop clocked by clk)
Path Group: clk
Path Type: max

Fanout         Cap        Slew       Delay        Time   Description
---------------------------------------------------------------------------------------------
                                  0.000000    0.000000   clock clk (rise edge)
                                  0.000000    0.000000   clock network delay (propagated)
                                  2.000000    2.000000 v input external delay
     1    0.002641    0.008256    0.004168    2.004168 v pc[13] (in)
                                                         pc[13] (net)
                      0.008256    0.000000    2.004168 v input4/A (sky130_fd_sc_hd__clkbuf_1)
     1    0.002790    0.026430    0.071988    2.076156 v input4/X (sky130_fd_sc_hd__clkbuf_1)
                                                         net4 (net)
                      0.026430    0.000067    2.076223 v _062_/A (sky130_fd_sc_hd__or4_1)
     2    0.007870    0.115878    0.555947    2.632171 v _062_/X (sky130_fd_sc_hd__or4_1)
                                                         _018_ (net)
                      0.115878    0.000247    2.632418 v _065_/C (sky130_fd_sc_hd__or4_4)
    10    0.035113    0.134563    0.580106    3.212523 v _065_/X (sky130_fd_sc_hd__or4_4)
                                                         _021_ (net)
                      0.134613    0.002474    3.214997 v _088_/B1 (sky130_fd_sc_hd__a21oi_1)
     1    0.003075    0.111465    0.147672    3.362669 ^ _088_/Y (sky130_fd_sc_hd__a21oi_1)
                                                         _002_ (net)
                      0.111465    0.000093    3.362761 ^ _118_/D (sky130_fd_sc_hd__dfxtp_1)
                                              3.362761   data arrival time

                                 10.000000   10.000000   clock clk (rise edge)
                                  0.000000   10.000000   clock source latency
     1    0.015976    0.077780    0.053201   10.053202 ^ clk (in)
                                                         clk (net)
                      0.077786    0.000000   10.053202 ^ clkbuf_0_clk/A (sky130_fd_sc_hd__clkbuf_16)
     2    0.018790    0.040844    0.136244   10.189445 ^ clkbuf_0_clk/X (sky130_fd_sc_hd__clkbuf_16)
                                                         clknet_0_clk (net)
                      0.040845    0.000353   10.189797 ^ clkbuf_1_0__f_clk/A (sky130_fd_sc_hd__clkbuf_16)
     7    0.029906    0.050921    0.132756   10.322554 ^ clkbuf_1_0__f_clk/X (sky130_fd_sc_hd__clkbuf_16)
                                                         clknet_1_0__leaf_clk (net)
                      0.050927    0.000993   10.323546 ^ _118_/CLK (sky130_fd_sc_hd__dfxtp_1)
                                 -0.250000   10.073546   clock uncertainty
                                  0.000000   10.073546   clock reconvergence pessimism
                                 -0.068490   10.005057   library setup time
                                             10.005057   data required time
---------------------------------------------------------------------------------------------
                                             10.005057   data required time
                                             -3.362761   data arrival time
---------------------------------------------------------------------------------------------
                                              6.642296   slack (MET)


Startpoint: pc[13] (input port clocked by clk)
Endpoint: _128_ (rising edge-triggered flip-flop clocked by clk)
Path Group: clk
Path Type: max

Fanout         Cap        Slew       Delay        Time   Description
---------------------------------------------------------------------------------------------
                                  0.000000    0.000000   clock clk (rise edge)
                                  0.000000    0.000000   clock network delay (propagated)
                                  2.000000    2.000000 v input external delay
     1    0.002641    0.008256    0.004168    2.004168 v pc[13] (in)
                                                         pc[13] (net)
                      0.008256    0.000000    2.004168 v input4/A (sky130_fd_sc_hd__clkbuf_1)
     1    0.002790    0.026430    0.071988    2.076156 v input4/X (sky130_fd_sc_hd__clkbuf_1)
                                                         net4 (net)
                      0.026430    0.000067    2.076223 v _062_/A (sky130_fd_sc_hd__or4_1)
     2    0.007870    0.115878    0.555947    2.632171 v _062_/X (sky130_fd_sc_hd__or4_1)
                                                         _018_ (net)
                      0.115878    0.000247    2.632418 v _065_/C (sky130_fd_sc_hd__or4_4)
    10    0.035113    0.134563    0.580106    3.212523 v _065_/X (sky130_fd_sc_hd__or4_4)
                                                         _021_ (net)
                      0.134574    0.001420    3.213943 v _113_/B1 (sky130_fd_sc_hd__a21oi_1)
     1    0.002715    0.105147    0.142557    3.356500 ^ _113_/Y (sky130_fd_sc_hd__a21oi_1)
                                                         _012_ (net)
                      0.105147    0.000079    3.356579 ^ _128_/D (sky130_fd_sc_hd__dfxtp_1)
                                              3.356579   data arrival time

                                 10.000000   10.000000   clock clk (rise edge)
                                  0.000000   10.000000   clock source latency
     1    0.015976    0.077780    0.053201   10.053202 ^ clk (in)
                                                         clk (net)
                      0.077786    0.000000   10.053202 ^ clkbuf_0_clk/A (sky130_fd_sc_hd__clkbuf_16)
     2    0.018790    0.040844    0.136244   10.189445 ^ clkbuf_0_clk/X (sky130_fd_sc_hd__clkbuf_16)
                                                         clknet_0_clk (net)
                      0.040845    0.000353   10.189797 ^ clkbuf_1_0__f_clk/A (sky130_fd_sc_hd__clkbuf_16)
     7    0.029906    0.050921    0.132756   10.322554 ^ clkbuf_1_0__f_clk/X (sky130_fd_sc_hd__clkbuf_16)
                                                         clknet_1_0__leaf_clk (net)
                      0.050926    0.000904   10.323458 ^ _128_/CLK (sky130_fd_sc_hd__dfxtp_1)
                                 -0.250000   10.073458   clock uncertainty
                                  0.000000   10.073458   clock reconvergence pessimism
                                 -0.067031   10.006426   library setup time
                                             10.006426   data required time
---------------------------------------------------------------------------------------------
                                             10.006426   data required time
                                             -3.356579   data arrival time
---------------------------------------------------------------------------------------------
                                              6.649847   slack (MET)


Startpoint: pc[13] (input port clocked by clk)
Endpoint: _124_ (rising edge-triggered flip-flop clocked by clk)
Path Group: clk
Path Type: max

Fanout         Cap        Slew       Delay        Time   Description
---------------------------------------------------------------------------------------------
                                  0.000000    0.000000   clock clk (rise edge)
                                  0.000000    0.000000   clock network delay (propagated)
                                  2.000000    2.000000 v input external delay
     1    0.002641    0.008256    0.004168    2.004168 v pc[13] (in)
                                                         pc[13] (net)
                      0.008256    0.000000    2.004168 v input4/A (sky130_fd_sc_hd__clkbuf_1)
     1    0.002790    0.026430    0.071988    2.076156 v input4/X (sky130_fd_sc_hd__clkbuf_1)
                                                         net4 (net)
                      0.026430    0.000067    2.076223 v _062_/A (sky130_fd_sc_hd__or4_1)
     2    0.007870    0.115878    0.555947    2.632171 v _062_/X (sky130_fd_sc_hd__or4_1)
                                                         _018_ (net)
                      0.115878    0.000190    2.632360 v _064_/C (sky130_fd_sc_hd__nor4_1)
     2    0.007086    0.365487    0.360866    2.993226 ^ _064_/Y (sky130_fd_sc_hd__nor4_1)
                                                         _020_ (net)
                      0.365487    0.000191    2.993418 ^ max_cap32/A (sky130_fd_sc_hd__buf_1)
     3    0.010636    0.132841    0.192978    3.186396 ^ max_cap32/X (sky130_fd_sc_hd__buf_1)
                                                         net32 (net)
                      0.132841    0.000328    3.186723 ^ _105_/C1 (sky130_fd_sc_hd__o211a_1)
     1    0.004046    0.051624    0.163510    3.350234 ^ _105_/X (sky130_fd_sc_hd__o211a_1)
                                                         _008_ (net)
                      0.051624    0.000138    3.350372 ^ _124_/D (sky130_fd_sc_hd__dfxtp_1)
                                              3.350372   data arrival time

                                 10.000000   10.000000   clock clk (rise edge)
                                  0.000000   10.000000   clock source latency
     1    0.015976    0.077780    0.053201   10.053202 ^ clk (in)
                                                         clk (net)
                      0.077786    0.000000   10.053202 ^ clkbuf_0_clk/A (sky130_fd_sc_hd__clkbuf_16)
     2    0.018790    0.040844    0.136244   10.189445 ^ clkbuf_0_clk/X (sky130_fd_sc_hd__clkbuf_16)
                                                         clknet_0_clk (net)
                      0.040845    0.000307   10.189753 ^ clkbuf_1_1__f_clk/A (sky130_fd_sc_hd__clkbuf_16)
     8    0.025074    0.046361    0.128589   10.318341 ^ clkbuf_1_1__f_clk/X (sky130_fd_sc_hd__clkbuf_16)
                                                         clknet_1_1__leaf_clk (net)
                      0.046374    0.000701   10.319042 ^ _124_/CLK (sky130_fd_sc_hd__dfxtp_1)
                                 -0.250000   10.069042   clock uncertainty
                                  0.000000   10.069042   clock reconvergence pessimism
                                 -0.055327   10.013716   library setup time
                                             10.013716   data required time
---------------------------------------------------------------------------------------------
                                             10.013716   data required time
                                             -3.350372   data arrival time
---------------------------------------------------------------------------------------------
                                              6.663344   slack (MET)


Startpoint: pc[13] (input port clocked by clk)
Endpoint: _122_ (rising edge-triggered flip-flop clocked by clk)
Path Group: clk
Path Type: max

Fanout         Cap        Slew       Delay        Time   Description
---------------------------------------------------------------------------------------------
                                  0.000000    0.000000   clock clk (rise edge)
                                  0.000000    0.000000   clock network delay (propagated)
                                  2.000000    2.000000 v input external delay
     1    0.002641    0.008256    0.004168    2.004168 v pc[13] (in)
                                                         pc[13] (net)
                      0.008256    0.000000    2.004168 v input4/A (sky130_fd_sc_hd__clkbuf_1)
     1    0.002790    0.026430    0.071988    2.076156 v input4/X (sky130_fd_sc_hd__clkbuf_1)
                                                         net4 (net)
                      0.026430    0.000067    2.076223 v _062_/A (sky130_fd_sc_hd__or4_1)
     2    0.007870    0.115878    0.555947    2.632171 v _062_/X (sky130_fd_sc_hd__or4_1)
                                                         _018_ (net)
                      0.115878    0.000190    2.632360 v _064_/C (sky130_fd_sc_hd__nor4_1)
     2    0.007086    0.365487    0.360866    2.993226 ^ _064_/Y (sky130_fd_sc_hd__nor4_1)
                                                         _020_ (net)
                      0.365487    0.000191    2.993418 ^ max_cap32/A (sky130_fd_sc_hd__buf_1)
     3    0.010636    0.132841    0.192978    3.186396 ^ max_cap32/X (sky130_fd_sc_hd__buf_1)
                                                         net32 (net)
                      0.132841    0.000224    3.186620 ^ _102_/B1 (sky130_fd_sc_hd__o21a_1)
     1    0.003081    0.044871    0.136356    3.322976 ^ _102_/X (sky130_fd_sc_hd__o21a_1)
                                                         _006_ (net)
                      0.044871    0.000095    3.323071 ^ _122_/D (sky130_fd_sc_hd__dfxtp_1)
                                              3.323071   data arrival time

                                 10.000000   10.000000   clock clk (rise edge)
                                  0.000000   10.000000   clock source latency
     1    0.015976    0.077780    0.053201   10.053202 ^ clk (in)
                                                         clk (net)
                      0.077786    0.000000   10.053202 ^ clkbuf_0_clk/A (sky130_fd_sc_hd__clkbuf_16)
     2    0.018790    0.040844    0.136244   10.189445 ^ clkbuf_0_clk/X (sky130_fd_sc_hd__clkbuf_16)
                                                         clknet_0_clk (net)
                      0.040845    0.000353   10.189797 ^ clkbuf_1_0__f_clk/A (sky130_fd_sc_hd__clkbuf_16)
     7    0.029906    0.050921    0.132756   10.322554 ^ clkbuf_1_0__f_clk/X (sky130_fd_sc_hd__clkbuf_16)
                                                         clknet_1_0__leaf_clk (net)
                      0.050924    0.000715   10.323269 ^ _122_/CLK (sky130_fd_sc_hd__dfxtp_1)
                                 -0.250000   10.073269   clock uncertainty
                                  0.000000   10.073269   clock reconvergence pessimism
                                 -0.053118   10.020150   library setup time
                                             10.020150   data required time
---------------------------------------------------------------------------------------------
                                             10.020150   data required time
                                             -3.323071   data arrival time
---------------------------------------------------------------------------------------------
                                              6.697080   slack (MET)


Startpoint: _122_ (rising edge-triggered flip-flop clocked by clk)
Endpoint: instruction[7] (output port clocked by clk)
Path Group: clk
Path Type: max

Fanout         Cap        Slew       Delay        Time   Description
---------------------------------------------------------------------------------------------
                                  0.000000    0.000000   clock clk (rise edge)
                                  0.000000    0.000000   clock source latency
     1    0.015976    0.077780    0.053201    0.053201 ^ clk (in)
                                                         clk (net)
                      0.077786    0.000000    0.053201 ^ clkbuf_0_clk/A (sky130_fd_sc_hd__clkbuf_16)
     2    0.018790    0.040844    0.136243    0.189445 ^ clkbuf_0_clk/X (sky130_fd_sc_hd__clkbuf_16)
                                                         clknet_0_clk (net)
                      0.040845    0.000353    0.189797 ^ clkbuf_1_0__f_clk/A (sky130_fd_sc_hd__clkbuf_16)
     7    0.029906    0.050921    0.132756    0.322554 ^ clkbuf_1_0__f_clk/X (sky130_fd_sc_hd__clkbuf_16)
                                                         clknet_1_0__leaf_clk (net)
                      0.050924    0.000715    0.323269 ^ _122_/CLK (sky130_fd_sc_hd__dfxtp_1)
     2    0.008271    0.087682    0.337988    0.661257 ^ _122_/Q (sky130_fd_sc_hd__dfxtp_1)
                                                         net22 (net)
                      0.087682    0.000287    0.661544 ^ _131_/A (sky130_fd_sc_hd__clkbuf_1)
     1    0.003413    0.051030    0.097431    0.758975 ^ _131_/X (sky130_fd_sc_hd__clkbuf_1)
                                                         net29 (net)
                      0.051030    0.000117    0.759092 ^ output29/A (sky130_fd_sc_hd__buf_2)
     1    0.034677    0.172071    0.201522    0.960614 ^ output29/X (sky130_fd_sc_hd__buf_2)
                                                         instruction[7] (net)
                      0.172073    0.000828    0.961442 ^ instruction[7] (out)
                                              0.961442   data arrival time

                                 10.000000   10.000000   clock clk (rise edge)
                                  0.000000   10.000000   clock network delay (propagated)
                                 -0.250000    9.750000   clock uncertainty
                                  0.000000    9.750000   clock reconvergence pessimism
                                 -2.000000    7.750000   output external delay
                                              7.750000   data required time
---------------------------------------------------------------------------------------------
                                              7.750000   data required time
                                             -0.961442   data arrival time
---------------------------------------------------------------------------------------------
                                              6.788558   slack (MET)


Startpoint: _124_ (rising edge-triggered flip-flop clocked by clk)
Endpoint: instruction[5] (output port clocked by clk)
Path Group: clk
Path Type: max

Fanout         Cap        Slew       Delay        Time   Description
---------------------------------------------------------------------------------------------
                                  0.000000    0.000000   clock clk (rise edge)
                                  0.000000    0.000000   clock source latency
     1    0.015976    0.077780    0.053201    0.053201 ^ clk (in)
                                                         clk (net)
                      0.077786    0.000000    0.053201 ^ clkbuf_0_clk/A (sky130_fd_sc_hd__clkbuf_16)
     2    0.018790    0.040844    0.136243    0.189445 ^ clkbuf_0_clk/X (sky130_fd_sc_hd__clkbuf_16)
                                                         clknet_0_clk (net)
                      0.040845    0.000308    0.189752 ^ clkbuf_1_1__f_clk/A (sky130_fd_sc_hd__clkbuf_16)
     8    0.025074    0.046361    0.128589    0.318341 ^ clkbuf_1_1__f_clk/X (sky130_fd_sc_hd__clkbuf_16)
                                                         clknet_1_1__leaf_clk (net)
                      0.046374    0.000701    0.319042 ^ _124_/CLK (sky130_fd_sc_hd__dfxtp_1)
     2    0.008951    0.093476    0.340781    0.659823 ^ _124_/Q (sky130_fd_sc_hd__dfxtp_1)
                                                         net31 (net)
                      0.093476    0.000328    0.660151 ^ _130_/A (sky130_fd_sc_hd__clkbuf_1)
     1    0.003382    0.050752    0.098725    0.758876 ^ _130_/X (sky130_fd_sc_hd__clkbuf_1)
                                                         net27 (net)
                      0.050752    0.000113    0.758989 ^ output27/A (sky130_fd_sc_hd__buf_2)
     1    0.034394    0.170748    0.200504    0.959493 ^ output27/X (sky130_fd_sc_hd__buf_2)
                                                         instruction[5] (net)
                      0.170749    0.000789    0.960282 ^ instruction[5] (out)
                                              0.960282   data arrival time

                                 10.000000   10.000000   clock clk (rise edge)
                                  0.000000   10.000000   clock network delay (propagated)
                                 -0.250000    9.750000   clock uncertainty
                                  0.000000    9.750000   clock reconvergence pessimism
                                 -2.000000    7.750000   output external delay
                                              7.750000   data required time
---------------------------------------------------------------------------------------------
                                              7.750000   data required time
                                             -0.960282   data arrival time
---------------------------------------------------------------------------------------------
                                              6.789718   slack (MET)


Startpoint: pc[13] (input port clocked by clk)
Endpoint: _119_ (rising edge-triggered flip-flop clocked by clk)
Path Group: clk
Path Type: max

Fanout         Cap        Slew       Delay        Time   Description
---------------------------------------------------------------------------------------------
                                  0.000000    0.000000   clock clk (rise edge)
                                  0.000000    0.000000   clock network delay (propagated)
                                  2.000000    2.000000 v input external delay
     1    0.002641    0.008256    0.004168    2.004168 v pc[13] (in)
                                                         pc[13] (net)
                      0.008256    0.000000    2.004168 v input4/A (sky130_fd_sc_hd__clkbuf_1)
     1    0.002790    0.026430    0.071988    2.076156 v input4/X (sky130_fd_sc_hd__clkbuf_1)
                                                         net4 (net)
                      0.026430    0.000067    2.076223 v _062_/A (sky130_fd_sc_hd__or4_1)
     2    0.007870    0.115878    0.555947    2.632171 v _062_/X (sky130_fd_sc_hd__or4_1)
                                                         _018_ (net)
                      0.115878    0.000190    2.632360 v _064_/C (sky130_fd_sc_hd__nor4_1)
     2    0.007086    0.365487    0.360866    2.993226 ^ _064_/Y (sky130_fd_sc_hd__nor4_1)
                                                         _020_ (net)
                      0.365487    0.000171    2.993397 ^ _094_/B1 (sky130_fd_sc_hd__o31a_1)
     1    0.003769    0.058112    0.204028    3.197425 ^ _094_/X (sky130_fd_sc_hd__o31a_1)
                                                         _003_ (net)
                      0.058112    0.000127    3.197551 ^ _119_/D (sky130_fd_sc_hd__dfxtp_1)
                                              3.197551   data arrival time

                                 10.000000   10.000000   clock clk (rise edge)
                                  0.000000   10.000000   clock source latency
     1    0.015976    0.077780    0.053201   10.053202 ^ clk (in)
                                                         clk (net)
                      0.077786    0.000000   10.053202 ^ clkbuf_0_clk/A (sky130_fd_sc_hd__clkbuf_16)
     2    0.018790    0.040844    0.136244   10.189445 ^ clkbuf_0_clk/X (sky130_fd_sc_hd__clkbuf_16)
                                                         clknet_0_clk (net)
                      0.040845    0.000353   10.189797 ^ clkbuf_1_0__f_clk/A (sky130_fd_sc_hd__clkbuf_16)
     7    0.029906    0.050921    0.132756   10.322554 ^ clkbuf_1_0__f_clk/X (sky130_fd_sc_hd__clkbuf_16)
                                                         clknet_1_0__leaf_clk (net)
                      0.050924    0.000722   10.323276 ^ _119_/CLK (sky130_fd_sc_hd__dfxtp_1)
                                 -0.250000   10.073276   clock uncertainty
                                  0.000000   10.073276   clock reconvergence pessimism
                                 -0.056174   10.017101   library setup time
                                             10.017101   data required time
---------------------------------------------------------------------------------------------
                                             10.017101   data required time
                                             -3.197551   data arrival time
---------------------------------------------------------------------------------------------
                                              6.819550   slack (MET)


Startpoint: _125_ (rising edge-triggered flip-flop clocked by clk)
Endpoint: instruction[10] (output port clocked by clk)
Path Group: clk
Path Type: max

Fanout         Cap        Slew       Delay        Time   Description
---------------------------------------------------------------------------------------------
                                  0.000000    0.000000   clock clk (rise edge)
                                  0.000000    0.000000   clock source latency
     1    0.015976    0.077780    0.053201    0.053201 ^ clk (in)
                                                         clk (net)
                      0.077786    0.000000    0.053201 ^ clkbuf_0_clk/A (sky130_fd_sc_hd__clkbuf_16)
     2    0.018790    0.040844    0.136243    0.189445 ^ clkbuf_0_clk/X (sky130_fd_sc_hd__clkbuf_16)
                                                         clknet_0_clk (net)
                      0.040845    0.000308    0.189752 ^ clkbuf_1_1__f_clk/A (sky130_fd_sc_hd__clkbuf_16)
     8    0.025074    0.046361    0.128589    0.318341 ^ clkbuf_1_1__f_clk/X (sky130_fd_sc_hd__clkbuf_16)
                                                         clknet_1_1__leaf_clk (net)
                      0.046369    0.000577    0.318918 ^ _125_/CLK (sky130_fd_sc_hd__dfxtp_1)
     1    0.010001    0.102847    0.347515    0.666434 ^ _125_/Q (sky130_fd_sc_hd__dfxtp_1)
                                                         net17 (net)
                      0.102847    0.000446    0.666880 ^ output17/A (sky130_fd_sc_hd__buf_2)
     1    0.034091    0.169660    0.218809    0.885689 ^ output17/X (sky130_fd_sc_hd__buf_2)
                                                         instruction[10] (net)
                      0.169660    0.000666    0.886355 ^ instruction[10] (out)
                                              0.886355   data arrival time

                                 10.000000   10.000000   clock clk (rise edge)
                                  0.000000   10.000000   clock network delay (propagated)
                                 -0.250000    9.750000   clock uncertainty
                                  0.000000    9.750000   clock reconvergence pessimism
                                 -2.000000    7.750000   output external delay
                                              7.750000   data required time
---------------------------------------------------------------------------------------------
                                              7.750000   data required time
                                             -0.886355   data arrival time
---------------------------------------------------------------------------------------------
                                              6.863645   slack (MET)


Startpoint: _129_ (rising edge-triggered flip-flop clocked by clk)
Endpoint: instruction[14] (output port clocked by clk)
Path Group: clk
Path Type: max

Fanout         Cap        Slew       Delay        Time   Description
---------------------------------------------------------------------------------------------
                                  0.000000    0.000000   clock clk (rise edge)
                                  0.000000    0.000000   clock source latency
     1    0.015976    0.077780    0.053201    0.053201 ^ clk (in)
                                                         clk (net)
                      0.077786    0.000000    0.053201 ^ clkbuf_0_clk/A (sky130_fd_sc_hd__clkbuf_16)
     2    0.018790    0.040844    0.136243    0.189445 ^ clkbuf_0_clk/X (sky130_fd_sc_hd__clkbuf_16)
                                                         clknet_0_clk (net)
                      0.040845    0.000308    0.189752 ^ clkbuf_1_1__f_clk/A (sky130_fd_sc_hd__clkbuf_16)
     8    0.025074    0.046361    0.128589    0.318341 ^ clkbuf_1_1__f_clk/X (sky130_fd_sc_hd__clkbuf_16)
                                                         clknet_1_1__leaf_clk (net)
                      0.046369    0.000583    0.318924 ^ _129_/CLK (sky130_fd_sc_hd__dfxtp_1)
     1    0.009644    0.099652    0.345242    0.664166 ^ _129_/Q (sky130_fd_sc_hd__dfxtp_1)
                                                         net21 (net)
                      0.099652    0.000413    0.664579 ^ output21/A (sky130_fd_sc_hd__buf_2)
     1    0.034011    0.169264    0.217387    0.881967 ^ output21/X (sky130_fd_sc_hd__buf_2)
                                                         instruction[14] (net)
                      0.169264    0.000636    0.882603 ^ instruction[14] (out)
                                              0.882603   data arrival time

                                 10.000000   10.000000   clock clk (rise edge)
                                  0.000000   10.000000   clock network delay (propagated)
                                 -0.250000    9.750000   clock uncertainty
                                  0.000000    9.750000   clock reconvergence pessimism
                                 -2.000000    7.750000   output external delay
                                              7.750000   data required time
---------------------------------------------------------------------------------------------
                                              7.750000   data required time
                                             -0.882603   data arrival time
---------------------------------------------------------------------------------------------
                                              6.867397   slack (MET)


Startpoint: _127_ (rising edge-triggered flip-flop clocked by clk)
Endpoint: instruction[12] (output port clocked by clk)
Path Group: clk
Path Type: max

Fanout         Cap        Slew       Delay        Time   Description
---------------------------------------------------------------------------------------------
                                  0.000000    0.000000   clock clk (rise edge)
                                  0.000000    0.000000   clock source latency
     1    0.015976    0.077780    0.053201    0.053201 ^ clk (in)
                                                         clk (net)
                      0.077786    0.000000    0.053201 ^ clkbuf_0_clk/A (sky130_fd_sc_hd__clkbuf_16)
     2    0.018790    0.040844    0.136243    0.189445 ^ clkbuf_0_clk/X (sky130_fd_sc_hd__clkbuf_16)
                                                         clknet_0_clk (net)
                      0.040845    0.000308    0.189752 ^ clkbuf_1_1__f_clk/A (sky130_fd_sc_hd__clkbuf_16)
     8    0.025074    0.046361    0.128589    0.318341 ^ clkbuf_1_1__f_clk/X (sky130_fd_sc_hd__clkbuf_16)
                                                         clknet_1_1__leaf_clk (net)
                      0.046370    0.000609    0.318950 ^ _127_/CLK (sky130_fd_sc_hd__dfxtp_1)
     1    0.009573    0.099018    0.344793    0.663743 ^ _127_/Q (sky130_fd_sc_hd__dfxtp_1)
                                                         net19 (net)
                      0.099018    0.000402    0.664145 ^ output19/A (sky130_fd_sc_hd__buf_2)
     1    0.034057    0.169476    0.217291    0.881436 ^ output19/X (sky130_fd_sc_hd__buf_2)
                                                         instruction[12] (net)
                      0.169476    0.000656    0.882092 ^ instruction[12] (out)
                                              0.882092   data arrival time

                                 10.000000   10.000000   clock clk (rise edge)
                                  0.000000   10.000000   clock network delay (propagated)
                                 -0.250000    9.750000   clock uncertainty
                                  0.000000    9.750000   clock reconvergence pessimism
                                 -2.000000    7.750000   output external delay
                                              7.750000   data required time
---------------------------------------------------------------------------------------------
                                              7.750000   data required time
                                             -0.882092   data arrival time
---------------------------------------------------------------------------------------------
                                              6.867908   slack (MET)


Startpoint: _123_ (rising edge-triggered flip-flop clocked by clk)
Endpoint: instruction[8] (output port clocked by clk)
Path Group: clk
Path Type: max

Fanout         Cap        Slew       Delay        Time   Description
---------------------------------------------------------------------------------------------
                                  0.000000    0.000000   clock clk (rise edge)
                                  0.000000    0.000000   clock source latency
     1    0.015976    0.077780    0.053201    0.053201 ^ clk (in)
                                                         clk (net)
                      0.077786    0.000000    0.053201 ^ clkbuf_0_clk/A (sky130_fd_sc_hd__clkbuf_16)
     2    0.018790    0.040844    0.136243    0.189445 ^ clkbuf_0_clk/X (sky130_fd_sc_hd__clkbuf_16)
                                                         clknet_0_clk (net)
                      0.040845    0.000308    0.189752 ^ clkbuf_1_1__f_clk/A (sky130_fd_sc_hd__clkbuf_16)
     8    0.025074    0.046361    0.128589    0.318341 ^ clkbuf_1_1__f_clk/X (sky130_fd_sc_hd__clkbuf_16)
                                                         clknet_1_1__leaf_clk (net)
                      0.046372    0.000676    0.319017 ^ _123_/CLK (sky130_fd_sc_hd__dfxtp_1)
     1    0.009516    0.098504    0.344396    0.663413 ^ _123_/Q (sky130_fd_sc_hd__dfxtp_1)
                                                         net30 (net)
                      0.098504    0.000424    0.663837 ^ output30/A (sky130_fd_sc_hd__buf_2)
     1    0.034069    0.169532    0.217145    0.880982 ^ output30/X (sky130_fd_sc_hd__buf_2)
                                                         instruction[8] (net)
                      0.169533    0.000656    0.881638 ^ instruction[8] (out)
                                              0.881638   data arrival time

                                 10.000000   10.000000   clock clk (rise edge)
                                  0.000000   10.000000   clock network delay (propagated)
                                 -0.250000    9.750000   clock uncertainty
                                  0.000000    9.750000   clock reconvergence pessimism
                                 -2.000000    7.750000   output external delay
                                              7.750000   data required time
---------------------------------------------------------------------------------------------
                                              7.750000   data required time
                                             -0.881638   data arrival time
---------------------------------------------------------------------------------------------
                                              6.868362   slack (MET)


Startpoint: _121_ (rising edge-triggered flip-flop clocked by clk)
Endpoint: instruction[6] (output port clocked by clk)
Path Group: clk
Path Type: max

Fanout         Cap        Slew       Delay        Time   Description
---------------------------------------------------------------------------------------------
                                  0.000000    0.000000   clock clk (rise edge)
                                  0.000000    0.000000   clock source latency
     1    0.015976    0.077780    0.053201    0.053201 ^ clk (in)
                                                         clk (net)
                      0.077786    0.000000    0.053201 ^ clkbuf_0_clk/A (sky130_fd_sc_hd__clkbuf_16)
     2    0.018790    0.040844    0.136243    0.189445 ^ clkbuf_0_clk/X (sky130_fd_sc_hd__clkbuf_16)
                                                         clknet_0_clk (net)
                      0.040845    0.000308    0.189752 ^ clkbuf_1_1__f_clk/A (sky130_fd_sc_hd__clkbuf_16)
     8    0.025074    0.046361    0.128589    0.318341 ^ clkbuf_1_1__f_clk/X (sky130_fd_sc_hd__clkbuf_16)
                                                         clknet_1_1__leaf_clk (net)
                      0.046370    0.000613    0.318953 ^ _121_/CLK (sky130_fd_sc_hd__dfxtp_1)
     1    0.009485    0.098213    0.344258    0.663211 ^ _121_/Q (sky130_fd_sc_hd__dfxtp_1)
                                                         net28 (net)
                      0.098213    0.000362    0.663574 ^ output28/A (sky130_fd_sc_hd__buf_2)
     1    0.034064    0.169508    0.217020    0.880593 ^ output28/X (sky130_fd_sc_hd__buf_2)
                                                         instruction[6] (net)
                      0.169508    0.000656    0.881250 ^ instruction[6] (out)
                                              0.881250   data arrival time

                                 10.000000   10.000000   clock clk (rise edge)
                                  0.000000   10.000000   clock network delay (propagated)
                                 -0.250000    9.750000   clock uncertainty
                                  0.000000    9.750000   clock reconvergence pessimism
                                 -2.000000    7.750000   output external delay
                                              7.750000   data required time
---------------------------------------------------------------------------------------------
                                              7.750000   data required time
                                             -0.881250   data arrival time
---------------------------------------------------------------------------------------------
                                              6.868750   slack (MET)


Startpoint: _124_ (rising edge-triggered flip-flop clocked by clk)
Endpoint: instruction[9] (output port clocked by clk)
Path Group: clk
Path Type: max

Fanout         Cap        Slew       Delay        Time   Description
---------------------------------------------------------------------------------------------
                                  0.000000    0.000000   clock clk (rise edge)
                                  0.000000    0.000000   clock source latency
     1    0.015976    0.077780    0.053201    0.053201 ^ clk (in)
                                                         clk (net)
                      0.077786    0.000000    0.053201 ^ clkbuf_0_clk/A (sky130_fd_sc_hd__clkbuf_16)
     2    0.018790    0.040844    0.136243    0.189445 ^ clkbuf_0_clk/X (sky130_fd_sc_hd__clkbuf_16)
                                                         clknet_0_clk (net)
                      0.040845    0.000308    0.189752 ^ clkbuf_1_1__f_clk/A (sky130_fd_sc_hd__clkbuf_16)
     8    0.025074    0.046361    0.128589    0.318341 ^ clkbuf_1_1__f_clk/X (sky130_fd_sc_hd__clkbuf_16)
                                                         clknet_1_1__leaf_clk (net)
                      0.046374    0.000701    0.319042 ^ _124_/CLK (sky130_fd_sc_hd__dfxtp_1)
     2    0.008951    0.093476    0.340781    0.659823 ^ _124_/Q (sky130_fd_sc_hd__dfxtp_1)
                                                         net31 (net)
                      0.093476    0.000361    0.660184 ^ output31/A (sky130_fd_sc_hd__buf_2)
     1    0.034394    0.171042    0.216278    0.876462 ^ output31/X (sky130_fd_sc_hd__buf_2)
                                                         instruction[9] (net)
                      0.171044    0.000789    0.877250 ^ instruction[9] (out)
                                              0.877250   data arrival time

                                 10.000000   10.000000   clock clk (rise edge)
                                  0.000000   10.000000   clock network delay (propagated)
                                 -0.250000    9.750000   clock uncertainty
                                  0.000000    9.750000   clock reconvergence pessimism
                                 -2.000000    7.750000   output external delay
                                              7.750000   data required time
---------------------------------------------------------------------------------------------
                                              7.750000   data required time
                                             -0.877250   data arrival time
---------------------------------------------------------------------------------------------
                                              6.872750   slack (MET)


Startpoint: _122_ (rising edge-triggered flip-flop clocked by clk)
Endpoint: instruction[15] (output port clocked by clk)
Path Group: clk
Path Type: max

Fanout         Cap        Slew       Delay        Time   Description
---------------------------------------------------------------------------------------------
                                  0.000000    0.000000   clock clk (rise edge)
                                  0.000000    0.000000   clock source latency
     1    0.015976    0.077780    0.053201    0.053201 ^ clk (in)
                                                         clk (net)
                      0.077786    0.000000    0.053201 ^ clkbuf_0_clk/A (sky130_fd_sc_hd__clkbuf_16)
     2    0.018790    0.040844    0.136243    0.189445 ^ clkbuf_0_clk/X (sky130_fd_sc_hd__clkbuf_16)
                                                         clknet_0_clk (net)
                      0.040845    0.000353    0.189797 ^ clkbuf_1_0__f_clk/A (sky130_fd_sc_hd__clkbuf_16)
     7    0.029906    0.050921    0.132756    0.322554 ^ clkbuf_1_0__f_clk/X (sky130_fd_sc_hd__clkbuf_16)
                                                         clknet_1_0__leaf_clk (net)
                      0.050924    0.000715    0.323269 ^ _122_/CLK (sky130_fd_sc_hd__dfxtp_1)
     2    0.008271    0.087682    0.337988    0.661257 ^ _122_/Q (sky130_fd_sc_hd__dfxtp_1)
                                                         net22 (net)
                      0.087682    0.000321    0.661578 ^ output22/A (sky130_fd_sc_hd__buf_2)
     1    0.034425    0.171154    0.214240    0.875819 ^ output22/X (sky130_fd_sc_hd__buf_2)
                                                         instruction[15] (net)
                      0.171155    0.000792    0.876611 ^ instruction[15] (out)
                                              0.876611   data arrival time

                                 10.000000   10.000000   clock clk (rise edge)
                                  0.000000   10.000000   clock network delay (propagated)
                                 -0.250000    9.750000   clock uncertainty
                                  0.000000    9.750000   clock reconvergence pessimism
                                 -2.000000    7.750000   output external delay
                                              7.750000   data required time
---------------------------------------------------------------------------------------------
                                              7.750000   data required time
                                             -0.876611   data arrival time
---------------------------------------------------------------------------------------------
                                              6.873389   slack (MET)


Startpoint: _117_ (rising edge-triggered flip-flop clocked by clk)
Endpoint: instruction[1] (output port clocked by clk)
Path Group: clk
Path Type: max

Fanout         Cap        Slew       Delay        Time   Description
---------------------------------------------------------------------------------------------
                                  0.000000    0.000000   clock clk (rise edge)
                                  0.000000    0.000000   clock source latency
     1    0.015976    0.077780    0.053201    0.053201 ^ clk (in)
                                                         clk (net)
                      0.077786    0.000000    0.053201 ^ clkbuf_0_clk/A (sky130_fd_sc_hd__clkbuf_16)
     2    0.018790    0.040844    0.136243    0.189445 ^ clkbuf_0_clk/X (sky130_fd_sc_hd__clkbuf_16)
                                                         clknet_0_clk (net)
                      0.040845    0.000353    0.189797 ^ clkbuf_1_0__f_clk/A (sky130_fd_sc_hd__clkbuf_16)
     7    0.029906    0.050921    0.132756    0.322554 ^ clkbuf_1_0__f_clk/X (sky130_fd_sc_hd__clkbuf_16)
                                                         clknet_1_0__leaf_clk (net)
                      0.050926    0.000911    0.323465 ^ _117_/CLK (sky130_fd_sc_hd__dfxtp_1)
     1    0.007169    0.078061    0.330735    0.654199 ^ _117_/Q (sky130_fd_sc_hd__dfxtp_1)
                                                         net23 (net)
                      0.078061    0.000320    0.654519 ^ output23/A (sky130_fd_sc_hd__buf_2)
     1    0.034393    0.170940    0.210623    0.865142 ^ output23/X (sky130_fd_sc_hd__buf_2)
                                                         instruction[1] (net)
                      0.170941    0.000748    0.865889 ^ instruction[1] (out)
                                              0.865889   data arrival time

                                 10.000000   10.000000   clock clk (rise edge)
                                  0.000000   10.000000   clock network delay (propagated)
                                 -0.250000    9.750000   clock uncertainty
                                  0.000000    9.750000   clock reconvergence pessimism
                                 -2.000000    7.750000   output external delay
                                              7.750000   data required time
---------------------------------------------------------------------------------------------
                                              7.750000   data required time
                                             -0.865889   data arrival time
---------------------------------------------------------------------------------------------
                                              6.884110   slack (MET)


Startpoint: _118_ (rising edge-triggered flip-flop clocked by clk)
Endpoint: instruction[2] (output port clocked by clk)
Path Group: clk
Path Type: max

Fanout         Cap        Slew       Delay        Time   Description
---------------------------------------------------------------------------------------------
                                  0.000000    0.000000   clock clk (rise edge)
                                  0.000000    0.000000   clock source latency
     1    0.015976    0.077780    0.053201    0.053201 ^ clk (in)
                                                         clk (net)
                      0.077786    0.000000    0.053201 ^ clkbuf_0_clk/A (sky130_fd_sc_hd__clkbuf_16)
     2    0.018790    0.040844    0.136243    0.189445 ^ clkbuf_0_clk/X (sky130_fd_sc_hd__clkbuf_16)
                                                         clknet_0_clk (net)
                      0.040845    0.000353    0.189797 ^ clkbuf_1_0__f_clk/A (sky130_fd_sc_hd__clkbuf_16)
     7    0.029906    0.050921    0.132756    0.322554 ^ clkbuf_1_0__f_clk/X (sky130_fd_sc_hd__clkbuf_16)
                                                         clknet_1_0__leaf_clk (net)
                      0.050927    0.000992    0.323546 ^ _118_/CLK (sky130_fd_sc_hd__dfxtp_1)
     1    0.006679    0.073770    0.327515    0.651061 ^ _118_/Q (sky130_fd_sc_hd__dfxtp_1)
                                                         net24 (net)
                      0.073770    0.000299    0.651360 ^ output24/A (sky130_fd_sc_hd__buf_2)
     1    0.034393    0.170916    0.209041    0.860401 ^ output24/X (sky130_fd_sc_hd__buf_2)
                                                         instruction[2] (net)
                      0.170916    0.000748    0.861149 ^ instruction[2] (out)
                                              0.861149   data arrival time

                                 10.000000   10.000000   clock clk (rise edge)
                                  0.000000   10.000000   clock network delay (propagated)
                                 -0.250000    9.750000   clock uncertainty
                                  0.000000    9.750000   clock reconvergence pessimism
                                 -2.000000    7.750000   output external delay
                                              7.750000   data required time
---------------------------------------------------------------------------------------------
                                              7.750000   data required time
                                             -0.861149   data arrival time
---------------------------------------------------------------------------------------------
                                              6.888852   slack (MET)


Startpoint: _126_ (rising edge-triggered flip-flop clocked by clk)
Endpoint: instruction[11] (output port clocked by clk)
Path Group: clk
Path Type: max

Fanout         Cap        Slew       Delay        Time   Description
---------------------------------------------------------------------------------------------
                                  0.000000    0.000000   clock clk (rise edge)
                                  0.000000    0.000000   clock source latency
     1    0.015976    0.077780    0.053201    0.053201 ^ clk (in)
                                                         clk (net)
                      0.077786    0.000000    0.053201 ^ clkbuf_0_clk/A (sky130_fd_sc_hd__clkbuf_16)
     2    0.018790    0.040844    0.136243    0.189445 ^ clkbuf_0_clk/X (sky130_fd_sc_hd__clkbuf_16)
                                                         clknet_0_clk (net)
                      0.040845    0.000353    0.189797 ^ clkbuf_1_0__f_clk/A (sky130_fd_sc_hd__clkbuf_16)
     7    0.029906    0.050921    0.132756    0.322554 ^ clkbuf_1_0__f_clk/X (sky130_fd_sc_hd__clkbuf_16)
                                                         clknet_1_0__leaf_clk (net)
                      0.050924    0.000750    0.323303 ^ _126_/CLK (sky130_fd_sc_hd__dfxtp_1)
     1    0.006623    0.073270    0.327168    0.650472 ^ _126_/Q (sky130_fd_sc_hd__dfxtp_1)
                                                         net18 (net)
                      0.073270    0.000253    0.650725 ^ output18/A (sky130_fd_sc_hd__buf_2)
     1    0.034394    0.170926    0.208832    0.859556 ^ output18/X (sky130_fd_sc_hd__buf_2)
                                                         instruction[11] (net)
                      0.170927    0.000789    0.860345 ^ instruction[11] (out)
                                              0.860345   data arrival time

                                 10.000000   10.000000   clock clk (rise edge)
                                  0.000000   10.000000   clock network delay (propagated)
                                 -0.250000    9.750000   clock uncertainty
                                  0.000000    9.750000   clock reconvergence pessimism
                                 -2.000000    7.750000   output external delay
                                              7.750000   data required time
---------------------------------------------------------------------------------------------
                                              7.750000   data required time
                                             -0.860345   data arrival time
---------------------------------------------------------------------------------------------
                                              6.889655   slack (MET)


Startpoint: _116_ (rising edge-triggered flip-flop clocked by clk)
Endpoint: instruction[0] (output port clocked by clk)
Path Group: clk
Path Type: max

Fanout         Cap        Slew       Delay        Time   Description
---------------------------------------------------------------------------------------------
                                  0.000000    0.000000   clock clk (rise edge)
                                  0.000000    0.000000   clock source latency
     1    0.015976    0.077780    0.053201    0.053201 ^ clk (in)
                                                         clk (net)
                      0.077786    0.000000    0.053201 ^ clkbuf_0_clk/A (sky130_fd_sc_hd__clkbuf_16)
     2    0.018790    0.040844    0.136243    0.189445 ^ clkbuf_0_clk/X (sky130_fd_sc_hd__clkbuf_16)
                                                         clknet_0_clk (net)
                      0.040845    0.000308    0.189752 ^ clkbuf_1_1__f_clk/A (sky130_fd_sc_hd__clkbuf_16)
     8    0.025074    0.046361    0.128589    0.318341 ^ clkbuf_1_1__f_clk/X (sky130_fd_sc_hd__clkbuf_16)
                                                         clknet_1_1__leaf_clk (net)
                      0.046372    0.000653    0.318994 ^ _116_/CLK (sky130_fd_sc_hd__dfxtp_1)
     1    0.007103    0.077497    0.328558    0.647552 ^ _116_/Q (sky130_fd_sc_hd__dfxtp_1)
                                                         net16 (net)
                      0.077497    0.000398    0.647951 ^ output16/A (sky130_fd_sc_hd__buf_2)
     1    0.034015    0.169153    0.209234    0.857185 ^ output16/X (sky130_fd_sc_hd__buf_2)
                                                         instruction[0] (net)
                      0.169153    0.000636    0.857821 ^ instruction[0] (out)
                                              0.857821   data arrival time

                                 10.000000   10.000000   clock clk (rise edge)
                                  0.000000   10.000000   clock network delay (propagated)
                                 -0.250000    9.750000   clock uncertainty
                                  0.000000    9.750000   clock reconvergence pessimism
                                 -2.000000    7.750000   output external delay
                                              7.750000   data required time
---------------------------------------------------------------------------------------------
                                              7.750000   data required time
                                             -0.857821   data arrival time
---------------------------------------------------------------------------------------------
                                              6.892179   slack (MET)


Startpoint: _120_ (rising edge-triggered flip-flop clocked by clk)
Endpoint: instruction[4] (output port clocked by clk)
Path Group: clk
Path Type: max

Fanout         Cap        Slew       Delay        Time   Description
---------------------------------------------------------------------------------------------
                                  0.000000    0.000000   clock clk (rise edge)
                                  0.000000    0.000000   clock source latency
     1    0.015976    0.077780    0.053201    0.053201 ^ clk (in)
                                                         clk (net)
                      0.077786    0.000000    0.053201 ^ clkbuf_0_clk/A (sky130_fd_sc_hd__clkbuf_16)
     2    0.018790    0.040844    0.136243    0.189445 ^ clkbuf_0_clk/X (sky130_fd_sc_hd__clkbuf_16)
                                                         clknet_0_clk (net)
                      0.040845    0.000308    0.189752 ^ clkbuf_1_1__f_clk/A (sky130_fd_sc_hd__clkbuf_16)
     8    0.025074    0.046361    0.128589    0.318341 ^ clkbuf_1_1__f_clk/X (sky130_fd_sc_hd__clkbuf_16)
                                                         clknet_1_1__leaf_clk (net)
                      0.046369    0.000576    0.318917 ^ _120_/CLK (sky130_fd_sc_hd__dfxtp_1)
     1    0.007086    0.077333    0.328533    0.647450 ^ _120_/Q (sky130_fd_sc_hd__dfxtp_1)
                                                         net26 (net)
                      0.077333    0.000273    0.647723 ^ output26/A (sky130_fd_sc_hd__buf_2)
     1    0.034063    0.169383    0.209324    0.857047 ^ output26/X (sky130_fd_sc_hd__buf_2)
                                                         instruction[4] (net)
                      0.169383    0.000655    0.857702 ^ instruction[4] (out)
                                              0.857702   data arrival time

                                 10.000000   10.000000   clock clk (rise edge)
                                  0.000000   10.000000   clock network delay (propagated)
                                 -0.250000    9.750000   clock uncertainty
                                  0.000000    9.750000   clock reconvergence pessimism
                                 -2.000000    7.750000   output external delay
                                              7.750000   data required time
---------------------------------------------------------------------------------------------
                                              7.750000   data required time
                                             -0.857702   data arrival time
---------------------------------------------------------------------------------------------
                                              6.892298   slack (MET)


Startpoint: _119_ (rising edge-triggered flip-flop clocked by clk)
Endpoint: instruction[3] (output port clocked by clk)
Path Group: clk
Path Type: max

Fanout         Cap        Slew       Delay        Time   Description
---------------------------------------------------------------------------------------------
                                  0.000000    0.000000   clock clk (rise edge)
                                  0.000000    0.000000   clock source latency
     1    0.015976    0.077780    0.053201    0.053201 ^ clk (in)
                                                         clk (net)
                      0.077786    0.000000    0.053201 ^ clkbuf_0_clk/A (sky130_fd_sc_hd__clkbuf_16)
     2    0.018790    0.040844    0.136243    0.189445 ^ clkbuf_0_clk/X (sky130_fd_sc_hd__clkbuf_16)
                                                         clknet_0_clk (net)
                      0.040845    0.000353    0.189797 ^ clkbuf_1_0__f_clk/A (sky130_fd_sc_hd__clkbuf_16)
     7    0.029906    0.050921    0.132756    0.322554 ^ clkbuf_1_0__f_clk/X (sky130_fd_sc_hd__clkbuf_16)
                                                         clknet_1_0__leaf_clk (net)
                      0.050924    0.000721    0.323275 ^ _119_/CLK (sky130_fd_sc_hd__dfxtp_1)
     1    0.003285    0.044603    0.305109    0.628384 ^ _119_/Q (sky130_fd_sc_hd__dfxtp_1)
                                                         net25 (net)
                      0.044603    0.000101    0.628486 ^ output25/A (sky130_fd_sc_hd__buf_2)
     1    0.034212    0.169905    0.197594    0.826079 ^ output25/X (sky130_fd_sc_hd__buf_2)
                                                         instruction[3] (net)
                      0.169906    0.000717    0.826796 ^ instruction[3] (out)
                                              0.826796   data arrival time

                                 10.000000   10.000000   clock clk (rise edge)
                                  0.000000   10.000000   clock network delay (propagated)
                                 -0.250000    9.750000   clock uncertainty
                                  0.000000    9.750000   clock reconvergence pessimism
                                 -2.000000    7.750000   output external delay
                                              7.750000   data required time
---------------------------------------------------------------------------------------------
                                              7.750000   data required time
                                             -0.826796   data arrival time
---------------------------------------------------------------------------------------------
                                              6.923204   slack (MET)


Startpoint: _128_ (rising edge-triggered flip-flop clocked by clk)
Endpoint: instruction[13] (output port clocked by clk)
Path Group: clk
Path Type: max

Fanout         Cap        Slew       Delay        Time   Description
---------------------------------------------------------------------------------------------
                                  0.000000    0.000000   clock clk (rise edge)
                                  0.000000    0.000000   clock source latency
     1    0.015976    0.077780    0.053201    0.053201 ^ clk (in)
                                                         clk (net)
                      0.077786    0.000000    0.053201 ^ clkbuf_0_clk/A (sky130_fd_sc_hd__clkbuf_16)
     2    0.018790    0.040844    0.136243    0.189445 ^ clkbuf_0_clk/X (sky130_fd_sc_hd__clkbuf_16)
                                                         clknet_0_clk (net)
                      0.040845    0.000353    0.189797 ^ clkbuf_1_0__f_clk/A (sky130_fd_sc_hd__clkbuf_16)
     7    0.029906    0.050921    0.132756    0.322554 ^ clkbuf_1_0__f_clk/X (sky130_fd_sc_hd__clkbuf_16)
                                                         clknet_1_0__leaf_clk (net)
                      0.050926    0.000904    0.323458 ^ _128_/CLK (sky130_fd_sc_hd__dfxtp_1)
     1    0.002467    0.038186    0.299221    0.622679 ^ _128_/Q (sky130_fd_sc_hd__dfxtp_1)
                                                         net20 (net)
                      0.038186    0.000068    0.622747 ^ output20/A (sky130_fd_sc_hd__buf_2)
     1    0.034157    0.169656    0.194957    0.817704 ^ output20/X (sky130_fd_sc_hd__buf_2)
                                                         instruction[13] (net)
                      0.169707    0.000706    0.818410 ^ instruction[13] (out)
                                              0.818410   data arrival time

                                 10.000000   10.000000   clock clk (rise edge)
                                  0.000000   10.000000   clock network delay (propagated)
                                 -0.250000    9.750000   clock uncertainty
                                  0.000000    9.750000   clock reconvergence pessimism
                                 -2.000000    7.750000   output external delay
                                              7.750000   data required time
---------------------------------------------------------------------------------------------
                                              7.750000   data required time
                                             -0.818410   data arrival time
---------------------------------------------------------------------------------------------
                                              6.931590   slack (MET)



