[WARNING ORD-0039] .openroad ignored with -python
                                Cells by Master                                 
┏━━━━━━━━━━━━━━━━━━━━━━━━━━━━━━━━━━━━━━━━━━━━━━━━━━━━━━━━━━━━━━━━┳━━━━━━━━━━━━━┓
┃ Cell                                                           ┃ Count       ┃
┡━━━━━━━━━━━━━━━━━━━━━━━━━━━━━━━━━━━━━━━━━━━━━━━━━━━━━━━━━━━━━━━━╇━━━━━━━━━━━━━┩
│ sky130_ef_sc_hd__decap_12                                      │ 94          │
│ sky130_fd_sc_hd__a21o_1                                        │ 15          │
│ sky130_fd_sc_hd__a221o_1                                       │ 1           │
│ sky130_fd_sc_hd__a22o_1                                        │ 16          │
│ sky130_fd_sc_hd__and2_1                                        │ 16          │
│ sky130_fd_sc_hd__and2b_1                                       │ 2           │
│ sky130_fd_sc_hd__and3_1                                        │ 4           │
│ sky130_fd_sc_hd__and3b_1                                       │ 3           │
│ sky130_fd_sc_hd__buf_1                                         │ 3           │
│ sky130_fd_sc_hd__buf_2                                         │ 33          │
│ sky130_fd_sc_hd__buf_4                                         │ 8           │
│ sky130_fd_sc_hd__bufinv_16                                     │ 2           │
│ sky130_fd_sc_hd__clkbuf_1                                      │ 2           │
│ sky130_fd_sc_hd__clkbuf_16                                     │ 1           │
│ sky130_fd_sc_hd__clkbuf_2                                      │ 21          │
│ sky130_fd_sc_hd__clkbuf_4                                      │ 13          │
│ sky130_fd_sc_hd__clkbuf_8                                      │ 21          │
│ sky130_fd_sc_hd__clkinv_2                                      │ 4           │
│ sky130_fd_sc_hd__decap_3                                       │ 169         │
│ sky130_fd_sc_hd__decap_4                                       │ 69          │
│ sky130_fd_sc_hd__decap_6                                       │ 45          │
│ sky130_fd_sc_hd__decap_8                                       │ 42          │
│ sky130_fd_sc_hd__dfxtp_1                                       │ 128         │
│ sky130_fd_sc_hd__dlygate4sd3_1                                 │ 128         │
│ sky130_fd_sc_hd__fill_1                                        │ 138         │
│ sky130_fd_sc_hd__fill_2                                        │ 79          │
│ sky130_fd_sc_hd__inv_2                                         │ 1           │
│ sky130_fd_sc_hd__mux2_1                                        │ 192         │
│ sky130_fd_sc_hd__nor2_1                                        │ 1           │
│ sky130_fd_sc_hd__o21a_1                                        │ 13          │
│ sky130_fd_sc_hd__o221a_1                                       │ 1           │
│ sky130_fd_sc_hd__o311a_1                                       │ 2           │
│ sky130_fd_sc_hd__o31a_1                                        │ 13          │
│ sky130_fd_sc_hd__or2_1                                         │ 2           │
│ sky130_fd_sc_hd__or3b_1                                        │ 1           │
│ sky130_fd_sc_hd__tapvpwrvgnd_1                                 │ 164         │
└────────────────────────────────────────────────────────────────┴─────────────┘
                               Cells by Function                                
┏━━━━━━━━━━━━━━━━━━━━━━━━━━━━━━━━━━━━━━━━━━━━━━━━━━━━━━━━━━━━━━━┳━━━━━━━━━━━━━━┓
┃ Cell Function                                                 ┃ Count        ┃
┡━━━━━━━━━━━━━━━━━━━━━━━━━━━━━━━━━━━━━━━━━━━━━━━━━━━━━━━━━━━━━━━╇━━━━━━━━━━━━━━┩
│ sky130_ef_sc_hd__decap                                        │ 94           │
│ sky130_fd_sc_hd__a21o                                         │ 15           │
│ sky130_fd_sc_hd__a221o                                        │ 1            │
│ sky130_fd_sc_hd__a22o                                         │ 16           │
│ sky130_fd_sc_hd__and2                                         │ 16           │
│ sky130_fd_sc_hd__and2b                                        │ 2            │
│ sky130_fd_sc_hd__and3                                         │ 4            │
│ sky130_fd_sc_hd__and3b                                        │ 3            │
│ sky130_fd_sc_hd__buf                                          │ 44           │
│ sky130_fd_sc_hd__bufinv                                       │ 2            │
│ sky130_fd_sc_hd__clkbuf                                       │ 58           │
│ sky130_fd_sc_hd__clkinv                                       │ 4            │
│ sky130_fd_sc_hd__decap                                        │ 325          │
│ sky130_fd_sc_hd__dfxtp                                        │ 128          │
│ sky130_fd_sc_hd__dlygate4sd3                                  │ 128          │
│ sky130_fd_sc_hd__fill                                         │ 217          │
│ sky130_fd_sc_hd__inv                                          │ 1            │
│ sky130_fd_sc_hd__mux2                                         │ 192          │
│ sky130_fd_sc_hd__nor2                                         │ 1            │
│ sky130_fd_sc_hd__o21a                                         │ 13           │
│ sky130_fd_sc_hd__o221a                                        │ 1            │
│ sky130_fd_sc_hd__o311a                                        │ 2            │
│ sky130_fd_sc_hd__o31a                                         │ 13           │
│ sky130_fd_sc_hd__or2                                          │ 2            │
│ sky130_fd_sc_hd__or3b                                         │ 1            │
│ sky130_fd_sc_hd__tapvpwrvgnd                                  │ 164          │
└───────────────────────────────────────────────────────────────┴──────────────┘
                                  Cells by SCL                                  
┏━━━━━━━━━━━━━━━━━━━━━━━━━━━━━━━━━━━━━━━━━━━━━━━━━━━━━━━┳━━━━━━━━━━━━━━━━━━━━━━┓
┃ SCL                                                   ┃ Count                ┃
┡━━━━━━━━━━━━━━━━━━━━━━━━━━━━━━━━━━━━━━━━━━━━━━━━━━━━━━━╇━━━━━━━━━━━━━━━━━━━━━━┩
│ sky130_ef_sc_hd                                       │ 94                   │
│ sky130_fd_sc_hd                                       │ 1353                 │
└───────────────────────────────────────────────────────┴──────────────────────┘
                             Buffers by Cell Master                             
┏━━━━━━━━━━━━━━━━━━━━━━━━━━━━━━━━━━━━━━━━━━━━━━━━━━━━━━━━━━━━━━━━┳━━━━━━━━━━━━━┓
┃ Buffer                                                         ┃ Count       ┃
┡━━━━━━━━━━━━━━━━━━━━━━━━━━━━━━━━━━━━━━━━━━━━━━━━━━━━━━━━━━━━━━━━╇━━━━━━━━━━━━━┩
│ sky130_fd_sc_hd__buf_1                                         │ 3           │
│ sky130_fd_sc_hd__buf_2                                         │ 33          │
│ sky130_fd_sc_hd__buf_4                                         │ 8           │
│ sky130_fd_sc_hd__clkbuf_1                                      │ 2           │
│ sky130_fd_sc_hd__clkbuf_16                                     │ 1           │
│ sky130_fd_sc_hd__clkbuf_2                                      │ 21          │
│ sky130_fd_sc_hd__clkbuf_4                                      │ 13          │
│ sky130_fd_sc_hd__clkbuf_8                                      │ 21          │
│ sky130_fd_sc_hd__dlygate4sd3_1                                 │ 128         │
└────────────────────────────────────────────────────────────────┴─────────────┘
