
===========================================================================
report_checks -unconstrained
===========================================================================
======================= max_ss_100C_1v60 Corner ===================================

Startpoint: ALU_control[0] (input port clocked by __VIRTUAL_CLK__)
Endpoint: zero (output port clocked by __VIRTUAL_CLK__)
Path Group: __VIRTUAL_CLK__
Path Type: max

Fanout         Cap        Slew       Delay        Time   Description
---------------------------------------------------------------------------------------------
                      0.000000    0.000000    0.000000   clock __VIRTUAL_CLK__ (rise edge)
                                  0.000000    0.000000   clock network delay (ideal)
                                  5.000000    5.000000 ^ input external delay
     1    0.003068    0.034017    0.017249    5.017250 ^ ALU_control[0] (in)
                                                         ALU_control[0] (net)
                      0.034019    0.000000    5.017250 ^ input1/A (sky130_fd_sc_hd__clkbuf_1)
     1    0.004102    0.094929    0.151617    5.168867 ^ input1/X (sky130_fd_sc_hd__clkbuf_1)
                                                         net1 (net)
                      0.094929    0.000250    5.169116 ^ fanout106/A (sky130_fd_sc_hd__buf_2)
    10    0.054777    0.425237    0.460643    5.629759 ^ fanout106/X (sky130_fd_sc_hd__buf_2)
                                                         net106 (net)
                      0.425261    0.002685    5.632443 ^ fanout104/A (sky130_fd_sc_hd__buf_2)
    10    0.038743    0.306714    0.516415    6.148859 ^ fanout104/X (sky130_fd_sc_hd__buf_2)
                                                         net104 (net)
                      0.306720    0.001806    6.150665 ^ _418_/D_N (sky130_fd_sc_hd__or4b_1)
     1    0.007328    0.230323    1.183675    7.334340 v _418_/X (sky130_fd_sc_hd__or4b_1)
                                                         _372_ (net)
                      0.230323    0.000413    7.334752 v fanout57/A (sky130_fd_sc_hd__buf_2)
     8    0.048618    0.223922    0.465817    7.800570 v fanout57/X (sky130_fd_sc_hd__buf_2)
                                                         net57 (net)
                      0.224014    0.004217    7.804786 v fanout56/A (sky130_fd_sc_hd__buf_2)
    10    0.041643    0.195462    0.439280    8.244066 v fanout56/X (sky130_fd_sc_hd__buf_2)
                                                         net56 (net)
                      0.195467    0.001394    8.245460 v _554_/B1 (sky130_fd_sc_hd__o31a_1)
     1    0.005678    0.110860    0.267462    8.512922 v _554_/X (sky130_fd_sc_hd__o31a_1)
                                                         _127_ (net)
                      0.110860    0.000440    8.513362 v _555_/B (sky130_fd_sc_hd__xnor2_1)
     3    0.012862    0.513574    0.479874    8.993236 ^ _555_/Y (sky130_fd_sc_hd__xnor2_1)
                                                         _128_ (net)
                      0.513576    0.000797    8.994033 ^ _557_/B (sky130_fd_sc_hd__xnor2_1)
     3    0.009278    0.196099    0.354357    9.348389 v _557_/Y (sky130_fd_sc_hd__xnor2_1)
                                                         _130_ (net)
                      0.196099    0.000697    9.349086 v _598_/A (sky130_fd_sc_hd__or2_1)
     2    0.006132    0.126615    0.586144    9.935230 v _598_/X (sky130_fd_sc_hd__or2_1)
                                                         _169_ (net)
                      0.126615    0.000266    9.935496 v _600_/C (sky130_fd_sc_hd__or4_2)
     4    0.020594    0.337134    1.684830   11.620326 v _600_/X (sky130_fd_sc_hd__or4_2)
                                                         _171_ (net)
                      0.337134    0.001886   11.622212 v _610_/A1 (sky130_fd_sc_hd__a21o_1)
     3    0.007831    0.099205    0.436915   12.059127 v _610_/X (sky130_fd_sc_hd__a21o_1)
                                                         _181_ (net)
                      0.099205    0.000397   12.059524 v _623_/A1 (sky130_fd_sc_hd__a211o_1)
     2    0.006521    0.118592    0.536337   12.595860 v _623_/X (sky130_fd_sc_hd__a211o_1)
                                                         net51 (net)
                      0.118592    0.000464   12.596324 v _765_/C (sky130_fd_sc_hd__or4b_1)
     1    0.011544    0.283006    1.269091   13.865416 v _765_/X (sky130_fd_sc_hd__or4b_1)
                                                         _328_ (net)
                      0.283006    0.000828   13.866243 v _767_/C (sky130_fd_sc_hd__nor4b_1)
     1    0.007080    0.688158    0.724368   14.590611 ^ _767_/Y (sky130_fd_sc_hd__nor4b_1)
                                                         _330_ (net)
                      0.688158    0.000624   14.591235 ^ _768_/D (sky130_fd_sc_hd__and4b_1)
     1    0.002323    0.097302    0.560858   15.152093 ^ _768_/X (sky130_fd_sc_hd__and4b_1)
                                                         net53 (net)
                      0.097302    0.000156   15.152249 ^ output53/A (sky130_fd_sc_hd__buf_2)
     1    0.034665    0.275343    0.357600   15.509850 ^ output53/X (sky130_fd_sc_hd__buf_2)
                                                         zero (net)
                      0.275349    0.001691   15.511541 ^ zero (out)
                                             15.511541   data arrival time

                      0.000000   25.000000   25.000000   clock __VIRTUAL_CLK__ (rise edge)
                                  0.000000   25.000000   clock network delay (ideal)
                                 -0.250000   24.750000   clock uncertainty
                                  0.000000   24.750000   clock reconvergence pessimism
                                 -5.000000   19.750000   output external delay
                                             19.750000   data required time
---------------------------------------------------------------------------------------------
                                             19.750000   data required time
                                            -15.511541   data arrival time
---------------------------------------------------------------------------------------------
                                              4.238459   slack (MET)




===========================================================================
report_checks --slack_max -0.01
============================================================================
======================= max_ss_100C_1v60 Corner ===================================

No paths found.


===========================================================================
 report_check_types -max_slew -max_cap -max_fanout -violators
============================================================================
======================= max_ss_100C_1v60 Corner ===================================

max slew

Pin                                        Limit        Slew       Slack
------------------------------------------------------------------------
_414_/C1                                0.750000    1.015602   -0.265602 (VIOLATED)
_469_/A                                 0.750000    1.015602   -0.265602 (VIOLATED)
_550_/C1                                0.750000    1.015598   -0.265598 (VIOLATED)
max_cap58/A                             0.750000    1.015599   -0.265599 (VIOLATED)
_525_/B1                                0.750000    1.015598   -0.265598 (VIOLATED)
_411_/Y                                 0.750000    1.015596   -0.265596 (VIOLATED)



===========================================================================
report_parasitic_annotation -report_unannotated
============================================================================
Found 0 unannotated drivers.
Found 0 partially unannotated drivers.

===========================================================================
max slew violation count 6
max fanout violation count 0
max cap violation count 0
============================================================================

===========================================================================
check_setup -verbose -unconstrained_endpoints -multiple_clock -no_clock -no_input_delay -loops -generated_clocks
===========================================================================
