
===========================================================================
report_checks -path_delay min (Hold)
============================================================================
======================= max_ss_100C_1v60 Corner ===================================

Startpoint: SrcA[0] (input port clocked by __VIRTUAL_CLK__)
Endpoint: ALU_result[0] (output port clocked by __VIRTUAL_CLK__)
Path Group: __VIRTUAL_CLK__
Path Type: min

Fanout         Cap        Slew       Delay        Time   Description
---------------------------------------------------------------------------------------------
                      0.000000    0.000000    0.000000   clock __VIRTUAL_CLK__ (rise edge)
                                  0.000000    0.000000   clock network delay (ideal)
                                  5.000000    5.000000 ^ input external delay
     1    0.002861    0.032652    0.016158    5.016158 ^ SrcA[0] (in)
                                                         SrcA[0] (net)
                      0.032652    0.000000    5.016158 ^ input5/A (sky130_fd_sc_hd__buf_2)
     8    0.040257    0.316999    0.355955    5.372113 ^ input5/X (sky130_fd_sc_hd__buf_2)
                                                         net5 (net)
                      0.317080    0.004234    5.376347 ^ _415_/A1 (sky130_fd_sc_hd__a211o_1)
     2    0.005577    0.094188    0.351634    5.727981 ^ _415_/X (sky130_fd_sc_hd__a211o_1)
                                                         net37 (net)
                      0.094188    0.000317    5.728298 ^ output37/A (sky130_fd_sc_hd__buf_2)
     1    0.035459    0.281269    0.360216    6.088514 ^ output37/X (sky130_fd_sc_hd__buf_2)
                                                         ALU_result[0] (net)
                      0.281277    0.001867    6.090381 ^ ALU_result[0] (out)
                                              6.090381   data arrival time

                      0.000000    0.000000    0.000000   clock __VIRTUAL_CLK__ (rise edge)
                                  0.000000    0.000000   clock network delay (ideal)
                                  0.250000    0.250000   clock uncertainty
                                  0.000000    0.250000   clock reconvergence pessimism
                                 -5.000000   -4.750000   output external delay
                                             -4.750000   data required time
---------------------------------------------------------------------------------------------
                                             -4.750000   data required time
                                             -6.090381   data arrival time
---------------------------------------------------------------------------------------------
                                             10.840382   slack (MET)


Startpoint: ALU_control[3] (input port clocked by __VIRTUAL_CLK__)
Endpoint: ALU_result[10] (output port clocked by __VIRTUAL_CLK__)
Path Group: __VIRTUAL_CLK__
Path Type: min

Fanout         Cap        Slew       Delay        Time   Description
---------------------------------------------------------------------------------------------
                      0.000000    0.000000    0.000000   clock __VIRTUAL_CLK__ (rise edge)
                                  0.000000    0.000000   clock network delay (ideal)
                                  5.000000    5.000000 ^ input external delay
     1    0.003352    0.035925    0.018755    5.018755 ^ ALU_control[3] (in)
                                                         ALU_control[3] (net)
                      0.035925    0.000000    5.018755 ^ input4/A (sky130_fd_sc_hd__clkbuf_2)
     9    0.023394    0.206742    0.275701    5.294456 ^ input4/X (sky130_fd_sc_hd__clkbuf_2)
                                                         net4 (net)
                      0.206743    0.000999    5.295455 ^ _417_/C (sky130_fd_sc_hd__or3_4)
     7    0.048070    0.235375    0.411364    5.706819 ^ _417_/X (sky130_fd_sc_hd__or3_4)
                                                         _371_ (net)
                      0.235518    0.005362    5.712181 ^ _662_/A1 (sky130_fd_sc_hd__o31ai_1)
     2    0.005885    0.135657    0.254931    5.967112 v _662_/Y (sky130_fd_sc_hd__o31ai_1)
                                                         net38 (net)
                      0.135657    0.000360    5.967472 v output38/A (sky130_fd_sc_hd__buf_2)
     1    0.034714    0.168008    0.376695    6.344167 v output38/X (sky130_fd_sc_hd__buf_2)
                                                         ALU_result[10] (net)
                      0.168024    0.001726    6.345893 v ALU_result[10] (out)
                                              6.345893   data arrival time

                      0.000000    0.000000    0.000000   clock __VIRTUAL_CLK__ (rise edge)
                                  0.000000    0.000000   clock network delay (ideal)
                                  0.250000    0.250000   clock uncertainty
                                  0.000000    0.250000   clock reconvergence pessimism
                                 -5.000000   -4.750000   output external delay
                                             -4.750000   data required time
---------------------------------------------------------------------------------------------
                                             -4.750000   data required time
                                             -6.345893   data arrival time
---------------------------------------------------------------------------------------------
                                             11.095894   slack (MET)


Startpoint: SrcB[8] (input port clocked by __VIRTUAL_CLK__)
Endpoint: ALU_result[8] (output port clocked by __VIRTUAL_CLK__)
Path Group: __VIRTUAL_CLK__
Path Type: min

Fanout         Cap        Slew       Delay        Time   Description
---------------------------------------------------------------------------------------------
                      0.000000    0.000000    0.000000   clock __VIRTUAL_CLK__ (rise edge)
                                  0.000000    0.000000   clock network delay (ideal)
                                  5.000000    5.000000 ^ input external delay
     1    0.002983    0.033453    0.016803    5.016803 ^ SrcB[8] (in)
                                                         SrcB[8] (net)
                      0.033453    0.000000    5.016803 ^ input35/A (sky130_fd_sc_hd__clkbuf_2)
     6    0.025264    0.221991    0.284810    5.301613 ^ input35/X (sky130_fd_sc_hd__clkbuf_2)
                                                         net35 (net)
                      0.222083    0.001836    5.303449 ^ _617_/A2 (sky130_fd_sc_hd__o211a_1)
     1    0.002116    0.065915    0.317677    5.621126 ^ _617_/X (sky130_fd_sc_hd__o211a_1)
                                                         _188_ (net)
                      0.065915    0.000096    5.621222 ^ _620_/B (sky130_fd_sc_hd__or4_1)
     1    0.003848    0.076210    0.183464    5.804686 ^ _620_/X (sky130_fd_sc_hd__or4_1)
                                                         _191_ (net)
                      0.076210    0.000257    5.804944 ^ _623_/B1 (sky130_fd_sc_hd__a211o_1)
     2    0.006813    0.109534    0.204261    6.009204 ^ _623_/X (sky130_fd_sc_hd__a211o_1)
                                                         net51 (net)
                      0.109535    0.000473    6.009677 ^ output51/A (sky130_fd_sc_hd__buf_2)
     1    0.034141    0.271476    0.360536    6.370214 ^ output51/X (sky130_fd_sc_hd__buf_2)
                                                         ALU_result[8] (net)
                      0.271482    0.001703    6.371916 ^ ALU_result[8] (out)
                                              6.371916   data arrival time

                      0.000000    0.000000    0.000000   clock __VIRTUAL_CLK__ (rise edge)
                                  0.000000    0.000000   clock network delay (ideal)
                                  0.250000    0.250000   clock uncertainty
                                  0.000000    0.250000   clock reconvergence pessimism
                                 -5.000000   -4.750000   output external delay
                                             -4.750000   data required time
---------------------------------------------------------------------------------------------
                                             -4.750000   data required time
                                             -6.371916   data arrival time
---------------------------------------------------------------------------------------------
                                             11.121916   slack (MET)


Startpoint: ALU_control[3] (input port clocked by __VIRTUAL_CLK__)
Endpoint: ALU_result[9] (output port clocked by __VIRTUAL_CLK__)
Path Group: __VIRTUAL_CLK__
Path Type: min

Fanout         Cap        Slew       Delay        Time   Description
---------------------------------------------------------------------------------------------
                      0.000000    0.000000    0.000000   clock __VIRTUAL_CLK__ (rise edge)
                                  0.000000    0.000000   clock network delay (ideal)
                                  5.000000    5.000000 ^ input external delay
     1    0.003352    0.035925    0.018755    5.018755 ^ ALU_control[3] (in)
                                                         ALU_control[3] (net)
                      0.035925    0.000000    5.018755 ^ input4/A (sky130_fd_sc_hd__clkbuf_2)
     9    0.023394    0.206742    0.275701    5.294456 ^ input4/X (sky130_fd_sc_hd__clkbuf_2)
                                                         net4 (net)
                      0.206743    0.000999    5.295455 ^ _417_/C (sky130_fd_sc_hd__or3_4)
     7    0.048070    0.235375    0.411364    5.706819 ^ _417_/X (sky130_fd_sc_hd__or3_4)
                                                         _371_ (net)
                      0.235509    0.005214    5.712032 ^ _639_/A1 (sky130_fd_sc_hd__o31ai_1)
     2    0.009740    0.174362    0.301463    6.013495 v _639_/Y (sky130_fd_sc_hd__o31ai_1)
                                                         net52 (net)
                      0.174362    0.000624    6.014119 v output52/A (sky130_fd_sc_hd__buf_2)
     1    0.034898    0.168794    0.395931    6.410050 v output52/X (sky130_fd_sc_hd__buf_2)
                                                         ALU_result[9] (net)
                      0.168810    0.001749    6.411799 v ALU_result[9] (out)
                                              6.411799   data arrival time

                      0.000000    0.000000    0.000000   clock __VIRTUAL_CLK__ (rise edge)
                                  0.000000    0.000000   clock network delay (ideal)
                                  0.250000    0.250000   clock uncertainty
                                  0.000000    0.250000   clock reconvergence pessimism
                                 -5.000000   -4.750000   output external delay
                                             -4.750000   data required time
---------------------------------------------------------------------------------------------
                                             -4.750000   data required time
                                             -6.411799   data arrival time
---------------------------------------------------------------------------------------------
                                             11.161798   slack (MET)


Startpoint: ALU_control[3] (input port clocked by __VIRTUAL_CLK__)
Endpoint: ALU_result[15] (output port clocked by __VIRTUAL_CLK__)
Path Group: __VIRTUAL_CLK__
Path Type: min

Fanout         Cap        Slew       Delay        Time   Description
---------------------------------------------------------------------------------------------
                      0.000000    0.000000    0.000000   clock __VIRTUAL_CLK__ (rise edge)
                                  0.000000    0.000000   clock network delay (ideal)
                                  5.000000    5.000000 ^ input external delay
     1    0.003352    0.035925    0.018755    5.018755 ^ ALU_control[3] (in)
                                                         ALU_control[3] (net)
                      0.035925    0.000000    5.018755 ^ input4/A (sky130_fd_sc_hd__clkbuf_2)
     9    0.023394    0.206742    0.275701    5.294456 ^ input4/X (sky130_fd_sc_hd__clkbuf_2)
                                                         net4 (net)
                      0.206743    0.000999    5.295455 ^ _417_/C (sky130_fd_sc_hd__or3_4)
     7    0.048070    0.235375    0.411364    5.706819 ^ _417_/X (sky130_fd_sc_hd__or3_4)
                                                         _371_ (net)
                      0.235586    0.006348    5.713167 ^ _752_/A (sky130_fd_sc_hd__or3_1)
     2    0.004715    0.086930    0.267383    5.980550 ^ _752_/X (sky130_fd_sc_hd__or3_1)
                                                         _316_ (net)
                      0.086930    0.000255    5.980805 ^ _762_/A (sky130_fd_sc_hd__nand2_1)
     1    0.002769    0.068657    0.101478    6.082284 v _762_/Y (sky130_fd_sc_hd__nand2_1)
                                                         net43 (net)
                      0.068657    0.000184    6.082468 v output43/A (sky130_fd_sc_hd__buf_2)
     1    0.034637    0.167661    0.344433    6.426900 v output43/X (sky130_fd_sc_hd__buf_2)
                                                         ALU_result[15] (net)
                      0.167676    0.001690    6.428590 v ALU_result[15] (out)
                                              6.428590   data arrival time

                      0.000000    0.000000    0.000000   clock __VIRTUAL_CLK__ (rise edge)
                                  0.000000    0.000000   clock network delay (ideal)
                                  0.250000    0.250000   clock uncertainty
                                  0.000000    0.250000   clock reconvergence pessimism
                                 -5.000000   -4.750000   output external delay
                                             -4.750000   data required time
---------------------------------------------------------------------------------------------
                                             -4.750000   data required time
                                             -6.428590   data arrival time
---------------------------------------------------------------------------------------------
                                             11.178591   slack (MET)


Startpoint: ALU_control[3] (input port clocked by __VIRTUAL_CLK__)
Endpoint: ALU_result[12] (output port clocked by __VIRTUAL_CLK__)
Path Group: __VIRTUAL_CLK__
Path Type: min

Fanout         Cap        Slew       Delay        Time   Description
---------------------------------------------------------------------------------------------
                      0.000000    0.000000    0.000000   clock __VIRTUAL_CLK__ (rise edge)
                                  0.000000    0.000000   clock network delay (ideal)
                                  5.000000    5.000000 ^ input external delay
     1    0.003352    0.035925    0.018755    5.018755 ^ ALU_control[3] (in)
                                                         ALU_control[3] (net)
                      0.035925    0.000000    5.018755 ^ input4/A (sky130_fd_sc_hd__clkbuf_2)
     9    0.023394    0.206742    0.275701    5.294456 ^ input4/X (sky130_fd_sc_hd__clkbuf_2)
                                                         net4 (net)
                      0.206743    0.000999    5.295455 ^ _417_/C (sky130_fd_sc_hd__or3_4)
     7    0.048070    0.235375    0.411364    5.706819 ^ _417_/X (sky130_fd_sc_hd__or3_4)
                                                         _371_ (net)
                      0.235557    0.005953    5.712772 ^ _691_/B (sky130_fd_sc_hd__or3b_1)
     2    0.005913    0.103263    0.274929    5.987701 ^ _691_/X (sky130_fd_sc_hd__or3b_1)
                                                         _258_ (net)
                      0.103263    0.000419    5.988121 ^ _704_/A (sky130_fd_sc_hd__nand2_1)
     1    0.002109    0.061642    0.099705    6.087826 v _704_/Y (sky130_fd_sc_hd__nand2_1)
                                                         net40 (net)
                      0.061643    0.000142    6.087968 v output40/A (sky130_fd_sc_hd__buf_2)
     1    0.034687    0.167894    0.341374    6.429342 v output40/X (sky130_fd_sc_hd__buf_2)
                                                         ALU_result[12] (net)
                      0.167909    0.001694    6.431036 v ALU_result[12] (out)
                                              6.431036   data arrival time

                      0.000000    0.000000    0.000000   clock __VIRTUAL_CLK__ (rise edge)
                                  0.000000    0.000000   clock network delay (ideal)
                                  0.250000    0.250000   clock uncertainty
                                  0.000000    0.250000   clock reconvergence pessimism
                                 -5.000000   -4.750000   output external delay
                                             -4.750000   data required time
---------------------------------------------------------------------------------------------
                                             -4.750000   data required time
                                             -6.431036   data arrival time
---------------------------------------------------------------------------------------------
                                             11.181036   slack (MET)


Startpoint: SrcB[5] (input port clocked by __VIRTUAL_CLK__)
Endpoint: ALU_result[5] (output port clocked by __VIRTUAL_CLK__)
Path Group: __VIRTUAL_CLK__
Path Type: min

Fanout         Cap        Slew       Delay        Time   Description
---------------------------------------------------------------------------------------------
                      0.000000    0.000000    0.000000   clock __VIRTUAL_CLK__ (rise edge)
                                  0.000000    0.000000   clock network delay (ideal)
                                  5.000000    5.000000 ^ input external delay
     1    0.002985    0.033470    0.016817    5.016817 ^ SrcB[5] (in)
                                                         SrcB[5] (net)
                      0.033470    0.000000    5.016817 ^ input32/A (sky130_fd_sc_hd__clkbuf_2)
     7    0.028179    0.245596    0.301441    5.318257 ^ input32/X (sky130_fd_sc_hd__clkbuf_2)
                                                         net32 (net)
                      0.245689    0.001771    5.320029 ^ _551_/A2 (sky130_fd_sc_hd__a311o_1)
     1    0.001555    0.061299    0.374627    5.694656 ^ _551_/X (sky130_fd_sc_hd__a311o_1)
                                                         _125_ (net)
                      0.061299    0.000071    5.694726 ^ _552_/A_N (sky130_fd_sc_hd__nand2b_1)
     1    0.004909    0.103448    0.185095    5.879822 ^ _552_/Y (sky130_fd_sc_hd__nand2b_1)
                                                         _126_ (net)
                      0.103448    0.000349    5.880171 ^ _553_/B1 (sky130_fd_sc_hd__a31o_1)
     2    0.006352    0.118638    0.216278    6.096449 ^ _553_/X (sky130_fd_sc_hd__a31o_1)
                                                         net48 (net)
                      0.118638    0.000280    6.096729 ^ output48/A (sky130_fd_sc_hd__buf_2)
     1    0.034228    0.272132    0.365310    6.462039 ^ output48/X (sky130_fd_sc_hd__buf_2)
                                                         ALU_result[5] (net)
                      0.272138    0.001648    6.463687 ^ ALU_result[5] (out)
                                              6.463687   data arrival time

                      0.000000    0.000000    0.000000   clock __VIRTUAL_CLK__ (rise edge)
                                  0.000000    0.000000   clock network delay (ideal)
                                  0.250000    0.250000   clock uncertainty
                                  0.000000    0.250000   clock reconvergence pessimism
                                 -5.000000   -4.750000   output external delay
                                             -4.750000   data required time
---------------------------------------------------------------------------------------------
                                             -4.750000   data required time
                                             -6.463687   data arrival time
---------------------------------------------------------------------------------------------
                                             11.213687   slack (MET)


Startpoint: ALU_control[3] (input port clocked by __VIRTUAL_CLK__)
Endpoint: ALU_result[13] (output port clocked by __VIRTUAL_CLK__)
Path Group: __VIRTUAL_CLK__
Path Type: min

Fanout         Cap        Slew       Delay        Time   Description
---------------------------------------------------------------------------------------------
                      0.000000    0.000000    0.000000   clock __VIRTUAL_CLK__ (rise edge)
                                  0.000000    0.000000   clock network delay (ideal)
                                  5.000000    5.000000 ^ input external delay
     1    0.003352    0.035925    0.018755    5.018755 ^ ALU_control[3] (in)
                                                         ALU_control[3] (net)
                      0.035925    0.000000    5.018755 ^ input4/A (sky130_fd_sc_hd__clkbuf_2)
     9    0.023394    0.206742    0.275701    5.294456 ^ input4/X (sky130_fd_sc_hd__clkbuf_2)
                                                         net4 (net)
                      0.206743    0.000999    5.295455 ^ _417_/C (sky130_fd_sc_hd__or3_4)
     7    0.048070    0.235375    0.411364    5.706819 ^ _417_/X (sky130_fd_sc_hd__or3_4)
                                                         _371_ (net)
                      0.235580    0.006275    5.713094 ^ _711_/B1 (sky130_fd_sc_hd__a31o_1)
     1    0.002908    0.073846    0.231034    5.944128 ^ _711_/X (sky130_fd_sc_hd__a31o_1)
                                                         _277_ (net)
                      0.073846    0.000213    5.944340 ^ _723_/A2 (sky130_fd_sc_hd__o21ai_1)
     2    0.007969    0.143595    0.172990    6.117331 v _723_/Y (sky130_fd_sc_hd__o21ai_1)
                                                         net41 (net)
                      0.143595    0.000300    6.117630 v output41/A (sky130_fd_sc_hd__buf_2)
     1    0.034995    0.169143    0.381393    6.499023 v output41/X (sky130_fd_sc_hd__buf_2)
                                                         ALU_result[13] (net)
                      0.169160    0.001769    6.500792 v ALU_result[13] (out)
                                              6.500792   data arrival time

                      0.000000    0.000000    0.000000   clock __VIRTUAL_CLK__ (rise edge)
                                  0.000000    0.000000   clock network delay (ideal)
                                  0.250000    0.250000   clock uncertainty
                                  0.000000    0.250000   clock reconvergence pessimism
                                 -5.000000   -4.750000   output external delay
                                             -4.750000   data required time
---------------------------------------------------------------------------------------------
                                             -4.750000   data required time
                                             -6.500792   data arrival time
---------------------------------------------------------------------------------------------
                                             11.250792   slack (MET)


Startpoint: ALU_control[2] (input port clocked by __VIRTUAL_CLK__)
Endpoint: ALU_result[1] (output port clocked by __VIRTUAL_CLK__)
Path Group: __VIRTUAL_CLK__
Path Type: min

Fanout         Cap        Slew       Delay        Time   Description
---------------------------------------------------------------------------------------------
                      0.000000    0.000000    0.000000   clock __VIRTUAL_CLK__ (rise edge)
                                  0.000000    0.000000   clock network delay (ideal)
                                  5.000000    5.000000 v input external delay
     1    0.003163    0.019852    0.010421    5.010421 v ALU_control[2] (in)
                                                         ALU_control[2] (net)
                      0.019852    0.000000    5.010421 v input3/A (sky130_fd_sc_hd__clkbuf_2)
     9    0.030410    0.216148    0.293780    5.304201 v input3/X (sky130_fd_sc_hd__clkbuf_2)
                                                         net3 (net)
                      0.216174    0.002404    5.306605 v _385_/B (sky130_fd_sc_hd__nand3b_2)
     5    0.034772    0.297971    0.365707    5.672312 ^ _385_/Y (sky130_fd_sc_hd__nand3b_2)
                                                         _340_ (net)
                      0.297994    0.002859    5.675171 ^ _443_/B2 (sky130_fd_sc_hd__o22a_1)
     1    0.003147    0.077147    0.311267    5.986438 ^ _443_/X (sky130_fd_sc_hd__o22a_1)
                                                         _021_ (net)
                      0.077147    0.000218    5.986656 ^ _444_/B (sky130_fd_sc_hd__nand2_1)
     2    0.006200    0.119670    0.148353    6.135009 v _444_/Y (sky130_fd_sc_hd__nand2_1)
                                                         net44 (net)
                      0.119670    0.000457    6.135466 v output44/A (sky130_fd_sc_hd__buf_2)
     1    0.036258    0.174196    0.373701    6.509167 v output44/X (sky130_fd_sc_hd__buf_2)
                                                         ALU_result[1] (net)
                      0.174220    0.002057    6.511224 v ALU_result[1] (out)
                                              6.511224   data arrival time

                      0.000000    0.000000    0.000000   clock __VIRTUAL_CLK__ (rise edge)
                                  0.000000    0.000000   clock network delay (ideal)
                                  0.250000    0.250000   clock uncertainty
                                  0.000000    0.250000   clock reconvergence pessimism
                                 -5.000000   -4.750000   output external delay
                                             -4.750000   data required time
---------------------------------------------------------------------------------------------
                                             -4.750000   data required time
                                             -6.511224   data arrival time
---------------------------------------------------------------------------------------------
                                             11.261225   slack (MET)


Startpoint: SrcA[3] (input port clocked by __VIRTUAL_CLK__)
Endpoint: ALU_result[4] (output port clocked by __VIRTUAL_CLK__)
Path Group: __VIRTUAL_CLK__
Path Type: min

Fanout         Cap        Slew       Delay        Time   Description
---------------------------------------------------------------------------------------------
                      0.000000    0.000000    0.000000   clock __VIRTUAL_CLK__ (rise edge)
                                  0.000000    0.000000   clock network delay (ideal)
                                  5.000000    5.000000 ^ input external delay
     1    0.003107    0.034276    0.017454    5.017454 ^ SrcA[3] (in)
                                                         SrcA[3] (net)
                      0.034277    0.000000    5.017454 ^ input14/A (sky130_fd_sc_hd__buf_1)
     5    0.016043    0.310930    0.305815    5.323269 ^ input14/X (sky130_fd_sc_hd__buf_1)
                                                         net14 (net)
                      0.310932    0.000774    5.324043 ^ _481_/A (sky130_fd_sc_hd__nor2_1)
     4    0.020414    0.179840    0.297866    5.621909 v _481_/Y (sky130_fd_sc_hd__nor2_1)
                                                         _057_ (net)
                      0.179879    0.002208    5.624118 v _511_/A1 (sky130_fd_sc_hd__o21ai_1)
     1    0.002809    0.134107    0.255326    5.879444 ^ _511_/Y (sky130_fd_sc_hd__o21ai_1)
                                                         _086_ (net)
                      0.134107    0.000205    5.879649 ^ _527_/A3 (sky130_fd_sc_hd__a31o_1)
     2    0.005420    0.105907    0.350776    6.230425 ^ _527_/X (sky130_fd_sc_hd__a31o_1)
                                                         net47 (net)
                      0.105907    0.000197    6.230622 ^ output47/A (sky130_fd_sc_hd__buf_2)
     1    0.034252    0.272301    0.359423    6.590045 ^ output47/X (sky130_fd_sc_hd__buf_2)
                                                         ALU_result[4] (net)
                      0.272307    0.001716    6.591761 ^ ALU_result[4] (out)
                                              6.591761   data arrival time

                      0.000000    0.000000    0.000000   clock __VIRTUAL_CLK__ (rise edge)
                                  0.000000    0.000000   clock network delay (ideal)
                                  0.250000    0.250000   clock uncertainty
                                  0.000000    0.250000   clock reconvergence pessimism
                                 -5.000000   -4.750000   output external delay
                                             -4.750000   data required time
---------------------------------------------------------------------------------------------
                                             -4.750000   data required time
                                             -6.591761   data arrival time
---------------------------------------------------------------------------------------------
                                             11.341761   slack (MET)


Startpoint: SrcA[3] (input port clocked by __VIRTUAL_CLK__)
Endpoint: ALU_result[3] (output port clocked by __VIRTUAL_CLK__)
Path Group: __VIRTUAL_CLK__
Path Type: min

Fanout         Cap        Slew       Delay        Time   Description
---------------------------------------------------------------------------------------------
                      0.000000    0.000000    0.000000   clock __VIRTUAL_CLK__ (rise edge)
                                  0.000000    0.000000   clock network delay (ideal)
                                  5.000000    5.000000 ^ input external delay
     1    0.003107    0.034276    0.017454    5.017454 ^ SrcA[3] (in)
                                                         SrcA[3] (net)
                      0.034277    0.000000    5.017454 ^ input14/A (sky130_fd_sc_hd__buf_1)
     5    0.016043    0.310930    0.305815    5.323269 ^ input14/X (sky130_fd_sc_hd__buf_1)
                                                         net14 (net)
                      0.310933    0.000889    5.324158 ^ _492_/A2 (sky130_fd_sc_hd__o211a_1)
     1    0.003294    0.080098    0.358510    5.682668 ^ _492_/X (sky130_fd_sc_hd__o211a_1)
                                                         _068_ (net)
                      0.080098    0.000157    5.682825 ^ _497_/B1 (sky130_fd_sc_hd__a211o_1)
     1    0.004292    0.078279    0.181826    5.864651 ^ _497_/X (sky130_fd_sc_hd__a211o_1)
                                                         _073_ (net)
                      0.078279    0.000334    5.864985 ^ _501_/C1 (sky130_fd_sc_hd__a221o_1)
     1    0.006281    0.117711    0.221730    6.086715 ^ _501_/X (sky130_fd_sc_hd__a221o_1)
                                                         _077_ (net)
                      0.117711    0.000484    6.087199 ^ _502_/B1 (sky130_fd_sc_hd__a21o_1)
     2    0.004565    0.078903    0.175952    6.263151 ^ _502_/X (sky130_fd_sc_hd__a21o_1)
                                                         net46 (net)
                      0.078903    0.000300    6.263450 ^ output46/A (sky130_fd_sc_hd__buf_2)
     1    0.034187    0.271735    0.346529    6.609980 ^ output46/X (sky130_fd_sc_hd__buf_2)
                                                         ALU_result[3] (net)
                      0.271740    0.001554    6.611534 ^ ALU_result[3] (out)
                                              6.611534   data arrival time

                      0.000000    0.000000    0.000000   clock __VIRTUAL_CLK__ (rise edge)
                                  0.000000    0.000000   clock network delay (ideal)
                                  0.250000    0.250000   clock uncertainty
                                  0.000000    0.250000   clock reconvergence pessimism
                                 -5.000000   -4.750000   output external delay
                                             -4.750000   data required time
---------------------------------------------------------------------------------------------
                                             -4.750000   data required time
                                             -6.611534   data arrival time
---------------------------------------------------------------------------------------------
                                             11.361534   slack (MET)


Startpoint: SrcB[14] (input port clocked by __VIRTUAL_CLK__)
Endpoint: ALU_result[14] (output port clocked by __VIRTUAL_CLK__)
Path Group: __VIRTUAL_CLK__
Path Type: min

Fanout         Cap        Slew       Delay        Time   Description
---------------------------------------------------------------------------------------------
                      0.000000    0.000000    0.000000   clock __VIRTUAL_CLK__ (rise edge)
                                  0.000000    0.000000   clock network delay (ideal)
                                  5.000000    5.000000 ^ input external delay
     1    0.002428    0.029793    0.013867    5.013867 ^ SrcB[14] (in)
                                                         SrcB[14] (net)
                      0.029793    0.000000    5.013867 ^ input26/A (sky130_fd_sc_hd__dlymetal6s2s_1)
     5    0.018583    0.307704    0.314283    5.328150 ^ input26/X (sky130_fd_sc_hd__dlymetal6s2s_1)
                                                         net26 (net)
                      0.307709    0.001079    5.329228 ^ _725_/A (sky130_fd_sc_hd__xor2_1)
     2    0.004602    0.080926    0.232222    5.561450 v _725_/X (sky130_fd_sc_hd__xor2_1)
                                                         _290_ (net)
                      0.080926    0.000300    5.561751 v _726_/B (sky130_fd_sc_hd__nand2_1)
     1    0.002995    0.064831    0.106698    5.668448 ^ _726_/Y (sky130_fd_sc_hd__nand2_1)
                                                         _291_ (net)
                      0.064831    0.000207    5.668656 ^ _728_/A (sky130_fd_sc_hd__nand2_1)
     2    0.007856    0.145748    0.153391    5.822047 v _728_/Y (sky130_fd_sc_hd__nand2_1)
                                                         _293_ (net)
                      0.145751    0.000536    5.822583 v _732_/A (sky130_fd_sc_hd__nand2_1)
     1    0.002763    0.068247    0.120993    5.943575 ^ _732_/Y (sky130_fd_sc_hd__nand2_1)
                                                         _297_ (net)
                      0.068247    0.000202    5.943777 ^ _744_/A3 (sky130_fd_sc_hd__a31o_1)
     2    0.005427    0.105843    0.328311    6.272088 ^ _744_/X (sky130_fd_sc_hd__a31o_1)
                                                         net42 (net)
                      0.105843    0.000299    6.272387 ^ output42/A (sky130_fd_sc_hd__buf_2)
     1    0.034546    0.274468    0.360985    6.633372 ^ output42/X (sky130_fd_sc_hd__buf_2)
                                                         ALU_result[14] (net)
                      0.274474    0.001672    6.635044 ^ ALU_result[14] (out)
                                              6.635044   data arrival time

                      0.000000    0.000000    0.000000   clock __VIRTUAL_CLK__ (rise edge)
                                  0.000000    0.000000   clock network delay (ideal)
                                  0.250000    0.250000   clock uncertainty
                                  0.000000    0.250000   clock reconvergence pessimism
                                 -5.000000   -4.750000   output external delay
                                             -4.750000   data required time
---------------------------------------------------------------------------------------------
                                             -4.750000   data required time
                                             -6.635044   data arrival time
---------------------------------------------------------------------------------------------
                                             11.385044   slack (MET)


Startpoint: SrcB[11] (input port clocked by __VIRTUAL_CLK__)
Endpoint: ALU_result[11] (output port clocked by __VIRTUAL_CLK__)
Path Group: __VIRTUAL_CLK__
Path Type: min

Fanout         Cap        Slew       Delay        Time   Description
---------------------------------------------------------------------------------------------
                      0.000000    0.000000    0.000000   clock __VIRTUAL_CLK__ (rise edge)
                                  0.000000    0.000000   clock network delay (ideal)
                                  5.000000    5.000000 ^ input external delay
     1    0.003049    0.033893    0.017145    5.017145 ^ SrcB[11] (in)
                                                         SrcB[11] (net)
                      0.033894    0.000000    5.017145 ^ input23/A (sky130_fd_sc_hd__dlymetal6s2s_1)
     5    0.021482    0.349355    0.345225    5.362370 ^ input23/X (sky130_fd_sc_hd__dlymetal6s2s_1)
                                                         net23 (net)
                      0.349370    0.001862    5.364231 ^ _674_/A2 (sky130_fd_sc_hd__o211a_1)
     1    0.001760    0.063689    0.349828    5.714059 ^ _674_/X (sky130_fd_sc_hd__o211a_1)
                                                         _242_ (net)
                      0.063689    0.000082    5.714141 ^ _676_/C (sky130_fd_sc_hd__or4_1)
     1    0.003693    0.074090    0.177161    5.891302 ^ _676_/X (sky130_fd_sc_hd__or4_1)
                                                         _244_ (net)
                      0.074090    0.000243    5.891545 ^ _677_/C1 (sky130_fd_sc_hd__a211o_1)
     1    0.005050    0.087464    0.180558    6.072103 ^ _677_/X (sky130_fd_sc_hd__a211o_1)
                                                         _245_ (net)
                      0.087464    0.000382    6.072485 ^ _678_/B1 (sky130_fd_sc_hd__a31o_1)
     2    0.005933    0.112712    0.204873    6.277358 ^ _678_/X (sky130_fd_sc_hd__a31o_1)
                                                         net39 (net)
                      0.112712    0.000287    6.277644 ^ output39/A (sky130_fd_sc_hd__buf_2)
     1    0.034989    0.277801    0.366454    6.644098 ^ output39/X (sky130_fd_sc_hd__buf_2)
                                                         ALU_result[11] (net)
                      0.277809    0.001805    6.645904 ^ ALU_result[11] (out)
                                              6.645904   data arrival time

                      0.000000    0.000000    0.000000   clock __VIRTUAL_CLK__ (rise edge)
                                  0.000000    0.000000   clock network delay (ideal)
                                  0.250000    0.250000   clock uncertainty
                                  0.000000    0.250000   clock reconvergence pessimism
                                 -5.000000   -4.750000   output external delay
                                             -4.750000   data required time
---------------------------------------------------------------------------------------------
                                             -4.750000   data required time
                                             -6.645904   data arrival time
---------------------------------------------------------------------------------------------
                                             11.395904   slack (MET)


Startpoint: SrcB[3] (input port clocked by __VIRTUAL_CLK__)
Endpoint: ALU_result[2] (output port clocked by __VIRTUAL_CLK__)
Path Group: __VIRTUAL_CLK__
Path Type: min

Fanout         Cap        Slew       Delay        Time   Description
---------------------------------------------------------------------------------------------
                      0.000000    0.000000    0.000000   clock __VIRTUAL_CLK__ (rise edge)
                                  0.000000    0.000000   clock network delay (ideal)
                                  5.000000    5.000000 ^ input external delay
     1    0.003062    0.033980    0.017220    5.017220 ^ SrcB[3] (in)
                                                         SrcB[3] (net)
                      0.033982    0.000000    5.017220 ^ input30/A (sky130_fd_sc_hd__clkbuf_1)
     1    0.004183    0.096353    0.152632    5.169852 ^ input30/X (sky130_fd_sc_hd__clkbuf_1)
                                                         net30 (net)
                      0.096353    0.000259    5.170111 ^ fanout70/A (sky130_fd_sc_hd__clkbuf_2)
     6    0.027250    0.237864    0.324153    5.494264 ^ fanout70/X (sky130_fd_sc_hd__clkbuf_2)
                                                         net70 (net)
                      0.237883    0.002278    5.496542 ^ _474_/A1 (sky130_fd_sc_hd__a31o_1)
     1    0.003117    0.074922    0.332795    5.829337 ^ _474_/X (sky130_fd_sc_hd__a31o_1)
                                                         _051_ (net)
                      0.074922    0.000213    5.829550 ^ _475_/A2 (sky130_fd_sc_hd__a21o_1)
     1    0.005924    0.095574    0.244520    6.074070 ^ _475_/X (sky130_fd_sc_hd__a21o_1)
                                                         _052_ (net)
                      0.095574    0.000451    6.074521 ^ _476_/B1 (sky130_fd_sc_hd__a31o_1)
     2    0.005817    0.111152    0.207085    6.281606 ^ _476_/X (sky130_fd_sc_hd__a31o_1)
                                                         net45 (net)
                      0.111152    0.000196    6.281802 ^ output45/A (sky130_fd_sc_hd__buf_2)
     1    0.035523    0.281774    0.368533    6.650335 ^ output45/X (sky130_fd_sc_hd__buf_2)
                                                         ALU_result[2] (net)
                      0.281782    0.001849    6.652184 ^ ALU_result[2] (out)
                                              6.652184   data arrival time

                      0.000000    0.000000    0.000000   clock __VIRTUAL_CLK__ (rise edge)
                                  0.000000    0.000000   clock network delay (ideal)
                                  0.250000    0.250000   clock uncertainty
                                  0.000000    0.250000   clock reconvergence pessimism
                                 -5.000000   -4.750000   output external delay
                                             -4.750000   data required time
---------------------------------------------------------------------------------------------
                                             -4.750000   data required time
                                             -6.652184   data arrival time
---------------------------------------------------------------------------------------------
                                             11.402184   slack (MET)


Startpoint: SrcB[6] (input port clocked by __VIRTUAL_CLK__)
Endpoint: ALU_result[6] (output port clocked by __VIRTUAL_CLK__)
Path Group: __VIRTUAL_CLK__
Path Type: min

Fanout         Cap        Slew       Delay        Time   Description
---------------------------------------------------------------------------------------------
                      0.000000    0.000000    0.000000   clock __VIRTUAL_CLK__ (rise edge)
                                  0.000000    0.000000   clock network delay (ideal)
                                  5.000000    5.000000 v input external delay
     1    0.002792    0.018422    0.009255    5.009255 v SrcB[6] (in)
                                                         SrcB[6] (net)
                      0.018425    0.000000    5.009255 v input33/A (sky130_fd_sc_hd__buf_1)
     5    0.017739    0.207460    0.259872    5.269126 v input33/X (sky130_fd_sc_hd__buf_1)
                                                         net33 (net)
                      0.207461    0.000809    5.269936 v _573_/A2 (sky130_fd_sc_hd__o21ai_1)
     1    0.002271    0.130171    0.233675    5.503611 ^ _573_/Y (sky130_fd_sc_hd__o21ai_1)
                                                         _146_ (net)
                      0.130171    0.000158    5.503768 ^ _574_/A0 (sky130_fd_sc_hd__mux2_1)
     1    0.004049    0.087283    0.265964    5.769732 ^ _574_/X (sky130_fd_sc_hd__mux2_1)
                                                         _147_ (net)
                      0.087283    0.000260    5.769992 ^ _577_/C1 (sky130_fd_sc_hd__o311a_1)
     1    0.003798    0.096249    0.332978    6.102970 ^ _577_/X (sky130_fd_sc_hd__o311a_1)
                                                         _150_ (net)
                      0.096249    0.000237    6.103207 ^ _578_/B1 (sky130_fd_sc_hd__o21ai_1)
     2    0.008936    0.158155    0.205251    6.308458 v _578_/Y (sky130_fd_sc_hd__o21ai_1)
                                                         net49 (net)
                      0.158155    0.000496    6.308954 v output49/A (sky130_fd_sc_hd__buf_2)
     1    0.034193    0.165966    0.385898    6.694853 v output49/X (sky130_fd_sc_hd__buf_2)
                                                         ALU_result[6] (net)
                      0.165982    0.001704    6.696557 v ALU_result[6] (out)
                                              6.696557   data arrival time

                      0.000000    0.000000    0.000000   clock __VIRTUAL_CLK__ (rise edge)
                                  0.000000    0.000000   clock network delay (ideal)
                                  0.250000    0.250000   clock uncertainty
                                  0.000000    0.250000   clock reconvergence pessimism
                                 -5.000000   -4.750000   output external delay
                                             -4.750000   data required time
---------------------------------------------------------------------------------------------
                                             -4.750000   data required time
                                             -6.696557   data arrival time
---------------------------------------------------------------------------------------------
                                             11.446557   slack (MET)


Startpoint: ALU_control[3] (input port clocked by __VIRTUAL_CLK__)
Endpoint: zero (output port clocked by __VIRTUAL_CLK__)
Path Group: __VIRTUAL_CLK__
Path Type: min

Fanout         Cap        Slew       Delay        Time   Description
---------------------------------------------------------------------------------------------
                      0.000000    0.000000    0.000000   clock __VIRTUAL_CLK__ (rise edge)
                                  0.000000    0.000000   clock network delay (ideal)
                                  5.000000    5.000000 ^ input external delay
     1    0.003352    0.035925    0.018755    5.018755 ^ ALU_control[3] (in)
                                                         ALU_control[3] (net)
                      0.035925    0.000000    5.018755 ^ input4/A (sky130_fd_sc_hd__clkbuf_2)
     9    0.023394    0.206742    0.275701    5.294456 ^ input4/X (sky130_fd_sc_hd__clkbuf_2)
                                                         net4 (net)
                      0.206743    0.000999    5.295455 ^ _417_/C (sky130_fd_sc_hd__or3_4)
     7    0.048070    0.235375    0.411364    5.706819 ^ _417_/X (sky130_fd_sc_hd__or3_4)
                                                         _371_ (net)
                      0.235586    0.006348    5.713167 ^ _752_/A (sky130_fd_sc_hd__or3_1)
     2    0.004715    0.086930    0.267383    5.980550 ^ _752_/X (sky130_fd_sc_hd__or3_1)
                                                         _316_ (net)
                      0.086930    0.000150    5.980700 ^ _768_/B (sky130_fd_sc_hd__and4b_1)
     1    0.002323    0.094408    0.364348    6.345049 ^ _768_/X (sky130_fd_sc_hd__and4b_1)
                                                         net53 (net)
                      0.094408    0.000156    6.345205 ^ output53/A (sky130_fd_sc_hd__buf_2)
     1    0.034665    0.275338    0.356243    6.701448 ^ output53/X (sky130_fd_sc_hd__buf_2)
                                                         zero (net)
                      0.275344    0.001692    6.703140 ^ zero (out)
                                              6.703140   data arrival time

                      0.000000    0.000000    0.000000   clock __VIRTUAL_CLK__ (rise edge)
                                  0.000000    0.000000   clock network delay (ideal)
                                  0.250000    0.250000   clock uncertainty
                                  0.000000    0.250000   clock reconvergence pessimism
                                 -5.000000   -4.750000   output external delay
                                             -4.750000   data required time
---------------------------------------------------------------------------------------------
                                             -4.750000   data required time
                                             -6.703140   data arrival time
---------------------------------------------------------------------------------------------
                                             11.453139   slack (MET)


Startpoint: SrcA[6] (input port clocked by __VIRTUAL_CLK__)
Endpoint: ALU_result[7] (output port clocked by __VIRTUAL_CLK__)
Path Group: __VIRTUAL_CLK__
Path Type: min

Fanout         Cap        Slew       Delay        Time   Description
---------------------------------------------------------------------------------------------
                      0.000000    0.000000    0.000000   clock __VIRTUAL_CLK__ (rise edge)
                                  0.000000    0.000000   clock network delay (ideal)
                                  5.000000    5.000000 v input external delay
     1    0.003285    0.020329    0.010808    5.010808 v SrcA[6] (in)
                                                         SrcA[6] (net)
                      0.020330    0.000000    5.010808 v input17/A (sky130_fd_sc_hd__clkbuf_1)
     2    0.009466    0.119332    0.194381    5.205189 v input17/X (sky130_fd_sc_hd__clkbuf_1)
                                                         net17 (net)
                      0.119332    0.000490    5.205679 v fanout92/A (sky130_fd_sc_hd__buf_2)
    10    0.035321    0.170023    0.370148    5.575827 v fanout92/X (sky130_fd_sc_hd__buf_2)
                                                         net92 (net)
                      0.170050    0.002158    5.577985 v _556_/A (sky130_fd_sc_hd__nand2_1)
     2    0.007146    0.126235    0.179519    5.757504 ^ _556_/Y (sky130_fd_sc_hd__nand2_1)
                                                         _129_ (net)
                      0.126235    0.000463    5.757966 ^ _582_/A (sky130_fd_sc_hd__nand3_1)
     1    0.002748    0.121720    0.156922    5.914888 v _582_/Y (sky130_fd_sc_hd__nand3_1)
                                                         _154_ (net)
                      0.121720    0.000126    5.915014 v _597_/A2 (sky130_fd_sc_hd__a31o_1)
     2    0.007296    0.099455    0.429324    6.344338 v _597_/X (sky130_fd_sc_hd__a31o_1)
                                                         net50 (net)
                      0.099455    0.000406    6.344745 v output50/A (sky130_fd_sc_hd__buf_2)
     1    0.033975    0.164992    0.356972    6.701717 v output50/X (sky130_fd_sc_hd__buf_2)
                                                         ALU_result[7] (net)
                      0.165006    0.001590    6.703308 v ALU_result[7] (out)
                                              6.703308   data arrival time

                      0.000000    0.000000    0.000000   clock __VIRTUAL_CLK__ (rise edge)
                                  0.000000    0.000000   clock network delay (ideal)
                                  0.250000    0.250000   clock uncertainty
                                  0.000000    0.250000   clock reconvergence pessimism
                                 -5.000000   -4.750000   output external delay
                                             -4.750000   data required time
---------------------------------------------------------------------------------------------
                                             -4.750000   data required time
                                             -6.703308   data arrival time
---------------------------------------------------------------------------------------------
                                             11.453308   slack (MET)



