
===========================================================================
report_checks -path_delay max (Setup)
============================================================================
======================= nom_tt_025C_1v80 Corner ===================================

Startpoint: pc[13] (input port clocked by clk)
Endpoint: _116_ (rising edge-triggered flip-flop clocked by clk)
Path Group: clk
Path Type: max

Fanout         Cap        Slew       Delay        Time   Description
---------------------------------------------------------------------------------------------
                      0.150000    0.000000    0.000000   clock clk (rise edge)
                                  0.000000    0.000000   clock network delay (ideal)
                                  2.000000    2.000000 v input external delay
     1    0.001344    0.005459    0.001987    2.001987 v pc[13] (in)
                                                         pc[13] (net)
                      0.005459    0.000000    2.001987 v _062_/A (sky130_fd_sc_hd__or4_2)
     2    0.005371    0.112479    0.664897    2.666884 v _062_/X (sky130_fd_sc_hd__or4_2)
                                                         _018_ (net)
                      0.112479    0.000000    2.666884 v _065_/C (sky130_fd_sc_hd__or4_2)
    10    0.041190    0.220922    0.800078    3.466962 v _065_/X (sky130_fd_sc_hd__or4_2)
                                                         _021_ (net)
                      0.220922    0.000000    3.466962 v _073_/B1 (sky130_fd_sc_hd__a21oi_2)
     1    0.001674    0.088159    0.150551    3.617513 ^ _073_/Y (sky130_fd_sc_hd__a21oi_2)
                                                         _000_ (net)
                      0.088159    0.000000    3.617513 ^ _116_/D (sky130_fd_sc_hd__dfxtp_2)
                                              3.617513   data arrival time

                      0.150000   10.000000   10.000000   clock clk (rise edge)
                                  0.000000   10.000000   clock network delay (ideal)
                                 -0.250000    9.750000   clock uncertainty
                                  0.000000    9.750000   clock reconvergence pessimism
                                              9.750000 ^ _116_/CLK (sky130_fd_sc_hd__dfxtp_2)
                                 -0.053236    9.696765   library setup time
                                              9.696765   data required time
---------------------------------------------------------------------------------------------
                                              9.696765   data required time
                                             -3.617513   data arrival time
---------------------------------------------------------------------------------------------
                                              6.079252   slack (MET)


Startpoint: pc[13] (input port clocked by clk)
Endpoint: _117_ (rising edge-triggered flip-flop clocked by clk)
Path Group: clk
Path Type: max

Fanout         Cap        Slew       Delay        Time   Description
---------------------------------------------------------------------------------------------
                      0.150000    0.000000    0.000000   clock clk (rise edge)
                                  0.000000    0.000000   clock network delay (ideal)
                                  2.000000    2.000000 v input external delay
     1    0.001344    0.005459    0.001987    2.001987 v pc[13] (in)
                                                         pc[13] (net)
                      0.005459    0.000000    2.001987 v _062_/A (sky130_fd_sc_hd__or4_2)
     2    0.005371    0.112479    0.664897    2.666884 v _062_/X (sky130_fd_sc_hd__or4_2)
                                                         _018_ (net)
                      0.112479    0.000000    2.666884 v _065_/C (sky130_fd_sc_hd__or4_2)
    10    0.041190    0.220922    0.800078    3.466962 v _065_/X (sky130_fd_sc_hd__or4_2)
                                                         _021_ (net)
                      0.220922    0.000000    3.466962 v _079_/B1 (sky130_fd_sc_hd__a21oi_2)
     1    0.001674    0.088159    0.150551    3.617513 ^ _079_/Y (sky130_fd_sc_hd__a21oi_2)
                                                         _001_ (net)
                      0.088159    0.000000    3.617513 ^ _117_/D (sky130_fd_sc_hd__dfxtp_2)
                                              3.617513   data arrival time

                      0.150000   10.000000   10.000000   clock clk (rise edge)
                                  0.000000   10.000000   clock network delay (ideal)
                                 -0.250000    9.750000   clock uncertainty
                                  0.000000    9.750000   clock reconvergence pessimism
                                              9.750000 ^ _117_/CLK (sky130_fd_sc_hd__dfxtp_2)
                                 -0.053236    9.696765   library setup time
                                              9.696765   data required time
---------------------------------------------------------------------------------------------
                                              9.696765   data required time
                                             -3.617513   data arrival time
---------------------------------------------------------------------------------------------
                                              6.079252   slack (MET)


Startpoint: pc[13] (input port clocked by clk)
Endpoint: _118_ (rising edge-triggered flip-flop clocked by clk)
Path Group: clk
Path Type: max

Fanout         Cap        Slew       Delay        Time   Description
---------------------------------------------------------------------------------------------
                      0.150000    0.000000    0.000000   clock clk (rise edge)
                                  0.000000    0.000000   clock network delay (ideal)
                                  2.000000    2.000000 v input external delay
     1    0.001344    0.005459    0.001987    2.001987 v pc[13] (in)
                                                         pc[13] (net)
                      0.005459    0.000000    2.001987 v _062_/A (sky130_fd_sc_hd__or4_2)
     2    0.005371    0.112479    0.664897    2.666884 v _062_/X (sky130_fd_sc_hd__or4_2)
                                                         _018_ (net)
                      0.112479    0.000000    2.666884 v _065_/C (sky130_fd_sc_hd__or4_2)
    10    0.041190    0.220922    0.800078    3.466962 v _065_/X (sky130_fd_sc_hd__or4_2)
                                                         _021_ (net)
                      0.220922    0.000000    3.466962 v _088_/B1 (sky130_fd_sc_hd__a21oi_2)
     1    0.001674    0.088159    0.150551    3.617513 ^ _088_/Y (sky130_fd_sc_hd__a21oi_2)
                                                         _002_ (net)
                      0.088159    0.000000    3.617513 ^ _118_/D (sky130_fd_sc_hd__dfxtp_2)
                                              3.617513   data arrival time

                      0.150000   10.000000   10.000000   clock clk (rise edge)
                                  0.000000   10.000000   clock network delay (ideal)
                                 -0.250000    9.750000   clock uncertainty
                                  0.000000    9.750000   clock reconvergence pessimism
                                              9.750000 ^ _118_/CLK (sky130_fd_sc_hd__dfxtp_2)
                                 -0.053236    9.696765   library setup time
                                              9.696765   data required time
---------------------------------------------------------------------------------------------
                                              9.696765   data required time
                                             -3.617513   data arrival time
---------------------------------------------------------------------------------------------
                                              6.079252   slack (MET)


Startpoint: pc[13] (input port clocked by clk)
Endpoint: _120_ (rising edge-triggered flip-flop clocked by clk)
Path Group: clk
Path Type: max

Fanout         Cap        Slew       Delay        Time   Description
---------------------------------------------------------------------------------------------
                      0.150000    0.000000    0.000000   clock clk (rise edge)
                                  0.000000    0.000000   clock network delay (ideal)
                                  2.000000    2.000000 v input external delay
     1    0.001344    0.005459    0.001987    2.001987 v pc[13] (in)
                                                         pc[13] (net)
                      0.005459    0.000000    2.001987 v _062_/A (sky130_fd_sc_hd__or4_2)
     2    0.005371    0.112479    0.664897    2.666884 v _062_/X (sky130_fd_sc_hd__or4_2)
                                                         _018_ (net)
                      0.112479    0.000000    2.666884 v _065_/C (sky130_fd_sc_hd__or4_2)
    10    0.041190    0.220922    0.800078    3.466962 v _065_/X (sky130_fd_sc_hd__or4_2)
                                                         _021_ (net)
                      0.220922    0.000000    3.466962 v _097_/B1 (sky130_fd_sc_hd__a21oi_2)
     1    0.001674    0.088159    0.150551    3.617513 ^ _097_/Y (sky130_fd_sc_hd__a21oi_2)
                                                         _004_ (net)
                      0.088159    0.000000    3.617513 ^ _120_/D (sky130_fd_sc_hd__dfxtp_2)
                                              3.617513   data arrival time

                      0.150000   10.000000   10.000000   clock clk (rise edge)
                                  0.000000   10.000000   clock network delay (ideal)
                                 -0.250000    9.750000   clock uncertainty
                                  0.000000    9.750000   clock reconvergence pessimism
                                              9.750000 ^ _120_/CLK (sky130_fd_sc_hd__dfxtp_2)
                                 -0.053236    9.696765   library setup time
                                              9.696765   data required time
---------------------------------------------------------------------------------------------
                                              9.696765   data required time
                                             -3.617513   data arrival time
---------------------------------------------------------------------------------------------
                                              6.079252   slack (MET)


Startpoint: pc[13] (input port clocked by clk)
Endpoint: _121_ (rising edge-triggered flip-flop clocked by clk)
Path Group: clk
Path Type: max

Fanout         Cap        Slew       Delay        Time   Description
---------------------------------------------------------------------------------------------
                      0.150000    0.000000    0.000000   clock clk (rise edge)
                                  0.000000    0.000000   clock network delay (ideal)
                                  2.000000    2.000000 v input external delay
     1    0.001344    0.005459    0.001987    2.001987 v pc[13] (in)
                                                         pc[13] (net)
                      0.005459    0.000000    2.001987 v _062_/A (sky130_fd_sc_hd__or4_2)
     2    0.005371    0.112479    0.664897    2.666884 v _062_/X (sky130_fd_sc_hd__or4_2)
                                                         _018_ (net)
                      0.112479    0.000000    2.666884 v _065_/C (sky130_fd_sc_hd__or4_2)
    10    0.041190    0.220922    0.800078    3.466962 v _065_/X (sky130_fd_sc_hd__or4_2)
                                                         _021_ (net)
                      0.220922    0.000000    3.466962 v _100_/B1 (sky130_fd_sc_hd__a21oi_2)
     1    0.001674    0.088159    0.150551    3.617513 ^ _100_/Y (sky130_fd_sc_hd__a21oi_2)
                                                         _005_ (net)
                      0.088159    0.000000    3.617513 ^ _121_/D (sky130_fd_sc_hd__dfxtp_2)
                                              3.617513   data arrival time

                      0.150000   10.000000   10.000000   clock clk (rise edge)
                                  0.000000   10.000000   clock network delay (ideal)
                                 -0.250000    9.750000   clock uncertainty
                                  0.000000    9.750000   clock reconvergence pessimism
                                              9.750000 ^ _121_/CLK (sky130_fd_sc_hd__dfxtp_2)
                                 -0.053236    9.696765   library setup time
                                              9.696765   data required time
---------------------------------------------------------------------------------------------
                                              9.696765   data required time
                                             -3.617513   data arrival time
---------------------------------------------------------------------------------------------
                                              6.079252   slack (MET)


Startpoint: pc[13] (input port clocked by clk)
Endpoint: _123_ (rising edge-triggered flip-flop clocked by clk)
Path Group: clk
Path Type: max

Fanout         Cap        Slew       Delay        Time   Description
---------------------------------------------------------------------------------------------
                      0.150000    0.000000    0.000000   clock clk (rise edge)
                                  0.000000    0.000000   clock network delay (ideal)
                                  2.000000    2.000000 v input external delay
     1    0.001344    0.005459    0.001987    2.001987 v pc[13] (in)
                                                         pc[13] (net)
                      0.005459    0.000000    2.001987 v _062_/A (sky130_fd_sc_hd__or4_2)
     2    0.005371    0.112479    0.664897    2.666884 v _062_/X (sky130_fd_sc_hd__or4_2)
                                                         _018_ (net)
                      0.112479    0.000000    2.666884 v _065_/C (sky130_fd_sc_hd__or4_2)
    10    0.041190    0.220922    0.800078    3.466962 v _065_/X (sky130_fd_sc_hd__or4_2)
                                                         _021_ (net)
                      0.220922    0.000000    3.466962 v _103_/B1 (sky130_fd_sc_hd__a21oi_2)
     1    0.001674    0.088159    0.150551    3.617513 ^ _103_/Y (sky130_fd_sc_hd__a21oi_2)
                                                         _007_ (net)
                      0.088159    0.000000    3.617513 ^ _123_/D (sky130_fd_sc_hd__dfxtp_2)
                                              3.617513   data arrival time

                      0.150000   10.000000   10.000000   clock clk (rise edge)
                                  0.000000   10.000000   clock network delay (ideal)
                                 -0.250000    9.750000   clock uncertainty
                                  0.000000    9.750000   clock reconvergence pessimism
                                              9.750000 ^ _123_/CLK (sky130_fd_sc_hd__dfxtp_2)
                                 -0.053236    9.696765   library setup time
                                              9.696765   data required time
---------------------------------------------------------------------------------------------
                                              9.696765   data required time
                                             -3.617513   data arrival time
---------------------------------------------------------------------------------------------
                                              6.079252   slack (MET)


Startpoint: pc[13] (input port clocked by clk)
Endpoint: _125_ (rising edge-triggered flip-flop clocked by clk)
Path Group: clk
Path Type: max

Fanout         Cap        Slew       Delay        Time   Description
---------------------------------------------------------------------------------------------
                      0.150000    0.000000    0.000000   clock clk (rise edge)
                                  0.000000    0.000000   clock network delay (ideal)
                                  2.000000    2.000000 v input external delay
     1    0.001344    0.005459    0.001987    2.001987 v pc[13] (in)
                                                         pc[13] (net)
                      0.005459    0.000000    2.001987 v _062_/A (sky130_fd_sc_hd__or4_2)
     2    0.005371    0.112479    0.664897    2.666884 v _062_/X (sky130_fd_sc_hd__or4_2)
                                                         _018_ (net)
                      0.112479    0.000000    2.666884 v _065_/C (sky130_fd_sc_hd__or4_2)
    10    0.041190    0.220922    0.800078    3.466962 v _065_/X (sky130_fd_sc_hd__or4_2)
                                                         _021_ (net)
                      0.220922    0.000000    3.466962 v _107_/B1 (sky130_fd_sc_hd__a21oi_2)
     1    0.001674    0.088159    0.150551    3.617513 ^ _107_/Y (sky130_fd_sc_hd__a21oi_2)
                                                         _009_ (net)
                      0.088159    0.000000    3.617513 ^ _125_/D (sky130_fd_sc_hd__dfxtp_2)
                                              3.617513   data arrival time

                      0.150000   10.000000   10.000000   clock clk (rise edge)
                                  0.000000   10.000000   clock network delay (ideal)
                                 -0.250000    9.750000   clock uncertainty
                                  0.000000    9.750000   clock reconvergence pessimism
                                              9.750000 ^ _125_/CLK (sky130_fd_sc_hd__dfxtp_2)
                                 -0.053236    9.696765   library setup time
                                              9.696765   data required time
---------------------------------------------------------------------------------------------
                                              9.696765   data required time
                                             -3.617513   data arrival time
---------------------------------------------------------------------------------------------
                                              6.079252   slack (MET)


Startpoint: pc[13] (input port clocked by clk)
Endpoint: _127_ (rising edge-triggered flip-flop clocked by clk)
Path Group: clk
Path Type: max

Fanout         Cap        Slew       Delay        Time   Description
---------------------------------------------------------------------------------------------
                      0.150000    0.000000    0.000000   clock clk (rise edge)
                                  0.000000    0.000000   clock network delay (ideal)
                                  2.000000    2.000000 v input external delay
     1    0.001344    0.005459    0.001987    2.001987 v pc[13] (in)
                                                         pc[13] (net)
                      0.005459    0.000000    2.001987 v _062_/A (sky130_fd_sc_hd__or4_2)
     2    0.005371    0.112479    0.664897    2.666884 v _062_/X (sky130_fd_sc_hd__or4_2)
                                                         _018_ (net)
                      0.112479    0.000000    2.666884 v _065_/C (sky130_fd_sc_hd__or4_2)
    10    0.041190    0.220922    0.800078    3.466962 v _065_/X (sky130_fd_sc_hd__or4_2)
                                                         _021_ (net)
                      0.220922    0.000000    3.466962 v _110_/B1 (sky130_fd_sc_hd__a21oi_2)
     1    0.001674    0.088159    0.150551    3.617513 ^ _110_/Y (sky130_fd_sc_hd__a21oi_2)
                                                         _011_ (net)
                      0.088159    0.000000    3.617513 ^ _127_/D (sky130_fd_sc_hd__dfxtp_2)
                                              3.617513   data arrival time

                      0.150000   10.000000   10.000000   clock clk (rise edge)
                                  0.000000   10.000000   clock network delay (ideal)
                                 -0.250000    9.750000   clock uncertainty
                                  0.000000    9.750000   clock reconvergence pessimism
                                              9.750000 ^ _127_/CLK (sky130_fd_sc_hd__dfxtp_2)
                                 -0.053236    9.696765   library setup time
                                              9.696765   data required time
---------------------------------------------------------------------------------------------
                                              9.696765   data required time
                                             -3.617513   data arrival time
---------------------------------------------------------------------------------------------
                                              6.079252   slack (MET)


Startpoint: pc[13] (input port clocked by clk)
Endpoint: _128_ (rising edge-triggered flip-flop clocked by clk)
Path Group: clk
Path Type: max

Fanout         Cap        Slew       Delay        Time   Description
---------------------------------------------------------------------------------------------
                      0.150000    0.000000    0.000000   clock clk (rise edge)
                                  0.000000    0.000000   clock network delay (ideal)
                                  2.000000    2.000000 v input external delay
     1    0.001344    0.005459    0.001987    2.001987 v pc[13] (in)
                                                         pc[13] (net)
                      0.005459    0.000000    2.001987 v _062_/A (sky130_fd_sc_hd__or4_2)
     2    0.005371    0.112479    0.664897    2.666884 v _062_/X (sky130_fd_sc_hd__or4_2)
                                                         _018_ (net)
                      0.112479    0.000000    2.666884 v _065_/C (sky130_fd_sc_hd__or4_2)
    10    0.041190    0.220922    0.800078    3.466962 v _065_/X (sky130_fd_sc_hd__or4_2)
                                                         _021_ (net)
                      0.220922    0.000000    3.466962 v _113_/B1 (sky130_fd_sc_hd__a21oi_2)
     1    0.001674    0.088159    0.150551    3.617513 ^ _113_/Y (sky130_fd_sc_hd__a21oi_2)
                                                         _012_ (net)
                      0.088159    0.000000    3.617513 ^ _128_/D (sky130_fd_sc_hd__dfxtp_2)
                                              3.617513   data arrival time

                      0.150000   10.000000   10.000000   clock clk (rise edge)
                                  0.000000   10.000000   clock network delay (ideal)
                                 -0.250000    9.750000   clock uncertainty
                                  0.000000    9.750000   clock reconvergence pessimism
                                              9.750000 ^ _128_/CLK (sky130_fd_sc_hd__dfxtp_2)
                                 -0.053236    9.696765   library setup time
                                              9.696765   data required time
---------------------------------------------------------------------------------------------
                                              9.696765   data required time
                                             -3.617513   data arrival time
---------------------------------------------------------------------------------------------
                                              6.079252   slack (MET)


Startpoint: pc[13] (input port clocked by clk)
Endpoint: _129_ (rising edge-triggered flip-flop clocked by clk)
Path Group: clk
Path Type: max

Fanout         Cap        Slew       Delay        Time   Description
---------------------------------------------------------------------------------------------
                      0.150000    0.000000    0.000000   clock clk (rise edge)
                                  0.000000    0.000000   clock network delay (ideal)
                                  2.000000    2.000000 v input external delay
     1    0.001344    0.005459    0.001987    2.001987 v pc[13] (in)
                                                         pc[13] (net)
                      0.005459    0.000000    2.001987 v _062_/A (sky130_fd_sc_hd__or4_2)
     2    0.005371    0.112479    0.664897    2.666884 v _062_/X (sky130_fd_sc_hd__or4_2)
                                                         _018_ (net)
                      0.112479    0.000000    2.666884 v _065_/C (sky130_fd_sc_hd__or4_2)
    10    0.041190    0.220922    0.800078    3.466962 v _065_/X (sky130_fd_sc_hd__or4_2)
                                                         _021_ (net)
                      0.220922    0.000000    3.466962 v _115_/B1 (sky130_fd_sc_hd__a21oi_2)
     1    0.001674    0.088159    0.150551    3.617513 ^ _115_/Y (sky130_fd_sc_hd__a21oi_2)
                                                         _013_ (net)
                      0.088159    0.000000    3.617513 ^ _129_/D (sky130_fd_sc_hd__dfxtp_2)
                                              3.617513   data arrival time

                      0.150000   10.000000   10.000000   clock clk (rise edge)
                                  0.000000   10.000000   clock network delay (ideal)
                                 -0.250000    9.750000   clock uncertainty
                                  0.000000    9.750000   clock reconvergence pessimism
                                              9.750000 ^ _129_/CLK (sky130_fd_sc_hd__dfxtp_2)
                                 -0.053236    9.696765   library setup time
                                              9.696765   data required time
---------------------------------------------------------------------------------------------
                                              9.696765   data required time
                                             -3.617513   data arrival time
---------------------------------------------------------------------------------------------
                                              6.079252   slack (MET)


Startpoint: pc[13] (input port clocked by clk)
Endpoint: _126_ (rising edge-triggered flip-flop clocked by clk)
Path Group: clk
Path Type: max

Fanout         Cap        Slew       Delay        Time   Description
---------------------------------------------------------------------------------------------
                      0.150000    0.000000    0.000000   clock clk (rise edge)
                                  0.000000    0.000000   clock network delay (ideal)
                                  2.000000    2.000000 v input external delay
     1    0.001344    0.005459    0.001987    2.001987 v pc[13] (in)
                                                         pc[13] (net)
                      0.005459    0.000000    2.001987 v _062_/A (sky130_fd_sc_hd__or4_2)
     2    0.005371    0.112479    0.664897    2.666884 v _062_/X (sky130_fd_sc_hd__or4_2)
                                                         _018_ (net)
                      0.112479    0.000000    2.666884 v _064_/C (sky130_fd_sc_hd__nor4_2)
     4    0.009702    0.330183    0.328787    2.995671 ^ _064_/Y (sky130_fd_sc_hd__nor4_2)
                                                         _020_ (net)
                      0.330183    0.000000    2.995671 ^ _108_/C1 (sky130_fd_sc_hd__o221a_2)
     1    0.001674    0.037116    0.237021    3.232692 ^ _108_/X (sky130_fd_sc_hd__o221a_2)
                                                         _010_ (net)
                      0.037116    0.000000    3.232692 ^ _126_/D (sky130_fd_sc_hd__dfxtp_2)
                                              3.232692   data arrival time

                      0.150000   10.000000   10.000000   clock clk (rise edge)
                                  0.000000   10.000000   clock network delay (ideal)
                                 -0.250000    9.750000   clock uncertainty
                                  0.000000    9.750000   clock reconvergence pessimism
                                              9.750000 ^ _126_/CLK (sky130_fd_sc_hd__dfxtp_2)
                                 -0.041529    9.708470   library setup time
                                              9.708470   data required time
---------------------------------------------------------------------------------------------
                                              9.708470   data required time
                                             -3.232692   data arrival time
---------------------------------------------------------------------------------------------
                                              6.475778   slack (MET)


Startpoint: pc[13] (input port clocked by clk)
Endpoint: _124_ (rising edge-triggered flip-flop clocked by clk)
Path Group: clk
Path Type: max

Fanout         Cap        Slew       Delay        Time   Description
---------------------------------------------------------------------------------------------
                      0.150000    0.000000    0.000000   clock clk (rise edge)
                                  0.000000    0.000000   clock network delay (ideal)
                                  2.000000    2.000000 v input external delay
     1    0.001344    0.005459    0.001987    2.001987 v pc[13] (in)
                                                         pc[13] (net)
                      0.005459    0.000000    2.001987 v _062_/A (sky130_fd_sc_hd__or4_2)
     2    0.005371    0.112479    0.664897    2.666884 v _062_/X (sky130_fd_sc_hd__or4_2)
                                                         _018_ (net)
                      0.112479    0.000000    2.666884 v _064_/C (sky130_fd_sc_hd__nor4_2)
     4    0.009702    0.330183    0.328787    2.995671 ^ _064_/Y (sky130_fd_sc_hd__nor4_2)
                                                         _020_ (net)
                      0.330183    0.000000    2.995671 ^ _105_/C1 (sky130_fd_sc_hd__o211a_2)
     1    0.001674    0.038692    0.227904    3.223575 ^ _105_/X (sky130_fd_sc_hd__o211a_2)
                                                         _008_ (net)
                      0.038692    0.000000    3.223575 ^ _124_/D (sky130_fd_sc_hd__dfxtp_2)
                                              3.223575   data arrival time

                      0.150000   10.000000   10.000000   clock clk (rise edge)
                                  0.000000   10.000000   clock network delay (ideal)
                                 -0.250000    9.750000   clock uncertainty
                                  0.000000    9.750000   clock reconvergence pessimism
                                              9.750000 ^ _124_/CLK (sky130_fd_sc_hd__dfxtp_2)
                                 -0.041891    9.708109   library setup time
                                              9.708109   data required time
---------------------------------------------------------------------------------------------
                                              9.708109   data required time
                                             -3.223575   data arrival time
---------------------------------------------------------------------------------------------
                                              6.484534   slack (MET)


Startpoint: pc[13] (input port clocked by clk)
Endpoint: _119_ (rising edge-triggered flip-flop clocked by clk)
Path Group: clk
Path Type: max

Fanout         Cap        Slew       Delay        Time   Description
---------------------------------------------------------------------------------------------
                      0.150000    0.000000    0.000000   clock clk (rise edge)
                                  0.000000    0.000000   clock network delay (ideal)
                                  2.000000    2.000000 v input external delay
     1    0.001344    0.005459    0.001987    2.001987 v pc[13] (in)
                                                         pc[13] (net)
                      0.005459    0.000000    2.001987 v _062_/A (sky130_fd_sc_hd__or4_2)
     2    0.005371    0.112479    0.664897    2.666884 v _062_/X (sky130_fd_sc_hd__or4_2)
                                                         _018_ (net)
                      0.112479    0.000000    2.666884 v _064_/C (sky130_fd_sc_hd__nor4_2)
     4    0.009702    0.330183    0.328787    2.995671 ^ _064_/Y (sky130_fd_sc_hd__nor4_2)
                                                         _020_ (net)
                      0.330183    0.000000    2.995671 ^ _094_/B1 (sky130_fd_sc_hd__o31a_2)
     1    0.001674    0.034048    0.198537    3.194208 ^ _094_/X (sky130_fd_sc_hd__o31a_2)
                                                         _003_ (net)
                      0.034048    0.000000    3.194208 ^ _119_/D (sky130_fd_sc_hd__dfxtp_2)
                                              3.194208   data arrival time

                      0.150000   10.000000   10.000000   clock clk (rise edge)
                                  0.000000   10.000000   clock network delay (ideal)
                                 -0.250000    9.750000   clock uncertainty
                                  0.000000    9.750000   clock reconvergence pessimism
                                              9.750000 ^ _119_/CLK (sky130_fd_sc_hd__dfxtp_2)
                                 -0.040826    9.709175   library setup time
                                              9.709175   data required time
---------------------------------------------------------------------------------------------
                                              9.709175   data required time
                                             -3.194208   data arrival time
---------------------------------------------------------------------------------------------
                                              6.514966   slack (MET)


Startpoint: pc[13] (input port clocked by clk)
Endpoint: _122_ (rising edge-triggered flip-flop clocked by clk)
Path Group: clk
Path Type: max

Fanout         Cap        Slew       Delay        Time   Description
---------------------------------------------------------------------------------------------
                      0.150000    0.000000    0.000000   clock clk (rise edge)
                                  0.000000    0.000000   clock network delay (ideal)
                                  2.000000    2.000000 v input external delay
     1    0.001344    0.005459    0.001987    2.001987 v pc[13] (in)
                                                         pc[13] (net)
                      0.005459    0.000000    2.001987 v _062_/A (sky130_fd_sc_hd__or4_2)
     2    0.005371    0.112479    0.664897    2.666884 v _062_/X (sky130_fd_sc_hd__or4_2)
                                                         _018_ (net)
                      0.112479    0.000000    2.666884 v _064_/C (sky130_fd_sc_hd__nor4_2)
     4    0.009702    0.330183    0.328787    2.995671 ^ _064_/Y (sky130_fd_sc_hd__nor4_2)
                                                         _020_ (net)
                      0.330183    0.000000    2.995671 ^ _102_/B1 (sky130_fd_sc_hd__o21a_2)
     1    0.001674    0.031224    0.183480    3.179151 ^ _102_/X (sky130_fd_sc_hd__o21a_2)
                                                         _006_ (net)
                      0.031224    0.000000    3.179151 ^ _122_/D (sky130_fd_sc_hd__dfxtp_2)
                                              3.179151   data arrival time

                      0.150000   10.000000   10.000000   clock clk (rise edge)
                                  0.000000   10.000000   clock network delay (ideal)
                                 -0.250000    9.750000   clock uncertainty
                                  0.000000    9.750000   clock reconvergence pessimism
                                              9.750000 ^ _122_/CLK (sky130_fd_sc_hd__dfxtp_2)
                                 -0.040178    9.709823   library setup time
                                              9.709823   data required time
---------------------------------------------------------------------------------------------
                                              9.709823   data required time
                                             -3.179151   data arrival time
---------------------------------------------------------------------------------------------
                                              6.530672   slack (MET)


Startpoint: _124_ (rising edge-triggered flip-flop clocked by clk)
Endpoint: instruction[5] (output port clocked by clk)
Path Group: clk
Path Type: max

Fanout         Cap        Slew       Delay        Time   Description
---------------------------------------------------------------------------------------------
                      0.150000    0.000000    0.000000   clock clk (rise edge)
                                  0.000000    0.000000   clock network delay (ideal)
                      0.150000    0.000000    0.000000 ^ _124_/CLK (sky130_fd_sc_hd__dfxtp_2)
     2    0.035249    0.184125    0.456998    0.456998 ^ _124_/Q (sky130_fd_sc_hd__dfxtp_2)
                                                         instruction[9] (net)
                      0.184125    0.000000    0.456998 ^ _130_/A (sky130_fd_sc_hd__buf_2)
     1    0.033442    0.169381    0.241034    0.698032 ^ _130_/X (sky130_fd_sc_hd__buf_2)
                                                         instruction[5] (net)
                      0.169381    0.000000    0.698032 ^ instruction[5] (out)
                                              0.698032   data arrival time

                      0.150000   10.000000   10.000000   clock clk (rise edge)
                                  0.000000   10.000000   clock network delay (ideal)
                                 -0.250000    9.750000   clock uncertainty
                                  0.000000    9.750000   clock reconvergence pessimism
                                 -2.000000    7.750000   output external delay
                                              7.750000   data required time
---------------------------------------------------------------------------------------------
                                              7.750000   data required time
                                             -0.698032   data arrival time
---------------------------------------------------------------------------------------------
                                              7.051968   slack (MET)


Startpoint: _122_ (rising edge-triggered flip-flop clocked by clk)
Endpoint: instruction[7] (output port clocked by clk)
Path Group: clk
Path Type: max

Fanout         Cap        Slew       Delay        Time   Description
---------------------------------------------------------------------------------------------
                      0.150000    0.000000    0.000000   clock clk (rise edge)
                                  0.000000    0.000000   clock network delay (ideal)
                      0.150000    0.000000    0.000000 ^ _122_/CLK (sky130_fd_sc_hd__dfxtp_2)
     2    0.035249    0.184125    0.456998    0.456998 ^ _122_/Q (sky130_fd_sc_hd__dfxtp_2)
                                                         instruction[15] (net)
                      0.184125    0.000000    0.456998 ^ _131_/A (sky130_fd_sc_hd__buf_2)
     1    0.033442    0.169381    0.241034    0.698032 ^ _131_/X (sky130_fd_sc_hd__buf_2)
                                                         instruction[7] (net)
                      0.169381    0.000000    0.698032 ^ instruction[7] (out)
                                              0.698032   data arrival time

                      0.150000   10.000000   10.000000   clock clk (rise edge)
                                  0.000000   10.000000   clock network delay (ideal)
                                 -0.250000    9.750000   clock uncertainty
                                  0.000000    9.750000   clock reconvergence pessimism
                                 -2.000000    7.750000   output external delay
                                              7.750000   data required time
---------------------------------------------------------------------------------------------
                                              7.750000   data required time
                                             -0.698032   data arrival time
---------------------------------------------------------------------------------------------
                                              7.051968   slack (MET)


Startpoint: _122_ (rising edge-triggered flip-flop clocked by clk)
Endpoint: instruction[15] (output port clocked by clk)
Path Group: clk
Path Type: max

Fanout         Cap        Slew       Delay        Time   Description
---------------------------------------------------------------------------------------------
                      0.150000    0.000000    0.000000   clock clk (rise edge)
                                  0.000000    0.000000   clock network delay (ideal)
                      0.150000    0.000000    0.000000 ^ _122_/CLK (sky130_fd_sc_hd__dfxtp_2)
     2    0.035249    0.184125    0.456998    0.456998 ^ _122_/Q (sky130_fd_sc_hd__dfxtp_2)
                                                         instruction[15] (net)
                      0.184125    0.000000    0.456998 ^ instruction[15] (out)
                                              0.456998   data arrival time

                      0.150000   10.000000   10.000000   clock clk (rise edge)
                                  0.000000   10.000000   clock network delay (ideal)
                                 -0.250000    9.750000   clock uncertainty
                                  0.000000    9.750000   clock reconvergence pessimism
                                 -2.000000    7.750000   output external delay
                                              7.750000   data required time
---------------------------------------------------------------------------------------------
                                              7.750000   data required time
                                             -0.456998   data arrival time
---------------------------------------------------------------------------------------------
                                              7.293002   slack (MET)


Startpoint: _124_ (rising edge-triggered flip-flop clocked by clk)
Endpoint: instruction[9] (output port clocked by clk)
Path Group: clk
Path Type: max

Fanout         Cap        Slew       Delay        Time   Description
---------------------------------------------------------------------------------------------
                      0.150000    0.000000    0.000000   clock clk (rise edge)
                                  0.000000    0.000000   clock network delay (ideal)
                      0.150000    0.000000    0.000000 ^ _124_/CLK (sky130_fd_sc_hd__dfxtp_2)
     2    0.035249    0.184125    0.456998    0.456998 ^ _124_/Q (sky130_fd_sc_hd__dfxtp_2)
                                                         instruction[9] (net)
                      0.184125    0.000000    0.456998 ^ instruction[9] (out)
                                              0.456998   data arrival time

                      0.150000   10.000000   10.000000   clock clk (rise edge)
                                  0.000000   10.000000   clock network delay (ideal)
                                 -0.250000    9.750000   clock uncertainty
                                  0.000000    9.750000   clock reconvergence pessimism
                                 -2.000000    7.750000   output external delay
                                              7.750000   data required time
---------------------------------------------------------------------------------------------
                                              7.750000   data required time
                                             -0.456998   data arrival time
---------------------------------------------------------------------------------------------
                                              7.293002   slack (MET)


Startpoint: _116_ (rising edge-triggered flip-flop clocked by clk)
Endpoint: instruction[0] (output port clocked by clk)
Path Group: clk
Path Type: max

Fanout         Cap        Slew       Delay        Time   Description
---------------------------------------------------------------------------------------------
                      0.150000    0.000000    0.000000   clock clk (rise edge)
                                  0.000000    0.000000   clock network delay (ideal)
                      0.150000    0.000000    0.000000 ^ _116_/CLK (sky130_fd_sc_hd__dfxtp_2)
     1    0.033442    0.175432    0.450723    0.450723 ^ _116_/Q (sky130_fd_sc_hd__dfxtp_2)
                                                         instruction[0] (net)
                      0.175432    0.000000    0.450723 ^ instruction[0] (out)
                                              0.450723   data arrival time

                      0.150000   10.000000   10.000000   clock clk (rise edge)
                                  0.000000   10.000000   clock network delay (ideal)
                                 -0.250000    9.750000   clock uncertainty
                                  0.000000    9.750000   clock reconvergence pessimism
                                 -2.000000    7.750000   output external delay
                                              7.750000   data required time
---------------------------------------------------------------------------------------------
                                              7.750000   data required time
                                             -0.450723   data arrival time
---------------------------------------------------------------------------------------------
                                              7.299277   slack (MET)


Startpoint: _125_ (rising edge-triggered flip-flop clocked by clk)
Endpoint: instruction[10] (output port clocked by clk)
Path Group: clk
Path Type: max

Fanout         Cap        Slew       Delay        Time   Description
---------------------------------------------------------------------------------------------
                      0.150000    0.000000    0.000000   clock clk (rise edge)
                                  0.000000    0.000000   clock network delay (ideal)
                      0.150000    0.000000    0.000000 ^ _125_/CLK (sky130_fd_sc_hd__dfxtp_2)
     1    0.033442    0.175432    0.450723    0.450723 ^ _125_/Q (sky130_fd_sc_hd__dfxtp_2)
                                                         instruction[10] (net)
                      0.175432    0.000000    0.450723 ^ instruction[10] (out)
                                              0.450723   data arrival time

                      0.150000   10.000000   10.000000   clock clk (rise edge)
                                  0.000000   10.000000   clock network delay (ideal)
                                 -0.250000    9.750000   clock uncertainty
                                  0.000000    9.750000   clock reconvergence pessimism
                                 -2.000000    7.750000   output external delay
                                              7.750000   data required time
---------------------------------------------------------------------------------------------
                                              7.750000   data required time
                                             -0.450723   data arrival time
---------------------------------------------------------------------------------------------
                                              7.299277   slack (MET)


Startpoint: _126_ (rising edge-triggered flip-flop clocked by clk)
Endpoint: instruction[11] (output port clocked by clk)
Path Group: clk
Path Type: max

Fanout         Cap        Slew       Delay        Time   Description
---------------------------------------------------------------------------------------------
                      0.150000    0.000000    0.000000   clock clk (rise edge)
                                  0.000000    0.000000   clock network delay (ideal)
                      0.150000    0.000000    0.000000 ^ _126_/CLK (sky130_fd_sc_hd__dfxtp_2)
     1    0.033442    0.175432    0.450723    0.450723 ^ _126_/Q (sky130_fd_sc_hd__dfxtp_2)
                                                         instruction[11] (net)
                      0.175432    0.000000    0.450723 ^ instruction[11] (out)
                                              0.450723   data arrival time

                      0.150000   10.000000   10.000000   clock clk (rise edge)
                                  0.000000   10.000000   clock network delay (ideal)
                                 -0.250000    9.750000   clock uncertainty
                                  0.000000    9.750000   clock reconvergence pessimism
                                 -2.000000    7.750000   output external delay
                                              7.750000   data required time
---------------------------------------------------------------------------------------------
                                              7.750000   data required time
                                             -0.450723   data arrival time
---------------------------------------------------------------------------------------------
                                              7.299277   slack (MET)


Startpoint: _127_ (rising edge-triggered flip-flop clocked by clk)
Endpoint: instruction[12] (output port clocked by clk)
Path Group: clk
Path Type: max

Fanout         Cap        Slew       Delay        Time   Description
---------------------------------------------------------------------------------------------
                      0.150000    0.000000    0.000000   clock clk (rise edge)
                                  0.000000    0.000000   clock network delay (ideal)
                      0.150000    0.000000    0.000000 ^ _127_/CLK (sky130_fd_sc_hd__dfxtp_2)
     1    0.033442    0.175432    0.450723    0.450723 ^ _127_/Q (sky130_fd_sc_hd__dfxtp_2)
                                                         instruction[12] (net)
                      0.175432    0.000000    0.450723 ^ instruction[12] (out)
                                              0.450723   data arrival time

                      0.150000   10.000000   10.000000   clock clk (rise edge)
                                  0.000000   10.000000   clock network delay (ideal)
                                 -0.250000    9.750000   clock uncertainty
                                  0.000000    9.750000   clock reconvergence pessimism
                                 -2.000000    7.750000   output external delay
                                              7.750000   data required time
---------------------------------------------------------------------------------------------
                                              7.750000   data required time
                                             -0.450723   data arrival time
---------------------------------------------------------------------------------------------
                                              7.299277   slack (MET)


Startpoint: _128_ (rising edge-triggered flip-flop clocked by clk)
Endpoint: instruction[13] (output port clocked by clk)
Path Group: clk
Path Type: max

Fanout         Cap        Slew       Delay        Time   Description
---------------------------------------------------------------------------------------------
                      0.150000    0.000000    0.000000   clock clk (rise edge)
                                  0.000000    0.000000   clock network delay (ideal)
                      0.150000    0.000000    0.000000 ^ _128_/CLK (sky130_fd_sc_hd__dfxtp_2)
     1    0.033442    0.175432    0.450723    0.450723 ^ _128_/Q (sky130_fd_sc_hd__dfxtp_2)
                                                         instruction[13] (net)
                      0.175432    0.000000    0.450723 ^ instruction[13] (out)
                                              0.450723   data arrival time

                      0.150000   10.000000   10.000000   clock clk (rise edge)
                                  0.000000   10.000000   clock network delay (ideal)
                                 -0.250000    9.750000   clock uncertainty
                                  0.000000    9.750000   clock reconvergence pessimism
                                 -2.000000    7.750000   output external delay
                                              7.750000   data required time
---------------------------------------------------------------------------------------------
                                              7.750000   data required time
                                             -0.450723   data arrival time
---------------------------------------------------------------------------------------------
                                              7.299277   slack (MET)


Startpoint: _129_ (rising edge-triggered flip-flop clocked by clk)
Endpoint: instruction[14] (output port clocked by clk)
Path Group: clk
Path Type: max

Fanout         Cap        Slew       Delay        Time   Description
---------------------------------------------------------------------------------------------
                      0.150000    0.000000    0.000000   clock clk (rise edge)
                                  0.000000    0.000000   clock network delay (ideal)
                      0.150000    0.000000    0.000000 ^ _129_/CLK (sky130_fd_sc_hd__dfxtp_2)
     1    0.033442    0.175432    0.450723    0.450723 ^ _129_/Q (sky130_fd_sc_hd__dfxtp_2)
                                                         instruction[14] (net)
                      0.175432    0.000000    0.450723 ^ instruction[14] (out)
                                              0.450723   data arrival time

                      0.150000   10.000000   10.000000   clock clk (rise edge)
                                  0.000000   10.000000   clock network delay (ideal)
                                 -0.250000    9.750000   clock uncertainty
                                  0.000000    9.750000   clock reconvergence pessimism
                                 -2.000000    7.750000   output external delay
                                              7.750000   data required time
---------------------------------------------------------------------------------------------
                                              7.750000   data required time
                                             -0.450723   data arrival time
---------------------------------------------------------------------------------------------
                                              7.299277   slack (MET)


Startpoint: _117_ (rising edge-triggered flip-flop clocked by clk)
Endpoint: instruction[1] (output port clocked by clk)
Path Group: clk
Path Type: max

Fanout         Cap        Slew       Delay        Time   Description
---------------------------------------------------------------------------------------------
                      0.150000    0.000000    0.000000   clock clk (rise edge)
                                  0.000000    0.000000   clock network delay (ideal)
                      0.150000    0.000000    0.000000 ^ _117_/CLK (sky130_fd_sc_hd__dfxtp_2)
     1    0.033442    0.175432    0.450723    0.450723 ^ _117_/Q (sky130_fd_sc_hd__dfxtp_2)
                                                         instruction[1] (net)
                      0.175432    0.000000    0.450723 ^ instruction[1] (out)
                                              0.450723   data arrival time

                      0.150000   10.000000   10.000000   clock clk (rise edge)
                                  0.000000   10.000000   clock network delay (ideal)
                                 -0.250000    9.750000   clock uncertainty
                                  0.000000    9.750000   clock reconvergence pessimism
                                 -2.000000    7.750000   output external delay
                                              7.750000   data required time
---------------------------------------------------------------------------------------------
                                              7.750000   data required time
                                             -0.450723   data arrival time
---------------------------------------------------------------------------------------------
                                              7.299277   slack (MET)


Startpoint: _118_ (rising edge-triggered flip-flop clocked by clk)
Endpoint: instruction[2] (output port clocked by clk)
Path Group: clk
Path Type: max

Fanout         Cap        Slew       Delay        Time   Description
---------------------------------------------------------------------------------------------
                      0.150000    0.000000    0.000000   clock clk (rise edge)
                                  0.000000    0.000000   clock network delay (ideal)
                      0.150000    0.000000    0.000000 ^ _118_/CLK (sky130_fd_sc_hd__dfxtp_2)
     1    0.033442    0.175432    0.450723    0.450723 ^ _118_/Q (sky130_fd_sc_hd__dfxtp_2)
                                                         instruction[2] (net)
                      0.175432    0.000000    0.450723 ^ instruction[2] (out)
                                              0.450723   data arrival time

                      0.150000   10.000000   10.000000   clock clk (rise edge)
                                  0.000000   10.000000   clock network delay (ideal)
                                 -0.250000    9.750000   clock uncertainty
                                  0.000000    9.750000   clock reconvergence pessimism
                                 -2.000000    7.750000   output external delay
                                              7.750000   data required time
---------------------------------------------------------------------------------------------
                                              7.750000   data required time
                                             -0.450723   data arrival time
---------------------------------------------------------------------------------------------
                                              7.299277   slack (MET)


Startpoint: _119_ (rising edge-triggered flip-flop clocked by clk)
Endpoint: instruction[3] (output port clocked by clk)
Path Group: clk
Path Type: max

Fanout         Cap        Slew       Delay        Time   Description
---------------------------------------------------------------------------------------------
                      0.150000    0.000000    0.000000   clock clk (rise edge)
                                  0.000000    0.000000   clock network delay (ideal)
                      0.150000    0.000000    0.000000 ^ _119_/CLK (sky130_fd_sc_hd__dfxtp_2)
     1    0.033442    0.175432    0.450723    0.450723 ^ _119_/Q (sky130_fd_sc_hd__dfxtp_2)
                                                         instruction[3] (net)
                      0.175432    0.000000    0.450723 ^ instruction[3] (out)
                                              0.450723   data arrival time

                      0.150000   10.000000   10.000000   clock clk (rise edge)
                                  0.000000   10.000000   clock network delay (ideal)
                                 -0.250000    9.750000   clock uncertainty
                                  0.000000    9.750000   clock reconvergence pessimism
                                 -2.000000    7.750000   output external delay
                                              7.750000   data required time
---------------------------------------------------------------------------------------------
                                              7.750000   data required time
                                             -0.450723   data arrival time
---------------------------------------------------------------------------------------------
                                              7.299277   slack (MET)


Startpoint: _120_ (rising edge-triggered flip-flop clocked by clk)
Endpoint: instruction[4] (output port clocked by clk)
Path Group: clk
Path Type: max

Fanout         Cap        Slew       Delay        Time   Description
---------------------------------------------------------------------------------------------
                      0.150000    0.000000    0.000000   clock clk (rise edge)
                                  0.000000    0.000000   clock network delay (ideal)
                      0.150000    0.000000    0.000000 ^ _120_/CLK (sky130_fd_sc_hd__dfxtp_2)
     1    0.033442    0.175432    0.450723    0.450723 ^ _120_/Q (sky130_fd_sc_hd__dfxtp_2)
                                                         instruction[4] (net)
                      0.175432    0.000000    0.450723 ^ instruction[4] (out)
                                              0.450723   data arrival time

                      0.150000   10.000000   10.000000   clock clk (rise edge)
                                  0.000000   10.000000   clock network delay (ideal)
                                 -0.250000    9.750000   clock uncertainty
                                  0.000000    9.750000   clock reconvergence pessimism
                                 -2.000000    7.750000   output external delay
                                              7.750000   data required time
---------------------------------------------------------------------------------------------
                                              7.750000   data required time
                                             -0.450723   data arrival time
---------------------------------------------------------------------------------------------
                                              7.299277   slack (MET)


Startpoint: _121_ (rising edge-triggered flip-flop clocked by clk)
Endpoint: instruction[6] (output port clocked by clk)
Path Group: clk
Path Type: max

Fanout         Cap        Slew       Delay        Time   Description
---------------------------------------------------------------------------------------------
                      0.150000    0.000000    0.000000   clock clk (rise edge)
                                  0.000000    0.000000   clock network delay (ideal)
                      0.150000    0.000000    0.000000 ^ _121_/CLK (sky130_fd_sc_hd__dfxtp_2)
     1    0.033442    0.175432    0.450723    0.450723 ^ _121_/Q (sky130_fd_sc_hd__dfxtp_2)
                                                         instruction[6] (net)
                      0.175432    0.000000    0.450723 ^ instruction[6] (out)
                                              0.450723   data arrival time

                      0.150000   10.000000   10.000000   clock clk (rise edge)
                                  0.000000   10.000000   clock network delay (ideal)
                                 -0.250000    9.750000   clock uncertainty
                                  0.000000    9.750000   clock reconvergence pessimism
                                 -2.000000    7.750000   output external delay
                                              7.750000   data required time
---------------------------------------------------------------------------------------------
                                              7.750000   data required time
                                             -0.450723   data arrival time
---------------------------------------------------------------------------------------------
                                              7.299277   slack (MET)


Startpoint: _123_ (rising edge-triggered flip-flop clocked by clk)
Endpoint: instruction[8] (output port clocked by clk)
Path Group: clk
Path Type: max

Fanout         Cap        Slew       Delay        Time   Description
---------------------------------------------------------------------------------------------
                      0.150000    0.000000    0.000000   clock clk (rise edge)
                                  0.000000    0.000000   clock network delay (ideal)
                      0.150000    0.000000    0.000000 ^ _123_/CLK (sky130_fd_sc_hd__dfxtp_2)
     1    0.033442    0.175432    0.450723    0.450723 ^ _123_/Q (sky130_fd_sc_hd__dfxtp_2)
                                                         instruction[8] (net)
                      0.175432    0.000000    0.450723 ^ instruction[8] (out)
                                              0.450723   data arrival time

                      0.150000   10.000000   10.000000   clock clk (rise edge)
                                  0.000000   10.000000   clock network delay (ideal)
                                 -0.250000    9.750000   clock uncertainty
                                  0.000000    9.750000   clock reconvergence pessimism
                                 -2.000000    7.750000   output external delay
                                              7.750000   data required time
---------------------------------------------------------------------------------------------
                                              7.750000   data required time
                                             -0.450723   data arrival time
---------------------------------------------------------------------------------------------
                                              7.299277   slack (MET)



