
==========================================================================
cts final report_tns
--------------------------------------------------------------------------
tns max 0.00

==========================================================================
cts final report_wns
--------------------------------------------------------------------------
wns max 0.00

==========================================================================
cts final report_worst_slack
--------------------------------------------------------------------------
worst slack max INF

==========================================================================
cts final report_clock_min_period
--------------------------------------------------------------------------
virt period_min = 0.00 fmax = inf

==========================================================================
cts final report_clock_skew
--------------------------------------------------------------------------
Clock virt
No launch/capture paths found.


==========================================================================
cts final report_checks -path_delay min
--------------------------------------------------------------------------
No paths found.

==========================================================================
cts final report_checks -path_delay max
--------------------------------------------------------------------------
No paths found.

==========================================================================
cts final report_checks -unconstrained
--------------------------------------------------------------------------
Startpoint: ALU_control[1] (input port)
Endpoint: zero (output port)
Path Group: unconstrained
Path Type: max

Fanout     Cap    Slew   Delay    Time   Description
-----------------------------------------------------------------------------
                          0.00    0.00 v input external delay
     1    0.00    0.00    0.00    0.00 v ALU_control[1] (in)
                                         ALU_control[1] (net)
                  0.00    0.00    0.00 v input2/A (sky130_fd_sc_hd__clkdlybuf4s50_1)
    26    0.10    0.71    0.92    0.92 v input2/X (sky130_fd_sc_hd__clkdlybuf4s50_1)
                                         net2 (net)
                  0.71    0.00    0.92 v _0654_/A (sky130_fd_sc_hd__nor3_2)
    17    0.07    1.11    1.10    2.02 ^ _0654_/Y (sky130_fd_sc_hd__nor3_2)
                                         _0148_ (net)
                  1.11    0.00    2.03 ^ _0664_/B (sky130_fd_sc_hd__and2_1)
    13    0.05    0.52    0.58    2.61 ^ _0664_/X (sky130_fd_sc_hd__and2_1)
                                         _0156_ (net)
                  0.52    0.00    2.61 ^ _0676_/A (sky130_fd_sc_hd__nor2_1)
     1    0.01    0.12    0.14    2.75 v _0676_/Y (sky130_fd_sc_hd__nor2_1)
                                         _0165_ (net)
                  0.12    0.00    2.75 v _0677_/B (sky130_fd_sc_hd__xnor2_1)
     1    0.00    0.09    0.16    2.91 v _0677_/Y (sky130_fd_sc_hd__xnor2_1)
                                         _0035_ (net)
                  0.09    0.00    2.91 v _1200_/B (sky130_fd_sc_hd__ha_1)
     7    0.02    0.13    0.38    3.29 v _1200_/SUM (sky130_fd_sc_hd__ha_1)
                                         _0037_ (net)
                  0.13    0.00    3.29 v _0969_/A (sky130_fd_sc_hd__and3_1)
     1    0.00    0.04    0.18    3.47 v _0969_/X (sky130_fd_sc_hd__and3_1)
                                         _0415_ (net)
                  0.04    0.00    3.47 v _0972_/A2 (sky130_fd_sc_hd__a2111oi_0)
     1    0.01    0.54    0.52    3.99 ^ _0972_/Y (sky130_fd_sc_hd__a2111oi_0)
                                         _0418_ (net)
                  0.54    0.00    3.99 ^ _0973_/B (sky130_fd_sc_hd__xor2_1)
     2    0.01    0.17    0.23    4.22 ^ _0973_/X (sky130_fd_sc_hd__xor2_1)
                                         _0419_ (net)
                  0.17    0.00    4.22 ^ _1177_/B1 (sky130_fd_sc_hd__o2bb2ai_1)
     1    0.00    0.08    0.10    4.32 v _1177_/Y (sky130_fd_sc_hd__o2bb2ai_1)
                                         _0610_ (net)
                  0.08    0.00    4.32 v _1178_/C (sky130_fd_sc_hd__or4b_1)
     1    0.00    0.08    0.47    4.79 v _1178_/X (sky130_fd_sc_hd__or4b_1)
                                         _0611_ (net)
                  0.08    0.00    4.79 v _1181_/B (sky130_fd_sc_hd__or4_1)
     1    0.01    0.13    0.57    5.36 v _1181_/X (sky130_fd_sc_hd__or4_1)
                                         _0614_ (net)
                  0.13    0.00    5.37 v _1183_/C (sky130_fd_sc_hd__or4_1)
     1    0.01    0.10    0.52    5.88 v _1183_/X (sky130_fd_sc_hd__or4_1)
                                         _0616_ (net)
                  0.10    0.00    5.88 v _1184_/C (sky130_fd_sc_hd__nor3_2)
     1    0.00    0.11    0.11    5.99 ^ _1184_/Y (sky130_fd_sc_hd__nor3_2)
                                         net53 (net)
                  0.11    0.00    5.99 ^ output53/A (sky130_fd_sc_hd__clkdlybuf4s50_1)
     1    0.00    0.03    0.47    6.47 ^ output53/X (sky130_fd_sc_hd__clkdlybuf4s50_1)
                                         zero (net)
                  0.03    0.00    6.47 ^ zero (out)
                                  6.47   data arrival time
-----------------------------------------------------------------------------
(Path is unconstrained)



==========================================================================
cts final report_check_types -max_slew -max_cap -max_fanout -violators
--------------------------------------------------------------------------

==========================================================================
cts final max_slew_check_slack
--------------------------------------------------------------------------
0.3861725628376007

==========================================================================
cts final max_slew_check_limit
--------------------------------------------------------------------------
1.4918709993362427

==========================================================================
cts final max_slew_check_slack_limit
--------------------------------------------------------------------------
0.2589

==========================================================================
cts final max_fanout_check_slack
--------------------------------------------------------------------------
1.0000000150474662e+30

==========================================================================
cts final max_fanout_check_limit
--------------------------------------------------------------------------
1.0000000150474662e+30

==========================================================================
cts final max_capacitance_check_slack
--------------------------------------------------------------------------
0.01403609849512577

==========================================================================
cts final max_capacitance_check_limit
--------------------------------------------------------------------------
0.03388400003314018

==========================================================================
cts final max_capacitance_check_slack_limit
--------------------------------------------------------------------------
0.4142

==========================================================================
cts final max_slew_violation_count
--------------------------------------------------------------------------
max slew violation count 0

==========================================================================
cts final max_fanout_violation_count
--------------------------------------------------------------------------
max fanout violation count 0

==========================================================================
cts final max_cap_violation_count
--------------------------------------------------------------------------
max cap violation count 0

==========================================================================
cts final setup_violation_count
--------------------------------------------------------------------------
setup violation count 0

==========================================================================
cts final hold_violation_count
--------------------------------------------------------------------------
hold violation count 0

==========================================================================
cts final critical path delay
--------------------------------------------------------------------------
-1

==========================================================================
cts final critical path slack
--------------------------------------------------------------------------
0

==========================================================================
cts final slack div critical path delay
--------------------------------------------------------------------------
0.000000

==========================================================================
cts final report_power
--------------------------------------------------------------------------
Group                  Internal  Switching    Leakage      Total
                          Power      Power      Power      Power (Watts)
----------------------------------------------------------------
Sequential             0.00e+00   0.00e+00   0.00e+00   0.00e+00   0.0%
Combinational          1.15e-04   1.35e-04   2.02e-09   2.50e-04 100.0%
Clock                  0.00e+00   0.00e+00   0.00e+00   0.00e+00   0.0%
Macro                  0.00e+00   0.00e+00   0.00e+00   0.00e+00   0.0%
Pad                    0.00e+00   0.00e+00   0.00e+00   0.00e+00   0.0%
----------------------------------------------------------------
Total                  1.15e-04   1.35e-04   2.02e-09   2.50e-04 100.0%
                          46.0%      54.0%       0.0%
