Reading OpenROAD database at '/home/kuman/my_designs/instruction_memory/runs/RUN_2025-11-17_17-05-55/17-openroad-cutrows/Instruction_Memory_16.odb'…
Reading library file at '/home/kuman/.volare/volare/sky130/versions/0fe599b2afb6708d281543108caf8310912f54af/sky130A/libs.ref/sky130_fd_sc_hd/lib/sky130_fd_sc_hd__tt_025C_1v80.lib'…
Reading design constraints file at '/nix/store/ss2cw3sxbrwwx9jl0rrppbw4kgcmgi2n-python3-3.11.9-env/lib/python3.11/site-packages/openlane/scripts/base.sdc'…
[INFO] Using clock clk…
[INFO] Setting output delay to: 2
[INFO] Setting input delay to: 2
[INFO] Setting load to: 0.033442
[INFO] Setting clock uncertainty to: 0.25
[INFO] Setting clock transition to: 0.1499999999999999944488848768742172978818416595458984375
[INFO] Setting timing derate to: 5%
[INFO TAP-0004] Inserted 92 endcaps.
[INFO TAP-0005] Inserted 216 tapcells.
Setting global connections for newly added cells…
[INFO] Setting global connections...
Updating metrics…
Cell type report:                       Count       Area
  Fill cell                                92     345.33
  Tap cell                                216     270.26
  Buffer                                    2      10.01
  Inverter                                  4      15.01
  Sequential cell                          14     297.79
  Multi-Input combinational cell           54     472.95
  Total                                   382    1411.35
Writing OpenROAD database to '/home/kuman/my_designs/instruction_memory/runs/RUN_2025-11-17_17-05-55/18-openroad-tapendcapinsertion/Instruction_Memory_16.odb'…
Writing netlist to '/home/kuman/my_designs/instruction_memory/runs/RUN_2025-11-17_17-05-55/18-openroad-tapendcapinsertion/Instruction_Memory_16.nl.v'…
Writing powered netlist to '/home/kuman/my_designs/instruction_memory/runs/RUN_2025-11-17_17-05-55/18-openroad-tapendcapinsertion/Instruction_Memory_16.pnl.v'…
Writing layout to '/home/kuman/my_designs/instruction_memory/runs/RUN_2025-11-17_17-05-55/18-openroad-tapendcapinsertion/Instruction_Memory_16.def'…
Writing timing constraints to '/home/kuman/my_designs/instruction_memory/runs/RUN_2025-11-17_17-05-55/18-openroad-tapendcapinsertion/Instruction_Memory_16.sdc'…
