
===========================================================================
report_checks -unconstrained
===========================================================================
======================= nom_tt_025C_1v80 Corner ===================================

Startpoint: A2[0] (input port clocked by clk)
Endpoint: RD2[15] (output port clocked by clk)
Path Group: clk
Path Type: max

Fanout         Cap        Slew       Delay        Time   Description
---------------------------------------------------------------------------------------------
                                  0.000000    0.000000   clock clk (rise edge)
                                  0.000000    0.000000   clock network delay (propagated)
                                  5.000000    5.000000 ^ input external delay
    33    0.193098    0.864380    0.597251    5.597251 ^ A2[0] (in)
                                                         A2[0] (net)
                      0.864404    0.000000    5.597251 ^ _416_/S0 (sky130_fd_sc_hd__mux4_2)
     1    0.003678    0.083110    0.596738    6.193989 v _416_/X (sky130_fd_sc_hd__mux4_2)
                                                         _243_ (net)
                      0.083110    0.000018    6.194006 v _419_/A2 (sky130_fd_sc_hd__a22o_2)
     1    0.002805    0.039794    0.264135    6.458142 v _419_/X (sky130_fd_sc_hd__a22o_2)
                                                         _246_ (net)
                      0.039794    0.000008    6.458149 v _420_/A2 (sky130_fd_sc_hd__o21a_2)
     1    0.036755    0.107060    0.271418    6.729568 v _420_/X (sky130_fd_sc_hd__o21a_2)
                                                         RD2[15] (net)
                      0.107061    0.000496    6.730064 v RD2[15] (out)
                                              6.730064   data arrival time

                                 25.000000   25.000000   clock clk (rise edge)
                                  0.000000   25.000000   clock network delay (propagated)
                                 -0.250000   24.750000   clock uncertainty
                                  0.000000   24.750000   clock reconvergence pessimism
                                 -5.000000   19.750000   output external delay
                                             19.750000   data required time
---------------------------------------------------------------------------------------------
                                             19.750000   data required time
                                             -6.730064   data arrival time
---------------------------------------------------------------------------------------------
                                             13.019936   slack (MET)




===========================================================================
report_checks --slack_max -0.01
============================================================================
======================= nom_tt_025C_1v80 Corner ===================================

No paths found.


===========================================================================
 report_check_types -max_slew -max_cap -max_fanout -violators
============================================================================
======================= nom_tt_025C_1v80 Corner ===================================

max slew

Pin                                        Limit        Slew       Slack
------------------------------------------------------------------------
_556_/CLK                               0.750000    1.271355   -0.521355 (VIOLATED)
_572_/CLK                               0.750000    1.271355   -0.521355 (VIOLATED)
_582_/CLK                               0.750000    1.271355   -0.521355 (VIOLATED)
_588_/CLK                               0.750000    1.271355   -0.521355 (VIOLATED)
_598_/CLK                               0.750000    1.271355   -0.521355 (VIOLATED)
_604_/CLK                               0.750000    1.271355   -0.521355 (VIOLATED)
_540_/CLK                               0.750000    1.271354   -0.521354 (VIOLATED)
_636_/CLK                               0.750000    1.271355   -0.521355 (VIOLATED)
_566_/CLK                               0.750000    1.271354   -0.521354 (VIOLATED)
_620_/CLK                               0.750000    1.271354   -0.521354 (VIOLATED)
_550_/CLK                               0.750000    1.271353   -0.521354 (VIOLATED)
_630_/CLK                               0.750000    1.271353   -0.521353 (VIOLATED)
_614_/CLK                               0.750000    1.271351   -0.521351 (VIOLATED)
_544_/CLK                               0.750000    1.271350   -0.521350 (VIOLATED)
_624_/CLK                               0.750000    1.271350   -0.521350 (VIOLATED)
_640_/CLK                               0.750000    1.271350   -0.521350 (VIOLATED)
_646_/CLK                               0.750000    1.271350   -0.521350 (VIOLATED)
_542_/CLK                               0.750000    1.271347   -0.521347 (VIOLATED)
_622_/CLK                               0.750000    1.271346   -0.521346 (VIOLATED)
_560_/CLK                               0.750000    1.271346   -0.521346 (VIOLATED)
_576_/CLK                               0.750000    1.271345   -0.521346 (VIOLATED)
_592_/CLK                               0.750000    1.271346   -0.521346 (VIOLATED)
_590_/CLK                               0.750000    1.271345   -0.521345 (VIOLATED)
_608_/CLK                               0.750000    1.271345   -0.521345 (VIOLATED)
_563_/CLK                               0.750000    1.271344   -0.521344 (VIOLATED)
_579_/CLK                               0.750000    1.271344   -0.521344 (VIOLATED)
_595_/CLK                               0.750000    1.271344   -0.521344 (VIOLATED)
_606_/CLK                               0.750000    1.271343   -0.521344 (VIOLATED)
_638_/CLK                               0.750000    1.271343   -0.521343 (VIOLATED)
_558_/CLK                               0.750000    1.271342   -0.521342 (VIOLATED)
_574_/CLK                               0.750000    1.271342   -0.521342 (VIOLATED)
_547_/CLK                               0.750000    1.271342   -0.521342 (VIOLATED)
_627_/CLK                               0.750000    1.271340   -0.521340 (VIOLATED)
_555_/CLK                               0.750000    1.271339   -0.521339 (VIOLATED)
_571_/CLK                               0.750000    1.271339   -0.521339 (VIOLATED)
_587_/CLK                               0.750000    1.271339   -0.521339 (VIOLATED)
_591_/CLK                               0.750000    1.271338   -0.521338 (VIOLATED)
_559_/CLK                               0.750000    1.271334   -0.521334 (VIOLATED)
_575_/CLK                               0.750000    1.271334   -0.521334 (VIOLATED)
_554_/CLK                               0.750000    1.271331   -0.521331 (VIOLATED)
_570_/CLK                               0.750000    1.271331   -0.521331 (VIOLATED)
_586_/CLK                               0.750000    1.271331   -0.521331 (VIOLATED)
_634_/CLK                               0.750000    1.271331   -0.521331 (VIOLATED)
_567_/CLK                               0.750000    1.271330   -0.521330 (VIOLATED)
_583_/CLK                               0.750000    1.271330   -0.521330 (VIOLATED)
_618_/CLK                               0.750000    1.271331   -0.521331 (VIOLATED)
_650_/CLK                               0.750000    1.271331   -0.521331 (VIOLATED)
_551_/CLK                               0.750000    1.271330   -0.521330 (VIOLATED)
_615_/CLK                               0.750000    1.271330   -0.521330 (VIOLATED)
_631_/CLK                               0.750000    1.271330   -0.521330 (VIOLATED)
_647_/CLK                               0.750000    1.271330   -0.521330 (VIOLATED)
_635_/CLK                               0.750000    1.271329   -0.521329 (VIOLATED)
_603_/CLK                               0.750000    1.271327   -0.521327 (VIOLATED)
_619_/CLK                               0.750000    1.271328   -0.521328 (VIOLATED)
_541_/CLK                               0.750000    1.271327   -0.521327 (VIOLATED)
_557_/CLK                               0.750000    1.271327   -0.521327 (VIOLATED)
_605_/CLK                               0.750000    1.271327   -0.521327 (VIOLATED)
_621_/CLK                               0.750000    1.271327   -0.521327 (VIOLATED)
_637_/CLK                               0.750000    1.271327   -0.521327 (VIOLATED)
_651_/CLK                               0.750000    1.271327   -0.521327 (VIOLATED)
_552_/CLK                               0.750000    1.271326   -0.521326 (VIOLATED)
_573_/CLK                               0.750000    1.271326   -0.521326 (VIOLATED)
_578_/CLK                               0.750000    1.271326   -0.521326 (VIOLATED)
_599_/CLK                               0.750000    1.271326   -0.521326 (VIOLATED)
_602_/CLK                               0.750000    1.271326   -0.521326 (VIOLATED)
_632_/CLK                               0.750000    1.271326   -0.521326 (VIOLATED)
_562_/CLK                               0.750000    1.271325   -0.521326 (VIOLATED)
_589_/CLK                               0.750000    1.271325   -0.521325 (VIOLATED)
_616_/CLK                               0.750000    1.271326   -0.521326 (VIOLATED)
_648_/CLK                               0.750000    1.271326   -0.521326 (VIOLATED)
_553_/CLK                               0.750000    1.271325   -0.521325 (VIOLATED)
_580_/CLK                               0.750000    1.271324   -0.521324 (VIOLATED)
_596_/CLK                               0.750000    1.271325   -0.521325 (VIOLATED)
_564_/CLK                               0.750000    1.271324   -0.521324 (VIOLATED)
_548_/CLK                               0.750000    1.271324   -0.521324 (VIOLATED)
_628_/CLK                               0.750000    1.271323   -0.521323 (VIOLATED)
_633_/CLK                               0.750000    1.271324   -0.521324 (VIOLATED)
_612_/CLK                               0.750000    1.271323   -0.521323 (VIOLATED)
_644_/CLK                               0.750000    1.271323   -0.521323 (VIOLATED)
_568_/CLK                               0.750000    1.271321   -0.521321 (VIOLATED)
_584_/CLK                               0.750000    1.271321   -0.521321 (VIOLATED)
_600_/CLK                               0.750000    1.271321   -0.521321 (VIOLATED)
_617_/CLK                               0.750000    1.271321   -0.521321 (VIOLATED)
_649_/CLK                               0.750000    1.271321   -0.521321 (VIOLATED)
_569_/CLK                               0.750000    1.271319   -0.521319 (VIOLATED)
_585_/CLK                               0.750000    1.271319   -0.521319 (VIOLATED)
_601_/CLK                               0.750000    1.271320   -0.521320 (VIOLATED)
_565_/CLK                               0.750000    1.271317   -0.521317 (VIOLATED)
_581_/CLK                               0.750000    1.271317   -0.521317 (VIOLATED)
_594_/CLK                               0.750000    1.271317   -0.521317 (VIOLATED)
_561_/CLK                               0.750000    1.271313   -0.521313 (VIOLATED)
_577_/CLK                               0.750000    1.271313   -0.521313 (VIOLATED)
_593_/CLK                               0.750000    1.271313   -0.521313 (VIOLATED)
_543_/CLK                               0.750000    1.271312   -0.521312 (VIOLATED)
_545_/CLK                               0.750000    1.271313   -0.521313 (VIOLATED)
_549_/CLK                               0.750000    1.271313   -0.521313 (VIOLATED)
_609_/CLK                               0.750000    1.271313   -0.521313 (VIOLATED)
_611_/CLK                               0.750000    1.271313   -0.521313 (VIOLATED)
_625_/CLK                               0.750000    1.271313   -0.521313 (VIOLATED)
_641_/CLK                               0.750000    1.271313   -0.521313 (VIOLATED)
_643_/CLK                               0.750000    1.271313   -0.521313 (VIOLATED)
_597_/CLK                               0.750000    1.271312   -0.521312 (VIOLATED)
_607_/CLK                               0.750000    1.271312   -0.521312 (VIOLATED)
_623_/CLK                               0.750000    1.271312   -0.521312 (VIOLATED)
_629_/CLK                               0.750000    1.271312   -0.521312 (VIOLATED)
_639_/CLK                               0.750000    1.271311   -0.521311 (VIOLATED)
_546_/CLK                               0.750000    1.271309   -0.521309 (VIOLATED)
_610_/CLK                               0.750000    1.271309   -0.521309 (VIOLATED)
_642_/CLK                               0.750000    1.271308   -0.521308 (VIOLATED)
_626_/CLK                               0.750000    1.271307   -0.521307 (VIOLATED)
_613_/CLK                               0.750000    1.271306   -0.521306 (VIOLATED)
_645_/CLK                               0.750000    1.271306   -0.521306 (VIOLATED)
clk                                     0.750000    1.271299   -0.521299 (VIOLATED)
_343_/S                                 0.750000    0.864415   -0.114415 (VIOLATED)
_340_/S0                                0.750000    0.864414   -0.114414 (VIOLATED)
_391_/S0                                0.750000    0.864413   -0.114413 (VIOLATED)
_363_/S                                 0.750000    0.864412   -0.114412 (VIOLATED)
_361_/S0                                0.750000    0.864411   -0.114411 (VIOLATED)
_411_/S0                                0.750000    0.864411   -0.114411 (VIOLATED)
_353_/S                                 0.750000    0.864410   -0.114410 (VIOLATED)
_351_/S0                                0.750000    0.864409   -0.114409 (VIOLATED)
_396_/S0                                0.750000    0.864408   -0.114408 (VIOLATED)
_339_/B                                 0.750000    0.864407   -0.114407 (VIOLATED)
_416_/S0                                0.750000    0.864404   -0.114405 (VIOLATED)
_393_/S                                 0.750000    0.864403   -0.114403 (VIOLATED)
_413_/S                                 0.750000    0.864403   -0.114403 (VIOLATED)
_398_/S                                 0.750000    0.864402   -0.114402 (VIOLATED)
_348_/S                                 0.750000    0.864401   -0.114401 (VIOLATED)
_346_/S0                                0.750000    0.864400   -0.114400 (VIOLATED)
_383_/S                                 0.750000    0.864398   -0.114398 (VIOLATED)
_381_/S0                                0.750000    0.864398   -0.114398 (VIOLATED)
_406_/S0                                0.750000    0.864397   -0.114397 (VIOLATED)
_401_/S0                                0.750000    0.864395   -0.114395 (VIOLATED)
_403_/S                                 0.750000    0.864395   -0.114396 (VIOLATED)
_376_/S0                                0.750000    0.864393   -0.114393 (VIOLATED)
_408_/S                                 0.750000    0.864393   -0.114393 (VIOLATED)
_378_/S                                 0.750000    0.864393   -0.114393 (VIOLATED)
_368_/S                                 0.750000    0.864392   -0.114392 (VIOLATED)
_366_/S0                                0.750000    0.864391   -0.114391 (VIOLATED)
_356_/S0                                0.750000    0.864389   -0.114389 (VIOLATED)
_388_/S                                 0.750000    0.864387   -0.114387 (VIOLATED)
_358_/S                                 0.750000    0.864387   -0.114387 (VIOLATED)
_418_/S                                 0.750000    0.864387   -0.114387 (VIOLATED)
_371_/S0                                0.750000    0.864386   -0.114386 (VIOLATED)
_373_/S                                 0.750000    0.864386   -0.114386 (VIOLATED)
_386_/S0                                0.750000    0.864383   -0.114383 (VIOLATED)
A2[0]                                   0.750000    0.864380   -0.114380 (VIOLATED)
_256_/S0                                0.750000    0.863073   -0.113073 (VIOLATED)
_259_/S                                 0.750000    0.863072   -0.113072 (VIOLATED)
_310_/S                                 0.750000    0.863071   -0.113071 (VIOLATED)
_330_/S                                 0.750000    0.863070   -0.113070 (VIOLATED)
_315_/S                                 0.750000    0.863068   -0.113068 (VIOLATED)
_265_/S                                 0.750000    0.863065   -0.113065 (VIOLATED)
_262_/S0                                0.750000    0.863064   -0.113064 (VIOLATED)
_308_/S0                                0.750000    0.863063   -0.113063 (VIOLATED)
_328_/S0                                0.750000    0.863062   -0.113062 (VIOLATED)
_313_/S0                                0.750000    0.863061   -0.113061 (VIOLATED)
_300_/S                                 0.750000    0.863060   -0.113060 (VIOLATED)
_298_/S0                                0.750000    0.863060   -0.113060 (VIOLATED)
_255_/B                                 0.750000    0.863059   -0.113059 (VIOLATED)
_280_/S                                 0.750000    0.863059   -0.113059 (VIOLATED)
_278_/S0                                0.750000    0.863059   -0.113059 (VIOLATED)
_333_/S0                                0.750000    0.863059   -0.113059 (VIOLATED)
_270_/S                                 0.750000    0.863058   -0.113058 (VIOLATED)
_293_/S0                                0.750000    0.863058   -0.113058 (VIOLATED)
_295_/S                                 0.750000    0.863058   -0.113058 (VIOLATED)
_285_/S                                 0.750000    0.863057   -0.113057 (VIOLATED)
_268_/S0                                0.750000    0.863056   -0.113056 (VIOLATED)
_320_/S                                 0.750000    0.863056   -0.113057 (VIOLATED)
_283_/S0                                0.750000    0.863056   -0.113056 (VIOLATED)
_318_/S0                                0.750000    0.863056   -0.113056 (VIOLATED)
_323_/S0                                0.750000    0.863055   -0.113055 (VIOLATED)
_335_/S                                 0.750000    0.863054   -0.113054 (VIOLATED)
_273_/S0                                0.750000    0.863053   -0.113053 (VIOLATED)
_275_/S                                 0.750000    0.863053   -0.113053 (VIOLATED)
_325_/S                                 0.750000    0.863053   -0.113053 (VIOLATED)
_290_/S                                 0.750000    0.863050   -0.113050 (VIOLATED)
_288_/S0                                0.750000    0.863049   -0.113049 (VIOLATED)
_305_/S                                 0.750000    0.863047   -0.113047 (VIOLATED)
_303_/S0                                0.750000    0.863043   -0.113043 (VIOLATED)
A1[0]                                   0.750000    0.863035   -0.113035 (VIOLATED)

max fanout

Pin                                   Limit Fanout  Slack
---------------------------------------------------------
clk                                      10    112   -102 (VIOLATED)
A1[0]                                    10     33    -23 (VIOLATED)
A2[0]                                    10     33    -23 (VIOLATED)
A1[1]                                    10     20    -10 (VIOLATED)
A1[2]                                    10     20    -10 (VIOLATED)
A2[1]                                    10     19     -9 (VIOLATED)
A2[2]                                    10     19     -9 (VIOLATED)
_254_/Y                                  10     16     -6 (VIOLATED)
_255_/X                                  10     16     -6 (VIOLATED)
_338_/Y                                  10     16     -6 (VIOLATED)
_339_/X                                  10     16     -6 (VIOLATED)
_342_/X                                  10     16     -6 (VIOLATED)
_421_/X                                  10     16     -6 (VIOLATED)
_438_/X                                  10     16     -6 (VIOLATED)
_455_/X                                  10     16     -6 (VIOLATED)
_472_/X                                  10     16     -6 (VIOLATED)
_489_/X                                  10     16     -6 (VIOLATED)
_506_/X                                  10     16     -6 (VIOLATED)
_523_/X                                  10     16     -6 (VIOLATED)
_264_/X                                  10     15     -5 (VIOLATED)

max capacitance

Pin                                        Limit         Cap       Slack
------------------------------------------------------------------------
clk                                     0.200000    0.284930   -0.084930 (VIOLATED)



===========================================================================
report_parasitic_annotation -report_unannotated
============================================================================
Found 0 unannotated drivers.
Found 0 partially unannotated drivers.

===========================================================================
max slew violation count 181
Writing metric design__max_slew_violation__count__corner:nom_tt_025C_1v80: 181
max fanout violation count 20
Writing metric design__max_fanout_violation__count__corner:nom_tt_025C_1v80: 20
max cap violation count 1
Writing metric design__max_cap_violation__count__corner:nom_tt_025C_1v80: 1
============================================================================

===========================================================================
check_setup -verbose -unconstrained_endpoints -multiple_clock -no_clock -no_input_delay -loops -generated_clocks
===========================================================================
