Reading OpenROAD database at '/home/githi/openlane2/my_designs/Control_unit/runs/RUN_2025-11-16_16-53-36/20-openroad-generatepdn/Control_unit.odb'…
Reading library file at '/home/githi/.volare/volare/sky130/versions/0fe599b2afb6708d281543108caf8310912f54af/sky130A/libs.ref/sky130_fd_sc_hd/lib/sky130_fd_sc_hd__tt_025C_1v80.lib'…
Reading design constraints file at '/nix/store/hp4xwjqw4rax5g0gz3fivr2n1hy2sig4-python3-3.11.9-env/lib/python3.11/site-packages/openlane/scripts/base.sdc'…
[WARNING STA-0366] port 'clk' not found.
[INFO] Using clock clk…
[INFO] Setting output delay to: 5
[INFO] Setting input delay to: 5
[WARNING STA-0366] port 'clk' not found.
[INFO] Setting load to: 0.033442
[INFO] Setting clock uncertainty to: 0.25
[INFO] Setting clock transition to: 0.1499999999999999944488848768742172978818416595458984375
[WARNING STA-0419] transition time can not be specified for virtual clocks.
[INFO] Setting timing derate to: 5%
[WARNING STA-0450] virtual clock clk can not be propagated.
+ global_placement -density 0.529688 -skip_io -pad_right 0 -pad_left 0 -init_wirelength_coef 0.25
[INFO GPL-0002] DBU: 1000
[INFO GPL-0003] SiteSize: (  0.460  2.720 ) um
[INFO GPL-0004] CoreBBox: (  5.520 10.880 ) ( 27.600 32.640 ) um
[INFO GPL-0006] NumInstances:                43
[INFO GPL-0007] NumPlaceInstances:           22
[INFO GPL-0008] NumFixedInstances:           21
[INFO GPL-0009] NumDummyInstances:            0
[INFO GPL-0010] NumNets:                     30
[INFO GPL-0011] NumPins:                     85
[INFO GPL-0012] DieBBox:  (  0.000  0.000 ) ( 33.410 44.130 ) um
[INFO GPL-0013] CoreBBox: (  5.520 10.880 ) ( 27.600 32.640 ) um
[INFO GPL-0016] CoreArea:               480.461 um^2
[INFO GPL-0017] NonPlaceInstsArea:       66.314 um^2
[INFO GPL-0018] PlaceInstsArea:         200.192 um^2
[INFO GPL-0019] Util:                    48.338 %
[INFO GPL-0020] StdInstsArea:           200.192 um^2
[INFO GPL-0021] MacroInstsArea:           0.000 um^2
[INFO GPL-0031] FillerInit:NumGCells:        24
[INFO GPL-0032] FillerInit:NumGNets:         30
[INFO GPL-0033] FillerInit:NumGPins:         85
[INFO GPL-0023] TargetDensity:            0.530
[INFO GPL-0024] AvrgPlaceInstArea:        9.100 um^2
[INFO GPL-0025] IdealBinArea:            17.179 um^2
[INFO GPL-0026] IdealBinCnt:                 27
[INFO GPL-0027] TotalBinArea:           480.461 um^2
[INFO GPL-0028] BinCnt:         4      4
[INFO GPL-0029] BinSize: (  5.520  5.440 )
[INFO GPL-0030] NumBins: 16
[NesterovSolve] Iter:    1 overflow: 0.689 HPWL: 39537
[NesterovSolve] Iter:   10 overflow: 0.689 HPWL: 35018
[NesterovSolve] Iter:   20 overflow: 0.689 HPWL: 34984
[NesterovSolve] Iter:   30 overflow: 0.689 HPWL: 35001
[NesterovSolve] Iter:   40 overflow: 0.689 HPWL: 35026
[NesterovSolve] Iter:   50 overflow: 0.689 HPWL: 35045
[NesterovSolve] Iter:   60 overflow: 0.689 HPWL: 35076
[NesterovSolve] Iter:   70 overflow: 0.689 HPWL: 35147
[NesterovSolve] Iter:   80 overflow: 0.689 HPWL: 35108
[NesterovSolve] Iter:   90 overflow: 0.689 HPWL: 35102
[NesterovSolve] Iter:  100 overflow: 0.689 HPWL: 35288
[NesterovSolve] Iter:  110 overflow: 0.689 HPWL: 35032
[NesterovSolve] Iter:  120 overflow: 0.689 HPWL: 35052
[NesterovSolve] Iter:  130 overflow: 0.689 HPWL: 35109
[NesterovSolve] Iter:  140 overflow: 0.689 HPWL: 35124
[NesterovSolve] Iter:  150 overflow: 0.689 HPWL: 35274
[NesterovSolve] Iter:  160 overflow: 0.689 HPWL: 36098
[NesterovSolve] Iter:  170 overflow: 0.679 HPWL: 39441
[NesterovSolve] Iter:  180 overflow: 0.613 HPWL: 65674
[NesterovSolve] Iter:  190 overflow: 0.531 HPWL: 80411
[NesterovSolve] Iter:  200 overflow: 0.498 HPWL: 88809
[NesterovSolve] Iter:  210 overflow: 0.469 HPWL: 95055
[NesterovSolve] Iter:  220 overflow: 0.550 HPWL: 85446
[NesterovSolve] Iter:  230 overflow: 0.489 HPWL: 97372
[NesterovSolve] Iter:  240 overflow: 0.490 HPWL: 97206
[NesterovSolve] Iter:  250 overflow: 0.488 HPWL: 98228
[NesterovSolve] Iter:  260 overflow: 0.146 HPWL: 180892
[NesterovSolve] Iter:  270 overflow: 0.235 HPWL: 149391
[NesterovSolve] Iter:  280 overflow: 0.141 HPWL: 170667
[NesterovSolve] Iter:  290 overflow: 0.113 HPWL: 177969
[NesterovSolve] Finished with Overflow: 0.097324
[INFO] Setting RC values…
Setting global connections for newly added cells…
[INFO] Setting global connections...
Updating metrics…
Cell type report:                       Count       Area
  Fill cell                                16      60.06
  Tap cell                                  5       6.26
  Inverter                                  1       3.75
  Multi-Input combinational cell           21     196.44
  Total                                    43     266.51
Writing OpenROAD database to '/home/githi/openlane2/my_designs/Control_unit/runs/RUN_2025-11-16_16-53-36/23-openroad-globalplacementskipio/Control_unit.odb'…
Writing netlist to '/home/githi/openlane2/my_designs/Control_unit/runs/RUN_2025-11-16_16-53-36/23-openroad-globalplacementskipio/Control_unit.nl.v'…
Writing powered netlist to '/home/githi/openlane2/my_designs/Control_unit/runs/RUN_2025-11-16_16-53-36/23-openroad-globalplacementskipio/Control_unit.pnl.v'…
Writing layout to '/home/githi/openlane2/my_designs/Control_unit/runs/RUN_2025-11-16_16-53-36/23-openroad-globalplacementskipio/Control_unit.def'…
Writing timing constraints to '/home/githi/openlane2/my_designs/Control_unit/runs/RUN_2025-11-16_16-53-36/23-openroad-globalplacementskipio/Control_unit.sdc'…
