Clock: clk
Sources: clk 
Generated: no
Virtual: no
Propagated: no
Period: 25.000000

===========================================================================
report_clock_properties
============================================================================
Clock                   Period          Waveform
----------------------------------------------------
clk                  25.000000    0.000000 12.500000

===========================================================================
report_clock_latency
============================================================================
Clock clk
rise -> rise
    min     max
0.000000 0.000000 source latency
1.103561         network latency _550_/CLK
        1.103561 network latency _550_/CLK
---------------
1.103561 1.103561 latency
        0.000000 skew

fall -> fall
    min     max
0.000000 0.000000 source latency
0.621576         network latency _550_/CLK
        0.621576 network latency _550_/CLK
---------------
0.621576 0.621576 latency
        0.000000 skew



===========================================================================
report_clock_min_period
============================================================================
clk period_min = 1.77 fmax = 565.31
