
===========================================================================
report_checks -path_delay max (Setup)
============================================================================
======================= max_ss_100C_1v60 Corner ===================================

Startpoint: ImmSrc[0] (input port clocked by __VIRTUAL_CLK__)
Endpoint: ImmExt[6] (output port clocked by __VIRTUAL_CLK__)
Path Group: __VIRTUAL_CLK__
Path Type: max

Fanout         Cap        Slew       Delay        Time   Description
---------------------------------------------------------------------------------------------
                      0.000000    0.000000    0.000000   clock __VIRTUAL_CLK__ (rise edge)
                                  0.000000    0.000000   clock network delay (ideal)
                                  5.000000    5.000000 ^ input external delay
     1    0.002783    0.032139    0.015748    5.015749 ^ ImmSrc[0] (in)
                                                         ImmSrc[0] (net)
                      0.032139    0.000000    5.015749 ^ input1/A (sky130_fd_sc_hd__buf_1)
     3    0.011153    0.221956    0.241886    5.257634 ^ input1/X (sky130_fd_sc_hd__buf_1)
                                                         net1 (net)
                      0.221959    0.000659    5.258293 ^ fanout31/A (sky130_fd_sc_hd__buf_2)
    10    0.031161    0.249627    0.397069    5.655362 ^ fanout31/X (sky130_fd_sc_hd__buf_2)
                                                         net31 (net)
                      0.249641    0.002101    5.657463 ^ _15_/A_N (sky130_fd_sc_hd__nand2b_4)
     9    0.040853    0.216964    0.415060    6.072523 ^ _15_/Y (sky130_fd_sc_hd__nand2b_4)
                                                         _03_ (net)
                      0.217106    0.004453    6.076976 ^ _16_/S (sky130_fd_sc_hd__mux2_1)
     1    0.003137    0.113298    0.758472    6.835448 v _16_/X (sky130_fd_sc_hd__mux2_1)
                                                         net25 (net)
                      0.113298    0.000189    6.835637 v output25/A (sky130_fd_sc_hd__buf_2)
     1    0.034377    0.166604    0.364936    7.200573 v output25/X (sky130_fd_sc_hd__buf_2)
                                                         ImmExt[6] (net)
                      0.166618    0.001596    7.202169 v ImmExt[6] (out)
                                              7.202169   data arrival time

                      0.000000   25.000000   25.000000   clock __VIRTUAL_CLK__ (rise edge)
                                  0.000000   25.000000   clock network delay (ideal)
                                 -0.250000   24.750000   clock uncertainty
                                  0.000000   24.750000   clock reconvergence pessimism
                                 -5.000000   19.750000   output external delay
                                             19.750000   data required time
---------------------------------------------------------------------------------------------
                                             19.750000   data required time
                                             -7.202169   data arrival time
---------------------------------------------------------------------------------------------
                                             12.547831   slack (MET)


Startpoint: ImmSrc[0] (input port clocked by __VIRTUAL_CLK__)
Endpoint: ImmExt[9] (output port clocked by __VIRTUAL_CLK__)
Path Group: __VIRTUAL_CLK__
Path Type: max

Fanout         Cap        Slew       Delay        Time   Description
---------------------------------------------------------------------------------------------
                      0.000000    0.000000    0.000000   clock __VIRTUAL_CLK__ (rise edge)
                                  0.000000    0.000000   clock network delay (ideal)
                                  5.000000    5.000000 ^ input external delay
     1    0.002783    0.032139    0.015748    5.015749 ^ ImmSrc[0] (in)
                                                         ImmSrc[0] (net)
                      0.032139    0.000000    5.015749 ^ input1/A (sky130_fd_sc_hd__buf_1)
     3    0.011153    0.221956    0.241886    5.257634 ^ input1/X (sky130_fd_sc_hd__buf_1)
                                                         net1 (net)
                      0.221959    0.000659    5.258293 ^ fanout31/A (sky130_fd_sc_hd__buf_2)
    10    0.031161    0.249627    0.397069    5.655362 ^ fanout31/X (sky130_fd_sc_hd__buf_2)
                                                         net31 (net)
                      0.249641    0.002101    5.657463 ^ _15_/A_N (sky130_fd_sc_hd__nand2b_4)
     9    0.040853    0.216964    0.415060    6.072523 ^ _15_/Y (sky130_fd_sc_hd__nand2b_4)
                                                         _03_ (net)
                      0.216994    0.002075    6.074598 ^ _19_/S (sky130_fd_sc_hd__mux2_1)
     1    0.003088    0.112809    0.757574    6.832172 v _19_/X (sky130_fd_sc_hd__mux2_1)
                                                         net28 (net)
                      0.112809    0.000197    6.832369 v output28/A (sky130_fd_sc_hd__buf_2)
     1    0.034445    0.166875    0.364903    7.197272 v output28/X (sky130_fd_sc_hd__buf_2)
                                                         ImmExt[9] (net)
                      0.166889    0.001614    7.198886 v ImmExt[9] (out)
                                              7.198886   data arrival time

                      0.000000   25.000000   25.000000   clock __VIRTUAL_CLK__ (rise edge)
                                  0.000000   25.000000   clock network delay (ideal)
                                 -0.250000   24.750000   clock uncertainty
                                  0.000000   24.750000   clock reconvergence pessimism
                                 -5.000000   19.750000   output external delay
                                             19.750000   data required time
---------------------------------------------------------------------------------------------
                                             19.750000   data required time
                                             -7.198886   data arrival time
---------------------------------------------------------------------------------------------
                                             12.551113   slack (MET)


Startpoint: ImmSrc[0] (input port clocked by __VIRTUAL_CLK__)
Endpoint: ImmExt[11] (output port clocked by __VIRTUAL_CLK__)
Path Group: __VIRTUAL_CLK__
Path Type: max

Fanout         Cap        Slew       Delay        Time   Description
---------------------------------------------------------------------------------------------
                      0.000000    0.000000    0.000000   clock __VIRTUAL_CLK__ (rise edge)
                                  0.000000    0.000000   clock network delay (ideal)
                                  5.000000    5.000000 ^ input external delay
     1    0.002783    0.032139    0.015748    5.015749 ^ ImmSrc[0] (in)
                                                         ImmSrc[0] (net)
                      0.032139    0.000000    5.015749 ^ input1/A (sky130_fd_sc_hd__buf_1)
     3    0.011153    0.221956    0.241886    5.257634 ^ input1/X (sky130_fd_sc_hd__buf_1)
                                                         net1 (net)
                      0.221959    0.000659    5.258293 ^ fanout31/A (sky130_fd_sc_hd__buf_2)
    10    0.031161    0.249627    0.397069    5.655362 ^ fanout31/X (sky130_fd_sc_hd__buf_2)
                                                         net31 (net)
                      0.249641    0.002101    5.657463 ^ _15_/A_N (sky130_fd_sc_hd__nand2b_4)
     9    0.040853    0.216964    0.415060    6.072523 ^ _15_/Y (sky130_fd_sc_hd__nand2b_4)
                                                         _03_ (net)
                      0.217163    0.005253    6.077776 ^ _21_/S (sky130_fd_sc_hd__mux2_1)
     1    0.002865    0.110618    0.753841    6.831616 v _21_/X (sky130_fd_sc_hd__mux2_1)
                                                         net15 (net)
                      0.110618    0.000188    6.831804 v output15/A (sky130_fd_sc_hd__buf_2)
     1    0.034378    0.166605    0.363646    7.195451 v output15/X (sky130_fd_sc_hd__buf_2)
                                                         ImmExt[11] (net)
                      0.166618    0.001596    7.197046 v ImmExt[11] (out)
                                              7.197046   data arrival time

                      0.000000   25.000000   25.000000   clock __VIRTUAL_CLK__ (rise edge)
                                  0.000000   25.000000   clock network delay (ideal)
                                 -0.250000   24.750000   clock uncertainty
                                  0.000000   24.750000   clock reconvergence pessimism
                                 -5.000000   19.750000   output external delay
                                             19.750000   data required time
---------------------------------------------------------------------------------------------
                                             19.750000   data required time
                                             -7.197046   data arrival time
---------------------------------------------------------------------------------------------
                                             12.552953   slack (MET)


Startpoint: ImmSrc[0] (input port clocked by __VIRTUAL_CLK__)
Endpoint: ImmExt[7] (output port clocked by __VIRTUAL_CLK__)
Path Group: __VIRTUAL_CLK__
Path Type: max

Fanout         Cap        Slew       Delay        Time   Description
---------------------------------------------------------------------------------------------
                      0.000000    0.000000    0.000000   clock __VIRTUAL_CLK__ (rise edge)
                                  0.000000    0.000000   clock network delay (ideal)
                                  5.000000    5.000000 ^ input external delay
     1    0.002783    0.032139    0.015748    5.015749 ^ ImmSrc[0] (in)
                                                         ImmSrc[0] (net)
                      0.032139    0.000000    5.015749 ^ input1/A (sky130_fd_sc_hd__buf_1)
     3    0.011153    0.221956    0.241886    5.257634 ^ input1/X (sky130_fd_sc_hd__buf_1)
                                                         net1 (net)
                      0.221959    0.000659    5.258293 ^ fanout31/A (sky130_fd_sc_hd__buf_2)
    10    0.031161    0.249627    0.397069    5.655362 ^ fanout31/X (sky130_fd_sc_hd__buf_2)
                                                         net31 (net)
                      0.249641    0.002101    5.657463 ^ _15_/A_N (sky130_fd_sc_hd__nand2b_4)
     9    0.040853    0.216964    0.415060    6.072523 ^ _15_/Y (sky130_fd_sc_hd__nand2b_4)
                                                         _03_ (net)
                      0.217152    0.005108    6.077631 ^ _17_/S (sky130_fd_sc_hd__mux2_1)
     1    0.002308    0.105077    0.744333    6.821964 v _17_/X (sky130_fd_sc_hd__mux2_1)
                                                         net26 (net)
                      0.105077    0.000149    6.822113 v output26/A (sky130_fd_sc_hd__buf_2)
     1    0.034377    0.166594    0.360972    7.183084 v output26/X (sky130_fd_sc_hd__buf_2)
                                                         ImmExt[7] (net)
                      0.166607    0.001596    7.184680 v ImmExt[7] (out)
                                              7.184680   data arrival time

                      0.000000   25.000000   25.000000   clock __VIRTUAL_CLK__ (rise edge)
                                  0.000000   25.000000   clock network delay (ideal)
                                 -0.250000   24.750000   clock uncertainty
                                  0.000000   24.750000   clock reconvergence pessimism
                                 -5.000000   19.750000   output external delay
                                             19.750000   data required time
---------------------------------------------------------------------------------------------
                                             19.750000   data required time
                                             -7.184680   data arrival time
---------------------------------------------------------------------------------------------
                                             12.565320   slack (MET)


Startpoint: ImmSrc[0] (input port clocked by __VIRTUAL_CLK__)
Endpoint: ImmExt[8] (output port clocked by __VIRTUAL_CLK__)
Path Group: __VIRTUAL_CLK__
Path Type: max

Fanout         Cap        Slew       Delay        Time   Description
---------------------------------------------------------------------------------------------
                      0.000000    0.000000    0.000000   clock __VIRTUAL_CLK__ (rise edge)
                                  0.000000    0.000000   clock network delay (ideal)
                                  5.000000    5.000000 ^ input external delay
     1    0.002783    0.032139    0.015748    5.015749 ^ ImmSrc[0] (in)
                                                         ImmSrc[0] (net)
                      0.032139    0.000000    5.015749 ^ input1/A (sky130_fd_sc_hd__buf_1)
     3    0.011153    0.221956    0.241886    5.257634 ^ input1/X (sky130_fd_sc_hd__buf_1)
                                                         net1 (net)
                      0.221959    0.000659    5.258293 ^ fanout31/A (sky130_fd_sc_hd__buf_2)
    10    0.031161    0.249627    0.397069    5.655362 ^ fanout31/X (sky130_fd_sc_hd__buf_2)
                                                         net31 (net)
                      0.249641    0.002101    5.657463 ^ _15_/A_N (sky130_fd_sc_hd__nand2b_4)
     9    0.040853    0.216964    0.415060    6.072523 ^ _15_/Y (sky130_fd_sc_hd__nand2b_4)
                                                         _03_ (net)
                      0.217156    0.005164    6.077687 ^ _18_/S (sky130_fd_sc_hd__mux2_1)
     1    0.002155    0.103554    0.741712    6.819399 v _18_/X (sky130_fd_sc_hd__mux2_1)
                                                         net27 (net)
                      0.103554    0.000143    6.819542 v output27/A (sky130_fd_sc_hd__buf_2)
     1    0.034441    0.166849    0.360430    7.179973 v output27/X (sky130_fd_sc_hd__buf_2)
                                                         ImmExt[8] (net)
                      0.166863    0.001613    7.181586 v ImmExt[8] (out)
                                              7.181586   data arrival time

                      0.000000   25.000000   25.000000   clock __VIRTUAL_CLK__ (rise edge)
                                  0.000000   25.000000   clock network delay (ideal)
                                 -0.250000   24.750000   clock uncertainty
                                  0.000000   24.750000   clock reconvergence pessimism
                                 -5.000000   19.750000   output external delay
                                             19.750000   data required time
---------------------------------------------------------------------------------------------
                                             19.750000   data required time
                                             -7.181586   data arrival time
---------------------------------------------------------------------------------------------
                                             12.568415   slack (MET)


Startpoint: ImmSrc[0] (input port clocked by __VIRTUAL_CLK__)
Endpoint: ImmExt[10] (output port clocked by __VIRTUAL_CLK__)
Path Group: __VIRTUAL_CLK__
Path Type: max

Fanout         Cap        Slew       Delay        Time   Description
---------------------------------------------------------------------------------------------
                      0.000000    0.000000    0.000000   clock __VIRTUAL_CLK__ (rise edge)
                                  0.000000    0.000000   clock network delay (ideal)
                                  5.000000    5.000000 ^ input external delay
     1    0.002783    0.032139    0.015748    5.015749 ^ ImmSrc[0] (in)
                                                         ImmSrc[0] (net)
                      0.032139    0.000000    5.015749 ^ input1/A (sky130_fd_sc_hd__buf_1)
     3    0.011153    0.221956    0.241886    5.257634 ^ input1/X (sky130_fd_sc_hd__buf_1)
                                                         net1 (net)
                      0.221959    0.000659    5.258293 ^ fanout31/A (sky130_fd_sc_hd__buf_2)
    10    0.031161    0.249627    0.397069    5.655362 ^ fanout31/X (sky130_fd_sc_hd__buf_2)
                                                         net31 (net)
                      0.249641    0.002101    5.657463 ^ _15_/A_N (sky130_fd_sc_hd__nand2b_4)
     9    0.040853    0.216964    0.415060    6.072523 ^ _15_/Y (sky130_fd_sc_hd__nand2b_4)
                                                         _03_ (net)
                      0.217074    0.003934    6.076457 ^ _20_/S (sky130_fd_sc_hd__mux2_1)
     1    0.002239    0.104417    0.743118    6.819574 v _20_/X (sky130_fd_sc_hd__mux2_1)
                                                         net14 (net)
                      0.104417    0.000160    6.819735 v output14/A (sky130_fd_sc_hd__buf_2)
     1    0.034051    0.165307    0.359587    7.179322 v output14/X (sky130_fd_sc_hd__buf_2)
                                                         ImmExt[10] (net)
                      0.165321    0.001618    7.180940 v ImmExt[10] (out)
                                              7.180940   data arrival time

                      0.000000   25.000000   25.000000   clock __VIRTUAL_CLK__ (rise edge)
                                  0.000000   25.000000   clock network delay (ideal)
                                 -0.250000   24.750000   clock uncertainty
                                  0.000000   24.750000   clock reconvergence pessimism
                                 -5.000000   19.750000   output external delay
                                             19.750000   data required time
---------------------------------------------------------------------------------------------
                                             19.750000   data required time
                                             -7.180940   data arrival time
---------------------------------------------------------------------------------------------
                                             12.569059   slack (MET)


Startpoint: ImmSrc[0] (input port clocked by __VIRTUAL_CLK__)
Endpoint: ImmExt[12] (output port clocked by __VIRTUAL_CLK__)
Path Group: __VIRTUAL_CLK__
Path Type: max

Fanout         Cap        Slew       Delay        Time   Description
---------------------------------------------------------------------------------------------
                      0.000000    0.000000    0.000000   clock __VIRTUAL_CLK__ (rise edge)
                                  0.000000    0.000000   clock network delay (ideal)
                                  5.000000    5.000000 ^ input external delay
     1    0.002783    0.032139    0.015748    5.015749 ^ ImmSrc[0] (in)
                                                         ImmSrc[0] (net)
                      0.032139    0.000000    5.015749 ^ input1/A (sky130_fd_sc_hd__buf_1)
     3    0.011153    0.221956    0.241886    5.257634 ^ input1/X (sky130_fd_sc_hd__buf_1)
                                                         net1 (net)
                      0.221959    0.000659    5.258293 ^ fanout31/A (sky130_fd_sc_hd__buf_2)
    10    0.031161    0.249627    0.397069    5.655362 ^ fanout31/X (sky130_fd_sc_hd__buf_2)
                                                         net31 (net)
                      0.249641    0.002101    5.657463 ^ _15_/A_N (sky130_fd_sc_hd__nand2b_4)
     9    0.040853    0.216964    0.415060    6.072523 ^ _15_/Y (sky130_fd_sc_hd__nand2b_4)
                                                         _03_ (net)
                      0.217173    0.005377    6.077899 ^ _22_/S (sky130_fd_sc_hd__mux2_1)
     1    0.001961    0.101631    0.738411    6.816311 v _22_/X (sky130_fd_sc_hd__mux2_1)
                                                         net16 (net)
                      0.101631    0.000137    6.816448 v output16/A (sky130_fd_sc_hd__buf_2)
     1    0.034465    0.166942    0.359579    7.176026 v output16/X (sky130_fd_sc_hd__buf_2)
                                                         ImmExt[12] (net)
                      0.166956    0.001615    7.177641 v ImmExt[12] (out)
                                              7.177641   data arrival time

                      0.000000   25.000000   25.000000   clock __VIRTUAL_CLK__ (rise edge)
                                  0.000000   25.000000   clock network delay (ideal)
                                 -0.250000   24.750000   clock uncertainty
                                  0.000000   24.750000   clock reconvergence pessimism
                                 -5.000000   19.750000   output external delay
                                             19.750000   data required time
---------------------------------------------------------------------------------------------
                                             19.750000   data required time
                                             -7.177641   data arrival time
---------------------------------------------------------------------------------------------
                                             12.572359   slack (MET)


Startpoint: ImmSrc[0] (input port clocked by __VIRTUAL_CLK__)
Endpoint: ImmExt[1] (output port clocked by __VIRTUAL_CLK__)
Path Group: __VIRTUAL_CLK__
Path Type: max

Fanout         Cap        Slew       Delay        Time   Description
---------------------------------------------------------------------------------------------
                      0.000000    0.000000    0.000000   clock __VIRTUAL_CLK__ (rise edge)
                                  0.000000    0.000000   clock network delay (ideal)
                                  5.000000    5.000000 v input external delay
     1    0.002654    0.017902    0.008818    5.008818 v ImmSrc[0] (in)
                                                         ImmSrc[0] (net)
                      0.017903    0.000000    5.008818 v input1/A (sky130_fd_sc_hd__buf_1)
     3    0.010840    0.133763    0.204828    5.213645 v input1/X (sky130_fd_sc_hd__buf_1)
                                                         net1 (net)
                      0.133764    0.000637    5.214283 v fanout31/A (sky130_fd_sc_hd__buf_2)
    10    0.029785    0.148133    0.359854    5.574137 v fanout31/X (sky130_fd_sc_hd__buf_2)
                                                         net31 (net)
                      0.148155    0.001849    5.575985 v _08_/B (sky130_fd_sc_hd__or3b_1)
     1    0.002103    0.128883    0.810450    6.386436 v _08_/X (sky130_fd_sc_hd__or3b_1)
                                                         _01_ (net)
                      0.128883    0.000139    6.386575 v _09_/B1_N (sky130_fd_sc_hd__a21bo_1)
     1    0.003325    0.069479    0.367477    6.754052 ^ _09_/X (sky130_fd_sc_hd__a21bo_1)
                                                         net20 (net)
                      0.069479    0.000144    6.754196 ^ output20/A (sky130_fd_sc_hd__buf_2)
     1    0.033964    0.270072    0.340993    7.095189 ^ output20/X (sky130_fd_sc_hd__buf_2)
                                                         ImmExt[1] (net)
                      0.270077    0.001593    7.096781 ^ ImmExt[1] (out)
                                              7.096781   data arrival time

                      0.000000   25.000000   25.000000   clock __VIRTUAL_CLK__ (rise edge)
                                  0.000000   25.000000   clock network delay (ideal)
                                 -0.250000   24.750000   clock uncertainty
                                  0.000000   24.750000   clock reconvergence pessimism
                                 -5.000000   19.750000   output external delay
                                             19.750000   data required time
---------------------------------------------------------------------------------------------
                                             19.750000   data required time
                                             -7.096781   data arrival time
---------------------------------------------------------------------------------------------
                                             12.653218   slack (MET)


Startpoint: ImmSrc[0] (input port clocked by __VIRTUAL_CLK__)
Endpoint: ImmExt[0] (output port clocked by __VIRTUAL_CLK__)
Path Group: __VIRTUAL_CLK__
Path Type: max

Fanout         Cap        Slew       Delay        Time   Description
---------------------------------------------------------------------------------------------
                      0.000000    0.000000    0.000000   clock __VIRTUAL_CLK__ (rise edge)
                                  0.000000    0.000000   clock network delay (ideal)
                                  5.000000    5.000000 v input external delay
     1    0.002654    0.017902    0.008818    5.008818 v ImmSrc[0] (in)
                                                         ImmSrc[0] (net)
                      0.017903    0.000000    5.008818 v input1/A (sky130_fd_sc_hd__buf_1)
     3    0.010840    0.133763    0.204828    5.213645 v input1/X (sky130_fd_sc_hd__buf_1)
                                                         net1 (net)
                      0.133764    0.000637    5.214283 v fanout31/A (sky130_fd_sc_hd__buf_2)
    10    0.029785    0.148133    0.359854    5.574137 v fanout31/X (sky130_fd_sc_hd__buf_2)
                                                         net31 (net)
                      0.148141    0.001244    5.575381 v _06_/B (sky130_fd_sc_hd__or3b_1)
     1    0.001724    0.124965    0.802516    6.377898 v _06_/X (sky130_fd_sc_hd__or3b_1)
                                                         _00_ (net)
                      0.124965    0.000079    6.377976 v _07_/B1_N (sky130_fd_sc_hd__a21bo_1)
     1    0.003534    0.071888    0.367763    6.745739 ^ _07_/X (sky130_fd_sc_hd__a21bo_1)
                                                         net13 (net)
                      0.071888    0.000222    6.745961 ^ output13/A (sky130_fd_sc_hd__buf_2)
     1    0.034368    0.273072    0.344245    7.090206 ^ output13/X (sky130_fd_sc_hd__buf_2)
                                                         ImmExt[0] (net)
                      0.273077    0.001596    7.091802 ^ ImmExt[0] (out)
                                              7.091802   data arrival time

                      0.000000   25.000000   25.000000   clock __VIRTUAL_CLK__ (rise edge)
                                  0.000000   25.000000   clock network delay (ideal)
                                 -0.250000   24.750000   clock uncertainty
                                  0.000000   24.750000   clock reconvergence pessimism
                                 -5.000000   19.750000   output external delay
                                             19.750000   data required time
---------------------------------------------------------------------------------------------
                                             19.750000   data required time
                                             -7.091802   data arrival time
---------------------------------------------------------------------------------------------
                                             12.658198   slack (MET)


Startpoint: instr[15] (input port clocked by __VIRTUAL_CLK__)
Endpoint: ImmExt[2] (output port clocked by __VIRTUAL_CLK__)
Path Group: __VIRTUAL_CLK__
Path Type: max

Fanout         Cap        Slew       Delay        Time   Description
---------------------------------------------------------------------------------------------
                      0.000000    0.000000    0.000000   clock __VIRTUAL_CLK__ (rise edge)
                                  0.000000    0.000000   clock network delay (ideal)
                                  5.000000    5.000000 ^ input external delay
     1    0.002583    0.030813    0.014686    5.014686 ^ instr[15] (in)
                                                         instr[15] (net)
                      0.030813    0.000000    5.014686 ^ input8/A (sky130_fd_sc_hd__clkbuf_1)
     2    0.006099    0.130630    0.175928    5.190614 ^ input8/X (sky130_fd_sc_hd__clkbuf_1)
                                                         net8 (net)
                      0.130630    0.000349    5.190962 ^ fanout30/A (sky130_fd_sc_hd__buf_2)
    10    0.032869    0.262107    0.363547    5.554509 ^ fanout30/X (sky130_fd_sc_hd__buf_2)
                                                         net30 (net)
                      0.262120    0.002101    5.556610 ^ _10_/C_N (sky130_fd_sc_hd__nor3b_1)
     2    0.005524    0.391786    0.484519    6.041129 ^ _10_/Y (sky130_fd_sc_hd__nor3b_1)
                                                         _02_ (net)
                      0.391786    0.000193    6.041322 ^ max_cap29/A (sky130_fd_sc_hd__buf_1)
     3    0.010434    0.210112    0.360957    6.402279 ^ max_cap29/X (sky130_fd_sc_hd__buf_1)
                                                         net29 (net)
                      0.210112    0.000610    6.402889 ^ _11_/B1 (sky130_fd_sc_hd__a21o_1)
     1    0.003466    0.072854    0.202772    6.605660 ^ _11_/X (sky130_fd_sc_hd__a21o_1)
                                                         net21 (net)
                      0.072854    0.000142    6.605802 ^ output21/A (sky130_fd_sc_hd__buf_2)
     1    0.034211    0.271929    0.343773    6.949575 ^ output21/X (sky130_fd_sc_hd__buf_2)
                                                         ImmExt[2] (net)
                      0.271936    0.001705    6.951280 ^ ImmExt[2] (out)
                                              6.951280   data arrival time

                      0.000000   25.000000   25.000000   clock __VIRTUAL_CLK__ (rise edge)
                                  0.000000   25.000000   clock network delay (ideal)
                                 -0.250000   24.750000   clock uncertainty
                                  0.000000   24.750000   clock reconvergence pessimism
                                 -5.000000   19.750000   output external delay
                                             19.750000   data required time
---------------------------------------------------------------------------------------------
                                             19.750000   data required time
                                             -6.951280   data arrival time
---------------------------------------------------------------------------------------------
                                             12.798719   slack (MET)


Startpoint: instr[15] (input port clocked by __VIRTUAL_CLK__)
Endpoint: ImmExt[3] (output port clocked by __VIRTUAL_CLK__)
Path Group: __VIRTUAL_CLK__
Path Type: max

Fanout         Cap        Slew       Delay        Time   Description
---------------------------------------------------------------------------------------------
                      0.000000    0.000000    0.000000   clock __VIRTUAL_CLK__ (rise edge)
                                  0.000000    0.000000   clock network delay (ideal)
                                  5.000000    5.000000 ^ input external delay
     1    0.002583    0.030813    0.014686    5.014686 ^ instr[15] (in)
                                                         instr[15] (net)
                      0.030813    0.000000    5.014686 ^ input8/A (sky130_fd_sc_hd__clkbuf_1)
     2    0.006099    0.130630    0.175928    5.190614 ^ input8/X (sky130_fd_sc_hd__clkbuf_1)
                                                         net8 (net)
                      0.130630    0.000349    5.190962 ^ fanout30/A (sky130_fd_sc_hd__buf_2)
    10    0.032869    0.262107    0.363547    5.554509 ^ fanout30/X (sky130_fd_sc_hd__buf_2)
                                                         net30 (net)
                      0.262120    0.002101    5.556610 ^ _10_/C_N (sky130_fd_sc_hd__nor3b_1)
     2    0.005524    0.391786    0.484519    6.041129 ^ _10_/Y (sky130_fd_sc_hd__nor3b_1)
                                                         _02_ (net)
                      0.391786    0.000193    6.041322 ^ max_cap29/A (sky130_fd_sc_hd__buf_1)
     3    0.010434    0.210112    0.360957    6.402279 ^ max_cap29/X (sky130_fd_sc_hd__buf_1)
                                                         net29 (net)
                      0.210112    0.000633    6.402912 ^ _12_/B1 (sky130_fd_sc_hd__a21o_1)
     1    0.003239    0.070170    0.200390    6.603302 ^ _12_/X (sky130_fd_sc_hd__a21o_1)
                                                         net22 (net)
                      0.070170    0.000243    6.603545 ^ output22/A (sky130_fd_sc_hd__buf_2)
     1    0.033987    0.270245    0.341436    6.944981 ^ output22/X (sky130_fd_sc_hd__buf_2)
                                                         ImmExt[3] (net)
                      0.270250    0.001591    6.946571 ^ ImmExt[3] (out)
                                              6.946571   data arrival time

                      0.000000   25.000000   25.000000   clock __VIRTUAL_CLK__ (rise edge)
                                  0.000000   25.000000   clock network delay (ideal)
                                 -0.250000   24.750000   clock uncertainty
                                  0.000000   24.750000   clock reconvergence pessimism
                                 -5.000000   19.750000   output external delay
                                             19.750000   data required time
---------------------------------------------------------------------------------------------
                                             19.750000   data required time
                                             -6.946571   data arrival time
---------------------------------------------------------------------------------------------
                                             12.803428   slack (MET)


Startpoint: instr[15] (input port clocked by __VIRTUAL_CLK__)
Endpoint: ImmExt[5] (output port clocked by __VIRTUAL_CLK__)
Path Group: __VIRTUAL_CLK__
Path Type: max

Fanout         Cap        Slew       Delay        Time   Description
---------------------------------------------------------------------------------------------
                      0.000000    0.000000    0.000000   clock __VIRTUAL_CLK__ (rise edge)
                                  0.000000    0.000000   clock network delay (ideal)
                                  5.000000    5.000000 ^ input external delay
     1    0.002583    0.030813    0.014686    5.014686 ^ instr[15] (in)
                                                         instr[15] (net)
                      0.030813    0.000000    5.014686 ^ input8/A (sky130_fd_sc_hd__clkbuf_1)
     2    0.006099    0.130630    0.175928    5.190614 ^ input8/X (sky130_fd_sc_hd__clkbuf_1)
                                                         net8 (net)
                      0.130630    0.000349    5.190962 ^ fanout30/A (sky130_fd_sc_hd__buf_2)
    10    0.032869    0.262107    0.363547    5.554509 ^ fanout30/X (sky130_fd_sc_hd__buf_2)
                                                         net30 (net)
                      0.262120    0.002101    5.556610 ^ _10_/C_N (sky130_fd_sc_hd__nor3b_1)
     2    0.005524    0.391786    0.484519    6.041129 ^ _10_/Y (sky130_fd_sc_hd__nor3b_1)
                                                         _02_ (net)
                      0.391786    0.000193    6.041322 ^ max_cap29/A (sky130_fd_sc_hd__buf_1)
     3    0.010434    0.210112    0.360957    6.402279 ^ max_cap29/X (sky130_fd_sc_hd__buf_1)
                                                         net29 (net)
                      0.210112    0.000549    6.402828 ^ _14_/B1 (sky130_fd_sc_hd__a21o_1)
     1    0.002846    0.065634    0.196398    6.599226 ^ _14_/X (sky130_fd_sc_hd__a21o_1)
                                                         net24 (net)
                      0.065634    0.000116    6.599342 ^ output24/A (sky130_fd_sc_hd__buf_2)
     1    0.034205    0.271874    0.340431    6.939774 ^ output24/X (sky130_fd_sc_hd__buf_2)
                                                         ImmExt[5] (net)
                      0.271880    0.001705    6.941478 ^ ImmExt[5] (out)
                                              6.941478   data arrival time

                      0.000000   25.000000   25.000000   clock __VIRTUAL_CLK__ (rise edge)
                                  0.000000   25.000000   clock network delay (ideal)
                                 -0.250000   24.750000   clock uncertainty
                                  0.000000   24.750000   clock reconvergence pessimism
                                 -5.000000   19.750000   output external delay
                                             19.750000   data required time
---------------------------------------------------------------------------------------------
                                             19.750000   data required time
                                             -6.941478   data arrival time
---------------------------------------------------------------------------------------------
                                             12.808521   slack (MET)


Startpoint: ImmSrc[0] (input port clocked by __VIRTUAL_CLK__)
Endpoint: ImmExt[14] (output port clocked by __VIRTUAL_CLK__)
Path Group: __VIRTUAL_CLK__
Path Type: max

Fanout         Cap        Slew       Delay        Time   Description
---------------------------------------------------------------------------------------------
                      0.000000    0.000000    0.000000   clock __VIRTUAL_CLK__ (rise edge)
                                  0.000000    0.000000   clock network delay (ideal)
                                  5.000000    5.000000 ^ input external delay
     1    0.002783    0.032139    0.015748    5.015749 ^ ImmSrc[0] (in)
                                                         ImmSrc[0] (net)
                      0.032139    0.000000    5.015749 ^ input1/A (sky130_fd_sc_hd__buf_1)
     3    0.011153    0.221956    0.241886    5.257634 ^ input1/X (sky130_fd_sc_hd__buf_1)
                                                         net1 (net)
                      0.221959    0.000659    5.258293 ^ fanout31/A (sky130_fd_sc_hd__buf_2)
    10    0.031161    0.249627    0.397069    5.655362 ^ fanout31/X (sky130_fd_sc_hd__buf_2)
                                                         net31 (net)
                      0.249643    0.002213    5.657575 ^ _25_/A_N (sky130_fd_sc_hd__and3b_1)
     1    0.003756    0.078314    0.431676    6.089252 v _25_/X (sky130_fd_sc_hd__and3b_1)
                                                         _05_ (net)
                      0.078314    0.000166    6.089417 v _26_/B1 (sky130_fd_sc_hd__a21o_1)
     1    0.003480    0.065486    0.284397    6.373815 v _26_/X (sky130_fd_sc_hd__a21o_1)
                                                         net18 (net)
                      0.065486    0.000199    6.374014 v output18/A (sky130_fd_sc_hd__buf_2)
     1    0.033972    0.165020    0.340913    6.714928 v output18/X (sky130_fd_sc_hd__buf_2)
                                                         ImmExt[14] (net)
                      0.165033    0.001592    6.716519 v ImmExt[14] (out)
                                              6.716519   data arrival time

                      0.000000   25.000000   25.000000   clock __VIRTUAL_CLK__ (rise edge)
                                  0.000000   25.000000   clock network delay (ideal)
                                 -0.250000   24.750000   clock uncertainty
                                  0.000000   24.750000   clock reconvergence pessimism
                                 -5.000000   19.750000   output external delay
                                             19.750000   data required time
---------------------------------------------------------------------------------------------
                                             19.750000   data required time
                                             -6.716519   data arrival time
---------------------------------------------------------------------------------------------
                                             13.033481   slack (MET)


Startpoint: ImmSrc[0] (input port clocked by __VIRTUAL_CLK__)
Endpoint: ImmExt[13] (output port clocked by __VIRTUAL_CLK__)
Path Group: __VIRTUAL_CLK__
Path Type: max

Fanout         Cap        Slew       Delay        Time   Description
---------------------------------------------------------------------------------------------
                      0.000000    0.000000    0.000000   clock __VIRTUAL_CLK__ (rise edge)
                                  0.000000    0.000000   clock network delay (ideal)
                                  5.000000    5.000000 ^ input external delay
     1    0.002783    0.032139    0.015748    5.015749 ^ ImmSrc[0] (in)
                                                         ImmSrc[0] (net)
                      0.032139    0.000000    5.015749 ^ input1/A (sky130_fd_sc_hd__buf_1)
     3    0.011153    0.221956    0.241886    5.257634 ^ input1/X (sky130_fd_sc_hd__buf_1)
                                                         net1 (net)
                      0.221959    0.000659    5.258293 ^ fanout31/A (sky130_fd_sc_hd__buf_2)
    10    0.031161    0.249627    0.397069    5.655362 ^ fanout31/X (sky130_fd_sc_hd__buf_2)
                                                         net31 (net)
                      0.249641    0.002101    5.657463 ^ _15_/A_N (sky130_fd_sc_hd__nand2b_4)
     9    0.040853    0.216964    0.415060    6.072523 ^ _15_/Y (sky130_fd_sc_hd__nand2b_4)
                                                         _03_ (net)
                      0.216994    0.002062    6.074585 ^ _24_/A2 (sky130_fd_sc_hd__a21o_1)
     1    0.003196    0.069815    0.271450    6.346035 ^ _24_/X (sky130_fd_sc_hd__a21o_1)
                                                         net17 (net)
                      0.069815    0.000198    6.346233 ^ output17/A (sky130_fd_sc_hd__buf_2)
     1    0.034352    0.272958    0.343208    6.689441 ^ output17/X (sky130_fd_sc_hd__buf_2)
                                                         ImmExt[13] (net)
                      0.272963    0.001605    6.691046 ^ ImmExt[13] (out)
                                              6.691046   data arrival time

                      0.000000   25.000000   25.000000   clock __VIRTUAL_CLK__ (rise edge)
                                  0.000000   25.000000   clock network delay (ideal)
                                 -0.250000   24.750000   clock uncertainty
                                  0.000000   24.750000   clock reconvergence pessimism
                                 -5.000000   19.750000   output external delay
                                             19.750000   data required time
---------------------------------------------------------------------------------------------
                                             19.750000   data required time
                                             -6.691046   data arrival time
---------------------------------------------------------------------------------------------
                                             13.058953   slack (MET)


Startpoint: instr[15] (input port clocked by __VIRTUAL_CLK__)
Endpoint: ImmExt[4] (output port clocked by __VIRTUAL_CLK__)
Path Group: __VIRTUAL_CLK__
Path Type: max

Fanout         Cap        Slew       Delay        Time   Description
---------------------------------------------------------------------------------------------
                      0.000000    0.000000    0.000000   clock __VIRTUAL_CLK__ (rise edge)
                                  0.000000    0.000000   clock network delay (ideal)
                                  5.000000    5.000000 ^ input external delay
     1    0.002583    0.030813    0.014686    5.014686 ^ instr[15] (in)
                                                         instr[15] (net)
                      0.030813    0.000000    5.014686 ^ input8/A (sky130_fd_sc_hd__clkbuf_1)
     2    0.006099    0.130630    0.175928    5.190614 ^ input8/X (sky130_fd_sc_hd__clkbuf_1)
                                                         net8 (net)
                      0.130630    0.000349    5.190962 ^ fanout30/A (sky130_fd_sc_hd__buf_2)
    10    0.032869    0.262107    0.363547    5.554509 ^ fanout30/X (sky130_fd_sc_hd__buf_2)
                                                         net30 (net)
                      0.262120    0.002101    5.556610 ^ _10_/C_N (sky130_fd_sc_hd__nor3b_1)
     2    0.005524    0.391786    0.484519    6.041129 ^ _10_/Y (sky130_fd_sc_hd__nor3b_1)
                                                         _02_ (net)
                      0.391786    0.000275    6.041404 ^ _13_/B1 (sky130_fd_sc_hd__a21o_1)
     1    0.003188    0.069251    0.251203    6.292607 ^ _13_/X (sky130_fd_sc_hd__a21o_1)
                                                         net23 (net)
                      0.069251    0.000238    6.292846 ^ output23/A (sky130_fd_sc_hd__buf_2)
     1    0.034204    0.271878    0.342089    6.634934 ^ output23/X (sky130_fd_sc_hd__buf_2)
                                                         ImmExt[4] (net)
                      0.271885    0.001705    6.636640 ^ ImmExt[4] (out)
                                              6.636640   data arrival time

                      0.000000   25.000000   25.000000   clock __VIRTUAL_CLK__ (rise edge)
                                  0.000000   25.000000   clock network delay (ideal)
                                 -0.250000   24.750000   clock uncertainty
                                  0.000000   24.750000   clock reconvergence pessimism
                                 -5.000000   19.750000   output external delay
                                             19.750000   data required time
---------------------------------------------------------------------------------------------
                                             19.750000   data required time
                                             -6.636640   data arrival time
---------------------------------------------------------------------------------------------
                                             13.113359   slack (MET)


Startpoint: instr[15] (input port clocked by __VIRTUAL_CLK__)
Endpoint: ImmExt[15] (output port clocked by __VIRTUAL_CLK__)
Path Group: __VIRTUAL_CLK__
Path Type: max

Fanout         Cap        Slew       Delay        Time   Description
---------------------------------------------------------------------------------------------
                      0.000000    0.000000    0.000000   clock __VIRTUAL_CLK__ (rise edge)
                                  0.000000    0.000000   clock network delay (ideal)
                                  5.000000    5.000000 ^ input external delay
     1    0.002583    0.030813    0.014686    5.014686 ^ instr[15] (in)
                                                         instr[15] (net)
                      0.030813    0.000000    5.014686 ^ input8/A (sky130_fd_sc_hd__clkbuf_1)
     2    0.006099    0.130630    0.175928    5.190614 ^ input8/X (sky130_fd_sc_hd__clkbuf_1)
                                                         net8 (net)
                      0.130630    0.000335    5.190949 ^ _27_/A (sky130_fd_sc_hd__clkbuf_1)
     1    0.001951    0.058748    0.164144    5.355093 ^ _27_/X (sky130_fd_sc_hd__clkbuf_1)
                                                         net19 (net)
                      0.058748    0.000089    5.355182 ^ output19/A (sky130_fd_sc_hd__buf_2)
     1    0.033990    0.270252    0.336204    5.691385 ^ output19/X (sky130_fd_sc_hd__buf_2)
                                                         ImmExt[15] (net)
                      0.270257    0.001605    5.692990 ^ ImmExt[15] (out)
                                              5.692990   data arrival time

                      0.000000   25.000000   25.000000   clock __VIRTUAL_CLK__ (rise edge)
                                  0.000000   25.000000   clock network delay (ideal)
                                 -0.250000   24.750000   clock uncertainty
                                  0.000000   24.750000   clock reconvergence pessimism
                                 -5.000000   19.750000   output external delay
                                             19.750000   data required time
---------------------------------------------------------------------------------------------
                                             19.750000   data required time
                                             -5.692990   data arrival time
---------------------------------------------------------------------------------------------
                                             14.057010   slack (MET)



