
===========================================================================
report_checks -path_delay min (Hold)
============================================================================
======================= max_ss_100C_1v60 Corner ===================================

Startpoint: instr[15] (input port clocked by __VIRTUAL_CLK__)
Endpoint: ImmExt[15] (output port clocked by __VIRTUAL_CLK__)
Path Group: __VIRTUAL_CLK__
Path Type: min

Fanout         Cap        Slew       Delay        Time   Description
---------------------------------------------------------------------------------------------
                      0.000000    0.000000    0.000000   clock __VIRTUAL_CLK__ (rise edge)
                                  0.000000    0.000000   clock network delay (ideal)
                                  5.000000    5.000000 v input external delay
     1    0.002454    0.017144    0.008182    5.008183 v instr[15] (in)
                                                         instr[15] (net)
                      0.017144    0.000000    5.008183 v input8/A (sky130_fd_sc_hd__clkbuf_1)
     2    0.005842    0.081261    0.163259    5.171441 v input8/X (sky130_fd_sc_hd__clkbuf_1)
                                                         net8 (net)
                      0.081261    0.000319    5.171761 v _27_/A (sky130_fd_sc_hd__clkbuf_1)
     1    0.001823    0.040883    0.155722    5.327483 v _27_/X (sky130_fd_sc_hd__clkbuf_1)
                                                         net19 (net)
                      0.040883    0.000083    5.327565 v output19/A (sky130_fd_sc_hd__buf_2)
     1    0.033990    0.165212    0.329690    5.657255 v output19/X (sky130_fd_sc_hd__buf_2)
                                                         ImmExt[15] (net)
                      0.165225    0.001604    5.658859 v ImmExt[15] (out)
                                              5.658859   data arrival time

                      0.000000    0.000000    0.000000   clock __VIRTUAL_CLK__ (rise edge)
                                  0.000000    0.000000   clock network delay (ideal)
                                  0.250000    0.250000   clock uncertainty
                                  0.000000    0.250000   clock reconvergence pessimism
                                 -5.000000   -4.750000   output external delay
                                             -4.750000   data required time
---------------------------------------------------------------------------------------------
                                             -4.750000   data required time
                                             -5.658859   data arrival time
---------------------------------------------------------------------------------------------
                                             10.408860   slack (MET)


Startpoint: instr[6] (input port clocked by __VIRTUAL_CLK__)
Endpoint: ImmExt[6] (output port clocked by __VIRTUAL_CLK__)
Path Group: __VIRTUAL_CLK__
Path Type: min

Fanout         Cap        Slew       Delay        Time   Description
---------------------------------------------------------------------------------------------
                      0.000000    0.000000    0.000000   clock __VIRTUAL_CLK__ (rise edge)
                                  0.000000    0.000000   clock network delay (ideal)
                                  5.000000    5.000000 ^ input external delay
     1    0.002782    0.032129    0.015743    5.015743 ^ instr[6] (in)
                                                         instr[6] (net)
                      0.032129    0.000000    5.015743 ^ input9/A (sky130_fd_sc_hd__clkbuf_1)
     1    0.003022    0.076336    0.136247    5.151990 ^ input9/X (sky130_fd_sc_hd__clkbuf_1)
                                                         net9 (net)
                      0.076336    0.000171    5.152162 ^ _16_/A0 (sky130_fd_sc_hd__mux2_1)
     1    0.003265    0.077723    0.232603    5.384765 ^ _16_/X (sky130_fd_sc_hd__mux2_1)
                                                         net25 (net)
                      0.077723    0.000200    5.384965 ^ output25/A (sky130_fd_sc_hd__buf_2)
     1    0.034377    0.273153    0.346972    5.731937 ^ output25/X (sky130_fd_sc_hd__buf_2)
                                                         ImmExt[6] (net)
                      0.273159    0.001596    5.733533 ^ ImmExt[6] (out)
                                              5.733533   data arrival time

                      0.000000    0.000000    0.000000   clock __VIRTUAL_CLK__ (rise edge)
                                  0.000000    0.000000   clock network delay (ideal)
                                  0.250000    0.250000   clock uncertainty
                                  0.000000    0.250000   clock reconvergence pessimism
                                 -5.000000   -4.750000   output external delay
                                             -4.750000   data required time
---------------------------------------------------------------------------------------------
                                             -4.750000   data required time
                                             -5.733533   data arrival time
---------------------------------------------------------------------------------------------
                                             10.483533   slack (MET)


Startpoint: instr[8] (input port clocked by __VIRTUAL_CLK__)
Endpoint: ImmExt[8] (output port clocked by __VIRTUAL_CLK__)
Path Group: __VIRTUAL_CLK__
Path Type: min

Fanout         Cap        Slew       Delay        Time   Description
---------------------------------------------------------------------------------------------
                      0.000000    0.000000    0.000000   clock __VIRTUAL_CLK__ (rise edge)
                                  0.000000    0.000000   clock network delay (ideal)
                                  5.000000    5.000000 ^ input external delay
     1    0.002565    0.030694    0.014591    5.014592 ^ instr[8] (in)
                                                         instr[8] (net)
                      0.030695    0.000000    5.014592 ^ input11/A (sky130_fd_sc_hd__clkbuf_1)
     1    0.004299    0.098424    0.152683    5.167275 ^ input11/X (sky130_fd_sc_hd__clkbuf_1)
                                                         net11 (net)
                      0.098424    0.000187    5.167462 ^ _18_/A0 (sky130_fd_sc_hd__mux2_1)
     1    0.002283    0.066297    0.228749    5.396210 ^ _18_/X (sky130_fd_sc_hd__mux2_1)
                                                         net27 (net)
                      0.066297    0.000154    5.396364 ^ output27/A (sky130_fd_sc_hd__buf_2)
     1    0.034441    0.273614    0.342061    5.738425 ^ output27/X (sky130_fd_sc_hd__buf_2)
                                                         ImmExt[8] (net)
                      0.273619    0.001614    5.740039 ^ ImmExt[8] (out)
                                              5.740039   data arrival time

                      0.000000    0.000000    0.000000   clock __VIRTUAL_CLK__ (rise edge)
                                  0.000000    0.000000   clock network delay (ideal)
                                  0.250000    0.250000   clock uncertainty
                                  0.000000    0.250000   clock reconvergence pessimism
                                 -5.000000   -4.750000   output external delay
                                             -4.750000   data required time
---------------------------------------------------------------------------------------------
                                             -4.750000   data required time
                                             -5.740039   data arrival time
---------------------------------------------------------------------------------------------
                                             10.490040   slack (MET)


Startpoint: instr[7] (input port clocked by __VIRTUAL_CLK__)
Endpoint: ImmExt[7] (output port clocked by __VIRTUAL_CLK__)
Path Group: __VIRTUAL_CLK__
Path Type: min

Fanout         Cap        Slew       Delay        Time   Description
---------------------------------------------------------------------------------------------
                      0.000000    0.000000    0.000000   clock __VIRTUAL_CLK__ (rise edge)
                                  0.000000    0.000000   clock network delay (ideal)
                                  5.000000    5.000000 ^ input external delay
     1    0.002816    0.032351    0.015922    5.015923 ^ instr[7] (in)
                                                         instr[7] (net)
                      0.032351    0.000000    5.015923 ^ input10/A (sky130_fd_sc_hd__clkbuf_1)
     1    0.004126    0.095360    0.151139    5.167061 ^ input10/X (sky130_fd_sc_hd__clkbuf_1)
                                                         net10 (net)
                      0.095360    0.000310    5.167372 ^ _17_/A0 (sky130_fd_sc_hd__mux2_1)
     1    0.002436    0.068031    0.229520    5.396891 ^ _17_/X (sky130_fd_sc_hd__mux2_1)
                                                         net26 (net)
                      0.068031    0.000159    5.397050 ^ output26/A (sky130_fd_sc_hd__buf_2)
     1    0.034377    0.273139    0.342529    5.739579 ^ output26/X (sky130_fd_sc_hd__buf_2)
                                                         ImmExt[7] (net)
                      0.273144    0.001596    5.741175 ^ ImmExt[7] (out)
                                              5.741175   data arrival time

                      0.000000    0.000000    0.000000   clock __VIRTUAL_CLK__ (rise edge)
                                  0.000000    0.000000   clock network delay (ideal)
                                  0.250000    0.250000   clock uncertainty
                                  0.000000    0.250000   clock reconvergence pessimism
                                 -5.000000   -4.750000   output external delay
                                             -4.750000   data required time
---------------------------------------------------------------------------------------------
                                             -4.750000   data required time
                                             -5.741175   data arrival time
---------------------------------------------------------------------------------------------
                                             10.491176   slack (MET)


Startpoint: instr[9] (input port clocked by __VIRTUAL_CLK__)
Endpoint: ImmExt[0] (output port clocked by __VIRTUAL_CLK__)
Path Group: __VIRTUAL_CLK__
Path Type: min

Fanout         Cap        Slew       Delay        Time   Description
---------------------------------------------------------------------------------------------
                      0.000000    0.000000    0.000000   clock __VIRTUAL_CLK__ (rise edge)
                                  0.000000    0.000000   clock network delay (ideal)
                                  5.000000    5.000000 ^ input external delay
     1    0.003167    0.034680    0.017774    5.017774 ^ instr[9] (in)
                                                         instr[9] (net)
                      0.034680    0.000000    5.017774 ^ input12/A (sky130_fd_sc_hd__clkbuf_1)
     2    0.006095    0.130585    0.177575    5.195350 ^ input12/X (sky130_fd_sc_hd__clkbuf_1)
                                                         net12 (net)
                      0.130585    0.000522    5.195871 ^ _07_/A2 (sky130_fd_sc_hd__a21bo_1)
     1    0.003534    0.068231    0.235483    5.431354 ^ _07_/X (sky130_fd_sc_hd__a21bo_1)
                                                         net13 (net)
                      0.068231    0.000222    5.431576 ^ output13/A (sky130_fd_sc_hd__buf_2)
     1    0.034368    0.273066    0.342569    5.774145 ^ output13/X (sky130_fd_sc_hd__buf_2)
                                                         ImmExt[0] (net)
                      0.273071    0.001596    5.775741 ^ ImmExt[0] (out)
                                              5.775741   data arrival time

                      0.000000    0.000000    0.000000   clock __VIRTUAL_CLK__ (rise edge)
                                  0.000000    0.000000   clock network delay (ideal)
                                  0.250000    0.250000   clock uncertainty
                                  0.000000    0.250000   clock reconvergence pessimism
                                 -5.000000   -4.750000   output external delay
                                             -4.750000   data required time
---------------------------------------------------------------------------------------------
                                             -4.750000   data required time
                                             -5.775741   data arrival time
---------------------------------------------------------------------------------------------
                                             10.525741   slack (MET)


Startpoint: instr[12] (input port clocked by __VIRTUAL_CLK__)
Endpoint: ImmExt[3] (output port clocked by __VIRTUAL_CLK__)
Path Group: __VIRTUAL_CLK__
Path Type: min

Fanout         Cap        Slew       Delay        Time   Description
---------------------------------------------------------------------------------------------
                      0.000000    0.000000    0.000000   clock __VIRTUAL_CLK__ (rise edge)
                                  0.000000    0.000000   clock network delay (ideal)
                                  5.000000    5.000000 ^ input external delay
     1    0.003136    0.034474    0.017611    5.017612 ^ instr[12] (in)
                                                         instr[12] (net)
                      0.034474    0.000000    5.017612 ^ input5/A (sky130_fd_sc_hd__clkbuf_1)
     2    0.006477    0.137447    0.182396    5.200007 ^ input5/X (sky130_fd_sc_hd__clkbuf_1)
                                                         net5 (net)
                      0.137447    0.000563    5.200570 ^ _12_/A2 (sky130_fd_sc_hd__a21o_1)
     1    0.003239    0.064642    0.240964    5.441534 ^ _12_/X (sky130_fd_sc_hd__a21o_1)
                                                         net22 (net)
                      0.064642    0.000243    5.441777 ^ output22/A (sky130_fd_sc_hd__buf_2)
     1    0.033987    0.270237    0.338902    5.780679 ^ output22/X (sky130_fd_sc_hd__buf_2)
                                                         ImmExt[3] (net)
                      0.270242    0.001591    5.782269 ^ ImmExt[3] (out)
                                              5.782269   data arrival time

                      0.000000    0.000000    0.000000   clock __VIRTUAL_CLK__ (rise edge)
                                  0.000000    0.000000   clock network delay (ideal)
                                  0.250000    0.250000   clock uncertainty
                                  0.000000    0.250000   clock reconvergence pessimism
                                 -5.000000   -4.750000   output external delay
                                             -4.750000   data required time
---------------------------------------------------------------------------------------------
                                             -4.750000   data required time
                                             -5.782269   data arrival time
---------------------------------------------------------------------------------------------
                                             10.532269   slack (MET)


Startpoint: instr[10] (input port clocked by __VIRTUAL_CLK__)
Endpoint: ImmExt[1] (output port clocked by __VIRTUAL_CLK__)
Path Group: __VIRTUAL_CLK__
Path Type: min

Fanout         Cap        Slew       Delay        Time   Description
---------------------------------------------------------------------------------------------
                      0.000000    0.000000    0.000000   clock __VIRTUAL_CLK__ (rise edge)
                                  0.000000    0.000000   clock network delay (ideal)
                                  5.000000    5.000000 ^ input external delay
     1    0.002833    0.032467    0.016015    5.016016 ^ instr[10] (in)
                                                         instr[10] (net)
                      0.032467    0.000000    5.016016 ^ input3/A (sky130_fd_sc_hd__clkbuf_1)
     2    0.007029    0.147373    0.188714    5.204730 ^ input3/X (sky130_fd_sc_hd__clkbuf_1)
                                                         net3 (net)
                      0.147373    0.000429    5.205158 ^ _09_/A2 (sky130_fd_sc_hd__a21bo_1)
     1    0.003325    0.065891    0.239509    5.444667 ^ _09_/X (sky130_fd_sc_hd__a21bo_1)
                                                         net20 (net)
                      0.065891    0.000144    5.444811 ^ output20/A (sky130_fd_sc_hd__buf_2)
     1    0.033964    0.270066    0.339348    5.784160 ^ output20/X (sky130_fd_sc_hd__buf_2)
                                                         ImmExt[1] (net)
                      0.270071    0.001593    5.785752 ^ ImmExt[1] (out)
                                              5.785752   data arrival time

                      0.000000    0.000000    0.000000   clock __VIRTUAL_CLK__ (rise edge)
                                  0.000000    0.000000   clock network delay (ideal)
                                  0.250000    0.250000   clock uncertainty
                                  0.000000    0.250000   clock reconvergence pessimism
                                 -5.000000   -4.750000   output external delay
                                             -4.750000   data required time
---------------------------------------------------------------------------------------------
                                             -4.750000   data required time
                                             -5.785752   data arrival time
---------------------------------------------------------------------------------------------
                                             10.535752   slack (MET)


Startpoint: instr[12] (input port clocked by __VIRTUAL_CLK__)
Endpoint: ImmExt[12] (output port clocked by __VIRTUAL_CLK__)
Path Group: __VIRTUAL_CLK__
Path Type: min

Fanout         Cap        Slew       Delay        Time   Description
---------------------------------------------------------------------------------------------
                      0.000000    0.000000    0.000000   clock __VIRTUAL_CLK__ (rise edge)
                                  0.000000    0.000000   clock network delay (ideal)
                                  5.000000    5.000000 ^ input external delay
     1    0.003136    0.034474    0.017611    5.017612 ^ instr[12] (in)
                                                         instr[12] (net)
                      0.034474    0.000000    5.017612 ^ input5/A (sky130_fd_sc_hd__clkbuf_1)
     2    0.006477    0.137447    0.182396    5.200007 ^ input5/X (sky130_fd_sc_hd__clkbuf_1)
                                                         net5 (net)
                      0.137447    0.000387    5.200394 ^ _22_/A0 (sky130_fd_sc_hd__mux2_1)
     1    0.002089    0.063958    0.242680    5.443074 ^ _22_/X (sky130_fd_sc_hd__mux2_1)
                                                         net16 (net)
                      0.063958    0.000147    5.443221 ^ output16/A (sky130_fd_sc_hd__buf_2)
     1    0.034465    0.273789    0.341116    5.784336 ^ output16/X (sky130_fd_sc_hd__buf_2)
                                                         ImmExt[12] (net)
                      0.273794    0.001615    5.785952 ^ ImmExt[12] (out)
                                              5.785952   data arrival time

                      0.000000    0.000000    0.000000   clock __VIRTUAL_CLK__ (rise edge)
                                  0.000000    0.000000   clock network delay (ideal)
                                  0.250000    0.250000   clock uncertainty
                                  0.000000    0.250000   clock reconvergence pessimism
                                 -5.000000   -4.750000   output external delay
                                             -4.750000   data required time
---------------------------------------------------------------------------------------------
                                             -4.750000   data required time
                                             -5.785952   data arrival time
---------------------------------------------------------------------------------------------
                                             10.535951   slack (MET)


Startpoint: instr[11] (input port clocked by __VIRTUAL_CLK__)
Endpoint: ImmExt[2] (output port clocked by __VIRTUAL_CLK__)
Path Group: __VIRTUAL_CLK__
Path Type: min

Fanout         Cap        Slew       Delay        Time   Description
---------------------------------------------------------------------------------------------
                      0.000000    0.000000    0.000000   clock __VIRTUAL_CLK__ (rise edge)
                                  0.000000    0.000000   clock network delay (ideal)
                                  5.000000    5.000000 ^ input external delay
     1    0.003129    0.034425    0.017572    5.017572 ^ instr[11] (in)
                                                         instr[11] (net)
                      0.034425    0.000000    5.017572 ^ input4/A (sky130_fd_sc_hd__clkbuf_1)
     2    0.007006    0.146969    0.189276    5.206849 ^ input4/X (sky130_fd_sc_hd__clkbuf_1)
                                                         net4 (net)
                      0.146969    0.000438    5.207287 ^ _11_/A2 (sky130_fd_sc_hd__a21o_1)
     1    0.003466    0.067234    0.247258    5.454545 ^ _11_/X (sky130_fd_sc_hd__a21o_1)
                                                         net21 (net)
                      0.067234    0.000142    5.454686 ^ output21/A (sky130_fd_sc_hd__buf_2)
     1    0.034211    0.271921    0.341197    5.795883 ^ output21/X (sky130_fd_sc_hd__buf_2)
                                                         ImmExt[2] (net)
                      0.271927    0.001705    5.797588 ^ ImmExt[2] (out)
                                              5.797588   data arrival time

                      0.000000    0.000000    0.000000   clock __VIRTUAL_CLK__ (rise edge)
                                  0.000000    0.000000   clock network delay (ideal)
                                  0.250000    0.250000   clock uncertainty
                                  0.000000    0.250000   clock reconvergence pessimism
                                 -5.000000   -4.750000   output external delay
                                             -4.750000   data required time
---------------------------------------------------------------------------------------------
                                             -4.750000   data required time
                                             -5.797588   data arrival time
---------------------------------------------------------------------------------------------
                                             10.547588   slack (MET)


Startpoint: instr[10] (input port clocked by __VIRTUAL_CLK__)
Endpoint: ImmExt[10] (output port clocked by __VIRTUAL_CLK__)
Path Group: __VIRTUAL_CLK__
Path Type: min

Fanout         Cap        Slew       Delay        Time   Description
---------------------------------------------------------------------------------------------
                      0.000000    0.000000    0.000000   clock __VIRTUAL_CLK__ (rise edge)
                                  0.000000    0.000000   clock network delay (ideal)
                                  5.000000    5.000000 ^ input external delay
     1    0.002833    0.032467    0.016015    5.016016 ^ instr[10] (in)
                                                         instr[10] (net)
                      0.032467    0.000000    5.016016 ^ input3/A (sky130_fd_sc_hd__clkbuf_1)
     2    0.007029    0.147373    0.188714    5.204730 ^ input3/X (sky130_fd_sc_hd__clkbuf_1)
                                                         net3 (net)
                      0.147373    0.000231    5.204961 ^ _20_/A0 (sky130_fd_sc_hd__mux2_1)
     1    0.002367    0.067253    0.250624    5.455585 ^ _20_/X (sky130_fd_sc_hd__mux2_1)
                                                         net14 (net)
                      0.067253    0.000171    5.455756 ^ output14/A (sky130_fd_sc_hd__buf_2)
     1    0.034051    0.270720    0.340417    5.796173 ^ output14/X (sky130_fd_sc_hd__buf_2)
                                                         ImmExt[10] (net)
                      0.270725    0.001619    5.797792 ^ ImmExt[10] (out)
                                              5.797792   data arrival time

                      0.000000    0.000000    0.000000   clock __VIRTUAL_CLK__ (rise edge)
                                  0.000000    0.000000   clock network delay (ideal)
                                  0.250000    0.250000   clock uncertainty
                                  0.000000    0.250000   clock reconvergence pessimism
                                 -5.000000   -4.750000   output external delay
                                             -4.750000   data required time
---------------------------------------------------------------------------------------------
                                             -4.750000   data required time
                                             -5.797792   data arrival time
---------------------------------------------------------------------------------------------
                                             10.547792   slack (MET)


Startpoint: instr[9] (input port clocked by __VIRTUAL_CLK__)
Endpoint: ImmExt[9] (output port clocked by __VIRTUAL_CLK__)
Path Group: __VIRTUAL_CLK__
Path Type: min

Fanout         Cap        Slew       Delay        Time   Description
---------------------------------------------------------------------------------------------
                      0.000000    0.000000    0.000000   clock __VIRTUAL_CLK__ (rise edge)
                                  0.000000    0.000000   clock network delay (ideal)
                                  5.000000    5.000000 ^ input external delay
     1    0.003167    0.034680    0.017774    5.017774 ^ instr[9] (in)
                                                         instr[9] (net)
                      0.034680    0.000000    5.017774 ^ input12/A (sky130_fd_sc_hd__clkbuf_1)
     2    0.006095    0.130585    0.177575    5.195350 ^ input12/X (sky130_fd_sc_hd__clkbuf_1)
                                                         net12 (net)
                      0.130585    0.000385    5.195734 ^ _19_/A0 (sky130_fd_sc_hd__mux2_1)
     1    0.003216    0.077130    0.254929    5.450663 ^ _19_/X (sky130_fd_sc_hd__mux2_1)
                                                         net28 (net)
                      0.077130    0.000208    5.450871 ^ output28/A (sky130_fd_sc_hd__buf_2)
     1    0.034445    0.273656    0.347045    5.797915 ^ output28/X (sky130_fd_sc_hd__buf_2)
                                                         ImmExt[9] (net)
                      0.273661    0.001614    5.799530 ^ ImmExt[9] (out)
                                              5.799530   data arrival time

                      0.000000    0.000000    0.000000   clock __VIRTUAL_CLK__ (rise edge)
                                  0.000000    0.000000   clock network delay (ideal)
                                  0.250000    0.250000   clock uncertainty
                                  0.000000    0.250000   clock reconvergence pessimism
                                 -5.000000   -4.750000   output external delay
                                             -4.750000   data required time
---------------------------------------------------------------------------------------------
                                             -4.750000   data required time
                                             -5.799530   data arrival time
---------------------------------------------------------------------------------------------
                                             10.549529   slack (MET)


Startpoint: instr[11] (input port clocked by __VIRTUAL_CLK__)
Endpoint: ImmExt[11] (output port clocked by __VIRTUAL_CLK__)
Path Group: __VIRTUAL_CLK__
Path Type: min

Fanout         Cap        Slew       Delay        Time   Description
---------------------------------------------------------------------------------------------
                      0.000000    0.000000    0.000000   clock __VIRTUAL_CLK__ (rise edge)
                                  0.000000    0.000000   clock network delay (ideal)
                                  5.000000    5.000000 ^ input external delay
     1    0.003129    0.034425    0.017572    5.017572 ^ instr[11] (in)
                                                         instr[11] (net)
                      0.034425    0.000000    5.017572 ^ input4/A (sky130_fd_sc_hd__clkbuf_1)
     2    0.007006    0.146969    0.189276    5.206849 ^ input4/X (sky130_fd_sc_hd__clkbuf_1)
                                                         net4 (net)
                      0.146969    0.000377    5.207225 ^ _21_/A0 (sky130_fd_sc_hd__mux2_1)
     1    0.002993    0.074450    0.258873    5.466098 ^ _21_/X (sky130_fd_sc_hd__mux2_1)
                                                         net15 (net)
                      0.074450    0.000199    5.466297 ^ output15/A (sky130_fd_sc_hd__buf_2)
     1    0.034378    0.273155    0.345476    5.811773 ^ output15/X (sky130_fd_sc_hd__buf_2)
                                                         ImmExt[11] (net)
                      0.273161    0.001596    5.813369 ^ ImmExt[11] (out)
                                              5.813369   data arrival time

                      0.000000    0.000000    0.000000   clock __VIRTUAL_CLK__ (rise edge)
                                  0.000000    0.000000   clock network delay (ideal)
                                  0.250000    0.250000   clock uncertainty
                                  0.000000    0.250000   clock reconvergence pessimism
                                 -5.000000   -4.750000   output external delay
                                             -4.750000   data required time
---------------------------------------------------------------------------------------------
                                             -4.750000   data required time
                                             -5.813369   data arrival time
---------------------------------------------------------------------------------------------
                                             10.563369   slack (MET)


Startpoint: instr[13] (input port clocked by __VIRTUAL_CLK__)
Endpoint: ImmExt[4] (output port clocked by __VIRTUAL_CLK__)
Path Group: __VIRTUAL_CLK__
Path Type: min

Fanout         Cap        Slew       Delay        Time   Description
---------------------------------------------------------------------------------------------
                      0.000000    0.000000    0.000000   clock __VIRTUAL_CLK__ (rise edge)
                                  0.000000    0.000000   clock network delay (ideal)
                                  5.000000    5.000000 ^ input external delay
     1    0.003058    0.033954    0.017200    5.017200 ^ instr[13] (in)
                                                         instr[13] (net)
                      0.033955    0.000000    5.017200 ^ input6/A (sky130_fd_sc_hd__buf_1)
     3    0.009299    0.188362    0.218725    5.235925 ^ input6/X (sky130_fd_sc_hd__buf_1)
                                                         net6 (net)
                      0.188425    0.000755    5.236679 ^ _13_/A2 (sky130_fd_sc_hd__a21o_1)
     1    0.003188    0.068645    0.260222    5.496902 ^ _13_/X (sky130_fd_sc_hd__a21o_1)
                                                         net23 (net)
                      0.068645    0.000238    5.497140 ^ output23/A (sky130_fd_sc_hd__buf_2)
     1    0.034204    0.271877    0.341811    5.838951 ^ output23/X (sky130_fd_sc_hd__buf_2)
                                                         ImmExt[4] (net)
                      0.271884    0.001705    5.840656 ^ ImmExt[4] (out)
                                              5.840656   data arrival time

                      0.000000    0.000000    0.000000   clock __VIRTUAL_CLK__ (rise edge)
                                  0.000000    0.000000   clock network delay (ideal)
                                  0.250000    0.250000   clock uncertainty
                                  0.000000    0.250000   clock reconvergence pessimism
                                 -5.000000   -4.750000   output external delay
                                             -4.750000   data required time
---------------------------------------------------------------------------------------------
                                             -4.750000   data required time
                                             -5.840656   data arrival time
---------------------------------------------------------------------------------------------
                                             10.590655   slack (MET)


Startpoint: instr[14] (input port clocked by __VIRTUAL_CLK__)
Endpoint: ImmExt[5] (output port clocked by __VIRTUAL_CLK__)
Path Group: __VIRTUAL_CLK__
Path Type: min

Fanout         Cap        Slew       Delay        Time   Description
---------------------------------------------------------------------------------------------
                      0.000000    0.000000    0.000000   clock __VIRTUAL_CLK__ (rise edge)
                                  0.000000    0.000000   clock network delay (ideal)
                                  5.000000    5.000000 ^ input external delay
     1    0.002858    0.032627    0.016142    5.016142 ^ instr[14] (in)
                                                         instr[14] (net)
                      0.032627    0.000000    5.016142 ^ input7/A (sky130_fd_sc_hd__buf_1)
     3    0.010688    0.213596    0.236111    5.252253 ^ input7/X (sky130_fd_sc_hd__buf_1)
                                                         net7 (net)
                      0.213599    0.000608    5.252861 ^ _14_/A2 (sky130_fd_sc_hd__a21o_1)
     1    0.002846    0.060259    0.266244    5.519105 ^ _14_/X (sky130_fd_sc_hd__a21o_1)
                                                         net24 (net)
                      0.060259    0.000116    5.519222 ^ output24/A (sky130_fd_sc_hd__buf_2)
     1    0.034205    0.271866    0.337967    5.857189 ^ output24/X (sky130_fd_sc_hd__buf_2)
                                                         ImmExt[5] (net)
                      0.271872    0.001705    5.858894 ^ ImmExt[5] (out)
                                              5.858894   data arrival time

                      0.000000    0.000000    0.000000   clock __VIRTUAL_CLK__ (rise edge)
                                  0.000000    0.000000   clock network delay (ideal)
                                  0.250000    0.250000   clock uncertainty
                                  0.000000    0.250000   clock reconvergence pessimism
                                 -5.000000   -4.750000   output external delay
                                             -4.750000   data required time
---------------------------------------------------------------------------------------------
                                             -4.750000   data required time
                                             -5.858894   data arrival time
---------------------------------------------------------------------------------------------
                                             10.608893   slack (MET)


Startpoint: instr[13] (input port clocked by __VIRTUAL_CLK__)
Endpoint: ImmExt[13] (output port clocked by __VIRTUAL_CLK__)
Path Group: __VIRTUAL_CLK__
Path Type: min

Fanout         Cap        Slew       Delay        Time   Description
---------------------------------------------------------------------------------------------
                      0.000000    0.000000    0.000000   clock __VIRTUAL_CLK__ (rise edge)
                                  0.000000    0.000000   clock network delay (ideal)
                                  5.000000    5.000000 ^ input external delay
     1    0.003058    0.033954    0.017200    5.017200 ^ instr[13] (in)
                                                         instr[13] (net)
                      0.033955    0.000000    5.017200 ^ input6/A (sky130_fd_sc_hd__buf_1)
     3    0.009299    0.188362    0.218725    5.235925 ^ input6/X (sky130_fd_sc_hd__buf_1)
                                                         net6 (net)
                      0.188423    0.000579    5.236504 ^ _23_/B (sky130_fd_sc_hd__and3b_1)
     1    0.002889    0.088359    0.338958    5.575461 ^ _23_/X (sky130_fd_sc_hd__and3b_1)
                                                         _04_ (net)
                      0.088359    0.000134    5.575596 ^ _24_/B1 (sky130_fd_sc_hd__a21o_1)
     1    0.003196    0.062522    0.150086    5.725682 ^ _24_/X (sky130_fd_sc_hd__a21o_1)
                                                         net17 (net)
                      0.062522    0.000198    5.725880 ^ output17/A (sky130_fd_sc_hd__buf_2)
     1    0.034352    0.272947    0.339865    6.065744 ^ output17/X (sky130_fd_sc_hd__buf_2)
                                                         ImmExt[13] (net)
                      0.272952    0.001605    6.067350 ^ ImmExt[13] (out)
                                              6.067350   data arrival time

                      0.000000    0.000000    0.000000   clock __VIRTUAL_CLK__ (rise edge)
                                  0.000000    0.000000   clock network delay (ideal)
                                  0.250000    0.250000   clock uncertainty
                                  0.000000    0.250000   clock reconvergence pessimism
                                 -5.000000   -4.750000   output external delay
                                             -4.750000   data required time
---------------------------------------------------------------------------------------------
                                             -4.750000   data required time
                                             -6.067350   data arrival time
---------------------------------------------------------------------------------------------
                                             10.817350   slack (MET)


Startpoint: instr[14] (input port clocked by __VIRTUAL_CLK__)
Endpoint: ImmExt[14] (output port clocked by __VIRTUAL_CLK__)
Path Group: __VIRTUAL_CLK__
Path Type: min

Fanout         Cap        Slew       Delay        Time   Description
---------------------------------------------------------------------------------------------
                      0.000000    0.000000    0.000000   clock __VIRTUAL_CLK__ (rise edge)
                                  0.000000    0.000000   clock network delay (ideal)
                                  5.000000    5.000000 ^ input external delay
     1    0.002858    0.032627    0.016142    5.016142 ^ instr[14] (in)
                                                         instr[14] (net)
                      0.032627    0.000000    5.016142 ^ input7/A (sky130_fd_sc_hd__buf_1)
     3    0.010688    0.213596    0.236111    5.252253 ^ input7/X (sky130_fd_sc_hd__buf_1)
                                                         net7 (net)
                      0.213599    0.000675    5.252928 ^ _25_/B (sky130_fd_sc_hd__and3b_1)
     1    0.004019    0.103345    0.364601    5.617529 ^ _25_/X (sky130_fd_sc_hd__and3b_1)
                                                         _05_ (net)
                      0.103345    0.000181    5.617710 ^ _26_/B1 (sky130_fd_sc_hd__a21o_1)
     1    0.003608    0.067589    0.160401    5.778111 ^ _26_/X (sky130_fd_sc_hd__a21o_1)
                                                         net18 (net)
                      0.067589    0.000211    5.778322 ^ output18/A (sky130_fd_sc_hd__buf_2)
     1    0.033972    0.270129    0.340169    6.118491 ^ output18/X (sky130_fd_sc_hd__buf_2)
                                                         ImmExt[14] (net)
                      0.270134    0.001593    6.120084 ^ ImmExt[14] (out)
                                              6.120084   data arrival time

                      0.000000    0.000000    0.000000   clock __VIRTUAL_CLK__ (rise edge)
                                  0.000000    0.000000   clock network delay (ideal)
                                  0.250000    0.250000   clock uncertainty
                                  0.000000    0.250000   clock reconvergence pessimism
                                 -5.000000   -4.750000   output external delay
                                             -4.750000   data required time
---------------------------------------------------------------------------------------------
                                             -4.750000   data required time
                                             -6.120084   data arrival time
---------------------------------------------------------------------------------------------
                                             10.870084   slack (MET)



