
===========================================================================
report_checks -unconstrained
===========================================================================
======================= min_ss_100C_1v60 Corner ===================================

Startpoint: ALU_control[0] (input port clocked by __VIRTUAL_CLK__)
Endpoint: zero (output port clocked by __VIRTUAL_CLK__)
Path Group: __VIRTUAL_CLK__
Path Type: max

Fanout         Cap        Slew       Delay        Time   Description
---------------------------------------------------------------------------------------------
                      0.000000    0.000000    0.000000   clock __VIRTUAL_CLK__ (rise edge)
                                  0.000000    0.000000   clock network delay (ideal)
                                  5.000000    5.000000 ^ input external delay
     1    0.002939    0.033171    0.016506    5.016507 ^ ALU_control[0] (in)
                                                         ALU_control[0] (net)
                      0.033171    0.000000    5.016507 ^ input1/A (sky130_fd_sc_hd__clkbuf_1)
     1    0.003602    0.086301    0.144563    5.161069 ^ input1/X (sky130_fd_sc_hd__clkbuf_1)
                                                         net1 (net)
                      0.086301    0.000051    5.161119 ^ fanout106/A (sky130_fd_sc_hd__buf_2)
    10    0.048136    0.375122    0.424414    5.585534 ^ fanout106/X (sky130_fd_sc_hd__buf_2)
                                                         net106 (net)
                      0.375122    0.000228    5.585762 ^ fanout104/A (sky130_fd_sc_hd__buf_2)
    10    0.035601    0.282953    0.481487    6.067249 ^ fanout104/X (sky130_fd_sc_hd__buf_2)
                                                         net104 (net)
                      0.282953    0.000325    6.067574 ^ _418_/D_N (sky130_fd_sc_hd__or4b_1)
     1    0.006439    0.221115    1.162865    7.230439 v _418_/X (sky130_fd_sc_hd__or4b_1)
                                                         _372_ (net)
                      0.221115    0.000141    7.230579 v fanout57/A (sky130_fd_sc_hd__buf_2)
     8    0.043778    0.203846    0.447657    7.678236 v fanout57/X (sky130_fd_sc_hd__buf_2)
                                                         net57 (net)
                      0.203850    0.001195    7.679430 v fanout56/A (sky130_fd_sc_hd__buf_2)
    10    0.038497    0.183010    0.421935    8.101366 v fanout56/X (sky130_fd_sc_hd__buf_2)
                                                         net56 (net)
                      0.183010    0.000274    8.101641 v _554_/B1 (sky130_fd_sc_hd__o31a_1)
     1    0.005455    0.109169    0.259960    8.361601 v _554_/X (sky130_fd_sc_hd__o31a_1)
                                                         _127_ (net)
                      0.109169    0.000066    8.361667 v _555_/B (sky130_fd_sc_hd__xnor2_1)
     3    0.012181    0.504503    0.462653    8.824319 ^ _555_/Y (sky130_fd_sc_hd__xnor2_1)
                                                         _128_ (net)
                      0.504503    0.000146    8.824465 ^ _557_/B (sky130_fd_sc_hd__xnor2_1)
     3    0.008553    0.185313    0.342570    9.167034 v _557_/Y (sky130_fd_sc_hd__xnor2_1)
                                                         _130_ (net)
                      0.185313    0.000113    9.167148 v _598_/A (sky130_fd_sc_hd__or2_1)
     2    0.005648    0.126918    0.576852    9.743999 v _598_/X (sky130_fd_sc_hd__or2_1)
                                                         _169_ (net)
                      0.126918    0.000035    9.744035 v _600_/C (sky130_fd_sc_hd__or4_2)
     4    0.018238    0.327362    1.669007   11.413041 v _600_/X (sky130_fd_sc_hd__or4_2)
                                                         _171_ (net)
                      0.327362    0.000638   11.413679 v _610_/A1 (sky130_fd_sc_hd__a21o_1)
     3    0.007446    0.096123    0.430329   11.844007 v _610_/X (sky130_fd_sc_hd__a21o_1)
                                                         _181_ (net)
                      0.096123    0.000051   11.844058 v _623_/A1 (sky130_fd_sc_hd__a211o_1)
     2    0.005859    0.113178    0.528781   12.372839 v _623_/X (sky130_fd_sc_hd__a211o_1)
                                                         net51 (net)
                      0.113178    0.000082   12.372921 v _765_/C (sky130_fd_sc_hd__or4b_1)
     1    0.009893    0.260863    1.240197   13.613118 v _765_/X (sky130_fd_sc_hd__or4b_1)
                                                         _328_ (net)
                      0.260863    0.000187   13.613305 v _767_/C (sky130_fd_sc_hd__nor4b_1)
     1    0.006216    0.632102    0.671967   14.285272 ^ _767_/Y (sky130_fd_sc_hd__nor4b_1)
                                                         _330_ (net)
                      0.632102    0.000185   14.285457 ^ _768_/D (sky130_fd_sc_hd__and4b_1)
     1    0.002227    0.097956    0.548054   14.833510 ^ _768_/X (sky130_fd_sc_hd__and4b_1)
                                                         net53 (net)
                      0.097956    0.000020   14.833531 ^ output53/A (sky130_fd_sc_hd__buf_2)
     1    0.034507    0.273917    0.357969   15.191500 ^ output53/X (sky130_fd_sc_hd__buf_2)
                                                         zero (net)
                      0.273917    0.000410   15.191911 ^ zero (out)
                                             15.191911   data arrival time

                      0.000000   25.000000   25.000000   clock __VIRTUAL_CLK__ (rise edge)
                                  0.000000   25.000000   clock network delay (ideal)
                                 -0.250000   24.750000   clock uncertainty
                                  0.000000   24.750000   clock reconvergence pessimism
                                 -5.000000   19.750000   output external delay
                                             19.750000   data required time
---------------------------------------------------------------------------------------------
                                             19.750000   data required time
                                            -15.191911   data arrival time
---------------------------------------------------------------------------------------------
                                              4.558089   slack (MET)




===========================================================================
report_checks --slack_max -0.01
============================================================================
======================= min_ss_100C_1v60 Corner ===================================

No paths found.


===========================================================================
 report_check_types -max_slew -max_cap -max_fanout -violators
============================================================================
======================= min_ss_100C_1v60 Corner ===================================

max slew

Pin                                        Limit        Slew       Slack
------------------------------------------------------------------------
_411_/Y                                 0.750000    0.928048   -0.178048 (VIOLATED)
_414_/C1                                0.750000    0.928048   -0.178048 (VIOLATED)
_469_/A                                 0.750000    0.928048   -0.178048 (VIOLATED)
_525_/B1                                0.750000    0.928048   -0.178048 (VIOLATED)
_550_/C1                                0.750000    0.928048   -0.178048 (VIOLATED)
max_cap58/A                             0.750000    0.928048   -0.178048 (VIOLATED)



===========================================================================
report_parasitic_annotation -report_unannotated
============================================================================
Found 0 unannotated drivers.
Found 0 partially unannotated drivers.

===========================================================================
max slew violation count 6
max fanout violation count 0
max cap violation count 0
============================================================================

===========================================================================
check_setup -verbose -unconstrained_endpoints -multiple_clock -no_clock -no_input_delay -loops -generated_clocks
===========================================================================
