124. Printing statistics.

=== Instruction_Memory_16 ===

   Number of wires:                 61
   Number of wire bits:             91
   Number of public wires:           3
   Number of public wire bits:      33
   Number of ports:                  3
   Number of port bits:             33
   Number of memories:               0
   Number of memory bits:            0
   Number of processes:              0
   Number of cells:                 74
     sky130_fd_sc_hd__a211o_2        6
     sky130_fd_sc_hd__a21o_2         1
     sky130_fd_sc_hd__a21oi_2       12
     sky130_fd_sc_hd__a311o_2        1
     sky130_fd_sc_hd__and2_2         1
     sky130_fd_sc_hd__and2b_2        1
     sky130_fd_sc_hd__and3_2         1
     sky130_fd_sc_hd__and4bb_2       1
     sky130_fd_sc_hd__buf_2          2
     sky130_fd_sc_hd__dfxtp_2       14
     sky130_fd_sc_hd__inv_2          4
     sky130_fd_sc_hd__nand2_2        2
     sky130_fd_sc_hd__nand2b_2       2
     sky130_fd_sc_hd__nor2_2         6
     sky130_fd_sc_hd__nor4_2         1
     sky130_fd_sc_hd__o211a_2        2
     sky130_fd_sc_hd__o21a_2         2
     sky130_fd_sc_hd__o21bai_2       1
     sky130_fd_sc_hd__o221a_2        1
     sky130_fd_sc_hd__o31a_2         1
     sky130_fd_sc_hd__or2_2          3
     sky130_fd_sc_hd__or3_2          3
     sky130_fd_sc_hd__or3b_2         1
     sky130_fd_sc_hd__or4_2          4
     sky130_fd_sc_hd__xnor2_2        1

   Chip area for module '\Instruction_Memory_16': 795.763200
     of which used for sequential elements: 297.785600 (37.42%)

