
===========================================================================
report_checks -unconstrained
===========================================================================
======================= nom_tt_025C_1v80 Corner ===================================

Startpoint: A1[0] (input port clocked by clk)
Endpoint: RD1[0] (output port clocked by clk)
Path Group: clk
Path Type: max

Fanout         Cap        Slew       Delay        Time   Description
---------------------------------------------------------------------------------------------
                      0.150000    0.000000    0.000000   clock clk (rise edge)
                                  0.000000    0.000000   clock network delay (ideal)
                                  5.000000    5.000000 ^ input external delay
    33    0.150281    0.681567    0.465280    5.465280 ^ A1[0] (in)
                                                         A1[0] (net)
                      0.681567    0.000000    5.465280 ^ _256_/S0 (sky130_fd_sc_hd__mux4_2)
     1    0.002231    0.077406    0.574632    6.039912 v _256_/X (sky130_fd_sc_hd__mux4_2)
                                                         _114_ (net)
                      0.077406    0.000000    6.039912 v _260_/A2 (sky130_fd_sc_hd__a22o_2)
     1    0.002243    0.037950    0.258774    6.298686 v _260_/X (sky130_fd_sc_hd__a22o_2)
                                                         _118_ (net)
                      0.037950    0.000000    6.298686 v _261_/A2 (sky130_fd_sc_hd__o21a_2)
     1    0.033442    0.103061    0.264298    6.562984 v _261_/X (sky130_fd_sc_hd__o21a_2)
                                                         RD1[0] (net)
                      0.103061    0.000000    6.562984 v RD1[0] (out)
                                              6.562984   data arrival time

                      0.150000   25.000000   25.000000   clock clk (rise edge)
                                  0.000000   25.000000   clock network delay (ideal)
                                 -0.250000   24.750000   clock uncertainty
                                  0.000000   24.750000   clock reconvergence pessimism
                                 -5.000000   19.750000   output external delay
                                             19.750000   data required time
---------------------------------------------------------------------------------------------
                                             19.750000   data required time
                                             -6.562984   data arrival time
---------------------------------------------------------------------------------------------
                                             13.187016   slack (MET)




===========================================================================
report_checks --slack_max -0.01
============================================================================
======================= nom_tt_025C_1v80 Corner ===================================

No paths found.


===========================================================================
 report_check_types -max_slew -max_cap -max_fanout -violators
============================================================================
======================= nom_tt_025C_1v80 Corner ===================================

max fanout

Pin                                   Limit Fanout  Slack
---------------------------------------------------------
A1[0]                                    10     33    -23 (VIOLATED)
A2[0]                                    10     33    -23 (VIOLATED)
A1[1]                                    10     20    -10 (VIOLATED)
A1[2]                                    10     20    -10 (VIOLATED)
A2[1]                                    10     19     -9 (VIOLATED)
A2[2]                                    10     19     -9 (VIOLATED)
_254_/Y                                  10     16     -6 (VIOLATED)
_255_/X                                  10     16     -6 (VIOLATED)
_338_/Y                                  10     16     -6 (VIOLATED)
_339_/X                                  10     16     -6 (VIOLATED)
_342_/X                                  10     16     -6 (VIOLATED)
_421_/X                                  10     16     -6 (VIOLATED)
_438_/X                                  10     16     -6 (VIOLATED)
_455_/X                                  10     16     -6 (VIOLATED)
_472_/X                                  10     16     -6 (VIOLATED)
_489_/X                                  10     16     -6 (VIOLATED)
_506_/X                                  10     16     -6 (VIOLATED)
_523_/X                                  10     16     -6 (VIOLATED)
_264_/X                                  10     15     -5 (VIOLATED)



===========================================================================
report_parasitic_annotation -report_unannotated
============================================================================
Found 425 unannotated drivers.
 A1[0]
 A1[1]
 A1[2]
 A2[0]
 A2[1]
 A2[2]
 A3[0]
 A3[1]
 A3[2]
 RegWrite
 WD3[0]
 WD3[10]
 WD3[11]
 WD3[12]
 WD3[13]
 WD3[14]
 WD3[15]
 WD3[1]
 WD3[2]
 WD3[3]
 WD3[4]
 WD3[5]
 WD3[6]
 WD3[7]
 WD3[8]
 WD3[9]
 clk
 _254_/Y
 _255_/X
 _256_/X
 _257_/X
 _258_/X
 _259_/X
 _260_/X
 _261_/X
 _262_/X
 _263_/X
 _264_/X
 _265_/X
 _266_/X
 _267_/X
 _268_/X
 _269_/X
 _270_/X
 _271_/X
 _272_/X
 _273_/X
 _274_/X
 _275_/X
 _276_/X
 _277_/X
 _278_/X
 _279_/X
 _280_/X
 _281_/X
 _282_/X
 _283_/X
 _284_/X
 _285_/X
 _286_/X
 _287_/X
 _288_/X
 _289_/X
 _290_/X
 _291_/X
 _292_/X
 _293_/X
 _294_/X
 _295_/X
 _296_/X
 _297_/X
 _298_/X
 _299_/X
 _300_/X
 _301_/X
 _302_/X
 _303_/X
 _304_/X
 _305_/X
 _306_/X
 _307_/X
 _308_/X
 _309_/X
 _310_/X
 _311_/X
 _312_/X
 _313_/X
 _314_/X
 _315_/X
 _316_/X
 _317_/X
 _318_/X
 _319_/X
 _320_/X
 _321_/X
 _322_/X
 _323_/X
 _324_/X
 _325_/X
 _326_/X
 _327_/X
 _328_/X
 _329_/X
 _330_/X
 _331_/X
 _332_/X
 _333_/X
 _334_/X
 _335_/X
 _336_/X
 _337_/X
 _338_/Y
 _339_/X
 _340_/X
 _341_/X
 _342_/X
 _343_/X
 _344_/X
 _345_/X
 _346_/X
 _347_/X
 _348_/X
 _349_/X
 _350_/X
 _351_/X
 _352_/X
 _353_/X
 _354_/X
 _355_/X
 _356_/X
 _357_/X
 _358_/X
 _359_/X
 _360_/X
 _361_/X
 _362_/X
 _363_/X
 _364_/X
 _365_/X
 _366_/X
 _367_/X
 _368_/X
 _369_/X
 _370_/X
 _371_/X
 _372_/X
 _373_/X
 _374_/X
 _375_/X
 _376_/X
 _377_/X
 _378_/X
 _379_/X
 _380_/X
 _381_/X
 _382_/X
 _383_/X
 _384_/X
 _385_/X
 _386_/X
 _387_/X
 _388_/X
 _389_/X
 _390_/X
 _391_/X
 _392_/X
 _393_/X
 _394_/X
 _395_/X
 _396_/X
 _397_/X
 _398_/X
 _399_/X
 _400_/X
 _401_/X
 _402_/X
 _403_/X
 _404_/X
 _405_/X
 _406_/X
 _407_/X
 _408_/X
 _409_/X
 _410_/X
 _411_/X
 _412_/X
 _413_/X
 _414_/X
 _415_/X
 _416_/X
 _417_/X
 _418_/X
 _419_/X
 _420_/X
 _421_/X
 _422_/X
 _423_/X
 _424_/X
 _425_/X
 _426_/X
 _427_/X
 _428_/X
 _429_/X
 _430_/X
 _431_/X
 _432_/X
 _433_/X
 _434_/X
 _435_/X
 _436_/X
 _437_/X
 _438_/X
 _439_/X
 _440_/X
 _441_/X
 _442_/X
 _443_/X
 _444_/X
 _445_/X
 _446_/X
 _447_/X
 _448_/X
 _449_/X
 _450_/X
 _451_/X
 _452_/X
 _453_/X
 _454_/X
 _455_/X
 _456_/X
 _457_/X
 _458_/X
 _459_/X
 _460_/X
 _461_/X
 _462_/X
 _463_/X
 _464_/X
 _465_/X
 _466_/X
 _467_/X
 _468_/X
 _469_/X
 _470_/X
 _471_/X
 _472_/X
 _473_/X
 _474_/X
 _475_/X
 _476_/X
 _477_/X
 _478_/X
 _479_/X
 _480_/X
 _481_/X
 _482_/X
 _483_/X
 _484_/X
 _485_/X
 _486_/X
 _487_/X
 _488_/X
 _489_/X
 _490_/X
 _491_/X
 _492_/X
 _493_/X
 _494_/X
 _495_/X
 _496_/X
 _497_/X
 _498_/X
 _499_/X
 _500_/X
 _501_/X
 _502_/X
 _503_/X
 _504_/X
 _505_/X
 _506_/X
 _507_/X
 _508_/X
 _509_/X
 _510_/X
 _511_/X
 _512_/X
 _513_/X
 _514_/X
 _515_/X
 _516_/X
 _517_/X
 _518_/X
 _519_/X
 _520_/X
 _521_/X
 _522_/X
 _523_/X
 _524_/X
 _525_/X
 _526_/X
 _527_/X
 _528_/X
 _529_/X
 _530_/X
 _531_/X
 _532_/X
 _533_/X
 _534_/X
 _535_/X
 _536_/X
 _537_/X
 _538_/X
 _539_/X
 _540_/Q
 _541_/Q
 _542_/Q
 _543_/Q
 _544_/Q
 _545_/Q
 _546_/Q
 _547_/Q
 _548_/Q
 _549_/Q
 _550_/Q
 _551_/Q
 _552_/Q
 _553_/Q
 _554_/Q
 _555_/Q
 _556_/Q
 _557_/Q
 _558_/Q
 _559_/Q
 _560_/Q
 _561_/Q
 _562_/Q
 _563_/Q
 _564_/Q
 _565_/Q
 _566_/Q
 _567_/Q
 _568_/Q
 _569_/Q
 _570_/Q
 _571_/Q
 _572_/Q
 _573_/Q
 _574_/Q
 _575_/Q
 _576_/Q
 _577_/Q
 _578_/Q
 _579_/Q
 _580_/Q
 _581_/Q
 _582_/Q
 _583_/Q
 _584_/Q
 _585_/Q
 _586_/Q
 _587_/Q
 _588_/Q
 _589_/Q
 _590_/Q
 _591_/Q
 _592_/Q
 _593_/Q
 _594_/Q
 _595_/Q
 _596_/Q
 _597_/Q
 _598_/Q
 _599_/Q
 _600_/Q
 _601_/Q
 _602_/Q
 _603_/Q
 _604_/Q
 _605_/Q
 _606_/Q
 _607_/Q
 _608_/Q
 _609_/Q
 _610_/Q
 _611_/Q
 _612_/Q
 _613_/Q
 _614_/Q
 _615_/Q
 _616_/Q
 _617_/Q
 _618_/Q
 _619_/Q
 _620_/Q
 _621_/Q
 _622_/Q
 _623_/Q
 _624_/Q
 _625_/Q
 _626_/Q
 _627_/Q
 _628_/Q
 _629_/Q
 _630_/Q
 _631_/Q
 _632_/Q
 _633_/Q
 _634_/Q
 _635_/Q
 _636_/Q
 _637_/Q
 _638_/Q
 _639_/Q
 _640_/Q
 _641_/Q
 _642_/Q
 _643_/Q
 _644_/Q
 _645_/Q
 _646_/Q
 _647_/Q
 _648_/Q
 _649_/Q
 _650_/Q
 _651_/Q
Found 0 partially unannotated drivers.

===========================================================================
max slew violation count 0
max fanout violation count 19
max cap violation count 0
============================================================================

===========================================================================
check_setup -verbose -unconstrained_endpoints -multiple_clock -no_clock -no_input_delay -loops -generated_clocks
===========================================================================
