Reading OpenROAD database at '/home/githi/openlane2/my_designs/Register_file/runs/RUN_2025-11-16_16-40-53/20-openroad-generatepdn/Register_file.odb'…
Reading library file at '/home/githi/.volare/volare/sky130/versions/0fe599b2afb6708d281543108caf8310912f54af/sky130A/libs.ref/sky130_fd_sc_hd/lib/sky130_fd_sc_hd__tt_025C_1v80.lib'…
Reading design constraints file at '/nix/store/hp4xwjqw4rax5g0gz3fivr2n1hy2sig4-python3-3.11.9-env/lib/python3.11/site-packages/openlane/scripts/base.sdc'…
[INFO] Using clock clk…
[INFO] Setting output delay to: 5
[INFO] Setting input delay to: 5
[INFO] Setting load to: 0.033442
[INFO] Setting clock uncertainty to: 0.25
[INFO] Setting clock transition to: 0.1499999999999999944488848768742172978818416595458984375
[INFO] Setting timing derate to: 5%
+ global_placement -density 0.621662 -skip_io -pad_right 0 -pad_left 0 -init_wirelength_coef 0.25
[INFO GPL-0002] DBU: 1000
[INFO GPL-0003] SiteSize: (  0.460  2.720 ) um
[INFO GPL-0004] CoreBBox: (  5.520 10.880 ) ( 112.240 116.960 ) um
[INFO GPL-0006] NumInstances:               640
[INFO GPL-0007] NumPlaceInstances:          398
[INFO GPL-0008] NumFixedInstances:          242
[INFO GPL-0009] NumDummyInstances:            0
[INFO GPL-0010] NumNets:                    425
[INFO GPL-0011] NumPins:                   1578
[INFO GPL-0012] DieBBox:  (  0.000  0.000 ) ( 117.815 128.535 ) um
[INFO GPL-0013] CoreBBox: (  5.520 10.880 ) ( 112.240 116.960 ) um
[INFO GPL-0016] CoreArea:             11320.858 um^2
[INFO GPL-0017] NonPlaceInstsArea:      497.978 um^2
[INFO GPL-0018] PlaceInstsArea:        5700.467 um^2
[INFO GPL-0019] Util:                    52.671 %
[INFO GPL-0020] StdInstsArea:          5700.467 um^2
[INFO GPL-0021] MacroInstsArea:           0.000 um^2
[INFO GPL-0031] FillerInit:NumGCells:       470
[INFO GPL-0032] FillerInit:NumGNets:        425
[INFO GPL-0033] FillerInit:NumGPins:       1578
[INFO GPL-0023] TargetDensity:            0.622
[INFO GPL-0024] AvrgPlaceInstArea:       14.323 um^2
[INFO GPL-0025] IdealBinArea:            23.039 um^2
[INFO GPL-0026] IdealBinCnt:                491
[INFO GPL-0027] TotalBinArea:         11320.858 um^2
[INFO GPL-0028] BinCnt:        16     16
[INFO GPL-0029] BinSize: (  6.670  6.630 )
[INFO GPL-0030] NumBins: 256
[NesterovSolve] Iter:    1 overflow: 0.981 HPWL: 1074400
[NesterovSolve] Iter:   10 overflow: 0.968 HPWL: 696604
[NesterovSolve] Iter:   20 overflow: 0.969 HPWL: 697588
[NesterovSolve] Iter:   30 overflow: 0.969 HPWL: 694969
[NesterovSolve] Iter:   40 overflow: 0.969 HPWL: 695876
[NesterovSolve] Iter:   50 overflow: 0.969 HPWL: 695839
[NesterovSolve] Iter:   60 overflow: 0.969 HPWL: 696544
[NesterovSolve] Iter:   70 overflow: 0.969 HPWL: 697246
[NesterovSolve] Iter:   80 overflow: 0.969 HPWL: 698775
[NesterovSolve] Iter:   90 overflow: 0.969 HPWL: 700800
[NesterovSolve] Iter:  100 overflow: 0.969 HPWL: 703518
[NesterovSolve] Iter:  110 overflow: 0.968 HPWL: 705694
[NesterovSolve] Iter:  120 overflow: 0.968 HPWL: 705099
[NesterovSolve] Iter:  130 overflow: 0.967 HPWL: 699016
[NesterovSolve] Iter:  140 overflow: 0.963 HPWL: 708146
[NesterovSolve] Iter:  150 overflow: 0.962 HPWL: 782581
[NesterovSolve] Iter:  160 overflow: 0.953 HPWL: 1069095
[NesterovSolve] Iter:  170 overflow: 0.912 HPWL: 1646509
[NesterovSolve] Iter:  180 overflow: 0.887 HPWL: 2087339
[NesterovSolve] Iter:  190 overflow: 0.837 HPWL: 2326924
[NesterovSolve] Iter:  200 overflow: 0.801 HPWL: 2565235
[NesterovSolve] Iter:  210 overflow: 0.756 HPWL: 2594983
[NesterovSolve] Iter:  220 overflow: 0.719 HPWL: 2975592
[NesterovSolve] Iter:  230 overflow: 0.674 HPWL: 3140895
[NesterovSolve] Iter:  240 overflow: 0.624 HPWL: 3397639
[NesterovSolve] Iter:  250 overflow: 0.574 HPWL: 3528675
[NesterovSolve] Iter:  260 overflow: 0.525 HPWL: 3768463
[NesterovSolve] Iter:  270 overflow: 0.461 HPWL: 3955027
[NesterovSolve] Iter:  280 overflow: 0.412 HPWL: 4064145
[NesterovSolve] Iter:  290 overflow: 0.367 HPWL: 4162564
[NesterovSolve] Iter:  300 overflow: 0.338 HPWL: 4307178
[NesterovSolve] Iter:  310 overflow: 0.306 HPWL: 4401073
[NesterovSolve] Iter:  320 overflow: 0.274 HPWL: 4464997
[NesterovSolve] Iter:  330 overflow: 0.251 HPWL: 4608732
[NesterovSolve] Iter:  340 overflow: 0.216 HPWL: 4698828
[NesterovSolve] Iter:  350 overflow: 0.181 HPWL: 4775959
[NesterovSolve] Iter:  360 overflow: 0.154 HPWL: 4857184
[NesterovSolve] Iter:  370 overflow: 0.128 HPWL: 4952971
[NesterovSolve] Iter:  380 overflow: 0.103 HPWL: 5013129
[NesterovSolve] Finished with Overflow: 0.097326
[INFO] Setting RC values…
Setting global connections for newly added cells…
[INFO] Setting global connections...
Updating metrics…
Cell type report:                       Count       Area
  Fill cell                                78     292.78
  Tap cell                                164     205.20
  Sequential cell                         112    2382.28
  Multi-Input combinational cell          286    3318.18
  Total                                   640    6198.44
Writing OpenROAD database to '/home/githi/openlane2/my_designs/Register_file/runs/RUN_2025-11-16_16-40-53/23-openroad-globalplacementskipio/Register_file.odb'…
Writing netlist to '/home/githi/openlane2/my_designs/Register_file/runs/RUN_2025-11-16_16-40-53/23-openroad-globalplacementskipio/Register_file.nl.v'…
Writing powered netlist to '/home/githi/openlane2/my_designs/Register_file/runs/RUN_2025-11-16_16-40-53/23-openroad-globalplacementskipio/Register_file.pnl.v'…
Writing layout to '/home/githi/openlane2/my_designs/Register_file/runs/RUN_2025-11-16_16-40-53/23-openroad-globalplacementskipio/Register_file.def'…
Writing timing constraints to '/home/githi/openlane2/my_designs/Register_file/runs/RUN_2025-11-16_16-40-53/23-openroad-globalplacementskipio/Register_file.sdc'…
