[WARNING ORD-0039] .openroad ignored with -python
                                Cells by Master                                 
┏━━━━━━━━━━━━━━━━━━━━━━━━━━━━━━━━━━━━━━━━━━━━━━━━━━━━━━━━━━━━━━━━┳━━━━━━━━━━━━━┓
┃ Cell                                                           ┃ Count       ┃
┡━━━━━━━━━━━━━━━━━━━━━━━━━━━━━━━━━━━━━━━━━━━━━━━━━━━━━━━━━━━━━━━━╇━━━━━━━━━━━━━┩
│ sky130_ef_sc_hd__decap_12                                      │ 98          │
│ sky130_fd_sc_hd__a22o_1                                        │ 32          │
│ sky130_fd_sc_hd__and2_1                                        │ 32          │
│ sky130_fd_sc_hd__and2b_1                                       │ 3           │
│ sky130_fd_sc_hd__and4_1                                        │ 1           │
│ sky130_fd_sc_hd__and4b_1                                       │ 3           │
│ sky130_fd_sc_hd__and4bb_1                                      │ 3           │
│ sky130_fd_sc_hd__buf_1                                         │ 4           │
│ sky130_fd_sc_hd__buf_2                                         │ 49          │
│ sky130_fd_sc_hd__buf_4                                         │ 7           │
│ sky130_fd_sc_hd__bufinv_16                                     │ 3           │
│ sky130_fd_sc_hd__clkbuf_1                                      │ 3           │
│ sky130_fd_sc_hd__clkbuf_16                                     │ 9           │
│ sky130_fd_sc_hd__clkbuf_2                                      │ 13          │
│ sky130_fd_sc_hd__clkbuf_4                                      │ 15          │
│ sky130_fd_sc_hd__clkinv_2                                      │ 2           │
│ sky130_fd_sc_hd__clkinvlp_4                                    │ 1           │
│ sky130_fd_sc_hd__decap_3                                       │ 145         │
│ sky130_fd_sc_hd__decap_4                                       │ 88          │
│ sky130_fd_sc_hd__decap_6                                       │ 41          │
│ sky130_fd_sc_hd__decap_8                                       │ 40          │
│ sky130_fd_sc_hd__dfxtp_1                                       │ 112         │
│ sky130_fd_sc_hd__dlygate4sd3_1                                 │ 112         │
│ sky130_fd_sc_hd__dlymetal6s2s_1                                │ 10          │
│ sky130_fd_sc_hd__fill_1                                        │ 137         │
│ sky130_fd_sc_hd__fill_2                                        │ 62          │
│ sky130_fd_sc_hd__mux2_1                                        │ 144         │
│ sky130_fd_sc_hd__mux4_1                                        │ 32          │
│ sky130_fd_sc_hd__nor2_1                                        │ 2           │
│ sky130_fd_sc_hd__o21a_1                                        │ 32          │
│ sky130_fd_sc_hd__or3_1                                         │ 2           │
│ sky130_fd_sc_hd__tapvpwrvgnd_1                                 │ 164         │
└────────────────────────────────────────────────────────────────┴─────────────┘
                               Cells by Function                                
┏━━━━━━━━━━━━━━━━━━━━━━━━━━━━━━━━━━━━━━━━━━━━━━━━━━━━━━━━━━━━━━━┳━━━━━━━━━━━━━━┓
┃ Cell Function                                                 ┃ Count        ┃
┡━━━━━━━━━━━━━━━━━━━━━━━━━━━━━━━━━━━━━━━━━━━━━━━━━━━━━━━━━━━━━━━╇━━━━━━━━━━━━━━┩
│ sky130_ef_sc_hd__decap                                        │ 98           │
│ sky130_fd_sc_hd__a22o                                         │ 32           │
│ sky130_fd_sc_hd__and2                                         │ 32           │
│ sky130_fd_sc_hd__and2b                                        │ 3            │
│ sky130_fd_sc_hd__and4                                         │ 1            │
│ sky130_fd_sc_hd__and4b                                        │ 3            │
│ sky130_fd_sc_hd__and4bb                                       │ 3            │
│ sky130_fd_sc_hd__buf                                          │ 60           │
│ sky130_fd_sc_hd__bufinv                                       │ 3            │
│ sky130_fd_sc_hd__clkbuf                                       │ 40           │
│ sky130_fd_sc_hd__clkinv                                       │ 2            │
│ sky130_fd_sc_hd__clkinvlp                                     │ 1            │
│ sky130_fd_sc_hd__decap                                        │ 314          │
│ sky130_fd_sc_hd__dfxtp                                        │ 112          │
│ sky130_fd_sc_hd__dlygate4sd3                                  │ 112          │
│ sky130_fd_sc_hd__dlymetal6s2s                                 │ 10           │
│ sky130_fd_sc_hd__fill                                         │ 199          │
│ sky130_fd_sc_hd__mux2                                         │ 144          │
│ sky130_fd_sc_hd__mux4                                         │ 32           │
│ sky130_fd_sc_hd__nor2                                         │ 2            │
│ sky130_fd_sc_hd__o21a                                         │ 32           │
│ sky130_fd_sc_hd__or3                                          │ 2            │
│ sky130_fd_sc_hd__tapvpwrvgnd                                  │ 164          │
└───────────────────────────────────────────────────────────────┴──────────────┘
                                  Cells by SCL                                  
┏━━━━━━━━━━━━━━━━━━━━━━━━━━━━━━━━━━━━━━━━━━━━━━━━━━━━━━━┳━━━━━━━━━━━━━━━━━━━━━━┓
┃ SCL                                                   ┃ Count                ┃
┡━━━━━━━━━━━━━━━━━━━━━━━━━━━━━━━━━━━━━━━━━━━━━━━━━━━━━━━╇━━━━━━━━━━━━━━━━━━━━━━┩
│ sky130_ef_sc_hd                                       │ 98                   │
│ sky130_fd_sc_hd                                       │ 1303                 │
└───────────────────────────────────────────────────────┴──────────────────────┘
                             Buffers by Cell Master                             
┏━━━━━━━━━━━━━━━━━━━━━━━━━━━━━━━━━━━━━━━━━━━━━━━━━━━━━━━━━━━━━━━━┳━━━━━━━━━━━━━┓
┃ Buffer                                                         ┃ Count       ┃
┡━━━━━━━━━━━━━━━━━━━━━━━━━━━━━━━━━━━━━━━━━━━━━━━━━━━━━━━━━━━━━━━━╇━━━━━━━━━━━━━┩
│ sky130_fd_sc_hd__buf_1                                         │ 4           │
│ sky130_fd_sc_hd__buf_2                                         │ 49          │
│ sky130_fd_sc_hd__buf_4                                         │ 7           │
│ sky130_fd_sc_hd__clkbuf_1                                      │ 3           │
│ sky130_fd_sc_hd__clkbuf_16                                     │ 9           │
│ sky130_fd_sc_hd__clkbuf_2                                      │ 13          │
│ sky130_fd_sc_hd__clkbuf_4                                      │ 15          │
│ sky130_fd_sc_hd__dlygate4sd3_1                                 │ 112         │
│ sky130_fd_sc_hd__dlymetal6s2s_1                                │ 10          │
└────────────────────────────────────────────────────────────────┴─────────────┘
