
===========================================================================
report_checks -unconstrained
===========================================================================
======================= max_ss_100C_1v60 Corner ===================================

Startpoint: mem_access_addr[1] (input port clocked by clk)
Endpoint: mem_read_data[9] (output port clocked by clk)
Path Group: clk
Path Type: max

Fanout         Cap        Slew       Delay        Time   Description
---------------------------------------------------------------------------------------------
                                  0.000000    0.000000   clock clk (rise edge)
                                  0.000000    0.000000   clock network delay (propagated)
                                  5.000000    5.000000 ^ input external delay
     1    0.002918    0.033030    0.016462    5.016462 ^ mem_access_addr[1] (in)
                                                         mem_access_addr[1] (net)
                      0.033030    0.000000    5.016462 ^ input1/A (sky130_fd_sc_hd__clkbuf_1)
     1    0.004729    0.106101    0.159224    5.175687 ^ input1/X (sky130_fd_sc_hd__clkbuf_1)
                                                         net1 (net)
                      0.106101    0.000352    5.176038 ^ fanout78/A (sky130_fd_sc_hd__clkbuf_2)
     5    0.035181    0.302464    0.372745    5.548783 ^ fanout78/X (sky130_fd_sc_hd__clkbuf_2)
                                                         net78 (net)
                      0.302468    0.000962    5.549746 ^ fanout73/A (sky130_fd_sc_hd__clkbuf_2)
     6    0.033030    0.285472    0.445725    5.995471 ^ fanout73/X (sky130_fd_sc_hd__clkbuf_2)
                                                         net73 (net)
                      0.285489    0.002494    5.997964 ^ fanout70/A (sky130_fd_sc_hd__clkbuf_4)
    10    0.056743    0.277537    0.497039    6.495004 ^ fanout70/X (sky130_fd_sc_hd__clkbuf_4)
                                                         net70 (net)
                      0.277571    0.003230    6.498234 ^ fanout69/A (sky130_fd_sc_hd__clkbuf_4)
    10    0.048905    0.243353    0.467875    6.966109 ^ fanout69/X (sky130_fd_sc_hd__clkbuf_4)
                                                         net69 (net)
                      0.243395    0.003279    6.969388 ^ _292_/S (sky130_fd_sc_hd__mux2_1)
     1    0.002770    0.109656    0.760169    7.729557 v _292_/X (sky130_fd_sc_hd__mux2_1)
                                                         _205_ (net)
                      0.109656    0.000130    7.729686 v _293_/A2 (sky130_fd_sc_hd__a21o_1)
     1    0.004064    0.070574    0.343165    8.072851 v _293_/X (sky130_fd_sc_hd__a21o_1)
                                                         _206_ (net)
                      0.070574    0.000171    8.073023 v _300_/A1 (sky130_fd_sc_hd__o311a_1)
     1    0.005744    0.119549    0.683195    8.756217 v _300_/X (sky130_fd_sc_hd__o311a_1)
                                                         net37 (net)
                      0.119549    0.000440    8.756657 v output37/A (sky130_fd_sc_hd__buf_2)
     1    0.034038    0.165278    0.366839    9.123496 v output37/X (sky130_fd_sc_hd__buf_2)
                                                         mem_read_data[9] (net)
                      0.165292    0.001624    9.125120 v mem_read_data[9] (out)
                                              9.125120   data arrival time

                                 25.000000   25.000000   clock clk (rise edge)
                                  0.000000   25.000000   clock network delay (propagated)
                                 -0.250000   24.750000   clock uncertainty
                                  0.000000   24.750000   clock reconvergence pessimism
                                 -5.000000   19.750000   output external delay
                                             19.750000   data required time
---------------------------------------------------------------------------------------------
                                             19.750000   data required time
                                             -9.125120   data arrival time
---------------------------------------------------------------------------------------------
                                             10.624879   slack (MET)




===========================================================================
report_checks --slack_max -0.01
============================================================================
======================= max_ss_100C_1v60 Corner ===================================

No paths found.


===========================================================================
 report_check_types -max_slew -max_cap -max_fanout -violators
============================================================================
======================= max_ss_100C_1v60 Corner ===================================

max fanout

Pin                                   Limit Fanout  Slack
---------------------------------------------------------
clkbuf_0_clk/X                           10     16     -6 (VIOLATED)



===========================================================================
report_parasitic_annotation -report_unannotated
============================================================================
Found 26 unannotated drivers.
 mem_access_addr[0]
 mem_access_addr[10]
 mem_access_addr[11]
 mem_access_addr[12]
 mem_access_addr[13]
 mem_access_addr[14]
 mem_access_addr[15]
 mem_access_addr[4]
 mem_access_addr[5]
 mem_access_addr[6]
 mem_access_addr[7]
 mem_access_addr[8]
 mem_access_addr[9]
 clkload0/Y
 clkload1/Y
 clkload10/X
 clkload11/Y
 clkload12/X
 clkload2/X
 clkload3/Y
 clkload4/X
 clkload5/X
 clkload6/X
 clkload7/Y
 clkload8/X
 clkload9/Y
Found 0 partially unannotated drivers.

===========================================================================
max slew violation count 0
max fanout violation count 1
max cap violation count 0
============================================================================

===========================================================================
check_setup -verbose -unconstrained_endpoints -multiple_clock -no_clock -no_input_delay -loops -generated_clocks
===========================================================================
