
===========================================================================
report_checks -unconstrained
===========================================================================
======================= nom_ff_n40C_1v95 Corner ===================================

Startpoint: A1[2] (input port clocked by clk)
Endpoint: RD1[3] (output port clocked by clk)
Path Group: clk
Path Type: max

Fanout         Cap        Slew       Delay        Time   Description
---------------------------------------------------------------------------------------------
                                  0.000000    0.000000   clock clk (rise edge)
                                  0.000000    0.000000   clock network delay (propagated)
                                  5.000000    5.000000 ^ input external delay
     1    0.003437    0.016202    0.008913    5.008914 ^ A1[2] (in)
                                                         A1[2] (net)
                      0.016203    0.000000    5.008914 ^ input3/A (sky130_fd_sc_hd__buf_1)
     2    0.023915    0.211280    0.170547    5.179461 ^ input3/X (sky130_fd_sc_hd__buf_1)
                                                         net3 (net)
                      0.211288    0.001062    5.180523 ^ fanout94/A (sky130_fd_sc_hd__clkbuf_4)
    10    0.054149    0.128255    0.194872    5.375394 ^ fanout94/X (sky130_fd_sc_hd__clkbuf_4)
                                                         net94 (net)
                      0.128262    0.000803    5.376197 ^ fanout93/A (sky130_fd_sc_hd__buf_2)
    10    0.045238    0.167080    0.186246    5.562444 ^ fanout93/X (sky130_fd_sc_hd__buf_2)
                                                         net93 (net)
                      0.167148    0.002795    5.565238 ^ _264_/A_N (sky130_fd_sc_hd__and2b_1)
     2    0.012140    0.050856    0.147705    5.712943 v _264_/X (sky130_fd_sc_hd__and2b_1)
                                                         _121_ (net)
                      0.050857    0.000306    5.713249 v fanout79/A (sky130_fd_sc_hd__clkbuf_4)
    10    0.052485    0.079077    0.149515    5.862763 v fanout79/X (sky130_fd_sc_hd__clkbuf_4)
                                                         net79 (net)
                      0.079101    0.001354    5.864117 v _276_/B2 (sky130_fd_sc_hd__a22o_1)
     1    0.004146    0.030852    0.115445    5.979562 v _276_/X (sky130_fd_sc_hd__a22o_1)
                                                         _131_ (net)
                      0.030852    0.000131    5.979692 v _277_/A2 (sky130_fd_sc_hd__o21a_1)
     1    0.005869    0.034330    0.112704    6.092396 v _277_/X (sky130_fd_sc_hd__o21a_1)
                                                         net36 (net)
                      0.034331    0.000262    6.092659 v output36/A (sky130_fd_sc_hd__buf_2)
     1    0.034288    0.062843    0.118907    6.211565 v output36/X (sky130_fd_sc_hd__buf_2)
                                                         RD1[3] (net)
                      0.062852    0.000748    6.212314 v RD1[3] (out)
                                              6.212314   data arrival time

                                 25.000000   25.000000   clock clk (rise edge)
                                  0.000000   25.000000   clock network delay (propagated)
                                 -0.250000   24.750000   clock uncertainty
                                  0.000000   24.750000   clock reconvergence pessimism
                                 -5.000000   19.750000   output external delay
                                             19.750000   data required time
---------------------------------------------------------------------------------------------
                                             19.750000   data required time
                                             -6.212314   data arrival time
---------------------------------------------------------------------------------------------
                                             13.537686   slack (MET)




===========================================================================
report_checks --slack_max -0.01
============================================================================
======================= nom_ff_n40C_1v95 Corner ===================================

No paths found.


===========================================================================
 report_check_types -max_slew -max_cap -max_fanout -violators
============================================================================
======================= nom_ff_n40C_1v95 Corner ===================================

max fanout

Pin                                   Limit Fanout  Slack
---------------------------------------------------------
clkbuf_3_4__f_clk/X                      10     17     -7 (VIOLATED)
clkbuf_3_6__f_clk/X                      10     17     -7 (VIOLATED)
clkbuf_3_0__f_clk/X                      10     15     -5 (VIOLATED)
clkbuf_3_1__f_clk/X                      10     15     -5 (VIOLATED)
clkbuf_3_2__f_clk/X                      10     14     -4 (VIOLATED)
clkbuf_3_3__f_clk/X                      10     14     -4 (VIOLATED)
clkbuf_3_7__f_clk/X                      10     14     -4 (VIOLATED)
clkbuf_3_5__f_clk/X                      10     13     -3 (VIOLATED)



===========================================================================
report_parasitic_annotation -report_unannotated
============================================================================
Found 7 unannotated drivers.
 clkload0/Y
 clkload1/Y
 clkload2/Y
 clkload3/Y
 clkload4/Y
 clkload5/X
 clkload6/Y
Found 0 partially unannotated drivers.

===========================================================================
max slew violation count 0
max fanout violation count 8
max cap violation count 0
============================================================================

===========================================================================
check_setup -verbose -unconstrained_endpoints -multiple_clock -no_clock -no_input_delay -loops -generated_clocks
===========================================================================
