Clock: clk
Sources: clk 
Generated: no
Virtual: yes
Propagated: no
Period: 25.000000

===========================================================================
report_clock_properties
============================================================================
Clock                   Period          Waveform
----------------------------------------------------
clk                  25.000000    0.000000 12.500000

===========================================================================
report_clock_latency
============================================================================
Clock clk
rise -> rise
    min     max
0.000000 0.000000 source latency
0.316384         network latency _541_/CLK
        0.321337 network latency _635_/CLK
---------------
0.316384 0.321337 latency
        0.004954 skew

fall -> fall
    min     max
0.000000 0.000000 source latency
0.275755         network latency _541_/CLK
        0.279361 network latency _635_/CLK
---------------
0.275755 0.279361 latency
        0.003606 skew



===========================================================================
report_clock_min_period
============================================================================
clk period_min = 1.05 fmax = 948.58
