
===========================================================================
report_checks -path_delay max (Setup)
============================================================================
======================= nom_tt_025C_1v80 Corner ===================================

Startpoint: func[0] (input port clocked by clk)
Endpoint: ALUControl[1] (output port clocked by clk)
Path Group: clk
Path Type: max

Fanout         Cap        Slew       Delay        Time   Description
---------------------------------------------------------------------------------------------
                      0.000000    0.000000    0.000000   clock clk (rise edge)
                                  0.000000    0.000000   clock network delay (ideal)
                                  5.000000    5.000000 ^ input external delay
     5    0.017647    0.086926    0.058140    5.058140 ^ func[0] (in)
                                                         func[0] (net)
                      0.086926    0.000000    5.058140 ^ _19_/A_N (sky130_fd_sc_hd__and2b_2)
     2    0.003616    0.038692    0.218601    5.276741 v _19_/X (sky130_fd_sc_hd__and2b_2)
                                                         _04_ (net)
                      0.038692    0.000000    5.276741 v _24_/A (sky130_fd_sc_hd__or2_2)
     1    0.002217    0.052334    0.280546    5.557287 v _24_/X (sky130_fd_sc_hd__or2_2)
                                                         _07_ (net)
                      0.052334    0.000000    5.557287 v _25_/B1 (sky130_fd_sc_hd__a22o_2)
     1    0.033442    0.110385    0.291131    5.848418 v _25_/X (sky130_fd_sc_hd__a22o_2)
                                                         ALUControl[1] (net)
                      0.110385    0.000000    5.848418 v ALUControl[1] (out)
                                              5.848418   data arrival time

                      0.000000   25.000000   25.000000   clock clk (rise edge)
                                  0.000000   25.000000   clock network delay (ideal)
                                 -0.250000   24.750000   clock uncertainty
                                  0.000000   24.750000   clock reconvergence pessimism
                                 -5.000000   19.750000   output external delay
                                             19.750000   data required time
---------------------------------------------------------------------------------------------
                                             19.750000   data required time
                                             -5.848418   data arrival time
---------------------------------------------------------------------------------------------
                                             13.901582   slack (MET)


Startpoint: opcode[1] (input port clocked by clk)
Endpoint: PCSrc (output port clocked by clk)
Path Group: clk
Path Type: max

Fanout         Cap        Slew       Delay        Time   Description
---------------------------------------------------------------------------------------------
                      0.000000    0.000000    0.000000   clock clk (rise edge)
                                  0.000000    0.000000   clock network delay (ideal)
                                  5.000000    5.000000 ^ input external delay
     5    0.013808    0.069723    0.046161    5.046161 ^ opcode[1] (in)
                                                         opcode[1] (net)
                      0.069723    0.000000    5.046161 ^ _28_/A_N (sky130_fd_sc_hd__and3b_2)
     2    0.035589    0.109832    0.286587    5.332748 v _28_/X (sky130_fd_sc_hd__and3b_2)
                                                         ImmSrc[1] (net)
                      0.109832    0.000000    5.332748 v _31_/B1 (sky130_fd_sc_hd__a31o_2)
     1    0.002195    0.035560    0.228123    5.560872 v _31_/X (sky130_fd_sc_hd__a31o_2)
                                                         _10_ (net)
                      0.035560    0.000000    5.560872 v _32_/B1 (sky130_fd_sc_hd__a21o_2)
     1    0.033442    0.102951    0.258037    5.818909 v _32_/X (sky130_fd_sc_hd__a21o_2)
                                                         PCSrc (net)
                      0.102951    0.000000    5.818909 v PCSrc (out)
                                              5.818909   data arrival time

                      0.000000   25.000000   25.000000   clock clk (rise edge)
                                  0.000000   25.000000   clock network delay (ideal)
                                 -0.250000   24.750000   clock uncertainty
                                  0.000000   24.750000   clock reconvergence pessimism
                                 -5.000000   19.750000   output external delay
                                             19.750000   data required time
---------------------------------------------------------------------------------------------
                                             19.750000   data required time
                                             -5.818909   data arrival time
---------------------------------------------------------------------------------------------
                                             13.931091   slack (MET)


Startpoint: opcode[0] (input port clocked by clk)
Endpoint: ALUControl[0] (output port clocked by clk)
Path Group: clk
Path Type: max

Fanout         Cap        Slew       Delay        Time   Description
---------------------------------------------------------------------------------------------
                      0.000000    0.000000    0.000000   clock clk (rise edge)
                                  0.000000    0.000000   clock network delay (ideal)
                                  5.000000    5.000000 ^ input external delay
     8    0.024810    0.119024    0.080490    5.080490 ^ opcode[0] (in)
                                                         opcode[0] (net)
                      0.119024    0.000000    5.080490 ^ _20_/A_N (sky130_fd_sc_hd__and3b_2)
     2    0.035509    0.109667    0.300311    5.380801 v _20_/X (sky130_fd_sc_hd__and3b_2)
                                                         ImmSrc[0] (net)
                      0.109667    0.000000    5.380801 v _22_/C1 (sky130_fd_sc_hd__a221o_2)
     1    0.033442    0.130327    0.418002    5.798802 v _22_/X (sky130_fd_sc_hd__a221o_2)
                                                         ALUControl[0] (net)
                      0.130327    0.000000    5.798802 v ALUControl[0] (out)
                                              5.798802   data arrival time

                      0.000000   25.000000   25.000000   clock clk (rise edge)
                                  0.000000   25.000000   clock network delay (ideal)
                                 -0.250000   24.750000   clock uncertainty
                                  0.000000   24.750000   clock reconvergence pessimism
                                 -5.000000   19.750000   output external delay
                                             19.750000   data required time
---------------------------------------------------------------------------------------------
                                             19.750000   data required time
                                             -5.798802   data arrival time
---------------------------------------------------------------------------------------------
                                             13.951197   slack (MET)


Startpoint: opcode[1] (input port clocked by clk)
Endpoint: ALUControl[2] (output port clocked by clk)
Path Group: clk
Path Type: max

Fanout         Cap        Slew       Delay        Time   Description
---------------------------------------------------------------------------------------------
                      0.000000    0.000000    0.000000   clock clk (rise edge)
                                  0.000000    0.000000   clock network delay (ideal)
                                  5.000000    5.000000 v input external delay
     5    0.012414    0.030122    0.020070    5.020070 v opcode[1] (in)
                                                         opcode[1] (net)
                      0.030122    0.000000    5.020070 v _15_/A_N (sky130_fd_sc_hd__nand2b_2)
     3    0.012378    0.075455    0.195558    5.215628 v _15_/Y (sky130_fd_sc_hd__nand2b_2)
                                                         _02_ (net)
                      0.075455    0.000000    5.215628 v _18_/D (sky130_fd_sc_hd__nor4_2)
     3    0.007338    0.280863    0.204657    5.420285 ^ _18_/Y (sky130_fd_sc_hd__nor4_2)
                                                         _03_ (net)
                      0.280863    0.000000    5.420285 ^ _26_/A3 (sky130_fd_sc_hd__a32o_2)
     1    0.033442    0.207665    0.348632    5.768917 ^ _26_/X (sky130_fd_sc_hd__a32o_2)
                                                         ALUControl[2] (net)
                      0.207665    0.000000    5.768917 ^ ALUControl[2] (out)
                                              5.768917   data arrival time

                      0.000000   25.000000   25.000000   clock clk (rise edge)
                                  0.000000   25.000000   clock network delay (ideal)
                                 -0.250000   24.750000   clock uncertainty
                                  0.000000   24.750000   clock reconvergence pessimism
                                 -5.000000   19.750000   output external delay
                                             19.750000   data required time
---------------------------------------------------------------------------------------------
                                             19.750000   data required time
                                             -5.768917   data arrival time
---------------------------------------------------------------------------------------------
                                             13.981083   slack (MET)


Startpoint: opcode[1] (input port clocked by clk)
Endpoint: ResultSrc (output port clocked by clk)
Path Group: clk
Path Type: max

Fanout         Cap        Slew       Delay        Time   Description
---------------------------------------------------------------------------------------------
                      0.000000    0.000000    0.000000   clock clk (rise edge)
                                  0.000000    0.000000   clock network delay (ideal)
                                  5.000000    5.000000 ^ input external delay
     5    0.013808    0.069723    0.046161    5.046161 ^ opcode[1] (in)
                                                         opcode[1] (net)
                      0.069723    0.000000    5.046161 ^ _11_/A (sky130_fd_sc_hd__inv_2)
     4    0.006540    0.026492    0.039898    5.086059 v _11_/Y (sky130_fd_sc_hd__inv_2)
                                                         _00_ (net)
                      0.026492    0.000000    5.086059 v _12_/B (sky130_fd_sc_hd__or2_2)
     2    0.008440    0.072748    0.288059    5.374118 v _12_/X (sky130_fd_sc_hd__or2_2)
                                                         _01_ (net)
                      0.072748    0.000000    5.374118 v _13_/B (sky130_fd_sc_hd__nor2_2)
     1    0.033442    0.373493    0.309636    5.683754 ^ _13_/Y (sky130_fd_sc_hd__nor2_2)
                                                         ResultSrc (net)
                      0.373493    0.000000    5.683754 ^ ResultSrc (out)
                                              5.683754   data arrival time

                      0.000000   25.000000   25.000000   clock clk (rise edge)
                                  0.000000   25.000000   clock network delay (ideal)
                                 -0.250000   24.750000   clock uncertainty
                                  0.000000   24.750000   clock reconvergence pessimism
                                 -5.000000   19.750000   output external delay
                                             19.750000   data required time
---------------------------------------------------------------------------------------------
                                             19.750000   data required time
                                             -5.683754   data arrival time
---------------------------------------------------------------------------------------------
                                             14.066245   slack (MET)


Startpoint: opcode[2] (input port clocked by clk)
Endpoint: ALUControl[3] (output port clocked by clk)
Path Group: clk
Path Type: max

Fanout         Cap        Slew       Delay        Time   Description
---------------------------------------------------------------------------------------------
                      0.000000    0.000000    0.000000   clock clk (rise edge)
                                  0.000000    0.000000   clock network delay (ideal)
                                  5.000000    5.000000 v input external delay
     8    0.020861    0.048154    0.033473    5.033473 v opcode[2] (in)
                                                         opcode[2] (net)
                      0.048154    0.000000    5.033473 v _21_/A (sky130_fd_sc_hd__nor3_2)
     4    0.008975    0.208754    0.229655    5.263128 ^ _21_/Y (sky130_fd_sc_hd__nor3_2)
                                                         _05_ (net)
                      0.208754    0.000000    5.263128 ^ _27_/B (sky130_fd_sc_hd__and2_2)
     1    0.033442    0.180985    0.287485    5.550613 ^ _27_/X (sky130_fd_sc_hd__and2_2)
                                                         ALUControl[3] (net)
                      0.180985    0.000000    5.550613 ^ ALUControl[3] (out)
                                              5.550613   data arrival time

                      0.000000   25.000000   25.000000   clock clk (rise edge)
                                  0.000000   25.000000   clock network delay (ideal)
                                 -0.250000   24.750000   clock uncertainty
                                  0.000000   24.750000   clock reconvergence pessimism
                                 -5.000000   19.750000   output external delay
                                             19.750000   data required time
---------------------------------------------------------------------------------------------
                                             19.750000   data required time
                                             -5.550613   data arrival time
---------------------------------------------------------------------------------------------
                                             14.199387   slack (MET)


Startpoint: opcode[1] (input port clocked by clk)
Endpoint: ALUSrc (output port clocked by clk)
Path Group: clk
Path Type: max

Fanout         Cap        Slew       Delay        Time   Description
---------------------------------------------------------------------------------------------
                      0.000000    0.000000    0.000000   clock clk (rise edge)
                                  0.000000    0.000000   clock network delay (ideal)
                                  5.000000    5.000000 ^ input external delay
     5    0.013808    0.069723    0.046161    5.046161 ^ opcode[1] (in)
                                                         opcode[1] (net)
                      0.069723    0.000000    5.046161 ^ _11_/A (sky130_fd_sc_hd__inv_2)
     4    0.006540    0.026492    0.039898    5.086059 v _11_/Y (sky130_fd_sc_hd__inv_2)
                                                         _00_ (net)
                      0.026492    0.000000    5.086059 v _12_/B (sky130_fd_sc_hd__or2_2)
     2    0.008440    0.072748    0.288059    5.374118 v _12_/X (sky130_fd_sc_hd__or2_2)
                                                         _01_ (net)
                      0.072748    0.000000    5.374118 v _16_/A (sky130_fd_sc_hd__nand2_2)
     1    0.033442    0.185817    0.167440    5.541558 ^ _16_/Y (sky130_fd_sc_hd__nand2_2)
                                                         ALUSrc (net)
                      0.185817    0.000000    5.541558 ^ ALUSrc (out)
                                              5.541558   data arrival time

                      0.000000   25.000000   25.000000   clock clk (rise edge)
                                  0.000000   25.000000   clock network delay (ideal)
                                 -0.250000   24.750000   clock uncertainty
                                  0.000000   24.750000   clock reconvergence pessimism
                                 -5.000000   19.750000   output external delay
                                             19.750000   data required time
---------------------------------------------------------------------------------------------
                                             19.750000   data required time
                                             -5.541558   data arrival time
---------------------------------------------------------------------------------------------
                                             14.208441   slack (MET)


Startpoint: opcode[0] (input port clocked by clk)
Endpoint: ImmSrc[1] (output port clocked by clk)
Path Group: clk
Path Type: max

Fanout         Cap        Slew       Delay        Time   Description
---------------------------------------------------------------------------------------------
                      0.000000    0.000000    0.000000   clock clk (rise edge)
                                  0.000000    0.000000   clock network delay (ideal)
                                  5.000000    5.000000 ^ input external delay
     8    0.024810    0.119024    0.080490    5.080490 ^ opcode[0] (in)
                                                         opcode[0] (net)
                      0.119024    0.000000    5.080490 ^ _28_/B (sky130_fd_sc_hd__and3b_2)
     2    0.035946    0.193209    0.315448    5.395938 ^ _28_/X (sky130_fd_sc_hd__and3b_2)
                                                         ImmSrc[1] (net)
                      0.193209    0.000000    5.395938 ^ ImmSrc[1] (out)
                                              5.395938   data arrival time

                      0.000000   25.000000   25.000000   clock clk (rise edge)
                                  0.000000   25.000000   clock network delay (ideal)
                                 -0.250000   24.750000   clock uncertainty
                                  0.000000   24.750000   clock reconvergence pessimism
                                 -5.000000   19.750000   output external delay
                                             19.750000   data required time
---------------------------------------------------------------------------------------------
                                             19.750000   data required time
                                             -5.395938   data arrival time
---------------------------------------------------------------------------------------------
                                             14.354061   slack (MET)


Startpoint: opcode[1] (input port clocked by clk)
Endpoint: RegWrite (output port clocked by clk)
Path Group: clk
Path Type: max

Fanout         Cap        Slew       Delay        Time   Description
---------------------------------------------------------------------------------------------
                      0.000000    0.000000    0.000000   clock clk (rise edge)
                                  0.000000    0.000000   clock network delay (ideal)
                                  5.000000    5.000000 v input external delay
     5    0.012414    0.030122    0.020070    5.020070 v opcode[1] (in)
                                                         opcode[1] (net)
                      0.030122    0.000000    5.020070 v _15_/A_N (sky130_fd_sc_hd__nand2b_2)
     3    0.012378    0.075455    0.195558    5.215628 v _15_/Y (sky130_fd_sc_hd__nand2b_2)
                                                         _02_ (net)
                      0.075455    0.000000    5.215628 v _17_/B1 (sky130_fd_sc_hd__o21ai_2)
     1    0.033442    0.398788    0.175110    5.390738 ^ _17_/Y (sky130_fd_sc_hd__o21ai_2)
                                                         RegWrite (net)
                      0.398788    0.000000    5.390738 ^ RegWrite (out)
                                              5.390738   data arrival time

                      0.000000   25.000000   25.000000   clock clk (rise edge)
                                  0.000000   25.000000   clock network delay (ideal)
                                 -0.250000   24.750000   clock uncertainty
                                  0.000000   24.750000   clock reconvergence pessimism
                                 -5.000000   19.750000   output external delay
                                             19.750000   data required time
---------------------------------------------------------------------------------------------
                                             19.750000   data required time
                                             -5.390738   data arrival time
---------------------------------------------------------------------------------------------
                                             14.359262   slack (MET)


Startpoint: opcode[2] (input port clocked by clk)
Endpoint: ImmSrc[0] (output port clocked by clk)
Path Group: clk
Path Type: max

Fanout         Cap        Slew       Delay        Time   Description
---------------------------------------------------------------------------------------------
                      0.000000    0.000000    0.000000   clock clk (rise edge)
                                  0.000000    0.000000   clock network delay (ideal)
                                  5.000000    5.000000 ^ input external delay
     8    0.022904    0.110483    0.074543    5.074543 ^ opcode[2] (in)
                                                         opcode[2] (net)
                      0.110483    0.000000    5.074543 ^ _20_/C (sky130_fd_sc_hd__and3b_2)
     2    0.035889    0.193111    0.316171    5.390713 ^ _20_/X (sky130_fd_sc_hd__and3b_2)
                                                         ImmSrc[0] (net)
                      0.193111    0.000000    5.390713 ^ ImmSrc[0] (out)
                                              5.390713   data arrival time

                      0.000000   25.000000   25.000000   clock clk (rise edge)
                                  0.000000   25.000000   clock network delay (ideal)
                                 -0.250000   24.750000   clock uncertainty
                                  0.000000   24.750000   clock reconvergence pessimism
                                 -5.000000   19.750000   output external delay
                                             19.750000   data required time
---------------------------------------------------------------------------------------------
                                             19.750000   data required time
                                             -5.390713   data arrival time
---------------------------------------------------------------------------------------------
                                             14.359285   slack (MET)


Startpoint: opcode[0] (input port clocked by clk)
Endpoint: MemWrite (output port clocked by clk)
Path Group: clk
Path Type: max

Fanout         Cap        Slew       Delay        Time   Description
---------------------------------------------------------------------------------------------
                      0.000000    0.000000    0.000000   clock clk (rise edge)
                                  0.000000    0.000000   clock network delay (ideal)
                                  5.000000    5.000000 ^ input external delay
     8    0.024810    0.119024    0.080490    5.080490 ^ opcode[0] (in)
                                                         opcode[0] (net)
                      0.119024    0.000000    5.080490 ^ _14_/B (sky130_fd_sc_hd__and3b_2)
     1    0.033442    0.182102    0.306382    5.386871 ^ _14_/X (sky130_fd_sc_hd__and3b_2)
                                                         MemWrite (net)
                      0.182102    0.000000    5.386871 ^ MemWrite (out)
                                              5.386871   data arrival time

                      0.000000   25.000000   25.000000   clock clk (rise edge)
                                  0.000000   25.000000   clock network delay (ideal)
                                 -0.250000   24.750000   clock uncertainty
                                  0.000000   24.750000   clock reconvergence pessimism
                                 -5.000000   19.750000   output external delay
                                             19.750000   data required time
---------------------------------------------------------------------------------------------
                                             19.750000   data required time
                                             -5.386871   data arrival time
---------------------------------------------------------------------------------------------
                                             14.363128   slack (MET)



