
===========================================================================
report_checks -unconstrained
===========================================================================
======================= nom_tt_025C_1v80 Corner ===================================

Startpoint: SrcB[0] (input port clocked by __VIRTUAL_CLK__)
Endpoint: zero (output port clocked by __VIRTUAL_CLK__)
Path Group: __VIRTUAL_CLK__
Path Type: max

Fanout         Cap        Slew       Delay        Time   Description
---------------------------------------------------------------------------------------------
                      0.000000    0.000000    0.000000   clock __VIRTUAL_CLK__ (rise edge)
                                  0.000000    0.000000   clock network delay (ideal)
                                  5.000000    5.000000 v input external delay
     1    0.002496    0.007930    0.003899    5.003899 v SrcB[0] (in)
                                                         SrcB[0] (net)
                      0.007930    0.000000    5.003899 v input21/A (sky130_fd_sc_hd__clkbuf_1)
     1    0.003866    0.031921    0.077199    5.081098 v input21/X (sky130_fd_sc_hd__clkbuf_1)
                                                         net21 (net)
                      0.031921    0.000028    5.081125 v fanout86/A (sky130_fd_sc_hd__clkbuf_2)
     6    0.023616    0.094620    0.153608    5.234734 v fanout86/X (sky130_fd_sc_hd__clkbuf_2)
                                                         net86 (net)
                      0.094620    0.000023    5.234756 v fanout84/A (sky130_fd_sc_hd__buf_2)
     7    0.027357    0.074633    0.189735    5.424491 v fanout84/X (sky130_fd_sc_hd__buf_2)
                                                         net84 (net)
                      0.074637    0.000567    5.425058 v fanout83/A (sky130_fd_sc_hd__clkbuf_4)
    10    0.040329    0.090116    0.205612    5.630671 v fanout83/X (sky130_fd_sc_hd__clkbuf_4)
                                                         net83 (net)
                      0.090116    0.000016    5.630687 v _503_/C (sky130_fd_sc_hd__or4_4)
     6    0.020709    0.113618    0.540671    6.171358 v _503_/X (sky130_fd_sc_hd__or4_4)
                                                         _078_ (net)
                      0.113618    0.000312    6.171670 v _579_/A4 (sky130_fd_sc_hd__o41a_1)
     1    0.004752    0.072288    0.339316    6.510986 v _579_/X (sky130_fd_sc_hd__o41a_1)
                                                         _151_ (net)
                      0.072288    0.000008    6.510993 v _580_/B (sky130_fd_sc_hd__xnor2_1)
     3    0.010596    0.276538    0.254765    6.765759 ^ _580_/Y (sky130_fd_sc_hd__xnor2_1)
                                                         _152_ (net)
                      0.276538    0.000027    6.765786 ^ _581_/B (sky130_fd_sc_hd__xnor2_1)
     3    0.006860    0.087974    0.135161    6.900947 v _581_/Y (sky130_fd_sc_hd__xnor2_1)
                                                         _153_ (net)
                      0.087974    0.000019    6.900965 v _598_/B (sky130_fd_sc_hd__or2_1)
     2    0.004704    0.058823    0.230100    7.131065 v _598_/X (sky130_fd_sc_hd__or2_1)
                                                         _169_ (net)
                      0.058823    0.000007    7.131072 v _600_/C (sky130_fd_sc_hd__or4_2)
     4    0.013201    0.141069    0.674268    7.805340 v _600_/X (sky130_fd_sc_hd__or4_2)
                                                         _171_ (net)
                      0.141069    0.000230    7.805570 v _610_/A1 (sky130_fd_sc_hd__a21o_1)
     3    0.006883    0.051602    0.208138    8.013707 v _610_/X (sky130_fd_sc_hd__a21o_1)
                                                         _181_ (net)
                      0.051602    0.000010    8.013717 v _623_/A1 (sky130_fd_sc_hd__a211o_1)
     2    0.004640    0.056163    0.262910    8.276627 v _623_/X (sky130_fd_sc_hd__a211o_1)
                                                         net51 (net)
                      0.056163    0.000018    8.276645 v _765_/C (sky130_fd_sc_hd__or4b_1)
     1    0.006305    0.104477    0.496027    8.772672 v _765_/X (sky130_fd_sc_hd__or4b_1)
                                                         _328_ (net)
                      0.104477    0.000091    8.772763 v _767_/C (sky130_fd_sc_hd__nor4b_1)
     1    0.004031    0.290551    0.290663    9.063426 ^ _767_/Y (sky130_fd_sc_hd__nor4b_1)
                                                         _330_ (net)
                      0.290551    0.000029    9.063456 ^ _768_/D (sky130_fd_sc_hd__and4b_1)
     1    0.002140    0.053022    0.224127    9.287582 ^ _768_/X (sky130_fd_sc_hd__and4b_1)
                                                         net53 (net)
                      0.053022    0.000004    9.287587 ^ output53/A (sky130_fd_sc_hd__buf_2)
     1    0.034504    0.171209    0.202125    9.489713 ^ output53/X (sky130_fd_sc_hd__buf_2)
                                                         zero (net)
                      0.171209    0.000235    9.489947 ^ zero (out)
                                              9.489947   data arrival time

                      0.000000   25.000000   25.000000   clock __VIRTUAL_CLK__ (rise edge)
                                  0.000000   25.000000   clock network delay (ideal)
                                 -0.250000   24.750000   clock uncertainty
                                  0.000000   24.750000   clock reconvergence pessimism
                                 -5.000000   19.750000   output external delay
                                             19.750000   data required time
---------------------------------------------------------------------------------------------
                                             19.750000   data required time
                                             -9.489947   data arrival time
---------------------------------------------------------------------------------------------
                                             10.260052   slack (MET)




===========================================================================
report_checks --slack_max -0.01
============================================================================
======================= nom_tt_025C_1v80 Corner ===================================

No paths found.


===========================================================================
 report_check_types -max_slew -max_cap -max_fanout -violators
============================================================================
======================= nom_tt_025C_1v80 Corner ===================================



===========================================================================
report_parasitic_annotation -report_unannotated
============================================================================
Found 0 unannotated drivers.
Found 0 partially unannotated drivers.

===========================================================================
max slew violation count 0
Writing metric design__max_slew_violation__count__corner:nom_tt_025C_1v80: 0
max fanout violation count 0
Writing metric design__max_fanout_violation__count__corner:nom_tt_025C_1v80: 0
max cap violation count 0
Writing metric design__max_cap_violation__count__corner:nom_tt_025C_1v80: 0
============================================================================

===========================================================================
check_setup -verbose -unconstrained_endpoints -multiple_clock -no_clock -no_input_delay -loops -generated_clocks
===========================================================================
