
===========================================================================
report_checks -unconstrained
===========================================================================
======================= max_tt_025C_1v80 Corner ===================================

Startpoint: pc[13] (input port clocked by clk)
Endpoint: _116_ (rising edge-triggered flip-flop clocked by clk)
Path Group: clk
Path Type: max

Fanout         Cap        Slew       Delay        Time   Description
---------------------------------------------------------------------------------------------
                                  0.000000    0.000000   clock clk (rise edge)
                                  0.000000    0.000000   clock network delay (propagated)
                                  2.000000    2.000000 v input external delay
     1    0.002684    0.008348    0.004277    2.004277 v pc[13] (in)
                                                         pc[13] (net)
                      0.008354    0.000000    2.004277 v input4/A (sky130_fd_sc_hd__clkbuf_1)
     1    0.002844    0.026696    0.072309    2.076586 v input4/X (sky130_fd_sc_hd__clkbuf_1)
                                                         net4 (net)
                      0.026696    0.000113    2.076699 v _062_/A (sky130_fd_sc_hd__or4_1)
     2    0.008104    0.117719    0.557988    2.634687 v _062_/X (sky130_fd_sc_hd__or4_1)
                                                         _018_ (net)
                      0.117719    0.000546    2.635233 v _065_/C (sky130_fd_sc_hd__or4_4)
    10    0.036238    0.137235    0.581841    3.217074 v _065_/X (sky130_fd_sc_hd__or4_4)
                                                         _021_ (net)
                      0.137527    0.005523    3.222597 v _073_/B1 (sky130_fd_sc_hd__a21oi_1)
     1    0.004572    0.138031    0.169965    3.392562 ^ _073_/Y (sky130_fd_sc_hd__a21oi_1)
                                                         _000_ (net)
                      0.138032    0.000323    3.392884 ^ _116_/D (sky130_fd_sc_hd__dfxtp_1)
                                              3.392884   data arrival time

                                 10.000000   10.000000   clock clk (rise edge)
                                  0.000000   10.000000   clock source latency
     1    0.016703    0.081030    0.055658   10.055658 ^ clk (in)
                                                         clk (net)
                      0.081043    0.000000   10.055658 ^ clkbuf_0_clk/A (sky130_fd_sc_hd__clkbuf_16)
     2    0.019009    0.041022    0.137499   10.193157 ^ clkbuf_0_clk/X (sky130_fd_sc_hd__clkbuf_16)
                                                         clknet_0_clk (net)
                      0.041035    0.000697   10.193854 ^ clkbuf_1_1__f_clk/A (sky130_fd_sc_hd__clkbuf_16)
     8    0.025897    0.047185    0.129078   10.322932 ^ clkbuf_1_1__f_clk/X (sky130_fd_sc_hd__clkbuf_16)
                                                         clknet_1_1__leaf_clk (net)
                      0.047242    0.001417   10.324348 ^ _116_/CLK (sky130_fd_sc_hd__dfxtp_1)
                                 -0.250000   10.074348   clock uncertainty
                                  0.000000   10.074348   clock reconvergence pessimism
                                 -0.075165    9.999184   library setup time
                                              9.999184   data required time
---------------------------------------------------------------------------------------------
                                              9.999184   data required time
                                             -3.392884   data arrival time
---------------------------------------------------------------------------------------------
                                              6.606300   slack (MET)




===========================================================================
report_checks --slack_max -0.01
============================================================================
======================= max_tt_025C_1v80 Corner ===================================

No paths found.


===========================================================================
 report_check_types -max_slew -max_cap -max_fanout -violators
============================================================================
======================= max_tt_025C_1v80 Corner ===================================



===========================================================================
report_parasitic_annotation -report_unannotated
============================================================================
Found 2 unannotated drivers.
 pc[0]
 clkload0/X
Found 0 partially unannotated drivers.

===========================================================================
max slew violation count 0
max fanout violation count 0
max cap violation count 0
============================================================================

===========================================================================
check_setup -verbose -unconstrained_endpoints -multiple_clock -no_clock -no_input_delay -loops -generated_clocks
===========================================================================
