Clock: clk
Sources: clk 
Generated: no
Virtual: yes
Propagated: no
Period: 10.000000

===========================================================================
report_clock_properties
============================================================================
Clock                   Period          Waveform
----------------------------------------------------
clk                  10.000000    0.000000  5.000000

===========================================================================
report_clock_latency
============================================================================
Clock clk
rise -> rise
    min     max
0.000000 0.000000 source latency
0.324227         network latency _125_/CLK
        0.329491 network latency _118_/CLK
---------------
0.324227 0.329491 latency
        0.005264 skew

fall -> fall
    min     max
0.000000 0.000000 source latency
0.313358         network latency _125_/CLK
        0.317988 network latency _118_/CLK
---------------
0.313358 0.317988 latency
        0.004630 skew



===========================================================================
report_clock_min_period
============================================================================
clk period_min = 0.00 fmax = inf
