
===========================================================================
report_checks -path_delay max (Setup)
============================================================================
======================= max_tt_025C_1v80 Corner ===================================

Startpoint: pc[13] (input port clocked by clk)
Endpoint: _116_ (rising edge-triggered flip-flop clocked by clk)
Path Group: clk
Path Type: max

Fanout         Cap        Slew       Delay        Time   Description
---------------------------------------------------------------------------------------------
                                  0.000000    0.000000   clock clk (rise edge)
                                  0.000000    0.000000   clock network delay (propagated)
                                  2.000000    2.000000 v input external delay
     1    0.002684    0.008348    0.004277    2.004277 v pc[13] (in)
                                                         pc[13] (net)
                      0.008354    0.000000    2.004277 v input4/A (sky130_fd_sc_hd__clkbuf_1)
     1    0.002844    0.026696    0.072309    2.076586 v input4/X (sky130_fd_sc_hd__clkbuf_1)
                                                         net4 (net)
                      0.026696    0.000113    2.076699 v _062_/A (sky130_fd_sc_hd__or4_1)
     2    0.008104    0.117719    0.557988    2.634687 v _062_/X (sky130_fd_sc_hd__or4_1)
                                                         _018_ (net)
                      0.117719    0.000546    2.635233 v _065_/C (sky130_fd_sc_hd__or4_4)
    10    0.036238    0.137235    0.581841    3.217074 v _065_/X (sky130_fd_sc_hd__or4_4)
                                                         _021_ (net)
                      0.137527    0.005523    3.222597 v _073_/B1 (sky130_fd_sc_hd__a21oi_1)
     1    0.004572    0.138031    0.169965    3.392562 ^ _073_/Y (sky130_fd_sc_hd__a21oi_1)
                                                         _000_ (net)
                      0.138032    0.000323    3.392884 ^ _116_/D (sky130_fd_sc_hd__dfxtp_1)
                                              3.392884   data arrival time

                                 10.000000   10.000000   clock clk (rise edge)
                                  0.000000   10.000000   clock source latency
     1    0.016703    0.081030    0.055658   10.055658 ^ clk (in)
                                                         clk (net)
                      0.081043    0.000000   10.055658 ^ clkbuf_0_clk/A (sky130_fd_sc_hd__clkbuf_16)
     2    0.019009    0.041022    0.137499   10.193157 ^ clkbuf_0_clk/X (sky130_fd_sc_hd__clkbuf_16)
                                                         clknet_0_clk (net)
                      0.041035    0.000697   10.193854 ^ clkbuf_1_1__f_clk/A (sky130_fd_sc_hd__clkbuf_16)
     8    0.025897    0.047185    0.129078   10.322932 ^ clkbuf_1_1__f_clk/X (sky130_fd_sc_hd__clkbuf_16)
                                                         clknet_1_1__leaf_clk (net)
                      0.047242    0.001417   10.324348 ^ _116_/CLK (sky130_fd_sc_hd__dfxtp_1)
                                 -0.250000   10.074348   clock uncertainty
                                  0.000000   10.074348   clock reconvergence pessimism
                                 -0.075165    9.999184   library setup time
                                              9.999184   data required time
---------------------------------------------------------------------------------------------
                                              9.999184   data required time
                                             -3.392884   data arrival time
---------------------------------------------------------------------------------------------
                                              6.606300   slack (MET)


Startpoint: pc[13] (input port clocked by clk)
Endpoint: _129_ (rising edge-triggered flip-flop clocked by clk)
Path Group: clk
Path Type: max

Fanout         Cap        Slew       Delay        Time   Description
---------------------------------------------------------------------------------------------
                                  0.000000    0.000000   clock clk (rise edge)
                                  0.000000    0.000000   clock network delay (propagated)
                                  2.000000    2.000000 v input external delay
     1    0.002684    0.008348    0.004277    2.004277 v pc[13] (in)
                                                         pc[13] (net)
                      0.008354    0.000000    2.004277 v input4/A (sky130_fd_sc_hd__clkbuf_1)
     1    0.002844    0.026696    0.072309    2.076586 v input4/X (sky130_fd_sc_hd__clkbuf_1)
                                                         net4 (net)
                      0.026696    0.000113    2.076699 v _062_/A (sky130_fd_sc_hd__or4_1)
     2    0.008104    0.117719    0.557988    2.634687 v _062_/X (sky130_fd_sc_hd__or4_1)
                                                         _018_ (net)
                      0.117719    0.000546    2.635233 v _065_/C (sky130_fd_sc_hd__or4_4)
    10    0.036238    0.137235    0.581841    3.217074 v _065_/X (sky130_fd_sc_hd__or4_4)
                                                         _021_ (net)
                      0.137598    0.006079    3.223153 v _115_/B1 (sky130_fd_sc_hd__a21oi_1)
     1    0.004297    0.133233    0.166123    3.389276 ^ _115_/Y (sky130_fd_sc_hd__a21oi_1)
                                                         _013_ (net)
                      0.133233    0.000258    3.389534 ^ _129_/D (sky130_fd_sc_hd__dfxtp_1)
                                              3.389534   data arrival time

                                 10.000000   10.000000   clock clk (rise edge)
                                  0.000000   10.000000   clock source latency
     1    0.016703    0.081030    0.055658   10.055658 ^ clk (in)
                                                         clk (net)
                      0.081043    0.000000   10.055658 ^ clkbuf_0_clk/A (sky130_fd_sc_hd__clkbuf_16)
     2    0.019009    0.041022    0.137499   10.193157 ^ clkbuf_0_clk/X (sky130_fd_sc_hd__clkbuf_16)
                                                         clknet_0_clk (net)
                      0.041035    0.000697   10.193854 ^ clkbuf_1_1__f_clk/A (sky130_fd_sc_hd__clkbuf_16)
     8    0.025897    0.047185    0.129078   10.322932 ^ clkbuf_1_1__f_clk/X (sky130_fd_sc_hd__clkbuf_16)
                                                         clknet_1_1__leaf_clk (net)
                      0.047234    0.001328   10.324260 ^ _129_/CLK (sky130_fd_sc_hd__dfxtp_1)
                                 -0.250000   10.074260   clock uncertainty
                                  0.000000   10.074260   clock reconvergence pessimism
                                 -0.074057   10.000203   library setup time
                                             10.000203   data required time
---------------------------------------------------------------------------------------------
                                             10.000203   data required time
                                             -3.389534   data arrival time
---------------------------------------------------------------------------------------------
                                              6.610669   slack (MET)


Startpoint: pc[13] (input port clocked by clk)
Endpoint: _123_ (rising edge-triggered flip-flop clocked by clk)
Path Group: clk
Path Type: max

Fanout         Cap        Slew       Delay        Time   Description
---------------------------------------------------------------------------------------------
                                  0.000000    0.000000   clock clk (rise edge)
                                  0.000000    0.000000   clock network delay (propagated)
                                  2.000000    2.000000 v input external delay
     1    0.002684    0.008348    0.004277    2.004277 v pc[13] (in)
                                                         pc[13] (net)
                      0.008354    0.000000    2.004277 v input4/A (sky130_fd_sc_hd__clkbuf_1)
     1    0.002844    0.026696    0.072309    2.076586 v input4/X (sky130_fd_sc_hd__clkbuf_1)
                                                         net4 (net)
                      0.026696    0.000113    2.076699 v _062_/A (sky130_fd_sc_hd__or4_1)
     2    0.008104    0.117719    0.557988    2.634687 v _062_/X (sky130_fd_sc_hd__or4_1)
                                                         _018_ (net)
                      0.117719    0.000546    2.635233 v _065_/C (sky130_fd_sc_hd__or4_4)
    10    0.036238    0.137235    0.581841    3.217074 v _065_/X (sky130_fd_sc_hd__or4_4)
                                                         _021_ (net)
                      0.137463    0.004950    3.222024 v _103_/B1 (sky130_fd_sc_hd__a21oi_1)
     1    0.004367    0.134441    0.167056    3.389080 ^ _103_/Y (sky130_fd_sc_hd__a21oi_1)
                                                         _007_ (net)
                      0.134441    0.000274    3.389354 ^ _123_/D (sky130_fd_sc_hd__dfxtp_1)
                                              3.389354   data arrival time

                                 10.000000   10.000000   clock clk (rise edge)
                                  0.000000   10.000000   clock source latency
     1    0.016703    0.081030    0.055658   10.055658 ^ clk (in)
                                                         clk (net)
                      0.081043    0.000000   10.055658 ^ clkbuf_0_clk/A (sky130_fd_sc_hd__clkbuf_16)
     2    0.019009    0.041022    0.137499   10.193157 ^ clkbuf_0_clk/X (sky130_fd_sc_hd__clkbuf_16)
                                                         clknet_0_clk (net)
                      0.041035    0.000697   10.193854 ^ clkbuf_1_1__f_clk/A (sky130_fd_sc_hd__clkbuf_16)
     8    0.025897    0.047185    0.129078   10.322932 ^ clkbuf_1_1__f_clk/X (sky130_fd_sc_hd__clkbuf_16)
                                                         clknet_1_1__leaf_clk (net)
                      0.047248    0.001480   10.324411 ^ _123_/CLK (sky130_fd_sc_hd__dfxtp_1)
                                 -0.250000   10.074411   clock uncertainty
                                  0.000000   10.074411   clock reconvergence pessimism
                                 -0.074334   10.000077   library setup time
                                             10.000077   data required time
---------------------------------------------------------------------------------------------
                                             10.000077   data required time
                                             -3.389354   data arrival time
---------------------------------------------------------------------------------------------
                                              6.610723   slack (MET)


Startpoint: pc[13] (input port clocked by clk)
Endpoint: _121_ (rising edge-triggered flip-flop clocked by clk)
Path Group: clk
Path Type: max

Fanout         Cap        Slew       Delay        Time   Description
---------------------------------------------------------------------------------------------
                                  0.000000    0.000000   clock clk (rise edge)
                                  0.000000    0.000000   clock network delay (propagated)
                                  2.000000    2.000000 v input external delay
     1    0.002684    0.008348    0.004277    2.004277 v pc[13] (in)
                                                         pc[13] (net)
                      0.008354    0.000000    2.004277 v input4/A (sky130_fd_sc_hd__clkbuf_1)
     1    0.002844    0.026696    0.072309    2.076586 v input4/X (sky130_fd_sc_hd__clkbuf_1)
                                                         net4 (net)
                      0.026696    0.000113    2.076699 v _062_/A (sky130_fd_sc_hd__or4_1)
     2    0.008104    0.117719    0.557988    2.634687 v _062_/X (sky130_fd_sc_hd__or4_1)
                                                         _018_ (net)
                      0.117719    0.000546    2.635233 v _065_/C (sky130_fd_sc_hd__or4_4)
    10    0.036238    0.137235    0.581841    3.217074 v _065_/X (sky130_fd_sc_hd__or4_4)
                                                         _021_ (net)
                      0.137596    0.006065    3.223139 v _100_/B1 (sky130_fd_sc_hd__a21oi_1)
     1    0.003953    0.127220    0.161250    3.384389 ^ _100_/Y (sky130_fd_sc_hd__a21oi_1)
                                                         _005_ (net)
                      0.127220    0.000240    3.384629 ^ _121_/D (sky130_fd_sc_hd__dfxtp_1)
                                              3.384629   data arrival time

                                 10.000000   10.000000   clock clk (rise edge)
                                  0.000000   10.000000   clock source latency
     1    0.016703    0.081030    0.055658   10.055658 ^ clk (in)
                                                         clk (net)
                      0.081043    0.000000   10.055658 ^ clkbuf_0_clk/A (sky130_fd_sc_hd__clkbuf_16)
     2    0.019009    0.041022    0.137499   10.193157 ^ clkbuf_0_clk/X (sky130_fd_sc_hd__clkbuf_16)
                                                         clknet_0_clk (net)
                      0.041035    0.000697   10.193854 ^ clkbuf_1_1__f_clk/A (sky130_fd_sc_hd__clkbuf_16)
     8    0.025897    0.047185    0.129078   10.322932 ^ clkbuf_1_1__f_clk/X (sky130_fd_sc_hd__clkbuf_16)
                                                         clknet_1_1__leaf_clk (net)
                      0.047241    0.001402   10.324334 ^ _121_/CLK (sky130_fd_sc_hd__dfxtp_1)
                                 -0.250000   10.074333   clock uncertainty
                                  0.000000   10.074333   clock reconvergence pessimism
                                 -0.072667   10.001666   library setup time
                                             10.001666   data required time
---------------------------------------------------------------------------------------------
                                             10.001666   data required time
                                             -3.384629   data arrival time
---------------------------------------------------------------------------------------------
                                              6.617038   slack (MET)


Startpoint: pc[13] (input port clocked by clk)
Endpoint: _125_ (rising edge-triggered flip-flop clocked by clk)
Path Group: clk
Path Type: max

Fanout         Cap        Slew       Delay        Time   Description
---------------------------------------------------------------------------------------------
                                  0.000000    0.000000   clock clk (rise edge)
                                  0.000000    0.000000   clock network delay (propagated)
                                  2.000000    2.000000 v input external delay
     1    0.002684    0.008348    0.004277    2.004277 v pc[13] (in)
                                                         pc[13] (net)
                      0.008354    0.000000    2.004277 v input4/A (sky130_fd_sc_hd__clkbuf_1)
     1    0.002844    0.026696    0.072309    2.076586 v input4/X (sky130_fd_sc_hd__clkbuf_1)
                                                         net4 (net)
                      0.026696    0.000113    2.076699 v _062_/A (sky130_fd_sc_hd__or4_1)
     2    0.008104    0.117719    0.557988    2.634687 v _062_/X (sky130_fd_sc_hd__or4_1)
                                                         _018_ (net)
                      0.117719    0.000546    2.635233 v _065_/C (sky130_fd_sc_hd__or4_4)
    10    0.036238    0.137235    0.581841    3.217074 v _065_/X (sky130_fd_sc_hd__or4_4)
                                                         _021_ (net)
                      0.137593    0.006047    3.223120 v _107_/B1 (sky130_fd_sc_hd__a21oi_1)
     1    0.003461    0.118636    0.154291    3.377411 ^ _107_/Y (sky130_fd_sc_hd__a21oi_1)
                                                         _009_ (net)
                      0.118636    0.000212    3.377623 ^ _125_/D (sky130_fd_sc_hd__dfxtp_1)
                                              3.377623   data arrival time

                                 10.000000   10.000000   clock clk (rise edge)
                                  0.000000   10.000000   clock source latency
     1    0.016703    0.081030    0.055658   10.055658 ^ clk (in)
                                                         clk (net)
                      0.081043    0.000000   10.055658 ^ clkbuf_0_clk/A (sky130_fd_sc_hd__clkbuf_16)
     2    0.019009    0.041022    0.137499   10.193157 ^ clkbuf_0_clk/X (sky130_fd_sc_hd__clkbuf_16)
                                                         clknet_0_clk (net)
                      0.041035    0.000697   10.193854 ^ clkbuf_1_1__f_clk/A (sky130_fd_sc_hd__clkbuf_16)
     8    0.025897    0.047185    0.129078   10.322932 ^ clkbuf_1_1__f_clk/X (sky130_fd_sc_hd__clkbuf_16)
                                                         clknet_1_1__leaf_clk (net)
                      0.047232    0.001295   10.324227 ^ _125_/CLK (sky130_fd_sc_hd__dfxtp_1)
                                 -0.250000   10.074227   clock uncertainty
                                  0.000000   10.074227   clock reconvergence pessimism
                                 -0.070685   10.003541   library setup time
                                             10.003541   data required time
---------------------------------------------------------------------------------------------
                                             10.003541   data required time
                                             -3.377623   data arrival time
---------------------------------------------------------------------------------------------
                                              6.625918   slack (MET)


Startpoint: pc[13] (input port clocked by clk)
Endpoint: _126_ (rising edge-triggered flip-flop clocked by clk)
Path Group: clk
Path Type: max

Fanout         Cap        Slew       Delay        Time   Description
---------------------------------------------------------------------------------------------
                                  0.000000    0.000000   clock clk (rise edge)
                                  0.000000    0.000000   clock network delay (propagated)
                                  2.000000    2.000000 v input external delay
     1    0.002684    0.008348    0.004277    2.004277 v pc[13] (in)
                                                         pc[13] (net)
                      0.008354    0.000000    2.004277 v input4/A (sky130_fd_sc_hd__clkbuf_1)
     1    0.002844    0.026696    0.072309    2.076586 v input4/X (sky130_fd_sc_hd__clkbuf_1)
                                                         net4 (net)
                      0.026696    0.000113    2.076699 v _062_/A (sky130_fd_sc_hd__or4_1)
     2    0.008104    0.117719    0.557988    2.634687 v _062_/X (sky130_fd_sc_hd__or4_1)
                                                         _018_ (net)
                      0.117719    0.000442    2.635129 v _064_/C (sky130_fd_sc_hd__nor4_1)
     2    0.007255    0.371659    0.366212    3.001341 ^ _064_/Y (sky130_fd_sc_hd__nor4_1)
                                                         _020_ (net)
                      0.371659    0.000377    3.001717 ^ max_cap32/A (sky130_fd_sc_hd__buf_1)
     3    0.010827    0.135051    0.194759    3.196476 ^ max_cap32/X (sky130_fd_sc_hd__buf_1)
                                                         net32 (net)
                      0.135052    0.000601    3.197077 ^ _108_/C1 (sky130_fd_sc_hd__o221a_1)
     1    0.003569    0.060532    0.190303    3.387380 ^ _108_/X (sky130_fd_sc_hd__o221a_1)
                                                         _010_ (net)
                      0.060532    0.000248    3.387629 ^ _126_/D (sky130_fd_sc_hd__dfxtp_1)
                                              3.387629   data arrival time

                                 10.000000   10.000000   clock clk (rise edge)
                                  0.000000   10.000000   clock source latency
     1    0.016703    0.081030    0.055658   10.055658 ^ clk (in)
                                                         clk (net)
                      0.081043    0.000000   10.055658 ^ clkbuf_0_clk/A (sky130_fd_sc_hd__clkbuf_16)
     2    0.019009    0.041022    0.137499   10.193157 ^ clkbuf_0_clk/X (sky130_fd_sc_hd__clkbuf_16)
                                                         clknet_0_clk (net)
                      0.041035    0.000756   10.193913 ^ clkbuf_1_0__f_clk/A (sky130_fd_sc_hd__clkbuf_16)
     7    0.031092    0.051902    0.133299   10.327211 ^ clkbuf_1_0__f_clk/X (sky130_fd_sc_hd__clkbuf_16)
                                                         clknet_1_0__leaf_clk (net)
                      0.051919    0.001666   10.328877 ^ _126_/CLK (sky130_fd_sc_hd__dfxtp_1)
                                 -0.250000   10.078877   clock uncertainty
                                  0.000000   10.078877   clock reconvergence pessimism
                                 -0.056590   10.022287   library setup time
                                             10.022287   data required time
---------------------------------------------------------------------------------------------
                                             10.022287   data required time
                                             -3.387629   data arrival time
---------------------------------------------------------------------------------------------
                                              6.634659   slack (MET)


Startpoint: pc[13] (input port clocked by clk)
Endpoint: _127_ (rising edge-triggered flip-flop clocked by clk)
Path Group: clk
Path Type: max

Fanout         Cap        Slew       Delay        Time   Description
---------------------------------------------------------------------------------------------
                                  0.000000    0.000000   clock clk (rise edge)
                                  0.000000    0.000000   clock network delay (propagated)
                                  2.000000    2.000000 v input external delay
     1    0.002684    0.008348    0.004277    2.004277 v pc[13] (in)
                                                         pc[13] (net)
                      0.008354    0.000000    2.004277 v input4/A (sky130_fd_sc_hd__clkbuf_1)
     1    0.002844    0.026696    0.072309    2.076586 v input4/X (sky130_fd_sc_hd__clkbuf_1)
                                                         net4 (net)
                      0.026696    0.000113    2.076699 v _062_/A (sky130_fd_sc_hd__or4_1)
     2    0.008104    0.117719    0.557988    2.634687 v _062_/X (sky130_fd_sc_hd__or4_1)
                                                         _018_ (net)
                      0.117719    0.000546    2.635233 v _065_/C (sky130_fd_sc_hd__or4_4)
    10    0.036238    0.137235    0.581841    3.217074 v _065_/X (sky130_fd_sc_hd__or4_4)
                                                         _021_ (net)
                      0.137534    0.005581    3.222655 v _110_/B1 (sky130_fd_sc_hd__a21oi_1)
     1    0.002997    0.110521    0.147687    3.370342 ^ _110_/Y (sky130_fd_sc_hd__a21oi_1)
                                                         _011_ (net)
                      0.110521    0.000219    3.370561 ^ _127_/D (sky130_fd_sc_hd__dfxtp_1)
                                              3.370561   data arrival time

                                 10.000000   10.000000   clock clk (rise edge)
                                  0.000000   10.000000   clock source latency
     1    0.016703    0.081030    0.055658   10.055658 ^ clk (in)
                                                         clk (net)
                      0.081043    0.000000   10.055658 ^ clkbuf_0_clk/A (sky130_fd_sc_hd__clkbuf_16)
     2    0.019009    0.041022    0.137499   10.193157 ^ clkbuf_0_clk/X (sky130_fd_sc_hd__clkbuf_16)
                                                         clknet_0_clk (net)
                      0.041035    0.000697   10.193854 ^ clkbuf_1_1__f_clk/A (sky130_fd_sc_hd__clkbuf_16)
     8    0.025897    0.047185    0.129078   10.322932 ^ clkbuf_1_1__f_clk/X (sky130_fd_sc_hd__clkbuf_16)
                                                         clknet_1_1__leaf_clk (net)
                      0.047235    0.001336   10.324268 ^ _127_/CLK (sky130_fd_sc_hd__dfxtp_1)
                                 -0.250000   10.074268   clock uncertainty
                                  0.000000   10.074268   clock reconvergence pessimism
                                 -0.068810   10.005458   library setup time
                                             10.005458   data required time
---------------------------------------------------------------------------------------------
                                             10.005458   data required time
                                             -3.370561   data arrival time
---------------------------------------------------------------------------------------------
                                              6.634897   slack (MET)


Startpoint: pc[13] (input port clocked by clk)
Endpoint: _120_ (rising edge-triggered flip-flop clocked by clk)
Path Group: clk
Path Type: max

Fanout         Cap        Slew       Delay        Time   Description
---------------------------------------------------------------------------------------------
                                  0.000000    0.000000   clock clk (rise edge)
                                  0.000000    0.000000   clock network delay (propagated)
                                  2.000000    2.000000 v input external delay
     1    0.002684    0.008348    0.004277    2.004277 v pc[13] (in)
                                                         pc[13] (net)
                      0.008354    0.000000    2.004277 v input4/A (sky130_fd_sc_hd__clkbuf_1)
     1    0.002844    0.026696    0.072309    2.076586 v input4/X (sky130_fd_sc_hd__clkbuf_1)
                                                         net4 (net)
                      0.026696    0.000113    2.076699 v _062_/A (sky130_fd_sc_hd__or4_1)
     2    0.008104    0.117719    0.557988    2.634687 v _062_/X (sky130_fd_sc_hd__or4_1)
                                                         _018_ (net)
                      0.117719    0.000546    2.635233 v _065_/C (sky130_fd_sc_hd__or4_4)
    10    0.036238    0.137235    0.581841    3.217074 v _065_/X (sky130_fd_sc_hd__or4_4)
                                                         _021_ (net)
                      0.137568    0.005849    3.222923 v _097_/B1 (sky130_fd_sc_hd__a21oi_1)
     1    0.002860    0.108151    0.145794    3.368717 ^ _097_/Y (sky130_fd_sc_hd__a21oi_1)
                                                         _004_ (net)
                      0.108151    0.000117    3.368834 ^ _120_/D (sky130_fd_sc_hd__dfxtp_1)
                                              3.368834   data arrival time

                                 10.000000   10.000000   clock clk (rise edge)
                                  0.000000   10.000000   clock source latency
     1    0.016703    0.081030    0.055658   10.055658 ^ clk (in)
                                                         clk (net)
                      0.081043    0.000000   10.055658 ^ clkbuf_0_clk/A (sky130_fd_sc_hd__clkbuf_16)
     2    0.019009    0.041022    0.137499   10.193157 ^ clkbuf_0_clk/X (sky130_fd_sc_hd__clkbuf_16)
                                                         clknet_0_clk (net)
                      0.041035    0.000697   10.193854 ^ clkbuf_1_1__f_clk/A (sky130_fd_sc_hd__clkbuf_16)
     8    0.025897    0.047185    0.129078   10.322932 ^ clkbuf_1_1__f_clk/X (sky130_fd_sc_hd__clkbuf_16)
                                                         clknet_1_1__leaf_clk (net)
                      0.047232    0.001300   10.324232 ^ _120_/CLK (sky130_fd_sc_hd__dfxtp_1)
                                 -0.250000   10.074232   clock uncertainty
                                  0.000000   10.074232   clock reconvergence pessimism
                                 -0.068263   10.005970   library setup time
                                             10.005970   data required time
---------------------------------------------------------------------------------------------
                                             10.005970   data required time
                                             -3.368834   data arrival time
---------------------------------------------------------------------------------------------
                                              6.637136   slack (MET)


Startpoint: pc[13] (input port clocked by clk)
Endpoint: _117_ (rising edge-triggered flip-flop clocked by clk)
Path Group: clk
Path Type: max

Fanout         Cap        Slew       Delay        Time   Description
---------------------------------------------------------------------------------------------
                                  0.000000    0.000000   clock clk (rise edge)
                                  0.000000    0.000000   clock network delay (propagated)
                                  2.000000    2.000000 v input external delay
     1    0.002684    0.008348    0.004277    2.004277 v pc[13] (in)
                                                         pc[13] (net)
                      0.008354    0.000000    2.004277 v input4/A (sky130_fd_sc_hd__clkbuf_1)
     1    0.002844    0.026696    0.072309    2.076586 v input4/X (sky130_fd_sc_hd__clkbuf_1)
                                                         net4 (net)
                      0.026696    0.000113    2.076699 v _062_/A (sky130_fd_sc_hd__or4_1)
     2    0.008104    0.117719    0.557988    2.634687 v _062_/X (sky130_fd_sc_hd__or4_1)
                                                         _018_ (net)
                      0.117719    0.000546    2.635233 v _065_/C (sky130_fd_sc_hd__or4_4)
    10    0.036238    0.137235    0.581841    3.217074 v _065_/X (sky130_fd_sc_hd__or4_4)
                                                         _021_ (net)
                      0.137382    0.004105    3.221179 v _079_/B1 (sky130_fd_sc_hd__a21oi_1)
     1    0.003212    0.114257    0.150683    3.371862 ^ _079_/Y (sky130_fd_sc_hd__a21oi_1)
                                                         _001_ (net)
                      0.114258    0.000216    3.372077 ^ _117_/D (sky130_fd_sc_hd__dfxtp_1)
                                              3.372077   data arrival time

                                 10.000000   10.000000   clock clk (rise edge)
                                  0.000000   10.000000   clock source latency
     1    0.016703    0.081030    0.055658   10.055658 ^ clk (in)
                                                         clk (net)
                      0.081043    0.000000   10.055658 ^ clkbuf_0_clk/A (sky130_fd_sc_hd__clkbuf_16)
     2    0.019009    0.041022    0.137499   10.193157 ^ clkbuf_0_clk/X (sky130_fd_sc_hd__clkbuf_16)
                                                         clknet_0_clk (net)
                      0.041035    0.000756   10.193913 ^ clkbuf_1_0__f_clk/A (sky130_fd_sc_hd__clkbuf_16)
     7    0.031092    0.051902    0.133299   10.327211 ^ clkbuf_1_0__f_clk/X (sky130_fd_sc_hd__clkbuf_16)
                                                         clknet_1_0__leaf_clk (net)
                      0.051965    0.002164   10.329375 ^ _117_/CLK (sky130_fd_sc_hd__dfxtp_1)
                                 -0.250000   10.079375   clock uncertainty
                                  0.000000   10.079375   clock reconvergence pessimism
                                 -0.068983   10.010392   library setup time
                                             10.010392   data required time
---------------------------------------------------------------------------------------------
                                             10.010392   data required time
                                             -3.372077   data arrival time
---------------------------------------------------------------------------------------------
                                              6.638315   slack (MET)


Startpoint: pc[13] (input port clocked by clk)
Endpoint: _118_ (rising edge-triggered flip-flop clocked by clk)
Path Group: clk
Path Type: max

Fanout         Cap        Slew       Delay        Time   Description
---------------------------------------------------------------------------------------------
                                  0.000000    0.000000   clock clk (rise edge)
                                  0.000000    0.000000   clock network delay (propagated)
                                  2.000000    2.000000 v input external delay
     1    0.002684    0.008348    0.004277    2.004277 v pc[13] (in)
                                                         pc[13] (net)
                      0.008354    0.000000    2.004277 v input4/A (sky130_fd_sc_hd__clkbuf_1)
     1    0.002844    0.026696    0.072309    2.076586 v input4/X (sky130_fd_sc_hd__clkbuf_1)
                                                         net4 (net)
                      0.026696    0.000113    2.076699 v _062_/A (sky130_fd_sc_hd__or4_1)
     2    0.008104    0.117719    0.557988    2.634687 v _062_/X (sky130_fd_sc_hd__or4_1)
                                                         _018_ (net)
                      0.117719    0.000546    2.635233 v _065_/C (sky130_fd_sc_hd__or4_4)
    10    0.036238    0.137235    0.581841    3.217074 v _065_/X (sky130_fd_sc_hd__or4_4)
                                                         _021_ (net)
                      0.137435    0.004680    3.221754 v _088_/B1 (sky130_fd_sc_hd__a21oi_1)
     1    0.003179    0.113694    0.150247    3.372001 ^ _088_/Y (sky130_fd_sc_hd__a21oi_1)
                                                         _002_ (net)
                      0.113694    0.000193    3.372193 ^ _118_/D (sky130_fd_sc_hd__dfxtp_1)
                                              3.372193   data arrival time

                                 10.000000   10.000000   clock clk (rise edge)
                                  0.000000   10.000000   clock source latency
     1    0.016703    0.081030    0.055658   10.055658 ^ clk (in)
                                                         clk (net)
                      0.081043    0.000000   10.055658 ^ clkbuf_0_clk/A (sky130_fd_sc_hd__clkbuf_16)
     2    0.019009    0.041022    0.137499   10.193157 ^ clkbuf_0_clk/X (sky130_fd_sc_hd__clkbuf_16)
                                                         clknet_0_clk (net)
                      0.041035    0.000756   10.193913 ^ clkbuf_1_0__f_clk/A (sky130_fd_sc_hd__clkbuf_16)
     7    0.031092    0.051902    0.133299   10.327211 ^ clkbuf_1_0__f_clk/X (sky130_fd_sc_hd__clkbuf_16)
                                                         clknet_1_0__leaf_clk (net)
                      0.051976    0.002280   10.329492 ^ _118_/CLK (sky130_fd_sc_hd__dfxtp_1)
                                 -0.250000   10.079492   clock uncertainty
                                  0.000000   10.079492   clock reconvergence pessimism
                                 -0.068851   10.010640   library setup time
                                             10.010640   data required time
---------------------------------------------------------------------------------------------
                                             10.010640   data required time
                                             -3.372193   data arrival time
---------------------------------------------------------------------------------------------
                                              6.638447   slack (MET)


Startpoint: pc[13] (input port clocked by clk)
Endpoint: _128_ (rising edge-triggered flip-flop clocked by clk)
Path Group: clk
Path Type: max

Fanout         Cap        Slew       Delay        Time   Description
---------------------------------------------------------------------------------------------
                                  0.000000    0.000000   clock clk (rise edge)
                                  0.000000    0.000000   clock network delay (propagated)
                                  2.000000    2.000000 v input external delay
     1    0.002684    0.008348    0.004277    2.004277 v pc[13] (in)
                                                         pc[13] (net)
                      0.008354    0.000000    2.004277 v input4/A (sky130_fd_sc_hd__clkbuf_1)
     1    0.002844    0.026696    0.072309    2.076586 v input4/X (sky130_fd_sc_hd__clkbuf_1)
                                                         net4 (net)
                      0.026696    0.000113    2.076699 v _062_/A (sky130_fd_sc_hd__or4_1)
     2    0.008104    0.117719    0.557988    2.634687 v _062_/X (sky130_fd_sc_hd__or4_1)
                                                         _018_ (net)
                      0.117719    0.000546    2.635233 v _065_/C (sky130_fd_sc_hd__or4_4)
    10    0.036238    0.137235    0.581841    3.217074 v _065_/X (sky130_fd_sc_hd__or4_4)
                                                         _021_ (net)
                      0.137295    0.002843    3.219916 v _113_/B1 (sky130_fd_sc_hd__a21oi_1)
     1    0.002816    0.107334    0.145048    3.364964 ^ _113_/Y (sky130_fd_sc_hd__a21oi_1)
                                                         _012_ (net)
                      0.107334    0.000176    3.365140 ^ _128_/D (sky130_fd_sc_hd__dfxtp_1)
                                              3.365140   data arrival time

                                 10.000000   10.000000   clock clk (rise edge)
                                  0.000000   10.000000   clock source latency
     1    0.016703    0.081030    0.055658   10.055658 ^ clk (in)
                                                         clk (net)
                      0.081043    0.000000   10.055658 ^ clkbuf_0_clk/A (sky130_fd_sc_hd__clkbuf_16)
     2    0.019009    0.041022    0.137499   10.193157 ^ clkbuf_0_clk/X (sky130_fd_sc_hd__clkbuf_16)
                                                         clknet_0_clk (net)
                      0.041035    0.000756   10.193913 ^ clkbuf_1_0__f_clk/A (sky130_fd_sc_hd__clkbuf_16)
     7    0.031092    0.051902    0.133299   10.327211 ^ clkbuf_1_0__f_clk/X (sky130_fd_sc_hd__clkbuf_16)
                                                         clknet_1_0__leaf_clk (net)
                      0.051959    0.002109   10.329320 ^ _128_/CLK (sky130_fd_sc_hd__dfxtp_1)
                                 -0.250000   10.079320   clock uncertainty
                                  0.000000   10.079320   clock reconvergence pessimism
                                 -0.067386   10.011933   library setup time
                                             10.011933   data required time
---------------------------------------------------------------------------------------------
                                             10.011933   data required time
                                             -3.365140   data arrival time
---------------------------------------------------------------------------------------------
                                              6.646793   slack (MET)


Startpoint: pc[13] (input port clocked by clk)
Endpoint: _124_ (rising edge-triggered flip-flop clocked by clk)
Path Group: clk
Path Type: max

Fanout         Cap        Slew       Delay        Time   Description
---------------------------------------------------------------------------------------------
                                  0.000000    0.000000   clock clk (rise edge)
                                  0.000000    0.000000   clock network delay (propagated)
                                  2.000000    2.000000 v input external delay
     1    0.002684    0.008348    0.004277    2.004277 v pc[13] (in)
                                                         pc[13] (net)
                      0.008354    0.000000    2.004277 v input4/A (sky130_fd_sc_hd__clkbuf_1)
     1    0.002844    0.026696    0.072309    2.076586 v input4/X (sky130_fd_sc_hd__clkbuf_1)
                                                         net4 (net)
                      0.026696    0.000113    2.076699 v _062_/A (sky130_fd_sc_hd__or4_1)
     2    0.008104    0.117719    0.557988    2.634687 v _062_/X (sky130_fd_sc_hd__or4_1)
                                                         _018_ (net)
                      0.117719    0.000442    2.635129 v _064_/C (sky130_fd_sc_hd__nor4_1)
     2    0.007255    0.371659    0.366212    3.001341 ^ _064_/Y (sky130_fd_sc_hd__nor4_1)
                                                         _020_ (net)
                      0.371659    0.000377    3.001717 ^ max_cap32/A (sky130_fd_sc_hd__buf_1)
     3    0.010827    0.135051    0.194759    3.196476 ^ max_cap32/X (sky130_fd_sc_hd__buf_1)
                                                         net32 (net)
                      0.135052    0.000630    3.197107 ^ _105_/C1 (sky130_fd_sc_hd__o211a_1)
     1    0.004214    0.052845    0.165082    3.362189 ^ _105_/X (sky130_fd_sc_hd__o211a_1)
                                                         _008_ (net)
                      0.052846    0.000298    3.362487 ^ _124_/D (sky130_fd_sc_hd__dfxtp_1)
                                              3.362487   data arrival time

                                 10.000000   10.000000   clock clk (rise edge)
                                  0.000000   10.000000   clock source latency
     1    0.016703    0.081030    0.055658   10.055658 ^ clk (in)
                                                         clk (net)
                      0.081043    0.000000   10.055658 ^ clkbuf_0_clk/A (sky130_fd_sc_hd__clkbuf_16)
     2    0.019009    0.041022    0.137499   10.193157 ^ clkbuf_0_clk/X (sky130_fd_sc_hd__clkbuf_16)
                                                         clknet_0_clk (net)
                      0.041035    0.000697   10.193854 ^ clkbuf_1_1__f_clk/A (sky130_fd_sc_hd__clkbuf_16)
     8    0.025897    0.047185    0.129078   10.322932 ^ clkbuf_1_1__f_clk/X (sky130_fd_sc_hd__clkbuf_16)
                                                         clknet_1_1__leaf_clk (net)
                      0.047244    0.001439   10.324371 ^ _124_/CLK (sky130_fd_sc_hd__dfxtp_1)
                                 -0.250000   10.074371   clock uncertainty
                                  0.000000   10.074371   clock reconvergence pessimism
                                 -0.055485   10.018887   library setup time
                                             10.018887   data required time
---------------------------------------------------------------------------------------------
                                             10.018887   data required time
                                             -3.362487   data arrival time
---------------------------------------------------------------------------------------------
                                              6.656400   slack (MET)


Startpoint: pc[13] (input port clocked by clk)
Endpoint: _122_ (rising edge-triggered flip-flop clocked by clk)
Path Group: clk
Path Type: max

Fanout         Cap        Slew       Delay        Time   Description
---------------------------------------------------------------------------------------------
                                  0.000000    0.000000   clock clk (rise edge)
                                  0.000000    0.000000   clock network delay (propagated)
                                  2.000000    2.000000 v input external delay
     1    0.002684    0.008348    0.004277    2.004277 v pc[13] (in)
                                                         pc[13] (net)
                      0.008354    0.000000    2.004277 v input4/A (sky130_fd_sc_hd__clkbuf_1)
     1    0.002844    0.026696    0.072309    2.076586 v input4/X (sky130_fd_sc_hd__clkbuf_1)
                                                         net4 (net)
                      0.026696    0.000113    2.076699 v _062_/A (sky130_fd_sc_hd__or4_1)
     2    0.008104    0.117719    0.557988    2.634687 v _062_/X (sky130_fd_sc_hd__or4_1)
                                                         _018_ (net)
                      0.117719    0.000442    2.635129 v _064_/C (sky130_fd_sc_hd__nor4_1)
     2    0.007255    0.371659    0.366212    3.001341 ^ _064_/Y (sky130_fd_sc_hd__nor4_1)
                                                         _020_ (net)
                      0.371659    0.000377    3.001717 ^ max_cap32/A (sky130_fd_sc_hd__buf_1)
     3    0.010827    0.135051    0.194759    3.196476 ^ max_cap32/X (sky130_fd_sc_hd__buf_1)
                                                         net32 (net)
                      0.135051    0.000415    3.196891 ^ _102_/B1 (sky130_fd_sc_hd__o21a_1)
     1    0.003197    0.045868    0.137650    3.334541 ^ _102_/X (sky130_fd_sc_hd__o21a_1)
                                                         _006_ (net)
                      0.045868    0.000234    3.334775 ^ _122_/D (sky130_fd_sc_hd__dfxtp_1)
                                              3.334775   data arrival time

                                 10.000000   10.000000   clock clk (rise edge)
                                  0.000000   10.000000   clock source latency
     1    0.016703    0.081030    0.055658   10.055658 ^ clk (in)
                                                         clk (net)
                      0.081043    0.000000   10.055658 ^ clkbuf_0_clk/A (sky130_fd_sc_hd__clkbuf_16)
     2    0.019009    0.041022    0.137499   10.193157 ^ clkbuf_0_clk/X (sky130_fd_sc_hd__clkbuf_16)
                                                         clknet_0_clk (net)
                      0.041035    0.000756   10.193913 ^ clkbuf_1_0__f_clk/A (sky130_fd_sc_hd__clkbuf_16)
     7    0.031092    0.051902    0.133299   10.327211 ^ clkbuf_1_0__f_clk/X (sky130_fd_sc_hd__clkbuf_16)
                                                         clknet_1_0__leaf_clk (net)
                      0.051918    0.001616   10.328827 ^ _122_/CLK (sky130_fd_sc_hd__dfxtp_1)
                                 -0.250000   10.078827   clock uncertainty
                                  0.000000   10.078827   clock reconvergence pessimism
                                 -0.053206   10.025620   library setup time
                                             10.025620   data required time
---------------------------------------------------------------------------------------------
                                             10.025620   data required time
                                             -3.334775   data arrival time
---------------------------------------------------------------------------------------------
                                              6.690845   slack (MET)


Startpoint: _122_ (rising edge-triggered flip-flop clocked by clk)
Endpoint: instruction[7] (output port clocked by clk)
Path Group: clk
Path Type: max

Fanout         Cap        Slew       Delay        Time   Description
---------------------------------------------------------------------------------------------
                                  0.000000    0.000000   clock clk (rise edge)
                                  0.000000    0.000000   clock source latency
     1    0.016703    0.081030    0.055658    0.055658 ^ clk (in)
                                                         clk (net)
                      0.081043    0.000000    0.055658 ^ clkbuf_0_clk/A (sky130_fd_sc_hd__clkbuf_16)
     2    0.019009    0.041022    0.137499    0.193157 ^ clkbuf_0_clk/X (sky130_fd_sc_hd__clkbuf_16)
                                                         clknet_0_clk (net)
                      0.041035    0.000756    0.193913 ^ clkbuf_1_0__f_clk/A (sky130_fd_sc_hd__clkbuf_16)
     7    0.031092    0.051902    0.133298    0.327211 ^ clkbuf_1_0__f_clk/X (sky130_fd_sc_hd__clkbuf_16)
                                                         clknet_1_0__leaf_clk (net)
                      0.051918    0.001615    0.328827 ^ _122_/CLK (sky130_fd_sc_hd__dfxtp_1)
     2    0.008606    0.090577    0.340399    0.669225 ^ _122_/Q (sky130_fd_sc_hd__dfxtp_1)
                                                         net22 (net)
                      0.090579    0.000583    0.669808 ^ _131_/A (sky130_fd_sc_hd__clkbuf_1)
     1    0.003556    0.052580    0.099275    0.769083 ^ _131_/X (sky130_fd_sc_hd__clkbuf_1)
                                                         net29 (net)
                      0.052580    0.000266    0.769349 ^ output29/A (sky130_fd_sc_hd__buf_2)
     1    0.034739    0.172483    0.201697    0.971046 ^ output29/X (sky130_fd_sc_hd__buf_2)
                                                         instruction[7] (net)
                      0.172559    0.001714    0.972760 ^ instruction[7] (out)
                                              0.972760   data arrival time

                                 10.000000   10.000000   clock clk (rise edge)
                                  0.000000   10.000000   clock network delay (propagated)
                                 -0.250000    9.750000   clock uncertainty
                                  0.000000    9.750000   clock reconvergence pessimism
                                 -2.000000    7.750000   output external delay
                                              7.750000   data required time
---------------------------------------------------------------------------------------------
                                              7.750000   data required time
                                             -0.972760   data arrival time
---------------------------------------------------------------------------------------------
                                              6.777239   slack (MET)


Startpoint: _124_ (rising edge-triggered flip-flop clocked by clk)
Endpoint: instruction[5] (output port clocked by clk)
Path Group: clk
Path Type: max

Fanout         Cap        Slew       Delay        Time   Description
---------------------------------------------------------------------------------------------
                                  0.000000    0.000000   clock clk (rise edge)
                                  0.000000    0.000000   clock source latency
     1    0.016703    0.081030    0.055658    0.055658 ^ clk (in)
                                                         clk (net)
                      0.081043    0.000000    0.055658 ^ clkbuf_0_clk/A (sky130_fd_sc_hd__clkbuf_16)
     2    0.019009    0.041022    0.137499    0.193157 ^ clkbuf_0_clk/X (sky130_fd_sc_hd__clkbuf_16)
                                                         clknet_0_clk (net)
                      0.041035    0.000697    0.193854 ^ clkbuf_1_1__f_clk/A (sky130_fd_sc_hd__clkbuf_16)
     8    0.025897    0.047185    0.129079    0.322932 ^ clkbuf_1_1__f_clk/X (sky130_fd_sc_hd__clkbuf_16)
                                                         clknet_1_1__leaf_clk (net)
                      0.047244    0.001438    0.324371 ^ _124_/CLK (sky130_fd_sc_hd__dfxtp_1)
     2    0.009279    0.096412    0.343056    0.667427 ^ _124_/Q (sky130_fd_sc_hd__dfxtp_1)
                                                         net31 (net)
                      0.096415    0.000633    0.668060 ^ _130_/A (sky130_fd_sc_hd__clkbuf_1)
     1    0.003524    0.052287    0.100571    0.768631 ^ _130_/X (sky130_fd_sc_hd__clkbuf_1)
                                                         net27 (net)
                      0.052287    0.000260    0.768891 ^ output27/A (sky130_fd_sc_hd__buf_2)
     1    0.034444    0.171100    0.200644    0.969536 ^ output27/X (sky130_fd_sc_hd__buf_2)
                                                         instruction[5] (net)
                      0.171173    0.001661    0.971197 ^ instruction[5] (out)
                                              0.971197   data arrival time

                                 10.000000   10.000000   clock clk (rise edge)
                                  0.000000   10.000000   clock network delay (propagated)
                                 -0.250000    9.750000   clock uncertainty
                                  0.000000    9.750000   clock reconvergence pessimism
                                 -2.000000    7.750000   output external delay
                                              7.750000   data required time
---------------------------------------------------------------------------------------------
                                              7.750000   data required time
                                             -0.971197   data arrival time
---------------------------------------------------------------------------------------------
                                              6.778803   slack (MET)


Startpoint: pc[13] (input port clocked by clk)
Endpoint: _119_ (rising edge-triggered flip-flop clocked by clk)
Path Group: clk
Path Type: max

Fanout         Cap        Slew       Delay        Time   Description
---------------------------------------------------------------------------------------------
                                  0.000000    0.000000   clock clk (rise edge)
                                  0.000000    0.000000   clock network delay (propagated)
                                  2.000000    2.000000 v input external delay
     1    0.002684    0.008348    0.004277    2.004277 v pc[13] (in)
                                                         pc[13] (net)
                      0.008354    0.000000    2.004277 v input4/A (sky130_fd_sc_hd__clkbuf_1)
     1    0.002844    0.026696    0.072309    2.076586 v input4/X (sky130_fd_sc_hd__clkbuf_1)
                                                         net4 (net)
                      0.026696    0.000113    2.076699 v _062_/A (sky130_fd_sc_hd__or4_1)
     2    0.008104    0.117719    0.557988    2.634687 v _062_/X (sky130_fd_sc_hd__or4_1)
                                                         _018_ (net)
                      0.117719    0.000442    2.635129 v _064_/C (sky130_fd_sc_hd__nor4_1)
     2    0.007255    0.371659    0.366212    3.001341 ^ _064_/Y (sky130_fd_sc_hd__nor4_1)
                                                         _020_ (net)
                      0.371659    0.000313    3.001654 ^ _094_/B1 (sky130_fd_sc_hd__o31a_1)
     1    0.003905    0.059358    0.205817    3.207471 ^ _094_/X (sky130_fd_sc_hd__o31a_1)
                                                         _003_ (net)
                      0.059358    0.000276    3.207747 ^ _119_/D (sky130_fd_sc_hd__dfxtp_1)
                                              3.207747   data arrival time

                                 10.000000   10.000000   clock clk (rise edge)
                                  0.000000   10.000000   clock source latency
     1    0.016703    0.081030    0.055658   10.055658 ^ clk (in)
                                                         clk (net)
                      0.081043    0.000000   10.055658 ^ clkbuf_0_clk/A (sky130_fd_sc_hd__clkbuf_16)
     2    0.019009    0.041022    0.137499   10.193157 ^ clkbuf_0_clk/X (sky130_fd_sc_hd__clkbuf_16)
                                                         clknet_0_clk (net)
                      0.041035    0.000756   10.193913 ^ clkbuf_1_0__f_clk/A (sky130_fd_sc_hd__clkbuf_16)
     7    0.031092    0.051902    0.133299   10.327211 ^ clkbuf_1_0__f_clk/X (sky130_fd_sc_hd__clkbuf_16)
                                                         clknet_1_0__leaf_clk (net)
                      0.051917    0.001585   10.328795 ^ _119_/CLK (sky130_fd_sc_hd__dfxtp_1)
                                 -0.250000   10.078795   clock uncertainty
                                  0.000000   10.078795   clock reconvergence pessimism
                                 -0.056320   10.022476   library setup time
                                             10.022476   data required time
---------------------------------------------------------------------------------------------
                                             10.022476   data required time
                                             -3.207747   data arrival time
---------------------------------------------------------------------------------------------
                                              6.814729   slack (MET)


Startpoint: _125_ (rising edge-triggered flip-flop clocked by clk)
Endpoint: instruction[10] (output port clocked by clk)
Path Group: clk
Path Type: max

Fanout         Cap        Slew       Delay        Time   Description
---------------------------------------------------------------------------------------------
                                  0.000000    0.000000   clock clk (rise edge)
                                  0.000000    0.000000   clock source latency
     1    0.016703    0.081030    0.055658    0.055658 ^ clk (in)
                                                         clk (net)
                      0.081043    0.000000    0.055658 ^ clkbuf_0_clk/A (sky130_fd_sc_hd__clkbuf_16)
     2    0.019009    0.041022    0.137499    0.193157 ^ clkbuf_0_clk/X (sky130_fd_sc_hd__clkbuf_16)
                                                         clknet_0_clk (net)
                      0.041035    0.000697    0.193854 ^ clkbuf_1_1__f_clk/A (sky130_fd_sc_hd__clkbuf_16)
     8    0.025897    0.047185    0.129079    0.322932 ^ clkbuf_1_1__f_clk/X (sky130_fd_sc_hd__clkbuf_16)
                                                         clknet_1_1__leaf_clk (net)
                      0.047232    0.001295    0.324227 ^ _125_/CLK (sky130_fd_sc_hd__dfxtp_1)
     1    0.010209    0.104744    0.349064    0.673291 ^ _125_/Q (sky130_fd_sc_hd__dfxtp_1)
                                                         net17 (net)
                      0.104746    0.000695    0.673987 ^ output17/A (sky130_fd_sc_hd__buf_2)
     1    0.034129    0.170015    0.218941    0.892928 ^ output17/X (sky130_fd_sc_hd__buf_2)
                                                         instruction[10] (net)
                      0.170088    0.001654    0.894582 ^ instruction[10] (out)
                                              0.894582   data arrival time

                                 10.000000   10.000000   clock clk (rise edge)
                                  0.000000   10.000000   clock network delay (propagated)
                                 -0.250000    9.750000   clock uncertainty
                                  0.000000    9.750000   clock reconvergence pessimism
                                 -2.000000    7.750000   output external delay
                                              7.750000   data required time
---------------------------------------------------------------------------------------------
                                              7.750000   data required time
                                             -0.894582   data arrival time
---------------------------------------------------------------------------------------------
                                              6.855418   slack (MET)


Startpoint: _129_ (rising edge-triggered flip-flop clocked by clk)
Endpoint: instruction[14] (output port clocked by clk)
Path Group: clk
Path Type: max

Fanout         Cap        Slew       Delay        Time   Description
---------------------------------------------------------------------------------------------
                                  0.000000    0.000000   clock clk (rise edge)
                                  0.000000    0.000000   clock source latency
     1    0.016703    0.081030    0.055658    0.055658 ^ clk (in)
                                                         clk (net)
                      0.081043    0.000000    0.055658 ^ clkbuf_0_clk/A (sky130_fd_sc_hd__clkbuf_16)
     2    0.019009    0.041022    0.137499    0.193157 ^ clkbuf_0_clk/X (sky130_fd_sc_hd__clkbuf_16)
                                                         clknet_0_clk (net)
                      0.041035    0.000697    0.193854 ^ clkbuf_1_1__f_clk/A (sky130_fd_sc_hd__clkbuf_16)
     8    0.025897    0.047185    0.129079    0.322932 ^ clkbuf_1_1__f_clk/X (sky130_fd_sc_hd__clkbuf_16)
                                                         clknet_1_1__leaf_clk (net)
                      0.047234    0.001327    0.324260 ^ _129_/CLK (sky130_fd_sc_hd__dfxtp_1)
     1    0.009832    0.101355    0.346661    0.670920 ^ _129_/Q (sky130_fd_sc_hd__dfxtp_1)
                                                         net21 (net)
                      0.101357    0.000649    0.671569 ^ output21/A (sky130_fd_sc_hd__buf_2)
     1    0.034050    0.169625    0.217453    0.889022 ^ output21/X (sky130_fd_sc_hd__buf_2)
                                                         instruction[14] (net)
                      0.169697    0.001619    0.890641 ^ instruction[14] (out)
                                              0.890641   data arrival time

                                 10.000000   10.000000   clock clk (rise edge)
                                  0.000000   10.000000   clock network delay (propagated)
                                 -0.250000    9.750000   clock uncertainty
                                  0.000000    9.750000   clock reconvergence pessimism
                                 -2.000000    7.750000   output external delay
                                              7.750000   data required time
---------------------------------------------------------------------------------------------
                                              7.750000   data required time
                                             -0.890641   data arrival time
---------------------------------------------------------------------------------------------
                                              6.859359   slack (MET)


Startpoint: _127_ (rising edge-triggered flip-flop clocked by clk)
Endpoint: instruction[12] (output port clocked by clk)
Path Group: clk
Path Type: max

Fanout         Cap        Slew       Delay        Time   Description
---------------------------------------------------------------------------------------------
                                  0.000000    0.000000   clock clk (rise edge)
                                  0.000000    0.000000   clock source latency
     1    0.016703    0.081030    0.055658    0.055658 ^ clk (in)
                                                         clk (net)
                      0.081043    0.000000    0.055658 ^ clkbuf_0_clk/A (sky130_fd_sc_hd__clkbuf_16)
     2    0.019009    0.041022    0.137499    0.193157 ^ clkbuf_0_clk/X (sky130_fd_sc_hd__clkbuf_16)
                                                         clknet_0_clk (net)
                      0.041035    0.000697    0.193854 ^ clkbuf_1_1__f_clk/A (sky130_fd_sc_hd__clkbuf_16)
     8    0.025897    0.047185    0.129079    0.322932 ^ clkbuf_1_1__f_clk/X (sky130_fd_sc_hd__clkbuf_16)
                                                         clknet_1_1__leaf_clk (net)
                      0.047235    0.001335    0.324268 ^ _127_/CLK (sky130_fd_sc_hd__dfxtp_1)
     1    0.009722    0.100369    0.345964    0.670232 ^ _127_/Q (sky130_fd_sc_hd__dfxtp_1)
                                                         net19 (net)
                      0.100371    0.000629    0.670861 ^ output19/A (sky130_fd_sc_hd__buf_2)
     1    0.034089    0.169804    0.217205    0.888067 ^ output19/X (sky130_fd_sc_hd__buf_2)
                                                         instruction[12] (net)
                      0.169878    0.001642    0.889708 ^ instruction[12] (out)
                                              0.889708   data arrival time

                                 10.000000   10.000000   clock clk (rise edge)
                                  0.000000   10.000000   clock network delay (propagated)
                                 -0.250000    9.750000   clock uncertainty
                                  0.000000    9.750000   clock reconvergence pessimism
                                 -2.000000    7.750000   output external delay
                                              7.750000   data required time
---------------------------------------------------------------------------------------------
                                              7.750000   data required time
                                             -0.889708   data arrival time
---------------------------------------------------------------------------------------------
                                              6.860291   slack (MET)


Startpoint: _121_ (rising edge-triggered flip-flop clocked by clk)
Endpoint: instruction[6] (output port clocked by clk)
Path Group: clk
Path Type: max

Fanout         Cap        Slew       Delay        Time   Description
---------------------------------------------------------------------------------------------
                                  0.000000    0.000000   clock clk (rise edge)
                                  0.000000    0.000000   clock source latency
     1    0.016703    0.081030    0.055658    0.055658 ^ clk (in)
                                                         clk (net)
                      0.081043    0.000000    0.055658 ^ clkbuf_0_clk/A (sky130_fd_sc_hd__clkbuf_16)
     2    0.019009    0.041022    0.137499    0.193157 ^ clkbuf_0_clk/X (sky130_fd_sc_hd__clkbuf_16)
                                                         clknet_0_clk (net)
                      0.041035    0.000697    0.193854 ^ clkbuf_1_1__f_clk/A (sky130_fd_sc_hd__clkbuf_16)
     8    0.025897    0.047185    0.129079    0.322932 ^ clkbuf_1_1__f_clk/X (sky130_fd_sc_hd__clkbuf_16)
                                                         clknet_1_1__leaf_clk (net)
                      0.047241    0.001402    0.324334 ^ _121_/CLK (sky130_fd_sc_hd__dfxtp_1)
     1    0.009698    0.100158    0.345804    0.670138 ^ _121_/Q (sky130_fd_sc_hd__dfxtp_1)
                                                         net28 (net)
                      0.100161    0.000649    0.670786 ^ output28/A (sky130_fd_sc_hd__buf_2)
     1    0.034105    0.169879    0.217181    0.887967 ^ output28/X (sky130_fd_sc_hd__buf_2)
                                                         instruction[6] (net)
                      0.169953    0.001643    0.889610 ^ instruction[6] (out)
                                              0.889610   data arrival time

                                 10.000000   10.000000   clock clk (rise edge)
                                  0.000000   10.000000   clock network delay (propagated)
                                 -0.250000    9.750000   clock uncertainty
                                  0.000000    9.750000   clock reconvergence pessimism
                                 -2.000000    7.750000   output external delay
                                              7.750000   data required time
---------------------------------------------------------------------------------------------
                                              7.750000   data required time
                                             -0.889610   data arrival time
---------------------------------------------------------------------------------------------
                                              6.860390   slack (MET)


Startpoint: _123_ (rising edge-triggered flip-flop clocked by clk)
Endpoint: instruction[8] (output port clocked by clk)
Path Group: clk
Path Type: max

Fanout         Cap        Slew       Delay        Time   Description
---------------------------------------------------------------------------------------------
                                  0.000000    0.000000   clock clk (rise edge)
                                  0.000000    0.000000   clock source latency
     1    0.016703    0.081030    0.055658    0.055658 ^ clk (in)
                                                         clk (net)
                      0.081043    0.000000    0.055658 ^ clkbuf_0_clk/A (sky130_fd_sc_hd__clkbuf_16)
     2    0.019009    0.041022    0.137499    0.193157 ^ clkbuf_0_clk/X (sky130_fd_sc_hd__clkbuf_16)
                                                         clknet_0_clk (net)
                      0.041035    0.000697    0.193854 ^ clkbuf_1_1__f_clk/A (sky130_fd_sc_hd__clkbuf_16)
     8    0.025897    0.047185    0.129079    0.322932 ^ clkbuf_1_1__f_clk/X (sky130_fd_sc_hd__clkbuf_16)
                                                         clknet_1_1__leaf_clk (net)
                      0.047248    0.001480    0.324412 ^ _123_/CLK (sky130_fd_sc_hd__dfxtp_1)
     1    0.009673    0.099935    0.345629    0.670041 ^ _123_/Q (sky130_fd_sc_hd__dfxtp_1)
                                                         net30 (net)
                      0.099937    0.000649    0.670689 ^ output30/A (sky130_fd_sc_hd__buf_2)
     1    0.034116    0.169926    0.217135    0.887824 ^ output30/X (sky130_fd_sc_hd__buf_2)
                                                         instruction[8] (net)
                      0.169999    0.001641    0.889465 ^ instruction[8] (out)
                                              0.889465   data arrival time

                                 10.000000   10.000000   clock clk (rise edge)
                                  0.000000   10.000000   clock network delay (propagated)
                                 -0.250000    9.750000   clock uncertainty
                                  0.000000    9.750000   clock reconvergence pessimism
                                 -2.000000    7.750000   output external delay
                                              7.750000   data required time
---------------------------------------------------------------------------------------------
                                              7.750000   data required time
                                             -0.889465   data arrival time
---------------------------------------------------------------------------------------------
                                              6.860535   slack (MET)


Startpoint: _124_ (rising edge-triggered flip-flop clocked by clk)
Endpoint: instruction[9] (output port clocked by clk)
Path Group: clk
Path Type: max

Fanout         Cap        Slew       Delay        Time   Description
---------------------------------------------------------------------------------------------
                                  0.000000    0.000000   clock clk (rise edge)
                                  0.000000    0.000000   clock source latency
     1    0.016703    0.081030    0.055658    0.055658 ^ clk (in)
                                                         clk (net)
                      0.081043    0.000000    0.055658 ^ clkbuf_0_clk/A (sky130_fd_sc_hd__clkbuf_16)
     2    0.019009    0.041022    0.137499    0.193157 ^ clkbuf_0_clk/X (sky130_fd_sc_hd__clkbuf_16)
                                                         clknet_0_clk (net)
                      0.041035    0.000697    0.193854 ^ clkbuf_1_1__f_clk/A (sky130_fd_sc_hd__clkbuf_16)
     8    0.025897    0.047185    0.129079    0.322932 ^ clkbuf_1_1__f_clk/X (sky130_fd_sc_hd__clkbuf_16)
                                                         clknet_1_1__leaf_clk (net)
                      0.047244    0.001438    0.324371 ^ _124_/CLK (sky130_fd_sc_hd__dfxtp_1)
     2    0.009279    0.096412    0.343056    0.667427 ^ _124_/Q (sky130_fd_sc_hd__dfxtp_1)
                                                         net31 (net)
                      0.096415    0.000664    0.668091 ^ output31/A (sky130_fd_sc_hd__buf_2)
     1    0.034444    0.171441    0.216919    0.885010 ^ output31/X (sky130_fd_sc_hd__buf_2)
                                                         instruction[9] (net)
                      0.171515    0.001661    0.886671 ^ instruction[9] (out)
                                              0.886671   data arrival time

                                 10.000000   10.000000   clock clk (rise edge)
                                  0.000000   10.000000   clock network delay (propagated)
                                 -0.250000    9.750000   clock uncertainty
                                  0.000000    9.750000   clock reconvergence pessimism
                                 -2.000000    7.750000   output external delay
                                              7.750000   data required time
---------------------------------------------------------------------------------------------
                                              7.750000   data required time
                                             -0.886671   data arrival time
---------------------------------------------------------------------------------------------
                                              6.863329   slack (MET)


Startpoint: _122_ (rising edge-triggered flip-flop clocked by clk)
Endpoint: instruction[15] (output port clocked by clk)
Path Group: clk
Path Type: max

Fanout         Cap        Slew       Delay        Time   Description
---------------------------------------------------------------------------------------------
                                  0.000000    0.000000   clock clk (rise edge)
                                  0.000000    0.000000   clock source latency
     1    0.016703    0.081030    0.055658    0.055658 ^ clk (in)
                                                         clk (net)
                      0.081043    0.000000    0.055658 ^ clkbuf_0_clk/A (sky130_fd_sc_hd__clkbuf_16)
     2    0.019009    0.041022    0.137499    0.193157 ^ clkbuf_0_clk/X (sky130_fd_sc_hd__clkbuf_16)
                                                         clknet_0_clk (net)
                      0.041035    0.000756    0.193913 ^ clkbuf_1_0__f_clk/A (sky130_fd_sc_hd__clkbuf_16)
     7    0.031092    0.051902    0.133298    0.327211 ^ clkbuf_1_0__f_clk/X (sky130_fd_sc_hd__clkbuf_16)
                                                         clknet_1_0__leaf_clk (net)
                      0.051918    0.001615    0.328827 ^ _122_/CLK (sky130_fd_sc_hd__dfxtp_1)
     2    0.008606    0.090577    0.340399    0.669225 ^ _122_/Q (sky130_fd_sc_hd__dfxtp_1)
                                                         net22 (net)
                      0.090579    0.000615    0.669840 ^ output22/A (sky130_fd_sc_hd__buf_2)
     1    0.034480    0.171578    0.214878    0.884719 ^ output22/X (sky130_fd_sc_hd__buf_2)
                                                         instruction[15] (net)
                      0.171652    0.001668    0.886387 ^ instruction[15] (out)
                                              0.886387   data arrival time

                                 10.000000   10.000000   clock clk (rise edge)
                                  0.000000   10.000000   clock network delay (propagated)
                                 -0.250000    9.750000   clock uncertainty
                                  0.000000    9.750000   clock reconvergence pessimism
                                 -2.000000    7.750000   output external delay
                                              7.750000   data required time
---------------------------------------------------------------------------------------------
                                              7.750000   data required time
                                             -0.886387   data arrival time
---------------------------------------------------------------------------------------------
                                              6.863613   slack (MET)


Startpoint: _117_ (rising edge-triggered flip-flop clocked by clk)
Endpoint: instruction[1] (output port clocked by clk)
Path Group: clk
Path Type: max

Fanout         Cap        Slew       Delay        Time   Description
---------------------------------------------------------------------------------------------
                                  0.000000    0.000000   clock clk (rise edge)
                                  0.000000    0.000000   clock source latency
     1    0.016703    0.081030    0.055658    0.055658 ^ clk (in)
                                                         clk (net)
                      0.081043    0.000000    0.055658 ^ clkbuf_0_clk/A (sky130_fd_sc_hd__clkbuf_16)
     2    0.019009    0.041022    0.137499    0.193157 ^ clkbuf_0_clk/X (sky130_fd_sc_hd__clkbuf_16)
                                                         clknet_0_clk (net)
                      0.041035    0.000756    0.193913 ^ clkbuf_1_0__f_clk/A (sky130_fd_sc_hd__clkbuf_16)
     7    0.031092    0.051902    0.133298    0.327211 ^ clkbuf_1_0__f_clk/X (sky130_fd_sc_hd__clkbuf_16)
                                                         clknet_1_0__leaf_clk (net)
                      0.051965    0.002163    0.329375 ^ _117_/CLK (sky130_fd_sc_hd__dfxtp_1)
     1    0.007535    0.081300    0.333424    0.662799 ^ _117_/Q (sky130_fd_sc_hd__dfxtp_1)
                                                         net23 (net)
                      0.081302    0.000550    0.663348 ^ output23/A (sky130_fd_sc_hd__buf_2)
     1    0.034449    0.171369    0.211397    0.874745 ^ output23/X (sky130_fd_sc_hd__buf_2)
                                                         instruction[1] (net)
                      0.171441    0.001613    0.876358 ^ instruction[1] (out)
                                              0.876358   data arrival time

                                 10.000000   10.000000   clock clk (rise edge)
                                  0.000000   10.000000   clock network delay (propagated)
                                 -0.250000    9.750000   clock uncertainty
                                  0.000000    9.750000   clock reconvergence pessimism
                                 -2.000000    7.750000   output external delay
                                              7.750000   data required time
---------------------------------------------------------------------------------------------
                                              7.750000   data required time
                                             -0.876358   data arrival time
---------------------------------------------------------------------------------------------
                                              6.873641   slack (MET)


Startpoint: _118_ (rising edge-triggered flip-flop clocked by clk)
Endpoint: instruction[2] (output port clocked by clk)
Path Group: clk
Path Type: max

Fanout         Cap        Slew       Delay        Time   Description
---------------------------------------------------------------------------------------------
                                  0.000000    0.000000   clock clk (rise edge)
                                  0.000000    0.000000   clock source latency
     1    0.016703    0.081030    0.055658    0.055658 ^ clk (in)
                                                         clk (net)
                      0.081043    0.000000    0.055658 ^ clkbuf_0_clk/A (sky130_fd_sc_hd__clkbuf_16)
     2    0.019009    0.041022    0.137499    0.193157 ^ clkbuf_0_clk/X (sky130_fd_sc_hd__clkbuf_16)
                                                         clknet_0_clk (net)
                      0.041035    0.000756    0.193913 ^ clkbuf_1_0__f_clk/A (sky130_fd_sc_hd__clkbuf_16)
     7    0.031092    0.051902    0.133298    0.327211 ^ clkbuf_1_0__f_clk/X (sky130_fd_sc_hd__clkbuf_16)
                                                         clknet_1_0__leaf_clk (net)
                      0.051976    0.002279    0.329491 ^ _118_/CLK (sky130_fd_sc_hd__dfxtp_1)
     1    0.007040    0.076955    0.330188    0.659679 ^ _118_/Q (sky130_fd_sc_hd__dfxtp_1)
                                                         net24 (net)
                      0.076957    0.000513    0.660192 ^ output24/A (sky130_fd_sc_hd__buf_2)
     1    0.034449    0.171344    0.209796    0.869987 ^ output24/X (sky130_fd_sc_hd__buf_2)
                                                         instruction[2] (net)
                      0.171416    0.001613    0.871601 ^ instruction[2] (out)
                                              0.871601   data arrival time

                                 10.000000   10.000000   clock clk (rise edge)
                                  0.000000   10.000000   clock network delay (propagated)
                                 -0.250000    9.750000   clock uncertainty
                                  0.000000    9.750000   clock reconvergence pessimism
                                 -2.000000    7.750000   output external delay
                                              7.750000   data required time
---------------------------------------------------------------------------------------------
                                              7.750000   data required time
                                             -0.871601   data arrival time
---------------------------------------------------------------------------------------------
                                              6.878399   slack (MET)


Startpoint: _126_ (rising edge-triggered flip-flop clocked by clk)
Endpoint: instruction[11] (output port clocked by clk)
Path Group: clk
Path Type: max

Fanout         Cap        Slew       Delay        Time   Description
---------------------------------------------------------------------------------------------
                                  0.000000    0.000000   clock clk (rise edge)
                                  0.000000    0.000000   clock source latency
     1    0.016703    0.081030    0.055658    0.055658 ^ clk (in)
                                                         clk (net)
                      0.081043    0.000000    0.055658 ^ clkbuf_0_clk/A (sky130_fd_sc_hd__clkbuf_16)
     2    0.019009    0.041022    0.137499    0.193157 ^ clkbuf_0_clk/X (sky130_fd_sc_hd__clkbuf_16)
                                                         clknet_0_clk (net)
                      0.041035    0.000756    0.193913 ^ clkbuf_1_0__f_clk/A (sky130_fd_sc_hd__clkbuf_16)
     7    0.031092    0.051902    0.133298    0.327211 ^ clkbuf_1_0__f_clk/X (sky130_fd_sc_hd__clkbuf_16)
                                                         clknet_1_0__leaf_clk (net)
                      0.051919    0.001666    0.328877 ^ _126_/CLK (sky130_fd_sc_hd__dfxtp_1)
     1    0.006920    0.075898    0.329367    0.658245 ^ _126_/Q (sky130_fd_sc_hd__dfxtp_1)
                                                         net18 (net)
                      0.075900    0.000510    0.658755 ^ output18/A (sky130_fd_sc_hd__buf_2)
     1    0.034444    0.171325    0.209358    0.868114 ^ output18/X (sky130_fd_sc_hd__buf_2)
                                                         instruction[11] (net)
                      0.171399    0.001661    0.869775 ^ instruction[11] (out)
                                              0.869775   data arrival time

                                 10.000000   10.000000   clock clk (rise edge)
                                  0.000000   10.000000   clock network delay (propagated)
                                 -0.250000    9.750000   clock uncertainty
                                  0.000000    9.750000   clock reconvergence pessimism
                                 -2.000000    7.750000   output external delay
                                              7.750000   data required time
---------------------------------------------------------------------------------------------
                                              7.750000   data required time
                                             -0.869775   data arrival time
---------------------------------------------------------------------------------------------
                                              6.880226   slack (MET)


Startpoint: _116_ (rising edge-triggered flip-flop clocked by clk)
Endpoint: instruction[0] (output port clocked by clk)
Path Group: clk
Path Type: max

Fanout         Cap        Slew       Delay        Time   Description
---------------------------------------------------------------------------------------------
                                  0.000000    0.000000   clock clk (rise edge)
                                  0.000000    0.000000   clock source latency
     1    0.016703    0.081030    0.055658    0.055658 ^ clk (in)
                                                         clk (net)
                      0.081043    0.000000    0.055658 ^ clkbuf_0_clk/A (sky130_fd_sc_hd__clkbuf_16)
     2    0.019009    0.041022    0.137499    0.193157 ^ clkbuf_0_clk/X (sky130_fd_sc_hd__clkbuf_16)
                                                         clknet_0_clk (net)
                      0.041035    0.000697    0.193854 ^ clkbuf_1_1__f_clk/A (sky130_fd_sc_hd__clkbuf_16)
     8    0.025897    0.047185    0.129079    0.322932 ^ clkbuf_1_1__f_clk/X (sky130_fd_sc_hd__clkbuf_16)
                                                         clknet_1_1__leaf_clk (net)
                      0.047242    0.001416    0.324349 ^ _116_/CLK (sky130_fd_sc_hd__dfxtp_1)
     1    0.007374    0.079910    0.330511    0.654860 ^ _116_/Q (sky130_fd_sc_hd__dfxtp_1)
                                                         net16 (net)
                      0.079915    0.000689    0.655549 ^ output16/A (sky130_fd_sc_hd__buf_2)
     1    0.034056    0.169532    0.209570    0.865119 ^ output16/X (sky130_fd_sc_hd__buf_2)
                                                         instruction[0] (net)
                      0.169605    0.001619    0.866738 ^ instruction[0] (out)
                                              0.866738   data arrival time

                                 10.000000   10.000000   clock clk (rise edge)
                                  0.000000   10.000000   clock network delay (propagated)
                                 -0.250000    9.750000   clock uncertainty
                                  0.000000    9.750000   clock reconvergence pessimism
                                 -2.000000    7.750000   output external delay
                                              7.750000   data required time
---------------------------------------------------------------------------------------------
                                              7.750000   data required time
                                             -0.866738   data arrival time
---------------------------------------------------------------------------------------------
                                              6.883262   slack (MET)


Startpoint: _120_ (rising edge-triggered flip-flop clocked by clk)
Endpoint: instruction[4] (output port clocked by clk)
Path Group: clk
Path Type: max

Fanout         Cap        Slew       Delay        Time   Description
---------------------------------------------------------------------------------------------
                                  0.000000    0.000000   clock clk (rise edge)
                                  0.000000    0.000000   clock source latency
     1    0.016703    0.081030    0.055658    0.055658 ^ clk (in)
                                                         clk (net)
                      0.081043    0.000000    0.055658 ^ clkbuf_0_clk/A (sky130_fd_sc_hd__clkbuf_16)
     2    0.019009    0.041022    0.137499    0.193157 ^ clkbuf_0_clk/X (sky130_fd_sc_hd__clkbuf_16)
                                                         clknet_0_clk (net)
                      0.041035    0.000697    0.193854 ^ clkbuf_1_1__f_clk/A (sky130_fd_sc_hd__clkbuf_16)
     8    0.025897    0.047185    0.129079    0.322932 ^ clkbuf_1_1__f_clk/X (sky130_fd_sc_hd__clkbuf_16)
                                                         clknet_1_1__leaf_clk (net)
                      0.047232    0.001300    0.324232 ^ _120_/CLK (sky130_fd_sc_hd__dfxtp_1)
     1    0.007336    0.079537    0.330417    0.654649 ^ _120_/Q (sky130_fd_sc_hd__dfxtp_1)
                                                         net26 (net)
                      0.079538    0.000435    0.655085 ^ output26/A (sky130_fd_sc_hd__buf_2)
     1    0.034110    0.169782    0.209599    0.864683 ^ output26/X (sky130_fd_sc_hd__buf_2)
                                                         instruction[4] (net)
                      0.169855    0.001639    0.866322 ^ instruction[4] (out)
                                              0.866322   data arrival time

                                 10.000000   10.000000   clock clk (rise edge)
                                  0.000000   10.000000   clock network delay (propagated)
                                 -0.250000    9.750000   clock uncertainty
                                  0.000000    9.750000   clock reconvergence pessimism
                                 -2.000000    7.750000   output external delay
                                              7.750000   data required time
---------------------------------------------------------------------------------------------
                                              7.750000   data required time
                                             -0.866322   data arrival time
---------------------------------------------------------------------------------------------
                                              6.883677   slack (MET)


Startpoint: _119_ (rising edge-triggered flip-flop clocked by clk)
Endpoint: instruction[3] (output port clocked by clk)
Path Group: clk
Path Type: max

Fanout         Cap        Slew       Delay        Time   Description
---------------------------------------------------------------------------------------------
                                  0.000000    0.000000   clock clk (rise edge)
                                  0.000000    0.000000   clock source latency
     1    0.016703    0.081030    0.055658    0.055658 ^ clk (in)
                                                         clk (net)
                      0.081043    0.000000    0.055658 ^ clkbuf_0_clk/A (sky130_fd_sc_hd__clkbuf_16)
     2    0.019009    0.041022    0.137499    0.193157 ^ clkbuf_0_clk/X (sky130_fd_sc_hd__clkbuf_16)
                                                         clknet_0_clk (net)
                      0.041035    0.000756    0.193913 ^ clkbuf_1_0__f_clk/A (sky130_fd_sc_hd__clkbuf_16)
     7    0.031092    0.051902    0.133298    0.327211 ^ clkbuf_1_0__f_clk/X (sky130_fd_sc_hd__clkbuf_16)
                                                         clknet_1_0__leaf_clk (net)
                      0.051917    0.001585    0.328796 ^ _119_/CLK (sky130_fd_sc_hd__dfxtp_1)
     1    0.003412    0.045600    0.306333    0.635129 ^ _119_/Q (sky130_fd_sc_hd__dfxtp_1)
                                                         net25 (net)
                      0.045600    0.000248    0.635376 ^ output25/A (sky130_fd_sc_hd__buf_2)
     1    0.034258    0.170303    0.197420    0.832797 ^ output25/X (sky130_fd_sc_hd__buf_2)
                                                         instruction[3] (net)
                      0.170328    0.001716    0.834512 ^ instruction[3] (out)
                                              0.834512   data arrival time

                                 10.000000   10.000000   clock clk (rise edge)
                                  0.000000   10.000000   clock network delay (propagated)
                                 -0.250000    9.750000   clock uncertainty
                                  0.000000    9.750000   clock reconvergence pessimism
                                 -2.000000    7.750000   output external delay
                                              7.750000   data required time
---------------------------------------------------------------------------------------------
                                              7.750000   data required time
                                             -0.834512   data arrival time
---------------------------------------------------------------------------------------------
                                              6.915487   slack (MET)


Startpoint: _128_ (rising edge-triggered flip-flop clocked by clk)
Endpoint: instruction[13] (output port clocked by clk)
Path Group: clk
Path Type: max

Fanout         Cap        Slew       Delay        Time   Description
---------------------------------------------------------------------------------------------
                                  0.000000    0.000000   clock clk (rise edge)
                                  0.000000    0.000000   clock source latency
     1    0.016703    0.081030    0.055658    0.055658 ^ clk (in)
                                                         clk (net)
                      0.081043    0.000000    0.055658 ^ clkbuf_0_clk/A (sky130_fd_sc_hd__clkbuf_16)
     2    0.019009    0.041022    0.137499    0.193157 ^ clkbuf_0_clk/X (sky130_fd_sc_hd__clkbuf_16)
                                                         clknet_0_clk (net)
                      0.041035    0.000756    0.193913 ^ clkbuf_1_0__f_clk/A (sky130_fd_sc_hd__clkbuf_16)
     7    0.031092    0.051902    0.133298    0.327211 ^ clkbuf_1_0__f_clk/X (sky130_fd_sc_hd__clkbuf_16)
                                                         clknet_1_0__leaf_clk (net)
                      0.051959    0.002108    0.329320 ^ _128_/CLK (sky130_fd_sc_hd__dfxtp_1)
     1    0.002511    0.038522    0.299891    0.629210 ^ _128_/Q (sky130_fd_sc_hd__dfxtp_1)
                                                         net20 (net)
                      0.038522    0.000161    0.629372 ^ output20/A (sky130_fd_sc_hd__buf_2)
     1    0.034192    0.170008    0.194497    0.823869 ^ output20/X (sky130_fd_sc_hd__buf_2)
                                                         instruction[13] (net)
                      0.170032    0.001704    0.825573 ^ instruction[13] (out)
                                              0.825573   data arrival time

                                 10.000000   10.000000   clock clk (rise edge)
                                  0.000000   10.000000   clock network delay (propagated)
                                 -0.250000    9.750000   clock uncertainty
                                  0.000000    9.750000   clock reconvergence pessimism
                                 -2.000000    7.750000   output external delay
                                              7.750000   data required time
---------------------------------------------------------------------------------------------
                                              7.750000   data required time
                                             -0.825573   data arrival time
---------------------------------------------------------------------------------------------
                                              6.924428   slack (MET)



