
===========================================================================
report_checks -unconstrained
===========================================================================
======================= nom_tt_025C_1v80 Corner ===================================

Startpoint: opcode[0] (input port clocked by clk)
Endpoint: ALUControl[0] (output port clocked by clk)
Path Group: clk
Path Type: max

Fanout         Cap        Slew       Delay        Time   Description
---------------------------------------------------------------------------------------------
                      0.000000    0.000000    0.000000   clock clk (rise edge)
                                  0.000000    0.000000   clock network delay (ideal)
                                  5.000000    5.000000 ^ input external delay
     1    0.003410    0.022374    0.012464    5.012465 ^ opcode[0] (in)
                                                         opcode[0] (net)
                      0.022374    0.000000    5.012465 ^ input5/A (sky130_fd_sc_hd__buf_1)
     3    0.009934    0.123906    0.129329    5.141793 ^ input5/X (sky130_fd_sc_hd__buf_1)
                                                         net5 (net)
                      0.123906    0.000146    5.141939 ^ fanout23/A (sky130_fd_sc_hd__buf_1)
     6    0.015853    0.191975    0.206102    5.348041 ^ fanout23/X (sky130_fd_sc_hd__buf_1)
                                                         net23 (net)
                      0.191975    0.000233    5.348274 ^ _15_/B (sky130_fd_sc_hd__nand2b_1)
     3    0.008925    0.087362    0.121722    5.469996 v _15_/Y (sky130_fd_sc_hd__nand2b_1)
                                                         _02_ (net)
                      0.087362    0.000294    5.470290 v _18_/D (sky130_fd_sc_hd__nor4_1)
     2    0.006642    0.348534    0.281130    5.751420 ^ _18_/Y (sky130_fd_sc_hd__nor4_1)
                                                         _03_ (net)
                      0.348534    0.000218    5.751639 ^ max_cap20/A (sky130_fd_sc_hd__clkbuf_1)
     2    0.005879    0.080106    0.153785    5.905424 ^ max_cap20/X (sky130_fd_sc_hd__clkbuf_1)
                                                         net20 (net)
                      0.080106    0.000103    5.905527 ^ _22_/A1 (sky130_fd_sc_hd__a221o_1)
     1    0.002897    0.048518    0.142157    6.047683 ^ _22_/X (sky130_fd_sc_hd__a221o_1)
                                                         net9 (net)
                      0.048518    0.000093    6.047776 ^ output9/A (sky130_fd_sc_hd__buf_2)
     1    0.033963    0.168756    0.198145    6.245921 ^ output9/X (sky130_fd_sc_hd__buf_2)
                                                         ALUControl[0] (net)
                      0.168809    0.000882    6.246802 ^ ALUControl[0] (out)
                                              6.246802   data arrival time

                      0.000000   25.000000   25.000000   clock clk (rise edge)
                                  0.000000   25.000000   clock network delay (ideal)
                                 -0.250000   24.750000   clock uncertainty
                                  0.000000   24.750000   clock reconvergence pessimism
                                 -5.000000   19.750000   output external delay
                                             19.750000   data required time
---------------------------------------------------------------------------------------------
                                             19.750000   data required time
                                             -6.246802   data arrival time
---------------------------------------------------------------------------------------------
                                             13.503197   slack (MET)




===========================================================================
report_checks --slack_max -0.01
============================================================================
======================= nom_tt_025C_1v80 Corner ===================================

No paths found.


===========================================================================
 report_check_types -max_slew -max_cap -max_fanout -violators
============================================================================
======================= nom_tt_025C_1v80 Corner ===================================



===========================================================================
report_parasitic_annotation -report_unannotated
============================================================================
Found 0 unannotated drivers.
Found 0 partially unannotated drivers.

===========================================================================
max slew violation count 0
Writing metric design__max_slew_violation__count__corner:nom_tt_025C_1v80: 0
max fanout violation count 0
Writing metric design__max_fanout_violation__count__corner:nom_tt_025C_1v80: 0
max cap violation count 0
Writing metric design__max_cap_violation__count__corner:nom_tt_025C_1v80: 0
============================================================================

===========================================================================
check_setup -verbose -unconstrained_endpoints -multiple_clock -no_clock -no_input_delay -loops -generated_clocks
===========================================================================
