Reading OpenROAD database at '/home/kuman/my_designs/instruction_memory/runs/RUN_2025-11-17_17-05-55/41-openroad-repairantennas/1-diodeinsertion/Instruction_Memory_16.odb'…
Reading library file at '/home/kuman/.volare/volare/sky130/versions/0fe599b2afb6708d281543108caf8310912f54af/sky130A/libs.ref/sky130_fd_sc_hd/lib/sky130_fd_sc_hd__tt_025C_1v80.lib'…
Reading design constraints file at '/nix/store/ss2cw3sxbrwwx9jl0rrppbw4kgcmgi2n-python3-3.11.9-env/lib/python3.11/site-packages/openlane/scripts/base.sdc'…
[INFO] Using clock clk…
[INFO] Setting output delay to: 2
[INFO] Setting input delay to: 2
[INFO] Setting load to: 0.033442
[INFO] Setting clock uncertainty to: 0.25
[INFO] Setting clock transition to: 0.1499999999999999944488848768742172978818416595458984375
[INFO] Setting timing derate to: 5%
[INFO ORD-0030] Using 16 thread(s).
[INFO DRT-0149] Reading tech and libs.
[WARNING DRT-0349] LEF58_ENCLOSURE with no CUTCLASS is not supported. Skipping for layer mcon
[WARNING DRT-0349] LEF58_ENCLOSURE with no CUTCLASS is not supported. Skipping for layer mcon
[WARNING DRT-0349] LEF58_ENCLOSURE with no CUTCLASS is not supported. Skipping for layer via
[WARNING DRT-0349] LEF58_ENCLOSURE with no CUTCLASS is not supported. Skipping for layer via
[WARNING DRT-0349] LEF58_ENCLOSURE with no CUTCLASS is not supported. Skipping for layer via2
[WARNING DRT-0349] LEF58_ENCLOSURE with no CUTCLASS is not supported. Skipping for layer via2
[WARNING DRT-0349] LEF58_ENCLOSURE with no CUTCLASS is not supported. Skipping for layer via3
[WARNING DRT-0349] LEF58_ENCLOSURE with no CUTCLASS is not supported. Skipping for layer via3
[WARNING DRT-0349] LEF58_ENCLOSURE with no CUTCLASS is not supported. Skipping for layer via4
[WARNING DRT-0349] LEF58_ENCLOSURE with no CUTCLASS is not supported. Skipping for layer via4

Units:                1000
Number of layers:     13
Number of macros:     441
Number of vias:       28
Number of viarulegen: 25

[INFO DRT-0150] Reading design.

Design:                   Instruction_Memory_16
Die area:                 ( 0 0 ) ( 137195 147915 )
Number of track patterns: 12
Number of DEF vias:       0
Number of components:     421
Number of terminals:      35
Number of snets:          2
Number of nets:           129

[INFO DRT-0167] List of default vias:
  Layer via
    default via: M1M2_PR
  Layer via2
    default via: M2M3_PR
  Layer via3
    default via: M3M4_PR
  Layer via4
    default via: M4M5_PR
[INFO DRT-0162] Library cell analysis.
[INFO DRT-0163] Instance analysis.
[INFO DRT-0164] Number of unique instances = 62.
[INFO DRT-0168] Init region query.
[INFO DRT-0024]   Complete FR_MASTERSLICE.
[INFO DRT-0024]   Complete licon.
[INFO DRT-0024]   Complete li1.
[INFO DRT-0024]   Complete mcon.
[INFO DRT-0024]   Complete met1.
[INFO DRT-0024]   Complete via.
[INFO DRT-0024]   Complete met2.
[INFO DRT-0024]   Complete via2.
[INFO DRT-0024]   Complete met3.
[INFO DRT-0024]   Complete via3.
[INFO DRT-0024]   Complete met4.
[INFO DRT-0024]   Complete via4.
[INFO DRT-0024]   Complete met5.
[INFO DRT-0033] FR_MASTERSLICE shape region query size = 0.
[INFO DRT-0033] licon shape region query size = 0.
[INFO DRT-0033] li1 shape region query size = 4436.
[INFO DRT-0033] mcon shape region query size = 0.
[INFO DRT-0033] met1 shape region query size = 1051.
[INFO DRT-0033] via shape region query size = 235.
[INFO DRT-0033] met2 shape region query size = 149.
[INFO DRT-0033] via2 shape region query size = 188.
[INFO DRT-0033] met3 shape region query size = 166.
[INFO DRT-0033] via3 shape region query size = 188.
[INFO DRT-0033] met4 shape region query size = 51.
[INFO DRT-0033] via4 shape region query size = 0.
[INFO DRT-0033] met5 shape region query size = 0.
[INFO DRT-0165] Start pin access.
[INFO DRT-0078]   Complete 192 pins.
[INFO DRT-0081]   Complete 56 unique inst patterns.
[INFO DRT-0084]   Complete 102 groups.
#scanned instances     = 421
#unique  instances     = 62
#stdCellGenAp          = 1602
#stdCellValidPlanarAp  = 0
#stdCellValidViaAp     = 1232
#stdCellPinNoAp        = 0
#stdCellPinCnt         = 350
#instTermValidViaApCnt = 0
#macroGenAp            = 0
#macroValidPlanarAp    = 0
#macroValidViaAp       = 0
#macroNoAp             = 0
[INFO DRT-0166] Complete pin access.
[INFO DRT-0267] cpu time = 00:00:13, elapsed time = 00:00:01, memory = 138.57 (MB), peak = 138.57 (MB)

[INFO DRT-0157] Number of guides:     908

[INFO DRT-0169] Post process guides.
[INFO DRT-0176] GCELLGRID X 0 DO 19 STEP 6900 ;
[INFO DRT-0177] GCELLGRID Y 0 DO 21 STEP 6900 ;
[INFO DRT-0028]   Complete FR_MASTERSLICE.
[INFO DRT-0028]   Complete licon.
[INFO DRT-0028]   Complete li1.
[INFO DRT-0028]   Complete mcon.
[INFO DRT-0028]   Complete met1.
[INFO DRT-0028]   Complete via.
[INFO DRT-0028]   Complete met2.
[INFO DRT-0028]   Complete via2.
[INFO DRT-0028]   Complete met3.
[INFO DRT-0028]   Complete via3.
[INFO DRT-0028]   Complete met4.
[INFO DRT-0028]   Complete via4.
[INFO DRT-0028]   Complete met5.
[INFO DRT-0178] Init guide query.
[INFO DRT-0035]   Complete FR_MASTERSLICE (guide).
[INFO DRT-0035]   Complete licon (guide).
[INFO DRT-0035]   Complete li1 (guide).
[INFO DRT-0035]   Complete mcon (guide).
[INFO DRT-0035]   Complete met1 (guide).
[INFO DRT-0035]   Complete via (guide).
[INFO DRT-0035]   Complete met2 (guide).
[INFO DRT-0035]   Complete via2 (guide).
[INFO DRT-0035]   Complete met3 (guide).
[INFO DRT-0035]   Complete via3 (guide).
[INFO DRT-0035]   Complete met4 (guide).
[INFO DRT-0035]   Complete via4 (guide).
[INFO DRT-0035]   Complete met5 (guide).
[INFO DRT-0036] FR_MASTERSLICE guide region query size = 0.
[INFO DRT-0036] licon guide region query size = 0.
[INFO DRT-0036] li1 guide region query size = 311.
[INFO DRT-0036] mcon guide region query size = 0.
[INFO DRT-0036] met1 guide region query size = 255.
[INFO DRT-0036] via guide region query size = 0.
[INFO DRT-0036] met2 guide region query size = 141.
[INFO DRT-0036] via2 guide region query size = 0.
[INFO DRT-0036] met3 guide region query size = 25.
[INFO DRT-0036] via3 guide region query size = 0.
[INFO DRT-0036] met4 guide region query size = 0.
[INFO DRT-0036] via4 guide region query size = 0.
[INFO DRT-0036] met5 guide region query size = 0.
[INFO DRT-0179] Init gr pin query.
[INFO DRT-0245] skipped writing guide updates to database.
[INFO DRT-0185] Post process initialize RPin region query.
[INFO DRT-0181] Start track assignment.
[INFO DRT-0184] Done with 452 vertical wires in 1 frboxes and 280 horizontal wires in 1 frboxes.
[INFO DRT-0186] Done with 25 vertical wires in 1 frboxes and 51 horizontal wires in 1 frboxes.
[INFO DRT-0182] Complete track assignment.
[INFO DRT-0267] cpu time = 00:00:01, elapsed time = 00:00:00, memory = 140.82 (MB), peak = 140.82 (MB)
[INFO DRT-0187] Start routing data preparation.
[INFO DRT-0267] cpu time = 00:00:00, elapsed time = 00:00:00, memory = 140.82 (MB), peak = 140.82 (MB)
[INFO DRT-0194] Start detail routing.
[INFO DRT-0195] Start 0th optimization iteration.
    Completing 10% with 0 violations.
    elapsed time = 00:00:00, memory = 141.19 (MB).
    Completing 20% with 0 violations.
    elapsed time = 00:00:00, memory = 149.45 (MB).
    Completing 30% with 0 violations.
    elapsed time = 00:00:00, memory = 146.60 (MB).
    Completing 40% with 0 violations.
    elapsed time = 00:00:00, memory = 143.30 (MB).
    Completing 50% with 4 violations.
    elapsed time = 00:00:00, memory = 158.92 (MB).
    Completing 60% with 4 violations.
    elapsed time = 00:00:00, memory = 153.61 (MB).
    Completing 70% with 14 violations.
    elapsed time = 00:00:00, memory = 160.24 (MB).
    Completing 80% with 14 violations.
    elapsed time = 00:00:00, memory = 160.36 (MB).
    Completing 90% with 14 violations.
    elapsed time = 00:00:00, memory = 170.11 (MB).
    Completing 100% with 22 violations.
    elapsed time = 00:00:00, memory = 170.11 (MB).
[INFO DRT-0199]   Number of violations = 31.
Viol/Layer        met1   met2   met3
Metal Spacing        1      3     11
Recheck              8      1      0
Short                7      0      0
[INFO DRT-0267] cpu time = 00:00:10, elapsed time = 00:00:01, memory = 523.74 (MB), peak = 523.74 (MB)
Total wire length = 3010 um.
Total wire length on LAYER li1 = 0 um.
Total wire length on LAYER met1 = 1662 um.
Total wire length on LAYER met2 = 1242 um.
Total wire length on LAYER met3 = 105 um.
Total wire length on LAYER met4 = 0 um.
Total wire length on LAYER met5 = 0 um.
Total number of vias = 738.
Up-via summary (total 738):

----------------------
 FR_MASTERSLICE      0
            li1    350
           met1    363
           met2     25
           met3      0
           met4      0
----------------------
                   738


[INFO DRT-0195] Start 1st optimization iteration.
    Completing 10% with 31 violations.
    elapsed time = 00:00:00, memory = 523.74 (MB).
    Completing 20% with 31 violations.
    elapsed time = 00:00:00, memory = 528.49 (MB).
    Completing 30% with 31 violations.
    elapsed time = 00:00:00, memory = 528.49 (MB).
    Completing 40% with 26 violations.
    elapsed time = 00:00:00, memory = 528.49 (MB).
    Completing 50% with 26 violations.
    elapsed time = 00:00:00, memory = 528.49 (MB).
    Completing 60% with 26 violations.
    elapsed time = 00:00:00, memory = 533.86 (MB).
    Completing 70% with 17 violations.
    elapsed time = 00:00:00, memory = 540.24 (MB).
    Completing 80% with 17 violations.
    elapsed time = 00:00:00, memory = 540.24 (MB).
    Completing 90% with 14 violations.
    elapsed time = 00:00:00, memory = 480.84 (MB).
    Completing 100% with 0 violations.
    elapsed time = 00:00:00, memory = 268.93 (MB).
[INFO DRT-0199]   Number of violations = 0.
[INFO DRT-0267] cpu time = 00:00:10, elapsed time = 00:00:00, memory = 541.81 (MB), peak = 541.81 (MB)
Total wire length = 3001 um.
Total wire length on LAYER li1 = 0 um.
Total wire length on LAYER met1 = 1639 um.
Total wire length on LAYER met2 = 1241 um.
Total wire length on LAYER met3 = 120 um.
Total wire length on LAYER met4 = 0 um.
Total wire length on LAYER met5 = 0 um.
Total number of vias = 731.
Up-via summary (total 731):

----------------------
 FR_MASTERSLICE      0
            li1    350
           met1    356
           met2     25
           met3      0
           met4      0
----------------------
                   731


[INFO DRT-0198] Complete detail routing.
Total wire length = 3001 um.
Total wire length on LAYER li1 = 0 um.
Total wire length on LAYER met1 = 1639 um.
Total wire length on LAYER met2 = 1241 um.
Total wire length on LAYER met3 = 120 um.
Total wire length on LAYER met4 = 0 um.
Total wire length on LAYER met5 = 0 um.
Total number of vias = 731.
Up-via summary (total 731):

----------------------
 FR_MASTERSLICE      0
            li1    350
           met1    356
           met2     25
           met3      0
           met4      0
----------------------
                   731


[INFO DRT-0267] cpu time = 00:00:20, elapsed time = 00:00:02, memory = 541.81 (MB), peak = 541.81 (MB)

[INFO DRT-0180] Post processing.
Setting global connections for newly added cells…
[INFO] Setting global connections...
Updating metrics…
Cell type report:                       Count       Area
  Fill cell                                92     345.33
  Tap cell                                216     270.26
  Buffer                                    2       7.51
  Clock buffer                              4      88.84
  Timing Repair Buffer                     35     171.41
  Inverter                                  4      15.01
  Sequential cell                          14     280.27
  Multi-Input combinational cell           54     384.12
  Total                                   421    1562.75
Writing OpenROAD database to '/home/kuman/my_designs/instruction_memory/runs/RUN_2025-11-17_17-05-55/43-openroad-detailedrouting/Instruction_Memory_16.odb'…
Writing netlist to '/home/kuman/my_designs/instruction_memory/runs/RUN_2025-11-17_17-05-55/43-openroad-detailedrouting/Instruction_Memory_16.nl.v'…
Writing powered netlist to '/home/kuman/my_designs/instruction_memory/runs/RUN_2025-11-17_17-05-55/43-openroad-detailedrouting/Instruction_Memory_16.pnl.v'…
Writing layout to '/home/kuman/my_designs/instruction_memory/runs/RUN_2025-11-17_17-05-55/43-openroad-detailedrouting/Instruction_Memory_16.def'…
Writing timing constraints to '/home/kuman/my_designs/instruction_memory/runs/RUN_2025-11-17_17-05-55/43-openroad-detailedrouting/Instruction_Memory_16.sdc'…
