Reading OpenROAD database at '/home/kuman/my_designs/instruction_memory/runs/RUN_2025-11-17_17-05-55/20-openroad-generatepdn/Instruction_Memory_16.odb'…
Reading library file at '/home/kuman/.volare/volare/sky130/versions/0fe599b2afb6708d281543108caf8310912f54af/sky130A/libs.ref/sky130_fd_sc_hd/lib/sky130_fd_sc_hd__tt_025C_1v80.lib'…
Reading design constraints file at '/nix/store/ss2cw3sxbrwwx9jl0rrppbw4kgcmgi2n-python3-3.11.9-env/lib/python3.11/site-packages/openlane/scripts/base.sdc'…
[INFO] Using clock clk…
[INFO] Setting output delay to: 2
[INFO] Setting input delay to: 2
[INFO] Setting load to: 0.033442
[INFO] Setting clock uncertainty to: 0.25
[INFO] Setting clock transition to: 0.1499999999999999944488848768742172978818416595458984375
[INFO] Setting timing derate to: 5%
+ global_placement -density 0.1675976 -skip_io -pad_right 0 -pad_left 0 -init_wirelength_coef 0.25
[INFO GPL-0002] DBU: 1000
[INFO GPL-0003] SiteSize: (  0.460  2.720 ) um
[INFO GPL-0004] CoreBBox: (  5.520 10.880 ) ( 131.560 136.000 ) um
[INFO GPL-0006] NumInstances:               382
[INFO GPL-0007] NumPlaceInstances:           74
[INFO GPL-0008] NumFixedInstances:          308
[INFO GPL-0009] NumDummyInstances:            0
[INFO GPL-0010] NumNets:                     91
[INFO GPL-0011] NumPins:                    273
[INFO GPL-0012] DieBBox:  (  0.000  0.000 ) ( 137.195 147.915 ) um
[INFO GPL-0013] CoreBBox: (  5.520 10.880 ) ( 131.560 136.000 ) um
[INFO GPL-0016] CoreArea:             15770.125 um^2
[INFO GPL-0017] NonPlaceInstsArea:      615.590 um^2
[INFO GPL-0018] PlaceInstsArea:         795.763 um^2
[INFO GPL-0019] Util:                     5.251 %
[INFO GPL-0020] StdInstsArea:           795.763 um^2
[INFO GPL-0021] MacroInstsArea:           0.000 um^2
[INFO GPL-0031] FillerInit:NumGCells:       241
[INFO GPL-0032] FillerInit:NumGNets:         91
[INFO GPL-0033] FillerInit:NumGPins:        273
[INFO GPL-0023] TargetDensity:            0.168
[INFO GPL-0024] AvrgPlaceInstArea:       10.754 um^2
[INFO GPL-0025] IdealBinArea:            64.163 um^2
[INFO GPL-0026] IdealBinCnt:                245
[INFO GPL-0027] TotalBinArea:         15770.125 um^2
[INFO GPL-0028] BinCnt:         8      8
[INFO GPL-0029] BinSize: ( 15.755 15.640 )
[INFO GPL-0030] NumBins: 64
[NesterovSolve] Iter:    1 overflow: 0.797 HPWL: 164012
[NesterovSolve] Iter:   10 overflow: 0.796 HPWL: 83132
[NesterovSolve] Iter:   20 overflow: 0.796 HPWL: 82225
[NesterovSolve] Iter:   30 overflow: 0.796 HPWL: 82154
[NesterovSolve] Iter:   40 overflow: 0.796 HPWL: 82185
[NesterovSolve] Iter:   50 overflow: 0.796 HPWL: 82225
[NesterovSolve] Iter:   60 overflow: 0.796 HPWL: 82397
[NesterovSolve] Iter:   70 overflow: 0.796 HPWL: 82684
[NesterovSolve] Iter:   80 overflow: 0.796 HPWL: 83272
[NesterovSolve] Iter:   90 overflow: 0.796 HPWL: 84551
[NesterovSolve] Iter:  100 overflow: 0.796 HPWL: 87113
[NesterovSolve] Iter:  110 overflow: 0.796 HPWL: 91589
[NesterovSolve] Iter:  120 overflow: 0.796 HPWL: 97507
[NesterovSolve] Iter:  130 overflow: 0.796 HPWL: 103456
[NesterovSolve] Iter:  140 overflow: 0.796 HPWL: 105863
[NesterovSolve] Iter:  150 overflow: 0.797 HPWL: 99479
[NesterovSolve] Iter:  160 overflow: 0.797 HPWL: 92780
[NesterovSolve] Iter:  170 overflow: 0.796 HPWL: 95975
[NesterovSolve] Iter:  180 overflow: 0.795 HPWL: 95711
[NesterovSolve] Iter:  190 overflow: 0.795 HPWL: 102937
[NesterovSolve] Iter:  200 overflow: 0.788 HPWL: 123825
[NesterovSolve] Iter:  210 overflow: 0.759 HPWL: 191516
[NesterovSolve] Iter:  220 overflow: 0.704 HPWL: 266139
[NesterovSolve] Iter:  230 overflow: 0.647 HPWL: 347982
[NesterovSolve] Iter:  240 overflow: 0.587 HPWL: 439258
[NesterovSolve] Iter:  250 overflow: 0.553 HPWL: 611757
[NesterovSolve] Iter:  260 overflow: 0.476 HPWL: 752634
[NesterovSolve] Iter:  270 overflow: 0.409 HPWL: 795841
[NesterovSolve] Iter:  280 overflow: 0.356 HPWL: 883267
[NesterovSolve] Iter:  290 overflow: 0.320 HPWL: 962376
[NesterovSolve] Iter:  300 overflow: 0.280 HPWL: 1034122
[NesterovSolve] Iter:  310 overflow: 0.237 HPWL: 1073109
[NesterovSolve] Iter:  320 overflow: 0.194 HPWL: 1126124
[NesterovSolve] Iter:  330 overflow: 0.160 HPWL: 1171601
[NesterovSolve] Iter:  340 overflow: 0.126 HPWL: 1223333
[NesterovSolve] Finished with Overflow: 0.097488
[INFO] Setting RC values…
Setting global connections for newly added cells…
[INFO] Setting global connections...
Updating metrics…
Cell type report:                       Count       Area
  Fill cell                                92     345.33
  Tap cell                                216     270.26
  Buffer                                    2      10.01
  Inverter                                  4      15.01
  Sequential cell                          14     297.79
  Multi-Input combinational cell           54     472.95
  Total                                   382    1411.35
Writing OpenROAD database to '/home/kuman/my_designs/instruction_memory/runs/RUN_2025-11-17_17-05-55/23-openroad-globalplacementskipio/Instruction_Memory_16.odb'…
Writing netlist to '/home/kuman/my_designs/instruction_memory/runs/RUN_2025-11-17_17-05-55/23-openroad-globalplacementskipio/Instruction_Memory_16.nl.v'…
Writing powered netlist to '/home/kuman/my_designs/instruction_memory/runs/RUN_2025-11-17_17-05-55/23-openroad-globalplacementskipio/Instruction_Memory_16.pnl.v'…
Writing layout to '/home/kuman/my_designs/instruction_memory/runs/RUN_2025-11-17_17-05-55/23-openroad-globalplacementskipio/Instruction_Memory_16.def'…
Writing timing constraints to '/home/kuman/my_designs/instruction_memory/runs/RUN_2025-11-17_17-05-55/23-openroad-globalplacementskipio/Instruction_Memory_16.sdc'…
