
===========================================================================
report_checks -path_delay min (Hold)
============================================================================
======================= nom_tt_025C_1v80 Corner ===================================

Startpoint: instr[15] (input port clocked by __VIRTUAL_CLK__)
Endpoint: ImmExt[15] (output port clocked by __VIRTUAL_CLK__)
Path Group: __VIRTUAL_CLK__
Path Type: min

Fanout         Cap        Slew       Delay        Time   Description
---------------------------------------------------------------------------------------------
                      0.000000    0.000000    0.000000   clock __VIRTUAL_CLK__ (rise edge)
                                  0.000000    0.000000   clock network delay (ideal)
                                  5.000000    5.000000 v input external delay
    11    0.028918    0.065263    0.046176    5.046176 v instr[15] (in)
                                                         instr[15] (net)
                      0.065263    0.000000    5.046176 v _27_/A (sky130_fd_sc_hd__buf_2)
     1    0.034104    0.088856    0.189272    5.235448 v _27_/X (sky130_fd_sc_hd__buf_2)
                                                         ImmExt[15] (net)
                      0.088856    0.000092    5.235540 v ImmExt[15] (out)
                                              5.235540   data arrival time

                      0.000000    0.000000    0.000000   clock __VIRTUAL_CLK__ (rise edge)
                                  0.000000    0.000000   clock network delay (ideal)
                                  0.250000    0.250000   clock uncertainty
                                  0.000000    0.250000   clock reconvergence pessimism
                                 -5.000000   -4.750000   output external delay
                                             -4.750000   data required time
---------------------------------------------------------------------------------------------
                                             -4.750000   data required time
                                             -5.235540   data arrival time
---------------------------------------------------------------------------------------------
                                              9.985539   slack (MET)


Startpoint: instr[12] (input port clocked by __VIRTUAL_CLK__)
Endpoint: ImmExt[3] (output port clocked by __VIRTUAL_CLK__)
Path Group: __VIRTUAL_CLK__
Path Type: min

Fanout         Cap        Slew       Delay        Time   Description
---------------------------------------------------------------------------------------------
                      0.000000    0.000000    0.000000   clock __VIRTUAL_CLK__ (rise edge)
                                  0.000000    0.000000   clock network delay (ideal)
                                  5.000000    5.000000 ^ input external delay
     2    0.006168    0.034415    0.021617    5.021617 ^ instr[12] (in)
                                                         instr[12] (net)
                      0.034416    0.000000    5.021617 ^ _12_/A2 (sky130_fd_sc_hd__a21o_2)
     1    0.035154    0.177246    0.222844    5.244461 ^ _12_/X (sky130_fd_sc_hd__a21o_2)
                                                         ImmExt[3] (net)
                      0.177246    0.000257    5.244718 ^ ImmExt[3] (out)
                                              5.244718   data arrival time

                      0.000000    0.000000    0.000000   clock __VIRTUAL_CLK__ (rise edge)
                                  0.000000    0.000000   clock network delay (ideal)
                                  0.250000    0.250000   clock uncertainty
                                  0.000000    0.250000   clock reconvergence pessimism
                                 -5.000000   -4.750000   output external delay
                                             -4.750000   data required time
---------------------------------------------------------------------------------------------
                                             -4.750000   data required time
                                             -5.244718   data arrival time
---------------------------------------------------------------------------------------------
                                              9.994719   slack (MET)


Startpoint: instr[11] (input port clocked by __VIRTUAL_CLK__)
Endpoint: ImmExt[2] (output port clocked by __VIRTUAL_CLK__)
Path Group: __VIRTUAL_CLK__
Path Type: min

Fanout         Cap        Slew       Delay        Time   Description
---------------------------------------------------------------------------------------------
                      0.000000    0.000000    0.000000   clock __VIRTUAL_CLK__ (rise edge)
                                  0.000000    0.000000   clock network delay (ideal)
                                  5.000000    5.000000 ^ input external delay
     2    0.006343    0.035184    0.022183    5.022183 ^ instr[11] (in)
                                                         instr[11] (net)
                      0.035184    0.000000    5.022183 ^ _11_/A2 (sky130_fd_sc_hd__a21o_2)
     1    0.035009    0.176557    0.222609    5.244792 ^ _11_/X (sky130_fd_sc_hd__a21o_2)
                                                         ImmExt[2] (net)
                      0.176557    0.000222    5.245014 ^ ImmExt[2] (out)
                                              5.245014   data arrival time

                      0.000000    0.000000    0.000000   clock __VIRTUAL_CLK__ (rise edge)
                                  0.000000    0.000000   clock network delay (ideal)
                                  0.250000    0.250000   clock uncertainty
                                  0.000000    0.250000   clock reconvergence pessimism
                                 -5.000000   -4.750000   output external delay
                                             -4.750000   data required time
---------------------------------------------------------------------------------------------
                                             -4.750000   data required time
                                             -5.245014   data arrival time
---------------------------------------------------------------------------------------------
                                              9.995015   slack (MET)


Startpoint: instr[14] (input port clocked by __VIRTUAL_CLK__)
Endpoint: ImmExt[5] (output port clocked by __VIRTUAL_CLK__)
Path Group: __VIRTUAL_CLK__
Path Type: min

Fanout         Cap        Slew       Delay        Time   Description
---------------------------------------------------------------------------------------------
                      0.000000    0.000000    0.000000   clock __VIRTUAL_CLK__ (rise edge)
                                  0.000000    0.000000   clock network delay (ideal)
                                  5.000000    5.000000 ^ input external delay
     3    0.008246    0.043607    0.028319    5.028319 ^ instr[14] (in)
                                                         instr[14] (net)
                      0.043608    0.000000    5.028319 ^ _14_/A2 (sky130_fd_sc_hd__a21o_2)
     1    0.034940    0.176232    0.224995    5.253314 ^ _14_/X (sky130_fd_sc_hd__a21o_2)
                                                         ImmExt[5] (net)
                      0.176232    0.000218    5.253532 ^ ImmExt[5] (out)
                                              5.253532   data arrival time

                      0.000000    0.000000    0.000000   clock __VIRTUAL_CLK__ (rise edge)
                                  0.000000    0.000000   clock network delay (ideal)
                                  0.250000    0.250000   clock uncertainty
                                  0.000000    0.250000   clock reconvergence pessimism
                                 -5.000000   -4.750000   output external delay
                                             -4.750000   data required time
---------------------------------------------------------------------------------------------
                                             -4.750000   data required time
                                             -5.253532   data arrival time
---------------------------------------------------------------------------------------------
                                             10.003532   slack (MET)


Startpoint: instr[13] (input port clocked by __VIRTUAL_CLK__)
Endpoint: ImmExt[4] (output port clocked by __VIRTUAL_CLK__)
Path Group: __VIRTUAL_CLK__
Path Type: min

Fanout         Cap        Slew       Delay        Time   Description
---------------------------------------------------------------------------------------------
                      0.000000    0.000000    0.000000   clock __VIRTUAL_CLK__ (rise edge)
                                  0.000000    0.000000   clock network delay (ideal)
                                  5.000000    5.000000 ^ input external delay
     3    0.008333    0.043995    0.028626    5.028626 ^ instr[13] (in)
                                                         instr[13] (net)
                      0.043995    0.000000    5.028626 ^ _13_/A2 (sky130_fd_sc_hd__a21o_2)
     1    0.034970    0.176370    0.225216    5.253842 ^ _13_/X (sky130_fd_sc_hd__a21o_2)
                                                         ImmExt[4] (net)
                      0.176370    0.000218    5.254060 ^ ImmExt[4] (out)
                                              5.254060   data arrival time

                      0.000000    0.000000    0.000000   clock __VIRTUAL_CLK__ (rise edge)
                                  0.000000    0.000000   clock network delay (ideal)
                                  0.250000    0.250000   clock uncertainty
                                  0.000000    0.250000   clock reconvergence pessimism
                                 -5.000000   -4.750000   output external delay
                                             -4.750000   data required time
---------------------------------------------------------------------------------------------
                                             -4.750000   data required time
                                             -5.254060   data arrival time
---------------------------------------------------------------------------------------------
                                             10.004060   slack (MET)


Startpoint: instr[9] (input port clocked by __VIRTUAL_CLK__)
Endpoint: ImmExt[0] (output port clocked by __VIRTUAL_CLK__)
Path Group: __VIRTUAL_CLK__
Path Type: min

Fanout         Cap        Slew       Delay        Time   Description
---------------------------------------------------------------------------------------------
                      0.000000    0.000000    0.000000   clock __VIRTUAL_CLK__ (rise edge)
                                  0.000000    0.000000   clock network delay (ideal)
                                  5.000000    5.000000 ^ input external delay
     2    0.005836    0.032956    0.020539    5.020539 ^ instr[9] (in)
                                                         instr[9] (net)
                      0.032956    0.000000    5.020539 ^ _07_/A2 (sky130_fd_sc_hd__a21bo_2)
     1    0.034855    0.188723    0.233969    5.254508 ^ _07_/X (sky130_fd_sc_hd__a21bo_2)
                                                         ImmExt[0] (net)
                      0.188723    0.000328    5.254836 ^ ImmExt[0] (out)
                                              5.254836   data arrival time

                      0.000000    0.000000    0.000000   clock __VIRTUAL_CLK__ (rise edge)
                                  0.000000    0.000000   clock network delay (ideal)
                                  0.250000    0.250000   clock uncertainty
                                  0.000000    0.250000   clock reconvergence pessimism
                                 -5.000000   -4.750000   output external delay
                                             -4.750000   data required time
---------------------------------------------------------------------------------------------
                                             -4.750000   data required time
                                             -5.254836   data arrival time
---------------------------------------------------------------------------------------------
                                             10.004836   slack (MET)


Startpoint: instr[10] (input port clocked by __VIRTUAL_CLK__)
Endpoint: ImmExt[1] (output port clocked by __VIRTUAL_CLK__)
Path Group: __VIRTUAL_CLK__
Path Type: min

Fanout         Cap        Slew       Delay        Time   Description
---------------------------------------------------------------------------------------------
                      0.000000    0.000000    0.000000   clock __VIRTUAL_CLK__ (rise edge)
                                  0.000000    0.000000   clock network delay (ideal)
                                  5.000000    5.000000 ^ input external delay
     2    0.005874    0.033120    0.020651    5.020651 ^ instr[10] (in)
                                                         instr[10] (net)
                      0.033120    0.000000    5.020651 ^ _09_/A2 (sky130_fd_sc_hd__a21bo_2)
     1    0.035386    0.191446    0.235963    5.256614 ^ _09_/X (sky130_fd_sc_hd__a21bo_2)
                                                         ImmExt[1] (net)
                      0.191446    0.000288    5.256903 ^ ImmExt[1] (out)
                                              5.256903   data arrival time

                      0.000000    0.000000    0.000000   clock __VIRTUAL_CLK__ (rise edge)
                                  0.000000    0.000000   clock network delay (ideal)
                                  0.250000    0.250000   clock uncertainty
                                  0.000000    0.250000   clock reconvergence pessimism
                                 -5.000000   -4.750000   output external delay
                                             -4.750000   data required time
---------------------------------------------------------------------------------------------
                                             -4.750000   data required time
                                             -5.256903   data arrival time
---------------------------------------------------------------------------------------------
                                             10.006903   slack (MET)


Startpoint: instr[8] (input port clocked by __VIRTUAL_CLK__)
Endpoint: ImmExt[8] (output port clocked by __VIRTUAL_CLK__)
Path Group: __VIRTUAL_CLK__
Path Type: min

Fanout         Cap        Slew       Delay        Time   Description
---------------------------------------------------------------------------------------------
                      0.000000    0.000000    0.000000   clock __VIRTUAL_CLK__ (rise edge)
                                  0.000000    0.000000   clock network delay (ideal)
                                  5.000000    5.000000 ^ input external delay
     1    0.003303    0.021909    0.012060    5.012060 ^ instr[8] (in)
                                                         instr[8] (net)
                      0.021909    0.000000    5.012060 ^ _18_/A0 (sky130_fd_sc_hd__mux2_1)
     1    0.034774    0.307770    0.304786    5.316846 ^ _18_/X (sky130_fd_sc_hd__mux2_1)
                                                         ImmExt[8] (net)
                      0.307770    0.000290    5.317135 ^ ImmExt[8] (out)
                                              5.317135   data arrival time

                      0.000000    0.000000    0.000000   clock __VIRTUAL_CLK__ (rise edge)
                                  0.000000    0.000000   clock network delay (ideal)
                                  0.250000    0.250000   clock uncertainty
                                  0.000000    0.250000   clock reconvergence pessimism
                                 -5.000000   -4.750000   output external delay
                                             -4.750000   data required time
---------------------------------------------------------------------------------------------
                                             -4.750000   data required time
                                             -5.317135   data arrival time
---------------------------------------------------------------------------------------------
                                             10.067135   slack (MET)


Startpoint: instr[7] (input port clocked by __VIRTUAL_CLK__)
Endpoint: ImmExt[7] (output port clocked by __VIRTUAL_CLK__)
Path Group: __VIRTUAL_CLK__
Path Type: min

Fanout         Cap        Slew       Delay        Time   Description
---------------------------------------------------------------------------------------------
                      0.000000    0.000000    0.000000   clock __VIRTUAL_CLK__ (rise edge)
                                  0.000000    0.000000   clock network delay (ideal)
                                  5.000000    5.000000 ^ input external delay
     1    0.003196    0.021442    0.011684    5.011684 ^ instr[7] (in)
                                                         instr[7] (net)
                      0.021442    0.000000    5.011684 ^ _17_/A0 (sky130_fd_sc_hd__mux2_1)
     1    0.034866    0.308556    0.305168    5.316852 ^ _17_/X (sky130_fd_sc_hd__mux2_1)
                                                         ImmExt[7] (net)
                      0.308556    0.000319    5.317171 ^ ImmExt[7] (out)
                                              5.317171   data arrival time

                      0.000000    0.000000    0.000000   clock __VIRTUAL_CLK__ (rise edge)
                                  0.000000    0.000000   clock network delay (ideal)
                                  0.250000    0.250000   clock uncertainty
                                  0.000000    0.250000   clock reconvergence pessimism
                                 -5.000000   -4.750000   output external delay
                                             -4.750000   data required time
---------------------------------------------------------------------------------------------
                                             -4.750000   data required time
                                             -5.317171   data arrival time
---------------------------------------------------------------------------------------------
                                             10.067171   slack (MET)


Startpoint: instr[6] (input port clocked by __VIRTUAL_CLK__)
Endpoint: ImmExt[6] (output port clocked by __VIRTUAL_CLK__)
Path Group: __VIRTUAL_CLK__
Path Type: min

Fanout         Cap        Slew       Delay        Time   Description
---------------------------------------------------------------------------------------------
                      0.000000    0.000000    0.000000   clock __VIRTUAL_CLK__ (rise edge)
                                  0.000000    0.000000   clock network delay (ideal)
                                  5.000000    5.000000 ^ input external delay
     1    0.002903    0.020176    0.010658    5.010658 ^ instr[6] (in)
                                                         instr[6] (net)
                      0.020176    0.000000    5.010658 ^ _16_/A0 (sky130_fd_sc_hd__mux2_1)
     1    0.035143    0.310928    0.306386    5.317044 ^ _16_/X (sky130_fd_sc_hd__mux2_1)
                                                         ImmExt[6] (net)
                      0.310928    0.000386    5.317430 ^ ImmExt[6] (out)
                                              5.317430   data arrival time

                      0.000000    0.000000    0.000000   clock __VIRTUAL_CLK__ (rise edge)
                                  0.000000    0.000000   clock network delay (ideal)
                                  0.250000    0.250000   clock uncertainty
                                  0.000000    0.250000   clock reconvergence pessimism
                                 -5.000000   -4.750000   output external delay
                                             -4.750000   data required time
---------------------------------------------------------------------------------------------
                                             -4.750000   data required time
                                             -5.317430   data arrival time
---------------------------------------------------------------------------------------------
                                             10.067430   slack (MET)


Startpoint: instr[15] (input port clocked by __VIRTUAL_CLK__)
Endpoint: ImmExt[13] (output port clocked by __VIRTUAL_CLK__)
Path Group: __VIRTUAL_CLK__
Path Type: min

Fanout         Cap        Slew       Delay        Time   Description
---------------------------------------------------------------------------------------------
                      0.000000    0.000000    0.000000   clock __VIRTUAL_CLK__ (rise edge)
                                  0.000000    0.000000   clock network delay (ideal)
                                  5.000000    5.000000 v input external delay
    11    0.028918    0.065263    0.046169    5.046169 v instr[15] (in)
                                                         instr[15] (net)
                      0.065263    0.000000    5.046169 v _24_/A1 (sky130_fd_sc_hd__a21o_2)
     1    0.035157    0.105720    0.271516    5.317685 v _24_/X (sky130_fd_sc_hd__a21o_2)
                                                         ImmExt[13] (net)
                      0.105721    0.000392    5.318077 v ImmExt[13] (out)
                                              5.318077   data arrival time

                      0.000000    0.000000    0.000000   clock __VIRTUAL_CLK__ (rise edge)
                                  0.000000    0.000000   clock network delay (ideal)
                                  0.250000    0.250000   clock uncertainty
                                  0.000000    0.250000   clock reconvergence pessimism
                                 -5.000000   -4.750000   output external delay
                                             -4.750000   data required time
---------------------------------------------------------------------------------------------
                                             -4.750000   data required time
                                             -5.318077   data arrival time
---------------------------------------------------------------------------------------------
                                             10.068076   slack (MET)


Startpoint: instr[15] (input port clocked by __VIRTUAL_CLK__)
Endpoint: ImmExt[14] (output port clocked by __VIRTUAL_CLK__)
Path Group: __VIRTUAL_CLK__
Path Type: min

Fanout         Cap        Slew       Delay        Time   Description
---------------------------------------------------------------------------------------------
                      0.000000    0.000000    0.000000   clock __VIRTUAL_CLK__ (rise edge)
                                  0.000000    0.000000   clock network delay (ideal)
                                  5.000000    5.000000 v input external delay
    11    0.028918    0.065263    0.046326    5.046326 v instr[15] (in)
                                                         instr[15] (net)
                      0.065264    0.000000    5.046326 v _26_/A1 (sky130_fd_sc_hd__a21o_2)
     1    0.035522    0.105277    0.272395    5.318721 v _26_/X (sky130_fd_sc_hd__a21o_2)
                                                         ImmExt[14] (net)
                      0.105277    0.000315    5.319036 v ImmExt[14] (out)
                                              5.319036   data arrival time

                      0.000000    0.000000    0.000000   clock __VIRTUAL_CLK__ (rise edge)
                                  0.000000    0.000000   clock network delay (ideal)
                                  0.250000    0.250000   clock uncertainty
                                  0.000000    0.250000   clock reconvergence pessimism
                                 -5.000000   -4.750000   output external delay
                                             -4.750000   data required time
---------------------------------------------------------------------------------------------
                                             -4.750000   data required time
                                             -5.319036   data arrival time
---------------------------------------------------------------------------------------------
                                             10.069036   slack (MET)


Startpoint: instr[12] (input port clocked by __VIRTUAL_CLK__)
Endpoint: ImmExt[12] (output port clocked by __VIRTUAL_CLK__)
Path Group: __VIRTUAL_CLK__
Path Type: min

Fanout         Cap        Slew       Delay        Time   Description
---------------------------------------------------------------------------------------------
                      0.000000    0.000000    0.000000   clock __VIRTUAL_CLK__ (rise edge)
                                  0.000000    0.000000   clock network delay (ideal)
                                  5.000000    5.000000 ^ input external delay
     2    0.006168    0.034415    0.021598    5.021598 ^ instr[12] (in)
                                                         instr[12] (net)
                      0.034416    0.000000    5.021598 ^ _22_/A0 (sky130_fd_sc_hd__mux2_1)
     1    0.034527    0.305657    0.307782    5.329380 ^ _22_/X (sky130_fd_sc_hd__mux2_1)
                                                         ImmExt[12] (net)
                      0.305657    0.000248    5.329628 ^ ImmExt[12] (out)
                                              5.329628   data arrival time

                      0.000000    0.000000    0.000000   clock __VIRTUAL_CLK__ (rise edge)
                                  0.000000    0.000000   clock network delay (ideal)
                                  0.250000    0.250000   clock uncertainty
                                  0.000000    0.250000   clock reconvergence pessimism
                                 -5.000000   -4.750000   output external delay
                                             -4.750000   data required time
---------------------------------------------------------------------------------------------
                                             -4.750000   data required time
                                             -5.329628   data arrival time
---------------------------------------------------------------------------------------------
                                             10.079628   slack (MET)


Startpoint: instr[10] (input port clocked by __VIRTUAL_CLK__)
Endpoint: ImmExt[10] (output port clocked by __VIRTUAL_CLK__)
Path Group: __VIRTUAL_CLK__
Path Type: min

Fanout         Cap        Slew       Delay        Time   Description
---------------------------------------------------------------------------------------------
                      0.000000    0.000000    0.000000   clock __VIRTUAL_CLK__ (rise edge)
                                  0.000000    0.000000   clock network delay (ideal)
                                  5.000000    5.000000 ^ input external delay
     2    0.005874    0.033120    0.020643    5.020643 ^ instr[10] (in)
                                                         instr[10] (net)
                      0.033120    0.000000    5.020643 ^ _20_/A0 (sky130_fd_sc_hd__mux2_1)
     1    0.034778    0.307777    0.308854    5.329496 ^ _20_/X (sky130_fd_sc_hd__mux2_1)
                                                         ImmExt[10] (net)
                      0.307777    0.000203    5.329699 ^ ImmExt[10] (out)
                                              5.329699   data arrival time

                      0.000000    0.000000    0.000000   clock __VIRTUAL_CLK__ (rise edge)
                                  0.000000    0.000000   clock network delay (ideal)
                                  0.250000    0.250000   clock uncertainty
                                  0.000000    0.250000   clock reconvergence pessimism
                                 -5.000000   -4.750000   output external delay
                                             -4.750000   data required time
---------------------------------------------------------------------------------------------
                                             -4.750000   data required time
                                             -5.329699   data arrival time
---------------------------------------------------------------------------------------------
                                             10.079700   slack (MET)


Startpoint: instr[9] (input port clocked by __VIRTUAL_CLK__)
Endpoint: ImmExt[9] (output port clocked by __VIRTUAL_CLK__)
Path Group: __VIRTUAL_CLK__
Path Type: min

Fanout         Cap        Slew       Delay        Time   Description
---------------------------------------------------------------------------------------------
                      0.000000    0.000000    0.000000   clock __VIRTUAL_CLK__ (rise edge)
                                  0.000000    0.000000   clock network delay (ideal)
                                  5.000000    5.000000 ^ input external delay
     2    0.005836    0.032956    0.020538    5.020538 ^ instr[9] (in)
                                                         instr[9] (net)
                      0.032956    0.000000    5.020538 ^ _19_/A0 (sky130_fd_sc_hd__mux2_1)
     1    0.034860    0.308504    0.309197    5.329735 ^ _19_/X (sky130_fd_sc_hd__mux2_1)
                                                         ImmExt[9] (net)
                      0.308504    0.000328    5.330063 ^ ImmExt[9] (out)
                                              5.330063   data arrival time

                      0.000000    0.000000    0.000000   clock __VIRTUAL_CLK__ (rise edge)
                                  0.000000    0.000000   clock network delay (ideal)
                                  0.250000    0.250000   clock uncertainty
                                  0.000000    0.250000   clock reconvergence pessimism
                                 -5.000000   -4.750000   output external delay
                                             -4.750000   data required time
---------------------------------------------------------------------------------------------
                                             -4.750000   data required time
                                             -5.330063   data arrival time
---------------------------------------------------------------------------------------------
                                             10.080063   slack (MET)


Startpoint: instr[11] (input port clocked by __VIRTUAL_CLK__)
Endpoint: ImmExt[11] (output port clocked by __VIRTUAL_CLK__)
Path Group: __VIRTUAL_CLK__
Path Type: min

Fanout         Cap        Slew       Delay        Time   Description
---------------------------------------------------------------------------------------------
                      0.000000    0.000000    0.000000   clock __VIRTUAL_CLK__ (rise edge)
                                  0.000000    0.000000   clock network delay (ideal)
                                  5.000000    5.000000 ^ input external delay
     2    0.006343    0.035184    0.022169    5.022169 ^ instr[11] (in)
                                                         instr[11] (net)
                      0.035184    0.000000    5.022169 ^ _21_/A0 (sky130_fd_sc_hd__mux2_1)
     1    0.034858    0.308481    0.310004    5.332173 ^ _21_/X (sky130_fd_sc_hd__mux2_1)
                                                         ImmExt[11] (net)
                      0.308481    0.000305    5.332478 ^ ImmExt[11] (out)
                                              5.332478   data arrival time

                      0.000000    0.000000    0.000000   clock __VIRTUAL_CLK__ (rise edge)
                                  0.000000    0.000000   clock network delay (ideal)
                                  0.250000    0.250000   clock uncertainty
                                  0.000000    0.250000   clock reconvergence pessimism
                                 -5.000000   -4.750000   output external delay
                                             -4.750000   data required time
---------------------------------------------------------------------------------------------
                                             -4.750000   data required time
                                             -5.332478   data arrival time
---------------------------------------------------------------------------------------------
                                             10.082478   slack (MET)



