Clock: clk
Sources: clk 
Generated: no
Virtual: yes
Propagated: no
Period: 25.000000

===========================================================================
report_clock_properties
============================================================================
Clock                   Period          Waveform
----------------------------------------------------
clk                  25.000000    0.000000 12.500000

===========================================================================
report_clock_latency
============================================================================
Clock clk
rise -> rise
    min     max
0.000000 0.000000 source latency
0.442046         network latency _541_/CLK
        0.447682 network latency _635_/CLK
---------------
0.442046 0.447682 latency
        0.005635 skew

fall -> fall
    min     max
0.000000 0.000000 source latency
0.392626         network latency _541_/CLK
        0.396854 network latency _635_/CLK
---------------
0.392626 0.396854 latency
        0.004228 skew



===========================================================================
report_clock_min_period
============================================================================
clk period_min = 1.53 fmax = 651.75
