
==========================================================================
floorplan final report_tns
--------------------------------------------------------------------------
tns max 0.00

==========================================================================
floorplan final report_wns
--------------------------------------------------------------------------
wns max 0.00

==========================================================================
floorplan final report_worst_slack
--------------------------------------------------------------------------
worst slack max INF

==========================================================================
floorplan final report_clock_min_period
--------------------------------------------------------------------------
virt period_min = 0.00 fmax = inf

==========================================================================
floorplan final report_checks -path_delay min
--------------------------------------------------------------------------
No paths found.

==========================================================================
floorplan final report_checks -path_delay max
--------------------------------------------------------------------------
No paths found.

==========================================================================
floorplan final report_checks -unconstrained
--------------------------------------------------------------------------
Startpoint: opcode[2] (input port)
Endpoint: ALUControl[1] (output port)
Path Group: unconstrained
Path Type: max

Fanout     Cap    Slew   Delay    Time   Description
-----------------------------------------------------------------------------
                          0.00    0.00 v input external delay
     8    0.02    0.00    0.00    0.00 v opcode[2] (in)
                                         opcode[2] (net)
                  0.00    0.00    0.00 v _30_/A (sky130_fd_sc_hd__nor3_1)
     3    0.01    0.25    0.23    0.23 ^ _30_/Y (sky130_fd_sc_hd__nor3_1)
                                         _09_ (net)
                  0.25    0.00    0.23 ^ _31_/B1 (sky130_fd_sc_hd__a21oi_1)
     1    0.00    0.06    0.06    0.29 v _31_/Y (sky130_fd_sc_hd__a21oi_1)
                                         _10_ (net)
                  0.06    0.00    0.29 v _32_/A1 (sky130_fd_sc_hd__mux2i_1)
     1    0.00    0.06    0.09    0.38 ^ _32_/Y (sky130_fd_sc_hd__mux2i_1)
                                         ALUControl[1] (net)
                  0.06    0.00    0.38 ^ ALUControl[1] (out)
                                  0.38   data arrival time
-----------------------------------------------------------------------------
(Path is unconstrained)



==========================================================================
floorplan final report_power
--------------------------------------------------------------------------
Group                  Internal  Switching    Leakage      Total
                          Power      Power      Power      Power (Watts)
----------------------------------------------------------------
Sequential             0.00e+00   0.00e+00   0.00e+00   0.00e+00   0.0%
Combinational          2.18e-06   8.44e-07   6.41e-11   3.02e-06 100.0%
Clock                  0.00e+00   0.00e+00   0.00e+00   0.00e+00   0.0%
Macro                  0.00e+00   0.00e+00   0.00e+00   0.00e+00   0.0%
Pad                    0.00e+00   0.00e+00   0.00e+00   0.00e+00   0.0%
----------------------------------------------------------------
Total                  2.18e-06   8.44e-07   6.41e-11   3.02e-06 100.0%
                          72.1%      27.9%       0.0%
