
==========================================================================
global route report_tns
--------------------------------------------------------------------------
tns max 0.00

==========================================================================
global route report_wns
--------------------------------------------------------------------------
wns max 0.00

==========================================================================
global route report_worst_slack
--------------------------------------------------------------------------
worst slack max INF

==========================================================================
global route report_clock_min_period
--------------------------------------------------------------------------
virt period_min = 0.00 fmax = inf

==========================================================================
global route report_clock_skew
--------------------------------------------------------------------------
Clock virt
No launch/capture paths found.


==========================================================================
global route report_checks -path_delay min
--------------------------------------------------------------------------
No paths found.

==========================================================================
global route report_checks -path_delay max
--------------------------------------------------------------------------
No paths found.

==========================================================================
global route report_checks -unconstrained
--------------------------------------------------------------------------
Startpoint: opcode[0] (input port)
Endpoint: ALUControl[0] (output port)
Path Group: unconstrained
Path Type: max

Fanout     Cap    Slew   Delay    Time   Description
-----------------------------------------------------------------------------
                          0.00    0.00 ^ input external delay
     1    0.01    0.00    0.00    0.00 ^ opcode[0] (in)
                                         opcode[0] (net)
                  0.00    0.00    0.00 ^ input5/A (sky130_fd_sc_hd__clkdlybuf4s50_1)
     9    0.04    0.37    0.69    0.69 ^ input5/X (sky130_fd_sc_hd__clkdlybuf4s50_1)
                                         net5 (net)
                  0.37    0.00    0.69 ^ _24_/C_N (sky130_fd_sc_hd__nor3b_4)
     4    0.02    0.25    0.34    1.02 ^ _24_/Y (sky130_fd_sc_hd__nor3b_4)
                                         _04_ (net)
                  0.25    0.00    1.03 ^ _26_/B (sky130_fd_sc_hd__nand4b_1)
     1    0.01    0.11    0.15    1.17 v _26_/Y (sky130_fd_sc_hd__nand4b_1)
                                         _06_ (net)
                  0.11    0.00    1.17 v _27_/B1 (sky130_fd_sc_hd__o31ai_1)
     1    0.00    0.25    0.10    1.28 ^ _27_/Y (sky130_fd_sc_hd__o31ai_1)
                                         net9 (net)
                  0.25    0.00    1.28 ^ output9/A (sky130_fd_sc_hd__clkdlybuf4s50_1)
     1    0.00    0.06    0.54    1.81 ^ output9/X (sky130_fd_sc_hd__clkdlybuf4s50_1)
                                         ALUControl[0] (net)
                  0.06    0.00    1.81 ^ ALUControl[0] (out)
                                  1.81   data arrival time
-----------------------------------------------------------------------------
(Path is unconstrained)



==========================================================================
global route report_check_types -max_slew -max_cap -max_fanout -violators
--------------------------------------------------------------------------

==========================================================================
global route max_slew_check_slack
--------------------------------------------------------------------------
1.0912137031555176

==========================================================================
global route max_slew_check_limit
--------------------------------------------------------------------------
1.4885469675064087

==========================================================================
global route max_slew_check_slack_limit
--------------------------------------------------------------------------
0.7331

==========================================================================
global route max_fanout_check_slack
--------------------------------------------------------------------------
1.0000000150474662e+30

==========================================================================
global route max_fanout_check_limit
--------------------------------------------------------------------------
1.0000000150474662e+30

==========================================================================
global route max_capacitance_check_slack
--------------------------------------------------------------------------
0.039704930037260056

==========================================================================
global route max_capacitance_check_limit
--------------------------------------------------------------------------
0.052195001393556595

==========================================================================
global route max_capacitance_check_slack_limit
--------------------------------------------------------------------------
0.7607

==========================================================================
global route max_slew_violation_count
--------------------------------------------------------------------------
max slew violation count 0

==========================================================================
global route max_fanout_violation_count
--------------------------------------------------------------------------
max fanout violation count 0

==========================================================================
global route max_cap_violation_count
--------------------------------------------------------------------------
max cap violation count 0

==========================================================================
global route setup_violation_count
--------------------------------------------------------------------------
setup violation count 0

==========================================================================
global route hold_violation_count
--------------------------------------------------------------------------
hold violation count 0

==========================================================================
global route critical path delay
--------------------------------------------------------------------------
-1

==========================================================================
global route critical path slack
--------------------------------------------------------------------------
0

==========================================================================
global route slack div critical path delay
--------------------------------------------------------------------------
0.000000

==========================================================================
global route report_power
--------------------------------------------------------------------------
Group                  Internal  Switching    Leakage      Total
                          Power      Power      Power      Power (Watts)
----------------------------------------------------------------
Sequential             0.00e+00   0.00e+00   0.00e+00   0.00e+00   0.0%
Combinational          8.12e-06   5.76e-06   1.35e-10   1.39e-05 100.0%
Clock                  0.00e+00   0.00e+00   0.00e+00   0.00e+00   0.0%
Macro                  0.00e+00   0.00e+00   0.00e+00   0.00e+00   0.0%
Pad                    0.00e+00   0.00e+00   0.00e+00   0.00e+00   0.0%
----------------------------------------------------------------
Total                  8.12e-06   5.76e-06   1.35e-10   1.39e-05 100.0%
                          58.5%      41.5%       0.0%
