
===========================================================================
report_checks -path_delay max (Setup)
============================================================================
======================= max_ff_n40C_1v95 Corner ===================================

Startpoint: pc[1] (input port clocked by clk)
Endpoint: _125_ (rising edge-triggered flip-flop clocked by clk)
Path Group: clk
Path Type: max

Fanout         Cap        Slew       Delay        Time   Description
---------------------------------------------------------------------------------------------
                                  0.000000    0.000000   clock clk (rise edge)
                                  0.000000    0.000000   clock network delay (propagated)
                                  2.000000    2.000000 v input external delay
     1    0.002396    0.004123    0.001956    2.001956 v pc[1] (in)
                                                         pc[1] (net)
                      0.004126    0.000000    2.001956 v input7/A (sky130_fd_sc_hd__dlymetal6s2s_1)
     5    0.021738    0.081872    0.124738    2.126695 v input7/X (sky130_fd_sc_hd__dlymetal6s2s_1)
                                                         net7 (net)
                      0.081932    0.001227    2.127922 v fanout35/A (sky130_fd_sc_hd__clkbuf_4)
    10    0.049802    0.076915    0.158106    2.286028 v fanout35/X (sky130_fd_sc_hd__clkbuf_4)
                                                         net35 (net)
                      0.077346    0.004501    2.290528 v _083_/A (sky130_fd_sc_hd__and2_1)
     6    0.024101    0.086936    0.157820    2.448349 v _083_/X (sky130_fd_sc_hd__and2_1)
                                                         _037_ (net)
                      0.087044    0.002738    2.451087 v _106_/B (sky130_fd_sc_hd__or4_1)
     1    0.003941    0.058830    0.303079    2.754166 v _106_/X (sky130_fd_sc_hd__or4_1)
                                                         _053_ (net)
                      0.058830    0.000243    2.754409 v _107_/A2 (sky130_fd_sc_hd__a21oi_1)
     1    0.003535    0.086119    0.110864    2.865273 ^ _107_/Y (sky130_fd_sc_hd__a21oi_1)
                                                         _009_ (net)
                      0.086119    0.000218    2.865491 ^ _125_/D (sky130_fd_sc_hd__dfxtp_1)
                                              2.865491   data arrival time

                                 10.000000   10.000000   clock clk (rise edge)
                                  0.000000   10.000000   clock source latency
     1    0.016772    0.061024    0.041696   10.041697 ^ clk (in)
                                                         clk (net)
                      0.061041    0.000000   10.041697 ^ clkbuf_0_clk/A (sky130_fd_sc_hd__clkbuf_16)
     2    0.019147    0.030798    0.092213   10.133910 ^ clkbuf_0_clk/X (sky130_fd_sc_hd__clkbuf_16)
                                                         clknet_0_clk (net)
                      0.030808    0.000702   10.134612 ^ clkbuf_1_1__f_clk/A (sky130_fd_sc_hd__clkbuf_16)
     8    0.026377    0.035601    0.088306   10.222918 ^ clkbuf_1_1__f_clk/X (sky130_fd_sc_hd__clkbuf_16)
                                                         clknet_1_1__leaf_clk (net)
                      0.035669    0.001319   10.224236 ^ _125_/CLK (sky130_fd_sc_hd__dfxtp_1)
                                 -0.250000    9.974236   clock uncertainty
                                  0.000000    9.974236   clock reconvergence pessimism
                                 -0.033751    9.940486   library setup time
                                              9.940486   data required time
---------------------------------------------------------------------------------------------
                                              9.940486   data required time
                                             -2.865491   data arrival time
---------------------------------------------------------------------------------------------
                                              7.074995   slack (MET)


Startpoint: _122_ (rising edge-triggered flip-flop clocked by clk)
Endpoint: instruction[7] (output port clocked by clk)
Path Group: clk
Path Type: max

Fanout         Cap        Slew       Delay        Time   Description
---------------------------------------------------------------------------------------------
                                  0.000000    0.000000   clock clk (rise edge)
                                  0.000000    0.000000   clock source latency
     1    0.016772    0.061024    0.041697    0.041697 ^ clk (in)
                                                         clk (net)
                      0.061041    0.000000    0.041697 ^ clkbuf_0_clk/A (sky130_fd_sc_hd__clkbuf_16)
     2    0.019147    0.030798    0.092213    0.133910 ^ clkbuf_0_clk/X (sky130_fd_sc_hd__clkbuf_16)
                                                         clknet_0_clk (net)
                      0.030809    0.000761    0.134671 ^ clkbuf_1_0__f_clk/A (sky130_fd_sc_hd__clkbuf_16)
     7    0.031485    0.039087    0.091588    0.226259 ^ clkbuf_1_0__f_clk/X (sky130_fd_sc_hd__clkbuf_16)
                                                         clknet_1_0__leaf_clk (net)
                      0.039181    0.001637    0.227896 ^ _122_/CLK (sky130_fd_sc_hd__dfxtp_1)
     2    0.008742    0.068481    0.215292    0.443188 ^ _122_/Q (sky130_fd_sc_hd__dfxtp_1)
                                                         net22 (net)
                      0.068485    0.000594    0.443782 ^ _131_/A (sky130_fd_sc_hd__clkbuf_1)
     1    0.003627    0.039100    0.062021    0.505803 ^ _131_/X (sky130_fd_sc_hd__clkbuf_1)
                                                         net29 (net)
                      0.039101    0.000272    0.506075 ^ output29/A (sky130_fd_sc_hd__buf_2)
     1    0.034739    0.129582    0.140175    0.646250 ^ output29/X (sky130_fd_sc_hd__buf_2)
                                                         instruction[7] (net)
                      0.129615    0.001714    0.647964 ^ instruction[7] (out)
                                              0.647964   data arrival time

                                 10.000000   10.000000   clock clk (rise edge)
                                  0.000000   10.000000   clock network delay (propagated)
                                 -0.250000    9.750000   clock uncertainty
                                  0.000000    9.750000   clock reconvergence pessimism
                                 -2.000000    7.750000   output external delay
                                              7.750000   data required time
---------------------------------------------------------------------------------------------
                                              7.750000   data required time
                                             -0.647964   data arrival time
---------------------------------------------------------------------------------------------
                                              7.102036   slack (MET)


Startpoint: _124_ (rising edge-triggered flip-flop clocked by clk)
Endpoint: instruction[5] (output port clocked by clk)
Path Group: clk
Path Type: max

Fanout         Cap        Slew       Delay        Time   Description
---------------------------------------------------------------------------------------------
                                  0.000000    0.000000   clock clk (rise edge)
                                  0.000000    0.000000   clock source latency
     1    0.016772    0.061024    0.041697    0.041697 ^ clk (in)
                                                         clk (net)
                      0.061041    0.000000    0.041697 ^ clkbuf_0_clk/A (sky130_fd_sc_hd__clkbuf_16)
     2    0.019147    0.030798    0.092213    0.133910 ^ clkbuf_0_clk/X (sky130_fd_sc_hd__clkbuf_16)
                                                         clknet_0_clk (net)
                      0.030808    0.000702    0.134612 ^ clkbuf_1_1__f_clk/A (sky130_fd_sc_hd__clkbuf_16)
     8    0.026377    0.035601    0.088306    0.222917 ^ clkbuf_1_1__f_clk/X (sky130_fd_sc_hd__clkbuf_16)
                                                         clknet_1_1__leaf_clk (net)
                      0.035687    0.001464    0.224381 ^ _124_/CLK (sky130_fd_sc_hd__dfxtp_1)
     2    0.009415    0.072991    0.217476    0.441857 ^ _124_/Q (sky130_fd_sc_hd__dfxtp_1)
                                                         net31 (net)
                      0.072995    0.000645    0.442502 ^ _130_/A (sky130_fd_sc_hd__clkbuf_1)
     1    0.003595    0.038882    0.062140    0.504642 ^ _130_/X (sky130_fd_sc_hd__clkbuf_1)
                                                         net27 (net)
                      0.038883    0.000266    0.504908 ^ output27/A (sky130_fd_sc_hd__buf_2)
     1    0.034444    0.128537    0.139420    0.644328 ^ output27/X (sky130_fd_sc_hd__buf_2)
                                                         instruction[5] (net)
                      0.128568    0.001660    0.645988 ^ instruction[5] (out)
                                              0.645988   data arrival time

                                 10.000000   10.000000   clock clk (rise edge)
                                  0.000000   10.000000   clock network delay (propagated)
                                 -0.250000    9.750000   clock uncertainty
                                  0.000000    9.750000   clock reconvergence pessimism
                                 -2.000000    7.750000   output external delay
                                              7.750000   data required time
---------------------------------------------------------------------------------------------
                                              7.750000   data required time
                                             -0.645988   data arrival time
---------------------------------------------------------------------------------------------
                                              7.104012   slack (MET)


Startpoint: pc[13] (input port clocked by clk)
Endpoint: _116_ (rising edge-triggered flip-flop clocked by clk)
Path Group: clk
Path Type: max

Fanout         Cap        Slew       Delay        Time   Description
---------------------------------------------------------------------------------------------
                                  0.000000    0.000000   clock clk (rise edge)
                                  0.000000    0.000000   clock network delay (propagated)
                                  2.000000    2.000000 v input external delay
     1    0.002739    0.004625    0.002264    2.002264 v pc[13] (in)
                                                         pc[13] (net)
                      0.004628    0.000000    2.002264 v input4/A (sky130_fd_sc_hd__clkbuf_1)
     1    0.002930    0.018782    0.046934    2.049198 v input4/X (sky130_fd_sc_hd__clkbuf_1)
                                                         net4 (net)
                      0.018783    0.000118    2.049316 v _062_/A (sky130_fd_sc_hd__or4_1)
     2    0.008104    0.076575    0.320060    2.369376 v _062_/X (sky130_fd_sc_hd__or4_1)
                                                         _018_ (net)
                      0.076578    0.000546    2.369922 v _065_/C (sky130_fd_sc_hd__or4_4)
    10    0.036858    0.095228    0.347870    2.717791 v _065_/X (sky130_fd_sc_hd__or4_4)
                                                         _021_ (net)
                      0.095882    0.005617    2.723408 v _073_/B1 (sky130_fd_sc_hd__a21oi_1)
     1    0.004646    0.100831    0.089195    2.812603 ^ _073_/Y (sky130_fd_sc_hd__a21oi_1)
                                                         _000_ (net)
                      0.100831    0.000330    2.812933 ^ _116_/D (sky130_fd_sc_hd__dfxtp_1)
                                              2.812933   data arrival time

                                 10.000000   10.000000   clock clk (rise edge)
                                  0.000000   10.000000   clock source latency
     1    0.016772    0.061024    0.041696   10.041697 ^ clk (in)
                                                         clk (net)
                      0.061041    0.000000   10.041697 ^ clkbuf_0_clk/A (sky130_fd_sc_hd__clkbuf_16)
     2    0.019147    0.030798    0.092213   10.133910 ^ clkbuf_0_clk/X (sky130_fd_sc_hd__clkbuf_16)
                                                         clknet_0_clk (net)
                      0.030808    0.000702   10.134612 ^ clkbuf_1_1__f_clk/A (sky130_fd_sc_hd__clkbuf_16)
     8    0.026377    0.035601    0.088306   10.222918 ^ clkbuf_1_1__f_clk/X (sky130_fd_sc_hd__clkbuf_16)
                                                         clknet_1_1__leaf_clk (net)
                      0.035684    0.001443   10.224361 ^ _116_/CLK (sky130_fd_sc_hd__dfxtp_1)
                                 -0.250000    9.974361   clock uncertainty
                                  0.000000    9.974361   clock reconvergence pessimism
                                 -0.035074    9.939287   library setup time
                                              9.939287   data required time
---------------------------------------------------------------------------------------------
                                              9.939287   data required time
                                             -2.812933   data arrival time
---------------------------------------------------------------------------------------------
                                              7.126354   slack (MET)


Startpoint: pc[13] (input port clocked by clk)
Endpoint: _129_ (rising edge-triggered flip-flop clocked by clk)
Path Group: clk
Path Type: max

Fanout         Cap        Slew       Delay        Time   Description
---------------------------------------------------------------------------------------------
                                  0.000000    0.000000   clock clk (rise edge)
                                  0.000000    0.000000   clock network delay (propagated)
                                  2.000000    2.000000 v input external delay
     1    0.002739    0.004625    0.002264    2.002264 v pc[13] (in)
                                                         pc[13] (net)
                      0.004628    0.000000    2.002264 v input4/A (sky130_fd_sc_hd__clkbuf_1)
     1    0.002930    0.018782    0.046934    2.049198 v input4/X (sky130_fd_sc_hd__clkbuf_1)
                                                         net4 (net)
                      0.018783    0.000118    2.049316 v _062_/A (sky130_fd_sc_hd__or4_1)
     2    0.008104    0.076575    0.320060    2.369376 v _062_/X (sky130_fd_sc_hd__or4_1)
                                                         _018_ (net)
                      0.076578    0.000546    2.369922 v _065_/C (sky130_fd_sc_hd__or4_4)
    10    0.036858    0.095228    0.347870    2.717791 v _065_/X (sky130_fd_sc_hd__or4_4)
                                                         _021_ (net)
                      0.095992    0.006182    2.723973 v _115_/B1 (sky130_fd_sc_hd__a21oi_1)
     1    0.004371    0.096960    0.087160    2.811133 ^ _115_/Y (sky130_fd_sc_hd__a21oi_1)
                                                         _013_ (net)
                      0.096960    0.000265    2.811398 ^ _129_/D (sky130_fd_sc_hd__dfxtp_1)
                                              2.811398   data arrival time

                                 10.000000   10.000000   clock clk (rise edge)
                                  0.000000   10.000000   clock source latency
     1    0.016772    0.061024    0.041696   10.041697 ^ clk (in)
                                                         clk (net)
                      0.061041    0.000000   10.041697 ^ clkbuf_0_clk/A (sky130_fd_sc_hd__clkbuf_16)
     2    0.019147    0.030798    0.092213   10.133910 ^ clkbuf_0_clk/X (sky130_fd_sc_hd__clkbuf_16)
                                                         clknet_0_clk (net)
                      0.030808    0.000702   10.134612 ^ clkbuf_1_1__f_clk/A (sky130_fd_sc_hd__clkbuf_16)
     8    0.026377    0.035601    0.088306   10.222918 ^ clkbuf_1_1__f_clk/X (sky130_fd_sc_hd__clkbuf_16)
                                                         clknet_1_1__leaf_clk (net)
                      0.035673    0.001352   10.224270 ^ _129_/CLK (sky130_fd_sc_hd__dfxtp_1)
                                 -0.250000    9.974270   clock uncertainty
                                  0.000000    9.974270   clock reconvergence pessimism
                                 -0.034726    9.939544   library setup time
                                              9.939544   data required time
---------------------------------------------------------------------------------------------
                                              9.939544   data required time
                                             -2.811398   data arrival time
---------------------------------------------------------------------------------------------
                                              7.128146   slack (MET)


Startpoint: pc[13] (input port clocked by clk)
Endpoint: _123_ (rising edge-triggered flip-flop clocked by clk)
Path Group: clk
Path Type: max

Fanout         Cap        Slew       Delay        Time   Description
---------------------------------------------------------------------------------------------
                                  0.000000    0.000000   clock clk (rise edge)
                                  0.000000    0.000000   clock network delay (propagated)
                                  2.000000    2.000000 v input external delay
     1    0.002739    0.004625    0.002264    2.002264 v pc[13] (in)
                                                         pc[13] (net)
                      0.004628    0.000000    2.002264 v input4/A (sky130_fd_sc_hd__clkbuf_1)
     1    0.002930    0.018782    0.046934    2.049198 v input4/X (sky130_fd_sc_hd__clkbuf_1)
                                                         net4 (net)
                      0.018783    0.000118    2.049316 v _062_/A (sky130_fd_sc_hd__or4_1)
     2    0.008104    0.076575    0.320060    2.369376 v _062_/X (sky130_fd_sc_hd__or4_1)
                                                         _018_ (net)
                      0.076578    0.000546    2.369922 v _065_/C (sky130_fd_sc_hd__or4_4)
    10    0.036858    0.095228    0.347870    2.717791 v _065_/X (sky130_fd_sc_hd__or4_4)
                                                         _021_ (net)
                      0.095777    0.005034    2.722825 v _103_/B1 (sky130_fd_sc_hd__a21oi_1)
     1    0.004441    0.097886    0.087605    2.810430 ^ _103_/Y (sky130_fd_sc_hd__a21oi_1)
                                                         _007_ (net)
                      0.097887    0.000281    2.810711 ^ _123_/D (sky130_fd_sc_hd__dfxtp_1)
                                              2.810711   data arrival time

                                 10.000000   10.000000   clock clk (rise edge)
                                  0.000000   10.000000   clock source latency
     1    0.016772    0.061024    0.041696   10.041697 ^ clk (in)
                                                         clk (net)
                      0.061041    0.000000   10.041697 ^ clkbuf_0_clk/A (sky130_fd_sc_hd__clkbuf_16)
     2    0.019147    0.030798    0.092213   10.133910 ^ clkbuf_0_clk/X (sky130_fd_sc_hd__clkbuf_16)
                                                         clknet_0_clk (net)
                      0.030808    0.000702   10.134612 ^ clkbuf_1_1__f_clk/A (sky130_fd_sc_hd__clkbuf_16)
     8    0.026377    0.035601    0.088306   10.222918 ^ clkbuf_1_1__f_clk/X (sky130_fd_sc_hd__clkbuf_16)
                                                         clknet_1_1__leaf_clk (net)
                      0.035692    0.001508   10.224426 ^ _123_/CLK (sky130_fd_sc_hd__dfxtp_1)
                                 -0.250000    9.974426   clock uncertainty
                                  0.000000    9.974426   clock reconvergence pessimism
                                 -0.034809    9.939617   library setup time
                                              9.939617   data required time
---------------------------------------------------------------------------------------------
                                              9.939617   data required time
                                             -2.810711   data arrival time
---------------------------------------------------------------------------------------------
                                              7.128906   slack (MET)


Startpoint: pc[13] (input port clocked by clk)
Endpoint: _121_ (rising edge-triggered flip-flop clocked by clk)
Path Group: clk
Path Type: max

Fanout         Cap        Slew       Delay        Time   Description
---------------------------------------------------------------------------------------------
                                  0.000000    0.000000   clock clk (rise edge)
                                  0.000000    0.000000   clock network delay (propagated)
                                  2.000000    2.000000 v input external delay
     1    0.002739    0.004625    0.002264    2.002264 v pc[13] (in)
                                                         pc[13] (net)
                      0.004628    0.000000    2.002264 v input4/A (sky130_fd_sc_hd__clkbuf_1)
     1    0.002930    0.018782    0.046934    2.049198 v input4/X (sky130_fd_sc_hd__clkbuf_1)
                                                         net4 (net)
                      0.018783    0.000118    2.049316 v _062_/A (sky130_fd_sc_hd__or4_1)
     2    0.008104    0.076575    0.320060    2.369376 v _062_/X (sky130_fd_sc_hd__or4_1)
                                                         _018_ (net)
                      0.076578    0.000546    2.369922 v _065_/C (sky130_fd_sc_hd__or4_4)
    10    0.036858    0.095228    0.347870    2.717791 v _065_/X (sky130_fd_sc_hd__or4_4)
                                                         _021_ (net)
                      0.095989    0.006168    2.723959 v _100_/B1 (sky130_fd_sc_hd__a21oi_1)
     1    0.004027    0.092421    0.084521    2.808480 ^ _100_/Y (sky130_fd_sc_hd__a21oi_1)
                                                         _005_ (net)
                      0.092421    0.000246    2.808727 ^ _121_/D (sky130_fd_sc_hd__dfxtp_1)
                                              2.808727   data arrival time

                                 10.000000   10.000000   clock clk (rise edge)
                                  0.000000   10.000000   clock source latency
     1    0.016772    0.061024    0.041696   10.041697 ^ clk (in)
                                                         clk (net)
                      0.061041    0.000000   10.041697 ^ clkbuf_0_clk/A (sky130_fd_sc_hd__clkbuf_16)
     2    0.019147    0.030798    0.092213   10.133910 ^ clkbuf_0_clk/X (sky130_fd_sc_hd__clkbuf_16)
                                                         clknet_0_clk (net)
                      0.030808    0.000702   10.134612 ^ clkbuf_1_1__f_clk/A (sky130_fd_sc_hd__clkbuf_16)
     8    0.026377    0.035601    0.088306   10.222918 ^ clkbuf_1_1__f_clk/X (sky130_fd_sc_hd__clkbuf_16)
                                                         clknet_1_1__leaf_clk (net)
                      0.035682    0.001428   10.224346 ^ _121_/CLK (sky130_fd_sc_hd__dfxtp_1)
                                 -0.250000    9.974346   clock uncertainty
                                  0.000000    9.974346   clock reconvergence pessimism
                                 -0.034317    9.940028   library setup time
                                              9.940028   data required time
---------------------------------------------------------------------------------------------
                                              9.940028   data required time
                                             -2.808727   data arrival time
---------------------------------------------------------------------------------------------
                                              7.131302   slack (MET)


Startpoint: pc[13] (input port clocked by clk)
Endpoint: _126_ (rising edge-triggered flip-flop clocked by clk)
Path Group: clk
Path Type: max

Fanout         Cap        Slew       Delay        Time   Description
---------------------------------------------------------------------------------------------
                                  0.000000    0.000000   clock clk (rise edge)
                                  0.000000    0.000000   clock network delay (propagated)
                                  2.000000    2.000000 v input external delay
     1    0.002739    0.004625    0.002264    2.002264 v pc[13] (in)
                                                         pc[13] (net)
                      0.004628    0.000000    2.002264 v input4/A (sky130_fd_sc_hd__clkbuf_1)
     1    0.002930    0.018782    0.046934    2.049198 v input4/X (sky130_fd_sc_hd__clkbuf_1)
                                                         net4 (net)
                      0.018783    0.000118    2.049316 v _062_/A (sky130_fd_sc_hd__or4_1)
     2    0.008104    0.076575    0.320060    2.369376 v _062_/X (sky130_fd_sc_hd__or4_1)
                                                         _018_ (net)
                      0.076576    0.000442    2.369818 v _064_/C (sky130_fd_sc_hd__nor4_1)
     2    0.007433    0.257079    0.242706    2.612524 ^ _064_/Y (sky130_fd_sc_hd__nor4_1)
                                                         _020_ (net)
                      0.257080    0.000387    2.612911 ^ max_cap32/A (sky130_fd_sc_hd__buf_1)
     3    0.011100    0.102304    0.108287    2.721198 ^ max_cap32/X (sky130_fd_sc_hd__buf_1)
                                                         net32 (net)
                      0.102309    0.000618    2.721816 ^ _108_/C1 (sky130_fd_sc_hd__o221a_1)
     1    0.003643    0.041991    0.086707    2.808523 ^ _108_/X (sky130_fd_sc_hd__o221a_1)
                                                         _010_ (net)
                      0.041992    0.000255    2.808778 ^ _126_/D (sky130_fd_sc_hd__dfxtp_1)
                                              2.808778   data arrival time

                                 10.000000   10.000000   clock clk (rise edge)
                                  0.000000   10.000000   clock source latency
     1    0.016772    0.061024    0.041696   10.041697 ^ clk (in)
                                                         clk (net)
                      0.061041    0.000000   10.041697 ^ clkbuf_0_clk/A (sky130_fd_sc_hd__clkbuf_16)
     2    0.019147    0.030798    0.092213   10.133910 ^ clkbuf_0_clk/X (sky130_fd_sc_hd__clkbuf_16)
                                                         clknet_0_clk (net)
                      0.030809    0.000761   10.134671 ^ clkbuf_1_0__f_clk/A (sky130_fd_sc_hd__clkbuf_16)
     7    0.031485    0.039087    0.091588   10.226259 ^ clkbuf_1_0__f_clk/X (sky130_fd_sc_hd__clkbuf_16)
                                                         clknet_1_0__leaf_clk (net)
                      0.039186    0.001688   10.227947 ^ _126_/CLK (sky130_fd_sc_hd__dfxtp_1)
                                 -0.250000    9.977947   clock uncertainty
                                  0.000000    9.977947   clock reconvergence pessimism
                                 -0.029674    9.948274   library setup time
                                              9.948274   data required time
---------------------------------------------------------------------------------------------
                                              9.948274   data required time
                                             -2.808778   data arrival time
---------------------------------------------------------------------------------------------
                                              7.139495   slack (MET)


Startpoint: pc[13] (input port clocked by clk)
Endpoint: _127_ (rising edge-triggered flip-flop clocked by clk)
Path Group: clk
Path Type: max

Fanout         Cap        Slew       Delay        Time   Description
---------------------------------------------------------------------------------------------
                                  0.000000    0.000000   clock clk (rise edge)
                                  0.000000    0.000000   clock network delay (propagated)
                                  2.000000    2.000000 v input external delay
     1    0.002739    0.004625    0.002264    2.002264 v pc[13] (in)
                                                         pc[13] (net)
                      0.004628    0.000000    2.002264 v input4/A (sky130_fd_sc_hd__clkbuf_1)
     1    0.002930    0.018782    0.046934    2.049198 v input4/X (sky130_fd_sc_hd__clkbuf_1)
                                                         net4 (net)
                      0.018783    0.000118    2.049316 v _062_/A (sky130_fd_sc_hd__or4_1)
     2    0.008104    0.076575    0.320060    2.369376 v _062_/X (sky130_fd_sc_hd__or4_1)
                                                         _018_ (net)
                      0.076578    0.000546    2.369922 v _065_/C (sky130_fd_sc_hd__or4_4)
    10    0.036858    0.095228    0.347870    2.717791 v _065_/X (sky130_fd_sc_hd__or4_4)
                                                         _021_ (net)
                      0.095893    0.005676    2.723467 v _110_/B1 (sky130_fd_sc_hd__a21oi_1)
     1    0.003071    0.079789    0.077146    2.800613 ^ _110_/Y (sky130_fd_sc_hd__a21oi_1)
                                                         _011_ (net)
                      0.079790    0.000226    2.800838 ^ _127_/D (sky130_fd_sc_hd__dfxtp_1)
                                              2.800838   data arrival time

                                 10.000000   10.000000   clock clk (rise edge)
                                  0.000000   10.000000   clock source latency
     1    0.016772    0.061024    0.041696   10.041697 ^ clk (in)
                                                         clk (net)
                      0.061041    0.000000   10.041697 ^ clkbuf_0_clk/A (sky130_fd_sc_hd__clkbuf_16)
     2    0.019147    0.030798    0.092213   10.133910 ^ clkbuf_0_clk/X (sky130_fd_sc_hd__clkbuf_16)
                                                         clknet_0_clk (net)
                      0.030808    0.000702   10.134612 ^ clkbuf_1_1__f_clk/A (sky130_fd_sc_hd__clkbuf_16)
     8    0.026377    0.035601    0.088306   10.222918 ^ clkbuf_1_1__f_clk/X (sky130_fd_sc_hd__clkbuf_16)
                                                         clknet_1_1__leaf_clk (net)
                      0.035674    0.001361   10.224278 ^ _127_/CLK (sky130_fd_sc_hd__dfxtp_1)
                                 -0.250000    9.974278   clock uncertainty
                                  0.000000    9.974278   clock reconvergence pessimism
                                 -0.033181    9.941098   library setup time
                                              9.941098   data required time
---------------------------------------------------------------------------------------------
                                              9.941098   data required time
                                             -2.800838   data arrival time
---------------------------------------------------------------------------------------------
                                              7.140259   slack (MET)


Startpoint: pc[13] (input port clocked by clk)
Endpoint: _120_ (rising edge-triggered flip-flop clocked by clk)
Path Group: clk
Path Type: max

Fanout         Cap        Slew       Delay        Time   Description
---------------------------------------------------------------------------------------------
                                  0.000000    0.000000   clock clk (rise edge)
                                  0.000000    0.000000   clock network delay (propagated)
                                  2.000000    2.000000 v input external delay
     1    0.002739    0.004625    0.002264    2.002264 v pc[13] (in)
                                                         pc[13] (net)
                      0.004628    0.000000    2.002264 v input4/A (sky130_fd_sc_hd__clkbuf_1)
     1    0.002930    0.018782    0.046934    2.049198 v input4/X (sky130_fd_sc_hd__clkbuf_1)
                                                         net4 (net)
                      0.018783    0.000118    2.049316 v _062_/A (sky130_fd_sc_hd__or4_1)
     2    0.008104    0.076575    0.320060    2.369376 v _062_/X (sky130_fd_sc_hd__or4_1)
                                                         _018_ (net)
                      0.076578    0.000546    2.369922 v _065_/C (sky130_fd_sc_hd__or4_4)
    10    0.036858    0.095228    0.347870    2.717791 v _065_/X (sky130_fd_sc_hd__or4_4)
                                                         _021_ (net)
                      0.095945    0.005948    2.723740 v _097_/B1 (sky130_fd_sc_hd__a21oi_1)
     1    0.002934    0.078063    0.076139    2.799879 ^ _097_/Y (sky130_fd_sc_hd__a21oi_1)
                                                         _004_ (net)
                      0.078063    0.000121    2.799999 ^ _120_/D (sky130_fd_sc_hd__dfxtp_1)
                                              2.799999   data arrival time

                                 10.000000   10.000000   clock clk (rise edge)
                                  0.000000   10.000000   clock source latency
     1    0.016772    0.061024    0.041696   10.041697 ^ clk (in)
                                                         clk (net)
                      0.061041    0.000000   10.041697 ^ clkbuf_0_clk/A (sky130_fd_sc_hd__clkbuf_16)
     2    0.019147    0.030798    0.092213   10.133910 ^ clkbuf_0_clk/X (sky130_fd_sc_hd__clkbuf_16)
                                                         clknet_0_clk (net)
                      0.030808    0.000702   10.134612 ^ clkbuf_1_1__f_clk/A (sky130_fd_sc_hd__clkbuf_16)
     8    0.026377    0.035601    0.088306   10.222918 ^ clkbuf_1_1__f_clk/X (sky130_fd_sc_hd__clkbuf_16)
                                                         clknet_1_1__leaf_clk (net)
                      0.035670    0.001324   10.224242 ^ _120_/CLK (sky130_fd_sc_hd__dfxtp_1)
                                 -0.250000    9.974242   clock uncertainty
                                  0.000000    9.974242   clock reconvergence pessimism
                                 -0.033025    9.941217   library setup time
                                              9.941217   data required time
---------------------------------------------------------------------------------------------
                                              9.941217   data required time
                                             -2.799999   data arrival time
---------------------------------------------------------------------------------------------
                                              7.141218   slack (MET)


Startpoint: pc[13] (input port clocked by clk)
Endpoint: _124_ (rising edge-triggered flip-flop clocked by clk)
Path Group: clk
Path Type: max

Fanout         Cap        Slew       Delay        Time   Description
---------------------------------------------------------------------------------------------
                                  0.000000    0.000000   clock clk (rise edge)
                                  0.000000    0.000000   clock network delay (propagated)
                                  2.000000    2.000000 v input external delay
     1    0.002739    0.004625    0.002264    2.002264 v pc[13] (in)
                                                         pc[13] (net)
                      0.004628    0.000000    2.002264 v input4/A (sky130_fd_sc_hd__clkbuf_1)
     1    0.002930    0.018782    0.046934    2.049198 v input4/X (sky130_fd_sc_hd__clkbuf_1)
                                                         net4 (net)
                      0.018783    0.000118    2.049316 v _062_/A (sky130_fd_sc_hd__or4_1)
     2    0.008104    0.076575    0.320060    2.369376 v _062_/X (sky130_fd_sc_hd__or4_1)
                                                         _018_ (net)
                      0.076576    0.000442    2.369818 v _064_/C (sky130_fd_sc_hd__nor4_1)
     2    0.007433    0.257079    0.242706    2.612524 ^ _064_/Y (sky130_fd_sc_hd__nor4_1)
                                                         _020_ (net)
                      0.257080    0.000387    2.612911 ^ max_cap32/A (sky130_fd_sc_hd__buf_1)
     3    0.011100    0.102304    0.108287    2.721198 ^ max_cap32/X (sky130_fd_sc_hd__buf_1)
                                                         net32 (net)
                      0.102310    0.000647    2.721845 ^ _105_/C1 (sky130_fd_sc_hd__o211a_1)
     1    0.004288    0.037495    0.081096    2.802941 ^ _105_/X (sky130_fd_sc_hd__o211a_1)
                                                         _008_ (net)
                      0.037497    0.000305    2.803246 ^ _124_/D (sky130_fd_sc_hd__dfxtp_1)
                                              2.803246   data arrival time

                                 10.000000   10.000000   clock clk (rise edge)
                                  0.000000   10.000000   clock source latency
     1    0.016772    0.061024    0.041696   10.041697 ^ clk (in)
                                                         clk (net)
                      0.061041    0.000000   10.041697 ^ clkbuf_0_clk/A (sky130_fd_sc_hd__clkbuf_16)
     2    0.019147    0.030798    0.092213   10.133910 ^ clkbuf_0_clk/X (sky130_fd_sc_hd__clkbuf_16)
                                                         clknet_0_clk (net)
                      0.030808    0.000702   10.134612 ^ clkbuf_1_1__f_clk/A (sky130_fd_sc_hd__clkbuf_16)
     8    0.026377    0.035601    0.088306   10.222918 ^ clkbuf_1_1__f_clk/X (sky130_fd_sc_hd__clkbuf_16)
                                                         clknet_1_1__leaf_clk (net)
                      0.035687    0.001464   10.224381 ^ _124_/CLK (sky130_fd_sc_hd__dfxtp_1)
                                 -0.250000    9.974381   clock uncertainty
                                  0.000000    9.974381   clock reconvergence pessimism
                                 -0.029374    9.945007   library setup time
                                              9.945007   data required time
---------------------------------------------------------------------------------------------
                                              9.945007   data required time
                                             -2.803246   data arrival time
---------------------------------------------------------------------------------------------
                                              7.141761   slack (MET)


Startpoint: pc[13] (input port clocked by clk)
Endpoint: _118_ (rising edge-triggered flip-flop clocked by clk)
Path Group: clk
Path Type: max

Fanout         Cap        Slew       Delay        Time   Description
---------------------------------------------------------------------------------------------
                                  0.000000    0.000000   clock clk (rise edge)
                                  0.000000    0.000000   clock network delay (propagated)
                                  2.000000    2.000000 v input external delay
     1    0.002739    0.004625    0.002264    2.002264 v pc[13] (in)
                                                         pc[13] (net)
                      0.004628    0.000000    2.002264 v input4/A (sky130_fd_sc_hd__clkbuf_1)
     1    0.002930    0.018782    0.046934    2.049198 v input4/X (sky130_fd_sc_hd__clkbuf_1)
                                                         net4 (net)
                      0.018783    0.000118    2.049316 v _062_/A (sky130_fd_sc_hd__or4_1)
     2    0.008104    0.076575    0.320060    2.369376 v _062_/X (sky130_fd_sc_hd__or4_1)
                                                         _018_ (net)
                      0.076578    0.000546    2.369922 v _065_/C (sky130_fd_sc_hd__or4_4)
    10    0.036858    0.095228    0.347870    2.717791 v _065_/X (sky130_fd_sc_hd__or4_4)
                                                         _021_ (net)
                      0.095731    0.004759    2.722550 v _088_/B1 (sky130_fd_sc_hd__a21oi_1)
     1    0.003253    0.082239    0.078499    2.801049 ^ _088_/Y (sky130_fd_sc_hd__a21oi_1)
                                                         _002_ (net)
                      0.082239    0.000199    2.801248 ^ _118_/D (sky130_fd_sc_hd__dfxtp_1)
                                              2.801248   data arrival time

                                 10.000000   10.000000   clock clk (rise edge)
                                  0.000000   10.000000   clock source latency
     1    0.016772    0.061024    0.041696   10.041697 ^ clk (in)
                                                         clk (net)
                      0.061041    0.000000   10.041697 ^ clkbuf_0_clk/A (sky130_fd_sc_hd__clkbuf_16)
     2    0.019147    0.030798    0.092213   10.133910 ^ clkbuf_0_clk/X (sky130_fd_sc_hd__clkbuf_16)
                                                         clknet_0_clk (net)
                      0.030809    0.000761   10.134671 ^ clkbuf_1_0__f_clk/A (sky130_fd_sc_hd__clkbuf_16)
     7    0.031485    0.039087    0.091588   10.226259 ^ clkbuf_1_0__f_clk/X (sky130_fd_sc_hd__clkbuf_16)
                                                         clknet_1_0__leaf_clk (net)
                      0.039262    0.002307   10.228567 ^ _118_/CLK (sky130_fd_sc_hd__dfxtp_1)
                                 -0.250000    9.978567   clock uncertainty
                                  0.000000    9.978567   clock reconvergence pessimism
                                 -0.033289    9.945278   library setup time
                                              9.945278   data required time
---------------------------------------------------------------------------------------------
                                              9.945278   data required time
                                             -2.801248   data arrival time
---------------------------------------------------------------------------------------------
                                              7.144030   slack (MET)


Startpoint: pc[13] (input port clocked by clk)
Endpoint: _117_ (rising edge-triggered flip-flop clocked by clk)
Path Group: clk
Path Type: max

Fanout         Cap        Slew       Delay        Time   Description
---------------------------------------------------------------------------------------------
                                  0.000000    0.000000   clock clk (rise edge)
                                  0.000000    0.000000   clock network delay (propagated)
                                  2.000000    2.000000 v input external delay
     1    0.002739    0.004625    0.002264    2.002264 v pc[13] (in)
                                                         pc[13] (net)
                      0.004628    0.000000    2.002264 v input4/A (sky130_fd_sc_hd__clkbuf_1)
     1    0.002930    0.018782    0.046934    2.049198 v input4/X (sky130_fd_sc_hd__clkbuf_1)
                                                         net4 (net)
                      0.018783    0.000118    2.049316 v _062_/A (sky130_fd_sc_hd__or4_1)
     2    0.008104    0.076575    0.320060    2.369376 v _062_/X (sky130_fd_sc_hd__or4_1)
                                                         _018_ (net)
                      0.076578    0.000546    2.369922 v _065_/C (sky130_fd_sc_hd__or4_4)
    10    0.036858    0.095228    0.347870    2.717791 v _065_/X (sky130_fd_sc_hd__or4_4)
                                                         _021_ (net)
                      0.095639    0.004174    2.721966 v _079_/B1 (sky130_fd_sc_hd__a21oi_1)
     1    0.003286    0.082637    0.078704    2.800670 ^ _079_/Y (sky130_fd_sc_hd__a21oi_1)
                                                         _001_ (net)
                      0.082638    0.000222    2.800893 ^ _117_/D (sky130_fd_sc_hd__dfxtp_1)
                                              2.800893   data arrival time

                                 10.000000   10.000000   clock clk (rise edge)
                                  0.000000   10.000000   clock source latency
     1    0.016772    0.061024    0.041696   10.041697 ^ clk (in)
                                                         clk (net)
                      0.061041    0.000000   10.041697 ^ clkbuf_0_clk/A (sky130_fd_sc_hd__clkbuf_16)
     2    0.019147    0.030798    0.092213   10.133910 ^ clkbuf_0_clk/X (sky130_fd_sc_hd__clkbuf_16)
                                                         clknet_0_clk (net)
                      0.030809    0.000761   10.134671 ^ clkbuf_1_0__f_clk/A (sky130_fd_sc_hd__clkbuf_16)
     7    0.031485    0.039087    0.091588   10.226259 ^ clkbuf_1_0__f_clk/X (sky130_fd_sc_hd__clkbuf_16)
                                                         clknet_1_0__leaf_clk (net)
                      0.039246    0.002190   10.228450 ^ _117_/CLK (sky130_fd_sc_hd__dfxtp_1)
                                 -0.250000    9.978450   clock uncertainty
                                  0.000000    9.978450   clock reconvergence pessimism
                                 -0.033326    9.945124   library setup time
                                              9.945124   data required time
---------------------------------------------------------------------------------------------
                                              9.945124   data required time
                                             -2.800893   data arrival time
---------------------------------------------------------------------------------------------
                                              7.144232   slack (MET)


Startpoint: pc[13] (input port clocked by clk)
Endpoint: _128_ (rising edge-triggered flip-flop clocked by clk)
Path Group: clk
Path Type: max

Fanout         Cap        Slew       Delay        Time   Description
---------------------------------------------------------------------------------------------
                                  0.000000    0.000000   clock clk (rise edge)
                                  0.000000    0.000000   clock network delay (propagated)
                                  2.000000    2.000000 v input external delay
     1    0.002739    0.004625    0.002264    2.002264 v pc[13] (in)
                                                         pc[13] (net)
                      0.004628    0.000000    2.002264 v input4/A (sky130_fd_sc_hd__clkbuf_1)
     1    0.002930    0.018782    0.046934    2.049198 v input4/X (sky130_fd_sc_hd__clkbuf_1)
                                                         net4 (net)
                      0.018783    0.000118    2.049316 v _062_/A (sky130_fd_sc_hd__or4_1)
     2    0.008104    0.076575    0.320060    2.369376 v _062_/X (sky130_fd_sc_hd__or4_1)
                                                         _018_ (net)
                      0.076578    0.000546    2.369922 v _065_/C (sky130_fd_sc_hd__or4_4)
    10    0.036858    0.095228    0.347870    2.717791 v _065_/X (sky130_fd_sc_hd__or4_4)
                                                         _021_ (net)
                      0.095319    0.002891    2.720683 v _113_/B1 (sky130_fd_sc_hd__a21oi_1)
     1    0.002890    0.077426    0.075472    2.796155 ^ _113_/Y (sky130_fd_sc_hd__a21oi_1)
                                                         _012_ (net)
                      0.077426    0.000182    2.796337 ^ _128_/D (sky130_fd_sc_hd__dfxtp_1)
                                              2.796337   data arrival time

                                 10.000000   10.000000   clock clk (rise edge)
                                  0.000000   10.000000   clock source latency
     1    0.016772    0.061024    0.041696   10.041697 ^ clk (in)
                                                         clk (net)
                      0.061041    0.000000   10.041697 ^ clkbuf_0_clk/A (sky130_fd_sc_hd__clkbuf_16)
     2    0.019147    0.030798    0.092213   10.133910 ^ clkbuf_0_clk/X (sky130_fd_sc_hd__clkbuf_16)
                                                         clknet_0_clk (net)
                      0.030809    0.000761   10.134671 ^ clkbuf_1_0__f_clk/A (sky130_fd_sc_hd__clkbuf_16)
     7    0.031485    0.039087    0.091588   10.226259 ^ clkbuf_1_0__f_clk/X (sky130_fd_sc_hd__clkbuf_16)
                                                         clknet_1_0__leaf_clk (net)
                      0.039239    0.002134   10.228394 ^ _128_/CLK (sky130_fd_sc_hd__dfxtp_1)
                                 -0.250000    9.978394   clock uncertainty
                                  0.000000    9.978394   clock reconvergence pessimism
                                 -0.032857    9.945537   library setup time
                                              9.945537   data required time
---------------------------------------------------------------------------------------------
                                              9.945537   data required time
                                             -2.796337   data arrival time
---------------------------------------------------------------------------------------------
                                              7.149199   slack (MET)


Startpoint: _125_ (rising edge-triggered flip-flop clocked by clk)
Endpoint: instruction[10] (output port clocked by clk)
Path Group: clk
Path Type: max

Fanout         Cap        Slew       Delay        Time   Description
---------------------------------------------------------------------------------------------
                                  0.000000    0.000000   clock clk (rise edge)
                                  0.000000    0.000000   clock source latency
     1    0.016772    0.061024    0.041697    0.041697 ^ clk (in)
                                                         clk (net)
                      0.061041    0.000000    0.041697 ^ clkbuf_0_clk/A (sky130_fd_sc_hd__clkbuf_16)
     2    0.019147    0.030798    0.092213    0.133910 ^ clkbuf_0_clk/X (sky130_fd_sc_hd__clkbuf_16)
                                                         clknet_0_clk (net)
                      0.030808    0.000702    0.134612 ^ clkbuf_1_1__f_clk/A (sky130_fd_sc_hd__clkbuf_16)
     8    0.026377    0.035601    0.088306    0.222917 ^ clkbuf_1_1__f_clk/X (sky130_fd_sc_hd__clkbuf_16)
                                                         clknet_1_1__leaf_clk (net)
                      0.035669    0.001319    0.224236 ^ _125_/CLK (sky130_fd_sc_hd__dfxtp_1)
     1    0.010280    0.078718    0.221684    0.445920 ^ _125_/Q (sky130_fd_sc_hd__dfxtp_1)
                                                         net17 (net)
                      0.078723    0.000705    0.446625 ^ output17/A (sky130_fd_sc_hd__buf_2)
     1    0.034129    0.127379    0.148831    0.595455 ^ output17/X (sky130_fd_sc_hd__buf_2)
                                                         instruction[10] (net)
                      0.127410    0.001653    0.597108 ^ instruction[10] (out)
                                              0.597108   data arrival time

                                 10.000000   10.000000   clock clk (rise edge)
                                  0.000000   10.000000   clock network delay (propagated)
                                 -0.250000    9.750000   clock uncertainty
                                  0.000000    9.750000   clock reconvergence pessimism
                                 -2.000000    7.750000   output external delay
                                              7.750000   data required time
---------------------------------------------------------------------------------------------
                                              7.750000   data required time
                                             -0.597108   data arrival time
---------------------------------------------------------------------------------------------
                                              7.152892   slack (MET)


Startpoint: _129_ (rising edge-triggered flip-flop clocked by clk)
Endpoint: instruction[14] (output port clocked by clk)
Path Group: clk
Path Type: max

Fanout         Cap        Slew       Delay        Time   Description
---------------------------------------------------------------------------------------------
                                  0.000000    0.000000   clock clk (rise edge)
                                  0.000000    0.000000   clock source latency
     1    0.016772    0.061024    0.041697    0.041697 ^ clk (in)
                                                         clk (net)
                      0.061041    0.000000    0.041697 ^ clkbuf_0_clk/A (sky130_fd_sc_hd__clkbuf_16)
     2    0.019147    0.030798    0.092213    0.133910 ^ clkbuf_0_clk/X (sky130_fd_sc_hd__clkbuf_16)
                                                         clknet_0_clk (net)
                      0.030808    0.000702    0.134612 ^ clkbuf_1_1__f_clk/A (sky130_fd_sc_hd__clkbuf_16)
     8    0.026377    0.035601    0.088306    0.222917 ^ clkbuf_1_1__f_clk/X (sky130_fd_sc_hd__clkbuf_16)
                                                         clknet_1_1__leaf_clk (net)
                      0.035673    0.001352    0.224270 ^ _129_/CLK (sky130_fd_sc_hd__dfxtp_1)
     1    0.009903    0.076214    0.219885    0.444155 ^ _129_/Q (sky130_fd_sc_hd__dfxtp_1)
                                                         net21 (net)
                      0.076218    0.000658    0.444813 ^ output21/A (sky130_fd_sc_hd__buf_2)
     1    0.034050    0.127104    0.148083    0.592896 ^ output21/X (sky130_fd_sc_hd__buf_2)
                                                         instruction[14] (net)
                      0.127134    0.001618    0.594514 ^ instruction[14] (out)
                                              0.594514   data arrival time

                                 10.000000   10.000000   clock clk (rise edge)
                                  0.000000   10.000000   clock network delay (propagated)
                                 -0.250000    9.750000   clock uncertainty
                                  0.000000    9.750000   clock reconvergence pessimism
                                 -2.000000    7.750000   output external delay
                                              7.750000   data required time
---------------------------------------------------------------------------------------------
                                              7.750000   data required time
                                             -0.594514   data arrival time
---------------------------------------------------------------------------------------------
                                              7.155485   slack (MET)


Startpoint: _127_ (rising edge-triggered flip-flop clocked by clk)
Endpoint: instruction[12] (output port clocked by clk)
Path Group: clk
Path Type: max

Fanout         Cap        Slew       Delay        Time   Description
---------------------------------------------------------------------------------------------
                                  0.000000    0.000000   clock clk (rise edge)
                                  0.000000    0.000000   clock source latency
     1    0.016772    0.061024    0.041697    0.041697 ^ clk (in)
                                                         clk (net)
                      0.061041    0.000000    0.041697 ^ clkbuf_0_clk/A (sky130_fd_sc_hd__clkbuf_16)
     2    0.019147    0.030798    0.092213    0.133910 ^ clkbuf_0_clk/X (sky130_fd_sc_hd__clkbuf_16)
                                                         clknet_0_clk (net)
                      0.030808    0.000702    0.134612 ^ clkbuf_1_1__f_clk/A (sky130_fd_sc_hd__clkbuf_16)
     8    0.026377    0.035601    0.088306    0.222917 ^ clkbuf_1_1__f_clk/X (sky130_fd_sc_hd__clkbuf_16)
                                                         clknet_1_1__leaf_clk (net)
                      0.035674    0.001361    0.224278 ^ _127_/CLK (sky130_fd_sc_hd__dfxtp_1)
     1    0.009793    0.075485    0.219365    0.443643 ^ _127_/Q (sky130_fd_sc_hd__dfxtp_1)
                                                         net19 (net)
                      0.075489    0.000638    0.444281 ^ output19/A (sky130_fd_sc_hd__buf_2)
     1    0.034089    0.127241    0.147998    0.592280 ^ output19/X (sky130_fd_sc_hd__buf_2)
                                                         instruction[12] (net)
                      0.127272    0.001641    0.593921 ^ instruction[12] (out)
                                              0.593921   data arrival time

                                 10.000000   10.000000   clock clk (rise edge)
                                  0.000000   10.000000   clock network delay (propagated)
                                 -0.250000    9.750000   clock uncertainty
                                  0.000000    9.750000   clock reconvergence pessimism
                                 -2.000000    7.750000   output external delay
                                              7.750000   data required time
---------------------------------------------------------------------------------------------
                                              7.750000   data required time
                                             -0.593921   data arrival time
---------------------------------------------------------------------------------------------
                                              7.156079   slack (MET)


Startpoint: _121_ (rising edge-triggered flip-flop clocked by clk)
Endpoint: instruction[6] (output port clocked by clk)
Path Group: clk
Path Type: max

Fanout         Cap        Slew       Delay        Time   Description
---------------------------------------------------------------------------------------------
                                  0.000000    0.000000   clock clk (rise edge)
                                  0.000000    0.000000   clock source latency
     1    0.016772    0.061024    0.041697    0.041697 ^ clk (in)
                                                         clk (net)
                      0.061041    0.000000    0.041697 ^ clkbuf_0_clk/A (sky130_fd_sc_hd__clkbuf_16)
     2    0.019147    0.030798    0.092213    0.133910 ^ clkbuf_0_clk/X (sky130_fd_sc_hd__clkbuf_16)
                                                         clknet_0_clk (net)
                      0.030808    0.000702    0.134612 ^ clkbuf_1_1__f_clk/A (sky130_fd_sc_hd__clkbuf_16)
     8    0.026377    0.035601    0.088306    0.222917 ^ clkbuf_1_1__f_clk/X (sky130_fd_sc_hd__clkbuf_16)
                                                         clknet_1_1__leaf_clk (net)
                      0.035682    0.001428    0.224346 ^ _121_/CLK (sky130_fd_sc_hd__dfxtp_1)
     1    0.009769    0.075329    0.219242    0.443588 ^ _121_/Q (sky130_fd_sc_hd__dfxtp_1)
                                                         net28 (net)
                      0.075334    0.000658    0.444246 ^ output28/A (sky130_fd_sc_hd__buf_2)
     1    0.034105    0.127299    0.148002    0.592248 ^ output28/X (sky130_fd_sc_hd__buf_2)
                                                         instruction[6] (net)
                      0.127329    0.001642    0.593890 ^ instruction[6] (out)
                                              0.593890   data arrival time

                                 10.000000   10.000000   clock clk (rise edge)
                                  0.000000   10.000000   clock network delay (propagated)
                                 -0.250000    9.750000   clock uncertainty
                                  0.000000    9.750000   clock reconvergence pessimism
                                 -2.000000    7.750000   output external delay
                                              7.750000   data required time
---------------------------------------------------------------------------------------------
                                              7.750000   data required time
                                             -0.593890   data arrival time
---------------------------------------------------------------------------------------------
                                              7.156110   slack (MET)


Startpoint: _123_ (rising edge-triggered flip-flop clocked by clk)
Endpoint: instruction[8] (output port clocked by clk)
Path Group: clk
Path Type: max

Fanout         Cap        Slew       Delay        Time   Description
---------------------------------------------------------------------------------------------
                                  0.000000    0.000000   clock clk (rise edge)
                                  0.000000    0.000000   clock source latency
     1    0.016772    0.061024    0.041697    0.041697 ^ clk (in)
                                                         clk (net)
                      0.061041    0.000000    0.041697 ^ clkbuf_0_clk/A (sky130_fd_sc_hd__clkbuf_16)
     2    0.019147    0.030798    0.092213    0.133910 ^ clkbuf_0_clk/X (sky130_fd_sc_hd__clkbuf_16)
                                                         clknet_0_clk (net)
                      0.030808    0.000702    0.134612 ^ clkbuf_1_1__f_clk/A (sky130_fd_sc_hd__clkbuf_16)
     8    0.026377    0.035601    0.088306    0.222917 ^ clkbuf_1_1__f_clk/X (sky130_fd_sc_hd__clkbuf_16)
                                                         clknet_1_1__leaf_clk (net)
                      0.035692    0.001509    0.224426 ^ _123_/CLK (sky130_fd_sc_hd__dfxtp_1)
     1    0.009744    0.075164    0.219108    0.443534 ^ _123_/Q (sky130_fd_sc_hd__dfxtp_1)
                                                         net30 (net)
                      0.075169    0.000658    0.444191 ^ output30/A (sky130_fd_sc_hd__buf_2)
     1    0.034116    0.127335    0.147992    0.592183 ^ output30/X (sky130_fd_sc_hd__buf_2)
                                                         instruction[8] (net)
                      0.127366    0.001641    0.593824 ^ instruction[8] (out)
                                              0.593824   data arrival time

                                 10.000000   10.000000   clock clk (rise edge)
                                  0.000000   10.000000   clock network delay (propagated)
                                 -0.250000    9.750000   clock uncertainty
                                  0.000000    9.750000   clock reconvergence pessimism
                                 -2.000000    7.750000   output external delay
                                              7.750000   data required time
---------------------------------------------------------------------------------------------
                                              7.750000   data required time
                                             -0.593824   data arrival time
---------------------------------------------------------------------------------------------
                                              7.156176   slack (MET)


Startpoint: _122_ (rising edge-triggered flip-flop clocked by clk)
Endpoint: instruction[15] (output port clocked by clk)
Path Group: clk
Path Type: max

Fanout         Cap        Slew       Delay        Time   Description
---------------------------------------------------------------------------------------------
                                  0.000000    0.000000   clock clk (rise edge)
                                  0.000000    0.000000   clock source latency
     1    0.016772    0.061024    0.041697    0.041697 ^ clk (in)
                                                         clk (net)
                      0.061041    0.000000    0.041697 ^ clkbuf_0_clk/A (sky130_fd_sc_hd__clkbuf_16)
     2    0.019147    0.030798    0.092213    0.133910 ^ clkbuf_0_clk/X (sky130_fd_sc_hd__clkbuf_16)
                                                         clknet_0_clk (net)
                      0.030809    0.000761    0.134671 ^ clkbuf_1_0__f_clk/A (sky130_fd_sc_hd__clkbuf_16)
     7    0.031485    0.039087    0.091588    0.226259 ^ clkbuf_1_0__f_clk/X (sky130_fd_sc_hd__clkbuf_16)
                                                         clknet_1_0__leaf_clk (net)
                      0.039181    0.001637    0.227896 ^ _122_/CLK (sky130_fd_sc_hd__dfxtp_1)
     2    0.008742    0.068481    0.215292    0.443188 ^ _122_/Q (sky130_fd_sc_hd__dfxtp_1)
                                                         net22 (net)
                      0.068486    0.000627    0.443816 ^ output22/A (sky130_fd_sc_hd__buf_2)
     1    0.034480    0.129010    0.147277    0.591093 ^ output22/X (sky130_fd_sc_hd__buf_2)
                                                         instruction[15] (net)
                      0.129041    0.001668    0.592761 ^ instruction[15] (out)
                                              0.592761   data arrival time

                                 10.000000   10.000000   clock clk (rise edge)
                                  0.000000   10.000000   clock network delay (propagated)
                                 -0.250000    9.750000   clock uncertainty
                                  0.000000    9.750000   clock reconvergence pessimism
                                 -2.000000    7.750000   output external delay
                                              7.750000   data required time
---------------------------------------------------------------------------------------------
                                              7.750000   data required time
                                             -0.592761   data arrival time
---------------------------------------------------------------------------------------------
                                              7.157239   slack (MET)


Startpoint: _124_ (rising edge-triggered flip-flop clocked by clk)
Endpoint: instruction[9] (output port clocked by clk)
Path Group: clk
Path Type: max

Fanout         Cap        Slew       Delay        Time   Description
---------------------------------------------------------------------------------------------
                                  0.000000    0.000000   clock clk (rise edge)
                                  0.000000    0.000000   clock source latency
     1    0.016772    0.061024    0.041697    0.041697 ^ clk (in)
                                                         clk (net)
                      0.061041    0.000000    0.041697 ^ clkbuf_0_clk/A (sky130_fd_sc_hd__clkbuf_16)
     2    0.019147    0.030798    0.092213    0.133910 ^ clkbuf_0_clk/X (sky130_fd_sc_hd__clkbuf_16)
                                                         clknet_0_clk (net)
                      0.030808    0.000702    0.134612 ^ clkbuf_1_1__f_clk/A (sky130_fd_sc_hd__clkbuf_16)
     8    0.026377    0.035601    0.088306    0.222917 ^ clkbuf_1_1__f_clk/X (sky130_fd_sc_hd__clkbuf_16)
                                                         clknet_1_1__leaf_clk (net)
                      0.035687    0.001464    0.224381 ^ _124_/CLK (sky130_fd_sc_hd__dfxtp_1)
     2    0.009415    0.072991    0.217476    0.441857 ^ _124_/Q (sky130_fd_sc_hd__dfxtp_1)
                                                         net31 (net)
                      0.072996    0.000677    0.442534 ^ output31/A (sky130_fd_sc_hd__buf_2)
     1    0.034444    0.128497    0.148295    0.590829 ^ output31/X (sky130_fd_sc_hd__buf_2)
                                                         instruction[9] (net)
                      0.128528    0.001660    0.592489 ^ instruction[9] (out)
                                              0.592489   data arrival time

                                 10.000000   10.000000   clock clk (rise edge)
                                  0.000000   10.000000   clock network delay (propagated)
                                 -0.250000    9.750000   clock uncertainty
                                  0.000000    9.750000   clock reconvergence pessimism
                                 -2.000000    7.750000   output external delay
                                              7.750000   data required time
---------------------------------------------------------------------------------------------
                                              7.750000   data required time
                                             -0.592489   data arrival time
---------------------------------------------------------------------------------------------
                                              7.157511   slack (MET)


Startpoint: pc[13] (input port clocked by clk)
Endpoint: _122_ (rising edge-triggered flip-flop clocked by clk)
Path Group: clk
Path Type: max

Fanout         Cap        Slew       Delay        Time   Description
---------------------------------------------------------------------------------------------
                                  0.000000    0.000000   clock clk (rise edge)
                                  0.000000    0.000000   clock network delay (propagated)
                                  2.000000    2.000000 v input external delay
     1    0.002739    0.004625    0.002264    2.002264 v pc[13] (in)
                                                         pc[13] (net)
                      0.004628    0.000000    2.002264 v input4/A (sky130_fd_sc_hd__clkbuf_1)
     1    0.002930    0.018782    0.046934    2.049198 v input4/X (sky130_fd_sc_hd__clkbuf_1)
                                                         net4 (net)
                      0.018783    0.000118    2.049316 v _062_/A (sky130_fd_sc_hd__or4_1)
     2    0.008104    0.076575    0.320060    2.369376 v _062_/X (sky130_fd_sc_hd__or4_1)
                                                         _018_ (net)
                      0.076576    0.000442    2.369818 v _064_/C (sky130_fd_sc_hd__nor4_1)
     2    0.007433    0.257079    0.242706    2.612524 ^ _064_/Y (sky130_fd_sc_hd__nor4_1)
                                                         _020_ (net)
                      0.257080    0.000387    2.612911 ^ max_cap32/A (sky130_fd_sc_hd__buf_1)
     3    0.011100    0.102304    0.108287    2.721198 ^ max_cap32/X (sky130_fd_sc_hd__buf_1)
                                                         net32 (net)
                      0.102306    0.000427    2.721625 ^ _102_/B1 (sky130_fd_sc_hd__o21a_1)
     1    0.003271    0.033331    0.064909    2.786534 ^ _102_/X (sky130_fd_sc_hd__o21a_1)
                                                         _006_ (net)
                      0.033333    0.000240    2.786774 ^ _122_/D (sky130_fd_sc_hd__dfxtp_1)
                                              2.786774   data arrival time

                                 10.000000   10.000000   clock clk (rise edge)
                                  0.000000   10.000000   clock source latency
     1    0.016772    0.061024    0.041696   10.041697 ^ clk (in)
                                                         clk (net)
                      0.061041    0.000000   10.041697 ^ clkbuf_0_clk/A (sky130_fd_sc_hd__clkbuf_16)
     2    0.019147    0.030798    0.092213   10.133910 ^ clkbuf_0_clk/X (sky130_fd_sc_hd__clkbuf_16)
                                                         clknet_0_clk (net)
                      0.030809    0.000761   10.134671 ^ clkbuf_1_0__f_clk/A (sky130_fd_sc_hd__clkbuf_16)
     7    0.031485    0.039087    0.091588   10.226259 ^ clkbuf_1_0__f_clk/X (sky130_fd_sc_hd__clkbuf_16)
                                                         clknet_1_0__leaf_clk (net)
                      0.039181    0.001637   10.227896 ^ _122_/CLK (sky130_fd_sc_hd__dfxtp_1)
                                 -0.250000    9.977896   clock uncertainty
                                  0.000000    9.977896   clock reconvergence pessimism
                                 -0.028896    9.949000   library setup time
                                              9.949000   data required time
---------------------------------------------------------------------------------------------
                                              9.949000   data required time
                                             -2.786774   data arrival time
---------------------------------------------------------------------------------------------
                                              7.162227   slack (MET)


Startpoint: _117_ (rising edge-triggered flip-flop clocked by clk)
Endpoint: instruction[1] (output port clocked by clk)
Path Group: clk
Path Type: max

Fanout         Cap        Slew       Delay        Time   Description
---------------------------------------------------------------------------------------------
                                  0.000000    0.000000   clock clk (rise edge)
                                  0.000000    0.000000   clock source latency
     1    0.016772    0.061024    0.041697    0.041697 ^ clk (in)
                                                         clk (net)
                      0.061041    0.000000    0.041697 ^ clkbuf_0_clk/A (sky130_fd_sc_hd__clkbuf_16)
     2    0.019147    0.030798    0.092213    0.133910 ^ clkbuf_0_clk/X (sky130_fd_sc_hd__clkbuf_16)
                                                         clknet_0_clk (net)
                      0.030809    0.000761    0.134671 ^ clkbuf_1_0__f_clk/A (sky130_fd_sc_hd__clkbuf_16)
     7    0.031485    0.039087    0.091588    0.226259 ^ clkbuf_1_0__f_clk/X (sky130_fd_sc_hd__clkbuf_16)
                                                         clknet_1_0__leaf_clk (net)
                      0.039246    0.002190    0.228449 ^ _117_/CLK (sky130_fd_sc_hd__dfxtp_1)
     1    0.007606    0.060864    0.209909    0.438358 ^ _117_/Q (sky130_fd_sc_hd__dfxtp_1)
                                                         net23 (net)
                      0.060868    0.000558    0.438917 ^ output23/A (sky130_fd_sc_hd__buf_2)
     1    0.034449    0.128889    0.145496    0.584412 ^ output23/X (sky130_fd_sc_hd__buf_2)
                                                         instruction[1] (net)
                      0.128918    0.001613    0.586025 ^ instruction[1] (out)
                                              0.586025   data arrival time

                                 10.000000   10.000000   clock clk (rise edge)
                                  0.000000   10.000000   clock network delay (propagated)
                                 -0.250000    9.750000   clock uncertainty
                                  0.000000    9.750000   clock reconvergence pessimism
                                 -2.000000    7.750000   output external delay
                                              7.750000   data required time
---------------------------------------------------------------------------------------------
                                              7.750000   data required time
                                             -0.586025   data arrival time
---------------------------------------------------------------------------------------------
                                              7.163975   slack (MET)


Startpoint: _118_ (rising edge-triggered flip-flop clocked by clk)
Endpoint: instruction[2] (output port clocked by clk)
Path Group: clk
Path Type: max

Fanout         Cap        Slew       Delay        Time   Description
---------------------------------------------------------------------------------------------
                                  0.000000    0.000000   clock clk (rise edge)
                                  0.000000    0.000000   clock source latency
     1    0.016772    0.061024    0.041697    0.041697 ^ clk (in)
                                                         clk (net)
                      0.061041    0.000000    0.041697 ^ clkbuf_0_clk/A (sky130_fd_sc_hd__clkbuf_16)
     2    0.019147    0.030798    0.092213    0.133910 ^ clkbuf_0_clk/X (sky130_fd_sc_hd__clkbuf_16)
                                                         clknet_0_clk (net)
                      0.030809    0.000761    0.134671 ^ clkbuf_1_0__f_clk/A (sky130_fd_sc_hd__clkbuf_16)
     7    0.031485    0.039087    0.091588    0.226259 ^ clkbuf_1_0__f_clk/X (sky130_fd_sc_hd__clkbuf_16)
                                                         clknet_1_0__leaf_clk (net)
                      0.039262    0.002307    0.228566 ^ _118_/CLK (sky130_fd_sc_hd__dfxtp_1)
     1    0.007111    0.057558    0.207550    0.436116 ^ _118_/Q (sky130_fd_sc_hd__dfxtp_1)
                                                         net24 (net)
                      0.057562    0.000521    0.436638 ^ output24/A (sky130_fd_sc_hd__buf_2)
     1    0.034449    0.128893    0.144737    0.581375 ^ output24/X (sky130_fd_sc_hd__buf_2)
                                                         instruction[2] (net)
                      0.128922    0.001613    0.582987 ^ instruction[2] (out)
                                              0.582987   data arrival time

                                 10.000000   10.000000   clock clk (rise edge)
                                  0.000000   10.000000   clock network delay (propagated)
                                 -0.250000    9.750000   clock uncertainty
                                  0.000000    9.750000   clock reconvergence pessimism
                                 -2.000000    7.750000   output external delay
                                              7.750000   data required time
---------------------------------------------------------------------------------------------
                                              7.750000   data required time
                                             -0.582987   data arrival time
---------------------------------------------------------------------------------------------
                                              7.167013   slack (MET)


Startpoint: _126_ (rising edge-triggered flip-flop clocked by clk)
Endpoint: instruction[11] (output port clocked by clk)
Path Group: clk
Path Type: max

Fanout         Cap        Slew       Delay        Time   Description
---------------------------------------------------------------------------------------------
                                  0.000000    0.000000   clock clk (rise edge)
                                  0.000000    0.000000   clock source latency
     1    0.016772    0.061024    0.041697    0.041697 ^ clk (in)
                                                         clk (net)
                      0.061041    0.000000    0.041697 ^ clkbuf_0_clk/A (sky130_fd_sc_hd__clkbuf_16)
     2    0.019147    0.030798    0.092213    0.133910 ^ clkbuf_0_clk/X (sky130_fd_sc_hd__clkbuf_16)
                                                         clknet_0_clk (net)
                      0.030809    0.000761    0.134671 ^ clkbuf_1_0__f_clk/A (sky130_fd_sc_hd__clkbuf_16)
     7    0.031485    0.039087    0.091588    0.226259 ^ clkbuf_1_0__f_clk/X (sky130_fd_sc_hd__clkbuf_16)
                                                         clknet_1_0__leaf_clk (net)
                      0.039186    0.001689    0.227948 ^ _126_/CLK (sky130_fd_sc_hd__dfxtp_1)
     1    0.006991    0.056753    0.206942    0.434890 ^ _126_/Q (sky130_fd_sc_hd__dfxtp_1)
                                                         net18 (net)
                      0.056757    0.000519    0.435409 ^ output18/A (sky130_fd_sc_hd__buf_2)
     1    0.034444    0.128882    0.144508    0.579917 ^ output18/X (sky130_fd_sc_hd__buf_2)
                                                         instruction[11] (net)
                      0.128913    0.001660    0.581577 ^ instruction[11] (out)
                                              0.581577   data arrival time

                                 10.000000   10.000000   clock clk (rise edge)
                                  0.000000   10.000000   clock network delay (propagated)
                                 -0.250000    9.750000   clock uncertainty
                                  0.000000    9.750000   clock reconvergence pessimism
                                 -2.000000    7.750000   output external delay
                                              7.750000   data required time
---------------------------------------------------------------------------------------------
                                              7.750000   data required time
                                             -0.581577   data arrival time
---------------------------------------------------------------------------------------------
                                              7.168423   slack (MET)


Startpoint: pc[1] (input port clocked by clk)
Endpoint: _119_ (rising edge-triggered flip-flop clocked by clk)
Path Group: clk
Path Type: max

Fanout         Cap        Slew       Delay        Time   Description
---------------------------------------------------------------------------------------------
                                  0.000000    0.000000   clock clk (rise edge)
                                  0.000000    0.000000   clock network delay (propagated)
                                  2.000000    2.000000 v input external delay
     1    0.002396    0.004123    0.001956    2.001956 v pc[1] (in)
                                                         pc[1] (net)
                      0.004126    0.000000    2.001956 v input7/A (sky130_fd_sc_hd__dlymetal6s2s_1)
     5    0.021738    0.081872    0.124738    2.126695 v input7/X (sky130_fd_sc_hd__dlymetal6s2s_1)
                                                         net7 (net)
                      0.081932    0.001227    2.127922 v fanout35/A (sky130_fd_sc_hd__clkbuf_4)
    10    0.049802    0.076915    0.158106    2.286028 v fanout35/X (sky130_fd_sc_hd__clkbuf_4)
                                                         net35 (net)
                      0.077086    0.002652    2.288680 v _069_/A (sky130_fd_sc_hd__xnor2_4)
     7    0.029950    0.202338    0.208020    2.496700 ^ _069_/Y (sky130_fd_sc_hd__xnor2_4)
                                                         _025_ (net)
                      0.202354    0.001394    2.498094 ^ _092_/A2 (sky130_fd_sc_hd__a21oi_1)
     1    0.004194    0.054754    0.058702    2.556797 v _092_/Y (sky130_fd_sc_hd__a21oi_1)
                                                         _045_ (net)
                      0.054754    0.000275    2.557072 v _094_/A2 (sky130_fd_sc_hd__o31a_1)
     1    0.004014    0.038684    0.177986    2.735058 v _094_/X (sky130_fd_sc_hd__o31a_1)
                                                         _003_ (net)
                      0.038684    0.000287    2.735345 v _119_/D (sky130_fd_sc_hd__dfxtp_1)
                                              2.735345   data arrival time

                                 10.000000   10.000000   clock clk (rise edge)
                                  0.000000   10.000000   clock source latency
     1    0.016772    0.061024    0.041696   10.041697 ^ clk (in)
                                                         clk (net)
                      0.061041    0.000000   10.041697 ^ clkbuf_0_clk/A (sky130_fd_sc_hd__clkbuf_16)
     2    0.019147    0.030798    0.092213   10.133910 ^ clkbuf_0_clk/X (sky130_fd_sc_hd__clkbuf_16)
                                                         clknet_0_clk (net)
                      0.030809    0.000761   10.134671 ^ clkbuf_1_0__f_clk/A (sky130_fd_sc_hd__clkbuf_16)
     7    0.031485    0.039087    0.091588   10.226259 ^ clkbuf_1_0__f_clk/X (sky130_fd_sc_hd__clkbuf_16)
                                                         clknet_1_0__leaf_clk (net)
                      0.039177    0.001606   10.227865 ^ _119_/CLK (sky130_fd_sc_hd__dfxtp_1)
                                 -0.250000    9.977865   clock uncertainty
                                  0.000000    9.977865   clock reconvergence pessimism
                                 -0.071699    9.906166   library setup time
                                              9.906166   data required time
---------------------------------------------------------------------------------------------
                                              9.906166   data required time
                                             -2.735345   data arrival time
---------------------------------------------------------------------------------------------
                                              7.170821   slack (MET)


Startpoint: _116_ (rising edge-triggered flip-flop clocked by clk)
Endpoint: instruction[0] (output port clocked by clk)
Path Group: clk
Path Type: max

Fanout         Cap        Slew       Delay        Time   Description
---------------------------------------------------------------------------------------------
                                  0.000000    0.000000   clock clk (rise edge)
                                  0.000000    0.000000   clock source latency
     1    0.016772    0.061024    0.041697    0.041697 ^ clk (in)
                                                         clk (net)
                      0.061041    0.000000    0.041697 ^ clkbuf_0_clk/A (sky130_fd_sc_hd__clkbuf_16)
     2    0.019147    0.030798    0.092213    0.133910 ^ clkbuf_0_clk/X (sky130_fd_sc_hd__clkbuf_16)
                                                         clknet_0_clk (net)
                      0.030808    0.000702    0.134612 ^ clkbuf_1_1__f_clk/A (sky130_fd_sc_hd__clkbuf_16)
     8    0.026377    0.035601    0.088306    0.222917 ^ clkbuf_1_1__f_clk/X (sky130_fd_sc_hd__clkbuf_16)
                                                         clknet_1_1__leaf_clk (net)
                      0.035684    0.001443    0.224361 ^ _116_/CLK (sky130_fd_sc_hd__dfxtp_1)
     1    0.007445    0.059675    0.207973    0.432334 ^ _116_/Q (sky130_fd_sc_hd__dfxtp_1)
                                                         net16 (net)
                      0.059683    0.000697    0.433031 ^ output16/A (sky130_fd_sc_hd__buf_2)
     1    0.034056    0.127499    0.144244    0.577275 ^ output16/X (sky130_fd_sc_hd__buf_2)
                                                         instruction[0] (net)
                      0.127529    0.001618    0.578894 ^ instruction[0] (out)
                                              0.578894   data arrival time

                                 10.000000   10.000000   clock clk (rise edge)
                                  0.000000   10.000000   clock network delay (propagated)
                                 -0.250000    9.750000   clock uncertainty
                                  0.000000    9.750000   clock reconvergence pessimism
                                 -2.000000    7.750000   output external delay
                                              7.750000   data required time
---------------------------------------------------------------------------------------------
                                              7.750000   data required time
                                             -0.578894   data arrival time
---------------------------------------------------------------------------------------------
                                              7.171107   slack (MET)


Startpoint: _120_ (rising edge-triggered flip-flop clocked by clk)
Endpoint: instruction[4] (output port clocked by clk)
Path Group: clk
Path Type: max

Fanout         Cap        Slew       Delay        Time   Description
---------------------------------------------------------------------------------------------
                                  0.000000    0.000000   clock clk (rise edge)
                                  0.000000    0.000000   clock source latency
     1    0.016772    0.061024    0.041697    0.041697 ^ clk (in)
                                                         clk (net)
                      0.061041    0.000000    0.041697 ^ clkbuf_0_clk/A (sky130_fd_sc_hd__clkbuf_16)
     2    0.019147    0.030798    0.092213    0.133910 ^ clkbuf_0_clk/X (sky130_fd_sc_hd__clkbuf_16)
                                                         clknet_0_clk (net)
                      0.030808    0.000702    0.134612 ^ clkbuf_1_1__f_clk/A (sky130_fd_sc_hd__clkbuf_16)
     8    0.026377    0.035601    0.088306    0.222917 ^ clkbuf_1_1__f_clk/X (sky130_fd_sc_hd__clkbuf_16)
                                                         clknet_1_1__leaf_clk (net)
                      0.035670    0.001324    0.224242 ^ _120_/CLK (sky130_fd_sc_hd__dfxtp_1)
     1    0.007407    0.059522    0.207931    0.432173 ^ _120_/Q (sky130_fd_sc_hd__dfxtp_1)
                                                         net26 (net)
                      0.059524    0.000442    0.432615 ^ output26/A (sky130_fd_sc_hd__buf_2)
     1    0.034110    0.127690    0.144329    0.576944 ^ output26/X (sky130_fd_sc_hd__buf_2)
                                                         instruction[4] (net)
                      0.127721    0.001638    0.578583 ^ instruction[4] (out)
                                              0.578583   data arrival time

                                 10.000000   10.000000   clock clk (rise edge)
                                  0.000000   10.000000   clock network delay (propagated)
                                 -0.250000    9.750000   clock uncertainty
                                  0.000000    9.750000   clock reconvergence pessimism
                                 -2.000000    7.750000   output external delay
                                              7.750000   data required time
---------------------------------------------------------------------------------------------
                                              7.750000   data required time
                                             -0.578583   data arrival time
---------------------------------------------------------------------------------------------
                                              7.171417   slack (MET)


Startpoint: _119_ (rising edge-triggered flip-flop clocked by clk)
Endpoint: instruction[3] (output port clocked by clk)
Path Group: clk
Path Type: max

Fanout         Cap        Slew       Delay        Time   Description
---------------------------------------------------------------------------------------------
                                  0.000000    0.000000   clock clk (rise edge)
                                  0.000000    0.000000   clock source latency
     1    0.016772    0.061024    0.041697    0.041697 ^ clk (in)
                                                         clk (net)
                      0.061041    0.000000    0.041697 ^ clkbuf_0_clk/A (sky130_fd_sc_hd__clkbuf_16)
     2    0.019147    0.030798    0.092213    0.133910 ^ clkbuf_0_clk/X (sky130_fd_sc_hd__clkbuf_16)
                                                         clknet_0_clk (net)
                      0.030809    0.000761    0.134671 ^ clkbuf_1_0__f_clk/A (sky130_fd_sc_hd__clkbuf_16)
     7    0.031485    0.039087    0.091588    0.226259 ^ clkbuf_1_0__f_clk/X (sky130_fd_sc_hd__clkbuf_16)
                                                         clknet_1_0__leaf_clk (net)
                      0.039177    0.001606    0.227865 ^ _119_/CLK (sky130_fd_sc_hd__dfxtp_1)
     1    0.003483    0.033724    0.190057    0.417922 ^ _119_/Q (sky130_fd_sc_hd__dfxtp_1)
                                                         net25 (net)
                      0.033724    0.000254    0.418176 ^ output25/A (sky130_fd_sc_hd__buf_2)
     1    0.034258    0.127883    0.137355    0.555531 ^ output25/X (sky130_fd_sc_hd__buf_2)
                                                         instruction[3] (net)
                      0.127916    0.001715    0.557246 ^ instruction[3] (out)
                                              0.557246   data arrival time

                                 10.000000   10.000000   clock clk (rise edge)
                                  0.000000   10.000000   clock network delay (propagated)
                                 -0.250000    9.750000   clock uncertainty
                                  0.000000    9.750000   clock reconvergence pessimism
                                 -2.000000    7.750000   output external delay
                                              7.750000   data required time
---------------------------------------------------------------------------------------------
                                              7.750000   data required time
                                             -0.557246   data arrival time
---------------------------------------------------------------------------------------------
                                              7.192754   slack (MET)


Startpoint: _128_ (rising edge-triggered flip-flop clocked by clk)
Endpoint: instruction[13] (output port clocked by clk)
Path Group: clk
Path Type: max

Fanout         Cap        Slew       Delay        Time   Description
---------------------------------------------------------------------------------------------
                                  0.000000    0.000000   clock clk (rise edge)
                                  0.000000    0.000000   clock source latency
     1    0.016772    0.061024    0.041697    0.041697 ^ clk (in)
                                                         clk (net)
                      0.061041    0.000000    0.041697 ^ clkbuf_0_clk/A (sky130_fd_sc_hd__clkbuf_16)
     2    0.019147    0.030798    0.092213    0.133910 ^ clkbuf_0_clk/X (sky130_fd_sc_hd__clkbuf_16)
                                                         clknet_0_clk (net)
                      0.030809    0.000761    0.134671 ^ clkbuf_1_0__f_clk/A (sky130_fd_sc_hd__clkbuf_16)
     7    0.031485    0.039087    0.091588    0.226259 ^ clkbuf_1_0__f_clk/X (sky130_fd_sc_hd__clkbuf_16)
                                                         clknet_1_0__leaf_clk (net)
                      0.039239    0.002134    0.228394 ^ _128_/CLK (sky130_fd_sc_hd__dfxtp_1)
     1    0.002582    0.028405    0.185516    0.413910 ^ _128_/Q (sky130_fd_sc_hd__dfxtp_1)
                                                         net20 (net)
                      0.028405    0.000167    0.414077 ^ output20/A (sky130_fd_sc_hd__buf_2)
     1    0.034192    0.127662    0.135588    0.549665 ^ output20/X (sky130_fd_sc_hd__buf_2)
                                                         instruction[13] (net)
                      0.127695    0.001703    0.551368 ^ instruction[13] (out)
                                              0.551368   data arrival time

                                 10.000000   10.000000   clock clk (rise edge)
                                  0.000000   10.000000   clock network delay (propagated)
                                 -0.250000    9.750000   clock uncertainty
                                  0.000000    9.750000   clock reconvergence pessimism
                                 -2.000000    7.750000   output external delay
                                              7.750000   data required time
---------------------------------------------------------------------------------------------
                                              7.750000   data required time
                                             -0.551368   data arrival time
---------------------------------------------------------------------------------------------
                                              7.198632   slack (MET)



