
===========================================================================
report_checks -unconstrained
===========================================================================
======================= nom_tt_025C_1v80 Corner ===================================

Startpoint: opcode[0] (input port clocked by clk)
Endpoint: ALUControl[0] (output port clocked by clk)
Path Group: clk
Path Type: max

Fanout         Cap        Slew       Delay        Time   Description
---------------------------------------------------------------------------------------------
                      0.000000    0.000000    0.000000   clock clk (rise edge)
                                  0.000000    0.000000   clock network delay (ideal)
                                  5.000000    5.000000 ^ input external delay
     1    0.002677    0.019893    0.009864    5.009864 ^ opcode[0] (in)
                                                         opcode[0] (net)
                      0.019893    0.000000    5.009864 ^ input5/A (sky130_fd_sc_hd__buf_1)
     3    0.009194    0.118461    0.122787    5.132651 ^ input5/X (sky130_fd_sc_hd__buf_1)
                                                         net5 (net)
                      0.118461    0.000015    5.132666 ^ fanout23/A (sky130_fd_sc_hd__buf_1)
     6    0.013664    0.170046    0.187586    5.320252 ^ fanout23/X (sky130_fd_sc_hd__buf_1)
                                                         net23 (net)
                      0.170046    0.000046    5.320298 ^ _15_/B (sky130_fd_sc_hd__nand2b_1)
     3    0.007279    0.077086    0.106085    5.426383 v _15_/Y (sky130_fd_sc_hd__nand2b_1)
                                                         _02_ (net)
                      0.077086    0.000008    5.426392 v _18_/D (sky130_fd_sc_hd__nor4_1)
     2    0.005738    0.328292    0.252828    5.679219 ^ _18_/Y (sky130_fd_sc_hd__nor4_1)
                                                         _03_ (net)
                      0.328292    0.000016    5.679235 ^ max_cap20/A (sky130_fd_sc_hd__clkbuf_1)
     2    0.005275    0.075885    0.147659    5.826894 ^ max_cap20/X (sky130_fd_sc_hd__clkbuf_1)
                                                         net20 (net)
                      0.075885    0.000008    5.826902 ^ _22_/A1 (sky130_fd_sc_hd__a221o_1)
     1    0.002092    0.043189    0.133769    5.960670 ^ _22_/X (sky130_fd_sc_hd__a221o_1)
                                                         net9 (net)
                      0.043189    0.000004    5.960674 ^ output9/A (sky130_fd_sc_hd__buf_2)
     1    0.034224    0.169901    0.197508    6.158182 ^ output9/X (sky130_fd_sc_hd__buf_2)
                                                         ALUControl[0] (net)
                      0.169901    0.000121    6.158303 ^ ALUControl[0] (out)
                                              6.158303   data arrival time

                      0.000000   25.000000   25.000000   clock clk (rise edge)
                                  0.000000   25.000000   clock network delay (ideal)
                                 -0.250000   24.750000   clock uncertainty
                                  0.000000   24.750000   clock reconvergence pessimism
                                 -5.000000   19.750000   output external delay
                                             19.750000   data required time
---------------------------------------------------------------------------------------------
                                             19.750000   data required time
                                             -6.158303   data arrival time
---------------------------------------------------------------------------------------------
                                             13.591697   slack (MET)




===========================================================================
report_checks --slack_max -0.01
============================================================================
======================= nom_tt_025C_1v80 Corner ===================================

No paths found.


===========================================================================
 report_check_types -max_slew -max_cap -max_fanout -violators
============================================================================
======================= nom_tt_025C_1v80 Corner ===================================



===========================================================================
report_parasitic_annotation -report_unannotated
============================================================================
Found 0 unannotated drivers.
Found 0 partially unannotated drivers.

===========================================================================
max slew violation count 0
Writing metric design__max_slew_violation__count__corner:nom_tt_025C_1v80: 0
max fanout violation count 0
Writing metric design__max_fanout_violation__count__corner:nom_tt_025C_1v80: 0
max cap violation count 0
Writing metric design__max_cap_violation__count__corner:nom_tt_025C_1v80: 0
============================================================================

===========================================================================
check_setup -verbose -unconstrained_endpoints -multiple_clock -no_clock -no_input_delay -loops -generated_clocks
===========================================================================
