102. Printing statistics.

=== Sign_Extender ===

   Number of wires:                 33
   Number of wire bits:             64
   Number of public wires:           3
   Number of public wire bits:      34
   Number of ports:                  3
   Number of port bits:             34
   Number of memories:               0
   Number of memory bits:            0
   Number of processes:              0
   Number of cells:                 45
     $_ANDNOT_                      18
     $_MUX_                         15
     $_NAND_                         1
     $_NOR_                          1
     $_ORNOT_                        1
     $_OR_                           9

   Area for cell type $_NAND_ is unknown!
   Area for cell type $_OR_ is unknown!
   Area for cell type $_NOR_ is unknown!
   Area for cell type $_ANDNOT_ is unknown!
   Area for cell type $_ORNOT_ is unknown!
   Area for cell type $_MUX_ is unknown!

