Clock: clk
Sources: clk 
Generated: no
Virtual: yes
Propagated: no
Period: 25.000000

===========================================================================
report_clock_properties
============================================================================
Clock                   Period          Waveform
----------------------------------------------------
clk                  25.000000    0.000000 12.500000

===========================================================================
report_clock_latency
============================================================================
Clock clk
rise -> rise
    min     max
0.000000 0.000000 source latency
0.395844         network latency _541_/CLK
        0.398265 network latency _584_/CLK
---------------
0.395844 0.398265 latency
        0.002421 skew

fall -> fall
    min     max
0.000000 0.000000 source latency
0.363475         network latency _598_/CLK
        0.365321 network latency _584_/CLK
---------------
0.363475 0.365321 latency
        0.001846 skew



===========================================================================
report_clock_min_period
============================================================================
clk period_min = 0.95 fmax = 1054.95
