Reading OpenROAD database at '/home/githi/openlane2/my_designs/Control_unit/runs/RUN_2025-11-16_16-53-36/24-openroad-ioplacement/Control_unit.odb'…
Reading library file at '/home/githi/.volare/volare/sky130/versions/0fe599b2afb6708d281543108caf8310912f54af/sky130A/libs.ref/sky130_fd_sc_hd/lib/sky130_fd_sc_hd__tt_025C_1v80.lib'…
Reading design constraints file at '/nix/store/hp4xwjqw4rax5g0gz3fivr2n1hy2sig4-python3-3.11.9-env/lib/python3.11/site-packages/openlane/scripts/base.sdc'…
[WARNING STA-0366] port 'clk' not found.
[INFO] Using clock clk…
[INFO] Setting output delay to: 5
[INFO] Setting input delay to: 5
[WARNING STA-0366] port 'clk' not found.
[INFO] Setting load to: 0.033442
[INFO] Setting clock uncertainty to: 0.25
[INFO] Setting clock transition to: 0.1499999999999999944488848768742172978818416595458984375
[WARNING STA-0419] transition time can not be specified for virtual clocks.
[INFO] Setting timing derate to: 5%
[WARNING STA-0450] virtual clock clk can not be propagated.
[INFO] Setting RC values…
[INFO] Setting signal min routing layer to: met1 and clock min routing layer to met1. 
[INFO] Setting signal max routing layer to: met5 and clock max routing layer to met5. 
+ global_placement -density 0.529688 -timing_driven -routability_driven -pad_right 0 -pad_left 0 -init_wirelength_coef 0.25
[INFO GPL-0002] DBU: 1000
[INFO GPL-0003] SiteSize: (  0.460  2.720 ) um
[INFO GPL-0004] CoreBBox: (  5.520 10.880 ) ( 27.600 32.640 ) um
[INFO GPL-0006] NumInstances:                43
[INFO GPL-0007] NumPlaceInstances:           22
[INFO GPL-0008] NumFixedInstances:           21
[INFO GPL-0009] NumDummyInstances:            0
[INFO GPL-0010] NumNets:                     30
[INFO GPL-0011] NumPins:                    104
[INFO GPL-0012] DieBBox:  (  0.000  0.000 ) ( 33.410 44.130 ) um
[INFO GPL-0013] CoreBBox: (  5.520 10.880 ) ( 27.600 32.640 ) um
[INFO GPL-0016] CoreArea:               480.461 um^2
[INFO GPL-0017] NonPlaceInstsArea:       66.314 um^2
[INFO GPL-0018] PlaceInstsArea:         200.192 um^2
[INFO GPL-0019] Util:                    48.338 %
[INFO GPL-0020] StdInstsArea:           200.192 um^2
[INFO GPL-0021] MacroInstsArea:           0.000 um^2
[InitialPlace]  Iter: 1 CG residual: 0.00000009 HPWL: 596948
[InitialPlace]  Iter: 2 CG residual: 0.00000005 HPWL: 582036
[InitialPlace]  Iter: 3 CG residual: 0.00000008 HPWL: 580075
[InitialPlace]  Iter: 4 CG residual: 0.00000007 HPWL: 578174
[InitialPlace]  Iter: 5 CG residual: 0.00000009 HPWL: 577840
[INFO GPL-0031] FillerInit:NumGCells:        24
[INFO GPL-0032] FillerInit:NumGNets:         30
[INFO GPL-0033] FillerInit:NumGPins:        104
[INFO GPL-0023] TargetDensity:            0.530
[INFO GPL-0024] AvrgPlaceInstArea:        9.100 um^2
[INFO GPL-0025] IdealBinArea:            17.179 um^2
[INFO GPL-0026] IdealBinCnt:                 27
[INFO GPL-0027] TotalBinArea:           480.461 um^2
[INFO GPL-0028] BinCnt:         4      4
[INFO GPL-0029] BinSize: (  5.520  5.440 )
[INFO GPL-0030] NumBins: 16
[NesterovSolve] Iter:    1 overflow: 0.230 HPWL: 401952
[INFO GPL-0100] Timing-driven: executing resizer for reweighting nets.
[INFO GPL-0101] Timing-driven: worst slack 1.38e-08
[INFO GPL-0103] Timing-driven: weighted 1 nets.
[NesterovSolve] Snapshot saved at iter = 0
[INFO GPL-0075] Routability numCall: 1 inflationIterCnt: 1 bloatIterCnt: 0
[INFO GPL-0036] TileBBox: (    0    0 ) ( 6900 6900 ) DBU
[INFO GPL-0038] TileCnt:       4    6
[INFO GPL-0040] NumTiles: 24
[INFO GPL-0081] TotalRouteOverflow: 0
[INFO GPL-0082] OverflowTileCnt: 0
[INFO GPL-0083] 0.5%RC: 0.6326727867126465
[INFO GPL-0084] 1.0%RC: 0.6326727867126465
[INFO GPL-0085] 2.0%RC: 0.6326727867126465
[INFO GPL-0086] 5.0%RC: 0.631799578666687
[INFO GPL-0087] FinalRC: 0.6326728
[INFO GPL-0077] FinalRC lower than targetRC(1.01), routability not needed.
[INFO GPL-0100] Timing-driven: executing resizer for reweighting nets.
[INFO GPL-0101] Timing-driven: worst slack 1.38e-08
[INFO GPL-0103] Timing-driven: weighted 2 nets.
[NesterovSolve] Iter:   10 overflow: 0.210 HPWL: 393190
[NesterovSolve] Iter:   20 overflow: 0.217 HPWL: 393085
[NesterovSolve] Iter:   30 overflow: 0.216 HPWL: 392936
[NesterovSolve] Iter:   40 overflow: 0.216 HPWL: 393041
[NesterovSolve] Iter:   50 overflow: 0.216 HPWL: 393003
[NesterovSolve] Iter:   60 overflow: 0.216 HPWL: 393013
[NesterovSolve] Iter:   70 overflow: 0.216 HPWL: 392993
[NesterovSolve] Iter:   80 overflow: 0.216 HPWL: 392970
[NesterovSolve] Iter:   90 overflow: 0.216 HPWL: 392948
[NesterovSolve] Iter:  100 overflow: 0.216 HPWL: 392910
[NesterovSolve] Iter:  110 overflow: 0.215 HPWL: 392865
[NesterovSolve] Iter:  120 overflow: 0.215 HPWL: 392921
[NesterovSolve] Iter:  130 overflow: 0.215 HPWL: 392804
[NesterovSolve] Iter:  140 overflow: 0.214 HPWL: 392752
[NesterovSolve] Iter:  150 overflow: 0.214 HPWL: 392728
[NesterovSolve] Iter:  160 overflow: 0.213 HPWL: 392816
[NesterovSolve] Iter:  170 overflow: 0.211 HPWL: 392747
[NesterovSolve] Iter:  180 overflow: 0.209 HPWL: 392686
[NesterovSolve] Iter:  190 overflow: 0.207 HPWL: 392516
[NesterovSolve] Iter:  200 overflow: 0.205 HPWL: 392701
[NesterovSolve] Iter:  210 overflow: 0.200 HPWL: 392571
[NesterovSolve] Iter:  220 overflow: 0.194 HPWL: 392520
[NesterovSolve] Iter:  230 overflow: 0.186 HPWL: 392413
[NesterovSolve] Iter:  240 overflow: 0.176 HPWL: 392270
[NesterovSolve] Iter:  250 overflow: 0.164 HPWL: 392264
[NesterovSolve] Iter:  260 overflow: 0.153 HPWL: 392729
[INFO GPL-0100] Timing-driven: executing resizer for reweighting nets.
[INFO GPL-0101] Timing-driven: worst slack 1.38e-08
[INFO GPL-0103] Timing-driven: weighted 2 nets.
[NesterovSolve] Iter:  270 overflow: 0.146 HPWL: 392539
[NesterovSolve] Iter:  280 overflow: 0.128 HPWL: 392338
[NesterovSolve] Iter:  290 overflow: 0.115 HPWL: 393874
[NesterovSolve] Iter:  300 overflow: 0.101 HPWL: 395914
[NesterovSolve] Finished with Overflow: 0.099428
[INFO] Setting RC values…
Setting global connections for newly added cells…
[INFO] Setting global connections...
Updating metrics…
Cell type report:                       Count       Area
  Fill cell                                16      60.06
  Tap cell                                  5       6.26
  Inverter                                  1       3.75
  Multi-Input combinational cell           21     196.44
  Total                                    43     266.51
Writing OpenROAD database to '/home/githi/openlane2/my_designs/Control_unit/runs/RUN_2025-11-16_16-53-36/27-openroad-globalplacement/Control_unit.odb'…
Writing netlist to '/home/githi/openlane2/my_designs/Control_unit/runs/RUN_2025-11-16_16-53-36/27-openroad-globalplacement/Control_unit.nl.v'…
Writing powered netlist to '/home/githi/openlane2/my_designs/Control_unit/runs/RUN_2025-11-16_16-53-36/27-openroad-globalplacement/Control_unit.pnl.v'…
Writing layout to '/home/githi/openlane2/my_designs/Control_unit/runs/RUN_2025-11-16_16-53-36/27-openroad-globalplacement/Control_unit.def'…
Writing timing constraints to '/home/githi/openlane2/my_designs/Control_unit/runs/RUN_2025-11-16_16-53-36/27-openroad-globalplacement/Control_unit.sdc'…
