
 /----------------------------------------------------------------------------\
 |  yosys -- Yosys Open SYnthesis Suite                                       |
 |  Copyright (C) 2012 - 2024  Claire Xenia Wolf <claire@yosyshq.com>         |
 |  Distributed under an ISC-like license, type "license" to see terms        |
 \----------------------------------------------------------------------------/
 Yosys 0.46 (git sha1 e97731b9dda91fa5fa53ed87df7c34163ba59a41, clang++ 17.0.6 -fPIC -O3)
Loaded SDC plugin

1. Executing Liberty frontend: /home/githi/.volare/volare/sky130/versions/0fe599b2afb6708d281543108caf8310912f54af/sky130A/libs.ref/sky130_fd_sc_hd/lib/sky130_fd_sc_hd__tt_025C_1v80.lib
Imported 428 cell types from liberty file.
[INFO] Using SDC file '/home/githi/openlane2/my_designs/Register_file/runs/RUN_2025-11-16_16-40-53/06-yosys-synthesis/synthesis.abc.sdc' for ABC…

2. Executing Verilog-2005 frontend: /home/githi/openlane2/my_designs/Register_file/Register_file.v
Parsing SystemVerilog input from `/home/githi/openlane2/my_designs/Register_file/Register_file.v' to AST representation.
Storing AST representation for module `$abstract\Register_file'.
Successfully finished Verilog frontend.

3. Executing HIERARCHY pass (managing design hierarchy).

4. Executing AST frontend in derive mode using pre-parsed AST for module `\Register_file'.
Generating RTLIL representation for module `\Register_file'.

4.1. Analyzing design hierarchy..
Top module:  \Register_file

4.2. Analyzing design hierarchy..
Top module:  \Register_file
Removing unused module `$abstract\Register_file'.
Removed 1 unused modules.
Renaming module Register_file to Register_file.

5. Generating Graphviz representation of design.
Writing dot description to `/home/githi/openlane2/my_designs/Register_file/runs/RUN_2025-11-16_16-40-53/06-yosys-synthesis/hierarchy.dot'.
Dumping module Register_file to page 1.

6. Executing TRIBUF pass.

7. Executing HIERARCHY pass (managing design hierarchy).

7.1. Analyzing design hierarchy..
Top module:  \Register_file

7.2. Analyzing design hierarchy..
Top module:  \Register_file
Removed 0 unused modules.

8. Executing PROC_CLEAN pass (remove empty switches from decision trees).
Cleaned up 0 empty switches.

9. Executing PROC_RMDEAD pass (remove dead branches from decision trees).
Marked 1 switch rules as full_case in process $proc$/home/githi/openlane2/my_designs/Register_file/Register_file.v:26$11 in module Register_file.
Removed a total of 0 dead cases.

10. Executing PROC_PRUNE pass (remove redundant assignments in processes).
Removed 0 redundant assignments.
Promoted 12 assignments to connections.

11. Executing PROC_INIT pass (extract init attributes).

12. Executing PROC_ARST pass (detect async resets in processes).

13. Executing PROC_ROM pass (convert switches to ROMs).
Converted 0 switches.
<suppressed ~1 debug messages>

14. Executing PROC_MUX pass (convert decision trees to multiplexers).
Creating decoders for process `\Register_file.$proc$/home/githi/openlane2/my_designs/Register_file/Register_file.v:0$34'.
Creating decoders for process `\Register_file.$proc$/home/githi/openlane2/my_designs/Register_file/Register_file.v:26$11'.
     1/3: $1$memwr$\reg_array$/home/githi/openlane2/my_designs/Register_file/Register_file.v:28$10_EN[15:0]$19
     2/3: $1$memwr$\reg_array$/home/githi/openlane2/my_designs/Register_file/Register_file.v:28$10_DATA[15:0]$18
     3/3: $1$memwr$\reg_array$/home/githi/openlane2/my_designs/Register_file/Register_file.v:28$10_ADDR[2:0]$17

15. Executing PROC_DLATCH pass (convert process syncs to latches).
No latch inferred for signal `\Register_file.\i' from process `\Register_file.$proc$/home/githi/openlane2/my_designs/Register_file/Register_file.v:0$34'.
No latch inferred for signal `\Register_file.$memwr$\reg_array$/home/githi/openlane2/my_designs/Register_file/Register_file.v:22$2_EN' from process `\Register_file.$proc$/home/githi/openlane2/my_designs/Register_file/Register_file.v:0$34'.
No latch inferred for signal `\Register_file.$memwr$\reg_array$/home/githi/openlane2/my_designs/Register_file/Register_file.v:22$3_EN' from process `\Register_file.$proc$/home/githi/openlane2/my_designs/Register_file/Register_file.v:0$34'.
No latch inferred for signal `\Register_file.$memwr$\reg_array$/home/githi/openlane2/my_designs/Register_file/Register_file.v:22$4_EN' from process `\Register_file.$proc$/home/githi/openlane2/my_designs/Register_file/Register_file.v:0$34'.
No latch inferred for signal `\Register_file.$memwr$\reg_array$/home/githi/openlane2/my_designs/Register_file/Register_file.v:22$5_EN' from process `\Register_file.$proc$/home/githi/openlane2/my_designs/Register_file/Register_file.v:0$34'.
No latch inferred for signal `\Register_file.$memwr$\reg_array$/home/githi/openlane2/my_designs/Register_file/Register_file.v:22$6_EN' from process `\Register_file.$proc$/home/githi/openlane2/my_designs/Register_file/Register_file.v:0$34'.
No latch inferred for signal `\Register_file.$memwr$\reg_array$/home/githi/openlane2/my_designs/Register_file/Register_file.v:22$7_EN' from process `\Register_file.$proc$/home/githi/openlane2/my_designs/Register_file/Register_file.v:0$34'.
No latch inferred for signal `\Register_file.$memwr$\reg_array$/home/githi/openlane2/my_designs/Register_file/Register_file.v:22$8_EN' from process `\Register_file.$proc$/home/githi/openlane2/my_designs/Register_file/Register_file.v:0$34'.
No latch inferred for signal `\Register_file.$memwr$\reg_array$/home/githi/openlane2/my_designs/Register_file/Register_file.v:22$9_EN' from process `\Register_file.$proc$/home/githi/openlane2/my_designs/Register_file/Register_file.v:0$34'.

16. Executing PROC_DFF pass (convert process syncs to FFs).
Creating register for signal `\Register_file.$memwr$\reg_array$/home/githi/openlane2/my_designs/Register_file/Register_file.v:28$10_ADDR' using process `\Register_file.$proc$/home/githi/openlane2/my_designs/Register_file/Register_file.v:26$11'.
  created $dff cell `$procdff$52' with positive edge clock.
Creating register for signal `\Register_file.$memwr$\reg_array$/home/githi/openlane2/my_designs/Register_file/Register_file.v:28$10_DATA' using process `\Register_file.$proc$/home/githi/openlane2/my_designs/Register_file/Register_file.v:26$11'.
  created $dff cell `$procdff$53' with positive edge clock.
Creating register for signal `\Register_file.$memwr$\reg_array$/home/githi/openlane2/my_designs/Register_file/Register_file.v:28$10_EN' using process `\Register_file.$proc$/home/githi/openlane2/my_designs/Register_file/Register_file.v:26$11'.
  created $dff cell `$procdff$54' with positive edge clock.

17. Executing PROC_MEMWR pass (convert process memory writes to cells).

18. Executing PROC_CLEAN pass (remove empty switches from decision trees).
Removing empty process `Register_file.$proc$/home/githi/openlane2/my_designs/Register_file/Register_file.v:0$34'.
Found and cleaned up 1 empty switch in `\Register_file.$proc$/home/githi/openlane2/my_designs/Register_file/Register_file.v:26$11'.
Removing empty process `Register_file.$proc$/home/githi/openlane2/my_designs/Register_file/Register_file.v:26$11'.
Cleaned up 1 empty switch.

19. Executing CHECK pass (checking for obvious problems).
Checking module Register_file...
Found and reported 0 problems.

20. Executing OPT_EXPR pass (perform const folding).
Optimizing module Register_file.
<suppressed ~3 debug messages>

21. Executing FLATTEN pass (flatten design).

22. Executing OPT_EXPR pass (perform const folding).
Optimizing module Register_file.

23. Executing OPT_CLEAN pass (remove unused cells and wires).
Finding unused cells or wires in module \Register_file..
Removed 3 unused cells and 31 unused wires.
<suppressed ~4 debug messages>

24. Executing OPT_EXPR pass (perform const folding).
Optimizing module Register_file.

25. Executing OPT_MERGE pass (detect identical cells).
Finding identical cells in module `\Register_file'.
Removed a total of 0 cells.

26. Executing OPT_MUXTREE pass (detect dead branches in mux trees).
Running muxtree optimizer on module \Register_file..
  Creating internal representation of mux trees.
  Evaluating internal representation of mux trees.
  Analyzing evaluation results.
Removed 0 multiplexer ports.
<suppressed ~5 debug messages>

27. Executing OPT_REDUCE pass (consolidate $*mux and $reduce_* inputs).
  Optimizing cells in module \Register_file.
    Consolidated identical input bits for $mux cell $procmux$44:
      Old ports: A=16'0000000000000000, B=16'1111111111111111, Y=$0$memwr$\reg_array$/home/githi/openlane2/my_designs/Register_file/Register_file.v:28$10_EN[15:0]$14
      New ports: A=1'0, B=1'1, Y=$0$memwr$\reg_array$/home/githi/openlane2/my_designs/Register_file/Register_file.v:28$10_EN[15:0]$14 [0]
      New connections: $0$memwr$\reg_array$/home/githi/openlane2/my_designs/Register_file/Register_file.v:28$10_EN[15:0]$14 [15:1] = { $0$memwr$\reg_array$/home/githi/openlane2/my_designs/Register_file/Register_file.v:28$10_EN[15:0]$14 [0] $0$memwr$\reg_array$/home/githi/openlane2/my_designs/Register_file/Register_file.v:28$10_EN[15:0]$14 [0] $0$memwr$\reg_array$/home/githi/openlane2/my_designs/Register_file/Register_file.v:28$10_EN[15:0]$14 [0] $0$memwr$\reg_array$/home/githi/openlane2/my_designs/Register_file/Register_file.v:28$10_EN[15:0]$14 [0] $0$memwr$\reg_array$/home/githi/openlane2/my_designs/Register_file/Register_file.v:28$10_EN[15:0]$14 [0] $0$memwr$\reg_array$/home/githi/openlane2/my_designs/Register_file/Register_file.v:28$10_EN[15:0]$14 [0] $0$memwr$\reg_array$/home/githi/openlane2/my_designs/Register_file/Register_file.v:28$10_EN[15:0]$14 [0] $0$memwr$\reg_array$/home/githi/openlane2/my_designs/Register_file/Register_file.v:28$10_EN[15:0]$14 [0] $0$memwr$\reg_array$/home/githi/openlane2/my_designs/Register_file/Register_file.v:28$10_EN[15:0]$14 [0] $0$memwr$\reg_array$/home/githi/openlane2/my_designs/Register_file/Register_file.v:28$10_EN[15:0]$14 [0] $0$memwr$\reg_array$/home/githi/openlane2/my_designs/Register_file/Register_file.v:28$10_EN[15:0]$14 [0] $0$memwr$\reg_array$/home/githi/openlane2/my_designs/Register_file/Register_file.v:28$10_EN[15:0]$14 [0] $0$memwr$\reg_array$/home/githi/openlane2/my_designs/Register_file/Register_file.v:28$10_EN[15:0]$14 [0] $0$memwr$\reg_array$/home/githi/openlane2/my_designs/Register_file/Register_file.v:28$10_EN[15:0]$14 [0] $0$memwr$\reg_array$/home/githi/openlane2/my_designs/Register_file/Register_file.v:28$10_EN[15:0]$14 [0] }
  Optimizing cells in module \Register_file.
Performed a total of 1 changes.

28. Executing OPT_MERGE pass (detect identical cells).
Finding identical cells in module `\Register_file'.
Removed a total of 0 cells.

29. Executing OPT_DFF pass (perform DFF optimizations).

30. Executing OPT_CLEAN pass (remove unused cells and wires).
Finding unused cells or wires in module \Register_file..

31. Executing OPT_EXPR pass (perform const folding).
Optimizing module Register_file.

32. Rerunning OPT passes. (Maybe there is more to do…)

33. Executing OPT_MUXTREE pass (detect dead branches in mux trees).
Running muxtree optimizer on module \Register_file..
  Creating internal representation of mux trees.
  Evaluating internal representation of mux trees.
  Analyzing evaluation results.
Removed 0 multiplexer ports.
<suppressed ~5 debug messages>

34. Executing OPT_REDUCE pass (consolidate $*mux and $reduce_* inputs).
  Optimizing cells in module \Register_file.
Performed a total of 0 changes.

35. Executing OPT_MERGE pass (detect identical cells).
Finding identical cells in module `\Register_file'.
Removed a total of 0 cells.

36. Executing OPT_DFF pass (perform DFF optimizations).

37. Executing OPT_CLEAN pass (remove unused cells and wires).
Finding unused cells or wires in module \Register_file..

38. Executing OPT_EXPR pass (perform const folding).
Optimizing module Register_file.

39. Executing FSM pass (extract and optimize FSM).

39.1. Executing FSM_DETECT pass (finding FSMs in design).

39.2. Executing FSM_EXTRACT pass (extracting FSM from design).

39.3. Executing FSM_OPT pass (simple optimizations of FSMs).

39.4. Executing OPT_CLEAN pass (remove unused cells and wires).
Finding unused cells or wires in module \Register_file..

39.5. Executing FSM_OPT pass (simple optimizations of FSMs).

39.6. Executing FSM_RECODE pass (re-assigning FSM state encoding).

39.7. Executing FSM_INFO pass (dumping all available information on FSM cells).

39.8. Executing FSM_MAP pass (mapping FSMs to basic logic).

40. Executing OPT_EXPR pass (perform const folding).
Optimizing module Register_file.

41. Executing OPT_MERGE pass (detect identical cells).
Finding identical cells in module `\Register_file'.
Removed a total of 0 cells.

42. Executing OPT_MUXTREE pass (detect dead branches in mux trees).
Running muxtree optimizer on module \Register_file..
  Creating internal representation of mux trees.
  Evaluating internal representation of mux trees.
  Analyzing evaluation results.
Removed 0 multiplexer ports.
<suppressed ~5 debug messages>

43. Executing OPT_REDUCE pass (consolidate $*mux and $reduce_* inputs).
  Optimizing cells in module \Register_file.
Performed a total of 0 changes.

44. Executing OPT_MERGE pass (detect identical cells).
Finding identical cells in module `\Register_file'.
Removed a total of 0 cells.

45. Executing OPT_DFF pass (perform DFF optimizations).

46. Executing OPT_CLEAN pass (remove unused cells and wires).
Finding unused cells or wires in module \Register_file..

47. Executing OPT_EXPR pass (perform const folding).
Optimizing module Register_file.

48. Executing WREDUCE pass (reducing word size of cells).
Removed top 29 address bits (of 32) from memory init port Register_file.$meminit$\reg_array$/home/githi/openlane2/my_designs/Register_file/Register_file.v:22$26 (reg_array).
Removed top 29 address bits (of 32) from memory init port Register_file.$meminit$\reg_array$/home/githi/openlane2/my_designs/Register_file/Register_file.v:22$27 (reg_array).
Removed top 29 address bits (of 32) from memory init port Register_file.$meminit$\reg_array$/home/githi/openlane2/my_designs/Register_file/Register_file.v:22$28 (reg_array).
Removed top 29 address bits (of 32) from memory init port Register_file.$meminit$\reg_array$/home/githi/openlane2/my_designs/Register_file/Register_file.v:22$29 (reg_array).
Removed top 29 address bits (of 32) from memory init port Register_file.$meminit$\reg_array$/home/githi/openlane2/my_designs/Register_file/Register_file.v:22$30 (reg_array).
Removed top 29 address bits (of 32) from memory init port Register_file.$meminit$\reg_array$/home/githi/openlane2/my_designs/Register_file/Register_file.v:22$31 (reg_array).
Removed top 29 address bits (of 32) from memory init port Register_file.$meminit$\reg_array$/home/githi/openlane2/my_designs/Register_file/Register_file.v:22$32 (reg_array).
Removed top 29 address bits (of 32) from memory init port Register_file.$meminit$\reg_array$/home/githi/openlane2/my_designs/Register_file/Register_file.v:22$33 (reg_array).

49. Executing PEEPOPT pass (run peephole optimizers).

50. Executing OPT_CLEAN pass (remove unused cells and wires).
Finding unused cells or wires in module \Register_file..

51. Executing ALUMACC pass (create $alu and $macc cells).
Extracting $alu and $macc cells in module Register_file:
  created 0 $alu and 0 $macc cells.

52. Executing SHARE pass (SAT-based resource sharing).
Found 2 cells in module Register_file that may be considered for resource sharing.
  Analyzing resource sharing options for $memrd$\reg_array$/home/githi/openlane2/my_designs/Register_file/Register_file.v:33$24 ($memrd):
    Found 1 activation_patterns using ctrl signal $eq$/home/githi/openlane2/my_designs/Register_file/Register_file.v:33$23_Y.
    Found 1 candidates: $memrd$\reg_array$/home/githi/openlane2/my_designs/Register_file/Register_file.v:32$21
    Analyzing resource sharing with $memrd$\reg_array$/home/githi/openlane2/my_designs/Register_file/Register_file.v:32$21 ($memrd):
      Found 1 activation_patterns using ctrl signal $eq$/home/githi/openlane2/my_designs/Register_file/Register_file.v:32$20_Y.
      Activation pattern for cell $memrd$\reg_array$/home/githi/openlane2/my_designs/Register_file/Register_file.v:33$24: $eq$/home/githi/openlane2/my_designs/Register_file/Register_file.v:33$23_Y = 1'0
      Activation pattern for cell $memrd$\reg_array$/home/githi/openlane2/my_designs/Register_file/Register_file.v:32$21: $eq$/home/githi/openlane2/my_designs/Register_file/Register_file.v:32$20_Y = 1'0
      Size of SAT problem: 0 cells, 23 variables, 47 clauses
      According to the SAT solver this pair of cells can not be shared.
      Model from SAT solver: { $eq$/home/githi/openlane2/my_designs/Register_file/Register_file.v:33$23_Y $eq$/home/githi/openlane2/my_designs/Register_file/Register_file.v:32$20_Y } = 2'00
  Analyzing resource sharing options for $memrd$\reg_array$/home/githi/openlane2/my_designs/Register_file/Register_file.v:32$21 ($memrd):
    Found 1 activation_patterns using ctrl signal $eq$/home/githi/openlane2/my_designs/Register_file/Register_file.v:32$20_Y.
    No candidates found.

53. Executing OPT_EXPR pass (perform const folding).
Optimizing module Register_file.

54. Executing OPT_MERGE pass (detect identical cells).
Finding identical cells in module `\Register_file'.
Removed a total of 0 cells.

55. Executing OPT_MUXTREE pass (detect dead branches in mux trees).
Running muxtree optimizer on module \Register_file..
  Creating internal representation of mux trees.
  Evaluating internal representation of mux trees.
  Analyzing evaluation results.
Removed 0 multiplexer ports.
<suppressed ~5 debug messages>

56. Executing OPT_REDUCE pass (consolidate $*mux and $reduce_* inputs).
  Optimizing cells in module \Register_file.
Performed a total of 0 changes.

57. Executing OPT_MERGE pass (detect identical cells).
Finding identical cells in module `\Register_file'.
Removed a total of 0 cells.

58. Executing OPT_DFF pass (perform DFF optimizations).

59. Executing OPT_CLEAN pass (remove unused cells and wires).
Finding unused cells or wires in module \Register_file..

60. Executing OPT_EXPR pass (perform const folding).
Optimizing module Register_file.

61. Executing MEMORY pass.

61.1. Executing OPT_MEM pass (optimize memories).
Performed a total of 0 transformations.

61.2. Executing OPT_MEM_PRIORITY pass (removing unnecessary memory write priority relations).
Performed a total of 0 transformations.

61.3. Executing OPT_MEM_FEEDBACK pass (finding memory read-to-write feedback paths).
  Analyzing Register_file.reg_array write port 0.

61.4. Executing MEMORY_BMUX2ROM pass (converting muxes to ROMs).

61.5. Executing MEMORY_DFF pass (merging $dff cells to $memrd).
Checking read port `\reg_array'[0] in module `\Register_file': no output FF found.
Checking read port `\reg_array'[1] in module `\Register_file': no output FF found.
Checking read port address `\reg_array'[0] in module `\Register_file': no address FF found.
Checking read port address `\reg_array'[1] in module `\Register_file': no address FF found.

61.6. Executing OPT_CLEAN pass (remove unused cells and wires).
Finding unused cells or wires in module \Register_file..

61.7. Executing MEMORY_SHARE pass (consolidating $memrd/$memwr cells).
Consolidating read ports of memory Register_file.reg_array by address:

61.8. Executing OPT_MEM_WIDEN pass (optimize memories where all ports are wide).
Performed a total of 0 transformations.

61.9. Executing OPT_CLEAN pass (remove unused cells and wires).
Finding unused cells or wires in module \Register_file..

61.10. Executing MEMORY_COLLECT pass (generating $mem cells).

62. Executing OPT_CLEAN pass (remove unused cells and wires).
Finding unused cells or wires in module \Register_file..

63. Executing OPT_EXPR pass (perform const folding).
Optimizing module Register_file.
<suppressed ~3 debug messages>

64. Executing OPT_MERGE pass (detect identical cells).
Finding identical cells in module `\Register_file'.
Removed a total of 0 cells.

65. Executing OPT_DFF pass (perform DFF optimizations).

66. Executing OPT_CLEAN pass (remove unused cells and wires).
Finding unused cells or wires in module \Register_file..
Removed 0 unused cells and 3 unused wires.
<suppressed ~1 debug messages>

67. Executing MEMORY_MAP pass (converting memories to logic and flip-flops).
Mapping memory \reg_array in module \Register_file:
  created 8 $dff cells and 0 static cells of width 16.
  read interface: 0 $dff and 14 $mux cells.
  write interface: 8 write mux blocks.

68. Executing OPT_EXPR pass (perform const folding).
Optimizing module Register_file.
<suppressed ~6 debug messages>

69. Executing OPT_MERGE pass (detect identical cells).
Finding identical cells in module `\Register_file'.
Removed a total of 0 cells.

70. Executing OPT_MUXTREE pass (detect dead branches in mux trees).
Running muxtree optimizer on module \Register_file..
  Creating internal representation of mux trees.
  Evaluating internal representation of mux trees.
  Analyzing evaluation results.
Removed 0 multiplexer ports.
<suppressed ~10 debug messages>

71. Executing OPT_REDUCE pass (consolidate $*mux and $reduce_* inputs).
  Optimizing cells in module \Register_file.
Performed a total of 0 changes.

72. Executing OPT_MERGE pass (detect identical cells).
Finding identical cells in module `\Register_file'.
Removed a total of 0 cells.

73. Executing OPT_SHARE pass.

74. Executing OPT_DFF pass (perform DFF optimizations).

75. Executing OPT_CLEAN pass (remove unused cells and wires).
Finding unused cells or wires in module \Register_file..
Removed 0 unused cells and 27 unused wires.
<suppressed ~1 debug messages>

76. Executing OPT_EXPR pass (perform const folding).
Optimizing module Register_file.

77. Rerunning OPT passes. (Maybe there is more to do…)

78. Executing OPT_MUXTREE pass (detect dead branches in mux trees).
Running muxtree optimizer on module \Register_file..
  Creating internal representation of mux trees.
  Evaluating internal representation of mux trees.
  Analyzing evaluation results.
Removed 0 multiplexer ports.
<suppressed ~10 debug messages>

79. Executing OPT_REDUCE pass (consolidate $*mux and $reduce_* inputs).
  Optimizing cells in module \Register_file.
Performed a total of 0 changes.

80. Executing OPT_MERGE pass (detect identical cells).
Finding identical cells in module `\Register_file'.
Removed a total of 0 cells.

81. Executing OPT_SHARE pass.

82. Executing OPT_DFF pass (perform DFF optimizations).
Adding EN signal on $memory\reg_array[7]$74 ($dff) from module Register_file (D = \WD3, Q = \reg_array[7]).
Adding EN signal on $memory\reg_array[6]$72 ($dff) from module Register_file (D = \WD3, Q = \reg_array[6]).
Adding EN signal on $memory\reg_array[5]$70 ($dff) from module Register_file (D = \WD3, Q = \reg_array[5]).
Adding EN signal on $memory\reg_array[4]$68 ($dff) from module Register_file (D = \WD3, Q = \reg_array[4]).
Adding EN signal on $memory\reg_array[3]$66 ($dff) from module Register_file (D = \WD3, Q = \reg_array[3]).
Adding EN signal on $memory\reg_array[2]$64 ($dff) from module Register_file (D = \WD3, Q = \reg_array[2]).
Adding EN signal on $memory\reg_array[1]$62 ($dff) from module Register_file (D = \WD3, Q = \reg_array[1]).
Adding EN signal on $memory\reg_array[0]$60 ($dff) from module Register_file (D = \WD3, Q = \reg_array[0]).

83. Executing OPT_CLEAN pass (remove unused cells and wires).
Finding unused cells or wires in module \Register_file..
Removed 8 unused cells and 8 unused wires.
<suppressed ~9 debug messages>

84. Executing OPT_EXPR pass (perform const folding).
Optimizing module Register_file.

85. Rerunning OPT passes. (Maybe there is more to do…)

86. Executing OPT_MUXTREE pass (detect dead branches in mux trees).
Running muxtree optimizer on module \Register_file..
  Creating internal representation of mux trees.
  Evaluating internal representation of mux trees.
  Analyzing evaluation results.
Removed 0 multiplexer ports.
<suppressed ~2 debug messages>

87. Executing OPT_REDUCE pass (consolidate $*mux and $reduce_* inputs).
  Optimizing cells in module \Register_file.
Performed a total of 0 changes.

88. Executing OPT_MERGE pass (detect identical cells).
Finding identical cells in module `\Register_file'.
Removed a total of 0 cells.

89. Executing OPT_SHARE pass.

90. Executing OPT_DFF pass (perform DFF optimizations).

91. Executing OPT_CLEAN pass (remove unused cells and wires).
Finding unused cells or wires in module \Register_file..

92. Executing OPT_EXPR pass (perform const folding).
Optimizing module Register_file.

93. Executing TECHMAP pass (map to technology primitives).

93.1. Executing Verilog-2005 frontend: /nix/store/9r0bh7sp051dpm8km8bqlb028anpd3v3-yosys/bin/../share/yosys/techmap.v
Parsing Verilog input from `/nix/store/9r0bh7sp051dpm8km8bqlb028anpd3v3-yosys/bin/../share/yosys/techmap.v' to AST representation.
Generating RTLIL representation for module `\_90_simplemap_bool_ops'.
Generating RTLIL representation for module `\_90_simplemap_reduce_ops'.
Generating RTLIL representation for module `\_90_simplemap_logic_ops'.
Generating RTLIL representation for module `\_90_simplemap_compare_ops'.
Generating RTLIL representation for module `\_90_simplemap_various'.
Generating RTLIL representation for module `\_90_simplemap_registers'.
Generating RTLIL representation for module `\_90_shift_ops_shr_shl_sshl_sshr'.
Generating RTLIL representation for module `\_90_shift_shiftx'.
Generating RTLIL representation for module `\_90_fa'.
Generating RTLIL representation for module `\_90_lcu_brent_kung'.
Generating RTLIL representation for module `\_90_alu'.
Generating RTLIL representation for module `\_90_macc'.
Generating RTLIL representation for module `\_90_alumacc'.
Generating RTLIL representation for module `\$__div_mod_u'.
Generating RTLIL representation for module `\$__div_mod_trunc'.
Generating RTLIL representation for module `\_90_div'.
Generating RTLIL representation for module `\_90_mod'.
Generating RTLIL representation for module `\$__div_mod_floor'.
Generating RTLIL representation for module `\_90_divfloor'.
Generating RTLIL representation for module `\_90_modfloor'.
Generating RTLIL representation for module `\_90_pow'.
Generating RTLIL representation for module `\_90_pmux'.
Generating RTLIL representation for module `\_90_demux'.
Generating RTLIL representation for module `\_90_lut'.
Successfully finished Verilog frontend.

93.2. Continuing TECHMAP pass.
Using extmapper simplemap for cells of type $mux.
Using extmapper simplemap for cells of type $reduce_bool.
Using extmapper simplemap for cells of type $logic_and.
Using extmapper simplemap for cells of type $logic_not.
Using extmapper simplemap for cells of type $dffe.
Using extmapper simplemap for cells of type $not.
Using extmapper simplemap for cells of type $and.
No more expansions possible.
<suppressed ~124 debug messages>

94. Executing OPT_EXPR pass (perform const folding).
Optimizing module Register_file.
<suppressed ~32 debug messages>

95. Executing OPT_MERGE pass (detect identical cells).
Finding identical cells in module `\Register_file'.
Removed a total of 0 cells.

96. Executing OPT_DFF pass (perform DFF optimizations).

97. Executing OPT_CLEAN pass (remove unused cells and wires).
Finding unused cells or wires in module \Register_file..
Removed 2 unused cells and 3 unused wires.
<suppressed ~3 debug messages>

98. Executing OPT_EXPR pass (perform const folding).
Optimizing module Register_file.

99. Executing OPT_MERGE pass (detect identical cells).
Finding identical cells in module `\Register_file'.
Removed a total of 0 cells.

100. Executing OPT_DFF pass (perform DFF optimizations).

101. Executing OPT_CLEAN pass (remove unused cells and wires).
Finding unused cells or wires in module \Register_file..

102. Executing ABC pass (technology mapping using ABC).

102.1. Extracting gate netlist of module `\Register_file' to `<abc-temp-dir>/input.blif'..
Extracted 286 gates and 425 wires to a netlist network with 138 inputs and 40 outputs.

102.1.1. Executing ABC.
Running ABC command: "/nix/store/6l3aj1gi4lja8z5s4lan2k2cfz9mqkrz-yosys-abc/bin/abc" -s -f <abc-temp-dir>/abc.script 2>&1
ABC: ABC command line: "source <abc-temp-dir>/abc.script".
ABC: 
ABC: + read_blif <abc-temp-dir>/input.blif 
ABC: + read_library <abc-temp-dir>/stdcells.genlib 
ABC: Entered genlib library with 13 gates from file "<abc-temp-dir>/stdcells.genlib".
ABC: + strash 
ABC: + dretime 
ABC: + map 
ABC: + write_blif <abc-temp-dir>/output.blif 

102.1.2. Re-integrating ABC results.
ABC RESULTS:               MUX cells:      224
ABC RESULTS:               NOT cells:        5
ABC RESULTS:               NOR cells:        1
ABC RESULTS:               AND cells:        1
ABC RESULTS:             ORNOT cells:        2
ABC RESULTS:              NAND cells:        1
ABC RESULTS:                OR cells:       10
ABC RESULTS:            ANDNOT cells:       44
ABC RESULTS:        internal signals:      247
ABC RESULTS:           input signals:      138
ABC RESULTS:          output signals:       40
Removing temp directory.

103. Executing OPT pass (performing simple optimizations).

103.1. Executing OPT_EXPR pass (perform const folding).
Optimizing module Register_file.
<suppressed ~96 debug messages>

103.2. Executing OPT_MERGE pass (detect identical cells).
Finding identical cells in module `\Register_file'.
Removed a total of 0 cells.

103.3. Executing OPT_DFF pass (perform DFF optimizations).

103.4. Executing OPT_CLEAN pass (remove unused cells and wires).
Finding unused cells or wires in module \Register_file..
Removed 2 unused cells and 216 unused wires.
<suppressed ~3 debug messages>

103.5. Finished fast OPT passes.

104. Executing HIERARCHY pass (managing design hierarchy).

104.1. Analyzing design hierarchy..
Top module:  \Register_file

104.2. Analyzing design hierarchy..
Top module:  \Register_file
Removed 0 unused modules.

105. Executing CHECK pass (checking for obvious problems).
Checking module Register_file...
Found and reported 0 problems.

106. Printing statistics.

=== Register_file ===

   Number of wires:                271
   Number of wire bits:            473
   Number of public wires:          17
   Number of public wire bits:     219
   Number of ports:                  8
   Number of port bits:             59
   Number of memories:               0
   Number of memory bits:            0
   Number of processes:              0
   Number of cells:                414
     $_ANDNOT_                      44
     $_AND_                          1
     $_DFFE_PP_                    128
     $_MUX_                        224
     $_NAND_                         1
     $_NOR_                          1
     $_NOT_                          3
     $_ORNOT_                        2
     $_OR_                          10

107. Generating Graphviz representation of design.
Writing dot description to `/home/githi/openlane2/my_designs/Register_file/runs/RUN_2025-11-16_16-40-53/06-yosys-synthesis/primitive_techmap.dot'.
Dumping module Register_file to page 1.

108. Executing OPT pass (performing simple optimizations).

108.1. Executing OPT_EXPR pass (perform const folding).
Optimizing module Register_file.

108.2. Executing OPT_MERGE pass (detect identical cells).
Finding identical cells in module `\Register_file'.
Removed a total of 0 cells.

108.3. Executing OPT_MUXTREE pass (detect dead branches in mux trees).
Running muxtree optimizer on module \Register_file..
  Creating internal representation of mux trees.
  No muxes found in this module.
Removed 0 multiplexer ports.

108.4. Executing OPT_REDUCE pass (consolidate $*mux and $reduce_* inputs).
  Optimizing cells in module \Register_file.
Performed a total of 0 changes.

108.5. Executing OPT_MERGE pass (detect identical cells).
Finding identical cells in module `\Register_file'.
Removed a total of 0 cells.

108.6. Executing OPT_DFF pass (perform DFF optimizations).

108.7. Executing OPT_CLEAN pass (remove unused cells and wires).
Finding unused cells or wires in module \Register_file..

108.8. Executing OPT_EXPR pass (perform const folding).
Optimizing module Register_file.

108.9. Finished OPT passes. (There is nothing left to do.)

109. Executing OPT_CLEAN pass (remove unused cells and wires).
Finding unused cells or wires in module \Register_file..
Removed 0 unused cells and 1 unused wires.
<suppressed ~1 debug messages>
{
   "creator": "Yosys 0.46 (git sha1 e97731b9dda91fa5fa53ed87df7c34163ba59a41, clang++ 17.0.6 -fPIC -O3)",
   "invocation": "stat -json -liberty /home/githi/openlane2/my_designs/Register_file/runs/RUN_2025-11-16_16-40-53/tmp/ecf0cf732f7c44a0a437e001d68abafe.lib ",
   "modules": {
      "\\Register_file": {
         "num_wires":         270,
         "num_wire_bits":     441,
         "num_pub_wires":     16,
         "num_pub_wire_bits": 187,
         "num_ports":         8,
         "num_port_bits":     59,
         "num_memories":      0,
         "num_memory_bits":   0,
         "num_processes":     0,
         "num_cells":         414,
         "num_cells_by_type": {
            "$_ANDNOT_": 44,
            "$_AND_": 1,
            "$_DFFE_PP_": 128,
            "$_MUX_": 224,
            "$_NAND_": 1,
            "$_NOR_": 1,
            "$_NOT_": 3,
            "$_ORNOT_": 2,
            "$_OR_": 10
         }
      }
   },
      "design": {
         "num_wires":         270,
         "num_wire_bits":     441,
         "num_pub_wires":     16,
         "num_pub_wire_bits": 187,
         "num_ports":         8,
         "num_port_bits":     59,
         "num_memories":      0,
         "num_memory_bits":   0,
         "num_processes":     0,
         "num_cells":         414,
         "num_cells_by_type": {
            "$_ANDNOT_": 44,
            "$_AND_": 1,
            "$_DFFE_PP_": 128,
            "$_MUX_": 224,
            "$_NAND_": 1,
            "$_NOR_": 1,
            "$_NOT_": 3,
            "$_ORNOT_": 2,
            "$_OR_": 10
         }
      }
}

110. Printing statistics.

=== Register_file ===

   Number of wires:                270
   Number of wire bits:            441
   Number of public wires:          16
   Number of public wire bits:     187
   Number of ports:                  8
   Number of port bits:             59
   Number of memories:               0
   Number of memory bits:            0
   Number of processes:              0
   Number of cells:                414
     $_ANDNOT_                      44
     $_AND_                          1
     $_DFFE_PP_                    128
     $_MUX_                        224
     $_NAND_                         1
     $_NOR_                          1
     $_NOT_                          3
     $_ORNOT_                        2
     $_OR_                          10

   Area for cell type $_NOT_ is unknown!
   Area for cell type $_AND_ is unknown!
   Area for cell type $_NAND_ is unknown!
   Area for cell type $_OR_ is unknown!
   Area for cell type $_NOR_ is unknown!
   Area for cell type $_ANDNOT_ is unknown!
   Area for cell type $_ORNOT_ is unknown!
   Area for cell type $_MUX_ is unknown!
   Area for cell type $_DFFE_PP_ is unknown!

[INFO] Applying tri-state buffer mapping from '/home/githi/.volare/volare/sky130/versions/0fe599b2afb6708d281543108caf8310912f54af/sky130A/libs.tech/openlane/sky130_fd_sc_hd/tribuff_map.v'…

111. Executing TECHMAP pass (map to technology primitives).

111.1. Executing Verilog-2005 frontend: /home/githi/.volare/volare/sky130/versions/0fe599b2afb6708d281543108caf8310912f54af/sky130A/libs.tech/openlane/sky130_fd_sc_hd/tribuff_map.v
Parsing Verilog input from `/home/githi/.volare/volare/sky130/versions/0fe599b2afb6708d281543108caf8310912f54af/sky130A/libs.tech/openlane/sky130_fd_sc_hd/tribuff_map.v' to AST representation.
Generating RTLIL representation for module `\$_TBUF_'.
Successfully finished Verilog frontend.

111.2. Continuing TECHMAP pass.
No more expansions possible.
<suppressed ~3 debug messages>

112. Executing SIMPLEMAP pass (map simple cells to gate primitives).
[INFO] Applying latch mapping from '/home/githi/.volare/volare/sky130/versions/0fe599b2afb6708d281543108caf8310912f54af/sky130A/libs.tech/openlane/sky130_fd_sc_hd/latch_map.v'…

113. Executing TECHMAP pass (map to technology primitives).

113.1. Executing Verilog-2005 frontend: /home/githi/.volare/volare/sky130/versions/0fe599b2afb6708d281543108caf8310912f54af/sky130A/libs.tech/openlane/sky130_fd_sc_hd/latch_map.v
Parsing Verilog input from `/home/githi/.volare/volare/sky130/versions/0fe599b2afb6708d281543108caf8310912f54af/sky130A/libs.tech/openlane/sky130_fd_sc_hd/latch_map.v' to AST representation.
Generating RTLIL representation for module `\$_DLATCH_P_'.
Generating RTLIL representation for module `\$_DLATCH_N_'.
Successfully finished Verilog frontend.

113.2. Continuing TECHMAP pass.
No more expansions possible.
<suppressed ~4 debug messages>

114. Executing SIMPLEMAP pass (map simple cells to gate primitives).

115. Executing DFFLIBMAP pass (mapping DFF cells to sequential cells from liberty file).
  cell sky130_fd_sc_hd__dfxtp_2 (noninv, pins=3, area=21.27) is a direct match for cell type $_DFF_P_.
  cell sky130_fd_sc_hd__dfrtp_2 (noninv, pins=4, area=26.28) is a direct match for cell type $_DFF_PN0_.
  cell sky130_fd_sc_hd__dfstp_2 (noninv, pins=4, area=26.28) is a direct match for cell type $_DFF_PN1_.
  cell sky130_fd_sc_hd__dfbbn_2 (noninv, pins=6, area=35.03) is a direct match for cell type $_DFFSR_NNN_.
  final dff cell mappings:
    unmapped dff cell: $_DFF_N_
    \sky130_fd_sc_hd__dfxtp_2 _DFF_P_ (.CLK( C), .D( D), .Q( Q));
    unmapped dff cell: $_DFF_NN0_
    unmapped dff cell: $_DFF_NN1_
    unmapped dff cell: $_DFF_NP0_
    unmapped dff cell: $_DFF_NP1_
    \sky130_fd_sc_hd__dfrtp_2 _DFF_PN0_ (.CLK( C), .D( D), .Q( Q), .RESET_B( R));
    \sky130_fd_sc_hd__dfstp_2 _DFF_PN1_ (.CLK( C), .D( D), .Q( Q), .SET_B( R));
    unmapped dff cell: $_DFF_PP0_
    unmapped dff cell: $_DFF_PP1_
    \sky130_fd_sc_hd__dfbbn_2 _DFFSR_NNN_ (.CLK_N( C), .D( D), .Q( Q), .Q_N(~Q), .RESET_B( R), .SET_B( S));
    unmapped dff cell: $_DFFSR_NNP_
    unmapped dff cell: $_DFFSR_NPN_
    unmapped dff cell: $_DFFSR_NPP_
    unmapped dff cell: $_DFFSR_PNN_
    unmapped dff cell: $_DFFSR_PNP_
    unmapped dff cell: $_DFFSR_PPN_
    unmapped dff cell: $_DFFSR_PPP_

115.1. Executing DFFLEGALIZE pass (convert FFs to types supported by the target).
Mapping DFF cells in module `\Register_file':
  mapped 128 $_DFF_P_ cells to \sky130_fd_sc_hd__dfxtp_2 cells.
{
   "creator": "Yosys 0.46 (git sha1 e97731b9dda91fa5fa53ed87df7c34163ba59a41, clang++ 17.0.6 -fPIC -O3)",
   "invocation": "stat -json -liberty /home/githi/openlane2/my_designs/Register_file/runs/RUN_2025-11-16_16-40-53/tmp/ecf0cf732f7c44a0a437e001d68abafe.lib ",
   "modules": {
      "\\Register_file": {
         "num_wires":         398,
         "num_wire_bits":     569,
         "num_pub_wires":     16,
         "num_pub_wire_bits": 187,
         "num_ports":         8,
         "num_port_bits":     59,
         "num_memories":      0,
         "num_memory_bits":   0,
         "num_processes":     0,
         "num_cells":         542,
         "area":              2722.611200,
         "num_cells_by_type": {
            "$_ANDNOT_": 44,
            "$_AND_": 1,
            "$_MUX_": 352,
            "$_NAND_": 1,
            "$_NOR_": 1,
            "$_NOT_": 3,
            "$_ORNOT_": 2,
            "$_OR_": 10,
            "sky130_fd_sc_hd__dfxtp_2": 128
         }
      }
   },
      "design": {
         "num_wires":         398,
         "num_wire_bits":     569,
         "num_pub_wires":     16,
         "num_pub_wire_bits": 187,
         "num_ports":         8,
         "num_port_bits":     59,
         "num_memories":      0,
         "num_memory_bits":   0,
         "num_processes":     0,
         "num_cells":         542,
         "area":              2722.611200,
         "num_cells_by_type": {
            "$_ANDNOT_": 44,
            "$_AND_": 1,
            "$_MUX_": 352,
            "$_NAND_": 1,
            "$_NOR_": 1,
            "$_NOT_": 3,
            "$_ORNOT_": 2,
            "$_OR_": 10,
            "sky130_fd_sc_hd__dfxtp_2": 128
         }
      }
}

116. Printing statistics.

=== Register_file ===

   Number of wires:                398
   Number of wire bits:            569
   Number of public wires:          16
   Number of public wire bits:     187
   Number of ports:                  8
   Number of port bits:             59
   Number of memories:               0
   Number of memory bits:            0
   Number of processes:              0
   Number of cells:                542
     $_ANDNOT_                      44
     $_AND_                          1
     $_MUX_                        352
     $_NAND_                         1
     $_NOR_                          1
     $_NOT_                          3
     $_ORNOT_                        2
     $_OR_                          10
     sky130_fd_sc_hd__dfxtp_2      128

   Area for cell type $_NOT_ is unknown!
   Area for cell type $_AND_ is unknown!
   Area for cell type $_NAND_ is unknown!
   Area for cell type $_OR_ is unknown!
   Area for cell type $_NOR_ is unknown!
   Area for cell type $_ANDNOT_ is unknown!
   Area for cell type $_ORNOT_ is unknown!
   Area for cell type $_MUX_ is unknown!

   Chip area for module '\Register_file': 2722.611200
     of which used for sequential elements: 2722.611200 (100.00%)

[INFO] Using generated ABC script '/home/githi/openlane2/my_designs/Register_file/runs/RUN_2025-11-16_16-40-53/06-yosys-synthesis/AREA_0.abc'…

117. Executing ABC pass (technology mapping using ABC).

117.1. Extracting gate netlist of module `\Register_file' to `/tmp/yosys-abc-TxI1gO/input.blif'..
Extracted 414 gates and 568 wires to a netlist network with 154 inputs and 160 outputs.

117.1.1. Executing ABC.
Running ABC command: "/nix/store/6l3aj1gi4lja8z5s4lan2k2cfz9mqkrz-yosys-abc/bin/abc" -s -f /tmp/yosys-abc-TxI1gO/abc.script 2>&1
ABC: ABC command line: "source /tmp/yosys-abc-TxI1gO/abc.script".
ABC: 
ABC: + read_blif /tmp/yosys-abc-TxI1gO/input.blif 
ABC: + read_lib -w /home/githi/openlane2/my_designs/Register_file/runs/RUN_2025-11-16_16-40-53/tmp/ecf0cf732f7c44a0a437e001d68abafe.lib 
ABC: Parsing finished successfully.  Parsing time =     0.03 sec
ABC: Scl_LibertyReadGenlib() skipped sequential cell "sky130_fd_sc_hd__dfbbn_2".
ABC: Scl_LibertyReadGenlib() skipped sequential cell "sky130_fd_sc_hd__dfrbp_2".
ABC: Scl_LibertyReadGenlib() skipped sequential cell "sky130_fd_sc_hd__dfrtp_2".
ABC: Scl_LibertyReadGenlib() skipped sequential cell "sky130_fd_sc_hd__dfrtp_4".
ABC: Scl_LibertyReadGenlib() skipped sequential cell "sky130_fd_sc_hd__dfsbp_2".
ABC: Scl_LibertyReadGenlib() skipped sequential cell "sky130_fd_sc_hd__dfstp_2".
ABC: Scl_LibertyReadGenlib() skipped sequential cell "sky130_fd_sc_hd__dfstp_4".
ABC: Scl_LibertyReadGenlib() skipped sequential cell "sky130_fd_sc_hd__dfxbp_2".
ABC: Scl_LibertyReadGenlib() skipped sequential cell "sky130_fd_sc_hd__dfxtp_2".
ABC: Scl_LibertyReadGenlib() skipped sequential cell "sky130_fd_sc_hd__dfxtp_4".
ABC: Scl_LibertyReadGenlib() skipped sequential cell "sky130_fd_sc_hd__dlxtn_1".
ABC: Scl_LibertyReadGenlib() skipped sequential cell "sky130_fd_sc_hd__dlxtn_2".
ABC: Scl_LibertyReadGenlib() skipped sequential cell "sky130_fd_sc_hd__dlxtn_4".
ABC: Scl_LibertyReadGenlib() skipped sequential cell "sky130_fd_sc_hd__dlxtp_1".
ABC: Scl_LibertyReadGenlib() skipped three-state cell "sky130_fd_sc_hd__ebufn_2".
ABC: Scl_LibertyReadGenlib() skipped three-state cell "sky130_fd_sc_hd__ebufn_4".
ABC: Scl_LibertyReadGenlib() skipped three-state cell "sky130_fd_sc_hd__ebufn_8".
ABC: Library "sky130_fd_sc_hd__tt_025C_1v80" from "/home/githi/openlane2/my_designs/Register_file/runs/RUN_2025-11-16_16-40-53/tmp/ecf0cf732f7c44a0a437e001d68abafe.lib" has 175 cells (17 skipped: 14 seq; 3 tri-state; 0 no func; 0 dont_use).  Time =     0.05 sec
ABC: Memory =    9.54 MB. Time =     0.05 sec
ABC: Warning: Detected 2 multi-output gates (for example, "sky130_fd_sc_hd__fa_1").
ABC: + read_constr -v /home/githi/openlane2/my_designs/Register_file/runs/RUN_2025-11-16_16-40-53/06-yosys-synthesis/synthesis.abc.sdc 
ABC: Setting driving cell to be "sky130_fd_sc_hd__inv_2/Y".
ABC: Setting output load to be 33.442001.
ABC: + source /home/githi/openlane2/my_designs/Register_file/runs/RUN_2025-11-16_16-40-53/06-yosys-synthesis/AREA_0.abc 
ABC: Error: The network is combinational.
ABC: Cannot find the default PI driving cell (sky130_fd_sc_hd__inv_2/Y) in the library.
ABC: WireLoad = "none"  Gates =    302 (  5.3 %)   Cap = 16.6 ff ( 18.5 %)   Area =     3378.24 ( 36.4 %)   Delay =   988.35 ps  ( 65.6 %)               
ABC: Path  0 --     137 : 0    7 pi                        A =   0.00  Df =   0.0   -0.0 ps  S =   0.0 ps  Cin =  0.0 ff  Cout =  11.0 ff  Cmax =   0.0 ff  G =    0  
ABC: Path  1 --     482 : 4   16 sky130_fd_sc_hd__and4bb_2 A =  12.51  Df = 492.2 -159.5 ps  S = 333.4 ps  Cin =  1.5 ff  Cout =  56.3 ff  Cmax = 270.1 ff  G = 3619  
ABC: Path  2 --     483 : 3    1 sky130_fd_sc_hd__mux2_1   A =  11.26  Df = 988.4 -165.7 ps  S = 300.4 ps  Cin =  2.3 ff  Cout =  33.4 ff  Cmax = 173.0 ff  G = 1465  
ABC: Start-point = pi136 (\A3 [1]).  End-point = po32 ($auto$rtlil.cc:2739:MuxGate$984).
ABC: netlist                       : i/o =  154/  160  lat =    0  nd =   302  edge =    972  area =3378.18  delay = 3.00  lev = 3
ABC: + write_blif /tmp/yosys-abc-TxI1gO/output.blif 

117.1.2. Re-integrating ABC results.
ABC RESULTS:   sky130_fd_sc_hd__nor2_2 cells:        2
ABC RESULTS:   sky130_fd_sc_hd__or3_2 cells:        2
ABC RESULTS:   sky130_fd_sc_hd__and2b_2 cells:        3
ABC RESULTS:   sky130_fd_sc_hd__mux4_2 cells:       32
ABC RESULTS:   sky130_fd_sc_hd__and2_2 cells:       32
ABC RESULTS:   sky130_fd_sc_hd__a22o_2 cells:       32
ABC RESULTS:   sky130_fd_sc_hd__o21a_2 cells:       32
ABC RESULTS:   sky130_fd_sc_hd__and4bb_2 cells:        3
ABC RESULTS:   sky130_fd_sc_hd__and4b_2 cells:        3
ABC RESULTS:   sky130_fd_sc_hd__and4_2 cells:        1
ABC RESULTS:   sky130_fd_sc_hd__mux2_1 cells:      144
ABC RESULTS:   sky130_fd_sc_hd__buf_1 cells:       16
ABC RESULTS:        internal signals:      254
ABC RESULTS:           input signals:      154
ABC RESULTS:          output signals:      160
Removing temp directory.

118. Executing SETUNDEF pass (replace undef values with defined constants).

119. Executing HILOMAP pass (mapping to constant drivers).

120. Executing SPLITNETS pass (splitting up multi-bit signals).

121. Executing OPT_CLEAN pass (remove unused cells and wires).
Finding unused cells or wires in module \Register_file..
Removed 32 unused cells and 584 unused wires.
<suppressed ~33 debug messages>

122. Executing INSBUF pass (insert buffer cells for connected wires).

123. Executing CHECK pass (checking for obvious problems).
Checking module Register_file...
Found and reported 0 problems.
{
   "creator": "Yosys 0.46 (git sha1 e97731b9dda91fa5fa53ed87df7c34163ba59a41, clang++ 17.0.6 -fPIC -O3)",
   "invocation": "stat -json -liberty /home/githi/openlane2/my_designs/Register_file/runs/RUN_2025-11-16_16-40-53/tmp/ecf0cf732f7c44a0a437e001d68abafe.lib ",
   "modules": {
      "\\Register_file": {
         "num_wires":         390,
         "num_wire_bits":     441,
         "num_pub_wires":     136,
         "num_pub_wire_bits": 187,
         "num_ports":         8,
         "num_port_bits":     59,
         "num_memories":      0,
         "num_memory_bits":   0,
         "num_processes":     0,
         "num_cells":         398,
         "area":              5700.467200,
         "num_cells_by_type": {
            "sky130_fd_sc_hd__a22o_2": 32,
            "sky130_fd_sc_hd__and2_2": 32,
            "sky130_fd_sc_hd__and2b_2": 3,
            "sky130_fd_sc_hd__and4_2": 1,
            "sky130_fd_sc_hd__and4b_2": 3,
            "sky130_fd_sc_hd__and4bb_2": 3,
            "sky130_fd_sc_hd__dfxtp_2": 112,
            "sky130_fd_sc_hd__mux2_1": 144,
            "sky130_fd_sc_hd__mux4_2": 32,
            "sky130_fd_sc_hd__nor2_2": 2,
            "sky130_fd_sc_hd__o21a_2": 32,
            "sky130_fd_sc_hd__or3_2": 2
         }
      }
   },
      "design": {
         "num_wires":         390,
         "num_wire_bits":     441,
         "num_pub_wires":     136,
         "num_pub_wire_bits": 187,
         "num_ports":         8,
         "num_port_bits":     59,
         "num_memories":      0,
         "num_memory_bits":   0,
         "num_processes":     0,
         "num_cells":         398,
         "area":              5700.467200,
         "num_cells_by_type": {
            "sky130_fd_sc_hd__a22o_2": 32,
            "sky130_fd_sc_hd__and2_2": 32,
            "sky130_fd_sc_hd__and2b_2": 3,
            "sky130_fd_sc_hd__and4_2": 1,
            "sky130_fd_sc_hd__and4b_2": 3,
            "sky130_fd_sc_hd__and4bb_2": 3,
            "sky130_fd_sc_hd__dfxtp_2": 112,
            "sky130_fd_sc_hd__mux2_1": 144,
            "sky130_fd_sc_hd__mux4_2": 32,
            "sky130_fd_sc_hd__nor2_2": 2,
            "sky130_fd_sc_hd__o21a_2": 32,
            "sky130_fd_sc_hd__or3_2": 2
         }
      }
}

124. Printing statistics.

=== Register_file ===

   Number of wires:                390
   Number of wire bits:            441
   Number of public wires:         136
   Number of public wire bits:     187
   Number of ports:                  8
   Number of port bits:             59
   Number of memories:               0
   Number of memory bits:            0
   Number of processes:              0
   Number of cells:                398
     sky130_fd_sc_hd__a22o_2        32
     sky130_fd_sc_hd__and2_2        32
     sky130_fd_sc_hd__and2b_2        3
     sky130_fd_sc_hd__and4_2         1
     sky130_fd_sc_hd__and4b_2        3
     sky130_fd_sc_hd__and4bb_2       3
     sky130_fd_sc_hd__dfxtp_2      112
     sky130_fd_sc_hd__mux2_1       144
     sky130_fd_sc_hd__mux4_2        32
     sky130_fd_sc_hd__nor2_2         2
     sky130_fd_sc_hd__o21a_2        32
     sky130_fd_sc_hd__or3_2          2

   Chip area for module '\Register_file': 5700.467200
     of which used for sequential elements: 2382.284800 (41.79%)

125. Executing Verilog backend.
Dumping module `\Register_file'.

126. Executing JSON backend.
