Clock: clk
Sources: clk 
Generated: no
Virtual: yes
Propagated: no
Period: 25.000000

===========================================================================
report_clock_properties
============================================================================
Clock                   Period          Waveform
----------------------------------------------------
clk                  25.000000    0.000000 12.500000

===========================================================================
report_clock_latency
============================================================================
Clock clk
rise -> rise
    min     max
0.000000 0.000000 source latency
0.465073         network latency _621_/CLK
        0.475176 network latency _625_/CLK
---------------
0.465073 0.475176 latency
        0.010103 skew

fall -> fall
    min     max
0.000000 0.000000 source latency
0.401691         network latency _621_/CLK
        0.409235 network latency _625_/CLK
---------------
0.401691 0.409235 latency
        0.007544 skew



===========================================================================
report_clock_min_period
============================================================================
clk period_min = 1.53 fmax = 654.62
