Reading OpenROAD database at '/home/kuman/my_designs/instruction_memory/runs/RUN_2025-11-17_17-05-55/38-openroad-globalrouting/Instruction_Memory_16.odb'…
Reading library file at '/home/kuman/.volare/volare/sky130/versions/0fe599b2afb6708d281543108caf8310912f54af/sky130A/libs.ref/sky130_fd_sc_hd/lib/sky130_fd_sc_hd__tt_025C_1v80.lib'…
Reading design constraints file at '/nix/store/ss2cw3sxbrwwx9jl0rrppbw4kgcmgi2n-python3-3.11.9-env/lib/python3.11/site-packages/openlane/scripts/base.sdc'…
[INFO] Using clock clk…
[INFO] Setting output delay to: 2
[INFO] Setting input delay to: 2
[INFO] Setting load to: 0.033442
[INFO] Setting clock uncertainty to: 0.25
[INFO] Setting clock transition to: 0.1499999999999999944488848768742172978818416595458984375
[INFO] Setting timing derate to: 5%
[INFO] Setting signal min routing layer to: met1 and clock min routing layer to met1. 
[INFO] Setting signal max routing layer to: met5 and clock max routing layer to met5. 
-congestion_iterations 50 -verbose
[INFO GRT-0020] Min routing layer: met1
[INFO GRT-0021] Max routing layer: met5
[INFO GRT-0022] Global adjustment: 30%
[INFO GRT-0023] Grid origin: (0, 0)
[INFO GRT-0043] No OR_DEFAULT vias defined.
[INFO GRT-0088] Layer li1     Track-Pitch = 0.4600  line-2-Via Pitch: 0.3400
[INFO GRT-0088] Layer met1    Track-Pitch = 0.3400  line-2-Via Pitch: 0.3400
[INFO GRT-0088] Layer met2    Track-Pitch = 0.4600  line-2-Via Pitch: 0.3500
[INFO GRT-0088] Layer met3    Track-Pitch = 0.6800  line-2-Via Pitch: 0.6150
[INFO GRT-0088] Layer met4    Track-Pitch = 0.9200  line-2-Via Pitch: 1.0400
[INFO GRT-0088] Layer met5    Track-Pitch = 3.4000  line-2-Via Pitch: 3.1100
[INFO GRT-0019] Found 4 clock nets.
[INFO GRT-0001] Minimum degree: 2
[INFO GRT-0002] Maximum degree: 11
[INFO GRT-0003] Macros: 0
[INFO GRT-0043] No OR_DEFAULT vias defined.
[INFO GRT-0004] Blockages: 201

[INFO GRT-0053] Routing resources analysis:
          Routing      Original      Derated      Resource
Layer     Direction    Resources     Resources    Reduction (%)
---------------------------------------------------------------
li1        Vertical            0             0          0.00%
met1       Horizontal       8111          4003          50.65%
met2       Vertical         6288          3974          36.80%
met3       Horizontal       4046          2682          33.71%
met4       Vertical         2574          1566          39.16%
met5       Horizontal        794           378          52.39%
---------------------------------------------------------------

[INFO GRT-0197] Via related to pin nodes: 665
[INFO GRT-0198] Via related Steiner nodes: 11
[INFO GRT-0199] Via filling finished.
[INFO GRT-0111] Final number of vias: 858
[INFO GRT-0112] Final usage 3D: 3005

[INFO GRT-0096] Final congestion report:
Layer         Resource        Demand        Usage (%)    Max H / Max V / Total Overflow
---------------------------------------------------------------------------------------
li1                  0             0            0.00%             0 /  0 /  0
met1              4003           236            5.90%             0 /  0 /  0
met2              3974           183            4.60%             0 /  0 /  0
met3              2682            12            0.45%             0 /  0 /  0
met4              1566             0            0.00%             0 /  0 /  0
met5               378             0            0.00%             0 /  0 /  0
---------------------------------------------------------------------------------------
Total            12603           431            3.42%             0 /  0 /  0

[INFO GRT-0018] Total wirelength: 5002 um
[INFO GRT-0014] Routed nets: 128
[INFO GRT-0006] Repairing antennas, iteration 1.
[INFO GRT-0043] No OR_DEFAULT vias defined.
[INFO GRT-0012] Found 0 antenna violations.
Placement Analysis
---------------------------------
total displacement          0.0 u
average displacement        0.0 u
max displacement            0.0 u
original HPWL            2707.2 u
legalized HPWL           2823.4 u
delta HPWL                    4 %

[INFO DPL-0020] Mirrored 44 instances
[INFO DPL-0021] HPWL before            2823.4 u
[INFO DPL-0022] HPWL after             2707.2 u
[INFO DPL-0023] HPWL delta               -4.1 %
-congestion_iterations 50 -verbose
[INFO GRT-0020] Min routing layer: met1
[INFO GRT-0021] Max routing layer: met5
[INFO GRT-0022] Global adjustment: 30%
[INFO GRT-0023] Grid origin: (0, 0)
[INFO GRT-0043] No OR_DEFAULT vias defined.
[INFO GRT-0088] Layer li1     Track-Pitch = 0.4600  line-2-Via Pitch: 0.3400
[INFO GRT-0088] Layer met1    Track-Pitch = 0.3400  line-2-Via Pitch: 0.3400
[INFO GRT-0088] Layer met2    Track-Pitch = 0.4600  line-2-Via Pitch: 0.3500
[INFO GRT-0088] Layer met3    Track-Pitch = 0.6800  line-2-Via Pitch: 0.6150
[INFO GRT-0088] Layer met4    Track-Pitch = 0.9200  line-2-Via Pitch: 1.0400
[INFO GRT-0088] Layer met5    Track-Pitch = 3.4000  line-2-Via Pitch: 3.1100
[INFO GRT-0019] Found 4 clock nets.
[INFO GRT-0001] Minimum degree: 2
[INFO GRT-0002] Maximum degree: 11
[INFO GRT-0003] Macros: 0
[INFO GRT-0043] No OR_DEFAULT vias defined.
[INFO GRT-0004] Blockages: 201

[INFO GRT-0053] Routing resources analysis:
          Routing      Original      Derated      Resource
Layer     Direction    Resources     Resources    Reduction (%)
---------------------------------------------------------------
li1        Vertical            0             0          0.00%
met1       Horizontal       8111          4003          50.65%
met2       Vertical         6288          3974          36.80%
met3       Horizontal       4046          2682          33.71%
met4       Vertical         2574          1566          39.16%
met5       Horizontal        794           378          52.39%
---------------------------------------------------------------

[INFO GRT-0197] Via related to pin nodes: 665
[INFO GRT-0198] Via related Steiner nodes: 11
[INFO GRT-0199] Via filling finished.
[INFO GRT-0111] Final number of vias: 858
[INFO GRT-0112] Final usage 3D: 3005

[INFO GRT-0096] Final congestion report:
Layer         Resource        Demand        Usage (%)    Max H / Max V / Total Overflow
---------------------------------------------------------------------------------------
li1                  0             0            0.00%             0 /  0 /  0
met1              4003           236            5.90%             0 /  0 /  0
met2              3974           183            4.60%             0 /  0 /  0
met3              2682            12            0.45%             0 /  0 /  0
met4              1566             0            0.00%             0 /  0 /  0
met5               378             0            0.00%             0 /  0 /  0
---------------------------------------------------------------------------------------
Total            12603           431            3.42%             0 /  0 /  0

[INFO GRT-0018] Total wirelength: 5002 um
[INFO GRT-0014] Routed nets: 128
[INFO] Setting RC values…
Setting global connections for newly added cells…
[INFO] Setting global connections...
Updating metrics…
Cell type report:                       Count       Area
  Fill cell                                92     345.33
  Tap cell                                216     270.26
  Buffer                                    2       7.51
  Clock buffer                              4      88.84
  Timing Repair Buffer                     35     171.41
  Inverter                                  4      15.01
  Sequential cell                          14     280.27
  Multi-Input combinational cell           54     384.12
  Total                                   421    1562.75
Writing OpenROAD database to '/home/kuman/my_designs/instruction_memory/runs/RUN_2025-11-17_17-05-55/41-openroad-repairantennas/1-diodeinsertion/Instruction_Memory_16.odb'…
Writing layout to '/home/kuman/my_designs/instruction_memory/runs/RUN_2025-11-17_17-05-55/41-openroad-repairantennas/1-diodeinsertion/Instruction_Memory_16.def'…
