Reading OpenROAD database at '/Users/talhaibrahim/my_designs/alu/runs/RUN_2025-11-04_14-58-09/47-odb-reportdisconnectedpins/ALU.odb'…
Reading library file at '/Users/talhaibrahim/.volare/volare/sky130/versions/0fe599b2afb6708d281543108caf8310912f54af/sky130A/libs.ref/sky130_fd_sc_hd/lib/sky130_fd_sc_hd__tt_025C_1v80.lib'…
Reading design constraints file at '/nix/store/b5k0h8cjlpypdp7lb98p9n8qqanyralc-python3-3.11.9-env/lib/python3.11/site-packages/openlane/scripts/base.sdc'…
[WARNING STA-0366] port '__VIRTUAL_CLK__' not found.
[INFO] Using clock __VIRTUAL_CLK__…
[INFO] Setting output delay to: 5
[INFO] Setting input delay to: 5
[WARNING STA-0366] port '__VIRTUAL_CLK__' not found.
[INFO] Setting load to: 0.033442
[INFO] Setting clock uncertainty to: 0.25
[INFO] Setting clock transition to: 0.1499999999999999944488848768742172978818416595458984375
[WARNING STA-0419] transition time can not be specified for virtual clocks.
[INFO] Setting timing derate to: 5%
[WARNING STA-0450] virtual clock __VIRTUAL_CLK__ can not be propagated.
sky130_ef_sc_hd__decap_12 sky130_fd_sc_hd__decap_8 sky130_fd_sc_hd__decap_6 sky130_fd_sc_hd__decap_4 sky130_fd_sc_hd__decap_3 sky130_fd_sc_hd__fill*
[INFO DPL-0001] Placed 527 filler instances.
Setting global connections for newly added cells…
[INFO] Setting global connections...
Updating metrics…
Cell type report:                       Count       Area
  Fill cell                               591    3628.48
  Tap cell                                102     127.62
  Timing Repair Buffer                    106     550.53
  Inverter                                 12      45.04
  Multi-Input combinational cell          381    3375.74
  Total                                  1192    7727.41
Writing OpenROAD database to '/Users/talhaibrahim/my_designs/alu/runs/RUN_2025-11-04_14-58-09/51-openroad-fillinsertion/ALU.odb'…
Writing netlist to '/Users/talhaibrahim/my_designs/alu/runs/RUN_2025-11-04_14-58-09/51-openroad-fillinsertion/ALU.nl.v'…
Writing powered netlist to '/Users/talhaibrahim/my_designs/alu/runs/RUN_2025-11-04_14-58-09/51-openroad-fillinsertion/ALU.pnl.v'…
Writing layout to '/Users/talhaibrahim/my_designs/alu/runs/RUN_2025-11-04_14-58-09/51-openroad-fillinsertion/ALU.def'…
Writing timing constraints to '/Users/talhaibrahim/my_designs/alu/runs/RUN_2025-11-04_14-58-09/51-openroad-fillinsertion/ALU.sdc'…
