Clock: clk
Sources: clk 
Generated: no
Virtual: yes
Propagated: no
Period: 25.000000

===========================================================================
report_clock_properties
============================================================================
Clock                   Period          Waveform
----------------------------------------------------
clk                  25.000000    0.000000 12.500000

===========================================================================
report_clock_latency
============================================================================
Clock clk
rise -> rise
    min     max
0.000000 0.000000 source latency
0.944476         network latency _586_/CLK
        0.950502 network latency _588_/CLK
---------------
0.944476 0.950502 latency
        0.006026 skew

fall -> fall
    min     max
0.000000 0.000000 source latency
0.459145         network latency _586_/CLK
        0.464715 network latency _588_/CLK
---------------
0.459145 0.464715 latency
        0.005571 skew



===========================================================================
report_clock_min_period
============================================================================
clk period_min = 0.97 fmax = 1027.05
