%Error: /home/giovani/my_designs/data_memory/src/Data_Memory.v:1:10: Cannot find include file: src/Parameter.v
    1 | `include "src/Parameter.v"
      |          ^~~~~~~~~~~~~~~~~
%Error: /home/giovani/my_designs/data_memory/src/Data_Memory.v:1:10: This may be because there's no search path specified with -I<dir>.
    1 | `include "src/Parameter.v"
      |          ^~~~~~~~~~~~~~~~~
        ... Looked in:
             src/Parameter.v
             src/Parameter.v.v
             src/Parameter.v.sv
             obj_dir/src/Parameter.v
             obj_dir/src/Parameter.v.v
             obj_dir/src/Parameter.v.sv
%Error: /home/giovani/my_designs/data_memory/src/Data_Memory.v:12:8: Define or directive not defined: '`col'
   12 |   reg [`col-1:0] memory [0:`row_d-1];
      |        ^~~~
%Error: /home/giovani/my_designs/data_memory/src/Data_Memory.v:12:28: Define or directive not defined: '`row_d'
   12 |   reg [`col-1:0] memory [0:`row_d-1];
      |                            ^~~~~~
%Error: Exiting due to 4 error(s)
