Clock: clk
Sources: clk 
Generated: no
Virtual: yes
Propagated: no
Period: 10.000000

===========================================================================
report_clock_properties
============================================================================
Clock                   Period          Waveform
----------------------------------------------------
clk                  10.000000    0.000000  5.000000

===========================================================================
report_clock_latency
============================================================================
Clock clk
rise -> rise
    min     max
0.000000 0.000000 source latency
0.310446         network latency _121_/CLK
        0.315012 network latency _118_/CLK
---------------
0.310446 0.315012 latency
        0.004567 skew

fall -> fall
    min     max
0.000000 0.000000 source latency
0.304805         network latency _121_/CLK
        0.308563 network latency _118_/CLK
---------------
0.304805 0.308563 latency
        0.003757 skew



===========================================================================
report_clock_min_period
============================================================================
clk period_min = 0.00 fmax = inf
