
===========================================================================
report_checks -path_delay max (Setup)
============================================================================
======================= nom_tt_025C_1v80 Corner ===================================

Startpoint: pc[13] (input port clocked by clk)
Endpoint: _129_ (rising edge-triggered flip-flop clocked by clk)
Path Group: clk
Path Type: max

Fanout         Cap        Slew       Delay        Time   Description
---------------------------------------------------------------------------------------------
                                  0.000000    0.000000   clock clk (rise edge)
                                  0.000000    0.000000   clock network delay (propagated)
                                  2.000000    2.000000 v input external delay
     1    0.003313    0.009824    0.005309    2.005309 v pc[13] (in)
                                                         pc[13] (net)
                      0.009824    0.000000    2.005309 v input4/A (sky130_fd_sc_hd__clkbuf_1)
     1    0.002252    0.023687    0.069624    2.074934 v input4/X (sky130_fd_sc_hd__clkbuf_1)
                                                         net4 (net)
                      0.023687    0.000050    2.074984 v _062_/A (sky130_fd_sc_hd__or4_1)
     2    0.006031    0.103289    0.538484    2.613467 v _062_/X (sky130_fd_sc_hd__or4_1)
                                                         _018_ (net)
                      0.103289    0.000183    2.613650 v _065_/C (sky130_fd_sc_hd__or4_4)
    10    0.032555    0.130242    0.570533    3.184184 v _065_/X (sky130_fd_sc_hd__or4_4)
                                                         _021_ (net)
                      0.130294    0.002406    3.186590 v _115_/B1 (sky130_fd_sc_hd__a21oi_1)
     1    0.004222    0.131022    0.162133    3.348723 ^ _115_/Y (sky130_fd_sc_hd__a21oi_1)
                                                         _013_ (net)
                      0.131022    0.000162    3.348885 ^ _129_/D (sky130_fd_sc_hd__dfxtp_1)
                                              3.348885   data arrival time

                                 10.000000   10.000000   clock clk (rise edge)
                                  0.000000   10.000000   clock source latency
     1    0.014545    0.071398    0.048746   10.048746 ^ clk (in)
                                                         clk (net)
                      0.071404    0.000000   10.048746 ^ clkbuf_0_clk/A (sky130_fd_sc_hd__clkbuf_16)
     2    0.018262    0.040377    0.133355   10.182101 ^ clkbuf_0_clk/X (sky130_fd_sc_hd__clkbuf_16)
                                                         clknet_0_clk (net)
                      0.040388    0.000433   10.182534 ^ clkbuf_1_1__f_clk/A (sky130_fd_sc_hd__clkbuf_16)
     8    0.023868    0.045266    0.127210   10.309745 ^ clkbuf_1_1__f_clk/X (sky130_fd_sc_hd__clkbuf_16)
                                                         clknet_1_1__leaf_clk (net)
                      0.045279    0.000703   10.310447 ^ _129_/CLK (sky130_fd_sc_hd__dfxtp_1)
                                 -0.250000   10.060447   clock uncertainty
                                  0.000000   10.060447   clock reconvergence pessimism
                                 -0.073834    9.986613   library setup time
                                              9.986613   data required time
---------------------------------------------------------------------------------------------
                                              9.986613   data required time
                                             -3.348885   data arrival time
---------------------------------------------------------------------------------------------
                                              6.637728   slack (MET)


Startpoint: pc[13] (input port clocked by clk)
Endpoint: _116_ (rising edge-triggered flip-flop clocked by clk)
Path Group: clk
Path Type: max

Fanout         Cap        Slew       Delay        Time   Description
---------------------------------------------------------------------------------------------
                                  0.000000    0.000000   clock clk (rise edge)
                                  0.000000    0.000000   clock network delay (propagated)
                                  2.000000    2.000000 v input external delay
     1    0.003313    0.009824    0.005309    2.005309 v pc[13] (in)
                                                         pc[13] (net)
                      0.009824    0.000000    2.005309 v input4/A (sky130_fd_sc_hd__clkbuf_1)
     1    0.002252    0.023687    0.069624    2.074934 v input4/X (sky130_fd_sc_hd__clkbuf_1)
                                                         net4 (net)
                      0.023687    0.000050    2.074984 v _062_/A (sky130_fd_sc_hd__or4_1)
     2    0.006031    0.103289    0.538484    2.613467 v _062_/X (sky130_fd_sc_hd__or4_1)
                                                         _018_ (net)
                      0.103289    0.000183    2.613650 v _065_/C (sky130_fd_sc_hd__or4_4)
    10    0.032555    0.130242    0.570533    3.184184 v _065_/X (sky130_fd_sc_hd__or4_4)
                                                         _021_ (net)
                      0.130277    0.002052    3.186235 v _073_/B1 (sky130_fd_sc_hd__a21oi_1)
     1    0.004210    0.130810    0.161965    3.348200 ^ _073_/Y (sky130_fd_sc_hd__a21oi_1)
                                                         _000_ (net)
                      0.130810    0.000134    3.348334 ^ _116_/D (sky130_fd_sc_hd__dfxtp_1)
                                              3.348334   data arrival time

                                 10.000000   10.000000   clock clk (rise edge)
                                  0.000000   10.000000   clock source latency
     1    0.014545    0.071398    0.048746   10.048746 ^ clk (in)
                                                         clk (net)
                      0.071404    0.000000   10.048746 ^ clkbuf_0_clk/A (sky130_fd_sc_hd__clkbuf_16)
     2    0.018262    0.040377    0.133355   10.182101 ^ clkbuf_0_clk/X (sky130_fd_sc_hd__clkbuf_16)
                                                         clknet_0_clk (net)
                      0.040388    0.000433   10.182534 ^ clkbuf_1_1__f_clk/A (sky130_fd_sc_hd__clkbuf_16)
     8    0.023868    0.045266    0.127210   10.309745 ^ clkbuf_1_1__f_clk/X (sky130_fd_sc_hd__clkbuf_16)
                                                         clknet_1_1__leaf_clk (net)
                      0.045287    0.000841   10.310586 ^ _116_/CLK (sky130_fd_sc_hd__dfxtp_1)
                                 -0.250000   10.060586   clock uncertainty
                                  0.000000   10.060586   clock reconvergence pessimism
                                 -0.073783    9.986802   library setup time
                                              9.986802   data required time
---------------------------------------------------------------------------------------------
                                              9.986802   data required time
                                             -3.348334   data arrival time
---------------------------------------------------------------------------------------------
                                              6.638468   slack (MET)


Startpoint: pc[13] (input port clocked by clk)
Endpoint: _121_ (rising edge-triggered flip-flop clocked by clk)
Path Group: clk
Path Type: max

Fanout         Cap        Slew       Delay        Time   Description
---------------------------------------------------------------------------------------------
                                  0.000000    0.000000   clock clk (rise edge)
                                  0.000000    0.000000   clock network delay (propagated)
                                  2.000000    2.000000 v input external delay
     1    0.003313    0.009824    0.005309    2.005309 v pc[13] (in)
                                                         pc[13] (net)
                      0.009824    0.000000    2.005309 v input4/A (sky130_fd_sc_hd__clkbuf_1)
     1    0.002252    0.023687    0.069624    2.074934 v input4/X (sky130_fd_sc_hd__clkbuf_1)
                                                         net4 (net)
                      0.023687    0.000050    2.074984 v _062_/A (sky130_fd_sc_hd__or4_1)
     2    0.006031    0.103289    0.538484    2.613467 v _062_/X (sky130_fd_sc_hd__or4_1)
                                                         _018_ (net)
                      0.103289    0.000183    2.613650 v _065_/C (sky130_fd_sc_hd__or4_4)
    10    0.032555    0.130242    0.570533    3.184184 v _065_/X (sky130_fd_sc_hd__or4_4)
                                                         _021_ (net)
                      0.130294    0.002402    3.186585 v _100_/B1 (sky130_fd_sc_hd__a21oi_1)
     1    0.003974    0.126646    0.158629    3.345214 ^ _100_/Y (sky130_fd_sc_hd__a21oi_1)
                                                         _005_ (net)
                      0.126646    0.000148    3.345362 ^ _121_/D (sky130_fd_sc_hd__dfxtp_1)
                                              3.345362   data arrival time

                                 10.000000   10.000000   clock clk (rise edge)
                                  0.000000   10.000000   clock source latency
     1    0.014545    0.071398    0.048746   10.048746 ^ clk (in)
                                                         clk (net)
                      0.071404    0.000000   10.048746 ^ clkbuf_0_clk/A (sky130_fd_sc_hd__clkbuf_16)
     2    0.018262    0.040377    0.133355   10.182101 ^ clkbuf_0_clk/X (sky130_fd_sc_hd__clkbuf_16)
                                                         clknet_0_clk (net)
                      0.040388    0.000433   10.182534 ^ clkbuf_1_1__f_clk/A (sky130_fd_sc_hd__clkbuf_16)
     8    0.023868    0.045266    0.127210   10.309745 ^ clkbuf_1_1__f_clk/X (sky130_fd_sc_hd__clkbuf_16)
                                                         clknet_1_1__leaf_clk (net)
                      0.045279    0.000702   10.310446 ^ _121_/CLK (sky130_fd_sc_hd__dfxtp_1)
                                 -0.250000   10.060446   clock uncertainty
                                  0.000000   10.060446   clock reconvergence pessimism
                                 -0.072822    9.987624   library setup time
                                              9.987624   data required time
---------------------------------------------------------------------------------------------
                                              9.987624   data required time
                                             -3.345362   data arrival time
---------------------------------------------------------------------------------------------
                                              6.642262   slack (MET)


Startpoint: pc[13] (input port clocked by clk)
Endpoint: _123_ (rising edge-triggered flip-flop clocked by clk)
Path Group: clk
Path Type: max

Fanout         Cap        Slew       Delay        Time   Description
---------------------------------------------------------------------------------------------
                                  0.000000    0.000000   clock clk (rise edge)
                                  0.000000    0.000000   clock network delay (propagated)
                                  2.000000    2.000000 v input external delay
     1    0.003313    0.009824    0.005309    2.005309 v pc[13] (in)
                                                         pc[13] (net)
                      0.009824    0.000000    2.005309 v input4/A (sky130_fd_sc_hd__clkbuf_1)
     1    0.002252    0.023687    0.069624    2.074934 v input4/X (sky130_fd_sc_hd__clkbuf_1)
                                                         net4 (net)
                      0.023687    0.000050    2.074984 v _062_/A (sky130_fd_sc_hd__or4_1)
     2    0.006031    0.103289    0.538484    2.613467 v _062_/X (sky130_fd_sc_hd__or4_1)
                                                         _018_ (net)
                      0.103289    0.000183    2.613650 v _065_/C (sky130_fd_sc_hd__or4_4)
    10    0.032555    0.130242    0.570533    3.184184 v _065_/X (sky130_fd_sc_hd__or4_4)
                                                         _021_ (net)
                      0.130281    0.002150    3.186333 v _103_/B1 (sky130_fd_sc_hd__a21oi_1)
     1    0.003972    0.126614    0.158600    3.344934 ^ _103_/Y (sky130_fd_sc_hd__a21oi_1)
                                                         _007_ (net)
                      0.126614    0.000148    3.345081 ^ _123_/D (sky130_fd_sc_hd__dfxtp_1)
                                              3.345081   data arrival time

                                 10.000000   10.000000   clock clk (rise edge)
                                  0.000000   10.000000   clock source latency
     1    0.014545    0.071398    0.048746   10.048746 ^ clk (in)
                                                         clk (net)
                      0.071404    0.000000   10.048746 ^ clkbuf_0_clk/A (sky130_fd_sc_hd__clkbuf_16)
     2    0.018262    0.040377    0.133355   10.182101 ^ clkbuf_0_clk/X (sky130_fd_sc_hd__clkbuf_16)
                                                         clknet_0_clk (net)
                      0.040388    0.000433   10.182534 ^ clkbuf_1_1__f_clk/A (sky130_fd_sc_hd__clkbuf_16)
     8    0.023868    0.045266    0.127210   10.309745 ^ clkbuf_1_1__f_clk/X (sky130_fd_sc_hd__clkbuf_16)
                                                         clknet_1_1__leaf_clk (net)
                      0.045285    0.000823   10.310568 ^ _123_/CLK (sky130_fd_sc_hd__dfxtp_1)
                                 -0.250000   10.060568   clock uncertainty
                                  0.000000   10.060568   clock reconvergence pessimism
                                 -0.072814    9.987754   library setup time
                                              9.987754   data required time
---------------------------------------------------------------------------------------------
                                              9.987754   data required time
                                             -3.345081   data arrival time
---------------------------------------------------------------------------------------------
                                              6.642673   slack (MET)


Startpoint: pc[13] (input port clocked by clk)
Endpoint: _126_ (rising edge-triggered flip-flop clocked by clk)
Path Group: clk
Path Type: max

Fanout         Cap        Slew       Delay        Time   Description
---------------------------------------------------------------------------------------------
                                  0.000000    0.000000   clock clk (rise edge)
                                  0.000000    0.000000   clock network delay (propagated)
                                  2.000000    2.000000 v input external delay
     1    0.003313    0.009824    0.005309    2.005309 v pc[13] (in)
                                                         pc[13] (net)
                      0.009824    0.000000    2.005309 v input4/A (sky130_fd_sc_hd__clkbuf_1)
     1    0.002252    0.023687    0.069624    2.074934 v input4/X (sky130_fd_sc_hd__clkbuf_1)
                                                         net4 (net)
                      0.023687    0.000050    2.074984 v _062_/A (sky130_fd_sc_hd__or4_1)
     2    0.006031    0.103289    0.538484    2.613467 v _062_/X (sky130_fd_sc_hd__or4_1)
                                                         _018_ (net)
                      0.103289    0.000179    2.613647 v _064_/C (sky130_fd_sc_hd__nor4_1)
     2    0.006820    0.355479    0.348834    2.962481 ^ _064_/Y (sky130_fd_sc_hd__nor4_1)
                                                         _020_ (net)
                      0.355479    0.000202    2.962682 ^ max_cap32/A (sky130_fd_sc_hd__buf_1)
     3    0.011269    0.139951    0.197259    3.159941 ^ max_cap32/X (sky130_fd_sc_hd__buf_1)
                                                         net32 (net)
                      0.139951    0.000437    3.160378 ^ _108_/C1 (sky130_fd_sc_hd__o221a_1)
     1    0.003356    0.058497    0.190123    3.350502 ^ _108_/X (sky130_fd_sc_hd__o221a_1)
                                                         _010_ (net)
                      0.058497    0.000114    3.350616 ^ _126_/D (sky130_fd_sc_hd__dfxtp_1)
                                              3.350616   data arrival time

                                 10.000000   10.000000   clock clk (rise edge)
                                  0.000000   10.000000   clock source latency
     1    0.014545    0.071398    0.048746   10.048746 ^ clk (in)
                                                         clk (net)
                      0.071404    0.000000   10.048746 ^ clkbuf_0_clk/A (sky130_fd_sc_hd__clkbuf_16)
     2    0.018262    0.040377    0.133355   10.182101 ^ clkbuf_0_clk/X (sky130_fd_sc_hd__clkbuf_16)
                                                         clknet_0_clk (net)
                      0.040388    0.000436   10.182537 ^ clkbuf_1_0__f_clk/A (sky130_fd_sc_hd__clkbuf_16)
     7    0.028288    0.049519    0.131336   10.313872 ^ clkbuf_1_0__f_clk/X (sky130_fd_sc_hd__clkbuf_16)
                                                         clknet_1_0__leaf_clk (net)
                      0.049523    0.000829   10.314701 ^ _126_/CLK (sky130_fd_sc_hd__dfxtp_1)
                                 -0.250000   10.064701   clock uncertainty
                                  0.000000   10.064701   clock reconvergence pessimism
                                 -0.056464   10.008237   library setup time
                                             10.008237   data required time
---------------------------------------------------------------------------------------------
                                             10.008237   data required time
                                             -3.350616   data arrival time
---------------------------------------------------------------------------------------------
                                              6.657621   slack (MET)


Startpoint: pc[13] (input port clocked by clk)
Endpoint: _125_ (rising edge-triggered flip-flop clocked by clk)
Path Group: clk
Path Type: max

Fanout         Cap        Slew       Delay        Time   Description
---------------------------------------------------------------------------------------------
                                  0.000000    0.000000   clock clk (rise edge)
                                  0.000000    0.000000   clock network delay (propagated)
                                  2.000000    2.000000 v input external delay
     1    0.003313    0.009824    0.005309    2.005309 v pc[13] (in)
                                                         pc[13] (net)
                      0.009824    0.000000    2.005309 v input4/A (sky130_fd_sc_hd__clkbuf_1)
     1    0.002252    0.023687    0.069624    2.074934 v input4/X (sky130_fd_sc_hd__clkbuf_1)
                                                         net4 (net)
                      0.023687    0.000050    2.074984 v _062_/A (sky130_fd_sc_hd__or4_1)
     2    0.006031    0.103289    0.538484    2.613467 v _062_/X (sky130_fd_sc_hd__or4_1)
                                                         _018_ (net)
                      0.103289    0.000183    2.613650 v _065_/C (sky130_fd_sc_hd__or4_4)
    10    0.032555    0.130242    0.570533    3.184184 v _065_/X (sky130_fd_sc_hd__or4_4)
                                                         _021_ (net)
                      0.130294    0.002402    3.186586 v _107_/B1 (sky130_fd_sc_hd__a21oi_1)
     1    0.003091    0.111088    0.146167    3.332753 ^ _107_/Y (sky130_fd_sc_hd__a21oi_1)
                                                         _009_ (net)
                      0.111088    0.000101    3.332854 ^ _125_/D (sky130_fd_sc_hd__dfxtp_1)
                                              3.332854   data arrival time

                                 10.000000   10.000000   clock clk (rise edge)
                                  0.000000   10.000000   clock source latency
     1    0.014545    0.071398    0.048746   10.048746 ^ clk (in)
                                                         clk (net)
                      0.071404    0.000000   10.048746 ^ clkbuf_0_clk/A (sky130_fd_sc_hd__clkbuf_16)
     2    0.018262    0.040377    0.133355   10.182101 ^ clkbuf_0_clk/X (sky130_fd_sc_hd__clkbuf_16)
                                                         clknet_0_clk (net)
                      0.040388    0.000433   10.182534 ^ clkbuf_1_1__f_clk/A (sky130_fd_sc_hd__clkbuf_16)
     8    0.023868    0.045266    0.127210   10.309745 ^ clkbuf_1_1__f_clk/X (sky130_fd_sc_hd__clkbuf_16)
                                                         clknet_1_1__leaf_clk (net)
                      0.045281    0.000729   10.310473 ^ _125_/CLK (sky130_fd_sc_hd__dfxtp_1)
                                 -0.250000   10.060473   clock uncertainty
                                  0.000000   10.060473   clock reconvergence pessimism
                                 -0.069226    9.991247   library setup time
                                              9.991247   data required time
---------------------------------------------------------------------------------------------
                                              9.991247   data required time
                                             -3.332854   data arrival time
---------------------------------------------------------------------------------------------
                                              6.658393   slack (MET)


Startpoint: pc[13] (input port clocked by clk)
Endpoint: _120_ (rising edge-triggered flip-flop clocked by clk)
Path Group: clk
Path Type: max

Fanout         Cap        Slew       Delay        Time   Description
---------------------------------------------------------------------------------------------
                                  0.000000    0.000000   clock clk (rise edge)
                                  0.000000    0.000000   clock network delay (propagated)
                                  2.000000    2.000000 v input external delay
     1    0.003313    0.009824    0.005309    2.005309 v pc[13] (in)
                                                         pc[13] (net)
                      0.009824    0.000000    2.005309 v input4/A (sky130_fd_sc_hd__clkbuf_1)
     1    0.002252    0.023687    0.069624    2.074934 v input4/X (sky130_fd_sc_hd__clkbuf_1)
                                                         net4 (net)
                      0.023687    0.000050    2.074984 v _062_/A (sky130_fd_sc_hd__or4_1)
     2    0.006031    0.103289    0.538484    2.613467 v _062_/X (sky130_fd_sc_hd__or4_1)
                                                         _018_ (net)
                      0.103289    0.000183    2.613650 v _065_/C (sky130_fd_sc_hd__or4_4)
    10    0.032555    0.130242    0.570533    3.184184 v _065_/X (sky130_fd_sc_hd__or4_4)
                                                         _021_ (net)
                      0.130288    0.002286    3.186470 v _097_/B1 (sky130_fd_sc_hd__a21oi_1)
     1    0.002779    0.105612    0.141775    3.328245 ^ _097_/Y (sky130_fd_sc_hd__a21oi_1)
                                                         _004_ (net)
                      0.105612    0.000068    3.328314 ^ _120_/D (sky130_fd_sc_hd__dfxtp_1)
                                              3.328314   data arrival time

                                 10.000000   10.000000   clock clk (rise edge)
                                  0.000000   10.000000   clock source latency
     1    0.014545    0.071398    0.048746   10.048746 ^ clk (in)
                                                         clk (net)
                      0.071404    0.000000   10.048746 ^ clkbuf_0_clk/A (sky130_fd_sc_hd__clkbuf_16)
     2    0.018262    0.040377    0.133355   10.182101 ^ clkbuf_0_clk/X (sky130_fd_sc_hd__clkbuf_16)
                                                         clknet_0_clk (net)
                      0.040388    0.000433   10.182534 ^ clkbuf_1_1__f_clk/A (sky130_fd_sc_hd__clkbuf_16)
     8    0.023868    0.045266    0.127210   10.309745 ^ clkbuf_1_1__f_clk/X (sky130_fd_sc_hd__clkbuf_16)
                                                         clknet_1_1__leaf_clk (net)
                      0.045282    0.000757   10.310501 ^ _120_/CLK (sky130_fd_sc_hd__dfxtp_1)
                                 -0.250000   10.060501   clock uncertainty
                                  0.000000   10.060501   clock reconvergence pessimism
                                 -0.067960    9.992540   library setup time
                                              9.992540   data required time
---------------------------------------------------------------------------------------------
                                              9.992540   data required time
                                             -3.328314   data arrival time
---------------------------------------------------------------------------------------------
                                              6.664227   slack (MET)


Startpoint: pc[13] (input port clocked by clk)
Endpoint: _127_ (rising edge-triggered flip-flop clocked by clk)
Path Group: clk
Path Type: max

Fanout         Cap        Slew       Delay        Time   Description
---------------------------------------------------------------------------------------------
                                  0.000000    0.000000   clock clk (rise edge)
                                  0.000000    0.000000   clock network delay (propagated)
                                  2.000000    2.000000 v input external delay
     1    0.003313    0.009824    0.005309    2.005309 v pc[13] (in)
                                                         pc[13] (net)
                      0.009824    0.000000    2.005309 v input4/A (sky130_fd_sc_hd__clkbuf_1)
     1    0.002252    0.023687    0.069624    2.074934 v input4/X (sky130_fd_sc_hd__clkbuf_1)
                                                         net4 (net)
                      0.023687    0.000050    2.074984 v _062_/A (sky130_fd_sc_hd__or4_1)
     2    0.006031    0.103289    0.538484    2.613467 v _062_/X (sky130_fd_sc_hd__or4_1)
                                                         _018_ (net)
                      0.103289    0.000183    2.613650 v _065_/C (sky130_fd_sc_hd__or4_4)
    10    0.032555    0.130242    0.570533    3.184184 v _065_/X (sky130_fd_sc_hd__or4_4)
                                                         _021_ (net)
                      0.130281    0.002151    3.186335 v _110_/B1 (sky130_fd_sc_hd__a21oi_1)
     1    0.002585    0.102243    0.138997    3.325333 ^ _110_/Y (sky130_fd_sc_hd__a21oi_1)
                                                         _011_ (net)
                      0.102243    0.000060    3.325392 ^ _127_/D (sky130_fd_sc_hd__dfxtp_1)
                                              3.325392   data arrival time

                                 10.000000   10.000000   clock clk (rise edge)
                                  0.000000   10.000000   clock source latency
     1    0.014545    0.071398    0.048746   10.048746 ^ clk (in)
                                                         clk (net)
                      0.071404    0.000000   10.048746 ^ clkbuf_0_clk/A (sky130_fd_sc_hd__clkbuf_16)
     2    0.018262    0.040377    0.133355   10.182101 ^ clkbuf_0_clk/X (sky130_fd_sc_hd__clkbuf_16)
                                                         clknet_0_clk (net)
                      0.040388    0.000433   10.182534 ^ clkbuf_1_1__f_clk/A (sky130_fd_sc_hd__clkbuf_16)
     8    0.023868    0.045266    0.127210   10.309745 ^ clkbuf_1_1__f_clk/X (sky130_fd_sc_hd__clkbuf_16)
                                                         clknet_1_1__leaf_clk (net)
                      0.045285    0.000812   10.310556 ^ _127_/CLK (sky130_fd_sc_hd__dfxtp_1)
                                 -0.250000   10.060556   clock uncertainty
                                  0.000000   10.060556   clock reconvergence pessimism
                                 -0.067181    9.993375   library setup time
                                              9.993375   data required time
---------------------------------------------------------------------------------------------
                                              9.993375   data required time
                                             -3.325392   data arrival time
---------------------------------------------------------------------------------------------
                                              6.667983   slack (MET)


Startpoint: pc[13] (input port clocked by clk)
Endpoint: _118_ (rising edge-triggered flip-flop clocked by clk)
Path Group: clk
Path Type: max

Fanout         Cap        Slew       Delay        Time   Description
---------------------------------------------------------------------------------------------
                                  0.000000    0.000000   clock clk (rise edge)
                                  0.000000    0.000000   clock network delay (propagated)
                                  2.000000    2.000000 v input external delay
     1    0.003313    0.009824    0.005309    2.005309 v pc[13] (in)
                                                         pc[13] (net)
                      0.009824    0.000000    2.005309 v input4/A (sky130_fd_sc_hd__clkbuf_1)
     1    0.002252    0.023687    0.069624    2.074934 v input4/X (sky130_fd_sc_hd__clkbuf_1)
                                                         net4 (net)
                      0.023687    0.000050    2.074984 v _062_/A (sky130_fd_sc_hd__or4_1)
     2    0.006031    0.103289    0.538484    2.613467 v _062_/X (sky130_fd_sc_hd__or4_1)
                                                         _018_ (net)
                      0.103289    0.000183    2.613650 v _065_/C (sky130_fd_sc_hd__or4_4)
    10    0.032555    0.130242    0.570533    3.184184 v _065_/X (sky130_fd_sc_hd__or4_4)
                                                         _021_ (net)
                      0.130271    0.001918    3.186101 v _088_/B1 (sky130_fd_sc_hd__a21oi_1)
     1    0.002815    0.106237    0.142268    3.328369 ^ _088_/Y (sky130_fd_sc_hd__a21oi_1)
                                                         _002_ (net)
                      0.106237    0.000092    3.328462 ^ _118_/D (sky130_fd_sc_hd__dfxtp_1)
                                              3.328462   data arrival time

                                 10.000000   10.000000   clock clk (rise edge)
                                  0.000000   10.000000   clock source latency
     1    0.014545    0.071398    0.048746   10.048746 ^ clk (in)
                                                         clk (net)
                      0.071404    0.000000   10.048746 ^ clkbuf_0_clk/A (sky130_fd_sc_hd__clkbuf_16)
     2    0.018262    0.040377    0.133355   10.182101 ^ clkbuf_0_clk/X (sky130_fd_sc_hd__clkbuf_16)
                                                         clknet_0_clk (net)
                      0.040388    0.000436   10.182537 ^ clkbuf_1_0__f_clk/A (sky130_fd_sc_hd__clkbuf_16)
     7    0.028288    0.049519    0.131336   10.313872 ^ clkbuf_1_0__f_clk/X (sky130_fd_sc_hd__clkbuf_16)
                                                         clknet_1_0__leaf_clk (net)
                      0.049527    0.001140   10.315012 ^ _118_/CLK (sky130_fd_sc_hd__dfxtp_1)
                                 -0.250000   10.065012   clock uncertainty
                                  0.000000   10.065012   clock reconvergence pessimism
                                 -0.067487    9.997526   library setup time
                                              9.997526   data required time
---------------------------------------------------------------------------------------------
                                              9.997526   data required time
                                             -3.328462   data arrival time
---------------------------------------------------------------------------------------------
                                              6.669064   slack (MET)


Startpoint: pc[13] (input port clocked by clk)
Endpoint: _117_ (rising edge-triggered flip-flop clocked by clk)
Path Group: clk
Path Type: max

Fanout         Cap        Slew       Delay        Time   Description
---------------------------------------------------------------------------------------------
                                  0.000000    0.000000   clock clk (rise edge)
                                  0.000000    0.000000   clock network delay (propagated)
                                  2.000000    2.000000 v input external delay
     1    0.003313    0.009824    0.005309    2.005309 v pc[13] (in)
                                                         pc[13] (net)
                      0.009824    0.000000    2.005309 v input4/A (sky130_fd_sc_hd__clkbuf_1)
     1    0.002252    0.023687    0.069624    2.074934 v input4/X (sky130_fd_sc_hd__clkbuf_1)
                                                         net4 (net)
                      0.023687    0.000050    2.074984 v _062_/A (sky130_fd_sc_hd__or4_1)
     2    0.006031    0.103289    0.538484    2.613467 v _062_/X (sky130_fd_sc_hd__or4_1)
                                                         _018_ (net)
                      0.103289    0.000183    2.613650 v _065_/C (sky130_fd_sc_hd__or4_4)
    10    0.032555    0.130242    0.570533    3.184184 v _065_/X (sky130_fd_sc_hd__or4_4)
                                                         _021_ (net)
                      0.130256    0.001485    3.185668 v _079_/B1 (sky130_fd_sc_hd__a21oi_1)
     1    0.002771    0.105452    0.141634    3.327302 ^ _079_/Y (sky130_fd_sc_hd__a21oi_1)
                                                         _001_ (net)
                      0.105452    0.000090    3.327392 ^ _117_/D (sky130_fd_sc_hd__dfxtp_1)
                                              3.327392   data arrival time

                                 10.000000   10.000000   clock clk (rise edge)
                                  0.000000   10.000000   clock source latency
     1    0.014545    0.071398    0.048746   10.048746 ^ clk (in)
                                                         clk (net)
                      0.071404    0.000000   10.048746 ^ clkbuf_0_clk/A (sky130_fd_sc_hd__clkbuf_16)
     2    0.018262    0.040377    0.133355   10.182101 ^ clkbuf_0_clk/X (sky130_fd_sc_hd__clkbuf_16)
                                                         clknet_0_clk (net)
                      0.040388    0.000436   10.182537 ^ clkbuf_1_0__f_clk/A (sky130_fd_sc_hd__clkbuf_16)
     7    0.028288    0.049519    0.131336   10.313872 ^ clkbuf_1_0__f_clk/X (sky130_fd_sc_hd__clkbuf_16)
                                                         clknet_1_0__leaf_clk (net)
                      0.049526    0.001083   10.314956 ^ _117_/CLK (sky130_fd_sc_hd__dfxtp_1)
                                 -0.250000   10.064956   clock uncertainty
                                  0.000000   10.064956   clock reconvergence pessimism
                                 -0.067305    9.997650   library setup time
                                              9.997650   data required time
---------------------------------------------------------------------------------------------
                                              9.997650   data required time
                                             -3.327392   data arrival time
---------------------------------------------------------------------------------------------
                                              6.670258   slack (MET)


Startpoint: pc[13] (input port clocked by clk)
Endpoint: _128_ (rising edge-triggered flip-flop clocked by clk)
Path Group: clk
Path Type: max

Fanout         Cap        Slew       Delay        Time   Description
---------------------------------------------------------------------------------------------
                                  0.000000    0.000000   clock clk (rise edge)
                                  0.000000    0.000000   clock network delay (propagated)
                                  2.000000    2.000000 v input external delay
     1    0.003313    0.009824    0.005309    2.005309 v pc[13] (in)
                                                         pc[13] (net)
                      0.009824    0.000000    2.005309 v input4/A (sky130_fd_sc_hd__clkbuf_1)
     1    0.002252    0.023687    0.069624    2.074934 v input4/X (sky130_fd_sc_hd__clkbuf_1)
                                                         net4 (net)
                      0.023687    0.000050    2.074984 v _062_/A (sky130_fd_sc_hd__or4_1)
     2    0.006031    0.103289    0.538484    2.613467 v _062_/X (sky130_fd_sc_hd__or4_1)
                                                         _018_ (net)
                      0.103289    0.000183    2.613650 v _065_/C (sky130_fd_sc_hd__or4_4)
    10    0.032555    0.130242    0.570533    3.184184 v _065_/X (sky130_fd_sc_hd__or4_4)
                                                         _021_ (net)
                      0.130253    0.001341    3.185525 v _113_/B1 (sky130_fd_sc_hd__a21oi_1)
     1    0.002405    0.099259    0.136389    3.321914 ^ _113_/Y (sky130_fd_sc_hd__a21oi_1)
                                                         _012_ (net)
                      0.099259    0.000054    3.321968 ^ _128_/D (sky130_fd_sc_hd__dfxtp_1)
                                              3.321968   data arrival time

                                 10.000000   10.000000   clock clk (rise edge)
                                  0.000000   10.000000   clock source latency
     1    0.014545    0.071398    0.048746   10.048746 ^ clk (in)
                                                         clk (net)
                      0.071404    0.000000   10.048746 ^ clkbuf_0_clk/A (sky130_fd_sc_hd__clkbuf_16)
     2    0.018262    0.040377    0.133355   10.182101 ^ clkbuf_0_clk/X (sky130_fd_sc_hd__clkbuf_16)
                                                         clknet_0_clk (net)
                      0.040388    0.000436   10.182537 ^ clkbuf_1_0__f_clk/A (sky130_fd_sc_hd__clkbuf_16)
     7    0.028288    0.049519    0.131336   10.313872 ^ clkbuf_1_0__f_clk/X (sky130_fd_sc_hd__clkbuf_16)
                                                         clknet_1_0__leaf_clk (net)
                      0.049526    0.001068   10.314940 ^ _128_/CLK (sky130_fd_sc_hd__dfxtp_1)
                                 -0.250000   10.064940   clock uncertainty
                                  0.000000   10.064940   clock reconvergence pessimism
                                 -0.065876    9.999065   library setup time
                                              9.999065   data required time
---------------------------------------------------------------------------------------------
                                              9.999065   data required time
                                             -3.321968   data arrival time
---------------------------------------------------------------------------------------------
                                              6.677097   slack (MET)


Startpoint: pc[13] (input port clocked by clk)
Endpoint: _124_ (rising edge-triggered flip-flop clocked by clk)
Path Group: clk
Path Type: max

Fanout         Cap        Slew       Delay        Time   Description
---------------------------------------------------------------------------------------------
                                  0.000000    0.000000   clock clk (rise edge)
                                  0.000000    0.000000   clock network delay (propagated)
                                  2.000000    2.000000 v input external delay
     1    0.003313    0.009824    0.005309    2.005309 v pc[13] (in)
                                                         pc[13] (net)
                      0.009824    0.000000    2.005309 v input4/A (sky130_fd_sc_hd__clkbuf_1)
     1    0.002252    0.023687    0.069624    2.074934 v input4/X (sky130_fd_sc_hd__clkbuf_1)
                                                         net4 (net)
                      0.023687    0.000050    2.074984 v _062_/A (sky130_fd_sc_hd__or4_1)
     2    0.006031    0.103289    0.538484    2.613467 v _062_/X (sky130_fd_sc_hd__or4_1)
                                                         _018_ (net)
                      0.103289    0.000179    2.613647 v _064_/C (sky130_fd_sc_hd__nor4_1)
     2    0.006820    0.355479    0.348834    2.962481 ^ _064_/Y (sky130_fd_sc_hd__nor4_1)
                                                         _020_ (net)
                      0.355479    0.000202    2.962682 ^ max_cap32/A (sky130_fd_sc_hd__buf_1)
     3    0.011269    0.139951    0.197259    3.159941 ^ max_cap32/X (sky130_fd_sc_hd__buf_1)
                                                         net32 (net)
                      0.139951    0.000465    3.160406 ^ _105_/C1 (sky130_fd_sc_hd__o211a_1)
     1    0.003681    0.049122    0.162988    3.323394 ^ _105_/X (sky130_fd_sc_hd__o211a_1)
                                                         _008_ (net)
                      0.049123    0.000137    3.323531 ^ _124_/D (sky130_fd_sc_hd__dfxtp_1)
                                              3.323531   data arrival time

                                 10.000000   10.000000   clock clk (rise edge)
                                  0.000000   10.000000   clock source latency
     1    0.014545    0.071398    0.048746   10.048746 ^ clk (in)
                                                         clk (net)
                      0.071404    0.000000   10.048746 ^ clkbuf_0_clk/A (sky130_fd_sc_hd__clkbuf_16)
     2    0.018262    0.040377    0.133355   10.182101 ^ clkbuf_0_clk/X (sky130_fd_sc_hd__clkbuf_16)
                                                         clknet_0_clk (net)
                      0.040388    0.000433   10.182534 ^ clkbuf_1_1__f_clk/A (sky130_fd_sc_hd__clkbuf_16)
     8    0.023868    0.045266    0.127210   10.309745 ^ clkbuf_1_1__f_clk/X (sky130_fd_sc_hd__clkbuf_16)
                                                         clknet_1_1__leaf_clk (net)
                      0.045283    0.000783   10.310528 ^ _124_/CLK (sky130_fd_sc_hd__dfxtp_1)
                                 -0.250000   10.060528   clock uncertainty
                                  0.000000   10.060528   clock reconvergence pessimism
                                 -0.054904   10.005623   library setup time
                                             10.005623   data required time
---------------------------------------------------------------------------------------------
                                             10.005623   data required time
                                             -3.323531   data arrival time
---------------------------------------------------------------------------------------------
                                              6.682092   slack (MET)


Startpoint: pc[13] (input port clocked by clk)
Endpoint: _122_ (rising edge-triggered flip-flop clocked by clk)
Path Group: clk
Path Type: max

Fanout         Cap        Slew       Delay        Time   Description
---------------------------------------------------------------------------------------------
                                  0.000000    0.000000   clock clk (rise edge)
                                  0.000000    0.000000   clock network delay (propagated)
                                  2.000000    2.000000 v input external delay
     1    0.003313    0.009824    0.005309    2.005309 v pc[13] (in)
                                                         pc[13] (net)
                      0.009824    0.000000    2.005309 v input4/A (sky130_fd_sc_hd__clkbuf_1)
     1    0.002252    0.023687    0.069624    2.074934 v input4/X (sky130_fd_sc_hd__clkbuf_1)
                                                         net4 (net)
                      0.023687    0.000050    2.074984 v _062_/A (sky130_fd_sc_hd__or4_1)
     2    0.006031    0.103289    0.538484    2.613467 v _062_/X (sky130_fd_sc_hd__or4_1)
                                                         _018_ (net)
                      0.103289    0.000179    2.613647 v _064_/C (sky130_fd_sc_hd__nor4_1)
     2    0.006820    0.355479    0.348834    2.962481 ^ _064_/Y (sky130_fd_sc_hd__nor4_1)
                                                         _020_ (net)
                      0.355479    0.000202    2.962682 ^ max_cap32/A (sky130_fd_sc_hd__buf_1)
     3    0.011269    0.139951    0.197259    3.159941 ^ max_cap32/X (sky130_fd_sc_hd__buf_1)
                                                         net32 (net)
                      0.139951    0.000304    3.160245 ^ _102_/B1 (sky130_fd_sc_hd__o21a_1)
     1    0.003512    0.048096    0.141090    3.301335 ^ _102_/X (sky130_fd_sc_hd__o21a_1)
                                                         _006_ (net)
                      0.048096    0.000122    3.301456 ^ _122_/D (sky130_fd_sc_hd__dfxtp_1)
                                              3.301456   data arrival time

                                 10.000000   10.000000   clock clk (rise edge)
                                  0.000000   10.000000   clock source latency
     1    0.014545    0.071398    0.048746   10.048746 ^ clk (in)
                                                         clk (net)
                      0.071404    0.000000   10.048746 ^ clkbuf_0_clk/A (sky130_fd_sc_hd__clkbuf_16)
     2    0.018262    0.040377    0.133355   10.182101 ^ clkbuf_0_clk/X (sky130_fd_sc_hd__clkbuf_16)
                                                         clknet_0_clk (net)
                      0.040388    0.000436   10.182537 ^ clkbuf_1_0__f_clk/A (sky130_fd_sc_hd__clkbuf_16)
     7    0.028288    0.049519    0.131336   10.313872 ^ clkbuf_1_0__f_clk/X (sky130_fd_sc_hd__clkbuf_16)
                                                         clknet_1_0__leaf_clk (net)
                      0.049523    0.000795   10.314668 ^ _122_/CLK (sky130_fd_sc_hd__dfxtp_1)
                                 -0.250000   10.064668   clock uncertainty
                                  0.000000   10.064668   clock reconvergence pessimism
                                 -0.054062   10.010605   library setup time
                                             10.010605   data required time
---------------------------------------------------------------------------------------------
                                             10.010605   data required time
                                             -3.301456   data arrival time
---------------------------------------------------------------------------------------------
                                              6.709148   slack (MET)


Startpoint: _122_ (rising edge-triggered flip-flop clocked by clk)
Endpoint: instruction[7] (output port clocked by clk)
Path Group: clk
Path Type: max

Fanout         Cap        Slew       Delay        Time   Description
---------------------------------------------------------------------------------------------
                                  0.000000    0.000000   clock clk (rise edge)
                                  0.000000    0.000000   clock source latency
     1    0.014545    0.071398    0.048746    0.048746 ^ clk (in)
                                                         clk (net)
                      0.071404    0.000000    0.048746 ^ clkbuf_0_clk/A (sky130_fd_sc_hd__clkbuf_16)
     2    0.018262    0.040377    0.133354    0.182100 ^ clkbuf_0_clk/X (sky130_fd_sc_hd__clkbuf_16)
                                                         clknet_0_clk (net)
                      0.040388    0.000437    0.182537 ^ clkbuf_1_0__f_clk/A (sky130_fd_sc_hd__clkbuf_16)
     7    0.028288    0.049519    0.131336    0.313873 ^ clkbuf_1_0__f_clk/X (sky130_fd_sc_hd__clkbuf_16)
                                                         clknet_1_0__leaf_clk (net)
                      0.049523    0.000795    0.314668 ^ _122_/CLK (sky130_fd_sc_hd__dfxtp_1)
     2    0.007959    0.085008    0.335386    0.650054 ^ _122_/Q (sky130_fd_sc_hd__dfxtp_1)
                                                         net22 (net)
                      0.085008    0.000334    0.650387 ^ _131_/A (sky130_fd_sc_hd__clkbuf_1)
     1    0.004134    0.058949    0.102472    0.752859 ^ _131_/X (sky130_fd_sc_hd__clkbuf_1)
                                                         net29 (net)
                      0.058949    0.000160    0.753019 ^ output29/A (sky130_fd_sc_hd__buf_2)
     1    0.035251    0.174824    0.206145    0.959164 ^ output29/X (sky130_fd_sc_hd__buf_2)
                                                         instruction[7] (net)
                      0.174884    0.001166    0.960330 ^ instruction[7] (out)
                                              0.960330   data arrival time

                                 10.000000   10.000000   clock clk (rise edge)
                                  0.000000   10.000000   clock network delay (propagated)
                                 -0.250000    9.750000   clock uncertainty
                                  0.000000    9.750000   clock reconvergence pessimism
                                 -2.000000    7.750000   output external delay
                                              7.750000   data required time
---------------------------------------------------------------------------------------------
                                              7.750000   data required time
                                             -0.960330   data arrival time
---------------------------------------------------------------------------------------------
                                              6.789670   slack (MET)


Startpoint: _124_ (rising edge-triggered flip-flop clocked by clk)
Endpoint: instruction[5] (output port clocked by clk)
Path Group: clk
Path Type: max

Fanout         Cap        Slew       Delay        Time   Description
---------------------------------------------------------------------------------------------
                                  0.000000    0.000000   clock clk (rise edge)
                                  0.000000    0.000000   clock source latency
     1    0.014545    0.071398    0.048746    0.048746 ^ clk (in)
                                                         clk (net)
                      0.071404    0.000000    0.048746 ^ clkbuf_0_clk/A (sky130_fd_sc_hd__clkbuf_16)
     2    0.018262    0.040377    0.133354    0.182100 ^ clkbuf_0_clk/X (sky130_fd_sc_hd__clkbuf_16)
                                                         clknet_0_clk (net)
                      0.040388    0.000434    0.182534 ^ clkbuf_1_1__f_clk/A (sky130_fd_sc_hd__clkbuf_16)
     8    0.023868    0.045266    0.127210    0.309744 ^ clkbuf_1_1__f_clk/X (sky130_fd_sc_hd__clkbuf_16)
                                                         clknet_1_1__leaf_clk (net)
                      0.045283    0.000784    0.310528 ^ _124_/CLK (sky130_fd_sc_hd__dfxtp_1)
     2    0.008055    0.085844    0.334458    0.644986 ^ _124_/Q (sky130_fd_sc_hd__dfxtp_1)
                                                         net31 (net)
                      0.085844    0.000334    0.645320 ^ _130_/A (sky130_fd_sc_hd__clkbuf_1)
     1    0.004095    0.058525    0.102385    0.747705 ^ _130_/X (sky130_fd_sc_hd__clkbuf_1)
                                                         net27 (net)
                      0.058525    0.000155    0.747860 ^ output27/A (sky130_fd_sc_hd__buf_2)
     1    0.034425    0.170999    0.203452    0.951312 ^ output27/X (sky130_fd_sc_hd__buf_2)
                                                         instruction[5] (net)
                      0.171000    0.000853    0.952164 ^ instruction[5] (out)
                                              0.952164   data arrival time

                                 10.000000   10.000000   clock clk (rise edge)
                                  0.000000   10.000000   clock network delay (propagated)
                                 -0.250000    9.750000   clock uncertainty
                                  0.000000    9.750000   clock reconvergence pessimism
                                 -2.000000    7.750000   output external delay
                                              7.750000   data required time
---------------------------------------------------------------------------------------------
                                              7.750000   data required time
                                             -0.952164   data arrival time
---------------------------------------------------------------------------------------------
                                              6.797835   slack (MET)


Startpoint: pc[13] (input port clocked by clk)
Endpoint: _119_ (rising edge-triggered flip-flop clocked by clk)
Path Group: clk
Path Type: max

Fanout         Cap        Slew       Delay        Time   Description
---------------------------------------------------------------------------------------------
                                  0.000000    0.000000   clock clk (rise edge)
                                  0.000000    0.000000   clock network delay (propagated)
                                  2.000000    2.000000 v input external delay
     1    0.003313    0.009824    0.005309    2.005309 v pc[13] (in)
                                                         pc[13] (net)
                      0.009824    0.000000    2.005309 v input4/A (sky130_fd_sc_hd__clkbuf_1)
     1    0.002252    0.023687    0.069624    2.074934 v input4/X (sky130_fd_sc_hd__clkbuf_1)
                                                         net4 (net)
                      0.023687    0.000050    2.074984 v _062_/A (sky130_fd_sc_hd__or4_1)
     2    0.006031    0.103289    0.538484    2.613467 v _062_/X (sky130_fd_sc_hd__or4_1)
                                                         _018_ (net)
                      0.103289    0.000179    2.613647 v _064_/C (sky130_fd_sc_hd__nor4_1)
     2    0.006820    0.355479    0.348834    2.962481 ^ _064_/Y (sky130_fd_sc_hd__nor4_1)
                                                         _020_ (net)
                      0.355479    0.000160    2.962641 ^ _094_/B1 (sky130_fd_sc_hd__o31a_1)
     1    0.003637    0.056841    0.201692    3.164333 ^ _094_/X (sky130_fd_sc_hd__o31a_1)
                                                         _003_ (net)
                      0.056845    0.000134    3.164467 ^ _119_/D (sky130_fd_sc_hd__dfxtp_1)
                                              3.164467   data arrival time

                                 10.000000   10.000000   clock clk (rise edge)
                                  0.000000   10.000000   clock source latency
     1    0.014545    0.071398    0.048746   10.048746 ^ clk (in)
                                                         clk (net)
                      0.071404    0.000000   10.048746 ^ clkbuf_0_clk/A (sky130_fd_sc_hd__clkbuf_16)
     2    0.018262    0.040377    0.133355   10.182101 ^ clkbuf_0_clk/X (sky130_fd_sc_hd__clkbuf_16)
                                                         clknet_0_clk (net)
                      0.040388    0.000436   10.182537 ^ clkbuf_1_0__f_clk/A (sky130_fd_sc_hd__clkbuf_16)
     7    0.028288    0.049519    0.131336   10.313872 ^ clkbuf_1_0__f_clk/X (sky130_fd_sc_hd__clkbuf_16)
                                                         clknet_1_0__leaf_clk (net)
                      0.049524    0.000845   10.314717 ^ _119_/CLK (sky130_fd_sc_hd__dfxtp_1)
                                 -0.250000   10.064717   clock uncertainty
                                  0.000000   10.064717   clock reconvergence pessimism
                                 -0.056082   10.008636   library setup time
                                             10.008636   data required time
---------------------------------------------------------------------------------------------
                                             10.008636   data required time
                                             -3.164467   data arrival time
---------------------------------------------------------------------------------------------
                                              6.844169   slack (MET)


Startpoint: _122_ (rising edge-triggered flip-flop clocked by clk)
Endpoint: instruction[15] (output port clocked by clk)
Path Group: clk
Path Type: max

Fanout         Cap        Slew       Delay        Time   Description
---------------------------------------------------------------------------------------------
                                  0.000000    0.000000   clock clk (rise edge)
                                  0.000000    0.000000   clock source latency
     1    0.014545    0.071398    0.048746    0.048746 ^ clk (in)
                                                         clk (net)
                      0.071404    0.000000    0.048746 ^ clkbuf_0_clk/A (sky130_fd_sc_hd__clkbuf_16)
     2    0.018262    0.040377    0.133354    0.182100 ^ clkbuf_0_clk/X (sky130_fd_sc_hd__clkbuf_16)
                                                         clknet_0_clk (net)
                      0.040388    0.000437    0.182537 ^ clkbuf_1_0__f_clk/A (sky130_fd_sc_hd__clkbuf_16)
     7    0.028288    0.049519    0.131336    0.313873 ^ clkbuf_1_0__f_clk/X (sky130_fd_sc_hd__clkbuf_16)
                                                         clknet_1_0__leaf_clk (net)
                      0.049523    0.000795    0.314668 ^ _122_/CLK (sky130_fd_sc_hd__dfxtp_1)
     2    0.007959    0.085008    0.335386    0.650054 ^ _122_/Q (sky130_fd_sc_hd__dfxtp_1)
                                                         net22 (net)
                      0.085008    0.000350    0.650403 ^ output22/A (sky130_fd_sc_hd__buf_2)
     1    0.034344    0.170768    0.212968    0.863372 ^ output22/X (sky130_fd_sc_hd__buf_2)
                                                         instruction[15] (net)
                      0.170770    0.000818    0.864189 ^ instruction[15] (out)
                                              0.864189   data arrival time

                                 10.000000   10.000000   clock clk (rise edge)
                                  0.000000   10.000000   clock network delay (propagated)
                                 -0.250000    9.750000   clock uncertainty
                                  0.000000    9.750000   clock reconvergence pessimism
                                 -2.000000    7.750000   output external delay
                                              7.750000   data required time
---------------------------------------------------------------------------------------------
                                              7.750000   data required time
                                             -0.864189   data arrival time
---------------------------------------------------------------------------------------------
                                              6.885810   slack (MET)


Startpoint: _124_ (rising edge-triggered flip-flop clocked by clk)
Endpoint: instruction[9] (output port clocked by clk)
Path Group: clk
Path Type: max

Fanout         Cap        Slew       Delay        Time   Description
---------------------------------------------------------------------------------------------
                                  0.000000    0.000000   clock clk (rise edge)
                                  0.000000    0.000000   clock source latency
     1    0.014545    0.071398    0.048746    0.048746 ^ clk (in)
                                                         clk (net)
                      0.071404    0.000000    0.048746 ^ clkbuf_0_clk/A (sky130_fd_sc_hd__clkbuf_16)
     2    0.018262    0.040377    0.133354    0.182100 ^ clkbuf_0_clk/X (sky130_fd_sc_hd__clkbuf_16)
                                                         clknet_0_clk (net)
                      0.040388    0.000434    0.182534 ^ clkbuf_1_1__f_clk/A (sky130_fd_sc_hd__clkbuf_16)
     8    0.023868    0.045266    0.127210    0.309744 ^ clkbuf_1_1__f_clk/X (sky130_fd_sc_hd__clkbuf_16)
                                                         clknet_1_1__leaf_clk (net)
                      0.045283    0.000784    0.310528 ^ _124_/CLK (sky130_fd_sc_hd__dfxtp_1)
     2    0.008055    0.085844    0.334458    0.644986 ^ _124_/Q (sky130_fd_sc_hd__dfxtp_1)
                                                         net31 (net)
                      0.085844    0.000353    0.645339 ^ output31/A (sky130_fd_sc_hd__buf_2)
     1    0.034622    0.172087    0.214124    0.859463 ^ output31/X (sky130_fd_sc_hd__buf_2)
                                                         instruction[9] (net)
                      0.172090    0.000924    0.860388 ^ instruction[9] (out)
                                              0.860388   data arrival time

                                 10.000000   10.000000   clock clk (rise edge)
                                  0.000000   10.000000   clock network delay (propagated)
                                 -0.250000    9.750000   clock uncertainty
                                  0.000000    9.750000   clock reconvergence pessimism
                                 -2.000000    7.750000   output external delay
                                              7.750000   data required time
---------------------------------------------------------------------------------------------
                                              7.750000   data required time
                                             -0.860388   data arrival time
---------------------------------------------------------------------------------------------
                                              6.889612   slack (MET)


Startpoint: _117_ (rising edge-triggered flip-flop clocked by clk)
Endpoint: instruction[1] (output port clocked by clk)
Path Group: clk
Path Type: max

Fanout         Cap        Slew       Delay        Time   Description
---------------------------------------------------------------------------------------------
                                  0.000000    0.000000   clock clk (rise edge)
                                  0.000000    0.000000   clock source latency
     1    0.014545    0.071398    0.048746    0.048746 ^ clk (in)
                                                         clk (net)
                      0.071404    0.000000    0.048746 ^ clkbuf_0_clk/A (sky130_fd_sc_hd__clkbuf_16)
     2    0.018262    0.040377    0.133354    0.182100 ^ clkbuf_0_clk/X (sky130_fd_sc_hd__clkbuf_16)
                                                         clknet_0_clk (net)
                      0.040388    0.000437    0.182537 ^ clkbuf_1_0__f_clk/A (sky130_fd_sc_hd__clkbuf_16)
     7    0.028288    0.049519    0.131336    0.313873 ^ clkbuf_1_0__f_clk/X (sky130_fd_sc_hd__clkbuf_16)
                                                         clknet_1_0__leaf_clk (net)
                      0.049526    0.001082    0.314955 ^ _117_/CLK (sky130_fd_sc_hd__dfxtp_1)
     1    0.006883    0.075563    0.328318    0.643273 ^ _117_/Q (sky130_fd_sc_hd__dfxtp_1)
                                                         net23 (net)
                      0.075564    0.000359    0.643632 ^ output23/A (sky130_fd_sc_hd__buf_2)
     1    0.034740    0.172589    0.210692    0.854324 ^ output23/X (sky130_fd_sc_hd__buf_2)
                                                         instruction[1] (net)
                      0.172592    0.000977    0.855300 ^ instruction[1] (out)
                                              0.855300   data arrival time

                                 10.000000   10.000000   clock clk (rise edge)
                                  0.000000   10.000000   clock network delay (propagated)
                                 -0.250000    9.750000   clock uncertainty
                                  0.000000    9.750000   clock reconvergence pessimism
                                 -2.000000    7.750000   output external delay
                                              7.750000   data required time
---------------------------------------------------------------------------------------------
                                              7.750000   data required time
                                             -0.855300   data arrival time
---------------------------------------------------------------------------------------------
                                              6.894700   slack (MET)


Startpoint: _118_ (rising edge-triggered flip-flop clocked by clk)
Endpoint: instruction[2] (output port clocked by clk)
Path Group: clk
Path Type: max

Fanout         Cap        Slew       Delay        Time   Description
---------------------------------------------------------------------------------------------
                                  0.000000    0.000000   clock clk (rise edge)
                                  0.000000    0.000000   clock source latency
     1    0.014545    0.071398    0.048746    0.048746 ^ clk (in)
                                                         clk (net)
                      0.071404    0.000000    0.048746 ^ clkbuf_0_clk/A (sky130_fd_sc_hd__clkbuf_16)
     2    0.018262    0.040377    0.133354    0.182100 ^ clkbuf_0_clk/X (sky130_fd_sc_hd__clkbuf_16)
                                                         clknet_0_clk (net)
                      0.040388    0.000437    0.182537 ^ clkbuf_1_0__f_clk/A (sky130_fd_sc_hd__clkbuf_16)
     7    0.028288    0.049519    0.131336    0.313873 ^ clkbuf_1_0__f_clk/X (sky130_fd_sc_hd__clkbuf_16)
                                                         clknet_1_0__leaf_clk (net)
                      0.049527    0.001140    0.315012 ^ _118_/CLK (sky130_fd_sc_hd__dfxtp_1)
     1    0.006313    0.070573    0.324576    0.639589 ^ _118_/Q (sky130_fd_sc_hd__dfxtp_1)
                                                         net24 (net)
                      0.070573    0.000313    0.639902 ^ output24/A (sky130_fd_sc_hd__buf_2)
     1    0.035348    0.175436    0.210721    0.850623 ^ output24/X (sky130_fd_sc_hd__buf_2)
                                                         instruction[2] (net)
                      0.175498    0.001203    0.851825 ^ instruction[2] (out)
                                              0.851825   data arrival time

                                 10.000000   10.000000   clock clk (rise edge)
                                  0.000000   10.000000   clock network delay (propagated)
                                 -0.250000    9.750000   clock uncertainty
                                  0.000000    9.750000   clock reconvergence pessimism
                                 -2.000000    7.750000   output external delay
                                              7.750000   data required time
---------------------------------------------------------------------------------------------
                                              7.750000   data required time
                                             -0.851825   data arrival time
---------------------------------------------------------------------------------------------
                                              6.898175   slack (MET)


Startpoint: _125_ (rising edge-triggered flip-flop clocked by clk)
Endpoint: instruction[10] (output port clocked by clk)
Path Group: clk
Path Type: max

Fanout         Cap        Slew       Delay        Time   Description
---------------------------------------------------------------------------------------------
                                  0.000000    0.000000   clock clk (rise edge)
                                  0.000000    0.000000   clock source latency
     1    0.014545    0.071398    0.048746    0.048746 ^ clk (in)
                                                         clk (net)
                      0.071404    0.000000    0.048746 ^ clkbuf_0_clk/A (sky130_fd_sc_hd__clkbuf_16)
     2    0.018262    0.040377    0.133354    0.182100 ^ clkbuf_0_clk/X (sky130_fd_sc_hd__clkbuf_16)
                                                         clknet_0_clk (net)
                      0.040388    0.000434    0.182534 ^ clkbuf_1_1__f_clk/A (sky130_fd_sc_hd__clkbuf_16)
     8    0.023868    0.045266    0.127210    0.309744 ^ clkbuf_1_1__f_clk/X (sky130_fd_sc_hd__clkbuf_16)
                                                         clknet_1_1__leaf_clk (net)
                      0.045281    0.000729    0.310473 ^ _125_/CLK (sky130_fd_sc_hd__dfxtp_1)
     1    0.007016    0.076722    0.327637    0.638111 ^ _125_/Q (sky130_fd_sc_hd__dfxtp_1)
                                                         net17 (net)
                      0.076722    0.000348    0.638458 ^ output17/A (sky130_fd_sc_hd__buf_2)
     1    0.035033    0.173966    0.212080    0.850538 ^ output17/X (sky130_fd_sc_hd__buf_2)
                                                         instruction[10] (net)
                      0.173969    0.000994    0.851532 ^ instruction[10] (out)
                                              0.851532   data arrival time

                                 10.000000   10.000000   clock clk (rise edge)
                                  0.000000   10.000000   clock network delay (propagated)
                                 -0.250000    9.750000   clock uncertainty
                                  0.000000    9.750000   clock reconvergence pessimism
                                 -2.000000    7.750000   output external delay
                                              7.750000   data required time
---------------------------------------------------------------------------------------------
                                              7.750000   data required time
                                             -0.851532   data arrival time
---------------------------------------------------------------------------------------------
                                              6.898468   slack (MET)


Startpoint: _121_ (rising edge-triggered flip-flop clocked by clk)
Endpoint: instruction[6] (output port clocked by clk)
Path Group: clk
Path Type: max

Fanout         Cap        Slew       Delay        Time   Description
---------------------------------------------------------------------------------------------
                                  0.000000    0.000000   clock clk (rise edge)
                                  0.000000    0.000000   clock source latency
     1    0.014545    0.071398    0.048746    0.048746 ^ clk (in)
                                                         clk (net)
                      0.071404    0.000000    0.048746 ^ clkbuf_0_clk/A (sky130_fd_sc_hd__clkbuf_16)
     2    0.018262    0.040377    0.133354    0.182100 ^ clkbuf_0_clk/X (sky130_fd_sc_hd__clkbuf_16)
                                                         clknet_0_clk (net)
                      0.040388    0.000434    0.182534 ^ clkbuf_1_1__f_clk/A (sky130_fd_sc_hd__clkbuf_16)
     8    0.023868    0.045266    0.127210    0.309744 ^ clkbuf_1_1__f_clk/X (sky130_fd_sc_hd__clkbuf_16)
                                                         clknet_1_1__leaf_clk (net)
                      0.045279    0.000701    0.310446 ^ _121_/CLK (sky130_fd_sc_hd__dfxtp_1)
     1    0.006893    0.075644    0.326832    0.637277 ^ _121_/Q (sky130_fd_sc_hd__dfxtp_1)
                                                         net28 (net)
                      0.075644    0.000336    0.637613 ^ output28/A (sky130_fd_sc_hd__buf_2)
     1    0.034918    0.173414    0.211331    0.848944 ^ output28/X (sky130_fd_sc_hd__buf_2)
                                                         instruction[6] (net)
                      0.173417    0.000949    0.849893 ^ instruction[6] (out)
                                              0.849893   data arrival time

                                 10.000000   10.000000   clock clk (rise edge)
                                  0.000000   10.000000   clock network delay (propagated)
                                 -0.250000    9.750000   clock uncertainty
                                  0.000000    9.750000   clock reconvergence pessimism
                                 -2.000000    7.750000   output external delay
                                              7.750000   data required time
---------------------------------------------------------------------------------------------
                                              7.750000   data required time
                                             -0.849893   data arrival time
---------------------------------------------------------------------------------------------
                                              6.900107   slack (MET)


Startpoint: _123_ (rising edge-triggered flip-flop clocked by clk)
Endpoint: instruction[8] (output port clocked by clk)
Path Group: clk
Path Type: max

Fanout         Cap        Slew       Delay        Time   Description
---------------------------------------------------------------------------------------------
                                  0.000000    0.000000   clock clk (rise edge)
                                  0.000000    0.000000   clock source latency
     1    0.014545    0.071398    0.048746    0.048746 ^ clk (in)
                                                         clk (net)
                      0.071404    0.000000    0.048746 ^ clkbuf_0_clk/A (sky130_fd_sc_hd__clkbuf_16)
     2    0.018262    0.040377    0.133354    0.182100 ^ clkbuf_0_clk/X (sky130_fd_sc_hd__clkbuf_16)
                                                         clknet_0_clk (net)
                      0.040388    0.000434    0.182534 ^ clkbuf_1_1__f_clk/A (sky130_fd_sc_hd__clkbuf_16)
     8    0.023868    0.045266    0.127210    0.309744 ^ clkbuf_1_1__f_clk/X (sky130_fd_sc_hd__clkbuf_16)
                                                         clknet_1_1__leaf_clk (net)
                      0.045285    0.000823    0.310567 ^ _123_/CLK (sky130_fd_sc_hd__dfxtp_1)
     1    0.006534    0.072496    0.324482    0.635049 ^ _123_/Q (sky130_fd_sc_hd__dfxtp_1)
                                                         net30 (net)
                      0.072496    0.000284    0.635333 ^ output30/A (sky130_fd_sc_hd__buf_2)
     1    0.035057    0.174051    0.210607    0.845941 ^ output30/X (sky130_fd_sc_hd__buf_2)
                                                         instruction[8] (net)
                      0.174054    0.000986    0.846927 ^ instruction[8] (out)
                                              0.846927   data arrival time

                                 10.000000   10.000000   clock clk (rise edge)
                                  0.000000   10.000000   clock network delay (propagated)
                                 -0.250000    9.750000   clock uncertainty
                                  0.000000    9.750000   clock reconvergence pessimism
                                 -2.000000    7.750000   output external delay
                                              7.750000   data required time
---------------------------------------------------------------------------------------------
                                              7.750000   data required time
                                             -0.846927   data arrival time
---------------------------------------------------------------------------------------------
                                              6.903073   slack (MET)


Startpoint: _129_ (rising edge-triggered flip-flop clocked by clk)
Endpoint: instruction[14] (output port clocked by clk)
Path Group: clk
Path Type: max

Fanout         Cap        Slew       Delay        Time   Description
---------------------------------------------------------------------------------------------
                                  0.000000    0.000000   clock clk (rise edge)
                                  0.000000    0.000000   clock source latency
     1    0.014545    0.071398    0.048746    0.048746 ^ clk (in)
                                                         clk (net)
                      0.071404    0.000000    0.048746 ^ clkbuf_0_clk/A (sky130_fd_sc_hd__clkbuf_16)
     2    0.018262    0.040377    0.133354    0.182100 ^ clkbuf_0_clk/X (sky130_fd_sc_hd__clkbuf_16)
                                                         clknet_0_clk (net)
                      0.040388    0.000434    0.182534 ^ clkbuf_1_1__f_clk/A (sky130_fd_sc_hd__clkbuf_16)
     8    0.023868    0.045266    0.127210    0.309744 ^ clkbuf_1_1__f_clk/X (sky130_fd_sc_hd__clkbuf_16)
                                                         clknet_1_1__leaf_clk (net)
                      0.045279    0.000702    0.310447 ^ _129_/CLK (sky130_fd_sc_hd__dfxtp_1)
     1    0.006798    0.074809    0.326207    0.636654 ^ _129_/Q (sky130_fd_sc_hd__dfxtp_1)
                                                         net21 (net)
                      0.074809    0.000326    0.636980 ^ output21/A (sky130_fd_sc_hd__buf_2)
     1    0.034146    0.169802    0.208479    0.845459 ^ output21/X (sky130_fd_sc_hd__buf_2)
                                                         instruction[14] (net)
                      0.169805    0.000918    0.846376 ^ instruction[14] (out)
                                              0.846376   data arrival time

                                 10.000000   10.000000   clock clk (rise edge)
                                  0.000000   10.000000   clock network delay (propagated)
                                 -0.250000    9.750000   clock uncertainty
                                  0.000000    9.750000   clock reconvergence pessimism
                                 -2.000000    7.750000   output external delay
                                              7.750000   data required time
---------------------------------------------------------------------------------------------
                                              7.750000   data required time
                                             -0.846376   data arrival time
---------------------------------------------------------------------------------------------
                                              6.903624   slack (MET)


Startpoint: _127_ (rising edge-triggered flip-flop clocked by clk)
Endpoint: instruction[12] (output port clocked by clk)
Path Group: clk
Path Type: max

Fanout         Cap        Slew       Delay        Time   Description
---------------------------------------------------------------------------------------------
                                  0.000000    0.000000   clock clk (rise edge)
                                  0.000000    0.000000   clock source latency
     1    0.014545    0.071398    0.048746    0.048746 ^ clk (in)
                                                         clk (net)
                      0.071404    0.000000    0.048746 ^ clkbuf_0_clk/A (sky130_fd_sc_hd__clkbuf_16)
     2    0.018262    0.040377    0.133354    0.182100 ^ clkbuf_0_clk/X (sky130_fd_sc_hd__clkbuf_16)
                                                         clknet_0_clk (net)
                      0.040388    0.000434    0.182534 ^ clkbuf_1_1__f_clk/A (sky130_fd_sc_hd__clkbuf_16)
     8    0.023868    0.045266    0.127210    0.309744 ^ clkbuf_1_1__f_clk/X (sky130_fd_sc_hd__clkbuf_16)
                                                         clknet_1_1__leaf_clk (net)
                      0.045285    0.000812    0.310556 ^ _127_/CLK (sky130_fd_sc_hd__dfxtp_1)
     1    0.006300    0.070459    0.322950    0.633507 ^ _127_/Q (sky130_fd_sc_hd__dfxtp_1)
                                                         net19 (net)
                      0.070459    0.000269    0.633775 ^ output19/A (sky130_fd_sc_hd__buf_2)
     1    0.035172    0.174585    0.210209    0.843984 ^ output19/X (sky130_fd_sc_hd__buf_2)
                                                         instruction[12] (net)
                      0.174588    0.001032    0.845015 ^ instruction[12] (out)
                                              0.845015   data arrival time

                                 10.000000   10.000000   clock clk (rise edge)
                                  0.000000   10.000000   clock network delay (propagated)
                                 -0.250000    9.750000   clock uncertainty
                                  0.000000    9.750000   clock reconvergence pessimism
                                 -2.000000    7.750000   output external delay
                                              7.750000   data required time
---------------------------------------------------------------------------------------------
                                              7.750000   data required time
                                             -0.845015   data arrival time
---------------------------------------------------------------------------------------------
                                              6.904984   slack (MET)


Startpoint: _116_ (rising edge-triggered flip-flop clocked by clk)
Endpoint: instruction[0] (output port clocked by clk)
Path Group: clk
Path Type: max

Fanout         Cap        Slew       Delay        Time   Description
---------------------------------------------------------------------------------------------
                                  0.000000    0.000000   clock clk (rise edge)
                                  0.000000    0.000000   clock source latency
     1    0.014545    0.071398    0.048746    0.048746 ^ clk (in)
                                                         clk (net)
                      0.071404    0.000000    0.048746 ^ clkbuf_0_clk/A (sky130_fd_sc_hd__clkbuf_16)
     2    0.018262    0.040377    0.133354    0.182100 ^ clkbuf_0_clk/X (sky130_fd_sc_hd__clkbuf_16)
                                                         clknet_0_clk (net)
                      0.040388    0.000434    0.182534 ^ clkbuf_1_1__f_clk/A (sky130_fd_sc_hd__clkbuf_16)
     8    0.023868    0.045266    0.127210    0.309744 ^ clkbuf_1_1__f_clk/X (sky130_fd_sc_hd__clkbuf_16)
                                                         clknet_1_1__leaf_clk (net)
                      0.045287    0.000841    0.310586 ^ _116_/CLK (sky130_fd_sc_hd__dfxtp_1)
     1    0.006616    0.073226    0.324996    0.635582 ^ _116_/Q (sky130_fd_sc_hd__dfxtp_1)
                                                         net16 (net)
                      0.073227    0.000344    0.635926 ^ output16/A (sky130_fd_sc_hd__buf_2)
     1    0.034219    0.170143    0.208114    0.844040 ^ output16/X (sky130_fd_sc_hd__buf_2)
                                                         instruction[0] (net)
                      0.170146    0.000957    0.844997 ^ instruction[0] (out)
                                              0.844997   data arrival time

                                 10.000000   10.000000   clock clk (rise edge)
                                  0.000000   10.000000   clock network delay (propagated)
                                 -0.250000    9.750000   clock uncertainty
                                  0.000000    9.750000   clock reconvergence pessimism
                                 -2.000000    7.750000   output external delay
                                              7.750000   data required time
---------------------------------------------------------------------------------------------
                                              7.750000   data required time
                                             -0.844997   data arrival time
---------------------------------------------------------------------------------------------
                                              6.905003   slack (MET)


Startpoint: _120_ (rising edge-triggered flip-flop clocked by clk)
Endpoint: instruction[4] (output port clocked by clk)
Path Group: clk
Path Type: max

Fanout         Cap        Slew       Delay        Time   Description
---------------------------------------------------------------------------------------------
                                  0.000000    0.000000   clock clk (rise edge)
                                  0.000000    0.000000   clock source latency
     1    0.014545    0.071398    0.048746    0.048746 ^ clk (in)
                                                         clk (net)
                      0.071404    0.000000    0.048746 ^ clkbuf_0_clk/A (sky130_fd_sc_hd__clkbuf_16)
     2    0.018262    0.040377    0.133354    0.182100 ^ clkbuf_0_clk/X (sky130_fd_sc_hd__clkbuf_16)
                                                         clknet_0_clk (net)
                      0.040388    0.000434    0.182534 ^ clkbuf_1_1__f_clk/A (sky130_fd_sc_hd__clkbuf_16)
     8    0.023868    0.045266    0.127210    0.309744 ^ clkbuf_1_1__f_clk/X (sky130_fd_sc_hd__clkbuf_16)
                                                         clknet_1_1__leaf_clk (net)
                      0.045282    0.000756    0.310501 ^ _120_/CLK (sky130_fd_sc_hd__dfxtp_1)
     1    0.006286    0.070333    0.322856    0.633356 ^ _120_/Q (sky130_fd_sc_hd__dfxtp_1)
                                                         net26 (net)
                      0.070333    0.000266    0.633623 ^ output26/A (sky130_fd_sc_hd__buf_2)
     1    0.034918    0.173383    0.209381    0.843004 ^ output26/X (sky130_fd_sc_hd__buf_2)
                                                         instruction[4] (net)
                      0.173386    0.000939    0.843943 ^ instruction[4] (out)
                                              0.843943   data arrival time

                                 10.000000   10.000000   clock clk (rise edge)
                                  0.000000   10.000000   clock network delay (propagated)
                                 -0.250000    9.750000   clock uncertainty
                                  0.000000    9.750000   clock reconvergence pessimism
                                 -2.000000    7.750000   output external delay
                                              7.750000   data required time
---------------------------------------------------------------------------------------------
                                              7.750000   data required time
                                             -0.843943   data arrival time
---------------------------------------------------------------------------------------------
                                              6.906057   slack (MET)


Startpoint: _126_ (rising edge-triggered flip-flop clocked by clk)
Endpoint: instruction[11] (output port clocked by clk)
Path Group: clk
Path Type: max

Fanout         Cap        Slew       Delay        Time   Description
---------------------------------------------------------------------------------------------
                                  0.000000    0.000000   clock clk (rise edge)
                                  0.000000    0.000000   clock source latency
     1    0.014545    0.071398    0.048746    0.048746 ^ clk (in)
                                                         clk (net)
                      0.071404    0.000000    0.048746 ^ clkbuf_0_clk/A (sky130_fd_sc_hd__clkbuf_16)
     2    0.018262    0.040377    0.133354    0.182100 ^ clkbuf_0_clk/X (sky130_fd_sc_hd__clkbuf_16)
                                                         clknet_0_clk (net)
                      0.040388    0.000437    0.182537 ^ clkbuf_1_0__f_clk/A (sky130_fd_sc_hd__clkbuf_16)
     7    0.028288    0.049519    0.131336    0.313873 ^ clkbuf_1_0__f_clk/X (sky130_fd_sc_hd__clkbuf_16)
                                                         clknet_1_0__leaf_clk (net)
                      0.049523    0.000829    0.314701 ^ _126_/CLK (sky130_fd_sc_hd__dfxtp_1)
     1    0.005532    0.063770    0.319452    0.634153 ^ _126_/Q (sky130_fd_sc_hd__dfxtp_1)
                                                         net18 (net)
                      0.063770    0.000248    0.634401 ^ output18/A (sky130_fd_sc_hd__buf_2)
     1    0.034338    0.170617    0.205120    0.839521 ^ output18/X (sky130_fd_sc_hd__buf_2)
                                                         instruction[11] (net)
                      0.170619    0.000818    0.840339 ^ instruction[11] (out)
                                              0.840339   data arrival time

                                 10.000000   10.000000   clock clk (rise edge)
                                  0.000000   10.000000   clock network delay (propagated)
                                 -0.250000    9.750000   clock uncertainty
                                  0.000000    9.750000   clock reconvergence pessimism
                                 -2.000000    7.750000   output external delay
                                              7.750000   data required time
---------------------------------------------------------------------------------------------
                                              7.750000   data required time
                                             -0.840339   data arrival time
---------------------------------------------------------------------------------------------
                                              6.909661   slack (MET)


Startpoint: _128_ (rising edge-triggered flip-flop clocked by clk)
Endpoint: instruction[13] (output port clocked by clk)
Path Group: clk
Path Type: max

Fanout         Cap        Slew       Delay        Time   Description
---------------------------------------------------------------------------------------------
                                  0.000000    0.000000   clock clk (rise edge)
                                  0.000000    0.000000   clock source latency
     1    0.014545    0.071398    0.048746    0.048746 ^ clk (in)
                                                         clk (net)
                      0.071404    0.000000    0.048746 ^ clkbuf_0_clk/A (sky130_fd_sc_hd__clkbuf_16)
     2    0.018262    0.040377    0.133354    0.182100 ^ clkbuf_0_clk/X (sky130_fd_sc_hd__clkbuf_16)
                                                         clknet_0_clk (net)
                      0.040388    0.000437    0.182537 ^ clkbuf_1_0__f_clk/A (sky130_fd_sc_hd__clkbuf_16)
     7    0.028288    0.049519    0.131336    0.313873 ^ clkbuf_1_0__f_clk/X (sky130_fd_sc_hd__clkbuf_16)
                                                         clknet_1_0__leaf_clk (net)
                      0.049526    0.001068    0.314940 ^ _128_/CLK (sky130_fd_sc_hd__dfxtp_1)
     1    0.003032    0.042607    0.302772    0.617713 ^ _128_/Q (sky130_fd_sc_hd__dfxtp_1)
                                                         net20 (net)
                      0.042607    0.000098    0.617811 ^ output20/A (sky130_fd_sc_hd__buf_2)
     1    0.034785    0.172612    0.198556    0.816367 ^ output20/X (sky130_fd_sc_hd__buf_2)
                                                         instruction[13] (net)
                      0.172669    0.000967    0.817334 ^ instruction[13] (out)
                                              0.817334   data arrival time

                                 10.000000   10.000000   clock clk (rise edge)
                                  0.000000   10.000000   clock network delay (propagated)
                                 -0.250000    9.750000   clock uncertainty
                                  0.000000    9.750000   clock reconvergence pessimism
                                 -2.000000    7.750000   output external delay
                                              7.750000   data required time
---------------------------------------------------------------------------------------------
                                              7.750000   data required time
                                             -0.817334   data arrival time
---------------------------------------------------------------------------------------------
                                              6.932666   slack (MET)


Startpoint: _119_ (rising edge-triggered flip-flop clocked by clk)
Endpoint: instruction[3] (output port clocked by clk)
Path Group: clk
Path Type: max

Fanout         Cap        Slew       Delay        Time   Description
---------------------------------------------------------------------------------------------
                                  0.000000    0.000000   clock clk (rise edge)
                                  0.000000    0.000000   clock source latency
     1    0.014545    0.071398    0.048746    0.048746 ^ clk (in)
                                                         clk (net)
                      0.071404    0.000000    0.048746 ^ clkbuf_0_clk/A (sky130_fd_sc_hd__clkbuf_16)
     2    0.018262    0.040377    0.133354    0.182100 ^ clkbuf_0_clk/X (sky130_fd_sc_hd__clkbuf_16)
                                                         clknet_0_clk (net)
                      0.040388    0.000437    0.182537 ^ clkbuf_1_0__f_clk/A (sky130_fd_sc_hd__clkbuf_16)
     7    0.028288    0.049519    0.131336    0.313873 ^ clkbuf_1_0__f_clk/X (sky130_fd_sc_hd__clkbuf_16)
                                                         clknet_1_0__leaf_clk (net)
                      0.049524    0.000844    0.314717 ^ _119_/CLK (sky130_fd_sc_hd__dfxtp_1)
     1    0.002983    0.042219    0.302415    0.617132 ^ _119_/Q (sky130_fd_sc_hd__dfxtp_1)
                                                         net25 (net)
                      0.042219    0.000099    0.617231 ^ output25/A (sky130_fd_sc_hd__buf_2)
     1    0.034911    0.173200    0.198810    0.816042 ^ output25/X (sky130_fd_sc_hd__buf_2)
                                                         instruction[3] (net)
                      0.173256    0.000985    0.817026 ^ instruction[3] (out)
                                              0.817026   data arrival time

                                 10.000000   10.000000   clock clk (rise edge)
                                  0.000000   10.000000   clock network delay (propagated)
                                 -0.250000    9.750000   clock uncertainty
                                  0.000000    9.750000   clock reconvergence pessimism
                                 -2.000000    7.750000   output external delay
                                              7.750000   data required time
---------------------------------------------------------------------------------------------
                                              7.750000   data required time
                                             -0.817026   data arrival time
---------------------------------------------------------------------------------------------
                                              6.932973   slack (MET)



