
===========================================================================
report_checks -path_delay max (Setup)
============================================================================
======================= nom_tt_025C_1v80 Corner ===================================

Startpoint: ImmSrc[0] (input port clocked by __VIRTUAL_CLK__)
Endpoint: ImmExt[6] (output port clocked by __VIRTUAL_CLK__)
Path Group: __VIRTUAL_CLK__
Path Type: max

Fanout         Cap        Slew       Delay        Time   Description
---------------------------------------------------------------------------------------------
                      0.000000    0.000000    0.000000   clock __VIRTUAL_CLK__ (rise edge)
                                  0.000000    0.000000   clock network delay (ideal)
                                  5.000000    5.000000 ^ input external delay
     1    0.002648    0.019761    0.009762    5.009762 ^ ImmSrc[0] (in)
                                                         ImmSrc[0] (net)
                      0.019761    0.000000    5.009762 ^ input1/A (sky130_fd_sc_hd__buf_1)
     3    0.008734    0.110274    0.119095    5.128857 ^ input1/X (sky130_fd_sc_hd__buf_1)
                                                         net1 (net)
                      0.110274    0.000051    5.128908 ^ fanout31/A (sky130_fd_sc_hd__buf_2)
    10    0.026678    0.135011    0.197291    5.326198 ^ fanout31/X (sky130_fd_sc_hd__buf_2)
                                                         net31 (net)
                      0.135011    0.000202    5.326400 ^ _15_/A_N (sky130_fd_sc_hd__nand2b_4)
     9    0.035938    0.124171    0.208113    5.534513 ^ _15_/Y (sky130_fd_sc_hd__nand2b_4)
                                                         _03_ (net)
                      0.124172    0.000240    5.534753 ^ _16_/S (sky130_fd_sc_hd__mux2_1)
     1    0.002526    0.055188    0.327442    5.862195 v _16_/X (sky130_fd_sc_hd__mux2_1)
                                                         net25 (net)
                      0.055188    0.000012    5.862207 v output25/A (sky130_fd_sc_hd__buf_2)
     1    0.034296    0.089303    0.184966    6.047174 v output25/X (sky130_fd_sc_hd__buf_2)
                                                         ImmExt[6] (net)
                      0.089303    0.000191    6.047364 v ImmExt[6] (out)
                                              6.047364   data arrival time

                      0.000000   25.000000   25.000000   clock __VIRTUAL_CLK__ (rise edge)
                                  0.000000   25.000000   clock network delay (ideal)
                                 -0.250000   24.750000   clock uncertainty
                                  0.000000   24.750000   clock reconvergence pessimism
                                 -5.000000   19.750000   output external delay
                                             19.750000   data required time
---------------------------------------------------------------------------------------------
                                             19.750000   data required time
                                             -6.047364   data arrival time
---------------------------------------------------------------------------------------------
                                             13.702636   slack (MET)


Startpoint: ImmSrc[0] (input port clocked by __VIRTUAL_CLK__)
Endpoint: ImmExt[9] (output port clocked by __VIRTUAL_CLK__)
Path Group: __VIRTUAL_CLK__
Path Type: max

Fanout         Cap        Slew       Delay        Time   Description
---------------------------------------------------------------------------------------------
                      0.000000    0.000000    0.000000   clock __VIRTUAL_CLK__ (rise edge)
                                  0.000000    0.000000   clock network delay (ideal)
                                  5.000000    5.000000 ^ input external delay
     1    0.002648    0.019761    0.009762    5.009762 ^ ImmSrc[0] (in)
                                                         ImmSrc[0] (net)
                      0.019761    0.000000    5.009762 ^ input1/A (sky130_fd_sc_hd__buf_1)
     3    0.008734    0.110274    0.119095    5.128857 ^ input1/X (sky130_fd_sc_hd__buf_1)
                                                         net1 (net)
                      0.110274    0.000051    5.128908 ^ fanout31/A (sky130_fd_sc_hd__buf_2)
    10    0.026678    0.135011    0.197291    5.326198 ^ fanout31/X (sky130_fd_sc_hd__buf_2)
                                                         net31 (net)
                      0.135011    0.000202    5.326400 ^ _15_/A_N (sky130_fd_sc_hd__nand2b_4)
     9    0.035938    0.124171    0.208113    5.534513 ^ _15_/Y (sky130_fd_sc_hd__nand2b_4)
                                                         _03_ (net)
                      0.124171    0.000056    5.534568 ^ _19_/S (sky130_fd_sc_hd__mux2_1)
     1    0.002333    0.054077    0.325622    5.860190 v _19_/X (sky130_fd_sc_hd__mux2_1)
                                                         net28 (net)
                      0.054077    0.000009    5.860198 v output28/A (sky130_fd_sc_hd__buf_2)
     1    0.034372    0.089473    0.184594    6.044792 v output28/X (sky130_fd_sc_hd__buf_2)
                                                         ImmExt[9] (net)
                      0.089473    0.000204    6.044997 v ImmExt[9] (out)
                                              6.044997   data arrival time

                      0.000000   25.000000   25.000000   clock __VIRTUAL_CLK__ (rise edge)
                                  0.000000   25.000000   clock network delay (ideal)
                                 -0.250000   24.750000   clock uncertainty
                                  0.000000   24.750000   clock reconvergence pessimism
                                 -5.000000   19.750000   output external delay
                                             19.750000   data required time
---------------------------------------------------------------------------------------------
                                             19.750000   data required time
                                             -6.044997   data arrival time
---------------------------------------------------------------------------------------------
                                             13.705003   slack (MET)


Startpoint: ImmSrc[0] (input port clocked by __VIRTUAL_CLK__)
Endpoint: ImmExt[11] (output port clocked by __VIRTUAL_CLK__)
Path Group: __VIRTUAL_CLK__
Path Type: max

Fanout         Cap        Slew       Delay        Time   Description
---------------------------------------------------------------------------------------------
                      0.000000    0.000000    0.000000   clock __VIRTUAL_CLK__ (rise edge)
                                  0.000000    0.000000   clock network delay (ideal)
                                  5.000000    5.000000 ^ input external delay
     1    0.002648    0.019761    0.009762    5.009762 ^ ImmSrc[0] (in)
                                                         ImmSrc[0] (net)
                      0.019761    0.000000    5.009762 ^ input1/A (sky130_fd_sc_hd__buf_1)
     3    0.008734    0.110274    0.119095    5.128857 ^ input1/X (sky130_fd_sc_hd__buf_1)
                                                         net1 (net)
                      0.110274    0.000051    5.128908 ^ fanout31/A (sky130_fd_sc_hd__buf_2)
    10    0.026678    0.135011    0.197291    5.326198 ^ fanout31/X (sky130_fd_sc_hd__buf_2)
                                                         net31 (net)
                      0.135011    0.000202    5.326400 ^ _15_/A_N (sky130_fd_sc_hd__nand2b_4)
     9    0.035938    0.124171    0.208113    5.534513 ^ _15_/Y (sky130_fd_sc_hd__nand2b_4)
                                                         _03_ (net)
                      0.124172    0.000349    5.534861 ^ _21_/S (sky130_fd_sc_hd__mux2_1)
     1    0.002190    0.053256    0.324277    5.859138 v _21_/X (sky130_fd_sc_hd__mux2_1)
                                                         net15 (net)
                      0.053256    0.000007    5.859144 v output15/A (sky130_fd_sc_hd__buf_2)
     1    0.034296    0.089301    0.184087    6.043232 v output15/X (sky130_fd_sc_hd__buf_2)
                                                         ImmExt[11] (net)
                      0.089301    0.000191    6.043422 v ImmExt[11] (out)
                                              6.043422   data arrival time

                      0.000000   25.000000   25.000000   clock __VIRTUAL_CLK__ (rise edge)
                                  0.000000   25.000000   clock network delay (ideal)
                                 -0.250000   24.750000   clock uncertainty
                                  0.000000   24.750000   clock reconvergence pessimism
                                 -5.000000   19.750000   output external delay
                                             19.750000   data required time
---------------------------------------------------------------------------------------------
                                             19.750000   data required time
                                             -6.043422   data arrival time
---------------------------------------------------------------------------------------------
                                             13.706577   slack (MET)


Startpoint: ImmSrc[0] (input port clocked by __VIRTUAL_CLK__)
Endpoint: ImmExt[7] (output port clocked by __VIRTUAL_CLK__)
Path Group: __VIRTUAL_CLK__
Path Type: max

Fanout         Cap        Slew       Delay        Time   Description
---------------------------------------------------------------------------------------------
                      0.000000    0.000000    0.000000   clock __VIRTUAL_CLK__ (rise edge)
                                  0.000000    0.000000   clock network delay (ideal)
                                  5.000000    5.000000 ^ input external delay
     1    0.002648    0.019761    0.009762    5.009762 ^ ImmSrc[0] (in)
                                                         ImmSrc[0] (net)
                      0.019761    0.000000    5.009762 ^ input1/A (sky130_fd_sc_hd__buf_1)
     3    0.008734    0.110274    0.119095    5.128857 ^ input1/X (sky130_fd_sc_hd__buf_1)
                                                         net1 (net)
                      0.110274    0.000051    5.128908 ^ fanout31/A (sky130_fd_sc_hd__buf_2)
    10    0.026678    0.135011    0.197291    5.326198 ^ fanout31/X (sky130_fd_sc_hd__buf_2)
                                                         net31 (net)
                      0.135011    0.000202    5.326400 ^ _15_/A_N (sky130_fd_sc_hd__nand2b_4)
     9    0.035938    0.124171    0.208113    5.534513 ^ _15_/Y (sky130_fd_sc_hd__nand2b_4)
                                                         _03_ (net)
                      0.124172    0.000304    5.534816 ^ _17_/S (sky130_fd_sc_hd__mux2_1)
     1    0.002108    0.052781    0.323499    5.858315 v _17_/X (sky130_fd_sc_hd__mux2_1)
                                                         net26 (net)
                      0.052781    0.000006    5.858321 v output26/A (sky130_fd_sc_hd__buf_2)
     1    0.034296    0.089303    0.183880    6.042201 v output26/X (sky130_fd_sc_hd__buf_2)
                                                         ImmExt[7] (net)
                      0.089303    0.000191    6.042392 v ImmExt[7] (out)
                                              6.042392   data arrival time

                      0.000000   25.000000   25.000000   clock __VIRTUAL_CLK__ (rise edge)
                                  0.000000   25.000000   clock network delay (ideal)
                                 -0.250000   24.750000   clock uncertainty
                                  0.000000   24.750000   clock reconvergence pessimism
                                 -5.000000   19.750000   output external delay
                                             19.750000   data required time
---------------------------------------------------------------------------------------------
                                             19.750000   data required time
                                             -6.042392   data arrival time
---------------------------------------------------------------------------------------------
                                             13.707608   slack (MET)


Startpoint: ImmSrc[0] (input port clocked by __VIRTUAL_CLK__)
Endpoint: ImmExt[8] (output port clocked by __VIRTUAL_CLK__)
Path Group: __VIRTUAL_CLK__
Path Type: max

Fanout         Cap        Slew       Delay        Time   Description
---------------------------------------------------------------------------------------------
                      0.000000    0.000000    0.000000   clock __VIRTUAL_CLK__ (rise edge)
                                  0.000000    0.000000   clock network delay (ideal)
                                  5.000000    5.000000 ^ input external delay
     1    0.002648    0.019761    0.009762    5.009762 ^ ImmSrc[0] (in)
                                                         ImmSrc[0] (net)
                      0.019761    0.000000    5.009762 ^ input1/A (sky130_fd_sc_hd__buf_1)
     3    0.008734    0.110274    0.119095    5.128857 ^ input1/X (sky130_fd_sc_hd__buf_1)
                                                         net1 (net)
                      0.110274    0.000051    5.128908 ^ fanout31/A (sky130_fd_sc_hd__buf_2)
    10    0.026678    0.135011    0.197291    5.326198 ^ fanout31/X (sky130_fd_sc_hd__buf_2)
                                                         net31 (net)
                      0.135011    0.000202    5.326400 ^ _15_/A_N (sky130_fd_sc_hd__nand2b_4)
     9    0.035938    0.124171    0.208113    5.534513 ^ _15_/Y (sky130_fd_sc_hd__nand2b_4)
                                                         _03_ (net)
                      0.124172    0.000322    5.534834 ^ _18_/S (sky130_fd_sc_hd__mux2_1)
     1    0.002074    0.052586    0.323178    5.858013 v _18_/X (sky130_fd_sc_hd__mux2_1)
                                                         net27 (net)
                      0.052586    0.000005    5.858018 v output27/A (sky130_fd_sc_hd__buf_2)
     1    0.034344    0.089412    0.183880    6.041898 v output27/X (sky130_fd_sc_hd__buf_2)
                                                         ImmExt[8] (net)
                      0.089412    0.000198    6.042096 v ImmExt[8] (out)
                                              6.042096   data arrival time

                      0.000000   25.000000   25.000000   clock __VIRTUAL_CLK__ (rise edge)
                                  0.000000   25.000000   clock network delay (ideal)
                                 -0.250000   24.750000   clock uncertainty
                                  0.000000   24.750000   clock reconvergence pessimism
                                 -5.000000   19.750000   output external delay
                                             19.750000   data required time
---------------------------------------------------------------------------------------------
                                             19.750000   data required time
                                             -6.042096   data arrival time
---------------------------------------------------------------------------------------------
                                             13.707904   slack (MET)


Startpoint: ImmSrc[0] (input port clocked by __VIRTUAL_CLK__)
Endpoint: ImmExt[10] (output port clocked by __VIRTUAL_CLK__)
Path Group: __VIRTUAL_CLK__
Path Type: max

Fanout         Cap        Slew       Delay        Time   Description
---------------------------------------------------------------------------------------------
                      0.000000    0.000000    0.000000   clock __VIRTUAL_CLK__ (rise edge)
                                  0.000000    0.000000   clock network delay (ideal)
                                  5.000000    5.000000 ^ input external delay
     1    0.002648    0.019761    0.009762    5.009762 ^ ImmSrc[0] (in)
                                                         ImmSrc[0] (net)
                      0.019761    0.000000    5.009762 ^ input1/A (sky130_fd_sc_hd__buf_1)
     3    0.008734    0.110274    0.119095    5.128857 ^ input1/X (sky130_fd_sc_hd__buf_1)
                                                         net1 (net)
                      0.110274    0.000051    5.128908 ^ fanout31/A (sky130_fd_sc_hd__buf_2)
    10    0.026678    0.135011    0.197291    5.326198 ^ fanout31/X (sky130_fd_sc_hd__buf_2)
                                                         net31 (net)
                      0.135011    0.000202    5.326400 ^ _15_/A_N (sky130_fd_sc_hd__nand2b_4)
     9    0.035938    0.124171    0.208113    5.534513 ^ _15_/Y (sky130_fd_sc_hd__nand2b_4)
                                                         _03_ (net)
                      0.124171    0.000168    5.534680 ^ _20_/S (sky130_fd_sc_hd__mux2_1)
     1    0.002110    0.052796    0.323523    5.858204 v _20_/X (sky130_fd_sc_hd__mux2_1)
                                                         net14 (net)
                      0.052796    0.000004    5.858208 v output14/A (sky130_fd_sc_hd__buf_2)
     1    0.034075    0.088786    0.183547    6.041756 v output14/X (sky130_fd_sc_hd__buf_2)
                                                         ImmExt[10] (net)
                      0.088786    0.000099    6.041855 v ImmExt[10] (out)
                                              6.041855   data arrival time

                      0.000000   25.000000   25.000000   clock __VIRTUAL_CLK__ (rise edge)
                                  0.000000   25.000000   clock network delay (ideal)
                                 -0.250000   24.750000   clock uncertainty
                                  0.000000   24.750000   clock reconvergence pessimism
                                 -5.000000   19.750000   output external delay
                                             19.750000   data required time
---------------------------------------------------------------------------------------------
                                             19.750000   data required time
                                             -6.041855   data arrival time
---------------------------------------------------------------------------------------------
                                             13.708144   slack (MET)


Startpoint: ImmSrc[0] (input port clocked by __VIRTUAL_CLK__)
Endpoint: ImmExt[12] (output port clocked by __VIRTUAL_CLK__)
Path Group: __VIRTUAL_CLK__
Path Type: max

Fanout         Cap        Slew       Delay        Time   Description
---------------------------------------------------------------------------------------------
                      0.000000    0.000000    0.000000   clock __VIRTUAL_CLK__ (rise edge)
                                  0.000000    0.000000   clock network delay (ideal)
                                  5.000000    5.000000 ^ input external delay
     1    0.002648    0.019761    0.009762    5.009762 ^ ImmSrc[0] (in)
                                                         ImmSrc[0] (net)
                      0.019761    0.000000    5.009762 ^ input1/A (sky130_fd_sc_hd__buf_1)
     3    0.008734    0.110274    0.119095    5.128857 ^ input1/X (sky130_fd_sc_hd__buf_1)
                                                         net1 (net)
                      0.110274    0.000051    5.128908 ^ fanout31/A (sky130_fd_sc_hd__buf_2)
    10    0.026678    0.135011    0.197291    5.326198 ^ fanout31/X (sky130_fd_sc_hd__buf_2)
                                                         net31 (net)
                      0.135011    0.000202    5.326400 ^ _15_/A_N (sky130_fd_sc_hd__nand2b_4)
     9    0.035938    0.124171    0.208113    5.534513 ^ _15_/Y (sky130_fd_sc_hd__nand2b_4)
                                                         _03_ (net)
                      0.124173    0.000355    5.534867 ^ _22_/S (sky130_fd_sc_hd__mux2_1)
     1    0.001885    0.051500    0.321400    5.856267 v _22_/X (sky130_fd_sc_hd__mux2_1)
                                                         net16 (net)
                      0.051500    0.000003    5.856270 v output16/A (sky130_fd_sc_hd__buf_2)
     1    0.034344    0.089419    0.183413    6.039684 v output16/X (sky130_fd_sc_hd__buf_2)
                                                         ImmExt[12] (net)
                      0.089419    0.000198    6.039881 v ImmExt[12] (out)
                                              6.039881   data arrival time

                      0.000000   25.000000   25.000000   clock __VIRTUAL_CLK__ (rise edge)
                                  0.000000   25.000000   clock network delay (ideal)
                                 -0.250000   24.750000   clock uncertainty
                                  0.000000   24.750000   clock reconvergence pessimism
                                 -5.000000   19.750000   output external delay
                                             19.750000   data required time
---------------------------------------------------------------------------------------------
                                             19.750000   data required time
                                             -6.039881   data arrival time
---------------------------------------------------------------------------------------------
                                             13.710118   slack (MET)


Startpoint: instr[15] (input port clocked by __VIRTUAL_CLK__)
Endpoint: ImmExt[2] (output port clocked by __VIRTUAL_CLK__)
Path Group: __VIRTUAL_CLK__
Path Type: max

Fanout         Cap        Slew       Delay        Time   Description
---------------------------------------------------------------------------------------------
                      0.000000    0.000000    0.000000   clock __VIRTUAL_CLK__ (rise edge)
                                  0.000000    0.000000   clock network delay (ideal)
                                  5.000000    5.000000 ^ input external delay
     1    0.002676    0.019888    0.009861    5.009861 ^ instr[15] (in)
                                                         instr[15] (net)
                      0.019888    0.000000    5.009861 ^ input8/A (sky130_fd_sc_hd__clkbuf_1)
     2    0.005463    0.075925    0.093172    5.103033 ^ input8/X (sky130_fd_sc_hd__clkbuf_1)
                                                         net8 (net)
                      0.075925    0.000017    5.103050 ^ fanout30/A (sky130_fd_sc_hd__buf_2)
    10    0.027216    0.137360    0.186384    5.289433 ^ fanout30/X (sky130_fd_sc_hd__buf_2)
                                                         net30 (net)
                      0.137360    0.000123    5.289556 ^ _10_/C_N (sky130_fd_sc_hd__nor3b_1)
     2    0.005273    0.230386    0.246810    5.536366 ^ _10_/Y (sky130_fd_sc_hd__nor3b_1)
                                                         _02_ (net)
                      0.230386    0.000003    5.536368 ^ max_cap29/A (sky130_fd_sc_hd__buf_1)
     3    0.009012    0.116992    0.167228    5.703597 ^ max_cap29/X (sky130_fd_sc_hd__buf_1)
                                                         net29 (net)
                      0.116992    0.000028    5.703625 ^ _11_/B1 (sky130_fd_sc_hd__a21o_1)
     1    0.003012    0.039684    0.096921    5.800547 ^ _11_/X (sky130_fd_sc_hd__a21o_1)
                                                         net21 (net)
                      0.039684    0.000012    5.800559 ^ output21/A (sky130_fd_sc_hd__buf_2)
     1    0.034058    0.169127    0.195628    5.996186 ^ output21/X (sky130_fd_sc_hd__buf_2)
                                                         ImmExt[2] (net)
                      0.169127    0.000099    5.996284 ^ ImmExt[2] (out)
                                              5.996284   data arrival time

                      0.000000   25.000000   25.000000   clock __VIRTUAL_CLK__ (rise edge)
                                  0.000000   25.000000   clock network delay (ideal)
                                 -0.250000   24.750000   clock uncertainty
                                  0.000000   24.750000   clock reconvergence pessimism
                                 -5.000000   19.750000   output external delay
                                             19.750000   data required time
---------------------------------------------------------------------------------------------
                                             19.750000   data required time
                                             -5.996284   data arrival time
---------------------------------------------------------------------------------------------
                                             13.753715   slack (MET)


Startpoint: instr[15] (input port clocked by __VIRTUAL_CLK__)
Endpoint: ImmExt[3] (output port clocked by __VIRTUAL_CLK__)
Path Group: __VIRTUAL_CLK__
Path Type: max

Fanout         Cap        Slew       Delay        Time   Description
---------------------------------------------------------------------------------------------
                      0.000000    0.000000    0.000000   clock __VIRTUAL_CLK__ (rise edge)
                                  0.000000    0.000000   clock network delay (ideal)
                                  5.000000    5.000000 ^ input external delay
     1    0.002676    0.019888    0.009861    5.009861 ^ instr[15] (in)
                                                         instr[15] (net)
                      0.019888    0.000000    5.009861 ^ input8/A (sky130_fd_sc_hd__clkbuf_1)
     2    0.005463    0.075925    0.093172    5.103033 ^ input8/X (sky130_fd_sc_hd__clkbuf_1)
                                                         net8 (net)
                      0.075925    0.000017    5.103050 ^ fanout30/A (sky130_fd_sc_hd__buf_2)
    10    0.027216    0.137360    0.186384    5.289433 ^ fanout30/X (sky130_fd_sc_hd__buf_2)
                                                         net30 (net)
                      0.137360    0.000123    5.289556 ^ _10_/C_N (sky130_fd_sc_hd__nor3b_1)
     2    0.005273    0.230386    0.246810    5.536366 ^ _10_/Y (sky130_fd_sc_hd__nor3b_1)
                                                         _02_ (net)
                      0.230386    0.000003    5.536368 ^ max_cap29/A (sky130_fd_sc_hd__buf_1)
     3    0.009012    0.116992    0.167228    5.703597 ^ max_cap29/X (sky130_fd_sc_hd__buf_1)
                                                         net29 (net)
                      0.116992    0.000031    5.703628 ^ _12_/B1 (sky130_fd_sc_hd__a21o_1)
     1    0.002954    0.039255    0.096550    5.800178 ^ _12_/X (sky130_fd_sc_hd__a21o_1)
                                                         net22 (net)
                      0.039255    0.000012    5.800190 ^ output22/A (sky130_fd_sc_hd__buf_2)
     1    0.033989    0.168802    0.195245    5.995435 ^ output22/X (sky130_fd_sc_hd__buf_2)
                                                         ImmExt[3] (net)
                      0.168802    0.000083    5.995518 ^ ImmExt[3] (out)
                                              5.995518   data arrival time

                      0.000000   25.000000   25.000000   clock __VIRTUAL_CLK__ (rise edge)
                                  0.000000   25.000000   clock network delay (ideal)
                                 -0.250000   24.750000   clock uncertainty
                                  0.000000   24.750000   clock reconvergence pessimism
                                 -5.000000   19.750000   output external delay
                                             19.750000   data required time
---------------------------------------------------------------------------------------------
                                             19.750000   data required time
                                             -5.995518   data arrival time
---------------------------------------------------------------------------------------------
                                             13.754481   slack (MET)


Startpoint: instr[15] (input port clocked by __VIRTUAL_CLK__)
Endpoint: ImmExt[5] (output port clocked by __VIRTUAL_CLK__)
Path Group: __VIRTUAL_CLK__
Path Type: max

Fanout         Cap        Slew       Delay        Time   Description
---------------------------------------------------------------------------------------------
                      0.000000    0.000000    0.000000   clock __VIRTUAL_CLK__ (rise edge)
                                  0.000000    0.000000   clock network delay (ideal)
                                  5.000000    5.000000 ^ input external delay
     1    0.002676    0.019888    0.009861    5.009861 ^ instr[15] (in)
                                                         instr[15] (net)
                      0.019888    0.000000    5.009861 ^ input8/A (sky130_fd_sc_hd__clkbuf_1)
     2    0.005463    0.075925    0.093172    5.103033 ^ input8/X (sky130_fd_sc_hd__clkbuf_1)
                                                         net8 (net)
                      0.075925    0.000017    5.103050 ^ fanout30/A (sky130_fd_sc_hd__buf_2)
    10    0.027216    0.137360    0.186384    5.289433 ^ fanout30/X (sky130_fd_sc_hd__buf_2)
                                                         net30 (net)
                      0.137360    0.000123    5.289556 ^ _10_/C_N (sky130_fd_sc_hd__nor3b_1)
     2    0.005273    0.230386    0.246810    5.536366 ^ _10_/Y (sky130_fd_sc_hd__nor3b_1)
                                                         _02_ (net)
                      0.230386    0.000003    5.536368 ^ max_cap29/A (sky130_fd_sc_hd__buf_1)
     3    0.009012    0.116992    0.167228    5.703597 ^ max_cap29/X (sky130_fd_sc_hd__buf_1)
                                                         net29 (net)
                      0.116992    0.000016    5.703613 ^ _14_/B1 (sky130_fd_sc_hd__a21o_1)
     1    0.002656    0.038353    0.094633    5.798246 ^ _14_/X (sky130_fd_sc_hd__a21o_1)
                                                         net24 (net)
                      0.038353    0.000008    5.798254 ^ output24/A (sky130_fd_sc_hd__buf_2)
     1    0.033953    0.171179    0.194841    5.993094 ^ output24/X (sky130_fd_sc_hd__buf_2)
                                                         ImmExt[5] (net)
                      0.171179    0.000075    5.993169 ^ ImmExt[5] (out)
                                              5.993169   data arrival time

                      0.000000   25.000000   25.000000   clock __VIRTUAL_CLK__ (rise edge)
                                  0.000000   25.000000   clock network delay (ideal)
                                 -0.250000   24.750000   clock uncertainty
                                  0.000000   24.750000   clock reconvergence pessimism
                                 -5.000000   19.750000   output external delay
                                             19.750000   data required time
---------------------------------------------------------------------------------------------
                                             19.750000   data required time
                                             -5.993169   data arrival time
---------------------------------------------------------------------------------------------
                                             13.756831   slack (MET)


Startpoint: ImmSrc[0] (input port clocked by __VIRTUAL_CLK__)
Endpoint: ImmExt[1] (output port clocked by __VIRTUAL_CLK__)
Path Group: __VIRTUAL_CLK__
Path Type: max

Fanout         Cap        Slew       Delay        Time   Description
---------------------------------------------------------------------------------------------
                      0.000000    0.000000    0.000000   clock __VIRTUAL_CLK__ (rise edge)
                                  0.000000    0.000000   clock network delay (ideal)
                                  5.000000    5.000000 v input external delay
     1    0.002472    0.007875    0.003859    5.003859 v ImmSrc[0] (in)
                                                         ImmSrc[0] (net)
                      0.007875    0.000000    5.003859 v input1/A (sky130_fd_sc_hd__buf_1)
     3    0.008323    0.055177    0.097601    5.101460 v input1/X (sky130_fd_sc_hd__buf_1)
                                                         net1 (net)
                      0.055177    0.000048    5.101508 v fanout31/A (sky130_fd_sc_hd__buf_2)
    10    0.024865    0.069240    0.167366    5.268874 v fanout31/X (sky130_fd_sc_hd__buf_2)
                                                         net31 (net)
                      0.069240    0.000145    5.269019 v _08_/B (sky130_fd_sc_hd__or3b_1)
     1    0.001951    0.061134    0.340337    5.609356 v _08_/X (sky130_fd_sc_hd__or3b_1)
                                                         _01_ (net)
                      0.061134    0.000003    5.609359 v _09_/B1_N (sky130_fd_sc_hd__a21bo_1)
     1    0.002815    0.038376    0.175975    5.785334 ^ _09_/X (sky130_fd_sc_hd__a21bo_1)
                                                         net20 (net)
                      0.038376    0.000010    5.785344 ^ output20/A (sky130_fd_sc_hd__buf_2)
     1    0.033987    0.168787    0.194905    5.980249 ^ output20/X (sky130_fd_sc_hd__buf_2)
                                                         ImmExt[1] (net)
                      0.168787    0.000079    5.980329 ^ ImmExt[1] (out)
                                              5.980329   data arrival time

                      0.000000   25.000000   25.000000   clock __VIRTUAL_CLK__ (rise edge)
                                  0.000000   25.000000   clock network delay (ideal)
                                 -0.250000   24.750000   clock uncertainty
                                  0.000000   24.750000   clock reconvergence pessimism
                                 -5.000000   19.750000   output external delay
                                             19.750000   data required time
---------------------------------------------------------------------------------------------
                                             19.750000   data required time
                                             -5.980329   data arrival time
---------------------------------------------------------------------------------------------
                                             13.769671   slack (MET)


Startpoint: ImmSrc[0] (input port clocked by __VIRTUAL_CLK__)
Endpoint: ImmExt[0] (output port clocked by __VIRTUAL_CLK__)
Path Group: __VIRTUAL_CLK__
Path Type: max

Fanout         Cap        Slew       Delay        Time   Description
---------------------------------------------------------------------------------------------
                      0.000000    0.000000    0.000000   clock __VIRTUAL_CLK__ (rise edge)
                                  0.000000    0.000000   clock network delay (ideal)
                                  5.000000    5.000000 v input external delay
     1    0.002472    0.007875    0.003859    5.003859 v ImmSrc[0] (in)
                                                         ImmSrc[0] (net)
                      0.007875    0.000000    5.003859 v input1/A (sky130_fd_sc_hd__buf_1)
     3    0.008323    0.055177    0.097601    5.101460 v input1/X (sky130_fd_sc_hd__buf_1)
                                                         net1 (net)
                      0.055177    0.000048    5.101508 v fanout31/A (sky130_fd_sc_hd__buf_2)
    10    0.024865    0.069240    0.167366    5.268874 v fanout31/X (sky130_fd_sc_hd__buf_2)
                                                         net31 (net)
                      0.069240    0.000027    5.268900 v _06_/B (sky130_fd_sc_hd__or3b_1)
     1    0.001713    0.059420    0.337750    5.606651 v _06_/X (sky130_fd_sc_hd__or3b_1)
                                                         _00_ (net)
                      0.059420    0.000000    5.606651 v _07_/B1_N (sky130_fd_sc_hd__a21bo_1)
     1    0.002710    0.036302    0.174539    5.781190 ^ _07_/X (sky130_fd_sc_hd__a21bo_1)
                                                         net13 (net)
                      0.036302    0.000013    5.781203 ^ output13/A (sky130_fd_sc_hd__buf_2)
     1    0.034324    0.170377    0.195146    5.976349 ^ output13/X (sky130_fd_sc_hd__buf_2)
                                                         ImmExt[0] (net)
                      0.170377    0.000197    5.976547 ^ ImmExt[0] (out)
                                              5.976547   data arrival time

                      0.000000   25.000000   25.000000   clock __VIRTUAL_CLK__ (rise edge)
                                  0.000000   25.000000   clock network delay (ideal)
                                 -0.250000   24.750000   clock uncertainty
                                  0.000000   24.750000   clock reconvergence pessimism
                                 -5.000000   19.750000   output external delay
                                             19.750000   data required time
---------------------------------------------------------------------------------------------
                                             19.750000   data required time
                                             -5.976547   data arrival time
---------------------------------------------------------------------------------------------
                                             13.773453   slack (MET)


Startpoint: ImmSrc[0] (input port clocked by __VIRTUAL_CLK__)
Endpoint: ImmExt[14] (output port clocked by __VIRTUAL_CLK__)
Path Group: __VIRTUAL_CLK__
Path Type: max

Fanout         Cap        Slew       Delay        Time   Description
---------------------------------------------------------------------------------------------
                      0.000000    0.000000    0.000000   clock __VIRTUAL_CLK__ (rise edge)
                                  0.000000    0.000000   clock network delay (ideal)
                                  5.000000    5.000000 ^ input external delay
     1    0.002648    0.019761    0.009762    5.009762 ^ ImmSrc[0] (in)
                                                         ImmSrc[0] (net)
                      0.019761    0.000000    5.009762 ^ input1/A (sky130_fd_sc_hd__buf_1)
     3    0.008734    0.110274    0.119095    5.128857 ^ input1/X (sky130_fd_sc_hd__buf_1)
                                                         net1 (net)
                      0.110274    0.000051    5.128908 ^ fanout31/A (sky130_fd_sc_hd__buf_2)
    10    0.026678    0.135011    0.197291    5.326198 ^ fanout31/X (sky130_fd_sc_hd__buf_2)
                                                         net31 (net)
                      0.135011    0.000202    5.326400 ^ _15_/A_N (sky130_fd_sc_hd__nand2b_4)
     9    0.035938    0.124171    0.208113    5.534513 ^ _15_/Y (sky130_fd_sc_hd__nand2b_4)
                                                         _03_ (net)
                      0.124171    0.000117    5.534629 ^ _26_/A2 (sky130_fd_sc_hd__a21o_1)
     1    0.002785    0.038029    0.126317    5.660946 ^ _26_/X (sky130_fd_sc_hd__a21o_1)
                                                         net18 (net)
                      0.038029    0.000011    5.660957 ^ output18/A (sky130_fd_sc_hd__buf_2)
     1    0.034022    0.168954    0.194885    5.855841 ^ output18/X (sky130_fd_sc_hd__buf_2)
                                                         ImmExt[14] (net)
                      0.168954    0.000087    5.855929 ^ ImmExt[14] (out)
                                              5.855929   data arrival time

                      0.000000   25.000000   25.000000   clock __VIRTUAL_CLK__ (rise edge)
                                  0.000000   25.000000   clock network delay (ideal)
                                 -0.250000   24.750000   clock uncertainty
                                  0.000000   24.750000   clock reconvergence pessimism
                                 -5.000000   19.750000   output external delay
                                             19.750000   data required time
---------------------------------------------------------------------------------------------
                                             19.750000   data required time
                                             -5.855929   data arrival time
---------------------------------------------------------------------------------------------
                                             13.894071   slack (MET)


Startpoint: ImmSrc[0] (input port clocked by __VIRTUAL_CLK__)
Endpoint: ImmExt[13] (output port clocked by __VIRTUAL_CLK__)
Path Group: __VIRTUAL_CLK__
Path Type: max

Fanout         Cap        Slew       Delay        Time   Description
---------------------------------------------------------------------------------------------
                      0.000000    0.000000    0.000000   clock __VIRTUAL_CLK__ (rise edge)
                                  0.000000    0.000000   clock network delay (ideal)
                                  5.000000    5.000000 ^ input external delay
     1    0.002648    0.019761    0.009762    5.009762 ^ ImmSrc[0] (in)
                                                         ImmSrc[0] (net)
                      0.019761    0.000000    5.009762 ^ input1/A (sky130_fd_sc_hd__buf_1)
     3    0.008734    0.110274    0.119095    5.128857 ^ input1/X (sky130_fd_sc_hd__buf_1)
                                                         net1 (net)
                      0.110274    0.000051    5.128908 ^ fanout31/A (sky130_fd_sc_hd__buf_2)
    10    0.026678    0.135011    0.197291    5.326198 ^ fanout31/X (sky130_fd_sc_hd__buf_2)
                                                         net31 (net)
                      0.135011    0.000202    5.326400 ^ _15_/A_N (sky130_fd_sc_hd__nand2b_4)
     9    0.035938    0.124171    0.208113    5.534513 ^ _15_/Y (sky130_fd_sc_hd__nand2b_4)
                                                         _03_ (net)
                      0.124171    0.000043    5.534555 ^ _24_/A2 (sky130_fd_sc_hd__a21o_1)
     1    0.002631    0.036889    0.125255    5.659811 ^ _24_/X (sky130_fd_sc_hd__a21o_1)
                                                         net17 (net)
                      0.036889    0.000012    5.659823 ^ output17/A (sky130_fd_sc_hd__buf_2)
     1    0.034324    0.170376    0.195371    5.855195 ^ output17/X (sky130_fd_sc_hd__buf_2)
                                                         ImmExt[13] (net)
                      0.170376    0.000197    5.855392 ^ ImmExt[13] (out)
                                              5.855392   data arrival time

                      0.000000   25.000000   25.000000   clock __VIRTUAL_CLK__ (rise edge)
                                  0.000000   25.000000   clock network delay (ideal)
                                 -0.250000   24.750000   clock uncertainty
                                  0.000000   24.750000   clock reconvergence pessimism
                                 -5.000000   19.750000   output external delay
                                             19.750000   data required time
---------------------------------------------------------------------------------------------
                                             19.750000   data required time
                                             -5.855392   data arrival time
---------------------------------------------------------------------------------------------
                                             13.894608   slack (MET)


Startpoint: instr[15] (input port clocked by __VIRTUAL_CLK__)
Endpoint: ImmExt[4] (output port clocked by __VIRTUAL_CLK__)
Path Group: __VIRTUAL_CLK__
Path Type: max

Fanout         Cap        Slew       Delay        Time   Description
---------------------------------------------------------------------------------------------
                      0.000000    0.000000    0.000000   clock __VIRTUAL_CLK__ (rise edge)
                                  0.000000    0.000000   clock network delay (ideal)
                                  5.000000    5.000000 ^ input external delay
     1    0.002676    0.019888    0.009861    5.009861 ^ instr[15] (in)
                                                         instr[15] (net)
                      0.019888    0.000000    5.009861 ^ input8/A (sky130_fd_sc_hd__clkbuf_1)
     2    0.005463    0.075925    0.093172    5.103033 ^ input8/X (sky130_fd_sc_hd__clkbuf_1)
                                                         net8 (net)
                      0.075925    0.000017    5.103050 ^ fanout30/A (sky130_fd_sc_hd__buf_2)
    10    0.027216    0.137360    0.186384    5.289433 ^ fanout30/X (sky130_fd_sc_hd__buf_2)
                                                         net30 (net)
                      0.137360    0.000123    5.289556 ^ _10_/C_N (sky130_fd_sc_hd__nor3b_1)
     2    0.005273    0.230386    0.246810    5.536366 ^ _10_/Y (sky130_fd_sc_hd__nor3b_1)
                                                         _02_ (net)
                      0.230386    0.000005    5.536371 ^ _13_/B1 (sky130_fd_sc_hd__a21o_1)
     1    0.002915    0.039526    0.113467    5.649838 ^ _13_/X (sky130_fd_sc_hd__a21o_1)
                                                         net23 (net)
                      0.039526    0.000012    5.649850 ^ output23/A (sky130_fd_sc_hd__buf_2)
     1    0.034041    0.169048    0.195513    5.845364 ^ output23/X (sky130_fd_sc_hd__buf_2)
                                                         ImmExt[4] (net)
                      0.169048    0.000095    5.845458 ^ ImmExt[4] (out)
                                              5.845458   data arrival time

                      0.000000   25.000000   25.000000   clock __VIRTUAL_CLK__ (rise edge)
                                  0.000000   25.000000   clock network delay (ideal)
                                 -0.250000   24.750000   clock uncertainty
                                  0.000000   24.750000   clock reconvergence pessimism
                                 -5.000000   19.750000   output external delay
                                             19.750000   data required time
---------------------------------------------------------------------------------------------
                                             19.750000   data required time
                                             -5.845458   data arrival time
---------------------------------------------------------------------------------------------
                                             13.904542   slack (MET)


Startpoint: instr[15] (input port clocked by __VIRTUAL_CLK__)
Endpoint: ImmExt[15] (output port clocked by __VIRTUAL_CLK__)
Path Group: __VIRTUAL_CLK__
Path Type: max

Fanout         Cap        Slew       Delay        Time   Description
---------------------------------------------------------------------------------------------
                      0.000000    0.000000    0.000000   clock __VIRTUAL_CLK__ (rise edge)
                                  0.000000    0.000000   clock network delay (ideal)
                                  5.000000    5.000000 ^ input external delay
     1    0.002676    0.019888    0.009861    5.009861 ^ instr[15] (in)
                                                         instr[15] (net)
                      0.019888    0.000000    5.009861 ^ input8/A (sky130_fd_sc_hd__clkbuf_1)
     2    0.005463    0.075925    0.093172    5.103033 ^ input8/X (sky130_fd_sc_hd__clkbuf_1)
                                                         net8 (net)
                      0.075925    0.000007    5.103039 ^ _27_/A (sky130_fd_sc_hd__clkbuf_1)
     1    0.001891    0.035860    0.081883    5.184922 ^ _27_/X (sky130_fd_sc_hd__clkbuf_1)
                                                         net19 (net)
                      0.035860    0.000000    5.184923 ^ output19/A (sky130_fd_sc_hd__buf_2)
     1    0.034039    0.169038    0.194107    5.379030 ^ output19/X (sky130_fd_sc_hd__buf_2)
                                                         ImmExt[15] (net)
                      0.169038    0.000091    5.379121 ^ ImmExt[15] (out)
                                              5.379121   data arrival time

                      0.000000   25.000000   25.000000   clock __VIRTUAL_CLK__ (rise edge)
                                  0.000000   25.000000   clock network delay (ideal)
                                 -0.250000   24.750000   clock uncertainty
                                  0.000000   24.750000   clock reconvergence pessimism
                                 -5.000000   19.750000   output external delay
                                             19.750000   data required time
---------------------------------------------------------------------------------------------
                                             19.750000   data required time
                                             -5.379121   data arrival time
---------------------------------------------------------------------------------------------
                                             14.370878   slack (MET)



